
--- stderr ---
                :-) GROMACS - gmx mdrun, 2024.5-conda_forge (-:

Executable:   /usr/local/Caskroom/miniforge/base/envs/gromacs_env/bin.AVX2_256/gmx
Data prefix:  /usr/local/Caskroom/miniforge/base/envs/gromacs_env
Working dir:  /Users/laetitiaguerin/Library/CloudStorage/OneDrive-Personal/Documents/BSc_Nanobiology/Year_5/BEP/Energy_minimization/tleap_runs/O52681_V128F
Command line:
  gmx mdrun -v -deffnm O52681_V128F_minim

The current CPU can measure timings more accurately than the code in
gmx mdrun was configured to use. This might affect your simulation
speed as accurate timings are needed for load-balancing.
Please consider rebuilding gmx mdrun with the GMX_USE_RDTSCP=ON CMake option.
Reading file O52681_V128F_minim.tpr, VERSION 2024.5-conda_forge (single precision)

Using 1 MPI thread
Using 8 OpenMP threads 


Steepest Descents:
   Tolerance (Fmax)   =  1.00000e+03
   Number of steps    =        50000
Step=    0, Dmax= 1.0e-02 nm, Epot= -4.24910e+05 Fmax= 4.75398e+05, atom= 1937
Step=    1, Dmax= 1.0e-02 nm, Epot= -4.32658e+05 Fmax= 1.76821e+05, atom= 1377
Step=    2, Dmax= 1.2e-02 nm, Epot= -4.35453e+05 Fmax= 6.16028e+04, atom= 1377
Step=    3, Dmax= 1.4e-02 nm, Epot= -4.37646e+05 Fmax= 1.64391e+04, atom= 1377
Step=    4, Dmax= 1.7e-02 nm, Epot= -4.41693e+05 Fmax= 5.95549e+03, atom= 1374
Step=    5, Dmax= 2.1e-02 nm, Epot= -4.50733e+05 Fmax= 9.59908e+03, atom= 2012
Step=    6, Dmax= 2.5e-02 nm, Epot= -4.54953e+05 Fmax= 1.84351e+04, atom= 2012
Step=    7, Dmax= 3.0e-02 nm, Epot= -4.57514e+05 Fmax= 1.95402e+04, atom= 1932
Step=    8, Dmax= 3.6e-02 nm, Epot= -4.58767e+05 Fmax= 2.76329e+04, atom= 1932
Step=    9, Dmax= 4.3e-02 nm, Epot= -4.59937e+05 Fmax= 3.02090e+04, atom= 1932
Step=   10, Dmax= 5.2e-02 nm, Epot= -4.58835e+05 Fmax= 4.02777e+04, atom= 2006
Step=   11, Dmax= 2.6e-02 nm, Epot= -4.64294e+05 Fmax= 5.05536e+03, atom= 2006
Step=   12, Dmax= 3.1e-02 nm, Epot= -4.62835e+05 Fmax= 3.85732e+04, atom= 1334
Step=   13, Dmax= 1.5e-02 nm, Epot= -4.66306e+05 Fmax= 1.69985e+04, atom= 1334
Step=   14, Dmax= 1.9e-02 nm, Epot= -4.68392e+05 Fmax= 1.14960e+04, atom= 1334
Step=   15, Dmax= 2.2e-02 nm, Epot= -4.68871e+05 Fmax= 2.23825e+04, atom= 1334
Step=   16, Dmax= 2.7e-02 nm, Epot= -4.70640e+05 Fmax= 1.84882e+04, atom= 1334
Step=   17, Dmax= 3.2e-02 nm, Epot= -4.70344e+05 Fmax= 3.01678e+04, atom= 1334
Step=   18, Dmax= 1.6e-02 nm, Epot= -4.72358e+05 Fmax= 5.89987e+03, atom= 1334
Step=   19, Dmax= 1.9e-02 nm, Epot= -4.73435e+05 Fmax= 2.38076e+04, atom= 1334
Step=   20, Dmax= 2.3e-02 nm, Epot= -4.75310e+05 Fmax= 1.14125e+04, atom= 1334
Step=   21, Dmax= 2.8e-02 nm, Epot= -4.74788e+05 Fmax= 3.10674e+04, atom= 1334
Step=   22, Dmax= 1.4e-02 nm, Epot= -4.76224e+05 Fmax= 9.84014e+03, atom= 1334
Step=   23, Dmax= 1.7e-02 nm, Epot= -4.76949e+05 Fmax= 1.54435e+04, atom= 1334
Step=   24, Dmax= 2.0e-02 nm, Epot= -4.77776e+05 Fmax= 1.51214e+04, atom= 1334
Step=   25, Dmax= 2.4e-02 nm, Epot= -4.78139e+05 Fmax= 2.12901e+04, atom= 1334
Step=   26, Dmax= 2.9e-02 nm, Epot= -4.78765e+05 Fmax= 2.25510e+04, atom= 1334
Step=   27, Dmax= 3.5e-02 nm, Epot= -4.78637e+05 Fmax= 2.96756e+04, atom= 1334
Step=   28, Dmax= 1.7e-02 nm, Epot= -4.80394e+05 Fmax= 3.66954e+03, atom= 1334
Step=   29, Dmax= 2.1e-02 nm, Epot= -4.81361e+05 Fmax= 2.83959e+04, atom= 1334
Step=   30, Dmax= 2.5e-02 nm, Epot= -4.83462e+05 Fmax= 9.61172e+03, atom= 1334
Step=   31, Dmax= 3.0e-02 nm, Epot= -4.81993e+05 Fmax= 3.60437e+04, atom= 1334
Step=   32, Dmax= 1.5e-02 nm, Epot= -4.83950e+05 Fmax= 1.32545e+04, atom= 1334
Step=   33, Dmax= 1.8e-02 nm, Epot= -4.84469e+05 Fmax= 1.39839e+04, atom= 1334
Step=   34, Dmax= 2.1e-02 nm, Epot= -4.84733e+05 Fmax= 1.88515e+04, atom= 1334
Step=   35, Dmax= 2.6e-02 nm, Epot= -4.85131e+05 Fmax= 2.03001e+04, atom= 1334
Step=   36, Dmax= 3.1e-02 nm, Epot= -4.85012e+05 Fmax= 2.67580e+04, atom= 1334
Step=   37, Dmax= 1.5e-02 nm, Epot= -4.86348e+05 Fmax= 3.30439e+03, atom= 1334
Step=   38, Dmax= 1.9e-02 nm, Epot= -4.87045e+05 Fmax= 2.47477e+04, atom= 1334
Step=   39, Dmax= 2.2e-02 nm, Epot= -4.88529e+05 Fmax= 9.37608e+03, atom= 1334
Step=   40, Dmax= 2.7e-02 nm, Epot= -4.87486e+05 Fmax= 3.12121e+04, atom= 1334
Step=   41, Dmax= 1.3e-02 nm, Epot= -4.88920e+05 Fmax= 1.09431e+04, atom= 1334
Step=   42, Dmax= 1.6e-02 nm, Epot= -4.89245e+05 Fmax= 1.36182e+04, atom= 1334
Step=   43, Dmax= 1.9e-02 nm, Epot= -4.89546e+05 Fmax= 1.56464e+04, atom= 1334
Step=   44, Dmax= 2.3e-02 nm, Epot= -4.89688e+05 Fmax= 1.96148e+04, atom= 1334
Step=   45, Dmax= 2.8e-02 nm, Epot= -4.89831e+05 Fmax= 2.24267e+04, atom= 1334
Step=   46, Dmax= 3.3e-02 nm, Epot= -4.89619e+05 Fmax= 2.80759e+04, atom= 1334
Step=   47, Dmax= 1.7e-02 nm, Epot= -4.91127e+05 Fmax= 2.93424e+03, atom= 1334
Step=   48, Dmax= 2.0e-02 nm, Epot= -4.91416e+05 Fmax= 2.71349e+04, atom= 1334
Step=   49, Dmax= 2.4e-02 nm, Epot= -4.93034e+05 Fmax= 9.59014e+03, atom= 1334
Step=   50, Dmax= 2.9e-02 nm, Epot= -4.91499e+05 Fmax= 3.40137e+04, atom= 1334
Step=   51, Dmax= 1.4e-02 nm, Epot= -4.93277e+05 Fmax= 1.22610e+04, atom= 1334
Step=   52, Dmax= 1.7e-02 nm, Epot= -4.93515e+05 Fmax= 1.41297e+04, atom= 1334
Step=   53, Dmax= 2.1e-02 nm, Epot= -4.93644e+05 Fmax= 1.73169e+04, atom= 1334
Step=   54, Dmax= 2.5e-02 nm, Epot= -4.93719e+05 Fmax= 2.05501e+04, atom= 1334
Step=   55, Dmax= 3.0e-02 nm, Epot= -4.93643e+05 Fmax= 2.45943e+04, atom= 1334
Step=   56, Dmax= 1.5e-02 nm, Epot= -4.94758e+05 Fmax= 2.10755e+03, atom= 1334
Step=   57, Dmax= 1.8e-02 nm, Epot= -4.95251e+05 Fmax= 2.56553e+04, atom= 1334
Step=   58, Dmax= 2.1e-02 nm, Epot= -4.96665e+05 Fmax= 7.22209e+03, atom= 1334
Step=   59, Dmax= 2.6e-02 nm, Epot= -4.95386e+05 Fmax= 3.21384e+04, atom= 1334
Step=   60, Dmax= 1.3e-02 nm, Epot= -4.96806e+05 Fmax= 1.25265e+04, atom= 1334
Step=   61, Dmax= 1.5e-02 nm, Epot= -4.97110e+05 Fmax= 1.10011e+04, atom= 1334
Step=   62, Dmax= 1.9e-02 nm, Epot= -4.97072e+05 Fmax= 1.73475e+04, atom= 1334
Step=   63, Dmax= 9.3e-03 nm, Epot= -4.97490e+05 Fmax= 3.18574e+03, atom= 1334
Step=   64, Dmax= 1.1e-02 nm, Epot= -4.97786e+05 Fmax= 1.36480e+04, atom= 1334
Step=   65, Dmax= 1.3e-02 nm, Epot= -4.98238e+05 Fmax= 6.77888e+03, atom= 1334
Step=   66, Dmax= 1.6e-02 nm, Epot= -4.98138e+05 Fmax= 1.75546e+04, atom= 1334
Step=   67, Dmax= 8.0e-03 nm, Epot= -4.98477e+05 Fmax= 5.39136e+03, atom= 1334
Step=   68, Dmax= 9.6e-03 nm, Epot= -4.98673e+05 Fmax= 9.36499e+03, atom= 1334
Step=   69, Dmax= 1.2e-02 nm, Epot= -4.98921e+05 Fmax= 8.18073e+03, atom= 1334
Step=   70, Dmax= 1.4e-02 nm, Epot= -4.99009e+05 Fmax= 1.30185e+04, atom= 1334
Step=   71, Dmax= 1.7e-02 nm, Epot= -4.99252e+05 Fmax= 1.22434e+04, atom= 1334
Step=   72, Dmax= 2.0e-02 nm, Epot= -4.99170e+05 Fmax= 1.81990e+04, atom= 1334
Step=   73, Dmax= 1.0e-02 nm, Epot= -4.99658e+05 Fmax= 2.99514e+03, atom= 1334
Step=   74, Dmax= 1.2e-02 nm, Epot= -4.99875e+05 Fmax= 1.50686e+04, atom= 1334
Step=   75, Dmax= 1.4e-02 nm, Epot= -5.00366e+05 Fmax= 6.88545e+03, atom= 1334
Step=   76, Dmax= 1.7e-02 nm, Epot= -5.00127e+05 Fmax= 1.92605e+04, atom= 1334
Step=   77, Dmax= 8.6e-03 nm, Epot= -5.00572e+05 Fmax= 6.19170e+03, atom= 1334
Step=   78, Dmax= 1.0e-02 nm, Epot= -5.00720e+05 Fmax= 9.65866e+03, atom= 1334
Step=   79, Dmax= 1.2e-02 nm, Epot= -5.00924e+05 Fmax= 9.19566e+03, atom= 1334
Step=   80, Dmax= 1.5e-02 nm, Epot= -5.00973e+05 Fmax= 1.35763e+04, atom= 1334
Step=   81, Dmax= 1.8e-02 nm, Epot= -5.01158e+05 Fmax= 1.35665e+04, atom= 1334
Step=   82, Dmax= 2.1e-02 nm, Epot= -5.01038e+05 Fmax= 1.91294e+04, atom= 1334
Step=   83, Dmax= 1.1e-02 nm, Epot= -5.01606e+05 Fmax= 2.80426e+03, atom= 1334
Step=   84, Dmax= 1.3e-02 nm, Epot= -5.01736e+05 Fmax= 1.65941e+04, atom= 1334
Step=   85, Dmax= 1.5e-02 nm, Epot= -5.02291e+05 Fmax= 7.00274e+03, atom= 1334
Step=   86, Dmax= 1.8e-02 nm, Epot= -5.01890e+05 Fmax= 2.10975e+04, atom= 1334
Step=   87, Dmax= 9.2e-03 nm, Epot= -5.02464e+05 Fmax= 7.05329e+03, atom= 1334
Step=   88, Dmax= 1.1e-02 nm, Epot= -5.02579e+05 Fmax= 9.97095e+03, atom= 1334
Step=   89, Dmax= 1.3e-02 nm, Epot= -5.02737e+05 Fmax= 1.02920e+04, atom= 1334
Step=   90, Dmax= 1.6e-02 nm, Epot= -5.02760e+05 Fmax= 1.41678e+04, atom= 1334
Step=   91, Dmax= 1.9e-02 nm, Epot= -5.02879e+05 Fmax= 1.49963e+04, atom= 1334
Step=   92, Dmax= 2.3e-02 nm, Epot= -5.02729e+05 Fmax= 2.01166e+04, atom= 1334
Step=   93, Dmax= 1.1e-02 nm, Epot= -5.03391e+05 Fmax= 2.59100e+03, atom= 1334
Step=   94, Dmax= 1.4e-02 nm, Epot= -5.03423e+05 Fmax= 1.82395e+04, atom= 1334
Step=   95, Dmax= 1.7e-02 nm, Epot= -5.04069e+05 Fmax= 7.12767e+03, atom= 1334
Step=   96, Dmax= 2.0e-02 nm, Epot= -5.03473e+05 Fmax= 2.30739e+04, atom= 1334
Step=   97, Dmax= 9.9e-03 nm, Epot= -5.04207e+05 Fmax= 7.98230e+03, atom= 1334
Step=   98, Dmax= 1.2e-02 nm, Epot= -5.04301e+05 Fmax= 1.03048e+04, atom= 1334
Step=   99, Dmax= 1.4e-02 nm, Epot= -5.04409e+05 Fmax= 1.14727e+04, atom= 1334
Step=  100, Dmax= 1.7e-02 nm, Epot= -5.04413e+05 Fmax= 1.48009e+04, atom= 1334
Step=  101, Dmax= 2.1e-02 nm, Epot= -5.04457e+05 Fmax= 1.65333e+04, atom= 1334
Step=  102, Dmax= 2.5e-02 nm, Epot= -5.04282e+05 Fmax= 2.11729e+04, atom= 1334
Step=  103, Dmax= 1.2e-02 nm, Epot= -5.05059e+05 Fmax= 2.36159e+03, atom= 1334
Step=  104, Dmax= 1.5e-02 nm, Epot= -5.04972e+05 Fmax= 1.99981e+04, atom= 1334
Step=  105, Dmax= 7.4e-03 nm, Epot= -5.05263e+05 Fmax= 8.77877e+03, atom= 1334
Step=  106, Dmax= 8.9e-03 nm, Epot= -5.05478e+05 Fmax= 4.86920e+03, atom= 1334
Step=  107, Dmax= 1.1e-02 nm, Epot= -5.05503e+05 Fmax= 1.13450e+04, atom= 1334
Step=  108, Dmax= 1.3e-02 nm, Epot= -5.05741e+05 Fmax= 8.28683e+03, atom= 1334
Step=  109, Dmax= 1.5e-02 nm, Epot= -5.05614e+05 Fmax= 1.51036e+04, atom= 1334
Step=  110, Dmax= 7.7e-03 nm, Epot= -5.05950e+05 Fmax= 3.41323e+03, atom= 1334
Step=  111, Dmax= 9.2e-03 nm, Epot= -5.06020e+05 Fmax= 1.08191e+04, atom= 1334
Step=  112, Dmax= 1.1e-02 nm, Epot= -5.06282e+05 Fmax= 6.05207e+03, atom= 1334
Step=  113, Dmax= 1.3e-02 nm, Epot= -5.06165e+05 Fmax= 1.43516e+04, atom= 1334
Step=  114, Dmax= 6.6e-03 nm, Epot= -5.06432e+05 Fmax= 4.15220e+03, atom= 1334
Step=  115, Dmax= 8.0e-03 nm, Epot= -5.06530e+05 Fmax= 7.96359e+03, atom= 1744
Step=  116, Dmax= 9.6e-03 nm, Epot= -5.06686e+05 Fmax= 6.72038e+03, atom= 1744
Step=  117, Dmax= 1.1e-02 nm, Epot= -5.06710e+05 Fmax= 1.08901e+04, atom= 1744
Step=  118, Dmax= 1.4e-02 nm, Epot= -5.06861e+05 Fmax= 1.02501e+04, atom= 1744
Step=  119, Dmax= 1.7e-02 nm, Epot= -5.06783e+05 Fmax= 1.50751e+04, atom= 1744
Step=  120, Dmax= 8.3e-03 nm, Epot= -5.07130e+05 Fmax= 2.42717e+03, atom= 1744
Step=  121, Dmax= 9.9e-03 nm, Epot= -5.07225e+05 Fmax= 1.27879e+04, atom= 1744
Step=  122, Dmax= 1.2e-02 nm, Epot= -5.07560e+05 Fmax= 5.47200e+03, atom= 1744
Step=  123, Dmax= 1.4e-02 nm, Epot= -5.07367e+05 Fmax= 1.64645e+04, atom= 1744
Step=  124, Dmax= 7.1e-03 nm, Epot= -5.07680e+05 Fmax= 5.49309e+03, atom= 1744
Step=  125, Dmax= 8.6e-03 nm, Epot= -5.07772e+05 Fmax= 7.65825e+03, atom= 1744
Step=  126, Dmax= 1.0e-02 nm, Epot= -5.07882e+05 Fmax= 8.13709e+03, atom= 1744
Step=  127, Dmax= 1.2e-02 nm, Epot= -5.07932e+05 Fmax= 1.07886e+04, atom= 1744
Step=  128, Dmax= 1.5e-02 nm, Epot= -5.08011e+05 Fmax= 1.19461e+04, atom= 1744
Step=  129, Dmax= 1.8e-02 nm, Epot= -5.07991e+05 Fmax= 1.52685e+04, atom= 1744
Step=  130, Dmax= 8.9e-03 nm, Epot= -5.08315e+05 Fmax= 1.68181e+03, atom= 1744
Step=  131, Dmax= 1.1e-02 nm, Epot= -5.08523e+05 Fmax= 1.46989e+04, atom= 1744
Step=  132, Dmax= 1.3e-02 nm, Epot= -5.08903e+05 Fmax= 4.94467e+03, atom= 1744
Step=  133, Dmax= 1.5e-02 nm, Epot= -5.08661e+05 Fmax= 1.86730e+04, atom= 1744
Step=  134, Dmax= 7.7e-03 nm, Epot= -5.08999e+05 Fmax= 6.86454e+03, atom= 1744
Step=  135, Dmax= 9.2e-03 nm, Epot= -5.09102e+05 Fmax= 7.27134e+03, atom= 1744
Step=  136, Dmax= 1.1e-02 nm, Epot= -5.09165e+05 Fmax= 9.72422e+03, atom= 1744
Step=  137, Dmax= 1.3e-02 nm, Epot= -5.09250e+05 Fmax= 1.06176e+04, atom= 1744
Step=  138, Dmax= 1.6e-02 nm, Epot= -5.09258e+05 Fmax= 1.38341e+04, atom= 1744
Step=  139, Dmax= 1.9e-02 nm, Epot= -5.09302e+05 Fmax= 1.54116e+04, atom= 1744
Step=  140, Dmax= 2.3e-02 nm, Epot= -5.09204e+05 Fmax= 1.97335e+04, atom= 1744
Step=  141, Dmax= 1.1e-02 nm, Epot= -5.09701e+05 Fmax= 2.17556e+03, atom= 1744
Step=  142, Dmax= 1.4e-02 nm, Epot= -5.09712e+05 Fmax= 1.89992e+04, atom= 1744
Step=  143, Dmax= 1.7e-02 nm, Epot= -5.10216e+05 Fmax= 6.44002e+03, atom= 1744
Step=  144, Dmax= 2.0e-02 nm, Epot= -5.09756e+05 Fmax= 2.38840e+04, atom= 1744
Step=  145, Dmax= 9.9e-03 nm, Epot= -5.10287e+05 Fmax= 8.74768e+03, atom= 1744
Step=  146, Dmax= 1.2e-02 nm, Epot= -5.10373e+05 Fmax= 9.52841e+03, atom= 1744
Step=  147, Dmax= 1.4e-02 nm, Epot= -5.10407e+05 Fmax= 1.23298e+04, atom= 1744
Step=  148, Dmax= 1.7e-02 nm, Epot= -5.10459e+05 Fmax= 1.39598e+04, atom= 1744
Step=  149, Dmax= 2.1e-02 nm, Epot= -5.10430e+05 Fmax= 1.74631e+04, atom= 1744
Step=  150, Dmax= 1.0e-02 nm, Epot= -5.10754e+05 Fmax= 1.78321e+03, atom= 1744
Step=  151, Dmax= 1.2e-02 nm, Epot= -5.10909e+05 Fmax= 1.72089e+04, atom= 1744
Step=  152, Dmax= 1.5e-02 nm, Epot= -5.11287e+05 Fmax= 5.49973e+03, atom= 1744
Step=  153, Dmax= 1.8e-02 nm, Epot= -5.10999e+05 Fmax= 2.18245e+04, atom= 1744
Step=  154, Dmax= 8.9e-03 nm, Epot= -5.11359e+05 Fmax= 8.16715e+03, atom= 1744
Step=  155, Dmax= 1.1e-02 nm, Epot= -5.11450e+05 Fmax= 8.16329e+03, atom= 1744
Step=  156, Dmax= 1.3e-02 nm, Epot= -5.11486e+05 Fmax= 1.14923e+04, atom= 1744
Step=  157, Dmax= 1.5e-02 nm, Epot= -5.11565e+05 Fmax= 1.20035e+04, atom= 1744
Step=  158, Dmax= 1.8e-02 nm, Epot= -5.11539e+05 Fmax= 1.62596e+04, atom= 1744
Step=  159, Dmax= 9.2e-03 nm, Epot= -5.11774e+05 Fmax= 2.13131e+03, atom= 1744
Step=  160, Dmax= 1.1e-02 nm, Epot= -5.11897e+05 Fmax= 1.48070e+04, atom= 1744
Step=  161, Dmax= 1.3e-02 nm, Epot= -5.12158e+05 Fmax= 5.59766e+03, atom= 1744
Step=  162, Dmax= 1.6e-02 nm, Epot= -5.12015e+05 Fmax= 1.87511e+04, atom= 1744
Step=  163, Dmax= 7.9e-03 nm, Epot= -5.12239e+05 Fmax= 6.58807e+03, atom= 1744
Step=  164, Dmax= 9.5e-03 nm, Epot= -5.12313e+05 Fmax= 8.09561e+03, atom= 1744
Step=  165, Dmax= 1.1e-02 nm, Epot= -5.12381e+05 Fmax= 9.45060e+03, atom= 1744
Step=  166, Dmax= 1.4e-02 nm, Epot= -5.12430e+05 Fmax= 1.16770e+04, atom= 1744
Step=  167, Dmax= 1.6e-02 nm, Epot= -5.12474e+05 Fmax= 1.35683e+04, atom= 1744
Step=  168, Dmax= 2.0e-02 nm, Epot= -5.12473e+05 Fmax= 1.68087e+04, atom= 1744
Step=  169, Dmax= 9.9e-03 nm, Epot= -5.12700e+05 Fmax= 1.62908e+03, atom= 1744
Step=  170, Dmax= 1.2e-02 nm, Epot= -5.12909e+05 Fmax= 1.65627e+04, atom= 1744
Step=  171, Dmax= 1.4e-02 nm, Epot= -5.13192e+05 Fmax= 5.40909e+03, atom= 1744
Step=  172, Dmax= 1.7e-02 nm, Epot= -5.13025e+05 Fmax= 2.07339e+04, atom= 1744
Step=  173, Dmax= 8.5e-03 nm, Epot= -5.13262e+05 Fmax= 7.68289e+03, atom= 1744
Step=  174, Dmax= 1.0e-02 nm, Epot= -5.13339e+05 Fmax= 8.11205e+03, atom= 1744
Step=  175, Dmax= 1.2e-02 nm, Epot= -5.13387e+05 Fmax= 1.07441e+04, atom= 1744
Step=  176, Dmax= 1.5e-02 nm, Epot= -5.13447e+05 Fmax= 1.19723e+04, atom= 1744
Step=  177, Dmax= 1.8e-02 nm, Epot= -5.13461e+05 Fmax= 1.51560e+04, atom= 1744
Step=  178, Dmax= 2.1e-02 nm, Epot= -5.13481e+05 Fmax= 1.74933e+04, atom= 1744
Step=  179, Dmax= 2.6e-02 nm, Epot= -5.13431e+05 Fmax= 2.14685e+04, atom= 1744
Step=  180, Dmax= 1.3e-02 nm, Epot= -5.13784e+05 Fmax= 2.04947e+03, atom= 1744
Step=  181, Dmax= 1.5e-02 nm, Epot= -5.13842e+05 Fmax= 2.15676e+04, atom= 1744
Step=  182, Dmax= 1.8e-02 nm, Epot= -5.14239e+05 Fmax= 6.65977e+03, atom= 1744
Step=  183, Dmax= 2.2e-02 nm, Epot= -5.13859e+05 Fmax= 2.72935e+04, atom= 1744
Step=  184, Dmax= 1.1e-02 nm, Epot= -5.14284e+05 Fmax= 1.03351e+04, atom= 1744
Step=  185, Dmax= 1.3e-02 nm, Epot= -5.14363e+05 Fmax= 9.94256e+03, atom= 1744
Step=  186, Dmax= 1.6e-02 nm, Epot= -5.14366e+05 Fmax= 1.44758e+04, atom= 1744
Step=  187, Dmax= 1.9e-02 nm, Epot= -5.14434e+05 Fmax= 1.46816e+04, atom= 1744
Step=  188, Dmax= 2.3e-02 nm, Epot= -5.14363e+05 Fmax= 2.03985e+04, atom= 1744
Step=  189, Dmax= 1.1e-02 nm, Epot= -5.14644e+05 Fmax= 2.86818e+03, atom= 1744
Step=  190, Dmax= 1.4e-02 nm, Epot= -5.14660e+05 Fmax= 1.81682e+04, atom= 1744
Step=  191, Dmax= 1.6e-02 nm, Epot= -5.14927e+05 Fmax= 7.18069e+03, atom= 1744
Step=  192, Dmax= 2.0e-02 nm, Epot= -5.14711e+05 Fmax= 2.30411e+04, atom= 1744
Step=  193, Dmax= 9.9e-03 nm, Epot= -5.14993e+05 Fmax= 7.94923e+03, atom= 1744
Step=  194, Dmax= 1.2e-02 nm, Epot= -5.15042e+05 Fmax= 1.02871e+04, atom= 1744
Step=  195, Dmax= 1.4e-02 nm, Epot= -5.15097e+05 Fmax= 1.14938e+04, atom= 1744
Step=  196, Dmax= 1.7e-02 nm, Epot= -5.15115e+05 Fmax= 1.47375e+04, atom= 1744
Step=  197, Dmax= 2.0e-02 nm, Epot= -5.15145e+05 Fmax= 1.65815e+04, atom= 1744
Step=  198, Dmax= 2.5e-02 nm, Epot= -5.15099e+05 Fmax= 2.11028e+04, atom= 1744
Step=  199, Dmax= 1.2e-02 nm, Epot= -5.15386e+05 Fmax= 2.28109e+03, atom= 1744
Step=  200, Dmax= 1.5e-02 nm, Epot= -5.15434e+05 Fmax= 2.03296e+04, atom= 1744
Step=  201, Dmax= 1.8e-02 nm, Epot= -5.15742e+05 Fmax= 6.96774e+03, atom= 1744
Step=  202, Dmax= 2.1e-02 nm, Epot= -5.15475e+05 Fmax= 2.54870e+04, atom= 1744
Step=  203, Dmax= 1.1e-02 nm, Epot= -5.15794e+05 Fmax= 9.29122e+03, atom= 1744
Step=  204, Dmax= 1.3e-02 nm, Epot= -5.15851e+05 Fmax= 1.03199e+04, atom= 1744
Step=  205, Dmax= 1.5e-02 nm, Epot= -5.15882e+05 Fmax= 1.30871e+04, atom= 1744
Step=  206, Dmax= 1.8e-02 nm, Epot= -5.15915e+05 Fmax= 1.51080e+04, atom= 1744
Step=  207, Dmax= 2.2e-02 nm, Epot= -5.15908e+05 Fmax= 1.85408e+04, atom= 1744
Step=  208, Dmax= 1.1e-02 nm, Epot= -5.16107e+05 Fmax= 1.75610e+03, atom= 1744
Step=  209, Dmax= 1.3e-02 nm, Epot= -5.16254e+05 Fmax= 1.86969e+04, atom= 1744
Step=  210, Dmax= 1.6e-02 nm, Epot= -5.16509e+05 Fmax= 5.64415e+03, atom= 1744
Step=  211, Dmax= 1.9e-02 nm, Epot= -5.16324e+05 Fmax= 2.36816e+04, atom= 1744
Step=  212, Dmax= 9.5e-03 nm, Epot= -5.16559e+05 Fmax= 9.02942e+03, atom= 1744
Step=  213, Dmax= 1.1e-02 nm, Epot= -5.16627e+05 Fmax= 8.46064e+03, atom= 1744
Step=  214, Dmax= 1.4e-02 nm, Epot= -5.16649e+05 Fmax= 1.26244e+04, atom= 1744
Step=  215, Dmax= 1.6e-02 nm, Epot= -5.16713e+05 Fmax= 1.25393e+04, atom= 1744
Step=  216, Dmax= 2.0e-02 nm, Epot= -5.16687e+05 Fmax= 1.77620e+04, atom= 1744
Step=  217, Dmax= 9.9e-03 nm, Epot= -5.16850e+05 Fmax= 2.61548e+03, atom= 1744
Step=  218, Dmax= 1.2e-02 nm, Epot= -5.16918e+05 Fmax= 1.54915e+04, atom= 1744
Step=  219, Dmax= 1.4e-02 nm, Epot= -5.17090e+05 Fmax= 6.37791e+03, atom= 1744
Step=  220, Dmax= 1.7e-02 nm, Epot= -5.16995e+05 Fmax= 1.96913e+04, atom= 1744
Step=  221, Dmax= 8.5e-03 nm, Epot= -5.17151e+05 Fmax= 6.66929e+03, atom= 1744
Step=  222, Dmax= 1.0e-02 nm, Epot= -5.17200e+05 Fmax= 9.07839e+03, atom= 1744
Step=  223, Dmax= 1.2e-02 nm, Epot= -5.17256e+05 Fmax= 9.71147e+03, atom= 1744
Step=  224, Dmax= 1.5e-02 nm, Epot= -5.17281e+05 Fmax= 1.29399e+04, atom= 1744
Step=  225, Dmax= 1.8e-02 nm, Epot= -5.17325e+05 Fmax= 1.40948e+04, atom= 1744
Step=  226, Dmax= 2.1e-02 nm, Epot= -5.17307e+05 Fmax= 1.84591e+04, atom= 1744
Step=  227, Dmax= 1.1e-02 nm, Epot= -5.17482e+05 Fmax= 2.19196e+03, atom= 1744
Step=  228, Dmax= 1.3e-02 nm, Epot= -5.17570e+05 Fmax= 1.72634e+04, atom= 1744
Step=  229, Dmax= 1.5e-02 nm, Epot= -5.17770e+05 Fmax= 6.26774e+03, atom= 1744
Step=  230, Dmax= 1.8e-02 nm, Epot= -5.17638e+05 Fmax= 2.17380e+04, atom= 1744
Step=  231, Dmax= 9.2e-03 nm, Epot= -5.17824e+05 Fmax= 7.75373e+03, atom= 1744
Step=  232, Dmax= 1.1e-02 nm, Epot= -5.17874e+05 Fmax= 9.17486e+03, atom= 1744
Step=  233, Dmax= 1.3e-02 nm, Epot= -5.17916e+05 Fmax= 1.10188e+04, atom= 1744
Step=  234, Dmax= 1.6e-02 nm, Epot= -5.17947e+05 Fmax= 1.33249e+04, atom= 1744
Step=  235, Dmax= 1.9e-02 nm, Epot= -5.17969e+05 Fmax= 1.57249e+04, atom= 1744
Step=  236, Dmax= 2.3e-02 nm, Epot= -5.17960e+05 Fmax= 1.92516e+04, atom= 1744
Step=  237, Dmax= 1.1e-02 nm, Epot= -5.18149e+05 Fmax= 1.78092e+03, atom= 1744
Step=  238, Dmax= 1.4e-02 nm, Epot= -5.18276e+05 Fmax= 1.91212e+04, atom= 1744
Step=  239, Dmax= 1.6e-02 nm, Epot= -5.18507e+05 Fmax= 6.21460e+03, atom= 1744
Step=  240, Dmax= 2.0e-02 nm, Epot= -5.18333e+05 Fmax= 2.38568e+04, atom= 1744
Step=  241, Dmax= 9.8e-03 nm, Epot= -5.18552e+05 Fmax= 8.85319e+03, atom= 1744
Step=  242, Dmax= 1.2e-02 nm, Epot= -5.18605e+05 Fmax= 9.34873e+03, atom= 1744
Step=  243, Dmax= 1.4e-02 nm, Epot= -5.18632e+05 Fmax= 1.23546e+04, atom= 1744
Step=  244, Dmax= 1.7e-02 nm, Epot= -5.18670e+05 Fmax= 1.38099e+04, atom= 1744
Step=  245, Dmax= 2.0e-02 nm, Epot= -5.18668e+05 Fmax= 1.74044e+04, atom= 1744
Step=  246, Dmax= 1.0e-02 nm, Epot= -5.18810e+05 Fmax= 1.82774e+03, atom= 1744
Step=  247, Dmax= 1.2e-02 nm, Epot= -5.18932e+05 Fmax= 1.71749e+04, atom= 1744
Step=  248, Dmax= 1.5e-02 nm, Epot= -5.19118e+05 Fmax= 5.38123e+03, atom= 1744
Step=  249, Dmax= 1.8e-02 nm, Epot= -5.19003e+05 Fmax= 2.18285e+04, atom= 1744
Step=  250, Dmax= 8.8e-03 nm, Epot= -5.19165e+05 Fmax= 8.22776e+03, atom= 1744
Step=  251, Dmax= 1.1e-02 nm, Epot= -5.19222e+05 Fmax= 7.98321e+03, atom= 1744
Step=  252, Dmax= 1.3e-02 nm, Epot= -5.19249e+05 Fmax= 1.15772e+04, atom= 1744
Step=  253, Dmax= 1.5e-02 nm, Epot= -5.19301e+05 Fmax= 1.17560e+04, atom= 1744
Step=  254, Dmax= 1.8e-02 nm, Epot= -5.19293e+05 Fmax= 1.63576e+04, atom= 1744
Step=  255, Dmax= 9.1e-03 nm, Epot= -5.19408e+05 Fmax= 2.30389e+03, atom= 1744
Step=  256, Dmax= 1.1e-02 nm, Epot= -5.19491e+05 Fmax= 1.44563e+04, atom= 1744
Step=  257, Dmax= 1.3e-02 nm, Epot= -5.19627e+05 Fmax= 5.82906e+03, atom= 1744
Step=  258, Dmax= 1.6e-02 nm, Epot= -5.19569e+05 Fmax= 1.83349e+04, atom= 1744
Step=  259, Dmax= 7.9e-03 nm, Epot= -5.19679e+05 Fmax= 6.26361e+03, atom= 1744
Step=  260, Dmax= 9.5e-03 nm, Epot= -5.19724e+05 Fmax= 8.34875e+03, atom= 1744
Step=  261, Dmax= 1.1e-02 nm, Epot= -5.19772e+05 Fmax= 9.07144e+03, atom= 1744
Step=  262, Dmax= 1.4e-02 nm, Epot= -5.19800e+05 Fmax= 1.19438e+04, atom= 1744
Step=  263, Dmax= 1.6e-02 nm, Epot= -5.19839e+05 Fmax= 1.31281e+04, atom= 1744
Step=  264, Dmax= 2.0e-02 nm, Epot= -5.19833e+05 Fmax= 1.70775e+04, atom= 1744
Step=  265, Dmax= 9.8e-03 nm, Epot= -5.19962e+05 Fmax= 1.98206e+03, atom= 1744
Step=  266, Dmax= 1.2e-02 nm, Epot= -5.20062e+05 Fmax= 1.60228e+04, atom= 1744
Step=  267, Dmax= 1.4e-02 nm, Epot= -5.20220e+05 Fmax= 5.79836e+03, atom= 1744
Step=  268, Dmax= 1.7e-02 nm, Epot= -5.20132e+05 Fmax= 2.01632e+04, atom= 1744
Step=  269, Dmax= 8.5e-03 nm, Epot= -5.20268e+05 Fmax= 7.19768e+03, atom= 1744
Step=  270, Dmax= 1.0e-02 nm, Epot= -5.20313e+05 Fmax= 8.50782e+03, atom= 1744
Step=  271, Dmax= 1.2e-02 nm, Epot= -5.20352e+05 Fmax= 1.02150e+04, atom= 1744
Step=  272, Dmax= 1.5e-02 nm, Epot= -5.20382e+05 Fmax= 1.23692e+04, atom= 1744
Step=  273, Dmax= 1.8e-02 nm, Epot= -5.20404e+05 Fmax= 1.45733e+04, atom= 1744
Step=  274, Dmax= 2.1e-02 nm, Epot= -5.20404e+05 Fmax= 1.78807e+04, atom= 1744
Step=  275, Dmax= 1.1e-02 nm, Epot= -5.20547e+05 Fmax= 1.66623e+03, atom= 1744
Step=  276, Dmax= 1.3e-02 nm, Epot= -5.20676e+05 Fmax= 1.76744e+04, atom= 1744
Step=  277, Dmax= 1.5e-02 nm, Epot= -5.20859e+05 Fmax= 5.81065e+03, atom= 1744
Step=  278, Dmax= 1.8e-02 nm, Epot= -5.20735e+05 Fmax= 2.20725e+04, atom= 1744
Step=  279, Dmax= 9.1e-03 nm, Epot= -5.20901e+05 Fmax= 8.15622e+03, atom= 1744
Step=  280, Dmax= 1.1e-02 nm, Epot= -5.20947e+05 Fmax= 8.72757e+03, atom= 1744
Step=  281, Dmax= 1.3e-02 nm, Epot= -5.20976e+05 Fmax= 1.13953e+04, atom= 1744
Step=  282, Dmax= 1.6e-02 nm, Epot= -5.21010e+05 Fmax= 1.28767e+04, atom= 1744
Step=  283, Dmax= 1.9e-02 nm, Epot= -5.21014e+05 Fmax= 1.60754e+04, atom= 1744
Step=  284, Dmax= 2.3e-02 nm, Epot= -5.21018e+05 Fmax= 1.87933e+04, atom= 1744
Step=  285, Dmax= 2.7e-02 nm, Epot= -5.20981e+05 Fmax= 2.27781e+04, atom= 1744
Step=  286, Dmax= 1.4e-02 nm, Epot= -5.21231e+05 Fmax= 2.06866e+03, atom= 1744
Step=  287, Dmax= 1.6e-02 nm, Epot= -5.21248e+05 Fmax= 2.32133e+04, atom= 1744
Step=  288, Dmax= 2.0e-02 nm, Epot= -5.21535e+05 Fmax= 6.94731e+03, atom= 1744
Step=  289, Dmax= 2.4e-02 nm, Epot= -5.21231e+05 Fmax= 2.93278e+04, atom= 1744
Step=  290, Dmax= 1.2e-02 nm, Epot= -5.21557e+05 Fmax= 1.12191e+04, atom= 1744
Step=  291, Dmax= 1.4e-02 nm, Epot= -5.21611e+05 Fmax= 1.04279e+04, atom= 1744
Step=  292, Dmax= 1.7e-02 nm, Epot= -5.21599e+05 Fmax= 1.56573e+04, atom= 1744
Step=  293, Dmax= 8.5e-03 nm, Epot= -5.21695e+05 Fmax= 2.61442e+03, atom= 1744
Step=  294, Dmax= 1.0e-02 nm, Epot= -5.21752e+05 Fmax= 1.29312e+04, atom= 1744
Step=  295, Dmax= 1.2e-02 nm, Epot= -5.21857e+05 Fmax= 5.86792e+03, atom= 1744
Step=  296, Dmax= 1.5e-02 nm, Epot= -5.21821e+05 Fmax= 1.65441e+04, atom= 1744
Step=  297, Dmax= 7.3e-03 nm, Epot= -5.21905e+05 Fmax= 5.34600e+03, atom= 1744
Step=  298, Dmax= 8.8e-03 nm, Epot= -5.21944e+05 Fmax= 8.20682e+03, atom= 1744
Step=  299, Dmax= 1.1e-02 nm, Epot= -5.21992e+05 Fmax= 7.94689e+03, atom= 1744
Step=  300, Dmax= 1.3e-02 nm, Epot= -5.22014e+05 Fmax= 1.15457e+04, atom= 1744
Step=  301, Dmax= 1.5e-02 nm, Epot= -5.22058e+05 Fmax= 1.17064e+04, atom= 1744
Step=  302, Dmax= 1.8e-02 nm, Epot= -5.22047e+05 Fmax= 1.63148e+04, atom= 1744
Step=  303, Dmax= 9.1e-03 nm, Epot= -5.22155e+05 Fmax= 2.30764e+03, atom= 1744
Step=  304, Dmax= 1.1e-02 nm, Epot= -5.22219e+05 Fmax= 1.43854e+04, atom= 1744
Step=  305, Dmax= 1.3e-02 nm, Epot= -5.22342e+05 Fmax= 5.83352e+03, atom= 1744
Step=  306, Dmax= 1.6e-02 nm, Epot= -5.22280e+05 Fmax= 1.82450e+04, atom= 1744
Step=  307, Dmax= 7.9e-03 nm, Epot= -5.22386e+05 Fmax= 6.21637e+03, atom= 1744
Step=  308, Dmax= 9.4e-03 nm, Epot= -5.22424e+05 Fmax= 8.35129e+03, atom= 1744
Step=  309, Dmax= 1.1e-02 nm, Epot= -5.22465e+05 Fmax= 9.00856e+03, atom= 1744
Step=  310, Dmax= 1.4e-02 nm, Epot= -5.22486e+05 Fmax= 1.19407e+04, atom= 1744
Step=  311, Dmax= 1.6e-02 nm, Epot= -5.22519e+05 Fmax= 1.30463e+04, atom= 1744
Step=  312, Dmax= 2.0e-02 nm, Epot= -5.22509e+05 Fmax= 1.70630e+04, atom= 1744
Step=  313, Dmax= 9.8e-03 nm, Epot= -5.22632e+05 Fmax= 2.01511e+03, atom= 1744
Step=  314, Dmax= 1.2e-02 nm, Epot= -5.22705e+05 Fmax= 1.59171e+04, atom= 1744
Step=  315, Dmax= 1.4e-02 nm, Epot= -5.22849e+05 Fmax= 5.83110e+03, atom= 1744
Step=  316, Dmax= 1.7e-02 nm, Epot= -5.22757e+05 Fmax= 2.00399e+04, atom= 1744
Step=  317, Dmax= 8.5e-03 nm, Epot= -5.22890e+05 Fmax= 7.11944e+03, atom= 1744
Step=  318, Dmax= 1.0e-02 nm, Epot= -5.22928e+05 Fmax= 8.53734e+03, atom= 1744
Step=  319, Dmax= 1.2e-02 nm, Epot= -5.22961e+05 Fmax= 1.01210e+04, atom= 1744
Step=  320, Dmax= 1.5e-02 nm, Epot= -5.22984e+05 Fmax= 1.23919e+04, atom= 1744
Step=  321, Dmax= 1.8e-02 nm, Epot= -5.23003e+05 Fmax= 1.44594e+04, atom= 1744
Step=  322, Dmax= 2.1e-02 nm, Epot= -5.22995e+05 Fmax= 1.78908e+04, atom= 1744
Step=  323, Dmax= 1.1e-02 nm, Epot= -5.23134e+05 Fmax= 1.72789e+03, atom= 1744
Step=  324, Dmax= 1.3e-02 nm, Epot= -5.23224e+05 Fmax= 1.75343e+04, atom= 1744
Step=  325, Dmax= 1.5e-02 nm, Epot= -5.23393e+05 Fmax= 5.86866e+03, atom= 1744
Step=  326, Dmax= 1.8e-02 nm, Epot= -5.23266e+05 Fmax= 2.19207e+04, atom= 1744
Step=  327, Dmax= 9.1e-03 nm, Epot= -5.23429e+05 Fmax= 8.04978e+03, atom= 1744
Step=  328, Dmax= 1.1e-02 nm, Epot= -5.23468e+05 Fmax= 8.78058e+03, atom= 1744
Step=  329, Dmax= 1.3e-02 nm, Epot= -5.23491e+05 Fmax= 1.12734e+04, atom= 1744
Step=  330, Dmax= 1.6e-02 nm, Epot= -5.23517e+05 Fmax= 1.29212e+04, atom= 1744
Step=  331, Dmax= 1.9e-02 nm, Epot= -5.23519e+05 Fmax= 1.59333e+04, atom= 1744
Step=  332, Dmax= 2.3e-02 nm, Epot= -5.23515e+05 Fmax= 1.88234e+04, atom= 1744
Step=  333, Dmax= 1.1e-02 nm, Epot= -5.23673e+05 Fmax= 1.46516e+03, atom= 1744
Step=  334, Dmax= 1.4e-02 nm, Epot= -5.23788e+05 Fmax= 1.92112e+04, atom= 1744
Step=  335, Dmax= 1.6e-02 nm, Epot= -5.23986e+05 Fmax= 5.98780e+03, atom= 1744
Step=  336, Dmax= 2.0e-02 nm, Epot= -5.23816e+05 Fmax= 2.38458e+04, atom= 1744
Step=  337, Dmax= 9.8e-03 nm, Epot= -5.24015e+05 Fmax= 8.96863e+03, atom= 1744
Step=  338, Dmax= 1.2e-02 nm, Epot= -5.24055e+05 Fmax= 9.12764e+03, atom= 1744
Step=  339, Dmax= 1.4e-02 nm, Epot= -5.24068e+05 Fmax= 1.24264e+04, atom= 1744
Step=  340, Dmax= 1.7e-02 nm, Epot= -5.24096e+05 Fmax= 1.35776e+04, atom= 1744
Step=  341, Dmax= 2.0e-02 nm, Epot= -5.24081e+05 Fmax= 1.74280e+04, atom= 1744
Step=  342, Dmax= 1.0e-02 nm, Epot= -5.24212e+05 Fmax= 1.95497e+03, atom= 1744
Step=  343, Dmax= 1.2e-02 nm, Epot= -5.24266e+05 Fmax= 1.69522e+04, atom= 1744
Step=  344, Dmax= 1.5e-02 nm, Epot= -5.24423e+05 Fmax= 5.44920e+03, atom= 1744
Step=  345, Dmax= 1.8e-02 nm, Epot= -5.24301e+05 Fmax= 2.15947e+04, atom= 1744
Step=  346, Dmax= 8.8e-03 nm, Epot= -5.24455e+05 Fmax= 8.07403e+03, atom= 1744
Step=  347, Dmax= 1.1e-02 nm, Epot= -5.24495e+05 Fmax= 8.02331e+03, atom= 1744
Step=  348, Dmax= 1.3e-02 nm, Epot= -5.24511e+05 Fmax= 1.14152e+04, atom= 1744
Step=  349, Dmax= 1.5e-02 nm, Epot= -5.24548e+05 Fmax= 1.17589e+04, atom= 1744
Step=  350, Dmax= 1.8e-02 nm, Epot= -5.24533e+05 Fmax= 1.61774e+04, atom= 1744
Step=  351, Dmax= 9.1e-03 nm, Epot= -5.24640e+05 Fmax= 2.21221e+03, atom= 1744
Step=  352, Dmax= 1.1e-02 nm, Epot= -5.24688e+05 Fmax= 1.44080e+04, atom= 1744
Step=  353, Dmax= 1.3e-02 nm, Epot= -5.24806e+05 Fmax= 5.74872e+03, atom= 1744
Step=  354, Dmax= 1.6e-02 nm, Epot= -5.24736e+05 Fmax= 1.82425e+04, atom= 1744
Step=  355, Dmax= 7.8e-03 nm, Epot= -5.24844e+05 Fmax= 6.25789e+03, atom= 1744
Step=  356, Dmax= 9.4e-03 nm, Epot= -5.24876e+05 Fmax= 8.26667e+03, atom= 1744
Step=  357, Dmax= 1.1e-02 nm, Epot= -5.24910e+05 Fmax= 9.03332e+03, atom= 1744
Step=  358, Dmax= 1.4e-02 nm, Epot= -5.24926e+05 Fmax= 1.18521e+04, atom= 1744
Step=  359, Dmax= 1.6e-02 nm, Epot= -5.24951e+05 Fmax= 1.30505e+04, atom= 1744
Step=  360, Dmax= 2.0e-02 nm, Epot= -5.24937e+05 Fmax= 1.69651e+04, atom= 1744
Step=  361, Dmax= 9.8e-03 nm, Epot= -5.25059e+05 Fmax= 1.96386e+03, atom= 1744
Step=  362, Dmax= 1.2e-02 nm, Epot= -5.25112e+05 Fmax= 1.58888e+04, atom= 1744
Step=  363, Dmax= 1.4e-02 nm, Epot= -5.25250e+05 Fmax= 5.79101e+03, atom= 1744
Step=  364, Dmax= 1.7e-02 nm, Epot= -5.25150e+05 Fmax= 1.99870e+04, atom= 1744
Step=  365, Dmax= 8.4e-03 nm, Epot= -5.25284e+05 Fmax= 7.11341e+03, atom= 1744
Step=  366, Dmax= 1.0e-02 nm, Epot= -5.25316e+05 Fmax= 8.49692e+03, atom= 1744
Step=  367, Dmax= 1.2e-02 nm, Epot= -5.25342e+05 Fmax= 1.00970e+04, atom= 1744
Step=  368, Dmax= 1.5e-02 nm, Epot= -5.25360e+05 Fmax= 1.23469e+04, atom= 1744
Step=  369, Dmax= 1.7e-02 nm, Epot= -5.25373e+05 Fmax= 1.44143e+04, atom= 1744
Step=  370, Dmax= 2.1e-02 nm, Epot= -5.25360e+05 Fmax= 1.78346e+04, atom= 1744
Step=  371, Dmax= 1.0e-02 nm, Epot= -5.25498e+05 Fmax= 1.72185e+03, atom= 1744
Step=  372, Dmax= 1.3e-02 nm, Epot= -5.25560e+05 Fmax= 1.74543e+04, atom= 1744
Step=  373, Dmax= 1.5e-02 nm, Epot= -5.25722e+05 Fmax= 5.87255e+03, atom= 1744
Step=  374, Dmax= 1.8e-02 nm, Epot= -5.25586e+05 Fmax= 2.18190e+04, atom= 1744
Step=  375, Dmax= 9.1e-03 nm, Epot= -5.25751e+05 Fmax= 7.99675e+03, atom= 1744
Step=  376, Dmax= 1.1e-02 nm, Epot= -5.25784e+05 Fmax= 8.78293e+03, atom= 1744
Step=  377, Dmax= 1.3e-02 nm, Epot= -5.25801e+05 Fmax= 1.12023e+04, atom= 1744
Step=  378, Dmax= 1.6e-02 nm, Epot= -5.25821e+05 Fmax= 1.29177e+04, atom= 1744
Step=  379, Dmax= 1.9e-02 nm, Epot= -5.25819e+05 Fmax= 1.58400e+04, atom= 1744
Step=  380, Dmax= 9.4e-03 nm, Epot= -5.25925e+05 Fmax= 1.48700e+03, atom= 1744
Step=  381, Dmax= 1.1e-02 nm, Epot= -5.26012e+05 Fmax= 1.61185e+04, atom= 1744
Step=  382, Dmax= 1.4e-02 nm, Epot= -5.26154e+05 Fmax= 4.66323e+03, atom= 1744
Step=  383, Dmax= 1.6e-02 nm, Epot= -5.26052e+05 Fmax= 2.04462e+04, atom= 1744
Step=  384, Dmax= 8.1e-03 nm, Epot= -5.26182e+05 Fmax= 7.89735e+03, atom= 1744
Step=  385, Dmax= 9.7e-03 nm, Epot= -5.26223e+05 Fmax= 7.02944e+03, atom= 1744
Step=  386, Dmax= 1.2e-02 nm, Epot= -5.26234e+05 Fmax= 1.10111e+04, atom= 1744
Step=  387, Dmax= 1.4e-02 nm, Epot= -5.26274e+05 Fmax= 1.04805e+04, atom= 1744
Step=  388, Dmax= 1.7e-02 nm, Epot= -5.26254e+05 Fmax= 1.54434e+04, atom= 1744
Step=  389, Dmax= 8.4e-03 nm, Epot= -5.26349e+05 Fmax= 2.48205e+03, atom= 1744
Step=  390, Dmax= 1.0e-02 nm, Epot= -5.26381e+05 Fmax= 1.29220e+04, atom= 1744
Step=  391, Dmax= 1.2e-02 nm, Epot= -5.26474e+05 Fmax= 5.76485e+03, atom= 1744
Step=  392, Dmax= 1.5e-02 nm, Epot= -5.26422e+05 Fmax= 1.64810e+04, atom= 1744
Step=  393, Dmax= 7.3e-03 nm, Epot= -5.26511e+05 Fmax= 5.36663e+03, atom= 1744
Step=  394, Dmax= 8.7e-03 nm, Epot= -5.26537e+05 Fmax= 8.11245e+03, atom= 1744
Step=  395, Dmax= 1.0e-02 nm, Epot= -5.26574e+05 Fmax= 7.92804e+03, atom= 1744
Step=  396, Dmax= 1.3e-02 nm, Epot= -5.26582e+05 Fmax= 1.14513e+04, atom= 1744
Step=  397, Dmax= 1.5e-02 nm, Epot= -5.26615e+05 Fmax= 1.16431e+04, atom= 1744
Step=  398, Dmax= 1.8e-02 nm, Epot= -5.26594e+05 Fmax= 1.62088e+04, atom= 1744
Step=  399, Dmax= 9.0e-03 nm, Epot= -5.26703e+05 Fmax= 2.28574e+03, atom= 1744
Step=  400, Dmax= 1.1e-02 nm, Epot= -5.26731e+05 Fmax= 1.42645e+04, atom= 1744
Step=  401, Dmax= 1.3e-02 nm, Epot= -5.26842e+05 Fmax= 5.82795e+03, atom= 1744
Step=  402, Dmax= 1.6e-02 nm, Epot= -5.26765e+05 Fmax= 1.80789e+04, atom= 1744
Step=  403, Dmax= 7.8e-03 nm, Epot= -5.26875e+05 Fmax= 6.13597e+03, atom= 1744
Step=  404, Dmax= 9.4e-03 nm, Epot= -5.26900e+05 Fmax= 8.34759e+03, atom= 1744
Step=  405, Dmax= 1.1e-02 nm, Epot= -5.26931e+05 Fmax= 8.89308e+03, atom= 1744
Step=  406, Dmax= 1.4e-02 nm, Epot= -5.26940e+05 Fmax= 1.19306e+04, atom= 1744
Step=  407, Dmax= 1.6e-02 nm, Epot= -5.26963e+05 Fmax= 1.28888e+04, atom= 1744
Step=  408, Dmax= 1.9e-02 nm, Epot= -5.26941e+05 Fmax= 1.70358e+04, atom= 1744
Step=  409, Dmax= 9.7e-03 nm, Epot= -5.27065e+05 Fmax= 2.07936e+03, atom= 1744
Step=  410, Dmax= 1.2e-02 nm, Epot= -5.27091e+05 Fmax= 1.57035e+04, atom= 1744
Step=  411, Dmax= 1.4e-02 nm, Epot= -5.27222e+05 Fmax= 5.90379e+03, atom= 1744
Step=  412, Dmax= 1.7e-02 nm, Epot= -5.27115e+05 Fmax= 1.97866e+04, atom= 1744
Step=  413, Dmax= 8.4e-03 nm, Epot= -5.27252e+05 Fmax= 6.95594e+03, atom= 1744
Step=  414, Dmax= 1.0e-02 nm, Epot= -5.27277e+05 Fmax= 8.60816e+03, atom= 1744
Step=  415, Dmax= 1.2e-02 nm, Epot= -5.27301e+05 Fmax= 9.92260e+03, atom= 1744
Step=  416, Dmax= 1.5e-02 nm, Epot= -5.27310e+05 Fmax= 1.24535e+04, atom= 1744
Step=  417, Dmax= 1.7e-02 nm, Epot= -5.27322e+05 Fmax= 1.42188e+04, atom= 1744
Step=  418, Dmax= 2.1e-02 nm, Epot= -5.27300e+05 Fmax= 1.79316e+04, atom= 1744
Step=  419, Dmax= 1.0e-02 nm, Epot= -5.27442e+05 Fmax= 1.86671e+03, atom= 1744
Step=  420, Dmax= 1.3e-02 nm, Epot= -5.27467e+05 Fmax= 1.72382e+04, atom= 1744
Step=  421, Dmax= 1.5e-02 nm, Epot= -5.27621e+05 Fmax= 6.00545e+03, atom= 1744
Step=  422, Dmax= 1.8e-02 nm, Epot= -5.27479e+05 Fmax= 2.15968e+04, atom= 1744
Step=  423, Dmax= 9.0e-03 nm, Epot= -5.27646e+05 Fmax= 7.81658e+03, atom= 1744
Step=  424, Dmax= 1.1e-02 nm, Epot= -5.27672e+05 Fmax= 8.91181e+03, atom= 1744
Step=  425, Dmax= 1.3e-02 nm, Epot= -5.27687e+05 Fmax= 1.10055e+04, atom= 1744
Step=  426, Dmax= 1.6e-02 nm, Epot= -5.27699e+05 Fmax= 1.30406e+04, atom= 1744
Step=  427, Dmax= 1.9e-02 nm, Epot= -5.27697e+05 Fmax= 1.56216e+04, atom= 1744
Step=  428, Dmax= 9.4e-03 nm, Epot= -5.27802e+05 Fmax= 1.31730e+03, atom= 1744
Step=  429, Dmax= 1.1e-02 nm, Epot= -5.27884e+05 Fmax= 1.62891e+04, atom= 1744
Step=  430, Dmax= 1.3e-02 nm, Epot= -5.28027e+05 Fmax= 4.43340e+03, atom= 1744
Step=  431, Dmax= 1.6e-02 nm, Epot= -5.27914e+05 Fmax= 2.06133e+04, atom= 1744
Step=  432, Dmax= 8.1e-03 nm, Epot= -5.28049e+05 Fmax= 8.10004e+03, atom= 1744
Step=  433, Dmax= 9.7e-03 nm, Epot= -5.28088e+05 Fmax= 6.77850e+03, atom= 1744
Step=  434, Dmax= 1.2e-02 nm, Epot= -5.28091e+05 Fmax= 1.12135e+04, atom= 1744
Step=  435, Dmax= 1.4e-02 nm, Epot= -5.28131e+05 Fmax= 1.02083e+04, atom= 1744
Step=  436, Dmax= 1.7e-02 nm, Epot= -5.28102e+05 Fmax= 1.56409e+04, atom= 1744
Step=  437, Dmax= 8.4e-03 nm, Epot= -5.28201e+05 Fmax= 2.71635e+03, atom= 1744
Step=  438, Dmax= 1.0e-02 nm, Epot= -5.28214e+05 Fmax= 1.26346e+04, atom= 1744
Step=  439, Dmax= 1.2e-02 nm, Epot= -5.28300e+05 Fmax= 5.99315e+03, atom= 1744
Step=  440, Dmax= 1.4e-02 nm, Epot= -5.28244e+05 Fmax= 1.61778e+04, atom= 1744
Step=  441, Dmax= 7.2e-03 nm, Epot= -5.28334e+05 Fmax= 5.10025e+03, atom= 1744
Step=  442, Dmax= 8.7e-03 nm, Epot= -5.28354e+05 Fmax= 8.34347e+03, atom= 1744
Step=  443, Dmax= 1.0e-02 nm, Epot= -5.28389e+05 Fmax= 7.64333e+03, atom= 1744
Step=  444, Dmax= 1.3e-02 nm, Epot= -5.28390e+05 Fmax= 1.16810e+04, atom= 1744
Step=  445, Dmax= 1.5e-02 nm, Epot= -5.28424e+05 Fmax= 1.13378e+04, atom= 1744
Step=  446, Dmax= 1.8e-02 nm, Epot= -5.28391e+05 Fmax= 1.64319e+04, atom= 1744
Step=  447, Dmax= 9.0e-03 nm, Epot= -5.28505e+05 Fmax= 2.54899e+03, atom= 1744
Step=  448, Dmax= 1.1e-02 nm, Epot= -5.28511e+05 Fmax= 1.39454e+04, atom= 1744
Step=  449, Dmax= 1.3e-02 nm, Epot= -5.28613e+05 Fmax= 6.08009e+03, atom= 1744
Step=  450, Dmax= 1.6e-02 nm, Epot= -5.28533e+05 Fmax= 1.77474e+04, atom= 1744
Step=  451, Dmax= 7.8e-03 nm, Epot= -5.28644e+05 Fmax= 5.84372e+03, atom= 1744
Step=  452, Dmax= 9.4e-03 nm, Epot= -5.28663e+05 Fmax= 8.59959e+03, atom= 1744
Step=  453, Dmax= 1.1e-02 nm, Epot= -5.28693e+05 Fmax= 8.58387e+03, atom= 1744
Step=  454, Dmax= 1.3e-02 nm, Epot= -5.28693e+05 Fmax= 1.21795e+04, atom= 1744
Step=  455, Dmax= 6.7e-03 nm, Epot= -5.28747e+05 Fmax= 1.79756e+03, atom= 1744
Step=  456, Dmax= 8.1e-03 nm, Epot= -5.28799e+05 Fmax= 1.04586e+04, atom= 1744
Step=  457, Dmax= 9.7e-03 nm, Epot= -5.28866e+05 Fmax= 4.50295e+03, atom= 1744
Step=  458, Dmax= 1.2e-02 nm, Epot= -5.28847e+05 Fmax= 1.32674e+04, atom= 1744
Step=  459, Dmax= 5.8e-03 nm, Epot= -5.28897e+05 Fmax= 4.38732e+03, atom= 1744
Step=  460, Dmax= 7.0e-03 nm, Epot= -5.28923e+05 Fmax= 6.41730e+03, atom= 1744
Step=  461, Dmax= 8.4e-03 nm, Epot= -5.28953e+05 Fmax= 6.40332e+03, atom= 1744
Step=  462, Dmax= 1.0e-02 nm, Epot= -5.28968e+05 Fmax= 9.12364e+03, atom= 1744
Step=  463, Dmax= 1.2e-02 nm, Epot= -5.28996e+05 Fmax= 9.34882e+03, atom= 1744
Step=  464, Dmax= 1.4e-02 nm, Epot= -5.28992e+05 Fmax= 1.29666e+04, atom= 1744
Step=  465, Dmax= 7.2e-03 nm, Epot= -5.29057e+05 Fmax= 1.80891e+03, atom= 1744
Step=  466, Dmax= 8.7e-03 nm, Epot= -5.29103e+05 Fmax= 1.13664e+04, atom= 1744
Step=  467, Dmax= 1.0e-02 nm, Epot= -5.29178e+05 Fmax= 4.71632e+03, atom= 1744
Step=  468, Dmax= 1.3e-02 nm, Epot= -5.29145e+05 Fmax= 1.43873e+04, atom= 1744
Step=  469, Dmax= 6.3e-03 nm, Epot= -5.29208e+05 Fmax= 4.84166e+03, atom= 1744
Step=  470, Dmax= 7.5e-03 nm, Epot= -5.29232e+05 Fmax= 6.76765e+03, atom= 1744
Step=  471, Dmax= 9.0e-03 nm, Epot= -5.29260e+05 Fmax= 7.01474e+03, atom= 1744
Step=  472, Dmax= 1.1e-02 nm, Epot= -5.29273e+05 Fmax= 9.66997e+03, atom= 1744
Step=  473, Dmax= 1.3e-02 nm, Epot= -5.29297e+05 Fmax= 1.01861e+04, atom= 1744
Step=  474, Dmax= 1.6e-02 nm, Epot= -5.29290e+05 Fmax= 1.37931e+04, atom= 1744
Step=  475, Dmax= 7.8e-03 nm, Epot= -5.29366e+05 Fmax= 1.80438e+03, atom= 1744
Step=  476, Dmax= 9.3e-03 nm, Epot= -5.29406e+05 Fmax= 1.23594e+04, atom= 1744
Step=  477, Dmax= 1.1e-02 nm, Epot= -5.29492e+05 Fmax= 4.92913e+03, atom= 1744
Step=  478, Dmax= 1.3e-02 nm, Epot= -5.29442e+05 Fmax= 1.56065e+04, atom= 1744
Step=  479, Dmax= 6.7e-03 nm, Epot= -5.29520e+05 Fmax= 5.34657e+03, atom= 1744
Step=  480, Dmax= 8.1e-03 nm, Epot= -5.29543e+05 Fmax= 7.12705e+03, atom= 1744
Step=  481, Dmax= 9.7e-03 nm, Epot= -5.29568e+05 Fmax= 7.68929e+03, atom= 1744
Step=  482, Dmax= 1.2e-02 nm, Epot= -5.29579e+05 Fmax= 1.02394e+04, atom= 1744
Step=  483, Dmax= 1.4e-02 nm, Epot= -5.29599e+05 Fmax= 1.11034e+04, atom= 1744
Step=  484, Dmax= 1.7e-02 nm, Epot= -5.29587e+05 Fmax= 1.46621e+04, atom= 1744
Step=  485, Dmax= 8.4e-03 nm, Epot= -5.29676e+05 Fmax= 1.78166e+03, atom= 1744
Step=  486, Dmax= 1.0e-02 nm, Epot= -5.29711e+05 Fmax= 1.34448e+04, atom= 1744
Step=  487, Dmax= 1.2e-02 nm, Epot= -5.29808e+05 Fmax= 5.14156e+03, atom= 1744
Step=  488, Dmax= 1.4e-02 nm, Epot= -5.29738e+05 Fmax= 1.69328e+04, atom= 1744
Step=  489, Dmax= 7.2e-03 nm, Epot= -5.29835e+05 Fmax= 5.90538e+03, atom= 1744
Step=  490, Dmax= 8.7e-03 nm, Epot= -5.29856e+05 Fmax= 7.49765e+03, atom= 1744
Step=  491, Dmax= 1.0e-02 nm, Epot= -5.29878e+05 Fmax= 8.43020e+03, atom= 1744
Step=  492, Dmax= 1.2e-02 nm, Epot= -5.29888e+05 Fmax= 1.08351e+04, atom= 1744
Step=  493, Dmax= 1.5e-02 nm, Epot= -5.29902e+05 Fmax= 1.21047e+04, atom= 1744
Step=  494, Dmax= 1.8e-02 nm, Epot= -5.29886e+05 Fmax= 1.55796e+04, atom= 1744
Step=  495, Dmax= 9.0e-03 nm, Epot= -5.29991e+05 Fmax= 1.74165e+03, atom= 1744
Step=  496, Dmax= 1.1e-02 nm, Epot= -5.30018e+05 Fmax= 1.46262e+04, atom= 1744
Step=  497, Dmax= 1.3e-02 nm, Epot= -5.30130e+05 Fmax= 5.35732e+03, atom= 1744
Step=  498, Dmax= 1.6e-02 nm, Epot= -5.30035e+05 Fmax= 1.83693e+04, atom= 1744
Step=  499, Dmax= 7.8e-03 nm, Epot= -5.30154e+05 Fmax= 6.51865e+03, atom= 1744
Step=  500, Dmax= 9.3e-03 nm, Epot= -5.30174e+05 Fmax= 7.88381e+03, atom= 1744
Step=  501, Dmax= 1.1e-02 nm, Epot= -5.30192e+05 Fmax= 9.23808e+03, atom= 1744
Step=  502, Dmax= 1.3e-02 nm, Epot= -5.30201e+05 Fmax= 1.14636e+04, atom= 1744
Step=  503, Dmax= 1.6e-02 nm, Epot= -5.30208e+05 Fmax= 1.31916e+04, atom= 1744
Step=  504, Dmax= 1.9e-02 nm, Epot= -5.30189e+05 Fmax= 1.65535e+04, atom= 1744
Step=  505, Dmax= 9.7e-03 nm, Epot= -5.30310e+05 Fmax= 1.68789e+03, atom= 1744
Step=  506, Dmax= 1.2e-02 nm, Epot= -5.30329e+05 Fmax= 1.59057e+04, atom= 1744
Step=  507, Dmax= 1.4e-02 nm, Epot= -5.30458e+05 Fmax= 5.58363e+03, atom= 1744
Step=  508, Dmax= 1.7e-02 nm, Epot= -5.30336e+05 Fmax= 1.99167e+04, atom= 1744
Step=  509, Dmax= 8.3e-03 nm, Epot= -5.30479e+05 Fmax= 7.18382e+03, atom= 1744
Step=  510, Dmax= 1.0e-02 nm, Epot= -5.30499e+05 Fmax= 8.29335e+03, atom= 1744
Step=  511, Dmax= 1.2e-02 nm, Epot= -5.30512e+05 Fmax= 1.01122e+04, atom= 1744
Step=  512, Dmax= 1.4e-02 nm, Epot= -5.30520e+05 Fmax= 1.21330e+04, atom= 1744
Step=  513, Dmax= 1.7e-02 nm, Epot= -5.30518e+05 Fmax= 1.43648e+04, atom= 1744
Step=  514, Dmax= 8.7e-03 nm, Epot= -5.30608e+05 Fmax= 1.13777e+03, atom= 1744
Step=  515, Dmax= 1.0e-02 nm, Epot= -5.30681e+05 Fmax= 1.52417e+04, atom= 1744
Step=  516, Dmax= 1.2e-02 nm, Epot= -5.30805e+05 Fmax= 3.91283e+03, atom= 1744
Step=  517, Dmax= 1.5e-02 nm, Epot= -5.30704e+05 Fmax= 1.92780e+04, atom= 1744
Step=  518, Dmax= 7.5e-03 nm, Epot= -5.30822e+05 Fmax= 7.69277e+03, atom= 1744
Step=  519, Dmax= 9.0e-03 nm, Epot= -5.30856e+05 Fmax= 6.05583e+03, atom= 1744
Step=  520, Dmax= 1.1e-02 nm, Epot= -5.30855e+05 Fmax= 1.05951e+04, atom= 1744
Step=  521, Dmax= 5.4e-03 nm, Epot= -5.30890e+05 Fmax= 2.26842e+03, atom= 1744
Step=  522, Dmax= 6.5e-03 nm, Epot= -5.30921e+05 Fmax= 7.54799e+03, atom= 1744
Step=  523, Dmax= 7.8e-03 nm, Epot= -5.30961e+05 Fmax= 4.43140e+03, atom= 1744
Step=  524, Dmax= 9.3e-03 nm, Epot= -5.30964e+05 Fmax= 9.78214e+03, atom= 1744
Step=  525, Dmax= 1.1e-02 nm, Epot= -5.31008e+05 Fmax= 7.44750e+03, atom= 1744
Step=  526, Dmax= 1.3e-02 nm, Epot= -5.30985e+05 Fmax= 1.30562e+04, atom= 1744
Step=  527, Dmax= 6.7e-03 nm, Epot= -5.31050e+05 Fmax= 2.81239e+03, atom= 1744
Step=  528, Dmax= 8.0e-03 nm, Epot= -5.31064e+05 Fmax= 9.68248e+03, atom= 1744
Step=  529, Dmax= 9.6e-03 nm, Epot= -5.31117e+05 Fmax= 5.10329e+03, atom= 1744
Step=  530, Dmax= 1.2e-02 nm, Epot= -5.31094e+05 Fmax= 1.28101e+04, atom= 1744
Step=  531, Dmax= 5.8e-03 nm, Epot= -5.31146e+05 Fmax= 3.85056e+03, atom= 1744
Step=  532, Dmax= 6.9e-03 nm, Epot= -5.31165e+05 Fmax= 6.75053e+03, atom= 1744
Step=  533, Dmax= 8.3e-03 nm, Epot= -5.31194e+05 Fmax= 6.13029e+03, atom= 1744
Step=  534, Dmax= 1.0e-02 nm, Epot= -5.31203e+05 Fmax= 9.17128e+03, atom= 1744
Step=  535, Dmax= 1.2e-02 nm, Epot= -5.31227e+05 Fmax= 9.34976e+03, atom= 1744
Step=  536, Dmax= 1.4e-02 nm, Epot= -5.31219e+05 Fmax= 1.26997e+04, atom= 1744
Step=  537, Dmax= 7.2e-03 nm, Epot= -5.31284e+05 Fmax= 1.68647e+03, atom= 1744
Step=  538, Dmax= 8.6e-03 nm, Epot= -5.31317e+05 Fmax= 1.18405e+04, atom= 1744
Step=  539, Dmax= 1.0e-02 nm, Epot= -5.31395e+05 Fmax= 4.06809e+03, atom= 1744
Step=  540, Dmax= 1.2e-02 nm, Epot= -5.31348e+05 Fmax= 1.52256e+04, atom= 1744
Step=  541, Dmax= 6.2e-03 nm, Epot= -5.31418e+05 Fmax= 5.57671e+03, atom= 1744
Step=  542, Dmax= 7.5e-03 nm, Epot= -5.31442e+05 Fmax= 5.84449e+03, atom= 1744
Step=  543, Dmax= 9.0e-03 nm, Epot= -5.31457e+05 Fmax= 8.01247e+03, atom= 1744
Step=  544, Dmax= 1.1e-02 nm, Epot= -5.31479e+05 Fmax= 8.45207e+03, atom= 1744
Step=  545, Dmax= 1.3e-02 nm, Epot= -5.31479e+05 Fmax= 1.14614e+04, atom= 1744
Step=  546, Dmax= 1.5e-02 nm, Epot= -5.31495e+05 Fmax= 1.22480e+04, atom= 1744
Step=  547, Dmax= 1.9e-02 nm, Epot= -5.31466e+05 Fmax= 1.63635e+04, atom= 1744
Step=  548, Dmax= 9.3e-03 nm, Epot= -5.31583e+05 Fmax= 2.06163e+03, atom= 1744
Step=  549, Dmax= 1.1e-02 nm, Epot= -5.31577e+05 Fmax= 1.48820e+04, atom= 1744
Step=  550, Dmax= 5.6e-03 nm, Epot= -5.31616e+05 Fmax= 6.40035e+03, atom= 1744
Step=  551, Dmax= 6.7e-03 nm, Epot= -5.31649e+05 Fmax= 3.93768e+03, atom= 1744
Step=  552, Dmax= 8.0e-03 nm, Epot= -5.31661e+05 Fmax= 8.31379e+03, atom= 1744
Step=  553, Dmax= 9.6e-03 nm, Epot= -5.31696e+05 Fmax= 6.55733e+03, atom= 1744
Step=  554, Dmax= 1.2e-02 nm, Epot= -5.31689e+05 Fmax= 1.11254e+04, atom= 1744
Step=  555, Dmax= 5.8e-03 nm, Epot= -5.31732e+05 Fmax= 2.28932e+03, atom= 1744
Step=  556, Dmax= 6.9e-03 nm, Epot= -5.31756e+05 Fmax= 8.51764e+03, atom= 1744
Step=  557, Dmax= 8.3e-03 nm, Epot= -5.31802e+05 Fmax= 4.23426e+03, atom= 1744
Step=  558, Dmax= 1.0e-02 nm, Epot= -5.31793e+05 Fmax= 1.12407e+04, atom= 1744
Step=  559, Dmax= 5.0e-03 nm, Epot= -5.31827e+05 Fmax= 3.50123e+03, atom= 1744
Step=  560, Dmax= 6.0e-03 nm, Epot= -5.31849e+05 Fmax= 5.63700e+03, atom= 1744
Step=  561, Dmax= 7.2e-03 nm, Epot= -5.31875e+05 Fmax= 5.48583e+03, atom= 1744
Step=  562, Dmax= 8.6e-03 nm, Epot= -5.31889e+05 Fmax= 7.70902e+03, atom= 1744
Step=  563, Dmax= 1.0e-02 nm, Epot= -5.31910e+05 Fmax= 8.28197e+03, atom= 1744
Step=  564, Dmax= 1.2e-02 nm, Epot= -5.31914e+05 Fmax= 1.07402e+04, atom= 1744
Step=  565, Dmax= 1.5e-02 nm, Epot= -5.31923e+05 Fmax= 1.22461e+04, atom= 1744
Step=  566, Dmax= 1.8e-02 nm, Epot= -5.31909e+05 Fmax= 1.51376e+04, atom= 1744
Step=  567, Dmax= 8.9e-03 nm, Epot= -5.32010e+05 Fmax= 1.46844e+03, atom= 1744
Step=  568, Dmax= 1.1e-02 nm, Epot= -5.32031e+05 Fmax= 1.53715e+04, atom= 1744
Step=  569, Dmax= 1.3e-02 nm, Epot= -5.32153e+05 Fmax= 4.41451e+03, atom= 1744
Step=  570, Dmax= 1.5e-02 nm, Epot= -5.32037e+05 Fmax= 1.95388e+04, atom= 1744
Step=  571, Dmax= 7.7e-03 nm, Epot= -5.32168e+05 Fmax= 7.56597e+03, atom= 1744
Step=  572, Dmax= 9.3e-03 nm, Epot= -5.32196e+05 Fmax= 6.64003e+03, atom= 1744
Step=  573, Dmax= 1.1e-02 nm, Epot= -5.32194e+05 Fmax= 1.05605e+04, atom= 1744
Step=  574, Dmax= 5.6e-03 nm, Epot= -5.32232e+05 Fmax= 1.95835e+03, atom= 1744
Step=  575, Dmax= 6.7e-03 nm, Epot= -5.32262e+05 Fmax= 8.16832e+03, atom= 1744
Step=  576, Dmax= 8.0e-03 nm, Epot= -5.32305e+05 Fmax= 4.21059e+03, atom= 1744
Step=  577, Dmax= 9.6e-03 nm, Epot= -5.32300e+05 Fmax= 1.04739e+04, atom= 1744
Step=  578, Dmax= 4.8e-03 nm, Epot= -5.32330e+05 Fmax= 3.13492e+03, atom= 1744
Step=  579, Dmax= 5.8e-03 nm, Epot= -5.32351e+05 Fmax= 5.82697e+03, atom= 1744
Step=  580, Dmax= 6.9e-03 nm, Epot= -5.32378e+05 Fmax= 4.76808e+03, atom= 1744
Step=  581, Dmax= 8.3e-03 nm, Epot= -5.32389e+05 Fmax= 8.09673e+03, atom= 1744
Step=  582, Dmax= 1.0e-02 nm, Epot= -5.32418e+05 Fmax= 7.17479e+03, atom= 1744
Step=  583, Dmax= 1.2e-02 nm, Epot= -5.32410e+05 Fmax= 1.13058e+04, atom= 1744
Step=  584, Dmax= 6.0e-03 nm, Epot= -5.32457e+05 Fmax= 2.06416e+03, atom= 1744
Step=  585, Dmax= 7.2e-03 nm, Epot= -5.32482e+05 Fmax= 8.82879e+03, atom= 1744
Step=  586, Dmax= 8.6e-03 nm, Epot= -5.32529e+05 Fmax= 4.47535e+03, atom= 1744
Step=  587, Dmax= 1.0e-02 nm, Epot= -5.32516e+05 Fmax= 1.13144e+04, atom= 1744
Step=  588, Dmax= 5.2e-03 nm, Epot= -5.32554e+05 Fmax= 3.42297e+03, atom= 1744
Step=  589, Dmax= 6.2e-03 nm, Epot= -5.32573e+05 Fmax= 6.20337e+03, atom= 1744
Step=  590, Dmax= 7.4e-03 nm, Epot= -5.32600e+05 Fmax= 5.18832e+03, atom= 1744
Step=  591, Dmax= 8.9e-03 nm, Epot= -5.32607e+05 Fmax= 8.63382e+03, atom= 1744
Step=  592, Dmax= 1.1e-02 nm, Epot= -5.32636e+05 Fmax= 7.78443e+03, atom= 1744
Step=  593, Dmax= 1.3e-02 nm, Epot= -5.32623e+05 Fmax= 1.20725e+04, atom= 1744
Step=  594, Dmax= 6.4e-03 nm, Epot= -5.32679e+05 Fmax= 2.14301e+03, atom= 1744
Step=  595, Dmax= 7.7e-03 nm, Epot= -5.32699e+05 Fmax= 9.57474e+03, atom= 1744
Step=  596, Dmax= 9.3e-03 nm, Epot= -5.32751e+05 Fmax= 4.72278e+03, atom= 1744
Step=  597, Dmax= 1.1e-02 nm, Epot= -5.32728e+05 Fmax= 1.22556e+04, atom= 1744
Step=  598, Dmax= 5.6e-03 nm, Epot= -5.32776e+05 Fmax= 3.77067e+03, atom= 1744
Step=  599, Dmax= 6.7e-03 nm, Epot= -5.32793e+05 Fmax= 6.56812e+03, atom= 1744
Step=  600, Dmax= 8.0e-03 nm, Epot= -5.32820e+05 Fmax= 5.68043e+03, atom= 1744
Step=  601, Dmax= 9.6e-03 nm, Epot= -5.32824e+05 Fmax= 9.16862e+03, atom= 1744
Step=  602, Dmax= 1.2e-02 nm, Epot= -5.32851e+05 Fmax= 8.48153e+03, atom= 1744
Step=  603, Dmax= 1.4e-02 nm, Epot= -5.32834e+05 Fmax= 1.28531e+04, atom= 1744
Step=  604, Dmax= 6.9e-03 nm, Epot= -5.32900e+05 Fmax= 2.18504e+03, atom= 1744
Step=  605, Dmax= 8.3e-03 nm, Epot= -5.32914e+05 Fmax= 1.04177e+04, atom= 1744
Step=  606, Dmax= 1.0e-02 nm, Epot= -5.32973e+05 Fmax= 4.94775e+03, atom= 1744
Step=  607, Dmax= 1.2e-02 nm, Epot= -5.32937e+05 Fmax= 1.33079e+04, atom= 1744
Step=  608, Dmax= 6.0e-03 nm, Epot= -5.32997e+05 Fmax= 4.18529e+03, atom= 1744
Step=  609, Dmax= 7.2e-03 nm, Epot= -5.33012e+05 Fmax= 6.91852e+03, atom= 1744
Step=  610, Dmax= 8.6e-03 nm, Epot= -5.33037e+05 Fmax= 6.25081e+03, atom= 1744
Step=  611, Dmax= 1.0e-02 nm, Epot= -5.33039e+05 Fmax= 9.70137e+03, atom= 1744
Step=  612, Dmax= 1.2e-02 nm, Epot= -5.33064e+05 Fmax= 9.27268e+03, atom= 1744
Step=  613, Dmax= 1.5e-02 nm, Epot= -5.33043e+05 Fmax= 1.36492e+04, atom= 1744
Step=  614, Dmax= 7.4e-03 nm, Epot= -5.33120e+05 Fmax= 2.18788e+03, atom= 1744
Step=  615, Dmax= 8.9e-03 nm, Epot= -5.33127e+05 Fmax= 1.13657e+04, atom= 1744
Step=  616, Dmax= 1.1e-02 nm, Epot= -5.33195e+05 Fmax= 5.14818e+03, atom= 1744
Step=  617, Dmax= 1.3e-02 nm, Epot= -5.33145e+05 Fmax= 1.44797e+04, atom= 1744
Step=  618, Dmax= 6.4e-03 nm, Epot= -5.33218e+05 Fmax= 4.67196e+03, atom= 1744
Step=  619, Dmax= 7.7e-03 nm, Epot= -5.33232e+05 Fmax= 7.25372e+03, atom= 1744
Step=  620, Dmax= 9.2e-03 nm, Epot= -5.33255e+05 Fmax= 6.90512e+03, atom= 1744
Step=  621, Dmax= 1.1e-02 nm, Epot= -5.33255e+05 Fmax= 1.02321e+04, atom= 1744
Step=  622, Dmax= 5.5e-03 nm, Epot= -5.33292e+05 Fmax= 1.66255e+03, atom= 1744
Step=  623, Dmax= 6.7e-03 nm, Epot= -5.33326e+05 Fmax= 8.41355e+03, atom= 1744
Step=  624, Dmax= 8.0e-03 nm, Epot= -5.33370e+05 Fmax= 3.92504e+03, atom= 1744
Step=  625, Dmax= 9.6e-03 nm, Epot= -5.33361e+05 Fmax= 1.07105e+04, atom= 1744
Step=  626, Dmax= 4.8e-03 nm, Epot= -5.33392e+05 Fmax= 3.39598e+03, atom= 1744
Step=  627, Dmax= 5.8e-03 nm, Epot= -5.33412e+05 Fmax= 5.52863e+03, atom= 1744
Step=  628, Dmax= 6.9e-03 nm, Epot= -5.33435e+05 Fmax= 5.03304e+03, atom= 1744
Step=  629, Dmax= 8.3e-03 nm, Epot= -5.33446e+05 Fmax= 7.78348e+03, atom= 1744
Step=  630, Dmax= 9.9e-03 nm, Epot= -5.33469e+05 Fmax= 7.44140e+03, atom= 1744
Step=  631, Dmax= 1.2e-02 nm, Epot= -5.33464e+05 Fmax= 1.09739e+04, atom= 1744
Step=  632, Dmax= 6.0e-03 nm, Epot= -5.33509e+05 Fmax= 1.76489e+03, atom= 1744
Step=  633, Dmax= 7.2e-03 nm, Epot= -5.33537e+05 Fmax= 9.08100e+03, atom= 1744
Step=  634, Dmax= 8.6e-03 nm, Epot= -5.33586e+05 Fmax= 4.17873e+03, atom= 1744
Step=  635, Dmax= 1.0e-02 nm, Epot= -5.33569e+05 Fmax= 1.15616e+04, atom= 1744
Step=  636, Dmax= 5.2e-03 nm, Epot= -5.33608e+05 Fmax= 3.69520e+03, atom= 1744
Step=  637, Dmax= 6.2e-03 nm, Epot= -5.33626e+05 Fmax= 5.89014e+03, atom= 1744
Step=  638, Dmax= 7.4e-03 nm, Epot= -5.33650e+05 Fmax= 5.46738e+03, atom= 1744
Step=  639, Dmax= 8.9e-03 nm, Epot= -5.33657e+05 Fmax= 8.30173e+03, atom= 1744
Step=  640, Dmax= 1.1e-02 nm, Epot= -5.33680e+05 Fmax= 8.06726e+03, atom= 1744
Step=  641, Dmax= 1.3e-02 nm, Epot= -5.33670e+05 Fmax= 1.17187e+04, atom= 1744
Step=  642, Dmax= 6.4e-03 nm, Epot= -5.33724e+05 Fmax= 1.82501e+03, atom= 1744
Step=  643, Dmax= 7.7e-03 nm, Epot= -5.33747e+05 Fmax= 9.84617e+03, atom= 1744
Step=  644, Dmax= 9.2e-03 nm, Epot= -5.33801e+05 Fmax= 4.40358e+03, atom= 1744
Step=  645, Dmax= 1.1e-02 nm, Epot= -5.33774e+05 Fmax= 1.25236e+04, atom= 1744
Step=  646, Dmax= 5.5e-03 nm, Epot= -5.33824e+05 Fmax= 4.06447e+03, atom= 1744
Step=  647, Dmax= 6.6e-03 nm, Epot= -5.33840e+05 Fmax= 6.23023e+03, atom= 1744
Step=  648, Dmax= 8.0e-03 nm, Epot= -5.33862e+05 Fmax= 5.98259e+03, atom= 1744
Step=  649, Dmax= 9.6e-03 nm, Epot= -5.33868e+05 Fmax= 8.80911e+03, atom= 1744
Step=  650, Dmax= 1.1e-02 nm, Epot= -5.33889e+05 Fmax= 8.78888e+03, atom= 1744
Step=  651, Dmax= 1.4e-02 nm, Epot= -5.33876e+05 Fmax= 1.24690e+04, atom= 1744
Step=  652, Dmax= 6.9e-03 nm, Epot= -5.33939e+05 Fmax= 1.83928e+03, atom= 1744
Step=  653, Dmax= 8.3e-03 nm, Epot= -5.33956e+05 Fmax= 1.07166e+04, atom= 1744
Step=  654, Dmax= 9.9e-03 nm, Epot= -5.34019e+05 Fmax= 4.59753e+03, atom= 1744
Step=  655, Dmax= 1.2e-02 nm, Epot= -5.33978e+05 Fmax= 1.36047e+04, atom= 1744
Step=  656, Dmax= 6.0e-03 nm, Epot= -5.34040e+05 Fmax= 4.50925e+03, atom= 1744
Step=  657, Dmax= 7.1e-03 nm, Epot= -5.34055e+05 Fmax= 6.54722e+03, atom= 1744
Step=  658, Dmax= 8.6e-03 nm, Epot= -5.34075e+05 Fmax= 6.58409e+03, atom= 1744
Step=  659, Dmax= 1.0e-02 nm, Epot= -5.34079e+05 Fmax= 9.30606e+03, atom= 1744
Step=  660, Dmax= 1.2e-02 nm, Epot= -5.34097e+05 Fmax= 9.61258e+03, atom= 1744
Step=  661, Dmax= 1.5e-02 nm, Epot= -5.34081e+05 Fmax= 1.32258e+04, atom= 1744
Step=  662, Dmax= 7.4e-03 nm, Epot= -5.34154e+05 Fmax= 1.80691e+03, atom= 1744
Step=  663, Dmax= 8.9e-03 nm, Epot= -5.34167e+05 Fmax= 1.16986e+04, atom= 1744
Step=  664, Dmax= 1.1e-02 nm, Epot= -5.34239e+05 Fmax= 4.76137e+03, atom= 1744
Step=  665, Dmax= 1.3e-02 nm, Epot= -5.34183e+05 Fmax= 1.48106e+04, atom= 1744
Step=  666, Dmax= 6.4e-03 nm, Epot= -5.34259e+05 Fmax= 5.03125e+03, atom= 1744
Step=  667, Dmax= 7.7e-03 nm, Epot= -5.34273e+05 Fmax= 6.84432e+03, atom= 1744
Step=  668, Dmax= 9.2e-03 nm, Epot= -5.34291e+05 Fmax= 7.27444e+03, atom= 1744
Step=  669, Dmax= 1.1e-02 nm, Epot= -5.34294e+05 Fmax= 9.79604e+03, atom= 1744
Step=  670, Dmax= 1.3e-02 nm, Epot= -5.34308e+05 Fmax= 1.05415e+04, atom= 1744
Step=  671, Dmax= 1.6e-02 nm, Epot= -5.34290e+05 Fmax= 1.39947e+04, atom= 1744
Step=  672, Dmax= 8.0e-03 nm, Epot= -5.34374e+05 Fmax= 1.72835e+03, atom= 1744
Step=  673, Dmax= 9.6e-03 nm, Epot= -5.34382e+05 Fmax= 1.27964e+04, atom= 1744
Step=  674, Dmax= 1.1e-02 nm, Epot= -5.34466e+05 Fmax= 4.89666e+03, atom= 1744
Step=  675, Dmax= 1.4e-02 nm, Epot= -5.34391e+05 Fmax= 1.61464e+04, atom= 1744
Step=  676, Dmax= 6.9e-03 nm, Epot= -5.34484e+05 Fmax= 5.63356e+03, atom= 1744
Step=  677, Dmax= 8.3e-03 nm, Epot= -5.34498e+05 Fmax= 7.12279e+03, atom= 1744
Step=  678, Dmax= 9.9e-03 nm, Epot= -5.34513e+05 Fmax= 8.05749e+03, atom= 1744
Step=  679, Dmax= 1.2e-02 nm, Epot= -5.34516e+05 Fmax= 1.02822e+04, atom= 1744
Step=  680, Dmax= 1.4e-02 nm, Epot= -5.34523e+05 Fmax= 1.15799e+04, atom= 1744
Step=  681, Dmax= 1.7e-02 nm, Epot= -5.34505e+05 Fmax= 1.47805e+04, atom= 1744
Step=  682, Dmax= 8.6e-03 nm, Epot= -5.34601e+05 Fmax= 1.60366e+03, atom= 1744
Step=  683, Dmax= 1.0e-02 nm, Epot= -5.34605e+05 Fmax= 1.40150e+04, atom= 1744
Step=  684, Dmax= 1.2e-02 nm, Epot= -5.34704e+05 Fmax= 5.00759e+03, atom= 1744
Step=  685, Dmax= 1.5e-02 nm, Epot= -5.34607e+05 Fmax= 1.76147e+04, atom= 1744
Step=  686, Dmax= 7.4e-03 nm, Epot= -5.34720e+05 Fmax= 6.31552e+03, atom= 1744
Step=  687, Dmax= 8.9e-03 nm, Epot= -5.34735e+05 Fmax= 7.38910e+03, atom= 1744
Step=  688, Dmax= 1.1e-02 nm, Epot= -5.34744e+05 Fmax= 8.93172e+03, atom= 1744
Step=  689, Dmax= 1.3e-02 nm, Epot= -5.34748e+05 Fmax= 1.07717e+04, atom= 1744
Step=  690, Dmax= 1.5e-02 nm, Epot= -5.34747e+05 Fmax= 1.27282e+04, atom= 1744
Step=  691, Dmax= 7.7e-03 nm, Epot= -5.34817e+05 Fmax= 9.93813e+02, atom= 1744

writing lowest energy coordinates.

Steepest Descents converged to Fmax < 1000 in 692 steps
Potential Energy  = -5.3481681e+05
Maximum force     =  9.9381335e+02 on atom 1744
Norm of force     =  2.0695607e+01

GROMACS reminds you: "If you want to save your child from polio, you can pray or you can inoculate... choose science." (Carl Sagan)

