
--- stderr ---
                :-) GROMACS - gmx mdrun, 2024.5-conda_forge (-:

Executable:   /usr/local/Caskroom/miniforge/base/envs/gromacs_env/bin.AVX2_256/gmx
Data prefix:  /usr/local/Caskroom/miniforge/base/envs/gromacs_env
Working dir:  /Users/laetitiaguerin/Library/CloudStorage/OneDrive-Personal/Documents/BSc_Nanobiology/Year_5/BEP/Energy_minimization/tleap_runs/P00207_T10I
Command line:
  gmx mdrun -v -deffnm P00207_T10I_minim

The current CPU can measure timings more accurately than the code in
gmx mdrun was configured to use. This might affect your simulation
speed as accurate timings are needed for load-balancing.
Please consider rebuilding gmx mdrun with the GMX_USE_RDTSCP=ON CMake option.
Reading file P00207_T10I_minim.tpr, VERSION 2024.5-conda_forge (single precision)

Using 1 MPI thread
Using 8 OpenMP threads 


Steepest Descents:
   Tolerance (Fmax)   =  1.00000e+03
   Number of steps    =        50000
Step=    0, Dmax= 1.0e-02 nm, Epot= -1.70327e+05 Fmax= 4.05358e+03, atom= 161
Step=    1, Dmax= 1.0e-02 nm, Epot= -1.73256e+05 Fmax= 8.09202e+03, atom= 161
Step=    2, Dmax= 1.2e-02 nm, Epot= -1.74744e+05 Fmax= 8.11212e+03, atom= 161
Step=    3, Dmax= 1.4e-02 nm, Epot= -1.76145e+05 Fmax= 1.08808e+04, atom= 161
Step=    4, Dmax= 1.7e-02 nm, Epot= -1.77235e+05 Fmax= 1.26444e+04, atom= 161
Step=    5, Dmax= 2.1e-02 nm, Epot= -1.78136e+05 Fmax= 1.51930e+04, atom= 161
Step=    6, Dmax= 2.5e-02 nm, Epot= -1.78792e+05 Fmax= 1.86037e+04, atom= 161
Step=    7, Dmax= 3.0e-02 nm, Epot= -1.79171e+05 Fmax= 2.17357e+04, atom= 161
Step=    8, Dmax= 3.6e-02 nm, Epot= -1.78917e+05 Fmax= 2.67964e+04, atom= 161
Step=    9, Dmax= 1.8e-02 nm, Epot= -1.80720e+05 Fmax= 4.15117e+03, atom= 832
Step=   10, Dmax= 2.1e-02 nm, Epot= -1.80977e+05 Fmax= 2.90203e+04, atom= 228
Step=   11, Dmax= 2.6e-02 nm, Epot= -1.83100e+05 Fmax= 1.00930e+04, atom= 832
Step=   12, Dmax= 3.1e-02 nm, Epot= -1.81273e+05 Fmax= 3.67349e+04, atom= 832
Step=   13, Dmax= 1.5e-02 nm, Epot= -1.83442e+05 Fmax= 1.33868e+04, atom= 672
Step=   14, Dmax= 1.9e-02 nm, Epot= -1.83787e+05 Fmax= 1.49487e+04, atom= 672
Step=   15, Dmax= 2.2e-02 nm, Epot= -1.83933e+05 Fmax= 1.92325e+04, atom= 672
Step=   16, Dmax= 2.7e-02 nm, Epot= -1.84131e+05 Fmax= 2.15046e+04, atom= 672
Step=   17, Dmax= 3.2e-02 nm, Epot= -1.83929e+05 Fmax= 2.74781e+04, atom= 672
Step=   18, Dmax= 1.6e-02 nm, Epot= -1.85308e+05 Fmax= 3.05645e+03, atom= 672
Step=   19, Dmax= 1.9e-02 nm, Epot= -1.85541e+05 Fmax= 2.60743e+04, atom= 672
Step=   20, Dmax= 2.3e-02 nm, Epot= -1.86928e+05 Fmax= 9.47830e+03, atom= 672
Step=   21, Dmax= 2.8e-02 nm, Epot= -1.85559e+05 Fmax= 3.27152e+04, atom= 672
Step=   22, Dmax= 1.4e-02 nm, Epot= -1.87138e+05 Fmax= 1.16678e+04, atom= 672
Step=   23, Dmax= 1.7e-02 nm, Epot= -1.87315e+05 Fmax= 1.39133e+04, atom= 672
Step=   24, Dmax= 2.0e-02 nm, Epot= -1.87431e+05 Fmax= 1.65342e+04, atom= 672
Step=   25, Dmax= 2.4e-02 nm, Epot= -1.87443e+05 Fmax= 2.01739e+04, atom= 672
Step=   26, Dmax= 2.9e-02 nm, Epot= -1.87396e+05 Fmax= 2.35627e+04, atom= 672
Step=   27, Dmax= 1.4e-02 nm, Epot= -1.88365e+05 Fmax= 1.78905e+03, atom= 672
Step=   28, Dmax= 1.7e-02 nm, Epot= -1.88806e+05 Fmax= 2.51842e+04, atom= 672
Step=   29, Dmax= 2.1e-02 nm, Epot= -1.90023e+05 Fmax= 6.68188e+03, atom= 672
Step=   30, Dmax= 2.5e-02 nm, Epot= -1.88787e+05 Fmax= 3.14547e+04, atom= 672
Step=   31, Dmax= 1.2e-02 nm, Epot= -1.90079e+05 Fmax= 1.24662e+04, atom= 672
Step=   32, Dmax= 1.5e-02 nm, Epot= -1.90326e+05 Fmax= 1.03129e+04, atom= 672
Step=   33, Dmax= 1.8e-02 nm, Epot= -1.90210e+05 Fmax= 1.71650e+04, atom= 672
Step=   34, Dmax= 8.9e-03 nm, Epot= -1.90615e+05 Fmax= 3.43412e+03, atom= 672
Step=   35, Dmax= 1.1e-02 nm, Epot= -1.90730e+05 Fmax= 1.28489e+04, atom= 672
Step=   36, Dmax= 1.3e-02 nm, Epot= -1.91070e+05 Fmax= 6.93553e+03, atom= 672
Step=   37, Dmax= 1.5e-02 nm, Epot= -1.90912e+05 Fmax= 1.68903e+04, atom= 914
Step=   38, Dmax= 7.7e-03 nm, Epot= -1.91247e+05 Fmax= 4.98870e+03, atom= 914
Step=   39, Dmax= 9.3e-03 nm, Epot= -1.91359e+05 Fmax= 9.22198e+03, atom= 914
Step=   40, Dmax= 1.1e-02 nm, Epot= -1.91538e+05 Fmax= 7.95245e+03, atom= 914
Step=   41, Dmax= 1.3e-02 nm, Epot= -1.91566e+05 Fmax= 1.25506e+04, atom= 914
Step=   42, Dmax= 1.6e-02 nm, Epot= -1.91728e+05 Fmax= 1.21348e+04, atom= 914
Step=   43, Dmax= 1.9e-02 nm, Epot= -1.91645e+05 Fmax= 1.73783e+04, atom= 914
Step=   44, Dmax= 9.6e-03 nm, Epot= -1.92045e+05 Fmax= 2.65054e+03, atom= 914
Step=   45, Dmax= 1.2e-02 nm, Epot= -1.92151e+05 Fmax= 1.52643e+04, atom= 914
Step=   46, Dmax= 1.4e-02 nm, Epot= -1.92543e+05 Fmax= 6.07996e+03, atom= 914
Step=   47, Dmax= 1.7e-02 nm, Epot= -1.92303e+05 Fmax= 1.95560e+04, atom= 914
Step=   48, Dmax= 8.3e-03 nm, Epot= -1.92665e+05 Fmax= 6.73483e+03, atom= 914
Step=   49, Dmax= 1.0e-02 nm, Epot= -1.92766e+05 Fmax= 8.59271e+03, atom= 914
Step=   50, Dmax= 1.2e-02 nm, Epot= -1.92865e+05 Fmax= 9.84038e+03, atom= 914
Step=   51, Dmax= 1.4e-02 nm, Epot= -1.92927e+05 Fmax= 1.22322e+04, atom= 914
Step=   52, Dmax= 1.7e-02 nm, Epot= -1.92982e+05 Fmax= 1.42685e+04, atom= 914
Step=   53, Dmax= 2.1e-02 nm, Epot= -1.92973e+05 Fmax= 1.74708e+04, atom= 914
Step=   54, Dmax= 1.0e-02 nm, Epot= -1.93322e+05 Fmax= 1.64569e+03, atom= 914
Step=   55, Dmax= 1.2e-02 nm, Epot= -1.93587e+05 Fmax= 1.75498e+04, atom= 914
Step=   56, Dmax= 1.5e-02 nm, Epot= -1.94000e+05 Fmax= 5.46782e+03, atom= 914
Step=   57, Dmax= 1.8e-02 nm, Epot= -1.93720e+05 Fmax= 2.20078e+04, atom= 914
Step=   58, Dmax= 8.9e-03 nm, Epot= -1.94083e+05 Fmax= 8.27852e+03, atom= 914
Step=   59, Dmax= 1.1e-02 nm, Epot= -1.94184e+05 Fmax= 8.23556e+03, atom= 914
Step=   60, Dmax= 1.3e-02 nm, Epot= -1.94228e+05 Fmax= 1.15515e+04, atom= 914
Step=   61, Dmax= 1.5e-02 nm, Epot= -1.94311e+05 Fmax= 1.21983e+04, atom= 914
Step=   62, Dmax= 1.9e-02 nm, Epot= -1.94294e+05 Fmax= 1.62555e+04, atom= 914
Step=   63, Dmax= 9.3e-03 nm, Epot= -1.94530e+05 Fmax= 2.03695e+03, atom= 914
Step=   64, Dmax= 1.1e-02 nm, Epot= -1.94680e+05 Fmax= 1.50451e+04, atom= 914
Step=   65, Dmax= 1.3e-02 nm, Epot= -1.94953e+05 Fmax= 5.47103e+03, atom= 914
Step=   66, Dmax= 1.6e-02 nm, Epot= -1.94795e+05 Fmax= 1.91691e+04, atom= 914
Step=   67, Dmax= 8.0e-03 nm, Epot= -1.95034e+05 Fmax= 6.86301e+03, atom= 914
Step=   68, Dmax= 9.6e-03 nm, Epot= -1.95111e+05 Fmax= 7.90336e+03, atom= 914
Step=   69, Dmax= 1.2e-02 nm, Epot= -1.95172e+05 Fmax= 9.84420e+03, atom= 914
Step=   70, Dmax= 1.4e-02 nm, Epot= -1.95229e+05 Fmax= 1.14064e+04, atom= 914
Step=   71, Dmax= 1.7e-02 nm, Epot= -1.95254e+05 Fmax= 1.41139e+04, atom= 914
Step=   72, Dmax= 2.0e-02 nm, Epot= -1.95272e+05 Fmax= 1.64406e+04, atom= 914
Step=   73, Dmax= 2.4e-02 nm, Epot= -1.95225e+05 Fmax= 2.02103e+04, atom= 914
Step=   74, Dmax= 1.2e-02 nm, Epot= -1.95582e+05 Fmax= 1.94859e+03, atom= 914
Step=   75, Dmax= 1.4e-02 nm, Epot= -1.95654e+05 Fmax= 2.00731e+04, atom= 914
Step=   76, Dmax= 1.7e-02 nm, Epot= -1.96040e+05 Fmax= 6.54262e+03, atom= 914
Step=   77, Dmax= 2.1e-02 nm, Epot= -1.95688e+05 Fmax= 2.51318e+04, atom= 914
Step=   78, Dmax= 1.0e-02 nm, Epot= -1.96090e+05 Fmax= 9.30718e+03, atom= 914
Step=   79, Dmax= 1.2e-02 nm, Epot= -1.96157e+05 Fmax= 9.78254e+03, atom= 914
Step=   80, Dmax= 1.5e-02 nm, Epot= -1.96175e+05 Fmax= 1.30412e+04, atom= 914
Step=   81, Dmax= 1.8e-02 nm, Epot= -1.96217e+05 Fmax= 1.43921e+04, atom= 914
Step=   82, Dmax= 2.1e-02 nm, Epot= -1.96182e+05 Fmax= 1.84240e+04, atom= 914
Step=   83, Dmax= 1.1e-02 nm, Epot= -1.96435e+05 Fmax= 2.03290e+03, atom= 914
Step=   84, Dmax= 1.3e-02 nm, Epot= -1.96504e+05 Fmax= 1.77530e+04, atom= 914
Step=   85, Dmax= 1.5e-02 nm, Epot= -1.96785e+05 Fmax= 5.94521e+03, atom= 914
Step=   86, Dmax= 1.8e-02 nm, Epot= -1.96546e+05 Fmax= 2.25416e+04, atom= 914
Step=   87, Dmax= 9.2e-03 nm, Epot= -1.96836e+05 Fmax= 8.32153e+03, atom= 914
Step=   88, Dmax= 1.1e-02 nm, Epot= -1.96896e+05 Fmax= 8.72093e+03, atom= 914
Step=   89, Dmax= 1.3e-02 nm, Epot= -1.96920e+05 Fmax= 1.17857e+04, atom= 914
Step=   90, Dmax= 1.6e-02 nm, Epot= -1.96966e+05 Fmax= 1.27388e+04, atom= 914
Step=   91, Dmax= 1.9e-02 nm, Epot= -1.96944e+05 Fmax= 1.67269e+04, atom= 914
Step=   92, Dmax= 9.6e-03 nm, Epot= -1.97132e+05 Fmax= 2.02606e+03, atom= 914
Step=   93, Dmax= 1.1e-02 nm, Epot= -1.97211e+05 Fmax= 1.55972e+04, atom= 914
Step=   94, Dmax= 1.4e-02 nm, Epot= -1.97417e+05 Fmax= 5.71456e+03, atom= 914
Step=   95, Dmax= 1.7e-02 nm, Epot= -1.97274e+05 Fmax= 1.97051e+04, atom= 914
Step=   96, Dmax= 8.3e-03 nm, Epot= -1.97470e+05 Fmax= 6.99405e+03, atom= 914
Step=   97, Dmax= 9.9e-03 nm, Epot= -1.97518e+05 Fmax= 8.32991e+03, atom= 914
Step=   98, Dmax= 1.2e-02 nm, Epot= -1.97559e+05 Fmax= 9.97925e+03, atom= 914
Step=   99, Dmax= 1.4e-02 nm, Epot= -1.97588e+05 Fmax= 1.20548e+04, atom= 914
Step=  100, Dmax= 1.7e-02 nm, Epot= -1.97605e+05 Fmax= 1.42941e+04, atom= 914
Step=  101, Dmax= 2.1e-02 nm, Epot= -1.97594e+05 Fmax= 1.73620e+04, atom= 914
Step=  102, Dmax= 1.0e-02 nm, Epot= -1.97788e+05 Fmax= 1.57942e+03, atom= 914
Step=  103, Dmax= 1.2e-02 nm, Epot= -1.97904e+05 Fmax= 1.72995e+04, atom= 914
Step=  104, Dmax= 1.5e-02 nm, Epot= -1.98131e+05 Fmax= 5.64691e+03, atom= 914
Step=  105, Dmax= 1.8e-02 nm, Epot= -1.97949e+05 Fmax= 2.16496e+04, atom= 914
Step=  106, Dmax= 8.9e-03 nm, Epot= -1.98172e+05 Fmax= 8.00949e+03, atom= 914
Step=  107, Dmax= 1.1e-02 nm, Epot= -1.98220e+05 Fmax= 8.46663e+03, atom= 914
Step=  108, Dmax= 1.3e-02 nm, Epot= -1.98242e+05 Fmax= 1.12107e+04, atom= 914
Step=  109, Dmax= 1.5e-02 nm, Epot= -1.98275e+05 Fmax= 1.24690e+04, atom= 914
Step=  110, Dmax= 1.8e-02 nm, Epot= -1.98266e+05 Fmax= 1.58440e+04, atom= 914
Step=  111, Dmax= 9.2e-03 nm, Epot= -1.98409e+05 Fmax= 1.69802e+03, atom= 914
Step=  112, Dmax= 1.1e-02 nm, Epot= -1.98499e+05 Fmax= 1.54170e+04, atom= 914
Step=  113, Dmax= 1.3e-02 nm, Epot= -1.98675e+05 Fmax= 5.01467e+03, atom= 914
Step=  114, Dmax= 1.6e-02 nm, Epot= -1.98550e+05 Fmax= 1.95766e+04, atom= 914
Step=  115, Dmax= 8.0e-03 nm, Epot= -1.98714e+05 Fmax= 7.29785e+03, atom= 914
Step=  116, Dmax= 9.6e-03 nm, Epot= -1.98761e+05 Fmax= 7.39524e+03, atom= 914
Step=  117, Dmax= 1.1e-02 nm, Epot= -1.98783e+05 Fmax= 1.03011e+04, atom= 914
Step=  118, Dmax= 1.4e-02 nm, Epot= -1.98823e+05 Fmax= 1.08514e+04, atom= 914
Step=  119, Dmax= 1.7e-02 nm, Epot= -1.98814e+05 Fmax= 1.45825e+04, atom= 914
Step=  120, Dmax= 8.3e-03 nm, Epot= -1.98926e+05 Fmax= 1.88756e+03, atom= 914
Step=  121, Dmax= 9.9e-03 nm, Epot= -1.98998e+05 Fmax= 1.32879e+04, atom= 914
Step=  122, Dmax= 1.2e-02 nm, Epot= -1.99127e+05 Fmax= 5.08269e+03, atom= 914
Step=  123, Dmax= 1.4e-02 nm, Epot= -1.99056e+05 Fmax= 1.68368e+04, atom= 914
Step=  124, Dmax= 7.1e-03 nm, Epot= -1.99169e+05 Fmax= 5.87497e+03, atom= 914
Step=  125, Dmax= 8.6e-03 nm, Epot= -1.99206e+05 Fmax= 7.34494e+03, atom= 914
Step=  126, Dmax= 1.0e-02 nm, Epot= -1.99242e+05 Fmax= 8.44486e+03, atom= 914
Step=  127, Dmax= 1.2e-02 nm, Epot= -1.99265e+05 Fmax= 1.05660e+04, atom= 914
Step=  128, Dmax= 1.5e-02 nm, Epot= -1.99288e+05 Fmax= 1.21656e+04, atom= 914
Step=  129, Dmax= 1.8e-02 nm, Epot= -1.99284e+05 Fmax= 1.51580e+04, atom= 914
Step=  130, Dmax= 8.9e-03 nm, Epot= -1.99404e+05 Fmax= 1.52627e+03, atom= 914
Step=  131, Dmax= 1.1e-02 nm, Epot= -1.99497e+05 Fmax= 1.47556e+04, atom= 914
Step=  132, Dmax= 1.3e-02 nm, Epot= -1.99644e+05 Fmax= 5.00877e+03, atom= 914
Step=  133, Dmax= 1.5e-02 nm, Epot= -1.99544e+05 Fmax= 1.85434e+04, atom= 914
Step=  134, Dmax= 7.7e-03 nm, Epot= -1.99679e+05 Fmax= 6.76881e+03, atom= 914
Step=  135, Dmax= 9.2e-03 nm, Epot= -1.99715e+05 Fmax= 7.43921e+03, atom= 914
Step=  136, Dmax= 1.1e-02 nm, Epot= -1.99739e+05 Fmax= 9.53307e+03, atom= 914
Step=  137, Dmax= 1.3e-02 nm, Epot= -1.99765e+05 Fmax= 1.08948e+04, atom= 914
Step=  138, Dmax= 1.6e-02 nm, Epot= -1.99770e+05 Fmax= 1.35354e+04, atom= 914
Step=  139, Dmax= 1.9e-02 nm, Epot= -1.99772e+05 Fmax= 1.58189e+04, atom= 914
Step=  140, Dmax= 2.3e-02 nm, Epot= -1.99741e+05 Fmax= 1.92965e+04, atom= 914
Step=  141, Dmax= 1.1e-02 nm, Epot= -1.99944e+05 Fmax= 1.76593e+03, atom= 914
Step=  142, Dmax= 1.4e-02 nm, Epot= -1.99953e+05 Fmax= 1.93774e+04, atom= 914
Step=  143, Dmax= 1.7e-02 nm, Epot= -2.00179e+05 Fmax= 6.02248e+03, atom= 914
Step=  144, Dmax= 2.0e-02 nm, Epot= -1.99938e+05 Fmax= 2.44701e+04, atom= 914
Step=  145, Dmax= 9.9e-03 nm, Epot= -2.00197e+05 Fmax= 9.26226e+03, atom= 914
Step=  146, Dmax= 1.2e-02 nm, Epot= -2.00236e+05 Fmax= 8.99083e+03, atom= 914
Step=  147, Dmax= 1.4e-02 nm, Epot= -2.00229e+05 Fmax= 1.29582e+04, atom= 914
Step=  148, Dmax= 7.1e-03 nm, Epot= -2.00304e+05 Fmax= 1.99720e+03, atom= 914
Step=  149, Dmax= 8.6e-03 nm, Epot= -2.00354e+05 Fmax= 1.11063e+04, atom= 914
Step=  150, Dmax= 1.0e-02 nm, Epot= -2.00439e+05 Fmax= 4.72328e+03, atom= 914
Step=  151, Dmax= 1.2e-02 nm, Epot= -2.00406e+05 Fmax= 1.41886e+04, atom= 914
Step=  152, Dmax= 6.2e-03 nm, Epot= -2.00475e+05 Fmax= 4.72979e+03, atom= 914
Step=  153, Dmax= 7.4e-03 nm, Epot= -2.00504e+05 Fmax= 6.66890e+03, atom= 914
Step=  154, Dmax= 8.9e-03 nm, Epot= -2.00538e+05 Fmax= 6.95144e+03, atom= 914
Step=  155, Dmax= 1.1e-02 nm, Epot= -2.00556e+05 Fmax= 9.44448e+03, atom= 914
Step=  156, Dmax= 1.3e-02 nm, Epot= -2.00584e+05 Fmax= 1.01669e+04, atom= 914
Step=  157, Dmax= 1.5e-02 nm, Epot= -2.00580e+05 Fmax= 1.34075e+04, atom= 914
Step=  158, Dmax= 7.7e-03 nm, Epot= -2.00662e+05 Fmax= 1.63950e+03, atom= 914
Step=  159, Dmax= 9.2e-03 nm, Epot= -2.00724e+05 Fmax= 1.24309e+04, atom= 914
Step=  160, Dmax= 1.1e-02 nm, Epot= -2.00823e+05 Fmax= 4.59370e+03, atom= 914
Step=  161, Dmax= 1.3e-02 nm, Epot= -2.00769e+05 Fmax= 1.57309e+04, atom= 914
Step=  162, Dmax= 6.6e-03 nm, Epot= -2.00854e+05 Fmax= 5.56687e+03, atom= 914
Step=  163, Dmax= 7.9e-03 nm, Epot= -2.00883e+05 Fmax= 6.68274e+03, atom= 914
Step=  164, Dmax= 9.5e-03 nm, Epot= -2.00909e+05 Fmax= 7.95795e+03, atom= 914
Step=  165, Dmax= 1.1e-02 nm, Epot= -2.00929e+05 Fmax= 9.66024e+03, atom= 914
Step=  166, Dmax= 1.4e-02 nm, Epot= -2.00944e+05 Fmax= 1.14180e+04, atom= 914
Step=  167, Dmax= 1.6e-02 nm, Epot= -2.00944e+05 Fmax= 1.39110e+04, atom= 914
Step=  168, Dmax= 2.0e-02 nm, Epot= -2.00937e+05 Fmax= 1.64031e+04, atom= 914
Step=  169, Dmax= 9.9e-03 nm, Epot= -2.01070e+05 Fmax= 1.26650e+03, atom= 914
Step=  170, Dmax= 1.2e-02 nm, Epot= -2.01143e+05 Fmax= 1.69491e+04, atom= 914
Step=  171, Dmax= 1.4e-02 nm, Epot= -2.01308e+05 Fmax= 4.96362e+03, atom= 914
Step=  172, Dmax= 1.7e-02 nm, Epot= -2.01151e+05 Fmax= 2.13452e+04, atom= 914
Step=  173, Dmax= 8.5e-03 nm, Epot= -2.01326e+05 Fmax= 8.22477e+03, atom= 914
Step=  174, Dmax= 1.0e-02 nm, Epot= -2.01361e+05 Fmax= 7.52249e+03, atom= 914
Step=  175, Dmax= 1.2e-02 nm, Epot= -2.01359e+05 Fmax= 1.14129e+04, atom= 914
Step=  176, Dmax= 6.2e-03 nm, Epot= -2.01410e+05 Fmax= 1.95509e+03, atom= 914
Step=  177, Dmax= 7.4e-03 nm, Epot= -2.01453e+05 Fmax= 9.35279e+03, atom= 914
Step=  178, Dmax= 8.9e-03 nm, Epot= -2.01513e+05 Fmax= 4.29372e+03, atom= 914
Step=  179, Dmax= 1.1e-02 nm, Epot= -2.01501e+05 Fmax= 1.20217e+04, atom= 914
Step=  180, Dmax= 5.3e-03 nm, Epot= -2.01543e+05 Fmax= 3.86177e+03, atom= 914
Step=  181, Dmax= 6.4e-03 nm, Epot= -2.01570e+05 Fmax= 5.96716e+03, atom= 914
Step=  182, Dmax= 7.7e-03 nm, Epot= -2.01600e+05 Fmax= 5.78241e+03, atom= 914
Step=  183, Dmax= 9.2e-03 nm, Epot= -2.01617e+05 Fmax= 8.35762e+03, atom= 914
Step=  184, Dmax= 1.1e-02 nm, Epot= -2.01645e+05 Fmax= 8.56149e+03, atom= 914
Step=  185, Dmax= 1.3e-02 nm, Epot= -2.01644e+05 Fmax= 1.17749e+04, atom= 914
Step=  186, Dmax= 6.6e-03 nm, Epot= -2.01701e+05 Fmax= 1.61950e+03, atom= 914
Step=  187, Dmax= 7.9e-03 nm, Epot= -2.01752e+05 Fmax= 1.05282e+04, atom= 914
Step=  188, Dmax= 9.5e-03 nm, Epot= -2.01823e+05 Fmax= 4.14474e+03, atom= 914
Step=  189, Dmax= 1.1e-02 nm, Epot= -2.01796e+05 Fmax= 1.33909e+04, atom= 914
Step=  190, Dmax= 5.7e-03 nm, Epot= -2.01851e+05 Fmax= 4.62104e+03, atom= 914
Step=  191, Dmax= 6.9e-03 nm, Epot= -2.01876e+05 Fmax= 5.94063e+03, atom= 914
Step=  192, Dmax= 8.2e-03 nm, Epot= -2.01901e+05 Fmax= 6.68894e+03, atom= 914
Step=  193, Dmax= 9.9e-03 nm, Epot= -2.01919e+05 Fmax= 8.50513e+03, atom= 914
Step=  194, Dmax= 1.2e-02 nm, Epot= -2.01937e+05 Fmax= 9.67984e+03, atom= 914
Step=  195, Dmax= 1.4e-02 nm, Epot= -2.01940e+05 Fmax= 1.21716e+04, atom= 914
Step=  196, Dmax= 1.7e-02 nm, Epot= -2.01944e+05 Fmax= 1.39914e+04, atom= 914
Step=  197, Dmax= 2.0e-02 nm, Epot= -2.01917e+05 Fmax= 1.74081e+04, atom= 914
Step=  198, Dmax= 1.0e-02 nm, Epot= -2.02063e+05 Fmax= 1.75116e+03, atom= 914
Step=  199, Dmax= 1.2e-02 nm, Epot= -2.02059e+05 Fmax= 1.70790e+04, atom= 914
Step=  200, Dmax= 6.1e-03 nm, Epot= -2.02109e+05 Fmax= 7.63203e+03, atom= 914
Step=  201, Dmax= 7.4e-03 nm, Epot= -2.02153e+05 Fmax= 3.71966e+03, atom= 914
Step=  202, Dmax= 8.8e-03 nm, Epot= -2.02158e+05 Fmax= 9.84806e+03, atom= 914
Step=  203, Dmax= 1.1e-02 nm, Epot= -2.02210e+05 Fmax= 6.48269e+03, atom= 914
Step=  204, Dmax= 1.3e-02 nm, Epot= -2.02183e+05 Fmax= 1.30654e+04, atom= 914
Step=  205, Dmax= 6.4e-03 nm, Epot= -2.02247e+05 Fmax= 3.28929e+03, atom= 914
Step=  206, Dmax= 7.6e-03 nm, Epot= -2.02263e+05 Fmax= 8.47534e+03, atom= 914
Step=  207, Dmax= 9.2e-03 nm, Epot= -2.02307e+05 Fmax= 5.60018e+03, atom= 914
Step=  208, Dmax= 1.1e-02 nm, Epot= -2.02296e+05 Fmax= 1.13239e+04, atom= 914
Step=  209, Dmax= 5.5e-03 nm, Epot= -2.02339e+05 Fmax= 2.86817e+03, atom= 914
Step=  210, Dmax= 6.6e-03 nm, Epot= -2.02362e+05 Fmax= 7.25867e+03, atom= 914
Step=  211, Dmax= 7.9e-03 nm, Epot= -2.02400e+05 Fmax= 4.93629e+03, atom= 914
Step=  212, Dmax= 9.5e-03 nm, Epot= -2.02402e+05 Fmax= 9.65635e+03, atom= 914
Step=  213, Dmax= 1.1e-02 nm, Epot= -2.02442e+05 Fmax= 7.89026e+03, atom= 914
Step=  214, Dmax= 1.4e-02 nm, Epot= -2.02419e+05 Fmax= 1.31199e+04, atom= 914
Step=  215, Dmax= 6.8e-03 nm, Epot= -2.02489e+05 Fmax= 2.61421e+03, atom= 914
Step=  216, Dmax= 8.2e-03 nm, Epot= -2.02503e+05 Fmax= 1.00286e+04, atom= 914
Step=  217, Dmax= 9.9e-03 nm, Epot= -2.02561e+05 Fmax= 5.10246e+03, atom= 914
Step=  218, Dmax= 1.2e-02 nm, Epot= -2.02531e+05 Fmax= 1.30859e+04, atom= 914
Step=  219, Dmax= 5.9e-03 nm, Epot= -2.02589e+05 Fmax= 3.99805e+03, atom= 914
Step=  220, Dmax= 7.1e-03 nm, Epot= -2.02608e+05 Fmax= 6.89391e+03, atom= 914
Step=  221, Dmax= 8.5e-03 nm, Epot= -2.02637e+05 Fmax= 6.20904e+03, atom= 914
Step=  222, Dmax= 1.0e-02 nm, Epot= -2.02642e+05 Fmax= 9.47837e+03, atom= 914
Step=  223, Dmax= 1.2e-02 nm, Epot= -2.02668e+05 Fmax= 9.37384e+03, atom= 914
Step=  224, Dmax= 1.5e-02 nm, Epot= -2.02653e+05 Fmax= 1.32047e+04, atom= 914
Step=  225, Dmax= 7.4e-03 nm, Epot= -2.02728e+05 Fmax= 1.91741e+03, atom= 914
Step=  226, Dmax= 8.8e-03 nm, Epot= -2.02748e+05 Fmax= 1.16675e+04, atom= 914
Step=  227, Dmax= 1.1e-02 nm, Epot= -2.02825e+05 Fmax= 4.60066e+03, atom= 914
Step=  228, Dmax= 1.3e-02 nm, Epot= -2.02772e+05 Fmax= 1.49502e+04, atom= 914
Step=  229, Dmax= 6.4e-03 nm, Epot= -2.02848e+05 Fmax= 5.18241e+03, atom= 914
Step=  230, Dmax= 7.6e-03 nm, Epot= -2.02868e+05 Fmax= 6.52860e+03, atom= 914
Step=  231, Dmax= 9.2e-03 nm, Epot= -2.02887e+05 Fmax= 7.55184e+03, atom= 914
Step=  232, Dmax= 1.1e-02 nm, Epot= -2.02899e+05 Fmax= 9.31010e+03, atom= 914
Step=  233, Dmax= 1.3e-02 nm, Epot= -2.02908e+05 Fmax= 1.09446e+04, atom= 914
Step=  234, Dmax= 1.6e-02 nm, Epot= -2.02905e+05 Fmax= 1.33174e+04, atom= 914
Step=  235, Dmax= 7.9e-03 nm, Epot= -2.02983e+05 Fmax= 1.19428e+03, atom= 914
Step=  236, Dmax= 9.5e-03 nm, Epot= -2.03039e+05 Fmax= 1.33792e+04, atom= 914
Step=  237, Dmax= 1.1e-02 nm, Epot= -2.03138e+05 Fmax= 4.12152e+03, atom= 914
Step=  238, Dmax= 1.4e-02 nm, Epot= -2.03060e+05 Fmax= 1.69011e+04, atom= 914
Step=  239, Dmax= 6.8e-03 nm, Epot= -2.03156e+05 Fmax= 6.40441e+03, atom= 914
Step=  240, Dmax= 8.2e-03 nm, Epot= -2.03181e+05 Fmax= 6.18680e+03, atom= 914
Step=  241, Dmax= 9.8e-03 nm, Epot= -2.03188e+05 Fmax= 8.94620e+03, atom= 914
Step=  242, Dmax= 1.2e-02 nm, Epot= -2.03210e+05 Fmax= 9.17730e+03, atom= 914
Step=  243, Dmax= 1.4e-02 nm, Epot= -2.03199e+05 Fmax= 1.25853e+04, atom= 914
Step=  244, Dmax= 7.1e-03 nm, Epot= -2.03265e+05 Fmax= 1.71919e+03, atom= 914
Step=  245, Dmax= 8.5e-03 nm, Epot= -2.03290e+05 Fmax= 1.13207e+04, atom= 914
Step=  246, Dmax= 1.0e-02 nm, Epot= -2.03362e+05 Fmax= 4.38507e+03, atom= 914
Step=  247, Dmax= 1.2e-02 nm, Epot= -2.03314e+05 Fmax= 1.44076e+04, atom= 914
Step=  248, Dmax= 6.1e-03 nm, Epot= -2.03383e+05 Fmax= 5.00870e+03, atom= 914
Step=  249, Dmax= 7.3e-03 nm, Epot= -2.03402e+05 Fmax= 6.29007e+03, atom= 914
Step=  250, Dmax= 8.8e-03 nm, Epot= -2.03420e+05 Fmax= 7.24011e+03, atom= 914
Step=  251, Dmax= 1.1e-02 nm, Epot= -2.03430e+05 Fmax= 9.01815e+03, atom= 914
Step=  252, Dmax= 1.3e-02 nm, Epot= -2.03440e+05 Fmax= 1.04586e+04, atom= 914
Step=  253, Dmax= 1.5e-02 nm, Epot= -2.03436e+05 Fmax= 1.29241e+04, atom= 914
Step=  254, Dmax= 7.6e-03 nm, Epot= -2.03509e+05 Fmax= 1.25415e+03, atom= 914
Step=  255, Dmax= 9.1e-03 nm, Epot= -2.03552e+05 Fmax= 1.27416e+04, atom= 914
Step=  256, Dmax= 1.1e-02 nm, Epot= -2.03641e+05 Fmax= 4.15679e+03, atom= 914
Step=  257, Dmax= 1.3e-02 nm, Epot= -2.03572e+05 Fmax= 1.60348e+04, atom= 914
Step=  258, Dmax= 6.6e-03 nm, Epot= -2.03659e+05 Fmax= 5.93944e+03, atom= 914
Step=  259, Dmax= 7.9e-03 nm, Epot= -2.03680e+05 Fmax= 6.20646e+03, atom= 914
Step=  260, Dmax= 9.5e-03 nm, Epot= -2.03689e+05 Fmax= 8.33658e+03, atom= 914
Step=  261, Dmax= 1.1e-02 nm, Epot= -2.03705e+05 Fmax= 9.13653e+03, atom= 914
Step=  262, Dmax= 1.4e-02 nm, Epot= -2.03702e+05 Fmax= 1.17961e+04, atom= 914
Step=  263, Dmax= 6.8e-03 nm, Epot= -2.03760e+05 Fmax= 1.33254e+03, atom= 914
Step=  264, Dmax= 8.2e-03 nm, Epot= -2.03799e+05 Fmax= 1.12513e+04, atom= 914
Step=  265, Dmax= 9.8e-03 nm, Epot= -2.03870e+05 Fmax= 3.83347e+03, atom= 914
Step=  266, Dmax= 1.2e-02 nm, Epot= -2.03824e+05 Fmax= 1.42888e+04, atom= 914
Step=  267, Dmax= 5.9e-03 nm, Epot= -2.03889e+05 Fmax= 5.23552e+03, atom= 914
Step=  268, Dmax= 7.1e-03 nm, Epot= -2.03909e+05 Fmax= 5.62291e+03, atom= 914
Step=  269, Dmax= 8.5e-03 nm, Epot= -2.03922e+05 Fmax= 7.42586e+03, atom= 914
Step=  270, Dmax= 1.0e-02 nm, Epot= -2.03938e+05 Fmax= 8.20688e+03, atom= 914
Step=  271, Dmax= 1.2e-02 nm, Epot= -2.03939e+05 Fmax= 1.05655e+04, atom= 914
Step=  272, Dmax= 1.5e-02 nm, Epot= -2.03946e+05 Fmax= 1.19291e+04, atom= 914
Step=  273, Dmax= 1.8e-02 nm, Epot= -2.03927e+05 Fmax= 1.50614e+04, atom= 914
Step=  274, Dmax= 8.8e-03 nm, Epot= -2.04029e+05 Fmax= 1.59501e+03, atom= 914
Step=  275, Dmax= 1.1e-02 nm, Epot= -2.04029e+05 Fmax= 1.46088e+04, atom= 914
Step=  276, Dmax= 5.3e-03 nm, Epot= -2.04063e+05 Fmax= 6.48760e+03, atom= 914
Step=  277, Dmax= 6.3e-03 nm, Epot= -2.04094e+05 Fmax= 3.25874e+03, atom= 914
Step=  278, Dmax= 7.6e-03 nm, Epot= -2.04101e+05 Fmax= 8.40817e+03, atom= 914
Step=  279, Dmax= 9.1e-03 nm, Epot= -2.04138e+05 Fmax= 5.61766e+03, atom= 914
Step=  280, Dmax= 1.1e-02 nm, Epot= -2.04121e+05 Fmax= 1.11868e+04, atom= 914
Step=  281, Dmax= 5.5e-03 nm, Epot= -2.04166e+05 Fmax= 2.78277e+03, atom= 914
Step=  282, Dmax= 6.6e-03 nm, Epot= -2.04180e+05 Fmax= 7.31632e+03, atom= 914
Step=  283, Dmax= 7.9e-03 nm, Epot= -2.04212e+05 Fmax= 4.78214e+03, atom= 914
Step=  284, Dmax= 9.5e-03 nm, Epot= -2.04207e+05 Fmax= 9.75244e+03, atom= 914
Step=  285, Dmax= 4.7e-03 nm, Epot= -2.04236e+05 Fmax= 2.48974e+03, atom= 914
Step=  286, Dmax= 5.7e-03 nm, Epot= -2.04255e+05 Fmax= 6.21873e+03, atom= 914
Step=  287, Dmax= 6.8e-03 nm, Epot= -2.04283e+05 Fmax= 4.25381e+03, atom= 914
Step=  288, Dmax= 8.2e-03 nm, Epot= -2.04287e+05 Fmax= 8.29071e+03, atom= 914
Step=  289, Dmax= 9.8e-03 nm, Epot= -2.04317e+05 Fmax= 6.78131e+03, atom= 914
Step=  290, Dmax= 1.2e-02 nm, Epot= -2.04303e+05 Fmax= 1.12798e+04, atom= 914
Step=  291, Dmax= 5.9e-03 nm, Epot= -2.04351e+05 Fmax= 2.24823e+03, atom= 914
Step=  292, Dmax= 7.1e-03 nm, Epot= -2.04365e+05 Fmax= 8.60404e+03, atom= 914
Step=  293, Dmax= 8.5e-03 nm, Epot= -2.04407e+05 Fmax= 4.40054e+03, atom= 914
Step=  294, Dmax= 1.0e-02 nm, Epot= -2.04389e+05 Fmax= 1.12198e+04, atom= 914
Step=  295, Dmax= 5.1e-03 nm, Epot= -2.04429e+05 Fmax= 3.41452e+03, atom= 914
Step=  296, Dmax= 6.1e-03 nm, Epot= -2.04444e+05 Fmax= 5.94907e+03, atom= 914
Step=  297, Dmax= 7.3e-03 nm, Epot= -2.04466e+05 Fmax= 5.30425e+03, atom= 914
Step=  298, Dmax= 8.8e-03 nm, Epot= -2.04472e+05 Fmax= 8.18023e+03, atom= 914
Step=  299, Dmax= 1.1e-02 nm, Epot= -2.04493e+05 Fmax= 8.01463e+03, atom= 914
Step=  300, Dmax= 1.3e-02 nm, Epot= -2.04483e+05 Fmax= 1.13949e+04, atom= 914
Step=  301, Dmax= 6.3e-03 nm, Epot= -2.04535e+05 Fmax= 1.69086e+03, atom= 914
Step=  302, Dmax= 7.6e-03 nm, Epot= -2.04554e+05 Fmax= 9.96802e+03, atom= 914
Step=  303, Dmax= 9.1e-03 nm, Epot= -2.04610e+05 Fmax= 4.01195e+03, atom= 914
Step=  304, Dmax= 1.1e-02 nm, Epot= -2.04576e+05 Fmax= 1.27778e+04, atom= 914
Step=  305, Dmax= 5.5e-03 nm, Epot= -2.04628e+05 Fmax= 4.38857e+03, atom= 914
Step=  306, Dmax= 6.6e-03 nm, Epot= -2.04644e+05 Fmax= 5.67758e+03, atom= 914
Step=  307, Dmax= 7.9e-03 nm, Epot= -2.04660e+05 Fmax= 6.41565e+03, atom= 914
Step=  308, Dmax= 9.4e-03 nm, Epot= -2.04669e+05 Fmax= 8.07774e+03, atom= 914
Step=  309, Dmax= 1.1e-02 nm, Epot= -2.04679e+05 Fmax= 9.32422e+03, atom= 914
Step=  310, Dmax= 1.4e-02 nm, Epot= -2.04677e+05 Fmax= 1.15335e+04, atom= 914
Step=  311, Dmax= 6.8e-03 nm, Epot= -2.04733e+05 Fmax= 1.10874e+03, atom= 914
Step=  312, Dmax= 8.2e-03 nm, Epot= -2.04775e+05 Fmax= 1.14013e+04, atom= 914
Step=  313, Dmax= 9.8e-03 nm, Epot= -2.04846e+05 Fmax= 3.63216e+03, atom= 914
Step=  314, Dmax= 1.2e-02 nm, Epot= -2.04794e+05 Fmax= 1.44195e+04, atom= 914
Step=  315, Dmax= 5.9e-03 nm, Epot= -2.04861e+05 Fmax= 5.40293e+03, atom= 914
Step=  316, Dmax= 7.0e-03 nm, Epot= -2.04880e+05 Fmax= 5.41797e+03, atom= 914
Step=  317, Dmax= 8.5e-03 nm, Epot= -2.04888e+05 Fmax= 7.57970e+03, atom= 914
Step=  318, Dmax= 1.0e-02 nm, Epot= -2.04904e+05 Fmax= 7.99751e+03, atom= 914
Step=  319, Dmax= 1.2e-02 nm, Epot= -2.04900e+05 Fmax= 1.07015e+04, atom= 914
Step=  320, Dmax= 6.1e-03 nm, Epot= -2.04946e+05 Fmax= 1.36330e+03, atom= 914
Step=  321, Dmax= 7.3e-03 nm, Epot= -2.04974e+05 Fmax= 9.84575e+03, atom= 914
Step=  322, Dmax= 8.8e-03 nm, Epot= -2.05028e+05 Fmax= 3.64481e+03, atom= 914
Step=  323, Dmax= 1.1e-02 nm, Epot= -2.04997e+05 Fmax= 1.25077e+04, atom= 914
Step=  324, Dmax= 5.3e-03 nm, Epot= -2.05045e+05 Fmax= 4.42937e+03, atom= 914
Step=  325, Dmax= 6.3e-03 nm, Epot= -2.05061e+05 Fmax= 5.27548e+03, atom= 914
Step=  326, Dmax= 7.6e-03 nm, Epot= -2.05074e+05 Fmax= 6.35344e+03, atom= 914
Step=  327, Dmax= 9.1e-03 nm, Epot= -2.05086e+05 Fmax= 7.61396e+03, atom= 914
Step=  328, Dmax= 1.1e-02 nm, Epot= -2.05093e+05 Fmax= 9.12744e+03, atom= 914
Step=  329, Dmax= 1.3e-02 nm, Epot= -2.05094e+05 Fmax= 1.09674e+04, atom= 914
Step=  330, Dmax= 1.6e-02 nm, Epot= -2.05087e+05 Fmax= 1.31186e+04, atom= 914
Step=  331, Dmax= 7.9e-03 nm, Epot= -2.05164e+05 Fmax= 1.08369e+03, atom= 914
Step=  332, Dmax= 9.4e-03 nm, Epot= -2.05194e+05 Fmax= 1.33347e+04, atom= 914
Step=  333, Dmax= 1.1e-02 nm, Epot= -2.05286e+05 Fmax= 4.04094e+03, atom= 914
Step=  334, Dmax= 1.4e-02 nm, Epot= -2.05198e+05 Fmax= 1.68082e+04, atom= 914
Step=  335, Dmax= 6.8e-03 nm, Epot= -2.05297e+05 Fmax= 6.39969e+03, atom= 914
Step=  336, Dmax= 8.1e-03 nm, Epot= -2.05316e+05 Fmax= 6.10283e+03, atom= 914
Step=  337, Dmax= 9.8e-03 nm, Epot= -2.05316e+05 Fmax= 8.90945e+03, atom= 914
Step=  338, Dmax= 1.2e-02 nm, Epot= -2.05332e+05 Fmax= 9.08373e+03, atom= 914
Step=  339, Dmax= 1.4e-02 nm, Epot= -2.05315e+05 Fmax= 1.25081e+04, atom= 914
Step=  340, Dmax= 7.0e-03 nm, Epot= -2.05382e+05 Fmax= 1.72716e+03, atom= 914
Step=  341, Dmax= 8.4e-03 nm, Epot= -2.05385e+05 Fmax= 1.12359e+04, atom= 914
Step=  342, Dmax= 1.0e-02 nm, Epot= -2.05451e+05 Fmax= 4.34681e+03, atom= 914
Step=  343, Dmax= 1.2e-02 nm, Epot= -2.05395e+05 Fmax= 1.43166e+04, atom= 914
Step=  344, Dmax= 6.1e-03 nm, Epot= -2.05466e+05 Fmax= 4.98193e+03, atom= 914
Step=  345, Dmax= 7.3e-03 nm, Epot= -2.05479e+05 Fmax= 6.22591e+03, atom= 914
Step=  346, Dmax= 8.8e-03 nm, Epot= -2.05490e+05 Fmax= 7.20792e+03, atom= 914
Step=  347, Dmax= 1.1e-02 nm, Epot= -2.05496e+05 Fmax= 8.92221e+03, atom= 914
Step=  348, Dmax= 1.3e-02 nm, Epot= -2.05500e+05 Fmax= 1.04135e+04, atom= 914
Step=  349, Dmax= 1.5e-02 nm, Epot= -2.05490e+05 Fmax= 1.27885e+04, atom= 914
Step=  350, Dmax= 7.6e-03 nm, Epot= -2.05562e+05 Fmax= 1.20898e+03, atom= 914
Step=  351, Dmax= 9.1e-03 nm, Epot= -2.05580e+05 Fmax= 1.27069e+04, atom= 914
Step=  352, Dmax= 1.1e-02 nm, Epot= -2.05663e+05 Fmax= 4.06271e+03, atom= 914
Step=  353, Dmax= 1.3e-02 nm, Epot= -2.05585e+05 Fmax= 1.59885e+04, atom= 914
Step=  354, Dmax= 6.5e-03 nm, Epot= -2.05674e+05 Fmax= 5.96323e+03, atom= 914
Step=  355, Dmax= 7.8e-03 nm, Epot= -2.05690e+05 Fmax= 6.08765e+03, atom= 914
Step=  356, Dmax= 9.4e-03 nm, Epot= -2.05694e+05 Fmax= 8.35200e+03, atom= 914
Step=  357, Dmax= 1.1e-02 nm, Epot= -2.05705e+05 Fmax= 8.98651e+03, atom= 914
Step=  358, Dmax= 1.4e-02 nm, Epot= -2.05695e+05 Fmax= 1.17950e+04, atom= 914
Step=  359, Dmax= 6.8e-03 nm, Epot= -2.05754e+05 Fmax= 1.40582e+03, atom= 914
Step=  360, Dmax= 8.1e-03 nm, Epot= -2.05767e+05 Fmax= 1.10713e+04, atom= 914
Step=  361, Dmax= 9.8e-03 nm, Epot= -2.05832e+05 Fmax= 3.90231e+03, atom= 914
Step=  362, Dmax= 1.2e-02 nm, Epot= -2.05778e+05 Fmax= 1.40757e+04, atom= 914
Step=  363, Dmax= 5.9e-03 nm, Epot= -2.05845e+05 Fmax= 5.09405e+03, atom= 914
Step=  364, Dmax= 7.0e-03 nm, Epot= -2.05859e+05 Fmax= 5.68674e+03, atom= 914
Step=  365, Dmax= 8.4e-03 nm, Epot= -2.05867e+05 Fmax= 7.26108e+03, atom= 914
Step=  366, Dmax= 1.0e-02 nm, Epot= -2.05877e+05 Fmax= 8.25883e+03, atom= 914
Step=  367, Dmax= 1.2e-02 nm, Epot= -2.05875e+05 Fmax= 1.03708e+04, atom= 914
Step=  368, Dmax= 6.1e-03 nm, Epot= -2.05919e+05 Fmax= 1.06831e+03, atom= 914
Step=  369, Dmax= 7.3e-03 nm, Epot= -2.05953e+05 Fmax= 1.00901e+04, atom= 914
Step=  370, Dmax= 8.7e-03 nm, Epot= -2.06009e+05 Fmax= 3.35619e+03, atom= 914
Step=  371, Dmax= 1.0e-02 nm, Epot= -2.05972e+05 Fmax= 1.27342e+04, atom= 914
Step=  372, Dmax= 5.2e-03 nm, Epot= -2.06023e+05 Fmax= 4.68775e+03, atom= 914
Step=  373, Dmax= 6.3e-03 nm, Epot= -2.06038e+05 Fmax= 4.98282e+03, atom= 914
Step=  374, Dmax= 7.6e-03 nm, Epot= -2.06047e+05 Fmax= 6.60387e+03, atom= 914
Step=  375, Dmax= 9.1e-03 nm, Epot= -2.06059e+05 Fmax= 7.31317e+03, atom= 914
Step=  376, Dmax= 1.1e-02 nm, Epot= -2.06059e+05 Fmax= 9.36728e+03, atom= 914
Step=  377, Dmax= 1.3e-02 nm, Epot= -2.06063e+05 Fmax= 1.06548e+04, atom= 914
Step=  378, Dmax= 1.6e-02 nm, Epot= -2.06048e+05 Fmax= 1.33442e+04, atom= 914
Step=  379, Dmax= 7.8e-03 nm, Epot= -2.06128e+05 Fmax= 1.34970e+03, atom= 914
Step=  380, Dmax= 9.4e-03 nm, Epot= -2.06128e+05 Fmax= 1.30448e+04, atom= 914
Step=  381, Dmax= 4.7e-03 nm, Epot= -2.06154e+05 Fmax= 5.83848e+03, atom= 914
Step=  382, Dmax= 5.6e-03 nm, Epot= -2.06178e+05 Fmax= 2.81066e+03, atom= 914
Step=  383, Dmax= 6.8e-03 nm, Epot= -2.06182e+05 Fmax= 7.58401e+03, atom= 914
Step=  384, Dmax= 8.1e-03 nm, Epot= -2.06212e+05 Fmax= 4.86994e+03, atom= 914
Step=  385, Dmax= 9.7e-03 nm, Epot= -2.06197e+05 Fmax= 1.00847e+04, atom= 914
Step=  386, Dmax= 4.9e-03 nm, Epot= -2.06232e+05 Fmax= 2.61212e+03, atom= 914
Step=  387, Dmax= 5.8e-03 nm, Epot= -2.06242e+05 Fmax= 6.35427e+03, atom= 914
Step=  388, Dmax= 7.0e-03 nm, Epot= -2.06266e+05 Fmax= 4.42117e+03, atom= 914
Step=  389, Dmax= 8.4e-03 nm, Epot= -2.06262e+05 Fmax= 8.49187e+03, atom= 914
Step=  390, Dmax= 4.2e-03 nm, Epot= -2.06284e+05 Fmax= 2.03429e+03, atom= 914
Step=  391, Dmax= 5.1e-03 nm, Epot= -2.06300e+05 Fmax= 5.72559e+03, atom= 914
Step=  392, Dmax= 6.1e-03 nm, Epot= -2.06322e+05 Fmax= 3.57088e+03, atom= 914
Step=  393, Dmax= 7.3e-03 nm, Epot= -2.06323e+05 Fmax= 7.59864e+03, atom= 914
Step=  394, Dmax= 8.7e-03 nm, Epot= -2.06349e+05 Fmax= 5.78654e+03, atom= 914
Step=  395, Dmax= 1.0e-02 nm, Epot= -2.06334e+05 Fmax= 1.02856e+04, atom= 914
Step=  396, Dmax= 5.2e-03 nm, Epot= -2.06373e+05 Fmax= 2.25584e+03, atom= 914
Step=  397, Dmax= 6.3e-03 nm, Epot= -2.06381e+05 Fmax= 7.38123e+03, atom= 914
Step=  398, Dmax= 7.5e-03 nm, Epot= -2.06412e+05 Fmax= 4.20256e+03, atom= 914
Step=  399, Dmax= 9.0e-03 nm, Epot= -2.06399e+05 Fmax= 9.67794e+03, atom= 914
Step=  400, Dmax= 4.5e-03 nm, Epot= -2.06429e+05 Fmax= 2.73592e+03, atom= 914
Step=  401, Dmax= 5.4e-03 nm, Epot= -2.06440e+05 Fmax= 5.60393e+03, atom= 914
Step=  402, Dmax= 6.5e-03 nm, Epot= -2.06460e+05 Fmax= 4.38878e+03, atom= 914
Step=  403, Dmax= 7.8e-03 nm, Epot= -2.06461e+05 Fmax= 7.61578e+03, atom= 914
Step=  404, Dmax= 9.4e-03 nm, Epot= -2.06481e+05 Fmax= 6.77090e+03, atom= 914
Step=  405, Dmax= 1.1e-02 nm, Epot= -2.06468e+05 Fmax= 1.05023e+04, atom= 914
Step=  406, Dmax= 5.6e-03 nm, Epot= -2.06512e+05 Fmax= 1.87401e+03, atom= 914
Step=  407, Dmax= 6.8e-03 nm, Epot= -2.06519e+05 Fmax= 8.48367e+03, atom= 914
Step=  408, Dmax= 8.1e-03 nm, Epot= -2.06558e+05 Fmax= 3.97040e+03, atom= 914
Step=  409, Dmax= 9.7e-03 nm, Epot= -2.06533e+05 Fmax= 1.09494e+04, atom= 914
Step=  410, Dmax= 4.9e-03 nm, Epot= -2.06573e+05 Fmax= 3.48712e+03, atom= 914
Step=  411, Dmax= 5.8e-03 nm, Epot= -2.06583e+05 Fmax= 5.47695e+03, atom= 914
Step=  412, Dmax= 7.0e-03 nm, Epot= -2.06599e+05 Fmax= 5.26360e+03, atom= 914
Step=  413, Dmax= 8.4e-03 nm, Epot= -2.06602e+05 Fmax= 7.63884e+03, atom= 914
Step=  414, Dmax= 1.0e-02 nm, Epot= -2.06615e+05 Fmax= 7.82431e+03, atom= 914
Step=  415, Dmax= 1.2e-02 nm, Epot= -2.06605e+05 Fmax= 1.07400e+04, atom= 914
Step=  416, Dmax= 6.1e-03 nm, Epot= -2.06653e+05 Fmax= 1.46874e+03, atom= 914
Step=  417, Dmax= 7.3e-03 nm, Epot= -2.06663e+05 Fmax= 9.66007e+03, atom= 914
Step=  418, Dmax= 8.7e-03 nm, Epot= -2.06713e+05 Fmax= 3.73232e+03, atom= 914
Step=  419, Dmax= 1.0e-02 nm, Epot= -2.06676e+05 Fmax= 1.23035e+04, atom= 914
Step=  420, Dmax= 5.2e-03 nm, Epot= -2.06727e+05 Fmax= 4.28307e+03, atom= 914
Step=  421, Dmax= 6.3e-03 nm, Epot= -2.06738e+05 Fmax= 5.35283e+03, atom= 914
Step=  422, Dmax= 7.5e-03 nm, Epot= -2.06748e+05 Fmax= 6.19151e+03, atom= 914
Step=  423, Dmax= 9.0e-03 nm, Epot= -2.06754e+05 Fmax= 7.67663e+03, atom= 914
Step=  424, Dmax= 1.1e-02 nm, Epot= -2.06759e+05 Fmax= 8.94352e+03, atom= 914
Step=  425, Dmax= 1.3e-02 nm, Epot= -2.06755e+05 Fmax= 1.10087e+04, atom= 914
Step=  426, Dmax= 6.5e-03 nm, Epot= -2.06807e+05 Fmax= 1.04768e+03, atom= 914
Step=  427, Dmax= 7.8e-03 nm, Epot= -2.06830e+05 Fmax= 1.08966e+04, atom= 914
Step=  428, Dmax= 9.4e-03 nm, Epot= -2.06892e+05 Fmax= 3.51144e+03, atom= 914
Step=  429, Dmax= 1.1e-02 nm, Epot= -2.06839e+05 Fmax= 1.37188e+04, atom= 914
Step=  430, Dmax= 5.6e-03 nm, Epot= -2.06903e+05 Fmax= 5.10288e+03, atom= 914
Step=  431, Dmax= 6.7e-03 nm, Epot= -2.06916e+05 Fmax= 5.25726e+03, atom= 914
Step=  432, Dmax= 8.1e-03 nm, Epot= -2.06921e+05 Fmax= 7.15146e+03, atom= 914
Step=  433, Dmax= 9.7e-03 nm, Epot= -2.06932e+05 Fmax= 7.75593e+03, atom= 914
Step=  434, Dmax= 1.2e-02 nm, Epot= -2.06927e+05 Fmax= 1.01078e+04, atom= 914
Step=  435, Dmax= 5.8e-03 nm, Epot= -2.06969e+05 Fmax= 1.17659e+03, atom= 914
Step=  436, Dmax= 7.0e-03 nm, Epot= -2.06988e+05 Fmax= 9.56338e+03, atom= 914
Step=  437, Dmax= 8.4e-03 nm, Epot= -2.07038e+05 Fmax= 3.30461e+03, atom= 914
Step=  438, Dmax= 1.0e-02 nm, Epot= -2.07002e+05 Fmax= 1.21569e+04, atom= 914
Step=  439, Dmax= 5.0e-03 nm, Epot= -2.07050e+05 Fmax= 4.43146e+03, atom= 914
Step=  440, Dmax= 6.0e-03 nm, Epot= -2.07062e+05 Fmax= 4.83198e+03, atom= 914
Step=  441, Dmax= 7.2e-03 nm, Epot= -2.07070e+05 Fmax= 6.30139e+03, atom= 914
Step=  442, Dmax= 8.7e-03 nm, Epot= -2.07080e+05 Fmax= 7.03669e+03, atom= 914
Step=  443, Dmax= 1.0e-02 nm, Epot= -2.07080e+05 Fmax= 8.98300e+03, atom= 914
Step=  444, Dmax= 1.3e-02 nm, Epot= -2.07083e+05 Fmax= 1.02150e+04, atom= 914
Step=  445, Dmax= 1.5e-02 nm, Epot= -2.07068e+05 Fmax= 1.28264e+04, atom= 914
Step=  446, Dmax= 7.5e-03 nm, Epot= -2.07142e+05 Fmax= 1.32575e+03, atom= 914
Step=  447, Dmax= 9.0e-03 nm, Epot= -2.07137e+05 Fmax= 1.24904e+04, atom= 914
Step=  448, Dmax= 4.5e-03 nm, Epot= -2.07163e+05 Fmax= 5.56907e+03, atom= 914
Step=  449, Dmax= 5.4e-03 nm, Epot= -2.07185e+05 Fmax= 2.74667e+03, atom= 914
Step=  450, Dmax= 6.5e-03 nm, Epot= -2.07188e+05 Fmax= 7.20528e+03, atom= 914
Step=  451, Dmax= 7.8e-03 nm, Epot= -2.07213e+05 Fmax= 4.76291e+03, atom= 914
Step=  452, Dmax= 9.4e-03 nm, Epot= -2.07199e+05 Fmax= 9.57434e+03, atom= 914
Step=  453, Dmax= 4.7e-03 nm, Epot= -2.07232e+05 Fmax= 2.40406e+03, atom= 914
Step=  454, Dmax= 5.6e-03 nm, Epot= -2.07240e+05 Fmax= 6.21653e+03, atom= 914
Step=  455, Dmax= 6.7e-03 nm, Epot= -2.07262e+05 Fmax= 4.10539e+03, atom= 914
Step=  456, Dmax= 8.1e-03 nm, Epot= -2.07256e+05 Fmax= 8.30004e+03, atom= 914
Step=  457, Dmax= 4.0e-03 nm, Epot= -2.07278e+05 Fmax= 2.10096e+03, atom= 914
Step=  458, Dmax= 4.8e-03 nm, Epot= -2.07290e+05 Fmax= 5.32570e+03, atom= 914
Step=  459, Dmax= 5.8e-03 nm, Epot= -2.07309e+05 Fmax= 3.61108e+03, atom= 914
Step=  460, Dmax= 7.0e-03 nm, Epot= -2.07310e+05 Fmax= 7.08983e+03, atom= 914
Step=  461, Dmax= 8.4e-03 nm, Epot= -2.07331e+05 Fmax= 5.77303e+03, atom= 914
Step=  462, Dmax= 1.0e-02 nm, Epot= -2.07319e+05 Fmax= 9.63743e+03, atom= 914
Step=  463, Dmax= 5.0e-03 nm, Epot= -2.07355e+05 Fmax= 1.93082e+03, atom= 914
Step=  464, Dmax= 6.0e-03 nm, Epot= -2.07362e+05 Fmax= 7.33684e+03, atom= 914
Step=  465, Dmax= 7.2e-03 nm, Epot= -2.07391e+05 Fmax= 3.75881e+03, atom= 914
Step=  466, Dmax= 8.7e-03 nm, Epot= -2.07376e+05 Fmax= 9.57639e+03, atom= 914
Step=  467, Dmax= 4.3e-03 nm, Epot= -2.07406e+05 Fmax= 2.91250e+03, atom= 914
Step=  468, Dmax= 5.2e-03 nm, Epot= -2.07416e+05 Fmax= 5.07351e+03, atom= 914
Step=  469, Dmax= 6.3e-03 nm, Epot= -2.07431e+05 Fmax= 4.53194e+03, atom= 914
Step=  470, Dmax= 7.5e-03 nm, Epot= -2.07433e+05 Fmax= 6.97143e+03, atom= 914
Step=  471, Dmax= 9.0e-03 nm, Epot= -2.07447e+05 Fmax= 6.85250e+03, atom= 914
Step=  472, Dmax= 1.1e-02 nm, Epot= -2.07439e+05 Fmax= 9.71023e+03, atom= 914
Step=  473, Dmax= 5.4e-03 nm, Epot= -2.07478e+05 Fmax= 1.42836e+03, atom= 914
Step=  474, Dmax= 6.5e-03 nm, Epot= -2.07488e+05 Fmax= 8.53599e+03, atom= 914
Step=  475, Dmax= 7.8e-03 nm, Epot= -2.07528e+05 Fmax= 3.39178e+03, atom= 914
Step=  476, Dmax= 9.3e-03 nm, Epot= -2.07501e+05 Fmax= 1.09452e+04, atom= 914
Step=  477, Dmax= 4.7e-03 nm, Epot= -2.07540e+05 Fmax= 3.78096e+03, atom= 914
Step=  478, Dmax= 5.6e-03 nm, Epot= -2.07550e+05 Fmax= 4.80478e+03, atom= 914
Step=  479, Dmax= 6.7e-03 nm, Epot= -2.07560e+05 Fmax= 5.51961e+03, atom= 914
Step=  480, Dmax= 8.1e-03 nm, Epot= -2.07567e+05 Fmax= 6.84530e+03, atom= 914
Step=  481, Dmax= 9.7e-03 nm, Epot= -2.07572e+05 Fmax= 8.01153e+03, atom= 914
Step=  482, Dmax= 1.2e-02 nm, Epot= -2.07570e+05 Fmax= 9.78891e+03, atom= 914
Step=  483, Dmax= 5.8e-03 nm, Epot= -2.07611e+05 Fmax= 8.90216e+02, atom= 914

writing lowest energy coordinates.

Steepest Descents converged to Fmax < 1000 in 484 steps
Potential Energy  = -2.0761086e+05
Maximum force     =  8.9021564e+02 on atom 914
Norm of force     =  2.6229822e+01

GROMACS reminds you: "The Wheels On the Bus Go Round and Round" (J. Richman)

