
--- stderr ---
                :-) GROMACS - gmx mdrun, 2024.5-conda_forge (-:

Executable:   /usr/local/Caskroom/miniforge/base/envs/gromacs_env/bin.AVX2_256/gmx
Data prefix:  /usr/local/Caskroom/miniforge/base/envs/gromacs_env
Working dir:  /Users/laetitiaguerin/Library/CloudStorage/OneDrive-Personal/Documents/BSc_Nanobiology/Year_5/BEP/Energy_minimization/tleap_runs/O52681_G80P
Command line:
  gmx mdrun -v -deffnm O52681_G80P_minim

The current CPU can measure timings more accurately than the code in
gmx mdrun was configured to use. This might affect your simulation
speed as accurate timings are needed for load-balancing.
Please consider rebuilding gmx mdrun with the GMX_USE_RDTSCP=ON CMake option.
Reading file O52681_G80P_minim.tpr, VERSION 2024.5-conda_forge (single precision)

Using 1 MPI thread
Using 8 OpenMP threads 


Steepest Descents:
   Tolerance (Fmax)   =  1.00000e+03
   Number of steps    =        50000
Step=    0, Dmax= 1.0e-02 nm, Epot= -4.30777e+05 Fmax= 5.60905e+05, atom= 1323
Step=    1, Dmax= 1.0e-02 nm, Epot= -4.36199e+05 Fmax= 1.21083e+05, atom= 1323
Step=    2, Dmax= 1.2e-02 nm, Epot= -4.37923e+05 Fmax= 2.67747e+04, atom= 1323
Step=    3, Dmax= 1.4e-02 nm, Epot= -4.40246e+05 Fmax= 6.30481e+03, atom= 1323
Step=    4, Dmax= 1.7e-02 nm, Epot= -4.48147e+05 Fmax= 3.00794e+03, atom= 1343
Step=    5, Dmax= 2.1e-02 nm, Epot= -4.59318e+05 Fmax= 1.46261e+04, atom= 1327
Step=    6, Dmax= 2.5e-02 nm, Epot= -4.61835e+05 Fmax= 2.01625e+04, atom= 1325
Step=    7, Dmax= 3.0e-02 nm, Epot= -4.63926e+05 Fmax= 2.03685e+04, atom= 1325
Step=    8, Dmax= 3.6e-02 nm, Epot= -4.64287e+05 Fmax= 2.83773e+04, atom= 1325
Step=    9, Dmax= 4.3e-02 nm, Epot= -4.65185e+05 Fmax= 2.96428e+04, atom= 1325
Step=   10, Dmax= 5.2e-02 nm, Epot= -4.62823e+05 Fmax= 4.00713e+04, atom= 1325
Step=   11, Dmax= 2.6e-02 nm, Epot= -4.69633e+05 Fmax= 5.57612e+03, atom= 1334
Step=   12, Dmax= 3.1e-02 nm, Epot= -4.65126e+05 Fmax= 4.10791e+04, atom= 1334
Step=   13, Dmax= 1.5e-02 nm, Epot= -4.70517e+05 Fmax= 1.78450e+04, atom= 1334
Step=   14, Dmax= 1.9e-02 nm, Epot= -4.72595e+05 Fmax= 1.06324e+04, atom= 1334
Step=   15, Dmax= 2.2e-02 nm, Epot= -4.72506e+05 Fmax= 2.32019e+04, atom= 1334
Step=   16, Dmax= 1.1e-02 nm, Epot= -4.73726e+05 Fmax= 6.30673e+03, atom= 1334
Step=   17, Dmax= 1.3e-02 nm, Epot= -4.74697e+05 Fmax= 1.43266e+04, atom= 1334
Step=   18, Dmax= 1.6e-02 nm, Epot= -4.75837e+05 Fmax= 1.01229e+04, atom= 1334
Step=   19, Dmax= 1.9e-02 nm, Epot= -4.76204e+05 Fmax= 1.94680e+04, atom= 1334
Step=   20, Dmax= 2.3e-02 nm, Epot= -4.77370e+05 Fmax= 1.57177e+04, atom= 1334
Step=   21, Dmax= 2.8e-02 nm, Epot= -4.77002e+05 Fmax= 2.66913e+04, atom= 1334
Step=   22, Dmax= 1.4e-02 nm, Epot= -4.78580e+05 Fmax= 5.52250e+03, atom= 1334
Step=   23, Dmax= 1.7e-02 nm, Epot= -4.79231e+05 Fmax= 1.96973e+04, atom= 1334
Step=   24, Dmax= 2.0e-02 nm, Epot= -4.80575e+05 Fmax= 1.09024e+04, atom= 1334
Step=   25, Dmax= 2.4e-02 nm, Epot= -4.80157e+05 Fmax= 2.55287e+04, atom= 1334
Step=   26, Dmax= 1.2e-02 nm, Epot= -4.81324e+05 Fmax= 7.32886e+03, atom= 1334
Step=   27, Dmax= 1.4e-02 nm, Epot= -4.81836e+05 Fmax= 1.47893e+04, atom= 1334
Step=   28, Dmax= 1.7e-02 nm, Epot= -4.82627e+05 Fmax= 1.15050e+04, atom= 1334
Step=   29, Dmax= 2.1e-02 nm, Epot= -4.82696e+05 Fmax= 2.02337e+04, atom= 1334
Step=   30, Dmax= 2.5e-02 nm, Epot= -4.83504e+05 Fmax= 1.75759e+04, atom= 1334
Step=   31, Dmax= 3.0e-02 nm, Epot= -4.82954e+05 Fmax= 2.79067e+04, atom= 1334
Step=   32, Dmax= 1.5e-02 nm, Epot= -4.84638e+05 Fmax= 5.21801e+03, atom= 1334
Step=   33, Dmax= 1.8e-02 nm, Epot= -4.84837e+05 Fmax= 2.19201e+04, atom= 1334
Step=   34, Dmax= 2.1e-02 nm, Epot= -4.86178e+05 Fmax= 1.09394e+04, atom= 1334
Step=   35, Dmax= 2.6e-02 nm, Epot= -4.85287e+05 Fmax= 2.82299e+04, atom= 1334
Step=   36, Dmax= 1.3e-02 nm, Epot= -4.86734e+05 Fmax= 8.65957e+03, atom= 1334
Step=   37, Dmax= 1.5e-02 nm, Epot= -4.87000e+05 Fmax= 1.50500e+04, atom= 1334
Step=   38, Dmax= 1.9e-02 nm, Epot= -4.87566e+05 Fmax= 1.32040e+04, atom= 1334
Step=   39, Dmax= 2.2e-02 nm, Epot= -4.87491e+05 Fmax= 2.08375e+04, atom= 1334
Step=   40, Dmax= 1.1e-02 nm, Epot= -4.88265e+05 Fmax= 3.84100e+03, atom= 1334
Step=   41, Dmax= 1.3e-02 nm, Epot= -4.88790e+05 Fmax= 1.64038e+04, atom= 1334
Step=   42, Dmax= 1.6e-02 nm, Epot= -4.89605e+05 Fmax= 8.15142e+03, atom= 1334
Step=   43, Dmax= 1.9e-02 nm, Epot= -4.89403e+05 Fmax= 2.11236e+04, atom= 1334
Step=   44, Dmax= 9.6e-03 nm, Epot= -4.90027e+05 Fmax= 6.49211e+03, atom= 1334
Step=   45, Dmax= 1.2e-02 nm, Epot= -4.90363e+05 Fmax= 1.12316e+04, atom= 1334
Step=   46, Dmax= 1.4e-02 nm, Epot= -4.90790e+05 Fmax= 9.88053e+03, atom= 1334
Step=   47, Dmax= 1.7e-02 nm, Epot= -4.90931e+05 Fmax= 1.55793e+04, atom= 1334
Step=   48, Dmax= 2.0e-02 nm, Epot= -4.91340e+05 Fmax= 1.48006e+04, atom= 1334
Step=   49, Dmax= 2.4e-02 nm, Epot= -4.91187e+05 Fmax= 2.17418e+04, atom= 1334
Step=   50, Dmax= 1.2e-02 nm, Epot= -4.92048e+05 Fmax= 3.50165e+03, atom= 1334
Step=   51, Dmax= 1.4e-02 nm, Epot= -4.92389e+05 Fmax= 1.82865e+04, atom= 1334
Step=   52, Dmax= 1.7e-02 nm, Epot= -4.93245e+05 Fmax= 8.09477e+03, atom= 1334
Step=   53, Dmax= 2.1e-02 nm, Epot= -4.92780e+05 Fmax= 2.33851e+04, atom= 1334
Step=   54, Dmax= 1.0e-02 nm, Epot= -4.93575e+05 Fmax= 7.65250e+03, atom= 1334
Step=   55, Dmax= 1.2e-02 nm, Epot= -4.93809e+05 Fmax= 1.13649e+04, atom= 1334
Step=   56, Dmax= 1.5e-02 nm, Epot= -4.94118e+05 Fmax= 1.13281e+04, atom= 1334
Step=   57, Dmax= 1.8e-02 nm, Epot= -4.94201e+05 Fmax= 1.60000e+04, atom= 1334
Step=   58, Dmax= 2.1e-02 nm, Epot= -4.94453e+05 Fmax= 1.66399e+04, atom= 1334
Step=   59, Dmax= 2.6e-02 nm, Epot= -4.94279e+05 Fmax= 2.25802e+04, atom= 1334
Step=   60, Dmax= 1.3e-02 nm, Epot= -4.95219e+05 Fmax= 3.01334e+03, atom= 1334
Step=   61, Dmax= 1.5e-02 nm, Epot= -4.95434e+05 Fmax= 2.04126e+04, atom= 1334
Step=   62, Dmax= 1.9e-02 nm, Epot= -4.96390e+05 Fmax= 7.94669e+03, atom= 1334
Step=   63, Dmax= 2.2e-02 nm, Epot= -4.95641e+05 Fmax= 2.58972e+04, atom= 1334
Step=   64, Dmax= 1.1e-02 nm, Epot= -4.96632e+05 Fmax= 8.98688e+03, atom= 1334
Step=   65, Dmax= 1.3e-02 nm, Epot= -4.96819e+05 Fmax= 1.14310e+04, atom= 1334
Step=   66, Dmax= 1.6e-02 nm, Epot= -4.97009e+05 Fmax= 1.29593e+04, atom= 1334
Step=   67, Dmax= 1.9e-02 nm, Epot= -4.97079e+05 Fmax= 1.63827e+04, atom= 1334
Step=   68, Dmax= 2.3e-02 nm, Epot= -4.97164e+05 Fmax= 1.86817e+04, atom= 1334
Step=   69, Dmax= 2.8e-02 nm, Epot= -4.97006e+05 Fmax= 2.34159e+04, atom= 1334
Step=   70, Dmax= 1.4e-02 nm, Epot= -4.98032e+05 Fmax= 2.42903e+03, atom= 1334
Step=   71, Dmax= 1.7e-02 nm, Epot= -4.98173e+05 Fmax= 2.27332e+04, atom= 1334
Step=   72, Dmax= 2.0e-02 nm, Epot= -4.99281e+05 Fmax= 7.78403e+03, atom= 1334
Step=   73, Dmax= 2.4e-02 nm, Epot= -4.98210e+05 Fmax= 2.85924e+04, atom= 1334
Step=   74, Dmax= 1.2e-02 nm, Epot= -4.99433e+05 Fmax= 1.04327e+04, atom= 1334
Step=   75, Dmax= 1.4e-02 nm, Epot= -4.99610e+05 Fmax= 1.15028e+04, atom= 1334
Step=   76, Dmax= 1.7e-02 nm, Epot= -4.99673e+05 Fmax= 1.47136e+04, atom= 1334
Step=   77, Dmax= 2.1e-02 nm, Epot= -4.99759e+05 Fmax= 1.67994e+04, atom= 1334
Step=   78, Dmax= 2.5e-02 nm, Epot= -4.99663e+05 Fmax= 2.08684e+04, atom= 1334
Step=   79, Dmax= 1.2e-02 nm, Epot= -5.00445e+05 Fmax= 2.07721e+03, atom= 1334
Step=   80, Dmax= 1.5e-02 nm, Epot= -5.00650e+05 Fmax= 2.08440e+04, atom= 1334
Step=   81, Dmax= 1.8e-02 nm, Epot= -5.01573e+05 Fmax= 6.45555e+03, atom= 1334
Step=   82, Dmax= 2.1e-02 nm, Epot= -5.00731e+05 Fmax= 2.62730e+04, atom= 1334
Step=   83, Dmax= 1.1e-02 nm, Epot= -5.01694e+05 Fmax= 9.93291e+03, atom= 1334
Step=   84, Dmax= 1.3e-02 nm, Epot= -5.01883e+05 Fmax= 9.66179e+03, atom= 1334
Step=   85, Dmax= 1.5e-02 nm, Epot= -5.01902e+05 Fmax= 1.38964e+04, atom= 1334
Step=   86, Dmax= 1.8e-02 nm, Epot= -5.02057e+05 Fmax= 1.42864e+04, atom= 1334
Step=   87, Dmax= 2.2e-02 nm, Epot= -5.01904e+05 Fmax= 1.95527e+04, atom= 1334
Step=   88, Dmax= 1.1e-02 nm, Epot= -5.02559e+05 Fmax= 2.65752e+03, atom= 1334
Step=   89, Dmax= 1.3e-02 nm, Epot= -5.02606e+05 Fmax= 1.76111e+04, atom= 1334
Step=   90, Dmax= 1.6e-02 nm, Epot= -5.03252e+05 Fmax= 6.82776e+03, atom= 1334
Step=   91, Dmax= 1.9e-02 nm, Epot= -5.02687e+05 Fmax= 2.23907e+04, atom= 1334
Step=   92, Dmax= 9.6e-03 nm, Epot= -5.03399e+05 Fmax= 7.78877e+03, atom= 1334
Step=   93, Dmax= 1.1e-02 nm, Epot= -5.03511e+05 Fmax= 9.80720e+03, atom= 1334
Step=   94, Dmax= 1.4e-02 nm, Epot= -5.03621e+05 Fmax= 1.12419e+04, atom= 1334
Step=   95, Dmax= 1.7e-02 nm, Epot= -5.03656e+05 Fmax= 1.40605e+04, atom= 1334
Step=   96, Dmax= 2.0e-02 nm, Epot= -5.03689e+05 Fmax= 1.62121e+04, atom= 1334
Step=   97, Dmax= 2.4e-02 nm, Epot= -5.03571e+05 Fmax= 2.01266e+04, atom= 1334
Step=   98, Dmax= 1.2e-02 nm, Epot= -5.04300e+05 Fmax= 1.99597e+03, atom= 1334
Step=   99, Dmax= 1.4e-02 nm, Epot= -5.04343e+05 Fmax= 1.97579e+04, atom= 1334
Step=  100, Dmax= 1.7e-02 nm, Epot= -5.05147e+05 Fmax= 6.54471e+03, atom= 1334
Step=  101, Dmax= 2.1e-02 nm, Epot= -5.04317e+05 Fmax= 2.48547e+04, atom= 1334
Step=  102, Dmax= 1.0e-02 nm, Epot= -5.05235e+05 Fmax= 9.17550e+03, atom= 1334
Step=  103, Dmax= 1.2e-02 nm, Epot= -5.05359e+05 Fmax= 9.73689e+03, atom= 1334
Step=  104, Dmax= 1.5e-02 nm, Epot= -5.05376e+05 Fmax= 1.28879e+04, atom= 1334
Step=  105, Dmax= 1.8e-02 nm, Epot= -5.05443e+05 Fmax= 1.42979e+04, atom= 1334
Step=  106, Dmax= 2.1e-02 nm, Epot= -5.05331e+05 Fmax= 1.82272e+04, atom= 1334
Step=  107, Dmax= 1.1e-02 nm, Epot= -5.05931e+05 Fmax= 1.98980e+03, atom= 1334
Step=  108, Dmax= 1.3e-02 nm, Epot= -5.05955e+05 Fmax= 1.77377e+04, atom= 1334
Step=  109, Dmax= 1.5e-02 nm, Epot= -5.06621e+05 Fmax= 5.78339e+03, atom= 1334
Step=  110, Dmax= 1.8e-02 nm, Epot= -5.05959e+05 Fmax= 2.24458e+04, atom= 1334
Step=  111, Dmax= 9.2e-03 nm, Epot= -5.06704e+05 Fmax= 8.34244e+03, atom= 1334
Step=  112, Dmax= 1.1e-02 nm, Epot= -5.06825e+05 Fmax= 8.55727e+03, atom= 1334
Step=  113, Dmax= 1.3e-02 nm, Epot= -5.06839e+05 Fmax= 1.17659e+04, atom= 1751
Step=  114, Dmax= 1.6e-02 nm, Epot= -5.06927e+05 Fmax= 1.26653e+04, atom= 1751
Step=  115, Dmax= 1.9e-02 nm, Epot= -5.06834e+05 Fmax= 1.66736e+04, atom= 1751
Step=  116, Dmax= 9.6e-03 nm, Epot= -5.07321e+05 Fmax= 2.00937e+03, atom= 1751
Step=  117, Dmax= 1.1e-02 nm, Epot= -5.07391e+05 Fmax= 1.56767e+04, atom= 1751
Step=  118, Dmax= 1.4e-02 nm, Epot= -5.07886e+05 Fmax= 5.52165e+03, atom= 1751
Step=  119, Dmax= 1.7e-02 nm, Epot= -5.07490e+05 Fmax= 1.98199e+04, atom= 1751
Step=  120, Dmax= 8.3e-03 nm, Epot= -5.07984e+05 Fmax= 7.16269e+03, atom= 1751
Step=  121, Dmax= 9.9e-03 nm, Epot= -5.08084e+05 Fmax= 8.07872e+03, atom= 1751
Step=  122, Dmax= 1.2e-02 nm, Epot= -5.08148e+05 Fmax= 1.01769e+04, atom= 1751
Step=  123, Dmax= 1.4e-02 nm, Epot= -5.08212e+05 Fmax= 1.17608e+04, atom= 1751
Step=  124, Dmax= 1.7e-02 nm, Epot= -5.08216e+05 Fmax= 1.44946e+04, atom= 1751
Step=  125, Dmax= 2.1e-02 nm, Epot= -5.08204e+05 Fmax= 1.70527e+04, atom= 1751
Step=  126, Dmax= 1.0e-02 nm, Epot= -5.08640e+05 Fmax= 1.29336e+03, atom= 1751
Step=  127, Dmax= 1.2e-02 nm, Epot= -5.08961e+05 Fmax= 1.77281e+04, atom= 1751
Step=  128, Dmax= 1.5e-02 nm, Epot= -5.09479e+05 Fmax= 5.14060e+03, atom= 1751
Step=  129, Dmax= 1.8e-02 nm, Epot= -5.09079e+05 Fmax= 2.20375e+04, atom= 1751
Step=  130, Dmax= 8.9e-03 nm, Epot= -5.09551e+05 Fmax= 8.48184e+03, atom= 1751
Step=  131, Dmax= 1.1e-02 nm, Epot= -5.09667e+05 Fmax= 7.93144e+03, atom= 1751
Step=  132, Dmax= 1.3e-02 nm, Epot= -5.09689e+05 Fmax= 1.16890e+04, atom= 1751
Step=  133, Dmax= 1.5e-02 nm, Epot= -5.09788e+05 Fmax= 1.19163e+04, atom= 1751
Step=  134, Dmax= 1.8e-02 nm, Epot= -5.09736e+05 Fmax= 1.63020e+04, atom= 1751
Step=  135, Dmax= 9.2e-03 nm, Epot= -5.10040e+05 Fmax= 2.21406e+03, atom= 1751
Step=  136, Dmax= 1.1e-02 nm, Epot= -5.10139e+05 Fmax= 1.48268e+04, atom= 1751
Step=  137, Dmax= 1.3e-02 nm, Epot= -5.10459e+05 Fmax= 5.53436e+03, atom= 1751
Step=  138, Dmax= 1.6e-02 nm, Epot= -5.10248e+05 Fmax= 1.89748e+04, atom= 1751
Step=  139, Dmax= 8.0e-03 nm, Epot= -5.10549e+05 Fmax= 6.71781e+03, atom= 1751
Step=  140, Dmax= 9.6e-03 nm, Epot= -5.10632e+05 Fmax= 7.93392e+03, atom= 1751
Step=  141, Dmax= 1.1e-02 nm, Epot= -5.10701e+05 Fmax= 9.70231e+03, atom= 1751
Step=  142, Dmax= 1.4e-02 nm, Epot= -5.10761e+05 Fmax= 1.13859e+04, atom= 1751
Step=  143, Dmax= 1.7e-02 nm, Epot= -5.10787e+05 Fmax= 1.39838e+04, atom= 1751
Step=  144, Dmax= 2.0e-02 nm, Epot= -5.10803e+05 Fmax= 1.63363e+04, atom= 1751
Step=  145, Dmax= 2.4e-02 nm, Epot= -5.10742e+05 Fmax= 2.01195e+04, atom= 1751
Step=  146, Dmax= 1.2e-02 nm, Epot= -5.11179e+05 Fmax= 1.91126e+03, atom= 1751
Step=  147, Dmax= 1.4e-02 nm, Epot= -5.11254e+05 Fmax= 2.00237e+04, atom= 1751
Step=  148, Dmax= 1.7e-02 nm, Epot= -5.11726e+05 Fmax= 6.40085e+03, atom= 1751
Step=  149, Dmax= 2.1e-02 nm, Epot= -5.11305e+05 Fmax= 2.50110e+04, atom= 1751
Step=  150, Dmax= 1.0e-02 nm, Epot= -5.11785e+05 Fmax= 9.34061e+03, atom= 1751
Step=  151, Dmax= 1.2e-02 nm, Epot= -5.11870e+05 Fmax= 9.63047e+03, atom= 1751
Step=  152, Dmax= 1.5e-02 nm, Epot= -5.11892e+05 Fmax= 1.30309e+04, atom= 1751
Step=  153, Dmax= 1.8e-02 nm, Epot= -5.11951e+05 Fmax= 1.42467e+04, atom= 1751
Step=  154, Dmax= 2.1e-02 nm, Epot= -5.11911e+05 Fmax= 1.83305e+04, atom= 1751
Step=  155, Dmax= 1.1e-02 nm, Epot= -5.12210e+05 Fmax= 2.07521e+03, atom= 1751
Step=  156, Dmax= 1.3e-02 nm, Epot= -5.12308e+05 Fmax= 1.76551e+04, atom= 1751
Step=  157, Dmax= 1.5e-02 nm, Epot= -5.12642e+05 Fmax= 5.88501e+03, atom= 1751
Step=  158, Dmax= 1.8e-02 nm, Epot= -5.12383e+05 Fmax= 2.24622e+04, atom= 1751
Step=  159, Dmax= 9.2e-03 nm, Epot= -5.12710e+05 Fmax= 8.29069e+03, atom= 1751
Step=  160, Dmax= 1.1e-02 nm, Epot= -5.12788e+05 Fmax= 8.63738e+03, atom= 1751
Step=  161, Dmax= 1.3e-02 nm, Epot= -5.12826e+05 Fmax= 1.17519e+04, atom= 1751
Step=  162, Dmax= 1.6e-02 nm, Epot= -5.12892e+05 Fmax= 1.26058e+04, atom= 1751
Step=  163, Dmax= 1.9e-02 nm, Epot= -5.12875e+05 Fmax= 1.67077e+04, atom= 1751
Step=  164, Dmax= 9.5e-03 nm, Epot= -5.13087e+05 Fmax= 2.05559e+03, atom= 1751
Step=  165, Dmax= 1.1e-02 nm, Epot= -5.13218e+05 Fmax= 1.54903e+04, atom= 1751
Step=  166, Dmax= 1.4e-02 nm, Epot= -5.13462e+05 Fmax= 5.68165e+03, atom= 1751
Step=  167, Dmax= 1.6e-02 nm, Epot= -5.13328e+05 Fmax= 1.95536e+04, atom= 1751
Step=  168, Dmax= 8.2e-03 nm, Epot= -5.13536e+05 Fmax= 6.94955e+03, atom= 1751
Step=  169, Dmax= 9.9e-03 nm, Epot= -5.13605e+05 Fmax= 8.28536e+03, atom= 1751
Step=  170, Dmax= 1.2e-02 nm, Epot= -5.13665e+05 Fmax= 9.90506e+03, atom= 1751
Step=  171, Dmax= 1.4e-02 nm, Epot= -5.13712e+05 Fmax= 1.20109e+04, atom= 1751
Step=  172, Dmax= 1.7e-02 nm, Epot= -5.13749e+05 Fmax= 1.41614e+04, atom= 1751
Step=  173, Dmax= 2.1e-02 nm, Epot= -5.13751e+05 Fmax= 1.73424e+04, atom= 1751
Step=  174, Dmax= 2.5e-02 nm, Epot= -5.13740e+05 Fmax= 2.02553e+04, atom= 1751
Step=  175, Dmax= 1.2e-02 nm, Epot= -5.14045e+05 Fmax= 1.51803e+03, atom= 1751
Step=  176, Dmax= 1.5e-02 nm, Epot= -5.14247e+05 Fmax= 2.12881e+04, atom= 1751
Step=  177, Dmax= 1.8e-02 nm, Epot= -5.14628e+05 Fmax= 5.98099e+03, atom= 1751
Step=  178, Dmax= 2.1e-02 nm, Epot= -5.14291e+05 Fmax= 2.67885e+04, atom= 1751
Step=  179, Dmax= 1.1e-02 nm, Epot= -5.14670e+05 Fmax= 1.04417e+04, atom= 1751
Step=  180, Dmax= 1.3e-02 nm, Epot= -5.14758e+05 Fmax= 9.12816e+03, atom= 1751
Step=  181, Dmax= 1.5e-02 nm, Epot= -5.14755e+05 Fmax= 1.44445e+04, atom= 1751
Step=  182, Dmax= 7.7e-03 nm, Epot= -5.14864e+05 Fmax= 2.65817e+03, atom= 1751
Step=  183, Dmax= 9.2e-03 nm, Epot= -5.14961e+05 Fmax= 1.13997e+04, atom= 1751
Step=  184, Dmax= 1.1e-02 nm, Epot= -5.15089e+05 Fmax= 5.57886e+03, atom= 1751
Step=  185, Dmax= 1.3e-02 nm, Epot= -5.15080e+05 Fmax= 1.46825e+04, atom= 1751
Step=  186, Dmax= 6.6e-03 nm, Epot= -5.15161e+05 Fmax= 4.55830e+03, atom= 1751
Step=  187, Dmax= 7.9e-03 nm, Epot= -5.15227e+05 Fmax= 7.68237e+03, atom= 1751
Step=  188, Dmax= 9.5e-03 nm, Epot= -5.15302e+05 Fmax= 6.91757e+03, atom= 1751
Step=  189, Dmax= 1.1e-02 nm, Epot= -5.15342e+05 Fmax= 1.06914e+04, atom= 1751
Step=  190, Dmax= 1.4e-02 nm, Epot= -5.15416e+05 Fmax= 1.03251e+04, atom= 1751
Step=  191, Dmax= 1.6e-02 nm, Epot= -5.15416e+05 Fmax= 1.49953e+04, atom= 1751
Step=  192, Dmax= 2.0e-02 nm, Epot= -5.15480e+05 Fmax= 1.52269e+04, atom= 1751
Step=  193, Dmax= 2.4e-02 nm, Epot= -5.15408e+05 Fmax= 2.11482e+04, atom= 1751
Step=  194, Dmax= 1.2e-02 nm, Epot= -5.15681e+05 Fmax= 2.97296e+03, atom= 1751
Step=  195, Dmax= 1.4e-02 nm, Epot= -5.15687e+05 Fmax= 1.88214e+04, atom= 1751
Step=  196, Dmax= 1.7e-02 nm, Epot= -5.15944e+05 Fmax= 7.47063e+03, atom= 1751
Step=  197, Dmax= 2.0e-02 nm, Epot= -5.15729e+05 Fmax= 2.38567e+04, atom= 1751
Step=  198, Dmax= 1.0e-02 nm, Epot= -5.16007e+05 Fmax= 8.21395e+03, atom= 1751
Step=  199, Dmax= 1.2e-02 nm, Epot= -5.16051e+05 Fmax= 1.07007e+04, atom= 1751
Step=  200, Dmax= 1.5e-02 nm, Epot= -5.16102e+05 Fmax= 1.18801e+04, atom= 1751
Step=  201, Dmax= 1.8e-02 nm, Epot= -5.16115e+05 Fmax= 1.53223e+04, atom= 1751
Step=  202, Dmax= 2.1e-02 nm, Epot= -5.16143e+05 Fmax= 1.71444e+04, atom= 1751
Step=  203, Dmax= 2.5e-02 nm, Epot= -5.16092e+05 Fmax= 2.19262e+04, atom= 1751
Step=  204, Dmax= 1.3e-02 nm, Epot= -5.16376e+05 Fmax= 2.41380e+03, atom= 1751
Step=  205, Dmax= 1.5e-02 nm, Epot= -5.16402e+05 Fmax= 2.10232e+04, atom= 1751
Step=  206, Dmax= 1.8e-02 nm, Epot= -5.16704e+05 Fmax= 7.28420e+03, atom= 1751
Step=  207, Dmax= 2.2e-02 nm, Epot= -5.16430e+05 Fmax= 2.63628e+04, atom= 1751
Step=  208, Dmax= 1.1e-02 nm, Epot= -5.16751e+05 Fmax= 9.57305e+03, atom= 1751
Step=  209, Dmax= 1.3e-02 nm, Epot= -5.16803e+05 Fmax= 1.07630e+04, atom= 1751
Step=  210, Dmax= 1.6e-02 nm, Epot= -5.16831e+05 Fmax= 1.35045e+04, atom= 1751
Step=  211, Dmax= 1.9e-02 nm, Epot= -5.16858e+05 Fmax= 1.57295e+04, atom= 1751
Step=  212, Dmax= 2.3e-02 nm, Epot= -5.16849e+05 Fmax= 1.91516e+04, atom= 1751
Step=  213, Dmax= 1.1e-02 nm, Epot= -5.17049e+05 Fmax= 1.75530e+03, atom= 1751
Step=  214, Dmax= 1.4e-02 nm, Epot= -5.17186e+05 Fmax= 1.94627e+04, atom= 1751
Step=  215, Dmax= 1.6e-02 nm, Epot= -5.17440e+05 Fmax= 5.78434e+03, atom= 1751
Step=  216, Dmax= 2.0e-02 nm, Epot= -5.17243e+05 Fmax= 2.46259e+04, atom= 1751
Step=  217, Dmax= 9.9e-03 nm, Epot= -5.17485e+05 Fmax= 9.43563e+03, atom= 1751
Step=  218, Dmax= 1.2e-02 nm, Epot= -5.17551e+05 Fmax= 8.70018e+03, atom= 1751
Step=  219, Dmax= 1.4e-02 nm, Epot= -5.17567e+05 Fmax= 1.31644e+04, atom= 1751
Step=  220, Dmax= 1.7e-02 nm, Epot= -5.17629e+05 Fmax= 1.29256e+04, atom= 1751
Step=  221, Dmax= 2.0e-02 nm, Epot= -5.17595e+05 Fmax= 1.84909e+04, atom= 1751
Step=  222, Dmax= 1.0e-02 nm, Epot= -5.17764e+05 Fmax= 2.78795e+03, atom= 1751
Step=  223, Dmax= 1.2e-02 nm, Epot= -5.17813e+05 Fmax= 1.59881e+04, atom= 1751
Step=  224, Dmax= 1.5e-02 nm, Epot= -5.17984e+05 Fmax= 6.68752e+03, atom= 1751
Step=  225, Dmax= 1.8e-02 nm, Epot= -5.17879e+05 Fmax= 2.03419e+04, atom= 1751
Step=  226, Dmax= 8.8e-03 nm, Epot= -5.18041e+05 Fmax= 6.84070e+03, atom= 1751
Step=  227, Dmax= 1.1e-02 nm, Epot= -5.18085e+05 Fmax= 9.48800e+03, atom= 1751
Step=  228, Dmax= 1.3e-02 nm, Epot= -5.18139e+05 Fmax= 9.99404e+03, atom= 1751
Step=  229, Dmax= 1.5e-02 nm, Epot= -5.18159e+05 Fmax= 1.34919e+04, atom= 1751
Step=  230, Dmax= 1.8e-02 nm, Epot= -5.18200e+05 Fmax= 1.45362e+04, atom= 1751
Step=  231, Dmax= 2.2e-02 nm, Epot= -5.18174e+05 Fmax= 1.92133e+04, atom= 1751
Step=  232, Dmax= 1.1e-02 nm, Epot= -5.18356e+05 Fmax= 2.34967e+03, atom= 1751
Step=  233, Dmax= 1.3e-02 nm, Epot= -5.18419e+05 Fmax= 1.78266e+04, atom= 1751
Step=  234, Dmax= 1.6e-02 nm, Epot= -5.18619e+05 Fmax= 6.57137e+03, atom= 1751
Step=  235, Dmax= 1.9e-02 nm, Epot= -5.18474e+05 Fmax= 2.24667e+04, atom= 1751
Step=  236, Dmax= 9.5e-03 nm, Epot= -5.18669e+05 Fmax= 7.96743e+03, atom= 1751
Step=  237, Dmax= 1.1e-02 nm, Epot= -5.18715e+05 Fmax= 9.58499e+03, atom= 1751
Step=  238, Dmax= 1.4e-02 nm, Epot= -5.18754e+05 Fmax= 1.13526e+04, atom= 1751
Step=  239, Dmax= 1.6e-02 nm, Epot= -5.18780e+05 Fmax= 1.38871e+04, atom= 1751
Step=  240, Dmax= 2.0e-02 nm, Epot= -5.18798e+05 Fmax= 1.62289e+04, atom= 1751
Step=  241, Dmax= 2.4e-02 nm, Epot= -5.18782e+05 Fmax= 2.00298e+04, atom= 1751
Step=  242, Dmax= 1.2e-02 nm, Epot= -5.18979e+05 Fmax= 1.92014e+03, atom= 1751
Step=  243, Dmax= 1.4e-02 nm, Epot= -5.19072e+05 Fmax= 1.97608e+04, atom= 1751
Step=  244, Dmax= 1.7e-02 nm, Epot= -5.19305e+05 Fmax= 6.50787e+03, atom= 1751
Step=  245, Dmax= 2.0e-02 nm, Epot= -5.19114e+05 Fmax= 2.46739e+04, atom= 1751
Step=  246, Dmax= 1.0e-02 nm, Epot= -5.19347e+05 Fmax= 9.11622e+03, atom= 1751
Step=  247, Dmax= 1.2e-02 nm, Epot= -5.19396e+05 Fmax= 9.75580e+03, atom= 1751
Step=  248, Dmax= 1.5e-02 nm, Epot= -5.19420e+05 Fmax= 1.27466e+04, atom= 1751
Step=  249, Dmax= 1.8e-02 nm, Epot= -5.19453e+05 Fmax= 1.43798e+04, atom= 1751
Step=  250, Dmax= 2.1e-02 nm, Epot= -5.19446e+05 Fmax= 1.79790e+04, atom= 1751
Step=  251, Dmax= 1.1e-02 nm, Epot= -5.19596e+05 Fmax= 1.83392e+03, atom= 1751
Step=  252, Dmax= 1.3e-02 nm, Epot= -5.19704e+05 Fmax= 1.78738e+04, atom= 1751
Step=  253, Dmax= 1.5e-02 nm, Epot= -5.19897e+05 Fmax= 5.51954e+03, atom= 1751
Step=  254, Dmax= 1.8e-02 nm, Epot= -5.19763e+05 Fmax= 2.26945e+04, atom= 1751
Step=  255, Dmax= 9.1e-03 nm, Epot= -5.19940e+05 Fmax= 8.59347e+03, atom= 1751
Step=  256, Dmax= 1.1e-02 nm, Epot= -5.19994e+05 Fmax= 8.21631e+03, atom= 1751
Step=  257, Dmax= 1.3e-02 nm, Epot= -5.20015e+05 Fmax= 1.20656e+04, atom= 1751
Step=  258, Dmax= 1.6e-02 nm, Epot= -5.20065e+05 Fmax= 1.21267e+04, atom= 1751
Step=  259, Dmax= 1.9e-02 nm, Epot= -5.20050e+05 Fmax= 1.70209e+04, atom= 1751
Step=  260, Dmax= 9.5e-03 nm, Epot= -5.20174e+05 Fmax= 2.45032e+03, atom= 1751
Step=  261, Dmax= 1.1e-02 nm, Epot= -5.20238e+05 Fmax= 1.49325e+04, atom= 1751
Step=  262, Dmax= 1.4e-02 nm, Epot= -5.20376e+05 Fmax= 6.10031e+03, atom= 1751
Step=  263, Dmax= 1.6e-02 nm, Epot= -5.20304e+05 Fmax= 1.89553e+04, atom= 1751
Step=  264, Dmax= 8.2e-03 nm, Epot= -5.20425e+05 Fmax= 6.43882e+03, atom= 1751
Step=  265, Dmax= 9.8e-03 nm, Epot= -5.20466e+05 Fmax= 8.71180e+03, atom= 1751
Step=  266, Dmax= 1.2e-02 nm, Epot= -5.20512e+05 Fmax= 9.35057e+03, atom= 1751
Step=  267, Dmax= 1.4e-02 nm, Epot= -5.20535e+05 Fmax= 1.24385e+04, atom= 1751
Step=  268, Dmax= 1.7e-02 nm, Epot= -5.20570e+05 Fmax= 1.35554e+04, atom= 1751
Step=  269, Dmax= 2.0e-02 nm, Epot= -5.20558e+05 Fmax= 1.77595e+04, atom= 1751
Step=  270, Dmax= 1.0e-02 nm, Epot= -5.20697e+05 Fmax= 2.10996e+03, atom= 1751
Step=  271, Dmax= 1.2e-02 nm, Epot= -5.20773e+05 Fmax= 1.65652e+04, atom= 1751
Step=  272, Dmax= 1.5e-02 nm, Epot= -5.20934e+05 Fmax= 6.06070e+03, atom= 1751
Step=  273, Dmax= 1.8e-02 nm, Epot= -5.20830e+05 Fmax= 2.08586e+04, atom= 1751
Step=  274, Dmax= 8.8e-03 nm, Epot= -5.20979e+05 Fmax= 7.41550e+03, atom= 1751
Step=  275, Dmax= 1.1e-02 nm, Epot= -5.21021e+05 Fmax= 8.86876e+03, atom= 1751
Step=  276, Dmax= 1.3e-02 nm, Epot= -5.21056e+05 Fmax= 1.05441e+04, atom= 1751
Step=  277, Dmax= 1.5e-02 nm, Epot= -5.21081e+05 Fmax= 1.28714e+04, atom= 1751
Step=  278, Dmax= 1.8e-02 nm, Epot= -5.21101e+05 Fmax= 1.50610e+04, atom= 1751
Step=  279, Dmax= 2.2e-02 nm, Epot= -5.21092e+05 Fmax= 1.85834e+04, atom= 1751
Step=  280, Dmax= 1.1e-02 nm, Epot= -5.21248e+05 Fmax= 1.77573e+03, atom= 1751
Step=  281, Dmax= 1.3e-02 nm, Epot= -5.21346e+05 Fmax= 1.82872e+04, atom= 1751
Step=  282, Dmax= 1.6e-02 nm, Epot= -5.21535e+05 Fmax= 6.06452e+03, atom= 1751
Step=  283, Dmax= 1.9e-02 nm, Epot= -5.21391e+05 Fmax= 2.28478e+04, atom= 1751
Step=  284, Dmax= 9.5e-03 nm, Epot= -5.21574e+05 Fmax= 8.41845e+03, atom= 1751
Step=  285, Dmax= 1.1e-02 nm, Epot= -5.21617e+05 Fmax= 9.08758e+03, atom= 1751
Step=  286, Dmax= 1.4e-02 nm, Epot= -5.21641e+05 Fmax= 1.17768e+04, atom= 1751
Step=  287, Dmax= 1.6e-02 nm, Epot= -5.21671e+05 Fmax= 1.33878e+04, atom= 1751
Step=  288, Dmax= 2.0e-02 nm, Epot= -5.21671e+05 Fmax= 1.66273e+04, atom= 1751
Step=  289, Dmax= 2.4e-02 nm, Epot= -5.21667e+05 Fmax= 1.95191e+04, atom= 1751
Step=  290, Dmax= 1.2e-02 nm, Epot= -5.21842e+05 Fmax= 1.47020e+03, atom= 1751
Step=  291, Dmax= 1.4e-02 nm, Epot= -5.21976e+05 Fmax= 2.00628e+04, atom= 1751
Step=  292, Dmax= 1.7e-02 nm, Epot= -5.22196e+05 Fmax= 6.16746e+03, atom= 1751
Step=  293, Dmax= 2.0e-02 nm, Epot= -5.22007e+05 Fmax= 2.48614e+04, atom= 1751
Step=  294, Dmax= 1.0e-02 nm, Epot= -5.22227e+05 Fmax= 9.39426e+03, atom= 1751
Step=  295, Dmax= 1.2e-02 nm, Epot= -5.22273e+05 Fmax= 9.43099e+03, atom= 1751
Step=  296, Dmax= 1.5e-02 nm, Epot= -5.22285e+05 Fmax= 1.29938e+04, atom= 1751
Step=  297, Dmax= 1.8e-02 nm, Epot= -5.22318e+05 Fmax= 1.40541e+04, atom= 1751
Step=  298, Dmax= 2.1e-02 nm, Epot= -5.22299e+05 Fmax= 1.81972e+04, atom= 1751
Step=  299, Dmax= 1.1e-02 nm, Epot= -5.22444e+05 Fmax= 2.10418e+03, atom= 1751
Step=  300, Dmax= 1.3e-02 nm, Epot= -5.22496e+05 Fmax= 1.75417e+04, atom= 1751
Step=  301, Dmax= 1.5e-02 nm, Epot= -5.22666e+05 Fmax= 5.76198e+03, atom= 1751
Step=  302, Dmax= 1.8e-02 nm, Epot= -5.22534e+05 Fmax= 2.23595e+04, atom= 1751
Step=  303, Dmax= 9.1e-03 nm, Epot= -5.22702e+05 Fmax= 8.29995e+03, atom= 1751
Step=  304, Dmax= 1.1e-02 nm, Epot= -5.22745e+05 Fmax= 8.44804e+03, atom= 1751
Step=  305, Dmax= 1.3e-02 nm, Epot= -5.22764e+05 Fmax= 1.17679e+04, atom= 1751
Step=  306, Dmax= 1.6e-02 nm, Epot= -5.22801e+05 Fmax= 1.23403e+04, atom= 1751
Step=  307, Dmax= 1.9e-02 nm, Epot= -5.22788e+05 Fmax= 1.67133e+04, atom= 1751
Step=  308, Dmax= 9.4e-03 nm, Epot= -5.22904e+05 Fmax= 2.19024e+03, atom= 1751
Step=  309, Dmax= 1.1e-02 nm, Epot= -5.22962e+05 Fmax= 1.51128e+04, atom= 1751
Step=  310, Dmax= 1.4e-02 nm, Epot= -5.23093e+05 Fmax= 5.85885e+03, atom= 1751
Step=  311, Dmax= 1.6e-02 nm, Epot= -5.23015e+05 Fmax= 1.91026e+04, atom= 1751
Step=  312, Dmax= 8.2e-03 nm, Epot= -5.23134e+05 Fmax= 6.63419e+03, atom= 1751
Step=  313, Dmax= 9.8e-03 nm, Epot= -5.23170e+05 Fmax= 8.47164e+03, atom= 1751
Step=  314, Dmax= 1.2e-02 nm, Epot= -5.23205e+05 Fmax= 9.52755e+03, atom= 1751
Step=  315, Dmax= 1.4e-02 nm, Epot= -5.23225e+05 Fmax= 1.21940e+04, atom= 1751
Step=  316, Dmax= 1.7e-02 nm, Epot= -5.23250e+05 Fmax= 1.37114e+04, atom= 1751
Step=  317, Dmax= 2.0e-02 nm, Epot= -5.23238e+05 Fmax= 1.75043e+04, atom= 1751
Step=  318, Dmax= 1.0e-02 nm, Epot= -5.23369e+05 Fmax= 1.90552e+03, atom= 1751
Step=  319, Dmax= 1.2e-02 nm, Epot= -5.23438e+05 Fmax= 1.66799e+04, atom= 1751
Step=  320, Dmax= 1.5e-02 nm, Epot= -5.23592e+05 Fmax= 5.88100e+03, atom= 1751
Step=  321, Dmax= 1.8e-02 nm, Epot= -5.23480e+05 Fmax= 2.09362e+04, atom= 1751
Step=  322, Dmax= 8.8e-03 nm, Epot= -5.23628e+05 Fmax= 7.54594e+03, atom= 1751
Step=  323, Dmax= 1.1e-02 nm, Epot= -5.23664e+05 Fmax= 8.69007e+03, atom= 1751
Step=  324, Dmax= 1.3e-02 nm, Epot= -5.23691e+05 Fmax= 1.06553e+04, atom= 1751
Step=  325, Dmax= 1.5e-02 nm, Epot= -5.23713e+05 Fmax= 1.26879e+04, atom= 1751
Step=  326, Dmax= 1.8e-02 nm, Epot= -5.23723e+05 Fmax= 1.51503e+04, atom= 1751
Step=  327, Dmax= 2.2e-02 nm, Epot= -5.23714e+05 Fmax= 1.83882e+04, atom= 1751
Step=  328, Dmax= 1.1e-02 nm, Epot= -5.23863e+05 Fmax= 1.63421e+03, atom= 1751
Step=  329, Dmax= 1.3e-02 nm, Epot= -5.23948e+05 Fmax= 1.83251e+04, atom= 1751
Step=  330, Dmax= 1.6e-02 nm, Epot= -5.24128e+05 Fmax= 5.95714e+03, atom= 1751
Step=  331, Dmax= 1.9e-02 nm, Epot= -5.23977e+05 Fmax= 2.28438e+04, atom= 1751
Step=  332, Dmax= 9.4e-03 nm, Epot= -5.24159e+05 Fmax= 8.47260e+03, atom= 1751
Step=  333, Dmax= 1.1e-02 nm, Epot= -5.24197e+05 Fmax= 8.98197e+03, atom= 1751
Step=  334, Dmax= 1.4e-02 nm, Epot= -5.24213e+05 Fmax= 1.18102e+04, atom= 1751
Step=  335, Dmax= 1.6e-02 nm, Epot= -5.24238e+05 Fmax= 1.32773e+04, atom= 1751
Step=  336, Dmax= 2.0e-02 nm, Epot= -5.24231e+05 Fmax= 1.66368e+04, atom= 1751
Step=  337, Dmax= 9.8e-03 nm, Epot= -5.24349e+05 Fmax= 1.70699e+03, atom= 1751
Step=  338, Dmax= 1.2e-02 nm, Epot= -5.24425e+05 Fmax= 1.65649e+04, atom= 1751
Step=  339, Dmax= 1.4e-02 nm, Epot= -5.24576e+05 Fmax= 5.05019e+03, atom= 1751
Step=  340, Dmax= 1.7e-02 nm, Epot= -5.24466e+05 Fmax= 2.10533e+04, atom= 1751
Step=  341, Dmax= 8.4e-03 nm, Epot= -5.24608e+05 Fmax= 8.00550e+03, atom= 1751
Step=  342, Dmax= 1.0e-02 nm, Epot= -5.24650e+05 Fmax= 7.52360e+03, atom= 1751
Step=  343, Dmax= 1.2e-02 nm, Epot= -5.24664e+05 Fmax= 1.12355e+04, atom= 1751
Step=  344, Dmax= 1.5e-02 nm, Epot= -5.24704e+05 Fmax= 1.11220e+04, atom= 1751
Step=  345, Dmax= 1.8e-02 nm, Epot= -5.24687e+05 Fmax= 1.58366e+04, atom= 1751
Step=  346, Dmax= 8.8e-03 nm, Epot= -5.24789e+05 Fmax= 2.35883e+03, atom= 1751
Step=  347, Dmax= 1.1e-02 nm, Epot= -5.24830e+05 Fmax= 1.36722e+04, atom= 1751
Step=  348, Dmax= 1.3e-02 nm, Epot= -5.24936e+05 Fmax= 5.76919e+03, atom= 1751
Step=  349, Dmax= 1.5e-02 nm, Epot= -5.24877e+05 Fmax= 1.73752e+04, atom= 1751
Step=  350, Dmax= 7.6e-03 nm, Epot= -5.24975e+05 Fmax= 5.81262e+03, atom= 1751
Step=  351, Dmax= 9.1e-03 nm, Epot= -5.25005e+05 Fmax= 8.20310e+03, atom= 1751
Step=  352, Dmax= 1.1e-02 nm, Epot= -5.25041e+05 Fmax= 8.48501e+03, atom= 1751
Step=  353, Dmax= 1.3e-02 nm, Epot= -5.25055e+05 Fmax= 1.16678e+04, atom= 1751
Step=  354, Dmax= 1.6e-02 nm, Epot= -5.25086e+05 Fmax= 1.23568e+04, atom= 1751
Step=  355, Dmax= 1.9e-02 nm, Epot= -5.25069e+05 Fmax= 1.66074e+04, atom= 1751
Step=  356, Dmax= 9.4e-03 nm, Epot= -5.25184e+05 Fmax= 2.12994e+03, atom= 1751
Step=  357, Dmax= 1.1e-02 nm, Epot= -5.25227e+05 Fmax= 1.50919e+04, atom= 1751
Step=  358, Dmax= 1.4e-02 nm, Epot= -5.25351e+05 Fmax= 5.81504e+03, atom= 1751
Step=  359, Dmax= 1.6e-02 nm, Epot= -5.25265e+05 Fmax= 1.90555e+04, atom= 1751
Step=  360, Dmax= 8.1e-03 nm, Epot= -5.25387e+05 Fmax= 6.63261e+03, atom= 1751
Step=  361, Dmax= 9.8e-03 nm, Epot= -5.25416e+05 Fmax= 8.42912e+03, atom= 1751
Step=  362, Dmax= 1.2e-02 nm, Epot= -5.25446e+05 Fmax= 9.50734e+03, atom= 1751
Step=  363, Dmax= 1.4e-02 nm, Epot= -5.25460e+05 Fmax= 1.21486e+04, atom= 1751
Step=  364, Dmax= 1.7e-02 nm, Epot= -5.25480e+05 Fmax= 1.36694e+04, atom= 1751
Step=  365, Dmax= 2.0e-02 nm, Epot= -5.25463e+05 Fmax= 1.74500e+04, atom= 1751
Step=  366, Dmax= 1.0e-02 nm, Epot= -5.25594e+05 Fmax= 1.89866e+03, atom= 1751
Step=  367, Dmax= 1.2e-02 nm, Epot= -5.25640e+05 Fmax= 1.66038e+04, atom= 1751
Step=  368, Dmax= 1.5e-02 nm, Epot= -5.25788e+05 Fmax= 5.88475e+03, atom= 1751
Step=  369, Dmax= 1.7e-02 nm, Epot= -5.25668e+05 Fmax= 2.08370e+04, atom= 1751
Step=  370, Dmax= 8.7e-03 nm, Epot= -5.25818e+05 Fmax= 7.49404e+03, atom= 1751
Step=  371, Dmax= 1.0e-02 nm, Epot= -5.25848e+05 Fmax= 8.69382e+03, atom= 1751
Step=  372, Dmax= 1.3e-02 nm, Epot= -5.25870e+05 Fmax= 1.05847e+04, atom= 1751
Step=  373, Dmax= 1.5e-02 nm, Epot= -5.25886e+05 Fmax= 1.26873e+04, atom= 1751
Step=  374, Dmax= 1.8e-02 nm, Epot= -5.25892e+05 Fmax= 1.50571e+04, atom= 1751
Step=  375, Dmax= 2.2e-02 nm, Epot= -5.25877e+05 Fmax= 1.83773e+04, atom= 1751
Step=  376, Dmax= 1.1e-02 nm, Epot= -5.26026e+05 Fmax= 1.67453e+03, atom= 1751
Step=  377, Dmax= 1.3e-02 nm, Epot= -5.26078e+05 Fmax= 1.81973e+04, atom= 1751
Step=  378, Dmax= 1.6e-02 nm, Epot= -5.26251e+05 Fmax= 6.00261e+03, atom= 1751
Step=  379, Dmax= 1.9e-02 nm, Epot= -5.26093e+05 Fmax= 2.27001e+04, atom= 1751
Step=  380, Dmax= 9.4e-03 nm, Epot= -5.26276e+05 Fmax= 8.37669e+03, atom= 1751
Step=  381, Dmax= 1.1e-02 nm, Epot= -5.26308e+05 Fmax= 9.02490e+03, atom= 1751
Step=  382, Dmax= 1.4e-02 nm, Epot= -5.26320e+05 Fmax= 1.16961e+04, atom= 1751
Step=  383, Dmax= 1.6e-02 nm, Epot= -5.26338e+05 Fmax= 1.33141e+04, atom= 1751
Step=  384, Dmax= 1.9e-02 nm, Epot= -5.26329e+05 Fmax= 1.64997e+04, atom= 1751
Step=  385, Dmax= 9.7e-03 nm, Epot= -5.26446e+05 Fmax= 1.62042e+03, atom= 1751
Step=  386, Dmax= 1.2e-02 nm, Epot= -5.26506e+05 Fmax= 1.66271e+04, atom= 1751
Step=  387, Dmax= 1.4e-02 nm, Epot= -5.26654e+05 Fmax= 4.92023e+03, atom= 1751
Step=  388, Dmax= 1.7e-02 nm, Epot= -5.26534e+05 Fmax= 2.11137e+04, atom= 1751
Step=  389, Dmax= 8.4e-03 nm, Epot= -5.26679e+05 Fmax= 8.10167e+03, atom= 1751
Step=  390, Dmax= 1.0e-02 nm, Epot= -5.26718e+05 Fmax= 7.37483e+03, atom= 1751
Step=  391, Dmax= 1.2e-02 nm, Epot= -5.26725e+05 Fmax= 1.13306e+04, atom= 1751
Step=  392, Dmax= 1.5e-02 nm, Epot= -5.26762e+05 Fmax= 1.09521e+04, atom= 1751
Step=  393, Dmax= 1.7e-02 nm, Epot= -5.26738e+05 Fmax= 1.59254e+04, atom= 1751
Step=  394, Dmax= 8.7e-03 nm, Epot= -5.26841e+05 Fmax= 2.48779e+03, atom= 1751
Step=  395, Dmax= 1.0e-02 nm, Epot= -5.26864e+05 Fmax= 1.34820e+04, atom= 1751
Step=  396, Dmax= 1.3e-02 nm, Epot= -5.26963e+05 Fmax= 5.89658e+03, atom= 1751
Step=  397, Dmax= 1.5e-02 nm, Epot= -5.26899e+05 Fmax= 1.71671e+04, atom= 1751
Step=  398, Dmax= 7.5e-03 nm, Epot= -5.26998e+05 Fmax= 5.64446e+03, atom= 1751
Step=  399, Dmax= 9.0e-03 nm, Epot= -5.27022e+05 Fmax= 8.33209e+03, atom= 1751
Step=  400, Dmax= 1.1e-02 nm, Epot= -5.27056e+05 Fmax= 8.29908e+03, atom= 1751
Step=  401, Dmax= 1.3e-02 nm, Epot= -5.27062e+05 Fmax= 1.17947e+04, atom= 1751
Step=  402, Dmax= 1.6e-02 nm, Epot= -5.27092e+05 Fmax= 1.21492e+04, atom= 1751
Step=  403, Dmax= 1.9e-02 nm, Epot= -5.27066e+05 Fmax= 1.67270e+04, atom= 1751
Step=  404, Dmax= 9.4e-03 nm, Epot= -5.27184e+05 Fmax= 2.29296e+03, atom= 1751
Step=  405, Dmax= 1.1e-02 nm, Epot= -5.27202e+05 Fmax= 1.48641e+04, atom= 1751
Step=  406, Dmax= 1.4e-02 nm, Epot= -5.27320e+05 Fmax= 5.97263e+03, atom= 1751
Step=  407, Dmax= 1.6e-02 nm, Epot= -5.27228e+05 Fmax= 1.88130e+04, atom= 1751
Step=  408, Dmax= 8.1e-03 nm, Epot= -5.27351e+05 Fmax= 6.43196e+03, atom= 1751
Step=  409, Dmax= 9.7e-03 nm, Epot= -5.27374e+05 Fmax= 8.58622e+03, atom= 1751
Step=  410, Dmax= 1.2e-02 nm, Epot= -5.27402e+05 Fmax= 9.28901e+03, atom= 1751
Step=  411, Dmax= 1.4e-02 nm, Epot= -5.27408e+05 Fmax= 1.23025e+04, atom= 1751
Step=  412, Dmax= 1.7e-02 nm, Epot= -5.27428e+05 Fmax= 1.34292e+04, atom= 1751
Step=  413, Dmax= 2.0e-02 nm, Epot= -5.27401e+05 Fmax= 1.75955e+04, atom= 1751
Step=  414, Dmax= 1.0e-02 nm, Epot= -5.27536e+05 Fmax= 2.09057e+03, atom= 1751
Step=  415, Dmax= 1.2e-02 nm, Epot= -5.27550e+05 Fmax= 1.63449e+04, atom= 1751
Step=  416, Dmax= 1.5e-02 nm, Epot= -5.27689e+05 Fmax= 6.06409e+03, atom= 1751
Step=  417, Dmax= 1.7e-02 nm, Epot= -5.27565e+05 Fmax= 2.05699e+04, atom= 1751
Step=  418, Dmax= 8.7e-03 nm, Epot= -5.27716e+05 Fmax= 7.26887e+03, atom= 1751
Step=  419, Dmax= 1.0e-02 nm, Epot= -5.27740e+05 Fmax= 8.87045e+03, atom= 1751
Step=  420, Dmax= 1.3e-02 nm, Epot= -5.27760e+05 Fmax= 1.03428e+04, atom= 1751
Step=  421, Dmax= 1.5e-02 nm, Epot= -5.27768e+05 Fmax= 1.28584e+04, atom= 1751
Step=  422, Dmax= 1.8e-02 nm, Epot= -5.27774e+05 Fmax= 1.47938e+04, atom= 1751
Step=  423, Dmax= 2.2e-02 nm, Epot= -5.27749e+05 Fmax= 1.85376e+04, atom= 1751
Step=  424, Dmax= 1.1e-02 nm, Epot= -5.27902e+05 Fmax= 1.88429e+03, atom= 1751
Step=  425, Dmax= 1.3e-02 nm, Epot= -5.27913e+05 Fmax= 1.79211e+04, atom= 1751
Step=  426, Dmax= 1.6e-02 nm, Epot= -5.28077e+05 Fmax= 6.18658e+03, atom= 1751
Step=  427, Dmax= 1.9e-02 nm, Epot= -5.27916e+05 Fmax= 2.24283e+04, atom= 1751
Step=  428, Dmax= 9.4e-03 nm, Epot= -5.28099e+05 Fmax= 8.14456e+03, atom= 1751
Step=  429, Dmax= 1.1e-02 nm, Epot= -5.28124e+05 Fmax= 9.20234e+03, atom= 1751
Step=  430, Dmax= 1.3e-02 nm, Epot= -5.28136e+05 Fmax= 1.14487e+04, atom= 1751
Step=  431, Dmax= 1.6e-02 nm, Epot= -5.28145e+05 Fmax= 1.34839e+04, atom= 1751
Step=  432, Dmax= 1.9e-02 nm, Epot= -5.28138e+05 Fmax= 1.62308e+04, atom= 1751
Step=  433, Dmax= 9.7e-03 nm, Epot= -5.28253e+05 Fmax= 1.40268e+03, atom= 1751
Step=  434, Dmax= 1.2e-02 nm, Epot= -5.28314e+05 Fmax= 1.68485e+04, atom= 1751
Step=  435, Dmax= 1.4e-02 nm, Epot= -5.28464e+05 Fmax= 4.63969e+03, atom= 1751
Step=  436, Dmax= 1.7e-02 nm, Epot= -5.28333e+05 Fmax= 2.13301e+04, atom= 1751
Step=  437, Dmax= 8.4e-03 nm, Epot= -5.28483e+05 Fmax= 8.35550e+03, atom= 1751
Step=  438, Dmax= 1.0e-02 nm, Epot= -5.28521e+05 Fmax= 7.07163e+03, atom= 1751
Step=  439, Dmax= 1.2e-02 nm, Epot= -5.28520e+05 Fmax= 1.15839e+04, atom= 1751
Step=  440, Dmax= 6.0e-03 nm, Epot= -5.28564e+05 Fmax= 2.25465e+03, atom= 1751
Step=  441, Dmax= 7.2e-03 nm, Epot= -5.28604e+05 Fmax= 8.76896e+03, atom= 1751
Step=  442, Dmax= 8.7e-03 nm, Epot= -5.28656e+05 Fmax= 4.65857e+03, atom= 1751
Step=  443, Dmax= 1.0e-02 nm, Epot= -5.28655e+05 Fmax= 1.12949e+04, atom= 1751
Step=  444, Dmax= 5.2e-03 nm, Epot= -5.28687e+05 Fmax= 3.32197e+03, atom= 1751
Step=  445, Dmax= 6.3e-03 nm, Epot= -5.28717e+05 Fmax= 6.39167e+03, atom= 1751
Step=  446, Dmax= 7.5e-03 nm, Epot= -5.28752e+05 Fmax= 5.11450e+03, atom= 1751
Step=  447, Dmax= 9.0e-03 nm, Epot= -5.28767e+05 Fmax= 8.83579e+03, atom= 1751
Step=  448, Dmax= 1.1e-02 nm, Epot= -5.28804e+05 Fmax= 7.74316e+03, atom= 1751
Step=  449, Dmax= 1.3e-02 nm, Epot= -5.28798e+05 Fmax= 1.23003e+04, atom= 1751
Step=  450, Dmax= 6.5e-03 nm, Epot= -5.28851e+05 Fmax= 2.27726e+03, atom= 1751
Step=  451, Dmax= 7.8e-03 nm, Epot= -5.28888e+05 Fmax= 9.57028e+03, atom= 1751
Step=  452, Dmax= 9.4e-03 nm, Epot= -5.28945e+05 Fmax= 4.86255e+03, atom= 1751
Step=  453, Dmax= 1.1e-02 nm, Epot= -5.28934e+05 Fmax= 1.22856e+04, atom= 1751
Step=  454, Dmax= 5.6e-03 nm, Epot= -5.28976e+05 Fmax= 3.71585e+03, atom= 1751
Step=  455, Dmax= 6.7e-03 nm, Epot= -5.29002e+05 Fmax= 6.71943e+03, atom= 1751
Step=  456, Dmax= 8.1e-03 nm, Epot= -5.29037e+05 Fmax= 5.64948e+03, atom= 1751
Step=  457, Dmax= 9.7e-03 nm, Epot= -5.29049e+05 Fmax= 9.33997e+03, atom= 1751
Step=  458, Dmax= 1.2e-02 nm, Epot= -5.29084e+05 Fmax= 8.48084e+03, atom= 1751
Step=  459, Dmax= 1.4e-02 nm, Epot= -5.29073e+05 Fmax= 1.30566e+04, atom= 1751
Step=  460, Dmax= 7.0e-03 nm, Epot= -5.29137e+05 Fmax= 2.28731e+03, atom= 1751
Step=  461, Dmax= 8.4e-03 nm, Epot= -5.29168e+05 Fmax= 1.04482e+04, atom= 1751
Step=  462, Dmax= 1.0e-02 nm, Epot= -5.29232e+05 Fmax= 5.06405e+03, atom= 1751
Step=  463, Dmax= 1.2e-02 nm, Epot= -5.29209e+05 Fmax= 1.33701e+04, atom= 1751
Step=  464, Dmax= 6.0e-03 nm, Epot= -5.29263e+05 Fmax= 4.15816e+03, atom= 1751
Step=  465, Dmax= 7.2e-03 nm, Epot= -5.29287e+05 Fmax= 7.05131e+03, atom= 1751
Step=  466, Dmax= 8.7e-03 nm, Epot= -5.29320e+05 Fmax= 6.24546e+03, atom= 1751
Step=  467, Dmax= 1.0e-02 nm, Epot= -5.29328e+05 Fmax= 9.85936e+03, atom= 1751
Step=  468, Dmax= 1.3e-02 nm, Epot= -5.29362e+05 Fmax= 9.29658e+03, atom= 1751
Step=  469, Dmax= 1.5e-02 nm, Epot= -5.29346e+05 Fmax= 1.38450e+04, atom= 1751
Step=  470, Dmax= 7.5e-03 nm, Epot= -5.29421e+05 Fmax= 2.27402e+03, atom= 1751
Step=  471, Dmax= 9.0e-03 nm, Epot= -5.29447e+05 Fmax= 1.14167e+04, atom= 1751
Step=  472, Dmax= 1.1e-02 nm, Epot= -5.29520e+05 Fmax= 5.25659e+03, atom= 1751
Step=  473, Dmax= 1.3e-02 nm, Epot= -5.29482e+05 Fmax= 1.45601e+04, atom= 1751
Step=  474, Dmax= 6.5e-03 nm, Epot= -5.29550e+05 Fmax= 4.65821e+03, atom= 1751
Step=  475, Dmax= 7.8e-03 nm, Epot= -5.29571e+05 Fmax= 7.38294e+03, atom= 1751
Step=  476, Dmax= 9.3e-03 nm, Epot= -5.29602e+05 Fmax= 6.91089e+03, atom= 1751
Step=  477, Dmax= 1.1e-02 nm, Epot= -5.29608e+05 Fmax= 1.03927e+04, atom= 1751
Step=  478, Dmax= 1.3e-02 nm, Epot= -5.29638e+05 Fmax= 1.01974e+04, atom= 1751
Step=  479, Dmax= 1.6e-02 nm, Epot= -5.29618e+05 Fmax= 1.46675e+04, atom= 1751
Step=  480, Dmax= 8.1e-03 nm, Epot= -5.29706e+05 Fmax= 2.23521e+03, atom= 1751
Step=  481, Dmax= 9.7e-03 nm, Epot= -5.29725e+05 Fmax= 1.24817e+04, atom= 1751
Step=  482, Dmax= 1.2e-02 nm, Epot= -5.29809e+05 Fmax= 5.44027e+03, atom= 1751
Step=  483, Dmax= 1.4e-02 nm, Epot= -5.29753e+05 Fmax= 1.58616e+04, atom= 1751
Step=  484, Dmax= 7.0e-03 nm, Epot= -5.29838e+05 Fmax= 5.21833e+03, atom= 1751
Step=  485, Dmax= 8.4e-03 nm, Epot= -5.29857e+05 Fmax= 7.71743e+03, atom= 1751
Step=  486, Dmax= 1.0e-02 nm, Epot= -5.29886e+05 Fmax= 7.64832e+03, atom= 1751
Step=  487, Dmax= 1.2e-02 nm, Epot= -5.29889e+05 Fmax= 1.09429e+04, atom= 1751
Step=  488, Dmax= 1.4e-02 nm, Epot= -5.29914e+05 Fmax= 1.11878e+04, atom= 1751
Step=  489, Dmax= 1.7e-02 nm, Epot= -5.29890e+05 Fmax= 1.55273e+04, atom= 1751
Step=  490, Dmax= 8.7e-03 nm, Epot= -5.29992e+05 Fmax= 2.17169e+03, atom= 1751
Step=  491, Dmax= 1.0e-02 nm, Epot= -5.30004e+05 Fmax= 1.36478e+04, atom= 1751
Step=  492, Dmax= 1.2e-02 nm, Epot= -5.30102e+05 Fmax= 5.61823e+03, atom= 1751
Step=  493, Dmax= 1.5e-02 nm, Epot= -5.30024e+05 Fmax= 1.72791e+04, atom= 1751
Step=  494, Dmax= 7.5e-03 nm, Epot= -5.30129e+05 Fmax= 5.84002e+03, atom= 1751
Step=  495, Dmax= 9.0e-03 nm, Epot= -5.30147e+05 Fmax= 8.05759e+03, atom= 1751
Step=  496, Dmax= 1.1e-02 nm, Epot= -5.30172e+05 Fmax= 8.45998e+03, atom= 1751
Step=  497, Dmax= 1.3e-02 nm, Epot= -5.30174e+05 Fmax= 1.15158e+04, atom= 1751
Step=  498, Dmax= 1.6e-02 nm, Epot= -5.30193e+05 Fmax= 1.22701e+04, atom= 1751
Step=  499, Dmax= 1.9e-02 nm, Epot= -5.30166e+05 Fmax= 1.64325e+04, atom= 1751
Step=  500, Dmax= 9.3e-03 nm, Epot= -5.30283e+05 Fmax= 2.08547e+03, atom= 1751
Step=  501, Dmax= 1.1e-02 nm, Epot= -5.30287e+05 Fmax= 1.49183e+04, atom= 1751
Step=  502, Dmax= 1.3e-02 nm, Epot= -5.30401e+05 Fmax= 5.79506e+03, atom= 1751
Step=  503, Dmax= 1.6e-02 nm, Epot= -5.30297e+05 Fmax= 1.88155e+04, atom= 1751
Step=  504, Dmax= 8.1e-03 nm, Epot= -5.30425e+05 Fmax= 6.52256e+03, atom= 1751
Step=  505, Dmax= 9.7e-03 nm, Epot= -5.30443e+05 Fmax= 8.40964e+03, atom= 1751
Step=  506, Dmax= 1.2e-02 nm, Epot= -5.30463e+05 Fmax= 9.34590e+03, atom= 1751
Step=  507, Dmax= 1.4e-02 nm, Epot= -5.30465e+05 Fmax= 1.21177e+04, atom= 1751
Step=  508, Dmax= 1.7e-02 nm, Epot= -5.30475e+05 Fmax= 1.34460e+04, atom= 1751
Step=  509, Dmax= 2.0e-02 nm, Epot= -5.30446e+05 Fmax= 1.73916e+04, atom= 1751
Step=  510, Dmax= 1.0e-02 nm, Epot= -5.30580e+05 Fmax= 1.98022e+03, atom= 1751
Step=  511, Dmax= 1.2e-02 nm, Epot= -5.30575e+05 Fmax= 1.62951e+04, atom= 1751
Step=  512, Dmax= 6.0e-03 nm, Epot= -5.30620e+05 Fmax= 7.14194e+03, atom= 1751
Step=  513, Dmax= 7.2e-03 nm, Epot= -5.30658e+05 Fmax= 4.00310e+03, atom= 1751
Step=  514, Dmax= 8.7e-03 nm, Epot= -5.30668e+05 Fmax= 9.21029e+03, atom= 1751
Step=  515, Dmax= 1.0e-02 nm, Epot= -5.30711e+05 Fmax= 6.82142e+03, atom= 1751
Step=  516, Dmax= 1.2e-02 nm, Epot= -5.30696e+05 Fmax= 1.22496e+04, atom= 1751
Step=  517, Dmax= 6.2e-03 nm, Epot= -5.30749e+05 Fmax= 2.72028e+03, atom= 1751
Step=  518, Dmax= 7.5e-03 nm, Epot= -5.30770e+05 Fmax= 8.90960e+03, atom= 1751
Step=  519, Dmax= 9.0e-03 nm, Epot= -5.30818e+05 Fmax= 4.84286e+03, atom= 1751
Step=  520, Dmax= 1.1e-02 nm, Epot= -5.30806e+05 Fmax= 1.18290e+04, atom= 1751
Step=  521, Dmax= 5.4e-03 nm, Epot= -5.30847e+05 Fmax= 3.49081e+03, atom= 1751
Step=  522, Dmax= 6.5e-03 nm, Epot= -5.30870e+05 Fmax= 6.36430e+03, atom= 1751
Step=  523, Dmax= 7.8e-03 nm, Epot= -5.30900e+05 Fmax= 5.62343e+03, atom= 1751
Step=  524, Dmax= 9.3e-03 nm, Epot= -5.30912e+05 Fmax= 8.60758e+03, atom= 1751
Step=  525, Dmax= 1.1e-02 nm, Epot= -5.30938e+05 Fmax= 8.62949e+03, atom= 1751
Step=  526, Dmax= 1.3e-02 nm, Epot= -5.30936e+05 Fmax= 1.18838e+04, atom= 1751
Step=  527, Dmax= 6.7e-03 nm, Epot= -5.30990e+05 Fmax= 1.63619e+03, atom= 1751
Step=  528, Dmax= 8.0e-03 nm, Epot= -5.31031e+05 Fmax= 1.09580e+04, atom= 1751
Step=  529, Dmax= 9.6e-03 nm, Epot= -5.31101e+05 Fmax= 3.83950e+03, atom= 1751
Step=  530, Dmax= 1.2e-02 nm, Epot= -5.31069e+05 Fmax= 1.41200e+04, atom= 1751
Step=  531, Dmax= 5.8e-03 nm, Epot= -5.31126e+05 Fmax= 5.13819e+03, atom= 1751
Step=  532, Dmax= 6.9e-03 nm, Epot= -5.31150e+05 Fmax= 5.48283e+03, atom= 1751
Step=  533, Dmax= 8.3e-03 nm, Epot= -5.31169e+05 Fmax= 7.41463e+03, atom= 1751
Step=  534, Dmax= 1.0e-02 nm, Epot= -5.31191e+05 Fmax= 7.90010e+03, atom= 1751
Step=  535, Dmax= 1.2e-02 nm, Epot= -5.31197e+05 Fmax= 1.06345e+04, atom= 1751
Step=  536, Dmax= 1.4e-02 nm, Epot= -5.31214e+05 Fmax= 1.14249e+04, atom= 1751
Step=  537, Dmax= 1.7e-02 nm, Epot= -5.31195e+05 Fmax= 1.52077e+04, atom= 1751
Step=  538, Dmax= 8.6e-03 nm, Epot= -5.31293e+05 Fmax= 1.89357e+03, atom= 1751
Step=  539, Dmax= 1.0e-02 nm, Epot= -5.31307e+05 Fmax= 1.38464e+04, atom= 1751
Step=  540, Dmax= 1.2e-02 nm, Epot= -5.31407e+05 Fmax= 5.36520e+03, atom= 1751
Step=  541, Dmax= 1.5e-02 nm, Epot= -5.31322e+05 Fmax= 1.74507e+04, atom= 1751
Step=  542, Dmax= 7.5e-03 nm, Epot= -5.31430e+05 Fmax= 6.05303e+03, atom= 1751
Step=  543, Dmax= 9.0e-03 nm, Epot= -5.31447e+05 Fmax= 7.80227e+03, atom= 1751
Step=  544, Dmax= 1.1e-02 nm, Epot= -5.31467e+05 Fmax= 8.66082e+03, atom= 1751
Step=  545, Dmax= 1.3e-02 nm, Epot= -5.31471e+05 Fmax= 1.12535e+04, atom= 1751
Step=  546, Dmax= 1.5e-02 nm, Epot= -5.31482e+05 Fmax= 1.24559e+04, atom= 1751
Step=  547, Dmax= 1.9e-02 nm, Epot= -5.31459e+05 Fmax= 1.61578e+04, atom= 1751
Step=  548, Dmax= 9.3e-03 nm, Epot= -5.31574e+05 Fmax= 1.85596e+03, atom= 1751
Step=  549, Dmax= 1.1e-02 nm, Epot= -5.31578e+05 Fmax= 1.50653e+04, atom= 1751
Step=  550, Dmax= 1.3e-02 nm, Epot= -5.31694e+05 Fmax= 5.58972e+03, atom= 1751
Step=  551, Dmax= 1.6e-02 nm, Epot= -5.31585e+05 Fmax= 1.89356e+04, atom= 1751
Step=  552, Dmax= 8.0e-03 nm, Epot= -5.31715e+05 Fmax= 6.68634e+03, atom= 1751
Step=  553, Dmax= 9.6e-03 nm, Epot= -5.31732e+05 Fmax= 8.20069e+03, atom= 1751
Step=  554, Dmax= 1.2e-02 nm, Epot= -5.31747e+05 Fmax= 9.49747e+03, atom= 1751
Step=  555, Dmax= 1.4e-02 nm, Epot= -5.31750e+05 Fmax= 1.18999e+04, atom= 1751
Step=  556, Dmax= 1.7e-02 nm, Epot= -5.31754e+05 Fmax= 1.35826e+04, atom= 1751
Step=  557, Dmax= 2.0e-02 nm, Epot= -5.31728e+05 Fmax= 1.71591e+04, atom= 1751
Step=  558, Dmax= 1.0e-02 nm, Epot= -5.31860e+05 Fmax= 1.79629e+03, atom= 1751
Step=  559, Dmax= 1.2e-02 nm, Epot= -5.31854e+05 Fmax= 1.63966e+04, atom= 1751
Step=  560, Dmax= 6.0e-03 nm, Epot= -5.31899e+05 Fmax= 7.28157e+03, atom= 1751
Step=  561, Dmax= 7.2e-03 nm, Epot= -5.31937e+05 Fmax= 3.83005e+03, atom= 1751
Step=  562, Dmax= 8.6e-03 nm, Epot= -5.31944e+05 Fmax= 9.33691e+03, atom= 1751
Step=  563, Dmax= 1.0e-02 nm, Epot= -5.31986e+05 Fmax= 6.64509e+03, atom= 1751
Step=  564, Dmax= 1.2e-02 nm, Epot= -5.31967e+05 Fmax= 1.23643e+04, atom= 1751
Step=  565, Dmax= 6.2e-03 nm, Epot= -5.32022e+05 Fmax= 2.86544e+03, atom= 1751
Step=  566, Dmax= 7.5e-03 nm, Epot= -5.32038e+05 Fmax= 8.72257e+03, atom= 1751
Step=  567, Dmax= 8.9e-03 nm, Epot= -5.32082e+05 Fmax= 4.98595e+03, atom= 1751
Step=  568, Dmax= 1.1e-02 nm, Epot= -5.32069e+05 Fmax= 1.16303e+04, atom= 1751
Step=  569, Dmax= 5.4e-03 nm, Epot= -5.32110e+05 Fmax= 3.32015e+03, atom= 1751
Step=  570, Dmax= 6.4e-03 nm, Epot= -5.32131e+05 Fmax= 6.50023e+03, atom= 1751
Step=  571, Dmax= 7.7e-03 nm, Epot= -5.32160e+05 Fmax= 5.44829e+03, atom= 1751
Step=  572, Dmax= 9.3e-03 nm, Epot= -5.32168e+05 Fmax= 8.73638e+03, atom= 1751
Step=  573, Dmax= 1.1e-02 nm, Epot= -5.32195e+05 Fmax= 8.44561e+03, atom= 1751
Step=  574, Dmax= 1.3e-02 nm, Epot= -5.32188e+05 Fmax= 1.20027e+04, atom= 1751
Step=  575, Dmax= 6.7e-03 nm, Epot= -5.32244e+05 Fmax= 1.78755e+03, atom= 1751
Step=  576, Dmax= 8.0e-03 nm, Epot= -5.32272e+05 Fmax= 1.07465e+04, atom= 1751
Step=  577, Dmax= 9.6e-03 nm, Epot= -5.32338e+05 Fmax= 4.00339e+03, atom= 1751
Step=  578, Dmax= 1.2e-02 nm, Epot= -5.32304e+05 Fmax= 1.38903e+04, atom= 1751
Step=  579, Dmax= 5.8e-03 nm, Epot= -5.32361e+05 Fmax= 4.94120e+03, atom= 1751
Step=  580, Dmax= 6.9e-03 nm, Epot= -5.32383e+05 Fmax= 5.64507e+03, atom= 1751
Step=  581, Dmax= 8.3e-03 nm, Epot= -5.32401e+05 Fmax= 7.20817e+03, atom= 1751
Step=  582, Dmax= 1.0e-02 nm, Epot= -5.32419e+05 Fmax= 8.05827e+03, atom= 1751
Step=  583, Dmax= 1.2e-02 nm, Epot= -5.32426e+05 Fmax= 1.04146e+04, atom= 1751
Step=  584, Dmax= 1.4e-02 nm, Epot= -5.32438e+05 Fmax= 1.15760e+04, atom= 1751
Step=  585, Dmax= 1.7e-02 nm, Epot= -5.32420e+05 Fmax= 1.49700e+04, atom= 1751
Step=  586, Dmax= 8.6e-03 nm, Epot= -5.32518e+05 Fmax= 1.69998e+03, atom= 1751
Step=  587, Dmax= 1.0e-02 nm, Epot= -5.32533e+05 Fmax= 1.39742e+04, atom= 1751
Step=  588, Dmax= 1.2e-02 nm, Epot= -5.32634e+05 Fmax= 5.18006e+03, atom= 1751
Step=  589, Dmax= 1.5e-02 nm, Epot= -5.32545e+05 Fmax= 1.75623e+04, atom= 1751
Step=  590, Dmax= 7.4e-03 nm, Epot= -5.32654e+05 Fmax= 6.20243e+03, atom= 1751
Step=  591, Dmax= 8.9e-03 nm, Epot= -5.32672e+05 Fmax= 7.60709e+03, atom= 1751
Step=  592, Dmax= 1.1e-02 nm, Epot= -5.32687e+05 Fmax= 8.80511e+03, atom= 1751
Step=  593, Dmax= 1.3e-02 nm, Epot= -5.32692e+05 Fmax= 1.10433e+04, atom= 1751
Step=  594, Dmax= 1.5e-02 nm, Epot= -5.32698e+05 Fmax= 1.25937e+04, atom= 1751
Step=  595, Dmax= 1.9e-02 nm, Epot= -5.32678e+05 Fmax= 1.59270e+04, atom= 1751
Step=  596, Dmax= 9.3e-03 nm, Epot= -5.32791e+05 Fmax= 1.67214e+03, atom= 1751
Step=  597, Dmax= 1.1e-02 nm, Epot= -5.32797e+05 Fmax= 1.51832e+04, atom= 1751
Step=  598, Dmax= 1.3e-02 nm, Epot= -5.32914e+05 Fmax= 5.41055e+03, atom= 1751
Step=  599, Dmax= 1.6e-02 nm, Epot= -5.32800e+05 Fmax= 1.90375e+04, atom= 1751
Step=  600, Dmax= 8.0e-03 nm, Epot= -5.32931e+05 Fmax= 6.82833e+03, atom= 1751
Step=  601, Dmax= 9.6e-03 nm, Epot= -5.32949e+05 Fmax= 8.00915e+03, atom= 1751
Step=  602, Dmax= 1.2e-02 nm, Epot= -5.32960e+05 Fmax= 9.63581e+03, atom= 1751
Step=  603, Dmax= 1.4e-02 nm, Epot= -5.32964e+05 Fmax= 1.16906e+04, atom= 1751
Step=  604, Dmax= 1.7e-02 nm, Epot= -5.32963e+05 Fmax= 1.37155e+04, atom= 1751
Step=  605, Dmax= 8.3e-03 nm, Epot= -5.33045e+05 Fmax= 1.03240e+03, atom= 1751
Step=  606, Dmax= 1.0e-02 nm, Epot= -5.33111e+05 Fmax= 1.46988e+04, atom= 1751
Step=  607, Dmax= 1.2e-02 nm, Epot= -5.33225e+05 Fmax= 3.66668e+03, atom= 1751
Step=  608, Dmax= 1.4e-02 nm, Epot= -5.33129e+05 Fmax= 1.85627e+04, atom= 1751
Step=  609, Dmax= 7.2e-03 nm, Epot= -5.33239e+05 Fmax= 7.45871e+03, atom= 1751
Step=  610, Dmax= 8.6e-03 nm, Epot= -5.33270e+05 Fmax= 5.72288e+03, atom= 1751
Step=  611, Dmax= 1.0e-02 nm, Epot= -5.33267e+05 Fmax= 1.02385e+04, atom= 1751
Step=  612, Dmax= 5.2e-03 nm, Epot= -5.33300e+05 Fmax= 2.25657e+03, atom= 1751
Step=  613, Dmax= 6.2e-03 nm, Epot= -5.33325e+05 Fmax= 7.15927e+03, atom= 1751
Step=  614, Dmax= 7.4e-03 nm, Epot= -5.33360e+05 Fmax= 4.32285e+03, atom= 1751
Step=  615, Dmax= 8.9e-03 nm, Epot= -5.33362e+05 Fmax= 9.30668e+03, atom= 1751
Step=  616, Dmax= 1.1e-02 nm, Epot= -5.33400e+05 Fmax= 7.20764e+03, atom= 1751
Step=  617, Dmax= 1.3e-02 nm, Epot= -5.33379e+05 Fmax= 1.24529e+04, atom= 1751
Step=  618, Dmax= 6.4e-03 nm, Epot= -5.33438e+05 Fmax= 2.63009e+03, atom= 1751
Step=  619, Dmax= 7.7e-03 nm, Epot= -5.33449e+05 Fmax= 9.34543e+03, atom= 1751
Step=  620, Dmax= 9.2e-03 nm, Epot= -5.33497e+05 Fmax= 4.83149e+03, atom= 1751
Step=  621, Dmax= 1.1e-02 nm, Epot= -5.33473e+05 Fmax= 1.23362e+04, atom= 1751
Step=  622, Dmax= 5.5e-03 nm, Epot= -5.33522e+05 Fmax= 3.74983e+03, atom= 1751
Step=  623, Dmax= 6.7e-03 nm, Epot= -5.33539e+05 Fmax= 6.41797e+03, atom= 1751
Step=  624, Dmax= 8.0e-03 nm, Epot= -5.33564e+05 Fmax= 5.92616e+03, atom= 1751
Step=  625, Dmax= 9.6e-03 nm, Epot= -5.33570e+05 Fmax= 8.74753e+03, atom= 1751
Step=  626, Dmax= 1.2e-02 nm, Epot= -5.33591e+05 Fmax= 9.00300e+03, atom= 1751
Step=  627, Dmax= 1.4e-02 nm, Epot= -5.33584e+05 Fmax= 1.21415e+04, atom= 1751
Step=  628, Dmax= 6.9e-03 nm, Epot= -5.33644e+05 Fmax= 1.57959e+03, atom= 1751
Step=  629, Dmax= 8.3e-03 nm, Epot= -5.33670e+05 Fmax= 1.13769e+04, atom= 1751
Step=  630, Dmax= 9.9e-03 nm, Epot= -5.33742e+05 Fmax= 3.87757e+03, atom= 1751
Step=  631, Dmax= 1.2e-02 nm, Epot= -5.33695e+05 Fmax= 1.46056e+04, atom= 1751
Step=  632, Dmax= 6.0e-03 nm, Epot= -5.33761e+05 Fmax= 5.36208e+03, atom= 1751
Step=  633, Dmax= 7.2e-03 nm, Epot= -5.33782e+05 Fmax= 5.59179e+03, atom= 1751
Step=  634, Dmax= 8.6e-03 nm, Epot= -5.33795e+05 Fmax= 7.68423e+03, atom= 1751
Step=  635, Dmax= 1.0e-02 nm, Epot= -5.33813e+05 Fmax= 8.10535e+03, atom= 1751
Step=  636, Dmax= 1.2e-02 nm, Epot= -5.33812e+05 Fmax= 1.09761e+04, atom= 1751
Step=  637, Dmax= 6.2e-03 nm, Epot= -5.33858e+05 Fmax= 1.43437e+03, atom= 1751
Step=  638, Dmax= 7.4e-03 nm, Epot= -5.33898e+05 Fmax= 9.79717e+03, atom= 1751
Step=  639, Dmax= 8.9e-03 nm, Epot= -5.33953e+05 Fmax= 3.94894e+03, atom= 1751
Step=  640, Dmax= 1.1e-02 nm, Epot= -5.33929e+05 Fmax= 1.23749e+04, atom= 1751
Step=  641, Dmax= 5.3e-03 nm, Epot= -5.33975e+05 Fmax= 4.21776e+03, atom= 1751
Step=  642, Dmax= 6.4e-03 nm, Epot= -5.33993e+05 Fmax= 5.70691e+03, atom= 1751
Step=  643, Dmax= 7.7e-03 nm, Epot= -5.34013e+05 Fmax= 6.07279e+03, atom= 1751
Step=  644, Dmax= 9.2e-03 nm, Epot= -5.34023e+05 Fmax= 8.19048e+03, atom= 1751
Step=  645, Dmax= 1.1e-02 nm, Epot= -5.34040e+05 Fmax= 8.78575e+03, atom= 1751
Step=  646, Dmax= 1.3e-02 nm, Epot= -5.34035e+05 Fmax= 1.17166e+04, atom= 1751
Step=  647, Dmax= 6.6e-03 nm, Epot= -5.34090e+05 Fmax= 1.46491e+03, atom= 1751
Step=  648, Dmax= 8.0e-03 nm, Epot= -5.34124e+05 Fmax= 1.06224e+04, atom= 1751
Step=  649, Dmax= 9.6e-03 nm, Epot= -5.34187e+05 Fmax= 4.15119e+03, atom= 1751
Step=  650, Dmax= 1.1e-02 nm, Epot= -5.34150e+05 Fmax= 1.34042e+04, atom= 1751
Step=  651, Dmax= 5.7e-03 nm, Epot= -5.34207e+05 Fmax= 4.63173e+03, atom= 1751
Step=  652, Dmax= 6.9e-03 nm, Epot= -5.34224e+05 Fmax= 6.02871e+03, atom= 1751
Step=  653, Dmax= 8.3e-03 nm, Epot= -5.34242e+05 Fmax= 6.63820e+03, atom= 1751
Step=  654, Dmax= 9.9e-03 nm, Epot= -5.34251e+05 Fmax= 8.68523e+03, atom= 1751
Step=  655, Dmax= 1.2e-02 nm, Epot= -5.34265e+05 Fmax= 9.56593e+03, atom= 1751
Step=  656, Dmax= 1.4e-02 nm, Epot= -5.34257e+05 Fmax= 1.24613e+04, atom= 1751
Step=  657, Dmax= 7.1e-03 nm, Epot= -5.34322e+05 Fmax= 1.44833e+03, atom= 1751
Step=  658, Dmax= 8.6e-03 nm, Epot= -5.34350e+05 Fmax= 1.15582e+04, atom= 1751
Step=  659, Dmax= 1.0e-02 nm, Epot= -5.34423e+05 Fmax= 4.32129e+03, atom= 1751
Step=  660, Dmax= 1.2e-02 nm, Epot= -5.34371e+05 Fmax= 1.45570e+04, atom= 1751
Step=  661, Dmax= 6.2e-03 nm, Epot= -5.34441e+05 Fmax= 5.12477e+03, atom= 1751
Step=  662, Dmax= 7.4e-03 nm, Epot= -5.34458e+05 Fmax= 6.32623e+03, atom= 1751
Step=  663, Dmax= 8.9e-03 nm, Epot= -5.34474e+05 Fmax= 7.29439e+03, atom= 1751
Step=  664, Dmax= 1.1e-02 nm, Epot= -5.34482e+05 Fmax= 9.16792e+03, atom= 1751
Step=  665, Dmax= 1.3e-02 nm, Epot= -5.34490e+05 Fmax= 1.04532e+04, atom= 1751
Step=  666, Dmax= 1.5e-02 nm, Epot= -5.34481e+05 Fmax= 1.32118e+04, atom= 1751
Step=  667, Dmax= 7.7e-03 nm, Epot= -5.34556e+05 Fmax= 1.38129e+03, atom= 1751
Step=  668, Dmax= 9.2e-03 nm, Epot= -5.34582e+05 Fmax= 1.26105e+04, atom= 1751
Step=  669, Dmax= 1.1e-02 nm, Epot= -5.34666e+05 Fmax= 4.45955e+03, atom= 1751
Step=  670, Dmax= 1.3e-02 nm, Epot= -5.34596e+05 Fmax= 1.58387e+04, atom= 1751
Step=  671, Dmax= 6.6e-03 nm, Epot= -5.34683e+05 Fmax= 5.69911e+03, atom= 1751
Step=  672, Dmax= 8.0e-03 nm, Epot= -5.34699e+05 Fmax= 6.60185e+03, atom= 1751
Step=  673, Dmax= 9.6e-03 nm, Epot= -5.34711e+05 Fmax= 8.04377e+03, atom= 1751
Step=  674, Dmax= 1.1e-02 nm, Epot= -5.34719e+05 Fmax= 9.64248e+03, atom= 1751
Step=  675, Dmax= 1.4e-02 nm, Epot= -5.34721e+05 Fmax= 1.14504e+04, atom= 1751
Step=  676, Dmax= 1.7e-02 nm, Epot= -5.34712e+05 Fmax= 1.39744e+04, atom= 1751
Step=  677, Dmax= 8.3e-03 nm, Epot= -5.34798e+05 Fmax= 1.26583e+03, atom= 1751
Step=  678, Dmax= 9.9e-03 nm, Epot= -5.34824e+05 Fmax= 1.37817e+04, atom= 1751
Step=  679, Dmax= 1.2e-02 nm, Epot= -5.34922e+05 Fmax= 4.57339e+03, atom= 1751
Step=  680, Dmax= 1.4e-02 nm, Epot= -5.34830e+05 Fmax= 1.72482e+04, atom= 1751
Step=  681, Dmax= 7.1e-03 nm, Epot= -5.34936e+05 Fmax= 6.35089e+03, atom= 1751
Step=  682, Dmax= 8.6e-03 nm, Epot= -5.34953e+05 Fmax= 6.86475e+03, atom= 1751
Step=  683, Dmax= 1.0e-02 nm, Epot= -5.34959e+05 Fmax= 8.88263e+03, atom= 1751
Step=  684, Dmax= 1.2e-02 nm, Epot= -5.34969e+05 Fmax= 1.01196e+04, atom= 1751
Step=  685, Dmax= 1.5e-02 nm, Epot= -5.34963e+05 Fmax= 1.25549e+04, atom= 1751
Step=  686, Dmax= 7.4e-03 nm, Epot= -5.35031e+05 Fmax= 1.23119e+03, atom= 1751
Step=  687, Dmax= 8.9e-03 nm, Epot= -5.35061e+05 Fmax= 1.26354e+04, atom= 1751
Step=  688, Dmax= 1.1e-02 nm, Epot= -5.35146e+05 Fmax= 3.73138e+03, atom= 1751
Step=  689, Dmax= 1.3e-02 nm, Epot= -5.35076e+05 Fmax= 1.60362e+04, atom= 1751
Step=  690, Dmax= 6.4e-03 nm, Epot= -5.35159e+05 Fmax= 6.15338e+03, atom= 1751
Step=  691, Dmax= 7.7e-03 nm, Epot= -5.35182e+05 Fmax= 5.60699e+03, atom= 1751
Step=  692, Dmax= 9.2e-03 nm, Epot= -5.35185e+05 Fmax= 8.59716e+03, atom= 1751
Step=  693, Dmax= 1.1e-02 nm, Epot= -5.35206e+05 Fmax= 8.34204e+03, atom= 1751
Step=  694, Dmax= 1.3e-02 nm, Epot= -5.35191e+05 Fmax= 1.20784e+04, atom= 1751
Step=  695, Dmax= 6.6e-03 nm, Epot= -5.35250e+05 Fmax= 1.86716e+03, atom= 1751
Step=  696, Dmax= 7.9e-03 nm, Epot= -5.35263e+05 Fmax= 1.02664e+04, atom= 1751
Step=  697, Dmax= 9.5e-03 nm, Epot= -5.35320e+05 Fmax= 4.44365e+03, atom= 1751
Step=  698, Dmax= 1.1e-02 nm, Epot= -5.35281e+05 Fmax= 1.30921e+04, atom= 1751
Step=  699, Dmax= 5.7e-03 nm, Epot= -5.35339e+05 Fmax= 4.32915e+03, atom= 1751
Step=  700, Dmax= 6.9e-03 nm, Epot= -5.35352e+05 Fmax= 6.27987e+03, atom= 1751
Step=  701, Dmax= 8.2e-03 nm, Epot= -5.35370e+05 Fmax= 6.36290e+03, atom= 1751
Step=  702, Dmax= 9.9e-03 nm, Epot= -5.35374e+05 Fmax= 8.89354e+03, atom= 1751
Step=  703, Dmax= 1.2e-02 nm, Epot= -5.35390e+05 Fmax= 9.31447e+03, atom= 1751
Step=  704, Dmax= 1.4e-02 nm, Epot= -5.35376e+05 Fmax= 1.26235e+04, atom= 1751
Step=  705, Dmax= 7.1e-03 nm, Epot= -5.35443e+05 Fmax= 1.65465e+03, atom= 1751
Step=  706, Dmax= 8.5e-03 nm, Epot= -5.35455e+05 Fmax= 1.13892e+04, atom= 1751
Step=  707, Dmax= 1.0e-02 nm, Epot= -5.35524e+05 Fmax= 4.42356e+03, atom= 1751
Step=  708, Dmax= 1.2e-02 nm, Epot= -5.35468e+05 Fmax= 1.44290e+04, atom= 1751
Step=  709, Dmax= 6.2e-03 nm, Epot= -5.35540e+05 Fmax= 5.00907e+03, atom= 1751
Step=  710, Dmax= 7.4e-03 nm, Epot= -5.35554e+05 Fmax= 6.38669e+03, atom= 1751
Step=  711, Dmax= 8.9e-03 nm, Epot= -5.35568e+05 Fmax= 7.20590e+03, atom= 1751
Step=  712, Dmax= 1.1e-02 nm, Epot= -5.35574e+05 Fmax= 9.18455e+03, atom= 1751
Step=  713, Dmax= 1.3e-02 nm, Epot= -5.35581e+05 Fmax= 1.03884e+04, atom= 1751
Step=  714, Dmax= 1.5e-02 nm, Epot= -5.35570e+05 Fmax= 1.31816e+04, atom= 1751
Step=  715, Dmax= 7.7e-03 nm, Epot= -5.35645e+05 Fmax= 1.39852e+03, atom= 1751
Step=  716, Dmax= 9.2e-03 nm, Epot= -5.35661e+05 Fmax= 1.26248e+04, atom= 1751
Step=  717, Dmax= 1.1e-02 nm, Epot= -5.35744e+05 Fmax= 4.37797e+03, atom= 1751
Step=  718, Dmax= 1.3e-02 nm, Epot= -5.35669e+05 Fmax= 1.58880e+04, atom= 1751
Step=  719, Dmax= 6.6e-03 nm, Epot= -5.35758e+05 Fmax= 5.76417e+03, atom= 1751
Step=  720, Dmax= 7.9e-03 nm, Epot= -5.35773e+05 Fmax= 6.47925e+03, atom= 1751
Step=  721, Dmax= 9.5e-03 nm, Epot= -5.35781e+05 Fmax= 8.13487e+03, atom= 1751
Step=  722, Dmax= 1.1e-02 nm, Epot= -5.35790e+05 Fmax= 9.47573e+03, atom= 1751
Step=  723, Dmax= 1.4e-02 nm, Epot= -5.35788e+05 Fmax= 1.15643e+04, atom= 1751
Step=  724, Dmax= 6.9e-03 nm, Epot= -5.35845e+05 Fmax= 1.05549e+03, atom= 1751
Step=  725, Dmax= 8.2e-03 nm, Epot= -5.35887e+05 Fmax= 1.17629e+04, atom= 1751
Step=  726, Dmax= 9.9e-03 nm, Epot= -5.35961e+05 Fmax= 3.42035e+03, atom= 1751
Step=  727, Dmax= 1.2e-02 nm, Epot= -5.35905e+05 Fmax= 1.48862e+04, atom= 1751
Step=  728, Dmax= 5.9e-03 nm, Epot= -5.35974e+05 Fmax= 5.73447e+03, atom= 1751
Step=  729, Dmax= 7.1e-03 nm, Epot= -5.35995e+05 Fmax= 5.17992e+03, atom= 1751
Step=  730, Dmax= 8.5e-03 nm, Epot= -5.35999e+05 Fmax= 7.98020e+03, atom= 1751
Step=  731, Dmax= 1.0e-02 nm, Epot= -5.36019e+05 Fmax= 7.73762e+03, atom= 1751
Step=  732, Dmax= 1.2e-02 nm, Epot= -5.36009e+05 Fmax= 1.11885e+04, atom= 1751
Step=  733, Dmax= 6.1e-03 nm, Epot= -5.36059e+05 Fmax= 1.72424e+03, atom= 1751
Step=  734, Dmax= 7.4e-03 nm, Epot= -5.36074e+05 Fmax= 9.55493e+03, atom= 1751
Step=  735, Dmax= 8.8e-03 nm, Epot= -5.36124e+05 Fmax= 4.07783e+03, atom= 1751
Step=  736, Dmax= 1.1e-02 nm, Epot= -5.36094e+05 Fmax= 1.22012e+04, atom= 1751
Step=  737, Dmax= 5.3e-03 nm, Epot= -5.36142e+05 Fmax= 4.06559e+03, atom= 1751
Step=  738, Dmax= 6.4e-03 nm, Epot= -5.36156e+05 Fmax= 5.76038e+03, atom= 1751
Step=  739, Dmax= 7.6e-03 nm, Epot= -5.36173e+05 Fmax= 5.97215e+03, atom= 1751
Step=  740, Dmax= 9.2e-03 nm, Epot= -5.36179e+05 Fmax= 8.16376e+03, atom= 1751
Step=  741, Dmax= 1.1e-02 nm, Epot= -5.36192e+05 Fmax= 8.73109e+03, atom= 1751
Step=  742, Dmax= 1.3e-02 nm, Epot= -5.36184e+05 Fmax= 1.16029e+04, atom= 1751
Step=  743, Dmax= 6.6e-03 nm, Epot= -5.36240e+05 Fmax= 1.43581e+03, atom= 1751
Step=  744, Dmax= 7.9e-03 nm, Epot= -5.36259e+05 Fmax= 1.06893e+04, atom= 1751
Step=  745, Dmax= 9.5e-03 nm, Epot= -5.36321e+05 Fmax= 3.96727e+03, atom= 1751
Step=  746, Dmax= 1.1e-02 nm, Epot= -5.36276e+05 Fmax= 1.35325e+04, atom= 1751
Step=  747, Dmax= 5.7e-03 nm, Epot= -5.36337e+05 Fmax= 4.78825e+03, atom= 1751
Step=  748, Dmax= 6.8e-03 nm, Epot= -5.36351e+05 Fmax= 5.76834e+03, atom= 1751
Step=  749, Dmax= 8.2e-03 nm, Epot= -5.36363e+05 Fmax= 6.84542e+03, atom= 1751
Step=  750, Dmax= 9.9e-03 nm, Epot= -5.36372e+05 Fmax= 8.34347e+03, atom= 1751
Step=  751, Dmax= 1.2e-02 nm, Epot= -5.36377e+05 Fmax= 9.81778e+03, atom= 1751
Step=  752, Dmax= 1.4e-02 nm, Epot= -5.36373e+05 Fmax= 1.20308e+04, atom= 1751
Step=  753, Dmax= 7.1e-03 nm, Epot= -5.36435e+05 Fmax= 1.10792e+03, atom= 1751
Step=  754, Dmax= 8.5e-03 nm, Epot= -5.36469e+05 Fmax= 1.19272e+04, atom= 1751
Step=  755, Dmax= 1.0e-02 nm, Epot= -5.36544e+05 Fmax= 3.83593e+03, atom= 1751
Step=  756, Dmax= 1.2e-02 nm, Epot= -5.36482e+05 Fmax= 1.49724e+04, atom= 1751
Step=  757, Dmax= 6.1e-03 nm, Epot= -5.36557e+05 Fmax= 5.57735e+03, atom= 1751
Step=  758, Dmax= 7.4e-03 nm, Epot= -5.36573e+05 Fmax= 5.76657e+03, atom= 1751
Step=  759, Dmax= 8.8e-03 nm, Epot= -5.36581e+05 Fmax= 7.79463e+03, atom= 1751
Step=  760, Dmax= 1.1e-02 nm, Epot= -5.36593e+05 Fmax= 8.52675e+03, atom= 1751
Step=  761, Dmax= 1.3e-02 nm, Epot= -5.36588e+05 Fmax= 1.09956e+04, atom= 1751
Step=  762, Dmax= 6.4e-03 nm, Epot= -5.36638e+05 Fmax= 1.24325e+03, atom= 1751
Step=  763, Dmax= 7.6e-03 nm, Epot= -5.36665e+05 Fmax= 1.05722e+04, atom= 1751
Step=  764, Dmax= 9.2e-03 nm, Epot= -5.36726e+05 Fmax= 3.50612e+03, atom= 1751
Step=  765, Dmax= 1.1e-02 nm, Epot= -5.36684e+05 Fmax= 1.34417e+04, atom= 1751
Step=  766, Dmax= 5.5e-03 nm, Epot= -5.36741e+05 Fmax= 4.96677e+03, atom= 1751
Step=  767, Dmax= 6.6e-03 nm, Epot= -5.36757e+05 Fmax= 5.16002e+03, atom= 1751
Step=  768, Dmax= 7.9e-03 nm, Epot= -5.36766e+05 Fmax= 7.03022e+03, atom= 1751
Step=  769, Dmax= 9.5e-03 nm, Epot= -5.36780e+05 Fmax= 7.55201e+03, atom= 1751
Step=  770, Dmax= 1.1e-02 nm, Epot= -5.36779e+05 Fmax= 9.98730e+03, atom= 1751
Step=  771, Dmax= 5.7e-03 nm, Epot= -5.36818e+05 Fmax= 1.21678e+03, atom= 1751
Step=  772, Dmax= 6.8e-03 nm, Epot= -5.36850e+05 Fmax= 9.25876e+03, atom= 1751
Step=  773, Dmax= 8.2e-03 nm, Epot= -5.36898e+05 Fmax= 3.37979e+03, atom= 1751
Step=  774, Dmax= 9.8e-03 nm, Epot= -5.36873e+05 Fmax= 1.17276e+04, atom= 1751
Step=  775, Dmax= 4.9e-03 nm, Epot= -5.36915e+05 Fmax= 4.17791e+03, atom= 1751
Step=  776, Dmax= 5.9e-03 nm, Epot= -5.36930e+05 Fmax= 4.92387e+03, atom= 1751
Step=  777, Dmax= 7.1e-03 nm, Epot= -5.36943e+05 Fmax= 5.96246e+03, atom= 1751
Step=  778, Dmax= 8.5e-03 nm, Epot= -5.36954e+05 Fmax= 7.13610e+03, atom= 1751
Step=  779, Dmax= 1.0e-02 nm, Epot= -5.36961e+05 Fmax= 8.53852e+03, atom= 1751
Step=  780, Dmax= 1.2e-02 nm, Epot= -5.36963e+05 Fmax= 1.03087e+04, atom= 1751
Step=  781, Dmax= 1.5e-02 nm, Epot= -5.36960e+05 Fmax= 1.22463e+04, atom= 1751
Step=  782, Dmax= 7.3e-03 nm, Epot= -5.37026e+05 Fmax= 9.83246e+02, atom= 1751

writing lowest energy coordinates.

Steepest Descents converged to Fmax < 1000 in 783 steps
Potential Energy  = -5.3702556e+05
Maximum force     =  9.8324603e+02 on atom 1751
Norm of force     =  1.9030391e+01

GROMACS reminds you: "Expertise is not inherently good." (Joe Jordan)

