
--- stderr ---
                :-) GROMACS - gmx mdrun, 2024.5-conda_forge (-:

Executable:   /usr/local/Caskroom/miniforge/base/envs/gromacs_env/bin.AVX2_256/gmx
Data prefix:  /usr/local/Caskroom/miniforge/base/envs/gromacs_env
Working dir:  /Users/laetitiaguerin/Library/CloudStorage/OneDrive-Personal/Documents/BSc_Nanobiology/Year_5/BEP/Energy_minimization/tleap_runs/O52681_V128P
Command line:
  gmx mdrun -v -deffnm O52681_V128P_minim

The current CPU can measure timings more accurately than the code in
gmx mdrun was configured to use. This might affect your simulation
speed as accurate timings are needed for load-balancing.
Please consider rebuilding gmx mdrun with the GMX_USE_RDTSCP=ON CMake option.
Reading file O52681_V128P_minim.tpr, VERSION 2024.5-conda_forge (single precision)

Using 1 MPI thread
Using 8 OpenMP threads 


Steepest Descents:
   Tolerance (Fmax)   =  1.00000e+03
   Number of steps    =        50000
Step=    0, Dmax= 1.0e-02 nm, Epot= -4.34418e+05 Fmax= 2.93862e+05, atom= 1977
Step=    1, Dmax= 1.0e-02 nm, Epot= -4.37261e+05 Fmax= 5.91839e+04, atom= 1377
Step=    2, Dmax= 1.2e-02 nm, Epot= -4.38829e+05 Fmax= 1.53408e+04, atom= 1377
Step=    3, Dmax= 1.4e-02 nm, Epot= -4.42058e+05 Fmax= 3.82376e+03, atom= 1999
Step=    4, Dmax= 1.7e-02 nm, Epot= -4.53520e+05 Fmax= 7.22867e+03, atom= 2001
Step=    5, Dmax= 2.1e-02 nm, Epot= -4.58160e+05 Fmax= 9.47798e+03, atom= 1976
Step=    6, Dmax= 2.5e-02 nm, Epot= -4.60196e+05 Fmax= 1.63344e+04, atom= 1334
Step=    7, Dmax= 3.0e-02 nm, Epot= -4.59520e+05 Fmax= 2.94145e+04, atom= 1334
Step=    8, Dmax= 1.5e-02 nm, Epot= -4.63392e+05 Fmax= 6.58181e+03, atom= 1334
Step=    9, Dmax= 1.8e-02 nm, Epot= -4.65071e+05 Fmax= 2.05788e+04, atom= 1334
Step=   10, Dmax= 2.1e-02 nm, Epot= -4.67343e+05 Fmax= 1.23612e+04, atom= 1334
Step=   11, Dmax= 2.6e-02 nm, Epot= -4.67600e+05 Fmax= 2.68120e+04, atom= 1334
Step=   12, Dmax= 3.1e-02 nm, Epot= -4.69676e+05 Fmax= 2.03956e+04, atom= 1334
Step=   13, Dmax= 3.7e-02 nm, Epot= -4.68704e+05 Fmax= 3.57810e+04, atom= 1334
Step=   14, Dmax= 1.9e-02 nm, Epot= -4.71510e+05 Fmax= 7.78089e+03, atom= 1334
Step=   15, Dmax= 2.2e-02 nm, Epot= -4.72067e+05 Fmax= 2.64834e+04, atom= 1334
Step=   16, Dmax= 2.7e-02 nm, Epot= -4.74179e+05 Fmax= 1.42026e+04, atom= 1334
Step=   17, Dmax= 3.2e-02 nm, Epot= -4.73070e+05 Fmax= 3.48217e+04, atom= 1334
Step=   18, Dmax= 1.6e-02 nm, Epot= -4.75242e+05 Fmax= 1.03334e+04, atom= 1334
Step=   19, Dmax= 1.9e-02 nm, Epot= -4.75832e+05 Fmax= 1.88899e+04, atom= 1334
Step=   20, Dmax= 2.3e-02 nm, Epot= -4.76852e+05 Fmax= 1.64196e+04, atom= 1334
Step=   21, Dmax= 2.8e-02 nm, Epot= -4.76856e+05 Fmax= 2.56502e+04, atom= 1334
Step=   22, Dmax= 3.3e-02 nm, Epot= -4.77700e+05 Fmax= 2.49522e+04, atom= 1334
Step=   23, Dmax= 4.0e-02 nm, Epot= -4.76897e+05 Fmax= 3.52843e+04, atom= 1334
Step=   24, Dmax= 2.0e-02 nm, Epot= -4.79698e+05 Fmax= 5.31267e+03, atom= 1334
Step=   25, Dmax= 2.4e-02 nm, Epot= -4.79576e+05 Fmax= 3.16388e+04, atom= 1334
Step=   26, Dmax= 1.2e-02 nm, Epot= -4.80545e+05 Fmax= 1.30645e+04, atom= 1334
Step=   27, Dmax= 1.4e-02 nm, Epot= -4.81346e+05 Fmax= 8.80043e+03, atom= 1334
Step=   28, Dmax= 1.7e-02 nm, Epot= -4.81710e+05 Fmax= 1.76667e+04, atom= 1334
Step=   29, Dmax= 2.1e-02 nm, Epot= -4.82565e+05 Fmax= 1.38295e+04, atom= 1334
Step=   30, Dmax= 2.5e-02 nm, Epot= -4.82384e+05 Fmax= 2.41417e+04, atom= 1334
Step=   31, Dmax= 1.2e-02 nm, Epot= -4.83400e+05 Fmax= 5.17674e+03, atom= 1334
Step=   32, Dmax= 1.5e-02 nm, Epot= -4.83964e+05 Fmax= 1.74110e+04, atom= 1334
Step=   33, Dmax= 1.8e-02 nm, Epot= -4.84909e+05 Fmax= 9.97584e+03, atom= 1334
Step=   34, Dmax= 2.1e-02 nm, Epot= -4.84738e+05 Fmax= 2.26459e+04, atom= 1334
Step=   35, Dmax= 1.1e-02 nm, Epot= -4.85489e+05 Fmax= 6.34397e+03, atom= 1334
Step=   36, Dmax= 1.3e-02 nm, Epot= -4.85941e+05 Fmax= 1.34632e+04, atom= 1334
Step=   37, Dmax= 1.5e-02 nm, Epot= -4.86566e+05 Fmax= 1.00739e+04, atom= 1334
Step=   38, Dmax= 1.9e-02 nm, Epot= -4.86673e+05 Fmax= 1.83575e+04, atom= 1334
Step=   39, Dmax= 2.2e-02 nm, Epot= -4.87329e+05 Fmax= 1.55038e+04, atom= 1334
Step=   40, Dmax= 2.7e-02 nm, Epot= -4.86962e+05 Fmax= 2.52680e+04, atom= 1334
Step=   41, Dmax= 1.3e-02 nm, Epot= -4.88152e+05 Fmax= 4.91730e+03, atom= 1334
Step=   42, Dmax= 1.6e-02 nm, Epot= -4.88399e+05 Fmax= 1.93672e+04, atom= 1334
Step=   43, Dmax= 1.9e-02 nm, Epot= -4.89373e+05 Fmax= 1.00619e+04, atom= 1334
Step=   44, Dmax= 2.3e-02 nm, Epot= -4.88837e+05 Fmax= 2.50008e+04, atom= 1334
Step=   45, Dmax= 1.2e-02 nm, Epot= -4.89833e+05 Fmax= 7.47917e+03, atom= 1334
Step=   46, Dmax= 1.4e-02 nm, Epot= -4.90084e+05 Fmax= 1.37784e+04, atom= 1334
Step=   47, Dmax= 1.7e-02 nm, Epot= -4.90568e+05 Fmax= 1.15131e+04, atom= 1334
Step=   48, Dmax= 2.0e-02 nm, Epot= -4.90538e+05 Fmax= 1.90091e+04, atom= 1334
Step=   49, Dmax= 1.0e-02 nm, Epot= -4.91096e+05 Fmax= 3.76392e+03, atom= 1334
Step=   50, Dmax= 1.2e-02 nm, Epot= -4.91544e+05 Fmax= 1.43311e+04, atom= 1334
Step=   51, Dmax= 1.4e-02 nm, Epot= -4.92153e+05 Fmax= 7.66969e+03, atom= 1334
Step=   52, Dmax= 1.7e-02 nm, Epot= -4.92094e+05 Fmax= 1.85125e+04, atom= 1334
Step=   53, Dmax= 8.6e-03 nm, Epot= -4.92513e+05 Fmax= 5.42591e+03, atom= 1334
Step=   54, Dmax= 1.0e-02 nm, Epot= -4.92826e+05 Fmax= 1.04843e+04, atom= 1334
Step=   55, Dmax= 1.2e-02 nm, Epot= -4.93208e+05 Fmax= 8.40226e+03, atom= 1334
Step=   56, Dmax= 1.5e-02 nm, Epot= -4.93339e+05 Fmax= 1.44390e+04, atom= 1334
Step=   57, Dmax= 1.8e-02 nm, Epot= -4.93733e+05 Fmax= 1.27535e+04, atom= 1334
Step=   58, Dmax= 2.1e-02 nm, Epot= -4.93603e+05 Fmax= 2.00297e+04, atom= 1334
Step=   59, Dmax= 1.1e-02 nm, Epot= -4.94263e+05 Fmax= 3.65812e+03, atom= 1334
Step=   60, Dmax= 1.3e-02 nm, Epot= -4.94550e+05 Fmax= 1.57958e+04, atom= 1334
Step=   61, Dmax= 1.5e-02 nm, Epot= -4.95179e+05 Fmax= 7.84425e+03, atom= 1334
Step=   62, Dmax= 1.9e-02 nm, Epot= -4.94925e+05 Fmax= 2.02992e+04, atom= 1334
Step=   63, Dmax= 9.3e-03 nm, Epot= -4.95483e+05 Fmax= 6.23250e+03, atom= 1334
Step=   64, Dmax= 1.1e-02 nm, Epot= -4.95694e+05 Fmax= 1.08469e+04, atom= 1334
Step=   65, Dmax= 1.3e-02 nm, Epot= -4.96008e+05 Fmax= 9.45173e+03, atom= 1334
Step=   66, Dmax= 1.6e-02 nm, Epot= -4.96062e+05 Fmax= 1.50758e+04, atom= 1334
Step=   67, Dmax= 1.9e-02 nm, Epot= -4.96370e+05 Fmax= 1.41415e+04, atom= 1334
Step=   68, Dmax= 2.3e-02 nm, Epot= -4.96171e+05 Fmax= 2.10592e+04, atom= 1334
Step=   69, Dmax= 1.2e-02 nm, Epot= -4.96935e+05 Fmax= 3.48528e+03, atom= 1334
Step=   70, Dmax= 1.4e-02 nm, Epot= -4.97077e+05 Fmax= 1.74175e+04, atom= 1334
Step=   71, Dmax= 1.7e-02 nm, Epot= -4.97765e+05 Fmax= 7.98559e+03, atom= 1334
Step=   72, Dmax= 2.0e-02 nm, Epot= -4.97302e+05 Fmax= 2.22620e+04, atom= 1334
Step=   73, Dmax= 1.0e-02 nm, Epot= -4.98017e+05 Fmax= 7.14443e+03, atom= 1334
Step=   74, Dmax= 1.2e-02 nm, Epot= -4.98163e+05 Fmax= 1.11935e+04, atom= 1334
Step=   75, Dmax= 1.4e-02 nm, Epot= -4.98412e+05 Fmax= 1.06204e+04, atom= 1334
Step=   76, Dmax= 1.7e-02 nm, Epot= -4.98414e+05 Fmax= 1.57190e+04, atom= 1334
Step=   77, Dmax= 2.1e-02 nm, Epot= -4.98634e+05 Fmax= 1.56710e+04, atom= 1334
Step=   78, Dmax= 2.5e-02 nm, Epot= -4.98386e+05 Fmax= 2.21231e+04, atom= 1334
Step=   79, Dmax= 1.2e-02 nm, Epot= -4.99264e+05 Fmax= 3.26206e+03, atom= 1334
Step=   80, Dmax= 1.5e-02 nm, Epot= -4.99259e+05 Fmax= 1.91924e+04, atom= 1334
Step=   81, Dmax= 7.4e-03 nm, Epot= -4.99528e+05 Fmax= 7.94195e+03, atom= 1334
Step=   82, Dmax= 8.9e-03 nm, Epot= -4.99775e+05 Fmax= 5.74019e+03, atom= 1334
Step=   83, Dmax= 1.1e-02 nm, Epot= -4.99908e+05 Fmax= 1.05037e+04, atom= 1334
Step=   84, Dmax= 1.3e-02 nm, Epot= -5.00157e+05 Fmax= 9.17352e+03, atom= 1334
Step=   85, Dmax= 1.5e-02 nm, Epot= -5.00163e+05 Fmax= 1.42561e+04, atom= 1334
Step=   86, Dmax= 1.8e-02 nm, Epot= -5.00377e+05 Fmax= 1.40182e+04, atom= 1334
Step=   87, Dmax= 2.2e-02 nm, Epot= -5.00203e+05 Fmax= 1.96973e+04, atom= 1334
Step=   88, Dmax= 1.1e-02 nm, Epot= -5.00888e+05 Fmax= 2.86389e+03, atom= 1334
Step=   89, Dmax= 1.3e-02 nm, Epot= -5.00934e+05 Fmax= 1.77378e+04, atom= 1334
Step=   90, Dmax= 1.6e-02 nm, Epot= -5.01624e+05 Fmax= 6.63287e+03, atom= 1334
Step=   91, Dmax= 1.9e-02 nm, Epot= -5.01040e+05 Fmax= 2.27864e+04, atom= 1334
Step=   92, Dmax= 9.6e-03 nm, Epot= -5.01784e+05 Fmax= 8.08349e+03, atom= 1334
Step=   93, Dmax= 1.1e-02 nm, Epot= -5.01930e+05 Fmax= 9.40879e+03, atom= 1334
Step=   94, Dmax= 1.4e-02 nm, Epot= -5.02030e+05 Fmax= 1.17422e+04, atom= 1334
Step=   95, Dmax= 1.7e-02 nm, Epot= -5.02125e+05 Fmax= 1.34560e+04, atom= 1334
Step=   96, Dmax= 2.0e-02 nm, Epot= -5.02102e+05 Fmax= 1.69218e+04, atom= 1334
Step=   97, Dmax= 9.9e-03 nm, Epot= -5.02596e+05 Fmax= 1.75563e+03, atom= 1334
Step=   98, Dmax= 1.2e-02 nm, Epot= -5.02942e+05 Fmax= 1.61091e+04, atom= 1334
Step=   99, Dmax= 1.4e-02 nm, Epot= -5.03525e+05 Fmax= 5.83334e+03, atom= 1334
Step=  100, Dmax= 1.7e-02 nm, Epot= -5.03098e+05 Fmax= 2.02409e+04, atom= 1334
Step=  101, Dmax= 8.6e-03 nm, Epot= -5.03666e+05 Fmax= 7.21365e+03, atom= 1334
Step=  102, Dmax= 1.0e-02 nm, Epot= -5.03796e+05 Fmax= 8.60678e+03, atom= 1334
Step=  103, Dmax= 1.2e-02 nm, Epot= -5.03902e+05 Fmax= 1.02038e+04, atom= 1334
Step=  104, Dmax= 1.5e-02 nm, Epot= -5.03966e+05 Fmax= 1.25250e+04, atom= 1334
Step=  105, Dmax= 1.8e-02 nm, Epot= -5.04011e+05 Fmax= 1.45584e+04, atom= 1334
Step=  106, Dmax= 2.1e-02 nm, Epot= -5.03940e+05 Fmax= 1.80750e+04, atom= 1334
Step=  107, Dmax= 1.1e-02 nm, Epot= -5.04535e+05 Fmax= 1.78760e+03, atom= 1334
Step=  108, Dmax= 1.3e-02 nm, Epot= -5.04711e+05 Fmax= 1.74188e+04, atom= 1334
Step=  109, Dmax= 1.5e-02 nm, Epot= -5.05369e+05 Fmax= 6.16567e+03, atom= 1334
Step=  110, Dmax= 1.8e-02 nm, Epot= -5.04751e+05 Fmax= 2.18624e+04, atom= 1334
Step=  111, Dmax= 9.2e-03 nm, Epot= -5.05477e+05 Fmax= 7.86162e+03, atom= 1334
Step=  112, Dmax= 1.1e-02 nm, Epot= -5.05583e+05 Fmax= 9.13393e+03, atom= 1334
Step=  113, Dmax= 1.3e-02 nm, Epot= -5.05648e+05 Fmax= 1.10850e+04, atom= 1334
Step=  114, Dmax= 1.6e-02 nm, Epot= -5.05682e+05 Fmax= 1.33306e+04, atom= 1334
Step=  115, Dmax= 1.9e-02 nm, Epot= -5.05670e+05 Fmax= 1.58861e+04, atom= 1744
Step=  116, Dmax= 9.6e-03 nm, Epot= -5.06130e+05 Fmax= 1.33129e+03, atom= 1744
Step=  117, Dmax= 1.1e-02 nm, Epot= -5.06478e+05 Fmax= 1.62394e+04, atom= 1744
Step=  118, Dmax= 1.4e-02 nm, Epot= -5.07036e+05 Fmax= 4.92379e+03, atom= 1744
Step=  119, Dmax= 1.7e-02 nm, Epot= -5.06597e+05 Fmax= 2.04750e+04, atom= 1744
Step=  120, Dmax= 8.3e-03 nm, Epot= -5.07127e+05 Fmax= 7.78453e+03, atom= 1744
Step=  121, Dmax= 9.9e-03 nm, Epot= -5.07259e+05 Fmax= 7.43814e+03, atom= 1744
Step=  122, Dmax= 1.2e-02 nm, Epot= -5.07293e+05 Fmax= 1.08431e+04, atom= 1744
Step=  123, Dmax= 1.4e-02 nm, Epot= -5.07408e+05 Fmax= 1.10542e+04, atom= 1744
Step=  124, Dmax= 1.7e-02 nm, Epot= -5.07352e+05 Fmax= 1.52448e+04, atom= 1744
Step=  125, Dmax= 8.6e-03 nm, Epot= -5.07696e+05 Fmax= 2.09735e+03, atom= 1744
Step=  126, Dmax= 1.0e-02 nm, Epot= -5.07820e+05 Fmax= 1.37284e+04, atom= 1744
Step=  127, Dmax= 1.2e-02 nm, Epot= -5.08181e+05 Fmax= 5.25189e+03, atom= 1744
Step=  128, Dmax= 1.5e-02 nm, Epot= -5.07964e+05 Fmax= 1.74583e+04, atom= 1744
Step=  129, Dmax= 7.4e-03 nm, Epot= -5.08288e+05 Fmax= 6.11221e+03, atom= 1744
Step=  130, Dmax= 8.9e-03 nm, Epot= -5.08384e+05 Fmax= 7.54183e+03, atom= 1744
Step=  131, Dmax= 1.1e-02 nm, Epot= -5.08472e+05 Fmax= 8.81469e+03, atom= 1744
Step=  132, Dmax= 1.3e-02 nm, Epot= -5.08534e+05 Fmax= 1.08424e+04, atom= 1744
Step=  133, Dmax= 1.5e-02 nm, Epot= -5.08586e+05 Fmax= 1.26880e+04, atom= 1744
Step=  134, Dmax= 1.8e-02 nm, Epot= -5.08582e+05 Fmax= 1.55890e+04, atom= 1744
Step=  135, Dmax= 9.2e-03 nm, Epot= -5.08899e+05 Fmax= 1.45742e+03, atom= 1744
Step=  136, Dmax= 1.1e-02 nm, Epot= -5.09176e+05 Fmax= 1.55601e+04, atom= 1744
Step=  137, Dmax= 1.3e-02 nm, Epot= -5.09564e+05 Fmax= 4.88979e+03, atom= 1744
Step=  138, Dmax= 1.6e-02 nm, Epot= -5.09325e+05 Fmax= 1.94918e+04, atom= 1744
Step=  139, Dmax= 8.0e-03 nm, Epot= -5.09652e+05 Fmax= 7.31875e+03, atom= 1744
Step=  140, Dmax= 9.6e-03 nm, Epot= -5.09754e+05 Fmax= 7.37883e+03, atom= 1744
Step=  141, Dmax= 1.1e-02 nm, Epot= -5.09808e+05 Fmax= 1.02003e+04, atom= 1744
Step=  142, Dmax= 1.4e-02 nm, Epot= -5.09894e+05 Fmax= 1.09463e+04, atom= 1744
Step=  143, Dmax= 1.7e-02 nm, Epot= -5.09897e+05 Fmax= 1.43427e+04, atom= 1744
Step=  144, Dmax= 2.0e-02 nm, Epot= -5.09937e+05 Fmax= 1.60640e+04, atom= 1744
Step=  145, Dmax= 2.4e-02 nm, Epot= -5.09849e+05 Fmax= 2.02650e+04, atom= 1744
Step=  146, Dmax= 1.2e-02 nm, Epot= -5.10324e+05 Fmax= 2.14842e+03, atom= 1744
Step=  147, Dmax= 1.4e-02 nm, Epot= -5.10339e+05 Fmax= 1.97967e+04, atom= 1744
Step=  148, Dmax= 1.7e-02 nm, Epot= -5.10837e+05 Fmax= 6.48635e+03, atom= 1744
Step=  149, Dmax= 2.1e-02 nm, Epot= -5.10355e+05 Fmax= 2.51160e+04, atom= 1744
Step=  150, Dmax= 1.0e-02 nm, Epot= -5.10898e+05 Fmax= 9.32217e+03, atom= 1744
Step=  151, Dmax= 1.2e-02 nm, Epot= -5.10988e+05 Fmax= 9.57615e+03, atom= 1744
Step=  152, Dmax= 1.5e-02 nm, Epot= -5.11004e+05 Fmax= 1.31582e+04, atom= 1744
Step=  153, Dmax= 1.8e-02 nm, Epot= -5.11072e+05 Fmax= 1.40206e+04, atom= 1744
Step=  154, Dmax= 2.1e-02 nm, Epot= -5.11005e+05 Fmax= 1.86588e+04, atom= 1744
Step=  155, Dmax= 1.1e-02 nm, Epot= -5.11349e+05 Fmax= 2.32704e+03, atom= 1744
Step=  156, Dmax= 1.3e-02 nm, Epot= -5.11404e+05 Fmax= 1.73077e+04, atom= 1744
Step=  157, Dmax= 1.5e-02 nm, Epot= -5.11755e+05 Fmax= 6.31309e+03, atom= 1744
Step=  158, Dmax= 1.8e-02 nm, Epot= -5.11481e+05 Fmax= 2.18619e+04, atom= 1744
Step=  159, Dmax= 9.2e-03 nm, Epot= -5.11831e+05 Fmax= 7.79225e+03, atom= 1744
Step=  160, Dmax= 1.1e-02 nm, Epot= -5.11902e+05 Fmax= 9.19342e+03, atom= 1744
Step=  161, Dmax= 1.3e-02 nm, Epot= -5.11958e+05 Fmax= 1.11113e+04, atom= 1744
Step=  162, Dmax= 1.6e-02 nm, Epot= -5.11998e+05 Fmax= 1.33255e+04, atom= 1744
Step=  163, Dmax= 1.9e-02 nm, Epot= -5.12016e+05 Fmax= 1.58743e+04, atom= 1744
Step=  164, Dmax= 2.3e-02 nm, Epot= -5.11991e+05 Fmax= 1.92463e+04, atom= 1744
Step=  165, Dmax= 1.1e-02 nm, Epot= -5.12321e+05 Fmax= 1.70428e+03, atom= 1744
Step=  166, Dmax= 1.4e-02 nm, Epot= -5.12482e+05 Fmax= 1.93919e+04, atom= 1744
Step=  167, Dmax= 1.6e-02 nm, Epot= -5.12865e+05 Fmax= 6.06582e+03, atom= 1744
Step=  168, Dmax= 2.0e-02 nm, Epot= -5.12559e+05 Fmax= 2.41703e+04, atom= 1744
Step=  169, Dmax= 9.9e-03 nm, Epot= -5.12924e+05 Fmax= 9.08777e+03, atom= 1744
Step=  170, Dmax= 1.2e-02 nm, Epot= -5.13005e+05 Fmax= 9.18920e+03, atom= 1744
Step=  171, Dmax= 1.4e-02 nm, Epot= -5.13032e+05 Fmax= 1.26316e+04, atom= 1744
Step=  172, Dmax= 1.7e-02 nm, Epot= -5.13093e+05 Fmax= 1.36458e+04, atom= 1744
Step=  173, Dmax= 2.1e-02 nm, Epot= -5.13070e+05 Fmax= 1.77299e+04, atom= 1744
Step=  174, Dmax= 1.0e-02 nm, Epot= -5.13303e+05 Fmax= 2.07193e+03, atom= 1744
Step=  175, Dmax= 1.2e-02 nm, Epot= -5.13418e+05 Fmax= 1.69466e+04, atom= 1744
Step=  176, Dmax= 1.5e-02 nm, Epot= -5.13690e+05 Fmax= 5.71648e+03, atom= 1744
Step=  177, Dmax= 1.8e-02 nm, Epot= -5.13506e+05 Fmax= 2.15901e+04, atom= 1744
Step=  178, Dmax= 8.9e-03 nm, Epot= -5.13756e+05 Fmax= 7.93760e+03, atom= 1744
Step=  179, Dmax= 1.1e-02 nm, Epot= -5.13829e+05 Fmax= 8.36003e+03, atom= 1744
Step=  180, Dmax= 1.3e-02 nm, Epot= -5.13871e+05 Fmax= 1.12792e+04, atom= 1744
Step=  181, Dmax= 1.5e-02 nm, Epot= -5.13932e+05 Fmax= 1.21754e+04, atom= 1744
Step=  182, Dmax= 1.8e-02 nm, Epot= -5.13931e+05 Fmax= 1.60611e+04, atom= 1744
Step=  183, Dmax= 9.2e-03 nm, Epot= -5.14096e+05 Fmax= 1.94651e+03, atom= 1744
Step=  184, Dmax= 1.1e-02 nm, Epot= -5.14246e+05 Fmax= 1.49300e+04, atom= 1744
Step=  185, Dmax= 1.3e-02 nm, Epot= -5.14451e+05 Fmax= 5.45993e+03, atom= 1744
Step=  186, Dmax= 1.6e-02 nm, Epot= -5.14360e+05 Fmax= 1.88338e+04, atom= 1744
Step=  187, Dmax= 7.9e-03 nm, Epot= -5.14521e+05 Fmax= 6.69952e+03, atom= 1744
Step=  188, Dmax= 9.5e-03 nm, Epot= -5.14586e+05 Fmax= 7.97558e+03, atom= 1744
Step=  189, Dmax= 1.1e-02 nm, Epot= -5.14645e+05 Fmax= 9.53810e+03, atom= 1744
Step=  190, Dmax= 1.4e-02 nm, Epot= -5.14693e+05 Fmax= 1.15714e+04, atom= 1744
Step=  191, Dmax= 1.6e-02 nm, Epot= -5.14731e+05 Fmax= 1.36313e+04, atom= 1744
Step=  192, Dmax= 2.0e-02 nm, Epot= -5.14741e+05 Fmax= 1.67141e+04, atom= 1744
Step=  193, Dmax= 2.4e-02 nm, Epot= -5.14741e+05 Fmax= 1.94997e+04, atom= 1744
Step=  194, Dmax= 1.2e-02 nm, Epot= -5.14989e+05 Fmax= 1.44803e+03, atom= 1744
Step=  195, Dmax= 1.4e-02 nm, Epot= -5.15215e+05 Fmax= 2.05446e+04, atom= 1744
Step=  196, Dmax= 1.7e-02 nm, Epot= -5.15539e+05 Fmax= 5.70726e+03, atom= 1744
Step=  197, Dmax= 2.0e-02 nm, Epot= -5.15274e+05 Fmax= 2.58591e+04, atom= 1744
Step=  198, Dmax= 1.0e-02 nm, Epot= -5.15584e+05 Fmax= 1.01104e+04, atom= 1744
Step=  199, Dmax= 1.2e-02 nm, Epot= -5.15665e+05 Fmax= 8.73167e+03, atom= 1744
Step=  200, Dmax= 1.5e-02 nm, Epot= -5.15670e+05 Fmax= 1.39723e+04, atom= 1744
Step=  201, Dmax= 1.8e-02 nm, Epot= -5.15750e+05 Fmax= 1.31227e+04, atom= 1744
Step=  202, Dmax= 2.1e-02 nm, Epot= -5.15689e+05 Fmax= 1.94919e+04, atom= 1744
Step=  203, Dmax= 1.1e-02 nm, Epot= -5.15905e+05 Fmax= 3.19075e+03, atom= 1744
Step=  204, Dmax= 1.3e-02 nm, Epot= -5.15932e+05 Fmax= 1.63240e+04, atom= 1744
Step=  205, Dmax= 1.5e-02 nm, Epot= -5.16128e+05 Fmax= 7.21212e+03, atom= 1744
Step=  206, Dmax= 1.8e-02 nm, Epot= -5.15995e+05 Fmax= 2.08630e+04, atom= 1744
Step=  207, Dmax= 9.2e-03 nm, Epot= -5.16195e+05 Fmax= 6.83987e+03, atom= 1744
Step=  208, Dmax= 1.1e-02 nm, Epot= -5.16238e+05 Fmax= 1.01071e+04, atom= 1744
Step=  209, Dmax= 1.3e-02 nm, Epot= -5.16303e+05 Fmax= 1.01258e+04, atom= 1744
Step=  210, Dmax= 1.6e-02 nm, Epot= -5.16314e+05 Fmax= 1.42530e+04, atom= 1744
Step=  211, Dmax= 1.9e-02 nm, Epot= -5.16368e+05 Fmax= 1.48490e+04, atom= 1744
Step=  212, Dmax= 2.3e-02 nm, Epot= -5.16320e+05 Fmax= 2.01819e+04, atom= 1744
Step=  213, Dmax= 1.1e-02 nm, Epot= -5.16548e+05 Fmax= 2.67822e+03, atom= 1744
Step=  214, Dmax= 1.4e-02 nm, Epot= -5.16584e+05 Fmax= 1.82976e+04, atom= 1744
Step=  215, Dmax= 1.6e-02 nm, Epot= -5.16814e+05 Fmax= 7.02527e+03, atom= 1744
Step=  216, Dmax= 2.0e-02 nm, Epot= -5.16635e+05 Fmax= 2.31371e+04, atom= 1744
Step=  217, Dmax= 9.9e-03 nm, Epot= -5.16871e+05 Fmax= 8.07601e+03, atom= 1744
Step=  218, Dmax= 1.2e-02 nm, Epot= -5.16918e+05 Fmax= 1.01413e+04, atom= 1744
Step=  219, Dmax= 1.4e-02 nm, Epot= -5.16964e+05 Fmax= 1.16018e+04, atom= 1744
Step=  220, Dmax= 1.7e-02 nm, Epot= -5.16985e+05 Fmax= 1.45969e+04, atom= 1744
Step=  221, Dmax= 2.0e-02 nm, Epot= -5.17009e+05 Fmax= 1.66708e+04, atom= 1744
Step=  222, Dmax= 2.5e-02 nm, Epot= -5.16976e+05 Fmax= 2.09630e+04, atom= 1744
Step=  223, Dmax= 1.2e-02 nm, Epot= -5.17218e+05 Fmax= 2.16728e+03, atom= 1744
Step=  224, Dmax= 1.5e-02 nm, Epot= -5.17280e+05 Fmax= 2.03828e+04, atom= 1744
Step=  225, Dmax= 1.8e-02 nm, Epot= -5.17550e+05 Fmax= 6.88283e+03, atom= 1744
Step=  226, Dmax= 2.1e-02 nm, Epot= -5.17319e+05 Fmax= 2.55093e+04, atom= 1744
Step=  227, Dmax= 1.1e-02 nm, Epot= -5.17596e+05 Fmax= 9.34659e+03, atom= 1744
Step=  228, Dmax= 1.3e-02 nm, Epot= -5.17648e+05 Fmax= 1.02407e+04, atom= 1744
Step=  229, Dmax= 1.5e-02 nm, Epot= -5.17674e+05 Fmax= 1.31269e+04, atom= 1744
Step=  230, Dmax= 1.8e-02 nm, Epot= -5.17706e+05 Fmax= 1.50303e+04, atom= 1744
Step=  231, Dmax= 2.2e-02 nm, Epot= -5.17698e+05 Fmax= 1.85645e+04, atom= 1744
Step=  232, Dmax= 1.1e-02 nm, Epot= -5.17874e+05 Fmax= 1.80567e+03, atom= 1744
Step=  233, Dmax= 1.3e-02 nm, Epot= -5.17999e+05 Fmax= 1.86350e+04, atom= 1744
Step=  234, Dmax= 1.6e-02 nm, Epot= -5.18222e+05 Fmax= 5.66415e+03, atom= 1744
Step=  235, Dmax= 1.9e-02 nm, Epot= -5.18060e+05 Fmax= 2.36225e+04, atom= 1744
Step=  236, Dmax= 9.5e-03 nm, Epot= -5.18268e+05 Fmax= 8.98859e+03, atom= 1744
Step=  237, Dmax= 1.1e-02 nm, Epot= -5.18328e+05 Fmax= 8.47081e+03, atom= 1744
Step=  238, Dmax= 1.4e-02 nm, Epot= -5.18349e+05 Fmax= 1.25842e+04, atom= 1744
Step=  239, Dmax= 1.6e-02 nm, Epot= -5.18406e+05 Fmax= 1.25379e+04, atom= 1744
Step=  240, Dmax= 2.0e-02 nm, Epot= -5.18383e+05 Fmax= 1.77191e+04, atom= 1744
Step=  241, Dmax= 9.8e-03 nm, Epot= -5.18529e+05 Fmax= 2.59488e+03, atom= 1744
Step=  242, Dmax= 1.2e-02 nm, Epot= -5.18591e+05 Fmax= 1.54732e+04, atom= 1744
Step=  243, Dmax= 1.4e-02 nm, Epot= -5.18746e+05 Fmax= 6.36389e+03, atom= 1744
Step=  244, Dmax= 1.7e-02 nm, Epot= -5.18660e+05 Fmax= 1.96595e+04, atom= 1744
Step=  245, Dmax= 8.5e-03 nm, Epot= -5.18801e+05 Fmax= 6.66036e+03, atom= 1744
Step=  246, Dmax= 1.0e-02 nm, Epot= -5.18845e+05 Fmax= 9.06599e+03, atom= 1744
Step=  247, Dmax= 1.2e-02 nm, Epot= -5.18895e+05 Fmax= 9.69208e+03, atom= 1744
Step=  248, Dmax= 1.5e-02 nm, Epot= -5.18918e+05 Fmax= 1.29267e+04, atom= 1744
Step=  249, Dmax= 1.8e-02 nm, Epot= -5.18958e+05 Fmax= 1.40638e+04, atom= 1744
Step=  250, Dmax= 2.1e-02 nm, Epot= -5.18940e+05 Fmax= 1.84421e+04, atom= 1744
Step=  251, Dmax= 1.1e-02 nm, Epot= -5.19100e+05 Fmax= 2.19860e+03, atom= 1744
Step=  252, Dmax= 1.3e-02 nm, Epot= -5.19177e+05 Fmax= 1.72148e+04, atom= 1744
Step=  253, Dmax= 1.5e-02 nm, Epot= -5.19360e+05 Fmax= 6.27927e+03, atom= 1744
Step=  254, Dmax= 1.8e-02 nm, Epot= -5.19237e+05 Fmax= 2.16782e+04, atom= 1744
Step=  255, Dmax= 9.1e-03 nm, Epot= -5.19409e+05 Fmax= 7.71763e+03, atom= 1744
Step=  256, Dmax= 1.1e-02 nm, Epot= -5.19454e+05 Fmax= 9.18645e+03, atom= 1744
Step=  257, Dmax= 1.3e-02 nm, Epot= -5.19492e+05 Fmax= 1.09735e+04, atom= 1744
Step=  258, Dmax= 1.6e-02 nm, Epot= -5.19519e+05 Fmax= 1.33341e+04, atom= 1744
Step=  259, Dmax= 1.9e-02 nm, Epot= -5.19539e+05 Fmax= 1.56679e+04, atom= 1744
Step=  260, Dmax= 2.3e-02 nm, Epot= -5.19528e+05 Fmax= 1.92557e+04, atom= 1744
Step=  261, Dmax= 1.1e-02 nm, Epot= -5.19704e+05 Fmax= 1.81079e+03, atom= 1744
Step=  262, Dmax= 1.4e-02 nm, Epot= -5.19811e+05 Fmax= 1.90470e+04, atom= 1744
Step=  263, Dmax= 1.6e-02 nm, Epot= -5.20024e+05 Fmax= 6.24566e+03, atom= 1744
Step=  264, Dmax= 2.0e-02 nm, Epot= -5.19859e+05 Fmax= 2.37770e+04, atom= 1744
Step=  265, Dmax= 9.8e-03 nm, Epot= -5.20066e+05 Fmax= 8.79643e+03, atom= 1744
Step=  266, Dmax= 1.2e-02 nm, Epot= -5.20114e+05 Fmax= 9.37763e+03, atom= 1744
Step=  267, Dmax= 1.4e-02 nm, Epot= -5.20138e+05 Fmax= 1.22894e+04, atom= 1744
Step=  268, Dmax= 1.7e-02 nm, Epot= -5.20171e+05 Fmax= 1.38350e+04, atom= 1744
Step=  269, Dmax= 2.0e-02 nm, Epot= -5.20168e+05 Fmax= 1.73284e+04, atom= 1744
Step=  270, Dmax= 1.0e-02 nm, Epot= -5.20303e+05 Fmax= 1.77759e+03, atom= 1744
Step=  271, Dmax= 1.2e-02 nm, Epot= -5.20415e+05 Fmax= 1.72098e+04, atom= 1744
Step=  272, Dmax= 1.5e-02 nm, Epot= -5.20592e+05 Fmax= 5.31206e+03, atom= 1744
Step=  273, Dmax= 1.8e-02 nm, Epot= -5.20477e+05 Fmax= 2.18606e+04, atom= 1744
Step=  274, Dmax= 8.8e-03 nm, Epot= -5.20634e+05 Fmax= 8.27890e+03, atom= 1744
Step=  275, Dmax= 1.1e-02 nm, Epot= -5.20686e+05 Fmax= 7.90542e+03, atom= 1744
Step=  276, Dmax= 1.3e-02 nm, Epot= -5.20709e+05 Fmax= 1.16266e+04, atom= 1744
Step=  277, Dmax= 1.5e-02 nm, Epot= -5.20758e+05 Fmax= 1.16686e+04, atom= 1744
Step=  278, Dmax= 1.8e-02 nm, Epot= -5.20746e+05 Fmax= 1.64029e+04, atom= 1744
Step=  279, Dmax= 9.1e-03 nm, Epot= -5.20858e+05 Fmax= 2.36990e+03, atom= 1744
Step=  280, Dmax= 1.1e-02 nm, Epot= -5.20926e+05 Fmax= 1.43588e+04, atom= 1744
Step=  281, Dmax= 1.3e-02 nm, Epot= -5.21053e+05 Fmax= 5.89329e+03, atom= 1744
Step=  282, Dmax= 1.6e-02 nm, Epot= -5.20993e+05 Fmax= 1.82304e+04, atom= 1744
Step=  283, Dmax= 7.9e-03 nm, Epot= -5.21101e+05 Fmax= 6.17917e+03, atom= 1744
Step=  284, Dmax= 9.5e-03 nm, Epot= -5.21142e+05 Fmax= 8.41170e+03, atom= 1744
Step=  285, Dmax= 1.1e-02 nm, Epot= -5.21187e+05 Fmax= 8.97961e+03, atom= 1744
Step=  286, Dmax= 1.4e-02 nm, Epot= -5.21210e+05 Fmax= 1.20042e+04, atom= 1744
Step=  287, Dmax= 1.6e-02 nm, Epot= -5.21246e+05 Fmax= 1.30270e+04, atom= 1744
Step=  288, Dmax= 2.0e-02 nm, Epot= -5.21236e+05 Fmax= 1.71327e+04, atom= 1744
Step=  289, Dmax= 9.8e-03 nm, Epot= -5.21363e+05 Fmax= 2.05944e+03, atom= 1744
Step=  290, Dmax= 1.2e-02 nm, Epot= -5.21442e+05 Fmax= 1.59124e+04, atom= 1744
Step=  291, Dmax= 1.4e-02 nm, Epot= -5.21590e+05 Fmax= 5.87135e+03, atom= 1744
Step=  292, Dmax= 1.7e-02 nm, Epot= -5.21501e+05 Fmax= 2.00480e+04, atom= 1744
Step=  293, Dmax= 8.5e-03 nm, Epot= -5.21634e+05 Fmax= 7.10320e+03, atom= 1744
Step=  294, Dmax= 1.0e-02 nm, Epot= -5.21675e+05 Fmax= 8.57890e+03, atom= 1744
Step=  295, Dmax= 1.2e-02 nm, Epot= -5.21711e+05 Fmax= 1.01129e+04, atom= 1744
Step=  296, Dmax= 1.5e-02 nm, Epot= -5.21736e+05 Fmax= 1.24371e+04, atom= 1744
Step=  297, Dmax= 1.8e-02 nm, Epot= -5.21758e+05 Fmax= 1.44618e+04, atom= 1744
Step=  298, Dmax= 2.1e-02 nm, Epot= -5.21751e+05 Fmax= 1.79421e+04, atom= 1744
Step=  299, Dmax= 1.1e-02 nm, Epot= -5.21893e+05 Fmax= 1.75233e+03, atom= 1744
Step=  300, Dmax= 1.3e-02 nm, Epot= -5.21992e+05 Fmax= 1.75546e+04, atom= 1744
Step=  301, Dmax= 1.5e-02 nm, Epot= -5.22167e+05 Fmax= 5.88694e+03, atom= 1744
Step=  302, Dmax= 1.8e-02 nm, Epot= -5.22041e+05 Fmax= 2.19544e+04, atom= 1744
Step=  303, Dmax= 9.1e-03 nm, Epot= -5.22205e+05 Fmax= 8.05713e+03, atom= 1744
Step=  304, Dmax= 1.1e-02 nm, Epot= -5.22247e+05 Fmax= 8.80036e+03, atom= 1744
Step=  305, Dmax= 1.3e-02 nm, Epot= -5.22273e+05 Fmax= 1.12895e+04, atom= 1744
Step=  306, Dmax= 1.6e-02 nm, Epot= -5.22301e+05 Fmax= 1.29447e+04, atom= 1744
Step=  307, Dmax= 1.9e-02 nm, Epot= -5.22305e+05 Fmax= 1.59601e+04, atom= 1744
Step=  308, Dmax= 2.3e-02 nm, Epot= -5.22303e+05 Fmax= 1.88543e+04, atom= 1744
Step=  309, Dmax= 1.1e-02 nm, Epot= -5.22463e+05 Fmax= 1.46744e+03, atom= 1744
Step=  310, Dmax= 1.4e-02 nm, Epot= -5.22593e+05 Fmax= 1.92581e+04, atom= 1744
Step=  311, Dmax= 1.6e-02 nm, Epot= -5.22796e+05 Fmax= 5.98431e+03, atom= 1744
Step=  312, Dmax= 2.0e-02 nm, Epot= -5.22628e+05 Fmax= 2.39031e+04, atom= 1744
Step=  313, Dmax= 9.8e-03 nm, Epot= -5.22828e+05 Fmax= 8.99929e+03, atom= 1744
Step=  314, Dmax= 1.2e-02 nm, Epot= -5.22871e+05 Fmax= 9.12641e+03, atom= 1744
Step=  315, Dmax= 1.4e-02 nm, Epot= -5.22886e+05 Fmax= 1.24660e+04, atom= 1744
Step=  316, Dmax= 1.7e-02 nm, Epot= -5.22917e+05 Fmax= 1.35809e+04, atom= 1744
Step=  317, Dmax= 2.0e-02 nm, Epot= -5.22903e+05 Fmax= 1.74789e+04, atom= 1744
Step=  318, Dmax= 1.0e-02 nm, Epot= -5.23035e+05 Fmax= 1.97847e+03, atom= 1744
Step=  319, Dmax= 1.2e-02 nm, Epot= -5.23098e+05 Fmax= 1.69504e+04, atom= 1744
Step=  320, Dmax= 1.5e-02 nm, Epot= -5.23257e+05 Fmax= 5.48889e+03, atom= 1744
Step=  321, Dmax= 1.8e-02 nm, Epot= -5.23139e+05 Fmax= 2.15960e+04, atom= 1744
Step=  322, Dmax= 8.8e-03 nm, Epot= -5.23293e+05 Fmax= 8.05525e+03, atom= 1744
Step=  323, Dmax= 1.1e-02 nm, Epot= -5.23335e+05 Fmax= 8.07060e+03, atom= 1744
Step=  324, Dmax= 1.3e-02 nm, Epot= -5.23354e+05 Fmax= 1.13985e+04, atom= 1744
Step=  325, Dmax= 1.5e-02 nm, Epot= -5.23392e+05 Fmax= 1.18162e+04, atom= 1744
Step=  326, Dmax= 1.8e-02 nm, Epot= -5.23380e+05 Fmax= 1.61657e+04, atom= 1744
Step=  327, Dmax= 9.1e-03 nm, Epot= -5.23487e+05 Fmax= 2.17752e+03, atom= 1744
Step=  328, Dmax= 1.1e-02 nm, Epot= -5.23545e+05 Fmax= 1.44767e+04, atom= 1744
Step=  329, Dmax= 1.3e-02 nm, Epot= -5.23666e+05 Fmax= 5.71467e+03, atom= 1744
Step=  330, Dmax= 1.6e-02 nm, Epot= -5.23598e+05 Fmax= 1.83200e+04, atom= 1744
Step=  331, Dmax= 7.9e-03 nm, Epot= -5.23706e+05 Fmax= 6.31357e+03, atom= 1744
Step=  332, Dmax= 9.4e-03 nm, Epot= -5.23740e+05 Fmax= 8.23382e+03, atom= 1744
Step=  333, Dmax= 1.1e-02 nm, Epot= -5.23777e+05 Fmax= 9.09670e+03, atom= 1744
Step=  334, Dmax= 1.4e-02 nm, Epot= -5.23796e+05 Fmax= 1.18221e+04, atom= 1744
Step=  335, Dmax= 1.6e-02 nm, Epot= -5.23823e+05 Fmax= 1.31241e+04, atom= 1744
Step=  336, Dmax= 2.0e-02 nm, Epot= -5.23812e+05 Fmax= 1.69401e+04, atom= 1744
Step=  337, Dmax= 9.8e-03 nm, Epot= -5.23933e+05 Fmax= 1.91508e+03, atom= 1744
Step=  338, Dmax= 1.2e-02 nm, Epot= -5.23999e+05 Fmax= 1.59739e+04, atom= 1744
Step=  339, Dmax= 1.4e-02 nm, Epot= -5.24141e+05 Fmax= 5.74490e+03, atom= 1744
Step=  340, Dmax= 1.7e-02 nm, Epot= -5.24043e+05 Fmax= 2.00788e+04, atom= 1744
Step=  341, Dmax= 8.4e-03 nm, Epot= -5.24178e+05 Fmax= 7.18276e+03, atom= 1744
Step=  342, Dmax= 1.0e-02 nm, Epot= -5.24212e+05 Fmax= 8.45235e+03, atom= 1744
Step=  343, Dmax= 1.2e-02 nm, Epot= -5.24240e+05 Fmax= 1.01748e+04, atom= 1744
Step=  344, Dmax= 1.5e-02 nm, Epot= -5.24261e+05 Fmax= 1.23053e+04, atom= 1744
Step=  345, Dmax= 1.8e-02 nm, Epot= -5.24274e+05 Fmax= 1.45028e+04, atom= 1744
Step=  346, Dmax= 2.1e-02 nm, Epot= -5.24265e+05 Fmax= 1.77989e+04, atom= 1744
Step=  347, Dmax= 1.1e-02 nm, Epot= -5.24403e+05 Fmax= 1.66051e+03, atom= 1744
Step=  348, Dmax= 1.3e-02 nm, Epot= -5.24482e+05 Fmax= 1.75529e+04, atom= 1744
Step=  349, Dmax= 1.5e-02 nm, Epot= -5.24648e+05 Fmax= 5.81758e+03, atom= 1744
Step=  350, Dmax= 1.8e-02 nm, Epot= -5.24514e+05 Fmax= 2.19206e+04, atom= 1744
Step=  351, Dmax= 9.1e-03 nm, Epot= -5.24679e+05 Fmax= 8.07610e+03, atom= 1744
Step=  352, Dmax= 1.1e-02 nm, Epot= -5.24715e+05 Fmax= 8.73093e+03, atom= 1744
Step=  353, Dmax= 1.3e-02 nm, Epot= -5.24734e+05 Fmax= 1.12896e+04, atom= 1744
Step=  354, Dmax= 1.6e-02 nm, Epot= -5.24756e+05 Fmax= 1.28699e+04, atom= 1744
Step=  355, Dmax= 1.9e-02 nm, Epot= -5.24755e+05 Fmax= 1.59378e+04, atom= 1744
Step=  356, Dmax= 9.4e-03 nm, Epot= -5.24861e+05 Fmax= 1.55912e+03, atom= 1744
Step=  357, Dmax= 1.1e-02 nm, Epot= -5.24950e+05 Fmax= 1.60555e+04, atom= 1744
Step=  358, Dmax= 1.4e-02 nm, Epot= -5.25093e+05 Fmax= 4.75850e+03, atom= 1744
Step=  359, Dmax= 1.6e-02 nm, Epot= -5.24995e+05 Fmax= 2.03856e+04, atom= 1744
Step=  360, Dmax= 8.1e-03 nm, Epot= -5.25125e+05 Fmax= 7.81830e+03, atom= 1744
Step=  361, Dmax= 9.8e-03 nm, Epot= -5.25166e+05 Fmax= 7.13441e+03, atom= 1744
Step=  362, Dmax= 1.2e-02 nm, Epot= -5.25180e+05 Fmax= 1.09331e+04, atom= 1744
Step=  363, Dmax= 1.4e-02 nm, Epot= -5.25221e+05 Fmax= 1.05956e+04, atom= 1744
Step=  364, Dmax= 1.7e-02 nm, Epot= -5.25205e+05 Fmax= 1.53689e+04, atom= 1744
Step=  365, Dmax= 8.4e-03 nm, Epot= -5.25299e+05 Fmax= 2.38742e+03, atom= 1744
Step=  366, Dmax= 1.0e-02 nm, Epot= -5.25338e+05 Fmax= 1.30454e+04, atom= 1744
Step=  367, Dmax= 1.2e-02 nm, Epot= -5.25436e+05 Fmax= 5.67376e+03, atom= 1744
Step=  368, Dmax= 1.5e-02 nm, Epot= -5.25385e+05 Fmax= 1.66118e+04, atom= 1744
Step=  369, Dmax= 7.3e-03 nm, Epot= -5.25474e+05 Fmax= 5.47728e+03, atom= 1744
Step=  370, Dmax= 8.7e-03 nm, Epot= -5.25503e+05 Fmax= 8.02181e+03, atom= 1744
Step=  371, Dmax= 1.0e-02 nm, Epot= -5.25540e+05 Fmax= 8.04654e+03, atom= 1744
Step=  372, Dmax= 1.3e-02 nm, Epot= -5.25552e+05 Fmax= 1.13624e+04, atom= 1744
Step=  373, Dmax= 1.5e-02 nm, Epot= -5.25585e+05 Fmax= 1.17721e+04, atom= 1744
Step=  374, Dmax= 1.8e-02 nm, Epot= -5.25568e+05 Fmax= 1.61238e+04, atom= 1744
Step=  375, Dmax= 9.1e-03 nm, Epot= -5.25675e+05 Fmax= 2.17910e+03, atom= 1744
Step=  376, Dmax= 1.1e-02 nm, Epot= -5.25714e+05 Fmax= 1.44009e+04, atom= 1744
Step=  377, Dmax= 1.3e-02 nm, Epot= -5.25829e+05 Fmax= 5.72688e+03, atom= 1744
Step=  378, Dmax= 1.6e-02 nm, Epot= -5.25753e+05 Fmax= 1.82218e+04, atom= 1744
Step=  379, Dmax= 7.8e-03 nm, Epot= -5.25863e+05 Fmax= 6.25842e+03, atom= 1744
Step=  380, Dmax= 9.4e-03 nm, Epot= -5.25891e+05 Fmax= 8.24681e+03, atom= 1744
Step=  381, Dmax= 1.1e-02 nm, Epot= -5.25923e+05 Fmax= 9.02389e+03, atom= 1744
Step=  382, Dmax= 1.4e-02 nm, Epot= -5.25935e+05 Fmax= 1.18321e+04, atom= 1744
Step=  383, Dmax= 1.6e-02 nm, Epot= -5.25958e+05 Fmax= 1.30301e+04, atom= 1744
Step=  384, Dmax= 1.9e-02 nm, Epot= -5.25941e+05 Fmax= 1.69419e+04, atom= 1744
Step=  385, Dmax= 9.7e-03 nm, Epot= -5.26063e+05 Fmax= 1.96246e+03, atom= 1744
Step=  386, Dmax= 1.2e-02 nm, Epot= -5.26103e+05 Fmax= 1.58517e+04, atom= 1744
Step=  387, Dmax= 1.4e-02 nm, Epot= -5.26237e+05 Fmax= 5.79553e+03, atom= 1744
Step=  388, Dmax= 1.7e-02 nm, Epot= -5.26132e+05 Fmax= 1.99382e+04, atom= 1744
Step=  389, Dmax= 8.4e-03 nm, Epot= -5.26268e+05 Fmax= 7.08665e+03, atom= 1744
Step=  390, Dmax= 1.0e-02 nm, Epot= -5.26296e+05 Fmax= 8.50189e+03, atom= 1744
Step=  391, Dmax= 1.2e-02 nm, Epot= -5.26320e+05 Fmax= 1.00616e+04, atom= 1744
Step=  392, Dmax= 1.5e-02 nm, Epot= -5.26334e+05 Fmax= 1.23502e+04, atom= 1744
Step=  393, Dmax= 1.7e-02 nm, Epot= -5.26344e+05 Fmax= 1.43678e+04, atom= 1744
Step=  394, Dmax= 2.1e-02 nm, Epot= -5.26328e+05 Fmax= 1.78340e+04, atom= 1744
Step=  395, Dmax= 1.0e-02 nm, Epot= -5.26467e+05 Fmax= 1.74454e+03, atom= 1744
Step=  396, Dmax= 1.3e-02 nm, Epot= -5.26510e+05 Fmax= 1.73916e+04, atom= 1744
Step=  397, Dmax= 1.5e-02 nm, Epot= -5.26669e+05 Fmax= 5.89797e+03, atom= 1744
Step=  398, Dmax= 1.8e-02 nm, Epot= -5.26527e+05 Fmax= 2.17481e+04, atom= 1744
Step=  399, Dmax= 9.0e-03 nm, Epot= -5.26695e+05 Fmax= 7.94793e+03, atom= 1744
Step=  400, Dmax= 1.1e-02 nm, Epot= -5.26724e+05 Fmax= 8.80754e+03, atom= 1744
Step=  401, Dmax= 1.3e-02 nm, Epot= -5.26739e+05 Fmax= 1.11447e+04, atom= 1744
Step=  402, Dmax= 1.6e-02 nm, Epot= -5.26755e+05 Fmax= 1.29403e+04, atom= 1744
Step=  403, Dmax= 1.9e-02 nm, Epot= -5.26751e+05 Fmax= 1.57713e+04, atom= 1744
Step=  404, Dmax= 9.4e-03 nm, Epot= -5.26857e+05 Fmax= 1.44141e+03, atom= 1744
Step=  405, Dmax= 1.1e-02 nm, Epot= -5.26933e+05 Fmax= 1.61585e+04, atom= 1744
Step=  406, Dmax= 1.4e-02 nm, Epot= -5.27074e+05 Fmax= 4.59250e+03, atom= 1744
Step=  407, Dmax= 1.6e-02 nm, Epot= -5.26965e+05 Fmax= 2.04860e+04, atom= 1744
Step=  408, Dmax= 8.1e-03 nm, Epot= -5.27099e+05 Fmax= 7.95341e+03, atom= 1744
Step=  409, Dmax= 9.7e-03 nm, Epot= -5.27138e+05 Fmax= 6.94950e+03, atom= 1744
Step=  410, Dmax= 1.2e-02 nm, Epot= -5.27144e+05 Fmax= 1.10672e+04, atom= 1744
Step=  411, Dmax= 1.4e-02 nm, Epot= -5.27183e+05 Fmax= 1.03905e+04, atom= 1744
Step=  412, Dmax= 1.7e-02 nm, Epot= -5.27158e+05 Fmax= 1.54969e+04, atom= 1744
Step=  413, Dmax= 8.4e-03 nm, Epot= -5.27255e+05 Fmax= 2.55375e+03, atom= 1744
Step=  414, Dmax= 1.0e-02 nm, Epot= -5.27277e+05 Fmax= 1.28226e+04, atom= 1744
Step=  415, Dmax= 1.2e-02 nm, Epot= -5.27367e+05 Fmax= 5.83637e+03, atom= 1744
Step=  416, Dmax= 1.5e-02 nm, Epot= -5.27311e+05 Fmax= 1.63725e+04, atom= 1744
Step=  417, Dmax= 7.3e-03 nm, Epot= -5.27401e+05 Fmax= 5.27622e+03, atom= 1744
Step=  418, Dmax= 8.7e-03 nm, Epot= -5.27424e+05 Fmax= 8.18558e+03, atom= 1744
Step=  419, Dmax= 1.0e-02 nm, Epot= -5.27458e+05 Fmax= 7.82882e+03, atom= 1744
Step=  420, Dmax= 1.3e-02 nm, Epot= -5.27463e+05 Fmax= 1.15239e+04, atom= 1744
Step=  421, Dmax= 1.5e-02 nm, Epot= -5.27495e+05 Fmax= 1.15339e+04, atom= 1744
Step=  422, Dmax= 1.8e-02 nm, Epot= -5.27468e+05 Fmax= 1.62783e+04, atom= 1744
Step=  423, Dmax= 9.0e-03 nm, Epot= -5.27579e+05 Fmax= 2.37495e+03, atom= 1744
Step=  424, Dmax= 1.1e-02 nm, Epot= -5.27595e+05 Fmax= 1.41457e+04, atom= 1744
Step=  425, Dmax= 1.3e-02 nm, Epot= -5.27701e+05 Fmax= 5.91485e+03, atom= 1744
Step=  426, Dmax= 1.6e-02 nm, Epot= -5.27621e+05 Fmax= 1.79530e+04, atom= 1744
Step=  427, Dmax= 7.8e-03 nm, Epot= -5.27733e+05 Fmax= 6.02952e+03, atom= 1744
Step=  428, Dmax= 9.4e-03 nm, Epot= -5.27754e+05 Fmax= 8.43461e+03, atom= 1744
Step=  429, Dmax= 1.1e-02 nm, Epot= -5.27784e+05 Fmax= 8.77781e+03, atom= 1744
Step=  430, Dmax= 1.3e-02 nm, Epot= -5.27788e+05 Fmax= 1.20167e+04, atom= 1744
Step=  431, Dmax= 1.6e-02 nm, Epot= -5.27811e+05 Fmax= 1.27631e+04, atom= 1744
Step=  432, Dmax= 1.9e-02 nm, Epot= -5.27783e+05 Fmax= 1.71186e+04, atom= 1744
Step=  433, Dmax= 9.7e-03 nm, Epot= -5.27910e+05 Fmax= 2.18298e+03, atom= 1744
Step=  434, Dmax= 1.2e-02 nm, Epot= -5.27921e+05 Fmax= 1.55693e+04, atom= 1744
Step=  435, Dmax= 1.4e-02 nm, Epot= -5.28047e+05 Fmax= 6.00222e+03, atom= 1744
Step=  436, Dmax= 1.7e-02 nm, Epot= -5.27937e+05 Fmax= 1.96472e+04, atom= 1744
Step=  437, Dmax= 8.4e-03 nm, Epot= -5.28075e+05 Fmax= 6.83622e+03, atom= 1744
Step=  438, Dmax= 1.0e-02 nm, Epot= -5.28096e+05 Fmax= 8.70651e+03, atom= 1744
Step=  439, Dmax= 1.2e-02 nm, Epot= -5.28119e+05 Fmax= 9.79428e+03, atom= 1744
Step=  440, Dmax= 1.4e-02 nm, Epot= -5.28124e+05 Fmax= 1.25503e+04, atom= 1744
Step=  441, Dmax= 1.7e-02 nm, Epot= -5.28136e+05 Fmax= 1.40795e+04, atom= 1744
Step=  442, Dmax= 2.1e-02 nm, Epot= -5.28108e+05 Fmax= 1.80246e+04, atom= 1744
Step=  443, Dmax= 1.0e-02 nm, Epot= -5.28252e+05 Fmax= 1.98179e+03, atom= 1744
Step=  444, Dmax= 1.3e-02 nm, Epot= -5.28258e+05 Fmax= 1.70922e+04, atom= 1744
Step=  445, Dmax= 1.5e-02 nm, Epot= -5.28407e+05 Fmax= 6.11022e+03, atom= 1744
Step=  446, Dmax= 1.8e-02 nm, Epot= -5.28262e+05 Fmax= 2.14502e+04, atom= 1744
Step=  447, Dmax= 9.0e-03 nm, Epot= -5.28431e+05 Fmax= 7.68954e+03, atom= 1744
Step=  448, Dmax= 1.1e-02 nm, Epot= -5.28453e+05 Fmax= 9.01450e+03, atom= 1744
Step=  449, Dmax= 1.3e-02 nm, Epot= -5.28467e+05 Fmax= 1.08708e+04, atom= 1744
Step=  450, Dmax= 1.6e-02 nm, Epot= -5.28475e+05 Fmax= 1.31405e+04, atom= 1744
Step=  451, Dmax= 1.9e-02 nm, Epot= -5.28473e+05 Fmax= 1.54764e+04, atom= 1744
Step=  452, Dmax= 9.4e-03 nm, Epot= -5.28577e+05 Fmax= 1.19547e+03, atom= 1744
Step=  453, Dmax= 1.1e-02 nm, Epot= -5.28663e+05 Fmax= 1.64272e+04, atom= 1744
Step=  454, Dmax= 1.3e-02 nm, Epot= -5.28806e+05 Fmax= 4.27116e+03, atom= 1744
Step=  455, Dmax= 1.6e-02 nm, Epot= -5.28687e+05 Fmax= 2.07463e+04, atom= 1744
Step=  456, Dmax= 8.1e-03 nm, Epot= -5.28825e+05 Fmax= 8.25199e+03, atom= 1744
Step=  457, Dmax= 9.7e-03 nm, Epot= -5.28864e+05 Fmax= 6.60453e+03, atom= 1744
Step=  458, Dmax= 1.2e-02 nm, Epot= -5.28862e+05 Fmax= 1.13660e+04, atom= 1744
Step=  459, Dmax= 5.8e-03 nm, Epot= -5.28904e+05 Fmax= 2.37961e+03, atom= 1744
Step=  460, Dmax= 7.0e-03 nm, Epot= -5.28939e+05 Fmax= 8.23933e+03, atom= 1744
Step=  461, Dmax= 8.4e-03 nm, Epot= -5.28985e+05 Fmax= 4.69214e+03, atom= 1744
Step=  462, Dmax= 1.0e-02 nm, Epot= -5.28988e+05 Fmax= 1.06704e+04, atom= 1744
Step=  463, Dmax= 1.2e-02 nm, Epot= -5.29040e+05 Fmax= 7.92968e+03, atom= 1744
Step=  464, Dmax= 1.4e-02 nm, Epot= -5.29010e+05 Fmax= 1.42221e+04, atom= 1744
Step=  465, Dmax= 7.2e-03 nm, Epot= -5.29087e+05 Fmax= 3.15587e+03, atom= 1744
Step=  466, Dmax= 8.7e-03 nm, Epot= -5.29101e+05 Fmax= 1.03142e+04, atom= 1744
Step=  467, Dmax= 1.0e-02 nm, Epot= -5.29160e+05 Fmax= 5.65879e+03, atom= 1744
Step=  468, Dmax= 1.3e-02 nm, Epot= -5.29132e+05 Fmax= 1.36688e+04, atom= 1744
Step=  469, Dmax= 6.3e-03 nm, Epot= -5.29193e+05 Fmax= 4.00234e+03, atom= 1744
Step=  470, Dmax= 7.5e-03 nm, Epot= -5.29215e+05 Fmax= 7.45602e+03, atom= 1744
Step=  471, Dmax= 9.0e-03 nm, Epot= -5.29250e+05 Fmax= 6.44615e+03, atom= 1744
Step=  472, Dmax= 1.1e-02 nm, Epot= -5.29256e+05 Fmax= 1.00868e+04, atom= 1744
Step=  473, Dmax= 1.3e-02 nm, Epot= -5.29287e+05 Fmax= 9.90591e+03, atom= 1744
Step=  474, Dmax= 1.6e-02 nm, Epot= -5.29273e+05 Fmax= 1.39111e+04, atom= 1744
Step=  475, Dmax= 7.8e-03 nm, Epot= -5.29352e+05 Fmax= 2.01581e+03, atom= 1744
Step=  476, Dmax= 9.3e-03 nm, Epot= -5.29378e+05 Fmax= 1.25376e+04, atom= 1744
Step=  477, Dmax= 1.1e-02 nm, Epot= -5.29465e+05 Fmax= 4.64542e+03, atom= 1744
Step=  478, Dmax= 1.3e-02 nm, Epot= -5.29410e+05 Fmax= 1.61633e+04, atom= 1744
Step=  479, Dmax= 6.7e-03 nm, Epot= -5.29492e+05 Fmax= 5.75606e+03, atom= 1744
Step=  480, Dmax= 8.1e-03 nm, Epot= -5.29517e+05 Fmax= 6.58360e+03, atom= 1744
Step=  481, Dmax= 9.7e-03 nm, Epot= -5.29537e+05 Fmax= 8.36884e+03, atom= 1744
Step=  482, Dmax= 1.2e-02 nm, Epot= -5.29557e+05 Fmax= 9.41667e+03, atom= 1744
Step=  483, Dmax= 1.4e-02 nm, Epot= -5.29561e+05 Fmax= 1.20762e+04, atom= 1744
Step=  484, Dmax= 1.7e-02 nm, Epot= -5.29572e+05 Fmax= 1.35289e+04, atom= 1744
Step=  485, Dmax= 2.0e-02 nm, Epot= -5.29546e+05 Fmax= 1.73515e+04, atom= 1744
Step=  486, Dmax= 1.0e-02 nm, Epot= -5.29679e+05 Fmax= 1.91876e+03, atom= 1744
Step=  487, Dmax= 1.2e-02 nm, Epot= -5.29682e+05 Fmax= 1.63936e+04, atom= 1744
Step=  488, Dmax= 1.4e-02 nm, Epot= -5.29819e+05 Fmax= 5.91565e+03, atom= 1744
Step=  489, Dmax= 1.7e-02 nm, Epot= -5.29686e+05 Fmax= 2.05760e+04, atom= 1744
Step=  490, Dmax= 8.7e-03 nm, Epot= -5.29840e+05 Fmax= 7.34757e+03, atom= 1744
Step=  491, Dmax= 1.0e-02 nm, Epot= -5.29860e+05 Fmax= 8.72024e+03, atom= 1744
Step=  492, Dmax= 1.2e-02 nm, Epot= -5.29874e+05 Fmax= 1.03958e+04, atom= 1744
Step=  493, Dmax= 1.5e-02 nm, Epot= -5.29879e+05 Fmax= 1.26994e+04, atom= 1744
Step=  494, Dmax= 1.8e-02 nm, Epot= -5.29879e+05 Fmax= 1.48166e+04, atom= 1744
Step=  495, Dmax= 9.0e-03 nm, Epot= -5.29974e+05 Fmax= 1.08367e+03, atom= 1744
Step=  496, Dmax= 1.1e-02 nm, Epot= -5.30062e+05 Fmax= 1.59278e+04, atom= 1744
Step=  497, Dmax= 1.3e-02 nm, Epot= -5.30196e+05 Fmax= 3.97410e+03, atom= 1744
Step=  498, Dmax= 1.6e-02 nm, Epot= -5.30084e+05 Fmax= 2.00991e+04, atom= 1744
Step=  499, Dmax= 7.8e-03 nm, Epot= -5.30213e+05 Fmax= 8.07839e+03, atom= 1744
Step=  500, Dmax= 9.3e-03 nm, Epot= -5.30250e+05 Fmax= 6.20314e+03, atom= 1744
Step=  501, Dmax= 1.1e-02 nm, Epot= -5.30246e+05 Fmax= 1.10860e+04, atom= 1744
Step=  502, Dmax= 5.6e-03 nm, Epot= -5.30285e+05 Fmax= 2.44036e+03, atom= 1744
Step=  503, Dmax= 6.7e-03 nm, Epot= -5.30316e+05 Fmax= 7.76435e+03, atom= 1744
Step=  504, Dmax= 8.1e-03 nm, Epot= -5.30357e+05 Fmax= 4.67406e+03, atom= 1744
Step=  505, Dmax= 9.7e-03 nm, Epot= -5.30359e+05 Fmax= 1.00921e+04, atom= 1744
Step=  506, Dmax= 1.2e-02 nm, Epot= -5.30405e+05 Fmax= 7.79780e+03, atom= 1744
Step=  507, Dmax= 1.4e-02 nm, Epot= -5.30380e+05 Fmax= 1.34978e+04, atom= 1744
Step=  508, Dmax= 7.0e-03 nm, Epot= -5.30449e+05 Fmax= 2.85883e+03, atom= 1744
Step=  509, Dmax= 8.3e-03 nm, Epot= -5.30463e+05 Fmax= 1.01121e+04, atom= 1744
Step=  510, Dmax= 1.0e-02 nm, Epot= -5.30521e+05 Fmax= 5.24433e+03, atom= 1744
Step=  511, Dmax= 1.2e-02 nm, Epot= -5.30493e+05 Fmax= 1.33535e+04, atom= 1744
Step=  512, Dmax= 6.0e-03 nm, Epot= -5.30550e+05 Fmax= 4.05173e+03, atom= 1744
Step=  513, Dmax= 7.2e-03 nm, Epot= -5.30571e+05 Fmax= 6.96235e+03, atom= 1744
Step=  514, Dmax= 8.7e-03 nm, Epot= -5.30600e+05 Fmax= 6.41130e+03, atom= 1744
Step=  515, Dmax= 1.0e-02 nm, Epot= -5.30608e+05 Fmax= 9.48203e+03, atom= 1744
Step=  516, Dmax= 1.2e-02 nm, Epot= -5.30633e+05 Fmax= 9.74802e+03, atom= 1744
Step=  517, Dmax= 1.5e-02 nm, Epot= -5.30625e+05 Fmax= 1.31506e+04, atom= 1744
Step=  518, Dmax= 7.5e-03 nm, Epot= -5.30695e+05 Fmax= 1.71399e+03, atom= 1744
Step=  519, Dmax= 9.0e-03 nm, Epot= -5.30728e+05 Fmax= 1.23260e+04, atom= 1744
Step=  520, Dmax= 1.1e-02 nm, Epot= -5.30813e+05 Fmax= 4.19685e+03, atom= 1744
Step=  521, Dmax= 1.3e-02 nm, Epot= -5.30759e+05 Fmax= 1.58334e+04, atom= 1744
Step=  522, Dmax= 6.5e-03 nm, Epot= -5.30836e+05 Fmax= 5.81659e+03, atom= 1744
Step=  523, Dmax= 7.8e-03 nm, Epot= -5.30861e+05 Fmax= 6.04678e+03, atom= 1744
Step=  524, Dmax= 9.3e-03 nm, Epot= -5.30877e+05 Fmax= 8.34003e+03, atom= 1744
Step=  525, Dmax= 1.1e-02 nm, Epot= -5.30900e+05 Fmax= 8.75999e+03, atom= 1744
Step=  526, Dmax= 1.3e-02 nm, Epot= -5.30899e+05 Fmax= 1.19151e+04, atom= 1744
Step=  527, Dmax= 6.7e-03 nm, Epot= -5.30953e+05 Fmax= 1.57704e+03, atom= 1744
Step=  528, Dmax= 8.0e-03 nm, Epot= -5.31000e+05 Fmax= 1.05817e+04, atom= 1744
Step=  529, Dmax= 9.6e-03 nm, Epot= -5.31066e+05 Fmax= 4.31587e+03, atom= 1744
Step=  530, Dmax= 1.2e-02 nm, Epot= -5.31039e+05 Fmax= 1.33581e+04, atom= 1744
Step=  531, Dmax= 5.8e-03 nm, Epot= -5.31091e+05 Fmax= 4.52642e+03, atom= 1744
Step=  532, Dmax= 6.9e-03 nm, Epot= -5.31114e+05 Fmax= 6.23291e+03, atom= 1744
Step=  533, Dmax= 8.3e-03 nm, Epot= -5.31138e+05 Fmax= 6.52254e+03, atom= 1744
Step=  534, Dmax= 1.0e-02 nm, Epot= -5.31151e+05 Fmax= 8.93764e+03, atom= 1744
Step=  535, Dmax= 1.2e-02 nm, Epot= -5.31172e+05 Fmax= 9.44470e+03, atom= 1744
Step=  536, Dmax= 1.4e-02 nm, Epot= -5.31166e+05 Fmax= 1.27729e+04, atom= 1744
Step=  537, Dmax= 7.2e-03 nm, Epot= -5.31231e+05 Fmax= 1.66414e+03, atom= 1744
Step=  538, Dmax= 8.6e-03 nm, Epot= -5.31270e+05 Fmax= 1.14168e+04, atom= 1744
Step=  539, Dmax= 1.0e-02 nm, Epot= -5.31343e+05 Fmax= 4.59584e+03, atom= 1744
Step=  540, Dmax= 1.2e-02 nm, Epot= -5.31303e+05 Fmax= 1.44078e+04, atom= 1744
Step=  541, Dmax= 6.2e-03 nm, Epot= -5.31368e+05 Fmax= 4.91219e+03, atom= 1744
Step=  542, Dmax= 7.5e-03 nm, Epot= -5.31389e+05 Fmax= 6.64783e+03, atom= 1744
Step=  543, Dmax= 9.0e-03 nm, Epot= -5.31412e+05 Fmax= 7.06630e+03, atom= 1744
Step=  544, Dmax= 1.1e-02 nm, Epot= -5.31422e+05 Fmax= 9.54604e+03, atom= 1744
Step=  545, Dmax= 1.3e-02 nm, Epot= -5.31441e+05 Fmax= 1.02148e+04, atom= 1744
Step=  546, Dmax= 1.5e-02 nm, Epot= -5.31430e+05 Fmax= 1.36582e+04, atom= 1744
Step=  547, Dmax= 7.7e-03 nm, Epot= -5.31507e+05 Fmax= 1.72256e+03, atom= 1744
Step=  548, Dmax= 9.3e-03 nm, Epot= -5.31538e+05 Fmax= 1.23505e+04, atom= 1744
Step=  549, Dmax= 1.1e-02 nm, Epot= -5.31620e+05 Fmax= 4.86148e+03, atom= 1744
Step=  550, Dmax= 1.3e-02 nm, Epot= -5.31563e+05 Fmax= 1.55708e+04, atom= 1744
Step=  551, Dmax= 6.7e-03 nm, Epot= -5.31644e+05 Fmax= 5.36225e+03, atom= 1744
Step=  552, Dmax= 8.0e-03 nm, Epot= -5.31663e+05 Fmax= 7.05779e+03, atom= 1744
Step=  553, Dmax= 9.6e-03 nm, Epot= -5.31685e+05 Fmax= 7.68688e+03, atom= 1744
Step=  554, Dmax= 1.2e-02 nm, Epot= -5.31692e+05 Fmax= 1.01629e+04, atom= 1744
Step=  555, Dmax= 1.4e-02 nm, Epot= -5.31708e+05 Fmax= 1.10785e+04, atom= 1744
Step=  556, Dmax= 1.7e-02 nm, Epot= -5.31693e+05 Fmax= 1.45722e+04, atom= 1744
Step=  557, Dmax= 8.3e-03 nm, Epot= -5.31783e+05 Fmax= 1.74887e+03, atom= 1744
Step=  558, Dmax= 1.0e-02 nm, Epot= -5.31805e+05 Fmax= 1.33889e+04, atom= 1744
Step=  559, Dmax= 1.2e-02 nm, Epot= -5.31899e+05 Fmax= 5.11284e+03, atom= 1744
Step=  560, Dmax= 1.4e-02 nm, Epot= -5.31822e+05 Fmax= 1.68540e+04, atom= 1744
Step=  561, Dmax= 7.2e-03 nm, Epot= -5.31921e+05 Fmax= 5.88021e+03, atom= 1744
Step=  562, Dmax= 8.6e-03 nm, Epot= -5.31939e+05 Fmax= 7.46396e+03, atom= 1744
Step=  563, Dmax= 1.0e-02 nm, Epot= -5.31958e+05 Fmax= 8.38817e+03, atom= 1744
Step=  564, Dmax= 1.2e-02 nm, Epot= -5.31964e+05 Fmax= 1.07911e+04, atom= 1744
Step=  565, Dmax= 1.5e-02 nm, Epot= -5.31974e+05 Fmax= 1.20414e+04, atom= 1744
Step=  566, Dmax= 1.8e-02 nm, Epot= -5.31956e+05 Fmax= 1.55182e+04, atom= 1744
Step=  567, Dmax= 8.9e-03 nm, Epot= -5.32060e+05 Fmax= 1.74243e+03, atom= 1744
Step=  568, Dmax= 1.1e-02 nm, Epot= -5.32073e+05 Fmax= 1.45377e+04, atom= 1744
Step=  569, Dmax= 1.3e-02 nm, Epot= -5.32182e+05 Fmax= 5.35313e+03, atom= 1744
Step=  570, Dmax= 1.5e-02 nm, Epot= -5.32082e+05 Fmax= 1.82616e+04, atom= 1744
Step=  571, Dmax= 7.7e-03 nm, Epot= -5.32202e+05 Fmax= 6.46665e+03, atom= 1744
Step=  572, Dmax= 9.3e-03 nm, Epot= -5.32219e+05 Fmax= 7.87099e+03, atom= 1744
Step=  573, Dmax= 1.1e-02 nm, Epot= -5.32234e+05 Fmax= 9.17087e+03, atom= 1744
Step=  574, Dmax= 1.3e-02 nm, Epot= -5.32238e+05 Fmax= 1.14369e+04, atom= 1744
Step=  575, Dmax= 1.6e-02 nm, Epot= -5.32243e+05 Fmax= 1.31044e+04, atom= 1744
Step=  576, Dmax= 1.9e-02 nm, Epot= -5.32220e+05 Fmax= 1.65048e+04, atom= 1744
Step=  577, Dmax= 9.6e-03 nm, Epot= -5.32342e+05 Fmax= 1.70694e+03, atom= 1744
Step=  578, Dmax= 1.2e-02 nm, Epot= -5.32344e+05 Fmax= 1.57990e+04, atom= 1744
Step=  579, Dmax= 1.4e-02 nm, Epot= -5.32469e+05 Fmax= 5.58802e+03, atom= 1744
Step=  580, Dmax= 1.7e-02 nm, Epot= -5.32342e+05 Fmax= 1.97955e+04, atom= 1744
Step=  581, Dmax= 8.3e-03 nm, Epot= -5.32486e+05 Fmax= 7.12051e+03, atom= 1744
Step=  582, Dmax= 1.0e-02 nm, Epot= -5.32504e+05 Fmax= 8.28590e+03, atom= 1744
Step=  583, Dmax= 1.2e-02 nm, Epot= -5.32514e+05 Fmax= 1.00351e+04, atom= 1744
Step=  584, Dmax= 1.4e-02 nm, Epot= -5.32517e+05 Fmax= 1.21079e+04, atom= 1744
Step=  585, Dmax= 1.7e-02 nm, Epot= -5.32513e+05 Fmax= 1.42689e+04, atom= 1744
Step=  586, Dmax= 8.6e-03 nm, Epot= -5.32603e+05 Fmax= 1.10237e+03, atom= 1744
Step=  587, Dmax= 1.0e-02 nm, Epot= -5.32659e+05 Fmax= 1.52163e+04, atom= 1744
Step=  588, Dmax= 1.2e-02 nm, Epot= -5.32781e+05 Fmax= 3.85357e+03, atom= 1744
Step=  589, Dmax= 1.5e-02 nm, Epot= -5.32673e+05 Fmax= 1.92277e+04, atom= 1744
Step=  590, Dmax= 7.4e-03 nm, Epot= -5.32794e+05 Fmax= 7.69826e+03, atom= 1744
Step=  591, Dmax= 8.9e-03 nm, Epot= -5.32826e+05 Fmax= 5.98852e+03, atom= 1744
Step=  592, Dmax= 1.1e-02 nm, Epot= -5.32820e+05 Fmax= 1.05849e+04, atom= 1744
Step=  593, Dmax= 5.4e-03 nm, Epot= -5.32857e+05 Fmax= 2.29682e+03, atom= 1744
Step=  594, Dmax= 6.4e-03 nm, Epot= -5.32881e+05 Fmax= 7.47809e+03, atom= 1744
Step=  595, Dmax= 7.7e-03 nm, Epot= -5.32918e+05 Fmax= 4.44465e+03, atom= 1744
Step=  596, Dmax= 9.3e-03 nm, Epot= -5.32917e+05 Fmax= 9.70605e+03, atom= 1744
Step=  597, Dmax= 4.6e-03 nm, Epot= -5.32943e+05 Fmax= 2.63403e+03, atom= 1744
Step=  598, Dmax= 5.6e-03 nm, Epot= -5.32965e+05 Fmax= 6.00812e+03, atom= 1744
Step=  599, Dmax= 6.7e-03 nm, Epot= -5.32994e+05 Fmax= 4.19930e+03, atom= 1744
Step=  600, Dmax= 8.0e-03 nm, Epot= -5.33003e+05 Fmax= 8.19811e+03, atom= 1744
Step=  601, Dmax= 9.6e-03 nm, Epot= -5.33036e+05 Fmax= 6.51311e+03, atom= 1744
Step=  602, Dmax= 1.2e-02 nm, Epot= -5.33025e+05 Fmax= 1.12905e+04, atom= 1744
Step=  603, Dmax= 5.8e-03 nm, Epot= -5.33070e+05 Fmax= 2.38693e+03, atom= 1744
Step=  604, Dmax= 6.9e-03 nm, Epot= -5.33090e+05 Fmax= 8.12611e+03, atom= 1744
Step=  605, Dmax= 8.3e-03 nm, Epot= -5.33130e+05 Fmax= 4.68640e+03, atom= 1744
Step=  606, Dmax= 1.0e-02 nm, Epot= -5.33122e+05 Fmax= 1.05289e+04, atom= 1744
Step=  607, Dmax= 5.0e-03 nm, Epot= -5.33155e+05 Fmax= 2.92467e+03, atom= 1744
Step=  608, Dmax= 6.0e-03 nm, Epot= -5.33175e+05 Fmax= 6.35516e+03, atom= 1744
Step=  609, Dmax= 7.2e-03 nm, Epot= -5.33204e+05 Fmax= 4.61978e+03, atom= 1744
Step=  610, Dmax= 8.6e-03 nm, Epot= -5.33210e+05 Fmax= 8.69720e+03, atom= 1744
Step=  611, Dmax= 1.0e-02 nm, Epot= -5.33242e+05 Fmax= 7.11841e+03, atom= 1744
Step=  612, Dmax= 1.2e-02 nm, Epot= -5.33225e+05 Fmax= 1.20094e+04, atom= 1744
Step=  613, Dmax= 6.2e-03 nm, Epot= -5.33279e+05 Fmax= 2.44397e+03, atom= 1744
Step=  614, Dmax= 7.4e-03 nm, Epot= -5.33295e+05 Fmax= 8.86259e+03, atom= 1744
Step=  615, Dmax= 8.9e-03 nm, Epot= -5.33340e+05 Fmax= 4.90559e+03, atom= 1744
Step=  616, Dmax= 1.1e-02 nm, Epot= -5.33323e+05 Fmax= 1.14547e+04, atom= 1744
Step=  617, Dmax= 5.4e-03 nm, Epot= -5.33365e+05 Fmax= 3.27841e+03, atom= 1744
Step=  618, Dmax= 6.4e-03 nm, Epot= -5.33382e+05 Fmax= 6.68481e+03, atom= 1744
Step=  619, Dmax= 7.7e-03 nm, Epot= -5.33410e+05 Fmax= 5.11542e+03, atom= 1744
Step=  620, Dmax= 9.2e-03 nm, Epot= -5.33412e+05 Fmax= 9.18855e+03, atom= 1744
Step=  621, Dmax= 1.1e-02 nm, Epot= -5.33444e+05 Fmax= 7.81428e+03, atom= 1744
Step=  622, Dmax= 1.3e-02 nm, Epot= -5.33423e+05 Fmax= 1.27354e+04, atom= 1744
Step=  623, Dmax= 6.7e-03 nm, Epot= -5.33486e+05 Fmax= 2.45899e+03, atom= 1744
Step=  624, Dmax= 8.0e-03 nm, Epot= -5.33497e+05 Fmax= 9.70065e+03, atom= 1744
Step=  625, Dmax= 9.6e-03 nm, Epot= -5.33548e+05 Fmax= 5.09455e+03, atom= 1744
Step=  626, Dmax= 1.2e-02 nm, Epot= -5.33521e+05 Fmax= 1.24962e+04, atom= 1744
Step=  627, Dmax= 5.8e-03 nm, Epot= -5.33573e+05 Fmax= 3.70553e+03, atom= 1744
Step=  628, Dmax= 6.9e-03 nm, Epot= -5.33587e+05 Fmax= 6.99154e+03, atom= 1744
Step=  629, Dmax= 8.3e-03 nm, Epot= -5.33615e+05 Fmax= 5.69586e+03, atom= 1744
Step=  630, Dmax= 9.9e-03 nm, Epot= -5.33614e+05 Fmax= 9.66878e+03, atom= 1744
Step=  631, Dmax= 5.0e-03 nm, Epot= -5.33644e+05 Fmax= 1.98506e+03, atom= 1744
Step=  632, Dmax= 6.0e-03 nm, Epot= -5.33671e+05 Fmax= 7.06944e+03, atom= 1744
Step=  633, Dmax= 7.2e-03 nm, Epot= -5.33705e+05 Fmax= 3.98677e+03, atom= 1744
Step=  634, Dmax= 8.6e-03 nm, Epot= -5.33706e+05 Fmax= 9.13249e+03, atom= 1744
Step=  635, Dmax= 1.0e-02 nm, Epot= -5.33744e+05 Fmax= 6.77025e+03, atom= 1744
Step=  636, Dmax= 1.2e-02 nm, Epot= -5.33723e+05 Fmax= 1.21608e+04, atom= 1744
Step=  637, Dmax= 6.2e-03 nm, Epot= -5.33778e+05 Fmax= 2.70153e+03, atom= 1744
Step=  638, Dmax= 7.4e-03 nm, Epot= -5.33789e+05 Fmax= 8.82512e+03, atom= 1744
Step=  639, Dmax= 8.9e-03 nm, Epot= -5.33832e+05 Fmax= 4.82555e+03, atom= 1744
Step=  640, Dmax= 1.1e-02 nm, Epot= -5.33812e+05 Fmax= 1.17036e+04, atom= 1744
Step=  641, Dmax= 5.3e-03 nm, Epot= -5.33856e+05 Fmax= 3.43676e+03, atom= 1744
Step=  642, Dmax= 6.4e-03 nm, Epot= -5.33872e+05 Fmax= 6.35046e+03, atom= 1744
Step=  643, Dmax= 7.7e-03 nm, Epot= -5.33897e+05 Fmax= 5.53568e+03, atom= 1744
Step=  644, Dmax= 9.2e-03 nm, Epot= -5.33903e+05 Fmax= 8.59250e+03, atom= 1744
Step=  645, Dmax= 1.1e-02 nm, Epot= -5.33925e+05 Fmax= 8.50024e+03, atom= 1744
Step=  646, Dmax= 1.3e-02 nm, Epot= -5.33916e+05 Fmax= 1.18615e+04, atom= 1744
Step=  647, Dmax= 6.6e-03 nm, Epot= -5.33972e+05 Fmax= 1.68951e+03, atom= 1744
Step=  648, Dmax= 8.0e-03 nm, Epot= -5.33993e+05 Fmax= 1.07673e+04, atom= 1744
Step=  649, Dmax= 9.6e-03 nm, Epot= -5.34057e+05 Fmax= 3.91978e+03, atom= 1744
Step=  650, Dmax= 1.1e-02 nm, Epot= -5.34016e+05 Fmax= 1.38717e+04, atom= 1744
Step=  651, Dmax= 5.7e-03 nm, Epot= -5.34076e+05 Fmax= 4.97380e+03, atom= 1744
Step=  652, Dmax= 6.9e-03 nm, Epot= -5.34095e+05 Fmax= 5.57255e+03, atom= 1744
Step=  653, Dmax= 8.3e-03 nm, Epot= -5.34109e+05 Fmax= 7.20959e+03, atom= 1744
Step=  654, Dmax= 9.9e-03 nm, Epot= -5.34125e+05 Fmax= 7.99422e+03, atom= 1744
Step=  655, Dmax= 1.2e-02 nm, Epot= -5.34127e+05 Fmax= 1.03796e+04, atom= 1744
Step=  656, Dmax= 1.4e-02 nm, Epot= -5.34136e+05 Fmax= 1.15167e+04, atom= 1744
Step=  657, Dmax= 1.7e-02 nm, Epot= -5.34116e+05 Fmax= 1.48909e+04, atom= 1744
Step=  658, Dmax= 8.6e-03 nm, Epot= -5.34213e+05 Fmax= 1.68986e+03, atom= 1744
Step=  659, Dmax= 1.0e-02 nm, Epot= -5.34214e+05 Fmax= 1.39523e+04, atom= 1744
Step=  660, Dmax= 1.2e-02 nm, Epot= -5.34313e+05 Fmax= 5.10203e+03, atom= 1744
Step=  661, Dmax= 1.5e-02 nm, Epot= -5.34216e+05 Fmax= 1.75542e+04, atom= 1744
Step=  662, Dmax= 7.4e-03 nm, Epot= -5.34329e+05 Fmax= 6.23726e+03, atom= 1744
Step=  663, Dmax= 8.9e-03 nm, Epot= -5.34343e+05 Fmax= 7.49342e+03, atom= 1744
Step=  664, Dmax= 1.1e-02 nm, Epot= -5.34354e+05 Fmax= 8.85176e+03, atom= 1744
Step=  665, Dmax= 1.3e-02 nm, Epot= -5.34357e+05 Fmax= 1.08883e+04, atom= 1744
Step=  666, Dmax= 1.5e-02 nm, Epot= -5.34358e+05 Fmax= 1.26474e+04, atom= 1744
Step=  667, Dmax= 1.8e-02 nm, Epot= -5.34337e+05 Fmax= 1.57223e+04, atom= 1744
Step=  668, Dmax= 9.2e-03 nm, Epot= -5.34448e+05 Fmax= 1.54370e+03, atom= 1744
Step=  669, Dmax= 1.1e-02 nm, Epot= -5.34445e+05 Fmax= 1.52727e+04, atom= 1744
Step=  670, Dmax= 5.5e-03 nm, Epot= -5.34482e+05 Fmax= 6.84833e+03, atom= 1744
Step=  671, Dmax= 6.6e-03 nm, Epot= -5.34515e+05 Fmax= 3.39929e+03, atom= 1744
Step=  672, Dmax= 8.0e-03 nm, Epot= -5.34519e+05 Fmax= 8.76664e+03, atom= 1744
Step=  673, Dmax= 9.6e-03 nm, Epot= -5.34557e+05 Fmax= 5.97419e+03, atom= 1744
Step=  674, Dmax= 1.1e-02 nm, Epot= -5.34536e+05 Fmax= 1.15860e+04, atom= 1744
Step=  675, Dmax= 5.7e-03 nm, Epot= -5.34585e+05 Fmax= 2.81101e+03, atom= 1744
Step=  676, Dmax= 6.9e-03 nm, Epot= -5.34596e+05 Fmax= 7.85749e+03, atom= 1744
Step=  677, Dmax= 8.3e-03 nm, Epot= -5.34632e+05 Fmax= 4.80335e+03, atom= 1744
Step=  678, Dmax= 9.9e-03 nm, Epot= -5.34620e+05 Fmax= 1.05101e+04, atom= 1744
Step=  679, Dmax= 5.0e-03 nm, Epot= -5.34655e+05 Fmax= 2.85168e+03, atom= 1744
Step=  680, Dmax= 5.9e-03 nm, Epot= -5.34672e+05 Fmax= 6.22410e+03, atom= 1744
Step=  681, Dmax= 7.1e-03 nm, Epot= -5.34698e+05 Fmax= 4.79114e+03, atom= 1744
Step=  682, Dmax= 8.6e-03 nm, Epot= -5.34702e+05 Fmax= 8.31368e+03, atom= 1744
Step=  683, Dmax= 1.0e-02 nm, Epot= -5.34727e+05 Fmax= 7.53083e+03, atom= 1744
Step=  684, Dmax= 1.2e-02 nm, Epot= -5.34715e+05 Fmax= 1.13581e+04, atom= 1744
Step=  685, Dmax= 6.2e-03 nm, Epot= -5.34766e+05 Fmax= 1.92065e+03, atom= 1744
Step=  686, Dmax= 7.4e-03 nm, Epot= -5.34781e+05 Fmax= 9.58327e+03, atom= 1744
Step=  687, Dmax= 8.9e-03 nm, Epot= -5.34832e+05 Fmax= 4.03680e+03, atom= 1744
Step=  688, Dmax= 1.1e-02 nm, Epot= -5.34803e+05 Fmax= 1.24375e+04, atom= 1744
Step=  689, Dmax= 5.3e-03 nm, Epot= -5.34852e+05 Fmax= 4.19812e+03, atom= 1744
Step=  690, Dmax= 6.4e-03 nm, Epot= -5.34868e+05 Fmax= 5.58297e+03, atom= 1744
Step=  691, Dmax= 7.7e-03 nm, Epot= -5.34885e+05 Fmax= 6.25967e+03, atom= 1744
Step=  692, Dmax= 9.2e-03 nm, Epot= -5.34895e+05 Fmax= 7.84307e+03, atom= 1744
Step=  693, Dmax= 1.1e-02 nm, Epot= -5.34906e+05 Fmax= 9.18703e+03, atom= 1744
Step=  694, Dmax= 1.3e-02 nm, Epot= -5.34907e+05 Fmax= 1.11256e+04, atom= 1744
Step=  695, Dmax= 1.6e-02 nm, Epot= -5.34902e+05 Fmax= 1.33587e+04, atom= 1744
Step=  696, Dmax= 7.9e-03 nm, Epot= -5.34980e+05 Fmax= 1.11999e+03, atom= 1744
Step=  697, Dmax= 9.5e-03 nm, Epot= -5.35019e+05 Fmax= 1.33525e+04, atom= 1744
Step=  698, Dmax= 1.1e-02 nm, Epot= -5.35111e+05 Fmax= 4.32560e+03, atom= 1744
Step=  699, Dmax= 1.4e-02 nm, Epot= -5.35028e+05 Fmax= 1.66828e+04, atom= 1744
Step=  700, Dmax= 6.9e-03 nm, Epot= -5.35125e+05 Fmax= 6.19225e+03, atom= 1744
Step=  701, Dmax= 8.2e-03 nm, Epot= -5.35142e+05 Fmax= 6.53513e+03, atom= 1744
Step=  702, Dmax= 9.9e-03 nm, Epot= -5.35149e+05 Fmax= 8.62860e+03, atom= 1744
Step=  703, Dmax= 1.2e-02 nm, Epot= -5.35160e+05 Fmax= 9.67089e+03, atom= 1744
Step=  704, Dmax= 1.4e-02 nm, Epot= -5.35154e+05 Fmax= 1.21657e+04, atom= 1744
Step=  705, Dmax= 7.1e-03 nm, Epot= -5.35217e+05 Fmax= 1.25925e+03, atom= 1744
Step=  706, Dmax= 8.5e-03 nm, Epot= -5.35245e+05 Fmax= 1.20852e+04, atom= 1744
Step=  707, Dmax= 1.0e-02 nm, Epot= -5.35323e+05 Fmax= 3.67228e+03, atom= 1744
Step=  708, Dmax= 1.2e-02 nm, Epot= -5.35262e+05 Fmax= 1.53614e+04, atom= 1744
Step=  709, Dmax= 6.2e-03 nm, Epot= -5.35338e+05 Fmax= 5.84475e+03, atom= 1744
Step=  710, Dmax= 7.4e-03 nm, Epot= -5.35358e+05 Fmax= 5.47916e+03, atom= 1744
Step=  711, Dmax= 8.9e-03 nm, Epot= -5.35363e+05 Fmax= 8.19832e+03, atom= 1744
Step=  712, Dmax= 1.1e-02 nm, Epot= -5.35382e+05 Fmax= 8.11347e+03, atom= 1744
Step=  713, Dmax= 1.3e-02 nm, Epot= -5.35372e+05 Fmax= 1.15510e+04, atom= 1744
Step=  714, Dmax= 6.4e-03 nm, Epot= -5.35426e+05 Fmax= 1.71779e+03, atom= 1744
Step=  715, Dmax= 7.7e-03 nm, Epot= -5.35442e+05 Fmax= 9.96049e+03, atom= 1744
Step=  716, Dmax= 9.2e-03 nm, Epot= -5.35496e+05 Fmax= 4.20519e+03, atom= 1744
Step=  717, Dmax= 1.1e-02 nm, Epot= -5.35462e+05 Fmax= 1.26796e+04, atom= 1744
Step=  718, Dmax= 5.5e-03 nm, Epot= -5.35515e+05 Fmax= 4.24184e+03, atom= 1744
Step=  719, Dmax= 6.6e-03 nm, Epot= -5.35529e+05 Fmax= 5.97436e+03, atom= 1744
Step=  720, Dmax= 7.9e-03 nm, Epot= -5.35546e+05 Fmax= 6.19976e+03, atom= 1744
Step=  721, Dmax= 9.5e-03 nm, Epot= -5.35552e+05 Fmax= 8.49213e+03, atom= 1744
Step=  722, Dmax= 1.1e-02 nm, Epot= -5.35566e+05 Fmax= 9.04232e+03, atom= 1744
Step=  723, Dmax= 1.4e-02 nm, Epot= -5.35556e+05 Fmax= 1.20847e+04, atom= 1744
Step=  724, Dmax= 6.9e-03 nm, Epot= -5.35617e+05 Fmax= 1.52127e+03, atom= 1744
Step=  725, Dmax= 8.2e-03 nm, Epot= -5.35634e+05 Fmax= 1.10333e+04, atom= 1744
Step=  726, Dmax= 9.9e-03 nm, Epot= -5.35700e+05 Fmax= 4.19428e+03, atom= 1744
Step=  727, Dmax= 1.2e-02 nm, Epot= -5.35651e+05 Fmax= 1.39590e+04, atom= 1744
Step=  728, Dmax= 5.9e-03 nm, Epot= -5.35716e+05 Fmax= 4.88849e+03, atom= 1744
Step=  729, Dmax= 7.1e-03 nm, Epot= -5.35731e+05 Fmax= 6.08539e+03, atom= 1744
Step=  730, Dmax= 8.5e-03 nm, Epot= -5.35744e+05 Fmax= 7.00362e+03, atom= 1744
Step=  731, Dmax= 1.0e-02 nm, Epot= -5.35752e+05 Fmax= 8.78023e+03, atom= 1744
Step=  732, Dmax= 1.2e-02 nm, Epot= -5.35758e+05 Fmax= 1.00691e+04, atom= 1744
Step=  733, Dmax= 1.5e-02 nm, Epot= -5.35750e+05 Fmax= 1.26295e+04, atom= 1744
Step=  734, Dmax= 7.4e-03 nm, Epot= -5.35819e+05 Fmax= 1.28177e+03, atom= 1744
Step=  735, Dmax= 8.8e-03 nm, Epot= -5.35842e+05 Fmax= 1.22149e+04, atom= 1744
Step=  736, Dmax= 1.1e-02 nm, Epot= -5.35921e+05 Fmax= 4.15856e+03, atom= 1744
Step=  737, Dmax= 1.3e-02 nm, Epot= -5.35854e+05 Fmax= 1.53558e+04, atom= 1744
Step=  738, Dmax= 6.4e-03 nm, Epot= -5.35935e+05 Fmax= 5.60753e+03, atom= 1744
Step=  739, Dmax= 7.6e-03 nm, Epot= -5.35951e+05 Fmax= 6.18247e+03, atom= 1744
Step=  740, Dmax= 9.2e-03 nm, Epot= -5.35959e+05 Fmax= 7.89035e+03, atom= 1744
Step=  741, Dmax= 1.1e-02 nm, Epot= -5.35969e+05 Fmax= 9.06862e+03, atom= 1744
Step=  742, Dmax= 1.3e-02 nm, Epot= -5.35967e+05 Fmax= 1.11939e+04, atom= 1744
Step=  743, Dmax= 6.6e-03 nm, Epot= -5.36020e+05 Fmax= 1.07242e+03, atom= 1744
Step=  744, Dmax= 7.9e-03 nm, Epot= -5.36061e+05 Fmax= 1.12647e+04, atom= 1744
Step=  745, Dmax= 9.5e-03 nm, Epot= -5.36129e+05 Fmax= 3.35417e+03, atom= 1744
Step=  746, Dmax= 1.1e-02 nm, Epot= -5.36080e+05 Fmax= 1.42733e+04, atom= 1744
Step=  747, Dmax= 5.7e-03 nm, Epot= -5.36144e+05 Fmax= 5.46014e+03, atom= 1744
Step=  748, Dmax= 6.8e-03 nm, Epot= -5.36163e+05 Fmax= 5.04939e+03, atom= 1744
Step=  749, Dmax= 8.2e-03 nm, Epot= -5.36170e+05 Fmax= 7.62277e+03, atom= 1744
Step=  750, Dmax= 9.9e-03 nm, Epot= -5.36188e+05 Fmax= 7.51307e+03, atom= 1744
Step=  751, Dmax= 1.2e-02 nm, Epot= -5.36180e+05 Fmax= 1.07124e+04, atom= 1744
Step=  752, Dmax= 5.9e-03 nm, Epot= -5.36226e+05 Fmax= 1.59875e+03, atom= 1744
Step=  753, Dmax= 7.1e-03 nm, Epot= -5.36245e+05 Fmax= 9.25941e+03, atom= 1744
Step=  754, Dmax= 8.5e-03 nm, Epot= -5.36293e+05 Fmax= 3.86879e+03, atom= 1744
Step=  755, Dmax= 1.0e-02 nm, Epot= -5.36266e+05 Fmax= 1.18067e+04, atom= 1744
Step=  756, Dmax= 5.1e-03 nm, Epot= -5.36311e+05 Fmax= 3.97302e+03, atom= 1744
Step=  757, Dmax= 6.1e-03 nm, Epot= -5.36324e+05 Fmax= 5.48924e+03, atom= 1744
Step=  758, Dmax= 7.4e-03 nm, Epot= -5.36341e+05 Fmax= 5.80894e+03, atom= 1744
Step=  759, Dmax= 8.8e-03 nm, Epot= -5.36348e+05 Fmax= 7.80369e+03, atom= 1744
Step=  760, Dmax= 1.1e-02 nm, Epot= -5.36361e+05 Fmax= 8.46623e+03, atom= 1744
Step=  761, Dmax= 1.3e-02 nm, Epot= -5.36356e+05 Fmax= 1.11154e+04, atom= 1744
Step=  762, Dmax= 6.4e-03 nm, Epot= -5.36406e+05 Fmax= 1.32450e+03, atom= 1744
Step=  763, Dmax= 7.6e-03 nm, Epot= -5.36432e+05 Fmax= 1.03481e+04, atom= 1744
Step=  764, Dmax= 9.2e-03 nm, Epot= -5.36490e+05 Fmax= 3.76576e+03, atom= 1744
Step=  765, Dmax= 1.1e-02 nm, Epot= -5.36451e+05 Fmax= 1.30857e+04, atom= 1744
Step=  766, Dmax= 5.5e-03 nm, Epot= -5.36506e+05 Fmax= 4.66541e+03, atom= 1744
Step=  767, Dmax= 6.6e-03 nm, Epot= -5.36521e+05 Fmax= 5.50034e+03, atom= 1744
Step=  768, Dmax= 7.9e-03 nm, Epot= -5.36534e+05 Fmax= 6.64639e+03, atom= 1744
Step=  769, Dmax= 9.5e-03 nm, Epot= -5.36543e+05 Fmax= 7.98011e+03, atom= 1744
Step=  770, Dmax= 1.1e-02 nm, Epot= -5.36548e+05 Fmax= 9.50963e+03, atom= 1744
Step=  771, Dmax= 1.4e-02 nm, Epot= -5.36546e+05 Fmax= 1.15308e+04, atom= 1744
Step=  772, Dmax= 6.8e-03 nm, Epot= -5.36603e+05 Fmax= 1.01188e+03, atom= 1744
Step=  773, Dmax= 8.2e-03 nm, Epot= -5.36646e+05 Fmax= 1.15359e+04, atom= 1744
Step=  774, Dmax= 9.8e-03 nm, Epot= -5.36717e+05 Fmax= 3.64354e+03, atom= 1744
Step=  775, Dmax= 1.2e-02 nm, Epot= -5.36662e+05 Fmax= 1.44671e+04, atom= 1744
Step=  776, Dmax= 5.9e-03 nm, Epot= -5.36730e+05 Fmax= 5.42090e+03, atom= 1744
Step=  777, Dmax= 7.1e-03 nm, Epot= -5.36747e+05 Fmax= 5.50328e+03, atom= 1744
Step=  778, Dmax= 8.5e-03 nm, Epot= -5.36754e+05 Fmax= 7.55587e+03, atom= 1744
Step=  779, Dmax= 1.0e-02 nm, Epot= -5.36767e+05 Fmax= 8.16115e+03, atom= 1744
Step=  780, Dmax= 1.2e-02 nm, Epot= -5.36763e+05 Fmax= 1.06398e+04, atom= 1744
Step=  781, Dmax= 6.1e-03 nm, Epot= -5.36810e+05 Fmax= 1.24706e+03, atom= 1744
Step=  782, Dmax= 7.3e-03 nm, Epot= -5.36837e+05 Fmax= 1.01280e+04, atom= 1744
Step=  783, Dmax= 8.8e-03 nm, Epot= -5.36894e+05 Fmax= 3.42801e+03, atom= 1744
Step=  784, Dmax= 1.1e-02 nm, Epot= -5.36858e+05 Fmax= 1.28911e+04, atom= 1744
Step=  785, Dmax= 5.3e-03 nm, Epot= -5.36909e+05 Fmax= 4.73029e+03, atom= 1744
Step=  786, Dmax= 6.3e-03 nm, Epot= -5.36925e+05 Fmax= 5.02102e+03, atom= 1744
Step=  787, Dmax= 7.6e-03 nm, Epot= -5.36935e+05 Fmax= 6.71732e+03, atom= 1744
Step=  788, Dmax= 9.1e-03 nm, Epot= -5.36949e+05 Fmax= 7.32538e+03, atom= 1744
Step=  789, Dmax= 1.1e-02 nm, Epot= -5.36950e+05 Fmax= 9.56468e+03, atom= 1744
Step=  790, Dmax= 1.3e-02 nm, Epot= -5.36957e+05 Fmax= 1.06460e+04, atom= 1744
Step=  791, Dmax= 1.6e-02 nm, Epot= -5.36939e+05 Fmax= 1.36481e+04, atom= 1744
Step=  792, Dmax= 7.9e-03 nm, Epot= -5.37022e+05 Fmax= 1.50335e+03, atom= 1744
Step=  793, Dmax= 9.5e-03 nm, Epot= -5.37020e+05 Fmax= 1.30507e+04, atom= 1744
Step=  794, Dmax= 4.7e-03 nm, Epot= -5.37048e+05 Fmax= 5.76551e+03, atom= 1744
Step=  795, Dmax= 5.7e-03 nm, Epot= -5.37072e+05 Fmax= 2.99498e+03, atom= 1744
Step=  796, Dmax= 6.8e-03 nm, Epot= -5.37079e+05 Fmax= 7.48209e+03, atom= 1744
Step=  797, Dmax= 8.2e-03 nm, Epot= -5.37108e+05 Fmax= 5.12784e+03, atom= 1744
Step=  798, Dmax= 9.8e-03 nm, Epot= -5.37096e+05 Fmax= 9.96434e+03, atom= 1744
Step=  799, Dmax= 4.9e-03 nm, Epot= -5.37130e+05 Fmax= 2.42181e+03, atom= 1744
Step=  800, Dmax= 5.9e-03 nm, Epot= -5.37142e+05 Fmax= 6.67015e+03, atom= 1744
Step=  801, Dmax= 7.1e-03 nm, Epot= -5.37170e+05 Fmax= 4.20308e+03, atom= 1744
Step=  802, Dmax= 8.5e-03 nm, Epot= -5.37165e+05 Fmax= 8.87742e+03, atom= 1744
Step=  803, Dmax= 4.2e-03 nm, Epot= -5.37189e+05 Fmax= 2.33588e+03, atom= 1744
Step=  804, Dmax= 5.1e-03 nm, Epot= -5.37204e+05 Fmax= 5.48469e+03, atom= 1744
Step=  805, Dmax= 6.1e-03 nm, Epot= -5.37226e+05 Fmax= 3.93119e+03, atom= 1744
Step=  806, Dmax= 7.3e-03 nm, Epot= -5.37231e+05 Fmax= 7.33707e+03, atom= 1744
Step=  807, Dmax= 8.8e-03 nm, Epot= -5.37254e+05 Fmax= 6.21626e+03, atom= 1744
Step=  808, Dmax= 1.1e-02 nm, Epot= -5.37245e+05 Fmax= 1.00090e+04, atom= 1744
Step=  809, Dmax= 5.3e-03 nm, Epot= -5.37282e+05 Fmax= 1.90116e+03, atom= 1744
Step=  810, Dmax= 6.3e-03 nm, Epot= -5.37296e+05 Fmax= 7.87503e+03, atom= 1744
Step=  811, Dmax= 7.6e-03 nm, Epot= -5.37332e+05 Fmax= 3.81598e+03, atom= 1744
Step=  812, Dmax= 9.1e-03 nm, Epot= -5.37317e+05 Fmax= 1.02458e+04, atom= 1744
Step=  813, Dmax= 4.6e-03 nm, Epot= -5.37350e+05 Fmax= 3.21314e+03, atom= 1744
Step=  814, Dmax= 5.5e-03 nm, Epot= -5.37363e+05 Fmax= 5.19909e+03, atom= 1744
Step=  815, Dmax= 6.6e-03 nm, Epot= -5.37380e+05 Fmax= 4.92135e+03, atom= 1744
Step=  816, Dmax= 7.9e-03 nm, Epot= -5.37387e+05 Fmax= 7.19481e+03, atom= 1744
Step=  817, Dmax= 9.5e-03 nm, Epot= -5.37402e+05 Fmax= 7.37185e+03, atom= 1744
Step=  818, Dmax= 1.1e-02 nm, Epot= -5.37398e+05 Fmax= 1.00697e+04, atom= 1744
Step=  819, Dmax= 5.7e-03 nm, Epot= -5.37438e+05 Fmax= 1.35506e+03, atom= 1744
Step=  820, Dmax= 6.8e-03 nm, Epot= -5.37462e+05 Fmax= 9.15930e+03, atom= 1744
Step=  821, Dmax= 8.2e-03 nm, Epot= -5.37509e+05 Fmax= 3.41170e+03, atom= 1744
Step=  822, Dmax= 9.8e-03 nm, Epot= -5.37482e+05 Fmax= 1.17054e+04, atom= 1744
Step=  823, Dmax= 4.9e-03 nm, Epot= -5.37524e+05 Fmax= 4.14532e+03, atom= 1744
Step=  824, Dmax= 5.9e-03 nm, Epot= -5.37538e+05 Fmax= 4.90103e+03, atom= 1744
Step=  825, Dmax= 7.1e-03 nm, Epot= -5.37551e+05 Fmax= 5.97666e+03, atom= 1744
Step=  826, Dmax= 8.5e-03 nm, Epot= -5.37562e+05 Fmax= 7.04971e+03, atom= 1744
Step=  827, Dmax= 1.0e-02 nm, Epot= -5.37568e+05 Fmax= 8.60603e+03, atom= 1744
Step=  828, Dmax= 1.2e-02 nm, Epot= -5.37571e+05 Fmax= 1.01421e+04, atom= 1744
Step=  829, Dmax= 1.5e-02 nm, Epot= -5.37564e+05 Fmax= 1.23832e+04, atom= 1744
Step=  830, Dmax= 7.3e-03 nm, Epot= -5.37631e+05 Fmax= 1.12248e+03, atom= 1744
Step=  831, Dmax= 8.8e-03 nm, Epot= -5.37653e+05 Fmax= 1.23937e+04, atom= 1744
Step=  832, Dmax= 1.1e-02 nm, Epot= -5.37733e+05 Fmax= 3.86295e+03, atom= 1744
Step=  833, Dmax= 1.3e-02 nm, Epot= -5.37660e+05 Fmax= 1.55648e+04, atom= 1744
Step=  834, Dmax= 6.3e-03 nm, Epot= -5.37744e+05 Fmax= 5.86164e+03, atom= 1744
Step=  835, Dmax= 7.6e-03 nm, Epot= -5.37760e+05 Fmax= 5.83051e+03, atom= 1744
Step=  836, Dmax= 9.1e-03 nm, Epot= -5.37763e+05 Fmax= 8.17179e+03, atom= 1744
Step=  837, Dmax= 1.1e-02 nm, Epot= -5.37775e+05 Fmax= 8.65432e+03, atom= 1744
Step=  838, Dmax= 1.3e-02 nm, Epot= -5.37765e+05 Fmax= 1.14963e+04, atom= 1744
Step=  839, Dmax= 6.6e-03 nm, Epot= -5.37821e+05 Fmax= 1.43017e+03, atom= 1744
Step=  840, Dmax= 7.9e-03 nm, Epot= -5.37834e+05 Fmax= 1.07060e+04, atom= 1744
Step=  841, Dmax= 9.4e-03 nm, Epot= -5.37894e+05 Fmax= 3.82280e+03, atom= 1744
Step=  842, Dmax= 1.1e-02 nm, Epot= -5.37845e+05 Fmax= 1.36351e+04, atom= 1744
Step=  843, Dmax= 5.7e-03 nm, Epot= -5.37908e+05 Fmax= 4.90487e+03, atom= 1744
Step=  844, Dmax= 6.8e-03 nm, Epot= -5.37921e+05 Fmax= 5.55177e+03, atom= 1744
Step=  845, Dmax= 8.2e-03 nm, Epot= -5.37930e+05 Fmax= 7.01167e+03, atom= 1744
Step=  846, Dmax= 9.8e-03 nm, Epot= -5.37940e+05 Fmax= 8.04090e+03, atom= 1744
Step=  847, Dmax= 1.2e-02 nm, Epot= -5.37940e+05 Fmax= 1.00411e+04, atom= 1744
Step=  848, Dmax= 5.9e-03 nm, Epot= -5.37980e+05 Fmax= 9.99639e+02, atom= 1744

writing lowest energy coordinates.

Steepest Descents converged to Fmax < 1000 in 849 steps
Potential Energy  = -5.3798038e+05
Maximum force     =  9.9963873e+02 on atom 1744
Norm of force     =  1.8569317e+01

GROMACS reminds you: "If at one time or another I have brushed a few colleagues the wrong way, I must apologize: I had not realized that they were covered with fur." (Edwin Chargaff)

