
--- stderr ---
                :-) GROMACS - gmx mdrun, 2024.5-conda_forge (-:

Executable:   /usr/local/Caskroom/miniforge/base/envs/gromacs_env/bin.AVX2_256/gmx
Data prefix:  /usr/local/Caskroom/miniforge/base/envs/gromacs_env
Working dir:  /Users/laetitiaguerin/Library/CloudStorage/OneDrive-Personal/Documents/BSc_Nanobiology/Year_5/BEP/Energy_minimization/tleap_runs/O52681_A82P
Command line:
  gmx mdrun -v -deffnm O52681_A82P_minim

The current CPU can measure timings more accurately than the code in
gmx mdrun was configured to use. This might affect your simulation
speed as accurate timings are needed for load-balancing.
Please consider rebuilding gmx mdrun with the GMX_USE_RDTSCP=ON CMake option.
Reading file O52681_A82P_minim.tpr, VERSION 2024.5-conda_forge (single precision)

Using 1 MPI thread
Using 8 OpenMP threads 


Steepest Descents:
   Tolerance (Fmax)   =  1.00000e+03
   Number of steps    =        50000
Step=    0, Dmax= 1.0e-02 nm, Epot= -4.38379e+05 Fmax= 7.52249e+03, atom= 1356
Step=    1, Dmax= 1.0e-02 nm, Epot= -4.42788e+05 Fmax= 2.96209e+03, atom= 1358
Step=    2, Dmax= 1.2e-02 nm, Epot= -4.52572e+05 Fmax= 1.17673e+04, atom= 1358
Step=    3, Dmax= 1.4e-02 nm, Epot= -4.55181e+05 Fmax= 7.94335e+03, atom= 1358
Step=    4, Dmax= 1.7e-02 nm, Epot= -4.58134e+05 Fmax= 1.51721e+04, atom= 1358
Step=    5, Dmax= 2.1e-02 nm, Epot= -4.60256e+05 Fmax= 1.28107e+04, atom= 1358
Step=    6, Dmax= 2.5e-02 nm, Epot= -4.61136e+05 Fmax= 2.18353e+04, atom= 1334
Step=    7, Dmax= 3.0e-02 nm, Epot= -4.62854e+05 Fmax= 2.37858e+04, atom= 1334
Step=    8, Dmax= 3.6e-02 nm, Epot= -4.63400e+05 Fmax= 3.04442e+04, atom= 1334
Step=    9, Dmax= 4.3e-02 nm, Epot= -4.64194e+05 Fmax= 3.46279e+04, atom= 1334
Step=   10, Dmax= 5.2e-02 nm, Epot= -4.63628e+05 Fmax= 4.25345e+04, atom= 1334
Step=   11, Dmax= 2.6e-02 nm, Epot= -4.69066e+05 Fmax= 4.39872e+03, atom= 1334
Step=   12, Dmax= 3.1e-02 nm, Epot= -4.69888e+05 Fmax= 4.35044e+04, atom= 1334
Step=   13, Dmax= 3.7e-02 nm, Epot= -4.75351e+05 Fmax= 1.37083e+04, atom= 1334
Step=   14, Dmax= 4.5e-02 nm, Epot= -4.70046e+05 Fmax= 5.40346e+04, atom= 1334
Step=   15, Dmax= 2.2e-02 nm, Epot= -4.75826e+05 Fmax= 2.04206e+04, atom= 1334
Step=   16, Dmax= 2.7e-02 nm, Epot= -4.76659e+05 Fmax= 2.02859e+04, atom= 1334
Step=   17, Dmax= 3.2e-02 nm, Epot= -4.76538e+05 Fmax= 2.85746e+04, atom= 1334
Step=   18, Dmax= 1.6e-02 nm, Epot= -4.78188e+05 Fmax= 4.21153e+03, atom= 1334
Step=   19, Dmax= 1.9e-02 nm, Epot= -4.79231e+05 Fmax= 2.50631e+04, atom= 1334
Step=   20, Dmax= 2.3e-02 nm, Epot= -4.81055e+05 Fmax= 1.03210e+04, atom= 1334
Step=   21, Dmax= 2.8e-02 nm, Epot= -4.80081e+05 Fmax= 3.18379e+04, atom= 1334
Step=   22, Dmax= 1.4e-02 nm, Epot= -4.81698e+05 Fmax= 1.07751e+04, atom= 1334
Step=   23, Dmax= 1.7e-02 nm, Epot= -4.82194e+05 Fmax= 1.47141e+04, atom= 1334
Step=   24, Dmax= 2.0e-02 nm, Epot= -4.82744e+05 Fmax= 1.56748e+04, atom= 1334
Step=   25, Dmax= 2.4e-02 nm, Epot= -4.82954e+05 Fmax= 2.09278e+04, atom= 1334
Step=   26, Dmax= 2.9e-02 nm, Epot= -4.83337e+05 Fmax= 2.27179e+04, atom= 1334
Step=   27, Dmax= 3.5e-02 nm, Epot= -4.83046e+05 Fmax= 2.96960e+04, atom= 1334
Step=   28, Dmax= 1.7e-02 nm, Epot= -4.84912e+05 Fmax= 3.60063e+03, atom= 1334
Step=   29, Dmax= 2.1e-02 nm, Epot= -4.85344e+05 Fmax= 2.77192e+04, atom= 1334
Step=   30, Dmax= 2.5e-02 nm, Epot= -4.87291e+05 Fmax= 1.03737e+04, atom= 1334
Step=   31, Dmax= 3.0e-02 nm, Epot= -4.85608e+05 Fmax= 3.49046e+04, atom= 1334
Step=   32, Dmax= 1.5e-02 nm, Epot= -4.87687e+05 Fmax= 1.23031e+04, atom= 1334
Step=   33, Dmax= 1.8e-02 nm, Epot= -4.88005e+05 Fmax= 1.50916e+04, atom= 1334
Step=   34, Dmax= 2.1e-02 nm, Epot= -4.88278e+05 Fmax= 1.75539e+04, atom= 1334
Step=   35, Dmax= 2.6e-02 nm, Epot= -4.88361e+05 Fmax= 2.17557e+04, atom= 1334
Step=   36, Dmax= 3.1e-02 nm, Epot= -4.88410e+05 Fmax= 2.51005e+04, atom= 1334
Step=   37, Dmax= 3.7e-02 nm, Epot= -4.88019e+05 Fmax= 3.11329e+04, atom= 1334
Step=   38, Dmax= 1.9e-02 nm, Epot= -4.90128e+05 Fmax= 3.17347e+03, atom= 1334
Step=   39, Dmax= 2.2e-02 nm, Epot= -4.89993e+05 Fmax= 3.03786e+04, atom= 1334
Step=   40, Dmax= 1.1e-02 nm, Epot= -4.90752e+05 Fmax= 1.34439e+04, atom= 1334
Step=   41, Dmax= 1.3e-02 nm, Epot= -4.91355e+05 Fmax= 7.00895e+03, atom= 1334
Step=   42, Dmax= 1.6e-02 nm, Epot= -4.91376e+05 Fmax= 1.73394e+04, atom= 1334
Step=   43, Dmax= 1.9e-02 nm, Epot= -4.92049e+05 Fmax= 1.20724e+04, atom= 1334
Step=   44, Dmax= 2.3e-02 nm, Epot= -4.91623e+05 Fmax= 2.29937e+04, atom= 1334
Step=   45, Dmax= 1.2e-02 nm, Epot= -4.92574e+05 Fmax= 5.47466e+03, atom= 1334
Step=   46, Dmax= 1.4e-02 nm, Epot= -4.92701e+05 Fmax= 1.58160e+04, atom= 1334
Step=   47, Dmax= 1.7e-02 nm, Epot= -4.93337e+05 Fmax= 9.49158e+03, atom= 1334
Step=   48, Dmax= 2.0e-02 nm, Epot= -4.93018e+05 Fmax= 2.10456e+04, atom= 1334
Step=   49, Dmax= 1.0e-02 nm, Epot= -4.93729e+05 Fmax= 5.78673e+03, atom= 1334
Step=   50, Dmax= 1.2e-02 nm, Epot= -4.93938e+05 Fmax= 1.23735e+04, atom= 1334
Step=   51, Dmax= 1.4e-02 nm, Epot= -4.94354e+05 Fmax= 9.61236e+03, atom= 1334
Step=   52, Dmax= 1.7e-02 nm, Epot= -4.94331e+05 Fmax= 1.65857e+04, atom= 1334
Step=   53, Dmax= 8.6e-03 nm, Epot= -4.94743e+05 Fmax= 3.49521e+03, atom= 1334
Step=   54, Dmax= 1.0e-02 nm, Epot= -4.95075e+05 Fmax= 1.24589e+04, atom= 1334
Step=   55, Dmax= 1.2e-02 nm, Epot= -4.95549e+05 Fmax= 6.44564e+03, atom= 1334
Step=   56, Dmax= 1.5e-02 nm, Epot= -4.95521e+05 Fmax= 1.64145e+04, atom= 1334
Step=   57, Dmax= 7.4e-03 nm, Epot= -4.95835e+05 Fmax= 4.98823e+03, atom= 1334
Step=   58, Dmax= 8.9e-03 nm, Epot= -4.96096e+05 Fmax= 8.56873e+03, atom= 1334
Step=   59, Dmax= 1.1e-02 nm, Epot= -4.96380e+05 Fmax= 7.87436e+03, atom= 1334
Step=   60, Dmax= 1.3e-02 nm, Epot= -4.96536e+05 Fmax= 1.16893e+04, atom= 1334
Step=   61, Dmax= 1.5e-02 nm, Epot= -4.96786e+05 Fmax= 1.19440e+04, atom= 1334
Step=   62, Dmax= 1.9e-02 nm, Epot= -4.96809e+05 Fmax= 1.62302e+04, atom= 1334
Step=   63, Dmax= 2.2e-02 nm, Epot= -4.96958e+05 Fmax= 1.77060e+04, atom= 1334
Step=   64, Dmax= 2.7e-02 nm, Epot= -4.96762e+05 Fmax= 2.27767e+04, atom= 1334
Step=   65, Dmax= 1.3e-02 nm, Epot= -4.97785e+05 Fmax= 2.58631e+03, atom= 1334
Step=   66, Dmax= 1.6e-02 nm, Epot= -4.97825e+05 Fmax= 2.21981e+04, atom= 1334
Step=   67, Dmax= 1.9e-02 nm, Epot= -4.98956e+05 Fmax= 7.14792e+03, atom= 1334
Step=   68, Dmax= 2.3e-02 nm, Epot= -4.97860e+05 Fmax= 2.81659e+04, atom= 1334
Step=   69, Dmax= 1.2e-02 nm, Epot= -4.99099e+05 Fmax= 1.05312e+04, atom= 1334
Step=   70, Dmax= 1.4e-02 nm, Epot= -4.99314e+05 Fmax= 1.05178e+04, atom= 1334
Step=   71, Dmax= 1.7e-02 nm, Epot= -4.99331e+05 Fmax= 1.48781e+04, atom= 1334
Step=   72, Dmax= 2.0e-02 nm, Epot= -4.99504e+05 Fmax= 1.54082e+04, atom= 1334
Step=   73, Dmax= 2.4e-02 nm, Epot= -4.99296e+05 Fmax= 2.10413e+04, atom= 1334
Step=   74, Dmax= 1.2e-02 nm, Epot= -5.00135e+05 Fmax= 2.84918e+03, atom= 1334
Step=   75, Dmax= 1.4e-02 nm, Epot= -5.00152e+05 Fmax= 1.88132e+04, atom= 1334
Step=   76, Dmax= 1.7e-02 nm, Epot= -5.00946e+05 Fmax= 7.52341e+03, atom= 1334
Step=   77, Dmax= 2.1e-02 nm, Epot= -5.00218e+05 Fmax= 2.38419e+04, atom= 1334
Step=   78, Dmax= 1.0e-02 nm, Epot= -5.01123e+05 Fmax= 8.16793e+03, atom= 1334
Step=   79, Dmax= 1.2e-02 nm, Epot= -5.01235e+05 Fmax= 1.08182e+04, atom= 1334
Step=   80, Dmax= 1.5e-02 nm, Epot= -5.01379e+05 Fmax= 1.17961e+04, atom= 1334
Step=   81, Dmax= 1.8e-02 nm, Epot= -5.01374e+05 Fmax= 1.54814e+04, atom= 1334
Step=   82, Dmax= 8.9e-03 nm, Epot= -5.01786e+05 Fmax= 1.85953e+03, atom= 1334
Step=   83, Dmax= 1.1e-02 nm, Epot= -5.02147e+05 Fmax= 1.42032e+04, atom= 1334
Step=   84, Dmax= 1.3e-02 nm, Epot= -5.02644e+05 Fmax= 5.47640e+03, atom= 1334
Step=   85, Dmax= 1.5e-02 nm, Epot= -5.02373e+05 Fmax= 1.79230e+04, atom= 1334
Step=   86, Dmax= 7.7e-03 nm, Epot= -5.02808e+05 Fmax= 6.22842e+03, atom= 1334
Step=   87, Dmax= 9.2e-03 nm, Epot= -5.02948e+05 Fmax= 7.97156e+03, atom= 1334
Step=   88, Dmax= 1.1e-02 nm, Epot= -5.03088e+05 Fmax= 8.90764e+03, atom= 1334
Step=   89, Dmax= 1.3e-02 nm, Epot= -5.03164e+05 Fmax= 1.14956e+04, atom= 1334
Step=   90, Dmax= 1.6e-02 nm, Epot= -5.03262e+05 Fmax= 1.28142e+04, atom= 1334
Step=   91, Dmax= 1.9e-02 nm, Epot= -5.03213e+05 Fmax= 1.64898e+04, atom= 1334
Step=   92, Dmax= 9.6e-03 nm, Epot= -5.03708e+05 Fmax= 1.85757e+03, atom= 1334
Step=   93, Dmax= 1.1e-02 nm, Epot= -5.03941e+05 Fmax= 1.54148e+04, atom= 1334
Step=   94, Dmax= 1.4e-02 nm, Epot= -5.04495e+05 Fmax= 5.73681e+03, atom= 1334
Step=   95, Dmax= 1.7e-02 nm, Epot= -5.04066e+05 Fmax= 1.94168e+04, atom= 1334
Step=   96, Dmax= 8.3e-03 nm, Epot= -5.04628e+05 Fmax= 6.84732e+03, atom= 1334
Step=   97, Dmax= 9.9e-03 nm, Epot= -5.04742e+05 Fmax= 8.40644e+03, atom= 1334
Step=   98, Dmax= 1.2e-02 nm, Epot= -5.04845e+05 Fmax= 9.73692e+03, atom= 1334
Step=   99, Dmax= 1.4e-02 nm, Epot= -5.04892e+05 Fmax= 1.21810e+04, atom= 1334
Step=  100, Dmax= 1.7e-02 nm, Epot= -5.04940e+05 Fmax= 1.39433e+04, atom= 1334
Step=  101, Dmax= 2.1e-02 nm, Epot= -5.04850e+05 Fmax= 1.75312e+04, atom= 1334
Step=  102, Dmax= 1.0e-02 nm, Epot= -5.05445e+05 Fmax= 1.81943e+03, atom= 1334
Step=  103, Dmax= 1.2e-02 nm, Epot= -5.05546e+05 Fmax= 1.68778e+04, atom= 1748
Step=  104, Dmax= 1.5e-02 nm, Epot= -5.06191e+05 Fmax= 5.93637e+03, atom= 1748
Step=  105, Dmax= 1.8e-02 nm, Epot= -5.05602e+05 Fmax= 2.13397e+04, atom= 1748
Step=  106, Dmax= 8.9e-03 nm, Epot= -5.06293e+05 Fmax= 7.71984e+03, atom= 1748
Step=  107, Dmax= 1.1e-02 nm, Epot= -5.06401e+05 Fmax= 8.67161e+03, atom= 1748
Step=  108, Dmax= 1.3e-02 nm, Epot= -5.06456e+05 Fmax= 1.09779e+04, atom= 1748
Step=  109, Dmax= 1.5e-02 nm, Epot= -5.06518e+05 Fmax= 1.26130e+04, atom= 1748
Step=  110, Dmax= 1.8e-02 nm, Epot= -5.06490e+05 Fmax= 1.56375e+04, atom= 1748
Step=  111, Dmax= 9.2e-03 nm, Epot= -5.06909e+05 Fmax= 1.53541e+03, atom= 1748
Step=  112, Dmax= 1.1e-02 nm, Epot= -5.07151e+05 Fmax= 1.54387e+04, atom= 1748
Step=  113, Dmax= 1.3e-02 nm, Epot= -5.07639e+05 Fmax= 4.96462e+03, atom= 1748
Step=  114, Dmax= 1.6e-02 nm, Epot= -5.07275e+05 Fmax= 1.95392e+04, atom= 1748
Step=  115, Dmax= 8.0e-03 nm, Epot= -5.07734e+05 Fmax= 7.29061e+03, atom= 1748
Step=  116, Dmax= 9.6e-03 nm, Epot= -5.07851e+05 Fmax= 7.39138e+03, atom= 1748
Step=  117, Dmax= 1.1e-02 nm, Epot= -5.07902e+05 Fmax= 1.02444e+04, atom= 1748
Step=  118, Dmax= 1.4e-02 nm, Epot= -5.08000e+05 Fmax= 1.08785e+04, atom= 1748
Step=  119, Dmax= 1.7e-02 nm, Epot= -5.07976e+05 Fmax= 1.44952e+04, atom= 1748
Step=  120, Dmax= 8.3e-03 nm, Epot= -5.08270e+05 Fmax= 1.81012e+03, atom= 1748
Step=  121, Dmax= 9.9e-03 nm, Epot= -5.08453e+05 Fmax= 1.34552e+04, atom= 1748
Step=  122, Dmax= 1.2e-02 nm, Epot= -5.08791e+05 Fmax= 4.86070e+03, atom= 1748
Step=  123, Dmax= 1.4e-02 nm, Epot= -5.08613e+05 Fmax= 1.70420e+04, atom= 1748
Step=  124, Dmax= 7.1e-03 nm, Epot= -5.08893e+05 Fmax= 6.09983e+03, atom= 1748
Step=  125, Dmax= 8.6e-03 nm, Epot= -5.08991e+05 Fmax= 7.07623e+03, atom= 1748
Step=  126, Dmax= 1.0e-02 nm, Epot= -5.09073e+05 Fmax= 8.70104e+03, atom= 1748
Step=  127, Dmax= 1.2e-02 nm, Epot= -5.09146e+05 Fmax= 1.02658e+04, atom= 1748
Step=  128, Dmax= 1.5e-02 nm, Epot= -5.09190e+05 Fmax= 1.24341e+04, atom= 1748
Step=  129, Dmax= 1.8e-02 nm, Epot= -5.09210e+05 Fmax= 1.48504e+04, atom= 1748
Step=  130, Dmax= 2.1e-02 nm, Epot= -5.09185e+05 Fmax= 1.77735e+04, atom= 1748
Step=  131, Dmax= 1.1e-02 nm, Epot= -5.09593e+05 Fmax= 1.49971e+03, atom= 1748
Step=  132, Dmax= 1.3e-02 nm, Epot= -5.09811e+05 Fmax= 1.81778e+04, atom= 1748
Step=  133, Dmax= 1.5e-02 nm, Epot= -5.10293e+05 Fmax= 5.42408e+03, atom= 1748
Step=  134, Dmax= 1.8e-02 nm, Epot= -5.09884e+05 Fmax= 2.29419e+04, atom= 1748
Step=  135, Dmax= 9.2e-03 nm, Epot= -5.10359e+05 Fmax= 8.77309e+03, atom= 1748
Step=  136, Dmax= 1.1e-02 nm, Epot= -5.10467e+05 Fmax= 8.19180e+03, atom= 1748
Step=  137, Dmax= 1.3e-02 nm, Epot= -5.10482e+05 Fmax= 1.22143e+04, atom= 1748
Step=  138, Dmax= 1.6e-02 nm, Epot= -5.10580e+05 Fmax= 1.21870e+04, atom= 1748
Step=  139, Dmax= 1.9e-02 nm, Epot= -5.10511e+05 Fmax= 1.71514e+04, atom= 1748
Step=  140, Dmax= 9.6e-03 nm, Epot= -5.10821e+05 Fmax= 2.48580e+03, atom= 1748
Step=  141, Dmax= 1.1e-02 nm, Epot= -5.10882e+05 Fmax= 1.51210e+04, atom= 1748
Step=  142, Dmax= 1.4e-02 nm, Epot= -5.11184e+05 Fmax= 6.05535e+03, atom= 1748
Step=  143, Dmax= 1.7e-02 nm, Epot= -5.10981e+05 Fmax= 1.92404e+04, atom= 1748
Step=  144, Dmax= 8.3e-03 nm, Epot= -5.11273e+05 Fmax= 6.60425e+03, atom= 1748
Step=  145, Dmax= 9.9e-03 nm, Epot= -5.11343e+05 Fmax= 8.63369e+03, atom= 1748
Step=  146, Dmax= 1.2e-02 nm, Epot= -5.11419e+05 Fmax= 9.59069e+03, atom= 1748
Step=  147, Dmax= 1.4e-02 nm, Epot= -5.11455e+05 Fmax= 1.23389e+04, atom= 1748
Step=  148, Dmax= 1.7e-02 nm, Epot= -5.11505e+05 Fmax= 1.38765e+04, atom= 1748
Step=  149, Dmax= 2.1e-02 nm, Epot= -5.11475e+05 Fmax= 1.76538e+04, atom= 1748
Step=  150, Dmax= 1.0e-02 nm, Epot= -5.11771e+05 Fmax= 1.89811e+03, atom= 1748
Step=  151, Dmax= 1.2e-02 nm, Epot= -5.11904e+05 Fmax= 1.70256e+04, atom= 1748
Step=  152, Dmax= 1.5e-02 nm, Epot= -5.12237e+05 Fmax= 5.77689e+03, atom= 1748
Step=  153, Dmax= 1.8e-02 nm, Epot= -5.12001e+05 Fmax= 2.13883e+04, atom= 1748
Step=  154, Dmax= 8.9e-03 nm, Epot= -5.12309e+05 Fmax= 7.82552e+03, atom= 1748
Step=  155, Dmax= 1.1e-02 nm, Epot= -5.12387e+05 Fmax= 8.56705e+03, atom= 1748
Step=  156, Dmax= 1.3e-02 nm, Epot= -5.12435e+05 Fmax= 1.10180e+04, atom= 1748
Step=  157, Dmax= 1.5e-02 nm, Epot= -5.12490e+05 Fmax= 1.25614e+04, atom= 1748
Step=  158, Dmax= 1.8e-02 nm, Epot= -5.12499e+05 Fmax= 1.56088e+04, atom= 1748
Step=  159, Dmax= 2.2e-02 nm, Epot= -5.12502e+05 Fmax= 1.82804e+04, atom= 1748
Step=  160, Dmax= 2.6e-02 nm, Epot= -5.12437e+05 Fmax= 2.21661e+04, atom= 1748
Step=  161, Dmax= 1.3e-02 nm, Epot= -5.12872e+05 Fmax= 2.01316e+03, atom= 1748
Step=  162, Dmax= 1.6e-02 nm, Epot= -5.12897e+05 Fmax= 2.24733e+04, atom= 1748
Step=  163, Dmax= 1.9e-02 nm, Epot= -5.13377e+05 Fmax= 6.85493e+03, atom= 1748
Step=  164, Dmax= 2.3e-02 nm, Epot= -5.12884e+05 Fmax= 2.83890e+04, atom= 1748
Step=  165, Dmax= 1.1e-02 nm, Epot= -5.13416e+05 Fmax= 1.07926e+04, atom= 1748
Step=  166, Dmax= 1.4e-02 nm, Epot= -5.13502e+05 Fmax= 1.02700e+04, atom= 1748
Step=  167, Dmax= 1.6e-02 nm, Epot= -5.13490e+05 Fmax= 1.50807e+04, atom= 1748
Step=  168, Dmax= 8.2e-03 nm, Epot= -5.13641e+05 Fmax= 2.40509e+03, atom= 1748
Step=  169, Dmax= 9.9e-03 nm, Epot= -5.13748e+05 Fmax= 1.27515e+04, atom= 1748
Step=  170, Dmax= 1.2e-02 nm, Epot= -5.13918e+05 Fmax= 5.52294e+03, atom= 1748
Step=  171, Dmax= 1.4e-02 nm, Epot= -5.13868e+05 Fmax= 1.62950e+04, atom= 1748
Step=  172, Dmax= 7.1e-03 nm, Epot= -5.13995e+05 Fmax= 5.39386e+03, atom= 1748
Step=  173, Dmax= 8.5e-03 nm, Epot= -5.14061e+05 Fmax= 7.76980e+03, atom= 1748
Step=  174, Dmax= 1.0e-02 nm, Epot= -5.14135e+05 Fmax= 7.95046e+03, atom= 1748
Step=  175, Dmax= 1.2e-02 nm, Epot= -5.14177e+05 Fmax= 1.09913e+04, atom= 1748
Step=  176, Dmax= 1.5e-02 nm, Epot= -5.14241e+05 Fmax= 1.16329e+04, atom= 1748
Step=  177, Dmax= 1.8e-02 nm, Epot= -5.14240e+05 Fmax= 1.56061e+04, atom= 1748
Step=  178, Dmax= 8.9e-03 nm, Epot= -5.14393e+05 Fmax= 1.98993e+03, atom= 1748
Step=  179, Dmax= 1.1e-02 nm, Epot= -5.14535e+05 Fmax= 1.42829e+04, atom= 1748
Step=  180, Dmax= 1.3e-02 nm, Epot= -5.14724e+05 Fmax= 5.38042e+03, atom= 1748
Step=  181, Dmax= 1.5e-02 nm, Epot= -5.14649e+05 Fmax= 1.80542e+04, atom= 1748
Step=  182, Dmax= 7.7e-03 nm, Epot= -5.14794e+05 Fmax= 6.34769e+03, atom= 1748
Step=  183, Dmax= 9.2e-03 nm, Epot= -5.14858e+05 Fmax= 7.80817e+03, atom= 1748
Step=  184, Dmax= 1.1e-02 nm, Epot= -5.14918e+05 Fmax= 9.08486e+03, atom= 1748
Step=  185, Dmax= 1.3e-02 nm, Epot= -5.14964e+05 Fmax= 1.12783e+04, atom= 1748
Step=  186, Dmax= 1.6e-02 nm, Epot= -5.15008e+05 Fmax= 1.30334e+04, atom= 1748
Step=  187, Dmax= 1.9e-02 nm, Epot= -5.15017e+05 Fmax= 1.62417e+04, atom= 1748
Step=  188, Dmax= 2.3e-02 nm, Epot= -5.15026e+05 Fmax= 1.86978e+04, atom= 1748
Step=  189, Dmax= 2.7e-02 nm, Epot= -5.14959e+05 Fmax= 2.33321e+04, atom= 1748
Step=  190, Dmax= 1.4e-02 nm, Epot= -5.15325e+05 Fmax= 2.35020e+03, atom= 1748
Step=  191, Dmax= 1.6e-02 nm, Epot= -5.15317e+05 Fmax= 2.29163e+04, atom= 1748
Step=  192, Dmax= 8.2e-03 nm, Epot= -5.15438e+05 Fmax= 1.02296e+04, atom= 1748
Step=  193, Dmax= 9.9e-03 nm, Epot= -5.15548e+05 Fmax= 4.98182e+03, atom= 1748
Step=  194, Dmax= 1.2e-02 nm, Epot= -5.15565e+05 Fmax= 1.31580e+04, atom= 1748
Step=  195, Dmax= 1.4e-02 nm, Epot= -5.15691e+05 Fmax= 8.72121e+03, atom= 1748
Step=  196, Dmax= 1.7e-02 nm, Epot= -5.15630e+05 Fmax= 1.74022e+04, atom= 1748
Step=  197, Dmax= 8.5e-03 nm, Epot= -5.15783e+05 Fmax= 4.35333e+03, atom= 1748
Step=  198, Dmax= 1.0e-02 nm, Epot= -5.15825e+05 Fmax= 1.14294e+04, atom= 1748
Step=  199, Dmax= 1.2e-02 nm, Epot= -5.15933e+05 Fmax= 7.40043e+03, atom= 1748
Step=  200, Dmax= 1.5e-02 nm, Epot= -5.15910e+05 Fmax= 1.52971e+04, atom= 1748
Step=  201, Dmax= 7.4e-03 nm, Epot= -5.16011e+05 Fmax= 3.94641e+03, atom= 1748
Step=  202, Dmax= 8.8e-03 nm, Epot= -5.16072e+05 Fmax= 9.59270e+03, atom= 1748
Step=  203, Dmax= 1.1e-02 nm, Epot= -5.16160e+05 Fmax= 6.75295e+03, atom= 1748
Step=  204, Dmax= 1.3e-02 nm, Epot= -5.16174e+05 Fmax= 1.27559e+04, atom= 1748
Step=  205, Dmax= 1.5e-02 nm, Epot= -5.16267e+05 Fmax= 1.07594e+04, atom= 1748
Step=  206, Dmax= 1.8e-02 nm, Epot= -5.16226e+05 Fmax= 1.73144e+04, atom= 1748
Step=  207, Dmax= 9.2e-03 nm, Epot= -5.16380e+05 Fmax= 3.29615e+03, atom= 1748
Step=  208, Dmax= 1.1e-02 nm, Epot= -5.16428e+05 Fmax= 1.36897e+04, atom= 1748
Step=  209, Dmax= 1.3e-02 nm, Epot= -5.16570e+05 Fmax= 6.55701e+03, atom= 1748
Step=  210, Dmax= 1.6e-02 nm, Epot= -5.16507e+05 Fmax= 1.78560e+04, atom= 1748
Step=  211, Dmax= 7.9e-03 nm, Epot= -5.16637e+05 Fmax= 5.64619e+03, atom= 1748
Step=  212, Dmax= 9.5e-03 nm, Epot= -5.16687e+05 Fmax= 8.91617e+03, atom= 1748
Step=  213, Dmax= 1.1e-02 nm, Epot= -5.16753e+05 Fmax= 8.65377e+03, atom= 1748
Step=  214, Dmax= 1.4e-02 nm, Epot= -5.16779e+05 Fmax= 1.23190e+04, atom= 1748
Step=  215, Dmax= 1.6e-02 nm, Epot= -5.16833e+05 Fmax= 1.29524e+04, atom= 1748
Step=  216, Dmax= 2.0e-02 nm, Epot= -5.16821e+05 Fmax= 1.72140e+04, atom= 1748
Step=  217, Dmax= 9.9e-03 nm, Epot= -5.16975e+05 Fmax= 2.15720e+03, atom= 1748
Step=  218, Dmax= 1.2e-02 nm, Epot= -5.17072e+05 Fmax= 1.61495e+04, atom= 1748
Step=  219, Dmax= 1.4e-02 nm, Epot= -5.17259e+05 Fmax= 5.63260e+03, atom= 1748
Step=  220, Dmax= 1.7e-02 nm, Epot= -5.17151e+05 Fmax= 2.06402e+04, atom= 1748
Step=  221, Dmax= 8.5e-03 nm, Epot= -5.17315e+05 Fmax= 7.50293e+03, atom= 1748
Step=  222, Dmax= 1.0e-02 nm, Epot= -5.17371e+05 Fmax= 8.15864e+03, atom= 1748
Step=  223, Dmax= 1.2e-02 nm, Epot= -5.17410e+05 Fmax= 1.07339e+04, atom= 1748
Step=  224, Dmax= 1.5e-02 nm, Epot= -5.17458e+05 Fmax= 1.18119e+04, atom= 1748
Step=  225, Dmax= 1.8e-02 nm, Epot= -5.17467e+05 Fmax= 1.53495e+04, atom= 1748
Step=  226, Dmax= 2.1e-02 nm, Epot= -5.17495e+05 Fmax= 1.70651e+04, atom= 1748
Step=  227, Dmax= 2.5e-02 nm, Epot= -5.17444e+05 Fmax= 2.19427e+04, atom= 1748
Step=  228, Dmax= 1.3e-02 nm, Epot= -5.17708e+05 Fmax= 2.46076e+03, atom= 1748
Step=  229, Dmax= 1.5e-02 nm, Epot= -5.17723e+05 Fmax= 2.09349e+04, atom= 1748
Step=  230, Dmax= 1.8e-02 nm, Epot= -5.17999e+05 Fmax= 7.32065e+03, atom= 1748
Step=  231, Dmax= 2.2e-02 nm, Epot= -5.17744e+05 Fmax= 2.62687e+04, atom= 1748
Step=  232, Dmax= 1.1e-02 nm, Epot= -5.18043e+05 Fmax= 9.50673e+03, atom= 1748
Step=  233, Dmax= 1.3e-02 nm, Epot= -5.18089e+05 Fmax= 1.07947e+04, atom= 1748
Step=  234, Dmax= 1.6e-02 nm, Epot= -5.18115e+05 Fmax= 1.34301e+04, atom= 1748
Step=  235, Dmax= 1.9e-02 nm, Epot= -5.18137e+05 Fmax= 1.57544e+04, atom= 1748
Step=  236, Dmax= 2.3e-02 nm, Epot= -5.18130e+05 Fmax= 1.90663e+04, atom= 1748
Step=  237, Dmax= 1.1e-02 nm, Epot= -5.18316e+05 Fmax= 1.70060e+03, atom= 1748
Step=  238, Dmax= 1.4e-02 nm, Epot= -5.18446e+05 Fmax= 1.94877e+04, atom= 1748
Step=  239, Dmax= 1.6e-02 nm, Epot= -5.18685e+05 Fmax= 5.71911e+03, atom= 1748
Step=  240, Dmax= 2.0e-02 nm, Epot= -5.18495e+05 Fmax= 2.46413e+04, atom= 1748
Step=  241, Dmax= 9.8e-03 nm, Epot= -5.18725e+05 Fmax= 9.47742e+03, atom= 1748
Step=  242, Dmax= 1.2e-02 nm, Epot= -5.18787e+05 Fmax= 8.62772e+03, atom= 1748
Step=  243, Dmax= 1.4e-02 nm, Epot= -5.18799e+05 Fmax= 1.32009e+04, atom= 1748
Step=  244, Dmax= 1.7e-02 nm, Epot= -5.18859e+05 Fmax= 1.28442e+04, atom= 1748
Step=  245, Dmax= 2.0e-02 nm, Epot= -5.18822e+05 Fmax= 1.85193e+04, atom= 1748
Step=  246, Dmax= 1.0e-02 nm, Epot= -5.18984e+05 Fmax= 2.84248e+03, atom= 1748
Step=  247, Dmax= 1.2e-02 nm, Epot= -5.19023e+05 Fmax= 1.58994e+04, atom= 1748
Step=  248, Dmax= 1.5e-02 nm, Epot= -5.19181e+05 Fmax= 6.73578e+03, atom= 1748
Step=  249, Dmax= 1.8e-02 nm, Epot= -5.19080e+05 Fmax= 2.02469e+04, atom= 1748
Step=  250, Dmax= 8.8e-03 nm, Epot= -5.19236e+05 Fmax= 6.76875e+03, atom= 1748
Step=  251, Dmax= 1.1e-02 nm, Epot= -5.19275e+05 Fmax= 9.53191e+03, atom= 1748
Step=  252, Dmax= 1.3e-02 nm, Epot= -5.19325e+05 Fmax= 9.91623e+03, atom= 1748
Step=  253, Dmax= 1.5e-02 nm, Epot= -5.19340e+05 Fmax= 1.35294e+04, atom= 1748
Step=  254, Dmax= 1.8e-02 nm, Epot= -5.19380e+05 Fmax= 1.44501e+04, atom= 1748
Step=  255, Dmax= 2.2e-02 nm, Epot= -5.19351e+05 Fmax= 1.92414e+04, atom= 1748
Step=  256, Dmax= 1.1e-02 nm, Epot= -5.19527e+05 Fmax= 2.40638e+03, atom= 1748
Step=  257, Dmax= 1.3e-02 nm, Epot= -5.19576e+05 Fmax= 1.77339e+04, atom= 1748
Step=  258, Dmax= 1.6e-02 nm, Epot= -5.19764e+05 Fmax= 6.61888e+03, atom= 1748
Step=  259, Dmax= 1.9e-02 nm, Epot= -5.19622e+05 Fmax= 2.23698e+04, atom= 1748
Step=  260, Dmax= 9.5e-03 nm, Epot= -5.19811e+05 Fmax= 7.89436e+03, atom= 1748
Step=  261, Dmax= 1.1e-02 nm, Epot= -5.19853e+05 Fmax= 9.62704e+03, atom= 1748
Step=  262, Dmax= 1.4e-02 nm, Epot= -5.19889e+05 Fmax= 1.12739e+04, atom= 1748
Step=  263, Dmax= 1.6e-02 nm, Epot= -5.19910e+05 Fmax= 1.39218e+04, atom= 1748
Step=  264, Dmax= 2.0e-02 nm, Epot= -5.19928e+05 Fmax= 1.61419e+04, atom= 1748
Step=  265, Dmax= 2.4e-02 nm, Epot= -5.19908e+05 Fmax= 2.00539e+04, atom= 1748
Step=  266, Dmax= 1.2e-02 nm, Epot= -5.20101e+05 Fmax= 1.97504e+03, atom= 1748
Step=  267, Dmax= 1.4e-02 nm, Epot= -5.20171e+05 Fmax= 1.96690e+04, atom= 1748
Step=  268, Dmax= 1.7e-02 nm, Epot= -5.20395e+05 Fmax= 6.54877e+03, atom= 1748
Step=  269, Dmax= 2.0e-02 nm, Epot= -5.20205e+05 Fmax= 2.45828e+04, atom= 1748
Step=  270, Dmax= 1.0e-02 nm, Epot= -5.20433e+05 Fmax= 9.04881e+03, atom= 1748
Step=  271, Dmax= 1.2e-02 nm, Epot= -5.20478e+05 Fmax= 9.78914e+03, atom= 1748
Step=  272, Dmax= 1.5e-02 nm, Epot= -5.20500e+05 Fmax= 1.26739e+04, atom= 1748
Step=  273, Dmax= 1.8e-02 nm, Epot= -5.20528e+05 Fmax= 1.44047e+04, atom= 1748
Step=  274, Dmax= 2.1e-02 nm, Epot= -5.20521e+05 Fmax= 1.78978e+04, atom= 1748
Step=  275, Dmax= 1.1e-02 nm, Epot= -5.20667e+05 Fmax= 1.78086e+03, atom= 1748
Step=  276, Dmax= 1.3e-02 nm, Epot= -5.20769e+05 Fmax= 1.78965e+04, atom= 1748
Step=  277, Dmax= 1.5e-02 nm, Epot= -5.20956e+05 Fmax= 5.45848e+03, atom= 1748
Step=  278, Dmax= 1.8e-02 nm, Epot= -5.20820e+05 Fmax= 2.27079e+04, atom= 1748
Step=  279, Dmax= 9.1e-03 nm, Epot= -5.20995e+05 Fmax= 8.63187e+03, atom= 1748
Step=  280, Dmax= 1.1e-02 nm, Epot= -5.21046e+05 Fmax= 8.14938e+03, atom= 1748
Step=  281, Dmax= 1.3e-02 nm, Epot= -5.21064e+05 Fmax= 1.20980e+04, atom= 1748
Step=  282, Dmax= 1.6e-02 nm, Epot= -5.21112e+05 Fmax= 1.20527e+04, atom= 1748
Step=  283, Dmax= 1.9e-02 nm, Epot= -5.21093e+05 Fmax= 1.70444e+04, atom= 1748
Step=  284, Dmax= 9.5e-03 nm, Epot= -5.21217e+05 Fmax= 2.49912e+03, atom= 1748
Step=  285, Dmax= 1.1e-02 nm, Epot= -5.21270e+05 Fmax= 1.48541e+04, atom= 1748
Step=  286, Dmax= 1.4e-02 nm, Epot= -5.21402e+05 Fmax= 6.14070e+03, atom= 1748
Step=  287, Dmax= 1.6e-02 nm, Epot= -5.21328e+05 Fmax= 1.88721e+04, atom= 1748
Step=  288, Dmax= 8.2e-03 nm, Epot= -5.21449e+05 Fmax= 6.37691e+03, atom= 1748
Step=  289, Dmax= 9.8e-03 nm, Epot= -5.21486e+05 Fmax= 8.74730e+03, atom= 1748
Step=  290, Dmax= 1.2e-02 nm, Epot= -5.21530e+05 Fmax= 9.28406e+03, atom= 1748
Step=  291, Dmax= 1.4e-02 nm, Epot= -5.21549e+05 Fmax= 1.24671e+04, atom= 1748
Step=  292, Dmax= 1.7e-02 nm, Epot= -5.21583e+05 Fmax= 1.34819e+04, atom= 1748
Step=  293, Dmax= 2.0e-02 nm, Epot= -5.21567e+05 Fmax= 1.77787e+04, atom= 1748
Step=  294, Dmax= 1.0e-02 nm, Epot= -5.21705e+05 Fmax= 2.15616e+03, atom= 1748
Step=  295, Dmax= 1.2e-02 nm, Epot= -5.21767e+05 Fmax= 1.64874e+04, atom= 1748
Step=  296, Dmax= 1.5e-02 nm, Epot= -5.21924e+05 Fmax= 6.09660e+03, atom= 1748
Step=  297, Dmax= 1.8e-02 nm, Epot= -5.21817e+05 Fmax= 2.07775e+04, atom= 1748
Step=  298, Dmax= 8.8e-03 nm, Epot= -5.21966e+05 Fmax= 7.35624e+03, atom= 1748
Step=  299, Dmax= 1.1e-02 nm, Epot= -5.22004e+05 Fmax= 8.89927e+03, atom= 1748
Step=  300, Dmax= 1.3e-02 nm, Epot= -5.22038e+05 Fmax= 1.04800e+04, atom= 1748
Step=  301, Dmax= 1.5e-02 nm, Epot= -5.22060e+05 Fmax= 1.28945e+04, atom= 1748
Step=  302, Dmax= 1.8e-02 nm, Epot= -5.22077e+05 Fmax= 1.49898e+04, atom= 1748
Step=  303, Dmax= 2.2e-02 nm, Epot= -5.22065e+05 Fmax= 1.85961e+04, atom= 1748
Step=  304, Dmax= 1.1e-02 nm, Epot= -5.22221e+05 Fmax= 1.81723e+03, atom= 1748
Step=  305, Dmax= 1.3e-02 nm, Epot= -5.22301e+05 Fmax= 1.82128e+04, atom= 1748
Step=  306, Dmax= 1.6e-02 nm, Epot= -5.22486e+05 Fmax= 6.09268e+03, atom= 1748
Step=  307, Dmax= 1.9e-02 nm, Epot= -5.22339e+05 Fmax= 2.27722e+04, atom= 1748
Step=  308, Dmax= 9.4e-03 nm, Epot= -5.22522e+05 Fmax= 8.36547e+03, atom= 1748
Step=  309, Dmax= 1.1e-02 nm, Epot= -5.22562e+05 Fmax= 9.10922e+03, atom= 1748
Step=  310, Dmax= 1.4e-02 nm, Epot= -5.22584e+05 Fmax= 1.17194e+04, atom= 1748
Step=  311, Dmax= 1.6e-02 nm, Epot= -5.22610e+05 Fmax= 1.34013e+04, atom= 1748
Step=  312, Dmax= 2.0e-02 nm, Epot= -5.22610e+05 Fmax= 1.65620e+04, atom= 1748
Step=  313, Dmax= 9.8e-03 nm, Epot= -5.22727e+05 Fmax= 1.60850e+03, atom= 1748
Step=  314, Dmax= 1.2e-02 nm, Epot= -5.22834e+05 Fmax= 1.66791e+04, atom= 1748
Step=  315, Dmax= 1.4e-02 nm, Epot= -5.22993e+05 Fmax= 4.97490e+03, atom= 1748
Step=  316, Dmax= 1.7e-02 nm, Epot= -5.22888e+05 Fmax= 2.11629e+04, atom= 1748
Step=  317, Dmax= 8.5e-03 nm, Epot= -5.23029e+05 Fmax= 8.09978e+03, atom= 1748
Step=  318, Dmax= 1.0e-02 nm, Epot= -5.23076e+05 Fmax= 7.45790e+03, atom= 1748
Step=  319, Dmax= 1.2e-02 nm, Epot= -5.23093e+05 Fmax= 1.13273e+04, atom= 1748
Step=  320, Dmax= 1.5e-02 nm, Epot= -5.23138e+05 Fmax= 1.10683e+04, atom= 1748
Step=  321, Dmax= 1.8e-02 nm, Epot= -5.23123e+05 Fmax= 1.59280e+04, atom= 1748
Step=  322, Dmax= 8.8e-03 nm, Epot= -5.23226e+05 Fmax= 2.43162e+03, atom= 1748
Step=  323, Dmax= 1.1e-02 nm, Epot= -5.23275e+05 Fmax= 1.36399e+04, atom= 1748
Step=  324, Dmax= 1.3e-02 nm, Epot= -5.23385e+05 Fmax= 5.82853e+03, atom= 1748
Step=  325, Dmax= 1.5e-02 nm, Epot= -5.23331e+05 Fmax= 1.73602e+04, atom= 1748
Step=  326, Dmax= 7.6e-03 nm, Epot= -5.23427e+05 Fmax= 5.77494e+03, atom= 1748
Step=  327, Dmax= 9.1e-03 nm, Epot= -5.23462e+05 Fmax= 8.25807e+03, atom= 1748
Step=  328, Dmax= 1.1e-02 nm, Epot= -5.23502e+05 Fmax= 8.45980e+03, atom= 1748
Step=  329, Dmax= 1.3e-02 nm, Epot= -5.23519e+05 Fmax= 1.17197e+04, atom= 1748
Step=  330, Dmax= 1.6e-02 nm, Epot= -5.23554e+05 Fmax= 1.23454e+04, atom= 1748
Step=  331, Dmax= 1.9e-02 nm, Epot= -5.23540e+05 Fmax= 1.66590e+04, atom= 1748
Step=  332, Dmax= 9.4e-03 nm, Epot= -5.23656e+05 Fmax= 2.16146e+03, atom= 1748
Step=  333, Dmax= 1.1e-02 nm, Epot= -5.23710e+05 Fmax= 1.51049e+04, atom= 1748
Step=  334, Dmax= 1.4e-02 nm, Epot= -5.23839e+05 Fmax= 5.83175e+03, atom= 1748
Step=  335, Dmax= 1.6e-02 nm, Epot= -5.23757e+05 Fmax= 1.90857e+04, atom= 1748
Step=  336, Dmax= 8.1e-03 nm, Epot= -5.23878e+05 Fmax= 6.63923e+03, atom= 1748
Step=  337, Dmax= 9.8e-03 nm, Epot= -5.23911e+05 Fmax= 8.44116e+03, atom= 1748
Step=  338, Dmax= 1.2e-02 nm, Epot= -5.23945e+05 Fmax= 9.52666e+03, atom= 1748
Step=  339, Dmax= 1.4e-02 nm, Epot= -5.23963e+05 Fmax= 1.21582e+04, atom= 1748
Step=  340, Dmax= 1.7e-02 nm, Epot= -5.23986e+05 Fmax= 1.37030e+04, atom= 1748
Step=  341, Dmax= 2.0e-02 nm, Epot= -5.23973e+05 Fmax= 1.74597e+04, atom= 1748
Step=  342, Dmax= 1.0e-02 nm, Epot= -5.24105e+05 Fmax= 1.88741e+03, atom= 1748
Step=  343, Dmax= 1.2e-02 nm, Epot= -5.24167e+05 Fmax= 1.66634e+04, atom= 1748
Step=  344, Dmax= 1.5e-02 nm, Epot= -5.24319e+05 Fmax= 5.85931e+03, atom= 1748
Step=  345, Dmax= 1.8e-02 nm, Epot= -5.24204e+05 Fmax= 2.09115e+04, atom= 1748
Step=  346, Dmax= 8.8e-03 nm, Epot= -5.24354e+05 Fmax= 7.54448e+03, atom= 1748
Step=  347, Dmax= 1.1e-02 nm, Epot= -5.24388e+05 Fmax= 8.66387e+03, atom= 1748
Step=  348, Dmax= 1.3e-02 nm, Epot= -5.24412e+05 Fmax= 1.06481e+04, atom= 1748
Step=  349, Dmax= 1.5e-02 nm, Epot= -5.24433e+05 Fmax= 1.26552e+04, atom= 1748
Step=  350, Dmax= 1.8e-02 nm, Epot= -5.24441e+05 Fmax= 1.51355e+04, atom= 1748
Step=  351, Dmax= 2.2e-02 nm, Epot= -5.24430e+05 Fmax= 1.83455e+04, atom= 1748
Step=  352, Dmax= 1.1e-02 nm, Epot= -5.24579e+05 Fmax= 1.62032e+03, atom= 1748
Step=  353, Dmax= 1.3e-02 nm, Epot= -5.24656e+05 Fmax= 1.83027e+04, atom= 1748
Step=  354, Dmax= 1.6e-02 nm, Epot= -5.24836e+05 Fmax= 5.93832e+03, atom= 1748
Step=  355, Dmax= 1.9e-02 nm, Epot= -5.24682e+05 Fmax= 2.28129e+04, atom= 1748
Step=  356, Dmax= 9.4e-03 nm, Epot= -5.24864e+05 Fmax= 8.46655e+03, atom= 1748
Step=  357, Dmax= 1.1e-02 nm, Epot= -5.24900e+05 Fmax= 8.95812e+03, atom= 1748
Step=  358, Dmax= 1.4e-02 nm, Epot= -5.24915e+05 Fmax= 1.17989e+04, atom= 1748
Step=  359, Dmax= 1.6e-02 nm, Epot= -5.24938e+05 Fmax= 1.32456e+04, atom= 1748
Step=  360, Dmax= 2.0e-02 nm, Epot= -5.24930e+05 Fmax= 1.66174e+04, atom= 1748
Step=  361, Dmax= 9.8e-03 nm, Epot= -5.25048e+05 Fmax= 1.71322e+03, atom= 1748
Step=  362, Dmax= 1.2e-02 nm, Epot= -5.25115e+05 Fmax= 1.65252e+04, atom= 1748
Step=  363, Dmax= 1.4e-02 nm, Epot= -5.25264e+05 Fmax= 5.05255e+03, atom= 1748
Step=  364, Dmax= 1.7e-02 nm, Epot= -5.25152e+05 Fmax= 2.10057e+04, atom= 1748
Step=  365, Dmax= 8.4e-03 nm, Epot= -5.25294e+05 Fmax= 7.98019e+03, atom= 1748
Step=  366, Dmax= 1.0e-02 nm, Epot= -5.25335e+05 Fmax= 7.52235e+03, atom= 1748
Step=  367, Dmax= 1.2e-02 nm, Epot= -5.25348e+05 Fmax= 1.12042e+04, atom= 1748
Step=  368, Dmax= 1.5e-02 nm, Epot= -5.25385e+05 Fmax= 1.11148e+04, atom= 1748
Step=  369, Dmax= 1.7e-02 nm, Epot= -5.25368e+05 Fmax= 1.57973e+04, atom= 1748
Step=  370, Dmax= 8.7e-03 nm, Epot= -5.25468e+05 Fmax= 2.34301e+03, atom= 1748
Step=  371, Dmax= 1.0e-02 nm, Epot= -5.25506e+05 Fmax= 1.36604e+04, atom= 1748
Step=  372, Dmax= 1.3e-02 nm, Epot= -5.25611e+05 Fmax= 5.74796e+03, atom= 1748
Step=  373, Dmax= 1.5e-02 nm, Epot= -5.25549e+05 Fmax= 1.73570e+04, atom= 1748
Step=  374, Dmax= 7.6e-03 nm, Epot= -5.25648e+05 Fmax= 5.81399e+03, atom= 1748
Step=  375, Dmax= 9.1e-03 nm, Epot= -5.25676e+05 Fmax= 8.17777e+03, atom= 1748
Step=  376, Dmax= 1.1e-02 nm, Epot= -5.25711e+05 Fmax= 8.48197e+03, atom= 1748
Step=  377, Dmax= 1.3e-02 nm, Epot= -5.25723e+05 Fmax= 1.16363e+04, atom= 1748
Step=  378, Dmax= 1.6e-02 nm, Epot= -5.25752e+05 Fmax= 1.23475e+04, atom= 1748
Step=  379, Dmax= 1.9e-02 nm, Epot= -5.25733e+05 Fmax= 1.65667e+04, atom= 1748
Step=  380, Dmax= 9.4e-03 nm, Epot= -5.25849e+05 Fmax= 2.11428e+03, atom= 1748
Step=  381, Dmax= 1.1e-02 nm, Epot= -5.25886e+05 Fmax= 1.50778e+04, atom= 1748
Step=  382, Dmax= 1.4e-02 nm, Epot= -5.26010e+05 Fmax= 5.79325e+03, atom= 1748
Step=  383, Dmax= 1.6e-02 nm, Epot= -5.25921e+05 Fmax= 1.90348e+04, atom= 1748
Step=  384, Dmax= 8.1e-03 nm, Epot= -5.26043e+05 Fmax= 6.63327e+03, atom= 1748
Step=  385, Dmax= 9.7e-03 nm, Epot= -5.26071e+05 Fmax= 8.40276e+03, atom= 1748
Step=  386, Dmax= 1.2e-02 nm, Epot= -5.26100e+05 Fmax= 9.50326e+03, atom= 1748
Step=  387, Dmax= 1.4e-02 nm, Epot= -5.26113e+05 Fmax= 1.21155e+04, atom= 1748
Step=  388, Dmax= 1.7e-02 nm, Epot= -5.26130e+05 Fmax= 1.36587e+04, atom= 1748
Step=  389, Dmax= 2.0e-02 nm, Epot= -5.26112e+05 Fmax= 1.74072e+04, atom= 1748
Step=  390, Dmax= 1.0e-02 nm, Epot= -5.26244e+05 Fmax= 1.88292e+03, atom= 1748
Step=  391, Dmax= 1.2e-02 nm, Epot= -5.26283e+05 Fmax= 1.65872e+04, atom= 1748
Step=  392, Dmax= 1.5e-02 nm, Epot= -5.26429e+05 Fmax= 5.86294e+03, atom= 1748
Step=  393, Dmax= 1.7e-02 nm, Epot= -5.26307e+05 Fmax= 2.08133e+04, atom= 1748
Step=  394, Dmax= 8.7e-03 nm, Epot= -5.26458e+05 Fmax= 7.49338e+03, atom= 1748
Step=  395, Dmax= 1.0e-02 nm, Epot= -5.26487e+05 Fmax= 8.66682e+03, atom= 1748
Step=  396, Dmax= 1.3e-02 nm, Epot= -5.26507e+05 Fmax= 1.05789e+04, atom= 1748
Step=  397, Dmax= 1.5e-02 nm, Epot= -5.26522e+05 Fmax= 1.26531e+04, atom= 1748
Step=  398, Dmax= 1.8e-02 nm, Epot= -5.26526e+05 Fmax= 1.50444e+04, atom= 1748
Step=  399, Dmax= 2.2e-02 nm, Epot= -5.26509e+05 Fmax= 1.83327e+04, atom= 1748
Step=  400, Dmax= 1.1e-02 nm, Epot= -5.26659e+05 Fmax= 1.65874e+03, atom= 1748
Step=  401, Dmax= 1.3e-02 nm, Epot= -5.26704e+05 Fmax= 1.81781e+04, atom= 1748
Step=  402, Dmax= 1.6e-02 nm, Epot= -5.26875e+05 Fmax= 5.98098e+03, atom= 1748
Step=  403, Dmax= 1.9e-02 nm, Epot= -5.26715e+05 Fmax= 2.26726e+04, atom= 1748
Step=  404, Dmax= 9.4e-03 nm, Epot= -5.26899e+05 Fmax= 8.37390e+03, atom= 1748
Step=  405, Dmax= 1.1e-02 nm, Epot= -5.26930e+05 Fmax= 8.99800e+03, atom= 1748
Step=  406, Dmax= 1.4e-02 nm, Epot= -5.26940e+05 Fmax= 1.16879e+04, atom= 1748
Step=  407, Dmax= 1.6e-02 nm, Epot= -5.26957e+05 Fmax= 1.32796e+04, atom= 1748
Step=  408, Dmax= 1.9e-02 nm, Epot= -5.26946e+05 Fmax= 1.64838e+04, atom= 1748
Step=  409, Dmax= 9.7e-03 nm, Epot= -5.27064e+05 Fmax= 1.63005e+03, atom= 1748
Step=  410, Dmax= 1.2e-02 nm, Epot= -5.27114e+05 Fmax= 1.65834e+04, atom= 1748
Step=  411, Dmax= 1.4e-02 nm, Epot= -5.27261e+05 Fmax= 4.92653e+03, atom= 1748
Step=  412, Dmax= 1.7e-02 nm, Epot= -5.27138e+05 Fmax= 2.10618e+04, atom= 1748
Step=  413, Dmax= 8.4e-03 nm, Epot= -5.27285e+05 Fmax= 8.07235e+03, atom= 1748
Step=  414, Dmax= 1.0e-02 nm, Epot= -5.27322e+05 Fmax= 7.37816e+03, atom= 1748
Step=  415, Dmax= 1.2e-02 nm, Epot= -5.27327e+05 Fmax= 1.12948e+04, atom= 1748
Step=  416, Dmax= 1.5e-02 nm, Epot= -5.27363e+05 Fmax= 1.09499e+04, atom= 1748
Step=  417, Dmax= 1.7e-02 nm, Epot= -5.27338e+05 Fmax= 1.58817e+04, atom= 1748
Step=  418, Dmax= 8.7e-03 nm, Epot= -5.27442e+05 Fmax= 2.46708e+03, atom= 1748
Step=  419, Dmax= 1.0e-02 nm, Epot= -5.27460e+05 Fmax= 1.34754e+04, atom= 1748
Step=  420, Dmax= 1.3e-02 nm, Epot= -5.27558e+05 Fmax= 5.87033e+03, atom= 1748
Step=  421, Dmax= 1.5e-02 nm, Epot= -5.27491e+05 Fmax= 1.71546e+04, atom= 1748
Step=  422, Dmax= 7.5e-03 nm, Epot= -5.27592e+05 Fmax= 5.65135e+03, atom= 1748
Step=  423, Dmax= 9.0e-03 nm, Epot= -5.27614e+05 Fmax= 8.30117e+03, atom= 1748
Step=  424, Dmax= 1.1e-02 nm, Epot= -5.27646e+05 Fmax= 8.30184e+03, atom= 1748
Step=  425, Dmax= 1.3e-02 nm, Epot= -5.27651e+05 Fmax= 1.17576e+04, atom= 1748
Step=  426, Dmax= 1.6e-02 nm, Epot= -5.27679e+05 Fmax= 1.21463e+04, atom= 1748
Step=  427, Dmax= 1.9e-02 nm, Epot= -5.27652e+05 Fmax= 1.66809e+04, atom= 1748
Step=  428, Dmax= 9.4e-03 nm, Epot= -5.27770e+05 Fmax= 2.27115e+03, atom= 1748
Step=  429, Dmax= 1.1e-02 nm, Epot= -5.27785e+05 Fmax= 1.48569e+04, atom= 1748
Step=  430, Dmax= 1.3e-02 nm, Epot= -5.27901e+05 Fmax= 5.94468e+03, atom= 1748
Step=  431, Dmax= 1.6e-02 nm, Epot= -5.27807e+05 Fmax= 1.87990e+04, atom= 1748
Step=  432, Dmax= 8.1e-03 nm, Epot= -5.27931e+05 Fmax= 6.43897e+03, atom= 1748
Step=  433, Dmax= 9.7e-03 nm, Epot= -5.27952e+05 Fmax= 8.55374e+03, atom= 1748
Step=  434, Dmax= 1.2e-02 nm, Epot= -5.27979e+05 Fmax= 9.29196e+03, atom= 1748
Step=  435, Dmax= 1.4e-02 nm, Epot= -5.27984e+05 Fmax= 1.22624e+04, atom= 1748
Step=  436, Dmax= 1.7e-02 nm, Epot= -5.28001e+05 Fmax= 1.34263e+04, atom= 1748
Step=  437, Dmax= 2.0e-02 nm, Epot= -5.27974e+05 Fmax= 1.75456e+04, atom= 1748
Step=  438, Dmax= 1.0e-02 nm, Epot= -5.28109e+05 Fmax= 2.06686e+03, atom= 1748
Step=  439, Dmax= 1.2e-02 nm, Epot= -5.28118e+05 Fmax= 1.63365e+04, atom= 1748
Step=  440, Dmax= 1.4e-02 nm, Epot= -5.28257e+05 Fmax= 6.03515e+03, atom= 1748
Step=  441, Dmax= 1.7e-02 nm, Epot= -5.28130e+05 Fmax= 2.05539e+04, atom= 1748
Step=  442, Dmax= 8.7e-03 nm, Epot= -5.28283e+05 Fmax= 7.27552e+03, atom= 1748
Step=  443, Dmax= 1.0e-02 nm, Epot= -5.28305e+05 Fmax= 8.83624e+03, atom= 1748
Step=  444, Dmax= 1.3e-02 nm, Epot= -5.28324e+05 Fmax= 1.03446e+04, atom= 1748
Step=  445, Dmax= 1.5e-02 nm, Epot= -5.28330e+05 Fmax= 1.28174e+04, atom= 1748
Step=  446, Dmax= 1.8e-02 nm, Epot= -5.28335e+05 Fmax= 1.47887e+04, atom= 1748
Step=  447, Dmax= 2.2e-02 nm, Epot= -5.28308e+05 Fmax= 1.84863e+04, atom= 1748
Step=  448, Dmax= 1.1e-02 nm, Epot= -5.28462e+05 Fmax= 1.86165e+03, atom= 1748
Step=  449, Dmax= 1.3e-02 nm, Epot= -5.28467e+05 Fmax= 1.79092e+04, atom= 1748
Step=  450, Dmax= 1.6e-02 nm, Epot= -5.28631e+05 Fmax= 6.15866e+03, atom= 1748
Step=  451, Dmax= 1.9e-02 nm, Epot= -5.28467e+05 Fmax= 2.24077e+04, atom= 1748
Step=  452, Dmax= 9.4e-03 nm, Epot= -5.28652e+05 Fmax= 8.14828e+03, atom= 1748
Step=  453, Dmax= 1.1e-02 nm, Epot= -5.28675e+05 Fmax= 9.16941e+03, atom= 1748
Step=  454, Dmax= 1.3e-02 nm, Epot= -5.28686e+05 Fmax= 1.14469e+04, atom= 1748
Step=  455, Dmax= 1.6e-02 nm, Epot= -5.28694e+05 Fmax= 1.34436e+04, atom= 1748
Step=  456, Dmax= 1.9e-02 nm, Epot= -5.28685e+05 Fmax= 1.62219e+04, atom= 1748
Step=  457, Dmax= 9.7e-03 nm, Epot= -5.28801e+05 Fmax= 1.41792e+03, atom= 1748
Step=  458, Dmax= 1.2e-02 nm, Epot= -5.28852e+05 Fmax= 1.67977e+04, atom= 1748
Step=  459, Dmax= 1.4e-02 nm, Epot= -5.29000e+05 Fmax= 4.65346e+03, atom= 1748
Step=  460, Dmax= 1.7e-02 nm, Epot= -5.28867e+05 Fmax= 2.12711e+04, atom= 1748
Step=  461, Dmax= 8.4e-03 nm, Epot= -5.29018e+05 Fmax= 8.31856e+03, atom= 1748
Step=  462, Dmax= 1.0e-02 nm, Epot= -5.29055e+05 Fmax= 7.08259e+03, atom= 1748
Step=  463, Dmax= 1.2e-02 nm, Epot= -5.29052e+05 Fmax= 1.15411e+04, atom= 1748
Step=  464, Dmax= 6.0e-03 nm, Epot= -5.29097e+05 Fmax= 2.22714e+03, atom= 1748
Step=  465, Dmax= 7.2e-03 nm, Epot= -5.29135e+05 Fmax= 8.77767e+03, atom= 1748
Step=  466, Dmax= 8.7e-03 nm, Epot= -5.29186e+05 Fmax= 4.62735e+03, atom= 1748
Step=  467, Dmax= 1.0e-02 nm, Epot= -5.29183e+05 Fmax= 1.12991e+04, atom= 1748
Step=  468, Dmax= 5.2e-03 nm, Epot= -5.29216e+05 Fmax= 3.33965e+03, atom= 1748
Step=  469, Dmax= 6.3e-03 nm, Epot= -5.29244e+05 Fmax= 6.35678e+03, atom= 1748
Step=  470, Dmax= 7.5e-03 nm, Epot= -5.29277e+05 Fmax= 5.13017e+03, atom= 1748
Step=  471, Dmax= 9.0e-03 nm, Epot= -5.29292e+05 Fmax= 8.79590e+03, atom= 1748
Step=  472, Dmax= 1.1e-02 nm, Epot= -5.29328e+05 Fmax= 7.75548e+03, atom= 1748
Step=  473, Dmax= 1.3e-02 nm, Epot= -5.29320e+05 Fmax= 1.22538e+04, atom= 1748
Step=  474, Dmax= 6.5e-03 nm, Epot= -5.29374e+05 Fmax= 2.24797e+03, atom= 1748
Step=  475, Dmax= 7.8e-03 nm, Epot= -5.29407e+05 Fmax= 9.57920e+03, atom= 1748
Step=  476, Dmax= 9.3e-03 nm, Epot= -5.29464e+05 Fmax= 4.82911e+03, atom= 1748
Step=  477, Dmax= 1.1e-02 nm, Epot= -5.29451e+05 Fmax= 1.22904e+04, atom= 1748
Step=  478, Dmax= 5.6e-03 nm, Epot= -5.29494e+05 Fmax= 3.73517e+03, atom= 1748
Step=  479, Dmax= 6.7e-03 nm, Epot= -5.29519e+05 Fmax= 6.68193e+03, atom= 1748
Step=  480, Dmax= 8.1e-03 nm, Epot= -5.29552e+05 Fmax= 5.66645e+03, atom= 1748
Step=  481, Dmax= 9.7e-03 nm, Epot= -5.29563e+05 Fmax= 9.29693e+03, atom= 1748
Step=  482, Dmax= 1.2e-02 nm, Epot= -5.29597e+05 Fmax= 8.49450e+03, atom= 1748
Step=  483, Dmax= 1.4e-02 nm, Epot= -5.29585e+05 Fmax= 1.30065e+04, atom= 1748
Step=  484, Dmax= 7.0e-03 nm, Epot= -5.29649e+05 Fmax= 2.25505e+03, atom= 1748
Step=  485, Dmax= 8.4e-03 nm, Epot= -5.29677e+05 Fmax= 1.04585e+04, atom= 1748
Step=  486, Dmax= 1.0e-02 nm, Epot= -5.29741e+05 Fmax= 5.02792e+03, atom= 1748
Step=  487, Dmax= 1.2e-02 nm, Epot= -5.29716e+05 Fmax= 1.33756e+04, atom= 1748
Step=  488, Dmax= 6.0e-03 nm, Epot= -5.29771e+05 Fmax= 4.17897e+03, atom= 1748
Step=  489, Dmax= 7.2e-03 nm, Epot= -5.29793e+05 Fmax= 7.01100e+03, atom= 1748
Step=  490, Dmax= 8.7e-03 nm, Epot= -5.29825e+05 Fmax= 6.26382e+03, atom= 1748
Step=  491, Dmax= 1.0e-02 nm, Epot= -5.29832e+05 Fmax= 9.81322e+03, atom= 1748
Step=  492, Dmax= 1.2e-02 nm, Epot= -5.29864e+05 Fmax= 9.31068e+03, atom= 1748
Step=  493, Dmax= 1.5e-02 nm, Epot= -5.29847e+05 Fmax= 1.37918e+04, atom= 1748
Step=  494, Dmax= 7.5e-03 nm, Epot= -5.29923e+05 Fmax= 2.24010e+03, atom= 1748
Step=  495, Dmax= 9.0e-03 nm, Epot= -5.29946e+05 Fmax= 1.14269e+04, atom= 1748
Step=  496, Dmax= 1.1e-02 nm, Epot= -5.30019e+05 Fmax= 5.21819e+03, atom= 1748
Step=  497, Dmax= 1.3e-02 nm, Epot= -5.29978e+05 Fmax= 1.45656e+04, atom= 1748
Step=  498, Dmax= 6.5e-03 nm, Epot= -5.30048e+05 Fmax= 4.67987e+03, atom= 1748
Step=  499, Dmax= 7.8e-03 nm, Epot= -5.30067e+05 Fmax= 7.34057e+03, atom= 1748
Step=  500, Dmax= 9.3e-03 nm, Epot= -5.30097e+05 Fmax= 6.92973e+03, atom= 1748
Step=  501, Dmax= 1.1e-02 nm, Epot= -5.30102e+05 Fmax= 1.03442e+04, atom= 1748
Step=  502, Dmax= 1.3e-02 nm, Epot= -5.30131e+05 Fmax= 1.02118e+04, atom= 1748
Step=  503, Dmax= 1.6e-02 nm, Epot= -5.30110e+05 Fmax= 1.46108e+04, atom= 1748
Step=  504, Dmax= 8.1e-03 nm, Epot= -5.30198e+05 Fmax= 2.19999e+03, atom= 1748
Step=  505, Dmax= 9.7e-03 nm, Epot= -5.30214e+05 Fmax= 1.24914e+04, atom= 1748
Step=  506, Dmax= 1.2e-02 nm, Epot= -5.30298e+05 Fmax= 5.40054e+03, atom= 1748
Step=  507, Dmax= 1.4e-02 nm, Epot= -5.30240e+05 Fmax= 1.58658e+04, atom= 1748
Step=  508, Dmax= 7.0e-03 nm, Epot= -5.30326e+05 Fmax= 5.24045e+03, atom= 1748
Step=  509, Dmax= 8.3e-03 nm, Epot= -5.30344e+05 Fmax= 7.67306e+03, atom= 1748
Step=  510, Dmax= 1.0e-02 nm, Epot= -5.30371e+05 Fmax= 7.66744e+03, atom= 1748
Step=  511, Dmax= 1.2e-02 nm, Epot= -5.30374e+05 Fmax= 1.08922e+04, atom= 1748
Step=  512, Dmax= 1.4e-02 nm, Epot= -5.30398e+05 Fmax= 1.12022e+04, atom= 1748
Step=  513, Dmax= 1.7e-02 nm, Epot= -5.30373e+05 Fmax= 1.54679e+04, atom= 1748
Step=  514, Dmax= 8.7e-03 nm, Epot= -5.30475e+05 Fmax= 2.13483e+03, atom= 1748
Step=  515, Dmax= 1.0e-02 nm, Epot= -5.30484e+05 Fmax= 1.36571e+04, atom= 1748
Step=  516, Dmax= 1.2e-02 nm, Epot= -5.30582e+05 Fmax= 5.57679e+03, atom= 1748
Step=  517, Dmax= 1.5e-02 nm, Epot= -5.30502e+05 Fmax= 1.72825e+04, atom= 1748
Step=  518, Dmax= 7.5e-03 nm, Epot= -5.30608e+05 Fmax= 5.86259e+03, atom= 1748
Step=  519, Dmax= 9.0e-03 nm, Epot= -5.30624e+05 Fmax= 8.01136e+03, atom= 1748
Step=  520, Dmax= 1.1e-02 nm, Epot= -5.30648e+05 Fmax= 8.47890e+03, atom= 1748
Step=  521, Dmax= 1.3e-02 nm, Epot= -5.30650e+05 Fmax= 1.14630e+04, atom= 1748
Step=  522, Dmax= 1.6e-02 nm, Epot= -5.30667e+05 Fmax= 1.22838e+04, atom= 1748
Step=  523, Dmax= 1.9e-02 nm, Epot= -5.30640e+05 Fmax= 1.63708e+04, atom= 1748
Step=  524, Dmax= 9.3e-03 nm, Epot= -5.30756e+05 Fmax= 2.04780e+03, atom= 1748
Step=  525, Dmax= 1.1e-02 nm, Epot= -5.30758e+05 Fmax= 1.49264e+04, atom= 1748
Step=  526, Dmax= 1.3e-02 nm, Epot= -5.30871e+05 Fmax= 5.75292e+03, atom= 1748
Step=  527, Dmax= 1.6e-02 nm, Epot= -5.30766e+05 Fmax= 1.88169e+04, atom= 1748
Step=  528, Dmax= 8.0e-03 nm, Epot= -5.30894e+05 Fmax= 6.54440e+03, atom= 1748
Step=  529, Dmax= 9.6e-03 nm, Epot= -5.30911e+05 Fmax= 8.36249e+03, atom= 1748
Step=  530, Dmax= 1.2e-02 nm, Epot= -5.30929e+05 Fmax= 9.36361e+03, atom= 1748
Step=  531, Dmax= 1.4e-02 nm, Epot= -5.30931e+05 Fmax= 1.20637e+04, atom= 1748
Step=  532, Dmax= 1.7e-02 nm, Epot= -5.30940e+05 Fmax= 1.34582e+04, atom= 1748
Step=  533, Dmax= 2.0e-02 nm, Epot= -5.30910e+05 Fmax= 1.73278e+04, atom= 1748
Step=  534, Dmax= 1.0e-02 nm, Epot= -5.31044e+05 Fmax= 1.94206e+03, atom= 1748
Step=  535, Dmax= 1.2e-02 nm, Epot= -5.31036e+05 Fmax= 1.63011e+04, atom= 1748
Step=  536, Dmax= 6.0e-03 nm, Epot= -5.31082e+05 Fmax= 7.16360e+03, atom= 1748
Step=  537, Dmax= 7.2e-03 nm, Epot= -5.31120e+05 Fmax= 3.96296e+03, atom= 1748
Step=  538, Dmax= 8.6e-03 nm, Epot= -5.31129e+05 Fmax= 9.22874e+03, atom= 1748
Step=  539, Dmax= 1.0e-02 nm, Epot= -5.31171e+05 Fmax= 6.77605e+03, atom= 1748
Step=  540, Dmax= 1.2e-02 nm, Epot= -5.31154e+05 Fmax= 1.22637e+04, atom= 1748
Step=  541, Dmax= 6.2e-03 nm, Epot= -5.31208e+05 Fmax= 2.74975e+03, atom= 1748
Step=  542, Dmax= 7.5e-03 nm, Epot= -5.31227e+05 Fmax= 8.85833e+03, atom= 1748
Step=  543, Dmax= 9.0e-03 nm, Epot= -5.31274e+05 Fmax= 4.87162e+03, atom= 1748
Step=  544, Dmax= 1.1e-02 nm, Epot= -5.31261e+05 Fmax= 1.17710e+04, atom= 1748
Step=  545, Dmax= 5.4e-03 nm, Epot= -5.31302e+05 Fmax= 3.44730e+03, atom= 1748
Step=  546, Dmax= 6.5e-03 nm, Epot= -5.31324e+05 Fmax= 6.39152e+03, atom= 1748
Step=  547, Dmax= 7.7e-03 nm, Epot= -5.31353e+05 Fmax= 5.57532e+03, atom= 1748
Step=  548, Dmax= 9.3e-03 nm, Epot= -5.31363e+05 Fmax= 8.63213e+03, atom= 1748
Step=  549, Dmax= 1.1e-02 nm, Epot= -5.31390e+05 Fmax= 8.57554e+03, atom= 1748
Step=  550, Dmax= 1.3e-02 nm, Epot= -5.31385e+05 Fmax= 1.19045e+04, atom= 1748
Step=  551, Dmax= 6.7e-03 nm, Epot= -5.31440e+05 Fmax= 1.67327e+03, atom= 1748
Step=  552, Dmax= 8.0e-03 nm, Epot= -5.31476e+05 Fmax= 1.08928e+04, atom= 1748
Step=  553, Dmax= 9.6e-03 nm, Epot= -5.31544e+05 Fmax= 3.88001e+03, atom= 1748
Step=  554, Dmax= 1.2e-02 nm, Epot= -5.31512e+05 Fmax= 1.40463e+04, atom= 1748
Step=  555, Dmax= 5.8e-03 nm, Epot= -5.31568e+05 Fmax= 5.08101e+03, atom= 1748
Step=  556, Dmax= 6.9e-03 nm, Epot= -5.31592e+05 Fmax= 5.52247e+03, atom= 1748
Step=  557, Dmax= 8.3e-03 nm, Epot= -5.31610e+05 Fmax= 7.35243e+03, atom= 1748
Step=  558, Dmax= 1.0e-02 nm, Epot= -5.31631e+05 Fmax= 7.93720e+03, atom= 1748
Step=  559, Dmax= 1.2e-02 nm, Epot= -5.31636e+05 Fmax= 1.05653e+04, atom= 1748
Step=  560, Dmax= 1.4e-02 nm, Epot= -5.31652e+05 Fmax= 1.14579e+04, atom= 1748
Step=  561, Dmax= 1.7e-02 nm, Epot= -5.31632e+05 Fmax= 1.51295e+04, atom= 1748
Step=  562, Dmax= 8.6e-03 nm, Epot= -5.31731e+05 Fmax= 1.83849e+03, atom= 1748
Step=  563, Dmax= 1.0e-02 nm, Epot= -5.31744e+05 Fmax= 1.38723e+04, atom= 1748
Step=  564, Dmax= 1.2e-02 nm, Epot= -5.31843e+05 Fmax= 5.30831e+03, atom= 1748
Step=  565, Dmax= 1.5e-02 nm, Epot= -5.31757e+05 Fmax= 1.74694e+04, atom= 1748
Step=  566, Dmax= 7.5e-03 nm, Epot= -5.31865e+05 Fmax= 6.09125e+03, atom= 1748
Step=  567, Dmax= 8.9e-03 nm, Epot= -5.31882e+05 Fmax= 7.74043e+03, atom= 1748
Step=  568, Dmax= 1.1e-02 nm, Epot= -5.31900e+05 Fmax= 8.69551e+03, atom= 1748
Step=  569, Dmax= 1.3e-02 nm, Epot= -5.31904e+05 Fmax= 1.11847e+04, atom= 1748
Step=  570, Dmax= 1.5e-02 nm, Epot= -5.31914e+05 Fmax= 1.24862e+04, atom= 1748
Step=  571, Dmax= 1.9e-02 nm, Epot= -5.31891e+05 Fmax= 1.60796e+04, atom= 1748
Step=  572, Dmax= 9.3e-03 nm, Epot= -5.32005e+05 Fmax= 1.80161e+03, atom= 1748
Step=  573, Dmax= 1.1e-02 nm, Epot= -5.32008e+05 Fmax= 1.50886e+04, atom= 1748
Step=  574, Dmax= 1.3e-02 nm, Epot= -5.32124e+05 Fmax= 5.53343e+03, atom= 1748
Step=  575, Dmax= 1.6e-02 nm, Epot= -5.32012e+05 Fmax= 1.89511e+04, atom= 1748
Step=  576, Dmax= 8.0e-03 nm, Epot= -5.32143e+05 Fmax= 6.72255e+03, atom= 1748
Step=  577, Dmax= 9.6e-03 nm, Epot= -5.32160e+05 Fmax= 8.13953e+03, atom= 1748
Step=  578, Dmax= 1.2e-02 nm, Epot= -5.32173e+05 Fmax= 9.52974e+03, atom= 1748
Step=  579, Dmax= 1.4e-02 nm, Epot= -5.32176e+05 Fmax= 1.18315e+04, atom= 1748
Step=  580, Dmax= 1.7e-02 nm, Epot= -5.32178e+05 Fmax= 1.36100e+04, atom= 1748
Step=  581, Dmax= 2.0e-02 nm, Epot= -5.32153e+05 Fmax= 1.70802e+04, atom= 1748
Step=  582, Dmax= 1.0e-02 nm, Epot= -5.32284e+05 Fmax= 1.74338e+03, atom= 1748
Step=  583, Dmax= 1.2e-02 nm, Epot= -5.32277e+05 Fmax= 1.64156e+04, atom= 1748
Step=  584, Dmax= 6.0e-03 nm, Epot= -5.32322e+05 Fmax= 7.31712e+03, atom= 1748
Step=  585, Dmax= 7.2e-03 nm, Epot= -5.32360e+05 Fmax= 3.77579e+03, atom= 1748
Step=  586, Dmax= 8.6e-03 nm, Epot= -5.32365e+05 Fmax= 9.36911e+03, atom= 1748
Step=  587, Dmax= 1.0e-02 nm, Epot= -5.32408e+05 Fmax= 6.58588e+03, atom= 1748
Step=  588, Dmax= 1.2e-02 nm, Epot= -5.32387e+05 Fmax= 1.23927e+04, atom= 1748
Step=  589, Dmax= 6.2e-03 nm, Epot= -5.32443e+05 Fmax= 2.90954e+03, atom= 1748
Step=  590, Dmax= 7.4e-03 nm, Epot= -5.32457e+05 Fmax= 8.65603e+03, atom= 1748
Step=  591, Dmax= 8.9e-03 nm, Epot= -5.32500e+05 Fmax= 5.03027e+03, atom= 1748
Step=  592, Dmax= 1.1e-02 nm, Epot= -5.32485e+05 Fmax= 1.15562e+04, atom= 1748
Step=  593, Dmax= 5.4e-03 nm, Epot= -5.32527e+05 Fmax= 3.26090e+03, atom= 1748
Step=  594, Dmax= 6.4e-03 nm, Epot= -5.32547e+05 Fmax= 6.54301e+03, atom= 1748
Step=  595, Dmax= 7.7e-03 nm, Epot= -5.32576e+05 Fmax= 5.38503e+03, atom= 1748
Step=  596, Dmax= 9.3e-03 nm, Epot= -5.32582e+05 Fmax= 8.77631e+03, atom= 1748
Step=  597, Dmax= 1.1e-02 nm, Epot= -5.32610e+05 Fmax= 8.37620e+03, atom= 1748
Step=  598, Dmax= 1.3e-02 nm, Epot= -5.32600e+05 Fmax= 1.20394e+04, atom= 1748
Step=  599, Dmax= 6.7e-03 nm, Epot= -5.32657e+05 Fmax= 1.84026e+03, atom= 1748
Step=  600, Dmax= 8.0e-03 nm, Epot= -5.32682e+05 Fmax= 1.06644e+04, atom= 1748
Step=  601, Dmax= 9.6e-03 nm, Epot= -5.32746e+05 Fmax= 4.06114e+03, atom= 1748
Step=  602, Dmax= 1.2e-02 nm, Epot= -5.32710e+05 Fmax= 1.37987e+04, atom= 1748
Step=  603, Dmax= 5.8e-03 nm, Epot= -5.32768e+05 Fmax= 4.86629e+03, atom= 1748
Step=  604, Dmax= 6.9e-03 nm, Epot= -5.32789e+05 Fmax= 5.70245e+03, atom= 1748
Step=  605, Dmax= 8.3e-03 nm, Epot= -5.32806e+05 Fmax= 7.12778e+03, atom= 1748
Step=  606, Dmax= 1.0e-02 nm, Epot= -5.32823e+05 Fmax= 8.11387e+03, atom= 1748
Step=  607, Dmax= 1.2e-02 nm, Epot= -5.32830e+05 Fmax= 1.03269e+04, atom= 1748
Step=  608, Dmax= 1.4e-02 nm, Epot= -5.32840e+05 Fmax= 1.16282e+04, atom= 1748
Step=  609, Dmax= 1.7e-02 nm, Epot= -5.32824e+05 Fmax= 1.48725e+04, atom= 1748
Step=  610, Dmax= 8.6e-03 nm, Epot= -5.32920e+05 Fmax= 1.62512e+03, atom= 1748
Step=  611, Dmax= 1.0e-02 nm, Epot= -5.32936e+05 Fmax= 1.40179e+04, atom= 1748
Step=  612, Dmax= 1.2e-02 nm, Epot= -5.33037e+05 Fmax= 5.10639e+03, atom= 1748
Step=  613, Dmax= 1.5e-02 nm, Epot= -5.32946e+05 Fmax= 1.75979e+04, atom= 1748
Step=  614, Dmax= 7.4e-03 nm, Epot= -5.33056e+05 Fmax= 6.25756e+03, atom= 1748
Step=  615, Dmax= 8.9e-03 nm, Epot= -5.33073e+05 Fmax= 7.52835e+03, atom= 1748
Step=  616, Dmax= 1.1e-02 nm, Epot= -5.33087e+05 Fmax= 8.85763e+03, atom= 1748
Step=  617, Dmax= 1.3e-02 nm, Epot= -5.33092e+05 Fmax= 1.09571e+04, atom= 1748
Step=  618, Dmax= 1.5e-02 nm, Epot= -5.33096e+05 Fmax= 1.26417e+04, atom= 1748
Step=  619, Dmax= 1.8e-02 nm, Epot= -5.33077e+05 Fmax= 1.58308e+04, atom= 1748
Step=  620, Dmax= 9.2e-03 nm, Epot= -5.33188e+05 Fmax= 1.60033e+03, atom= 1748
Step=  621, Dmax= 1.1e-02 nm, Epot= -5.33195e+05 Fmax= 1.52219e+04, atom= 1748
Step=  622, Dmax= 1.3e-02 nm, Epot= -5.33313e+05 Fmax= 5.33982e+03, atom= 1748
Step=  623, Dmax= 1.6e-02 nm, Epot= -5.33196e+05 Fmax= 1.90676e+04, atom= 1748
Step=  624, Dmax= 8.0e-03 nm, Epot= -5.33329e+05 Fmax= 6.87944e+03, atom= 1748
Step=  625, Dmax= 9.6e-03 nm, Epot= -5.33346e+05 Fmax= 7.93272e+03, atom= 1748
Step=  626, Dmax= 1.2e-02 nm, Epot= -5.33355e+05 Fmax= 9.68390e+03, atom= 1748
Step=  627, Dmax= 1.4e-02 nm, Epot= -5.33360e+05 Fmax= 1.16066e+04, atom= 1748
Step=  628, Dmax= 1.7e-02 nm, Epot= -5.33356e+05 Fmax= 1.37590e+04, atom= 1748
Step=  629, Dmax= 8.3e-03 nm, Epot= -5.33438e+05 Fmax= 1.09522e+03, atom= 1748
Step=  630, Dmax= 9.9e-03 nm, Epot= -5.33491e+05 Fmax= 1.45809e+04, atom= 1748
Step=  631, Dmax= 1.2e-02 nm, Epot= -5.33603e+05 Fmax= 3.75083e+03, atom= 1748
Step=  632, Dmax= 1.4e-02 nm, Epot= -5.33506e+05 Fmax= 1.84367e+04, atom= 1748
Step=  633, Dmax= 7.2e-03 nm, Epot= -5.33616e+05 Fmax= 7.35139e+03, atom= 1748
Step=  634, Dmax= 8.6e-03 nm, Epot= -5.33645e+05 Fmax= 5.80855e+03, atom= 1748
Step=  635, Dmax= 1.0e-02 nm, Epot= -5.33641e+05 Fmax= 1.01234e+04, atom= 1748
Step=  636, Dmax= 5.2e-03 nm, Epot= -5.33675e+05 Fmax= 2.15605e+03, atom= 1748
Step=  637, Dmax= 6.2e-03 nm, Epot= -5.33700e+05 Fmax= 7.24207e+03, atom= 1748
Step=  638, Dmax= 7.4e-03 nm, Epot= -5.33734e+05 Fmax= 4.21953e+03, atom= 1748
Step=  639, Dmax= 8.9e-03 nm, Epot= -5.33734e+05 Fmax= 9.38763e+03, atom= 1748
Step=  640, Dmax= 4.5e-03 nm, Epot= -5.33757e+05 Fmax= 2.58689e+03, atom= 1748
Step=  641, Dmax= 5.3e-03 nm, Epot= -5.33780e+05 Fmax= 5.71781e+03, atom= 1748
Step=  642, Dmax= 6.4e-03 nm, Epot= -5.33806e+05 Fmax= 4.09739e+03, atom= 1748
Step=  643, Dmax= 7.7e-03 nm, Epot= -5.33816e+05 Fmax= 7.81796e+03, atom= 1748
Step=  644, Dmax= 9.2e-03 nm, Epot= -5.33846e+05 Fmax= 6.32796e+03, atom= 1748
Step=  645, Dmax= 1.1e-02 nm, Epot= -5.33837e+05 Fmax= 1.07860e+04, atom= 1748
Step=  646, Dmax= 5.5e-03 nm, Epot= -5.33878e+05 Fmax= 2.22758e+03, atom= 1748
Step=  647, Dmax= 6.6e-03 nm, Epot= -5.33898e+05 Fmax= 7.88148e+03, atom= 1748
Step=  648, Dmax= 8.0e-03 nm, Epot= -5.33937e+05 Fmax= 4.43484e+03, atom= 1748
Step=  649, Dmax= 9.6e-03 nm, Epot= -5.33930e+05 Fmax= 1.01967e+04, atom= 1748
Step=  650, Dmax= 4.8e-03 nm, Epot= -5.33960e+05 Fmax= 2.88398e+03, atom= 1748
Step=  651, Dmax= 5.7e-03 nm, Epot= -5.33979e+05 Fmax= 6.03236e+03, atom= 1748
Step=  652, Dmax= 6.9e-03 nm, Epot= -5.34006e+05 Fmax= 4.52129e+03, atom= 1748
Step=  653, Dmax= 8.3e-03 nm, Epot= -5.34012e+05 Fmax= 8.27733e+03, atom= 1748
Step=  654, Dmax= 9.9e-03 nm, Epot= -5.34041e+05 Fmax= 6.93122e+03, atom= 1748
Step=  655, Dmax= 1.2e-02 nm, Epot= -5.34029e+05 Fmax= 1.14553e+04, atom= 1748
Step=  656, Dmax= 6.0e-03 nm, Epot= -5.34077e+05 Fmax= 2.26054e+03, atom= 1748
Step=  657, Dmax= 7.1e-03 nm, Epot= -5.34094e+05 Fmax= 8.61230e+03, atom= 1748
Step=  658, Dmax= 8.6e-03 nm, Epot= -5.34137e+05 Fmax= 4.62230e+03, atom= 1748
Step=  659, Dmax= 1.0e-02 nm, Epot= -5.34122e+05 Fmax= 1.11111e+04, atom= 1748
Step=  660, Dmax= 5.1e-03 nm, Epot= -5.34161e+05 Fmax= 3.24832e+03, atom= 1748
Step=  661, Dmax= 6.2e-03 nm, Epot= -5.34177e+05 Fmax= 6.32414e+03, atom= 1748
Step=  662, Dmax= 7.4e-03 nm, Epot= -5.34203e+05 Fmax= 5.02354e+03, atom= 1748
Step=  663, Dmax= 8.9e-03 nm, Epot= -5.34207e+05 Fmax= 8.72322e+03, atom= 1748
Step=  664, Dmax= 1.1e-02 nm, Epot= -5.34235e+05 Fmax= 7.62729e+03, atom= 1748
Step=  665, Dmax= 1.3e-02 nm, Epot= -5.34218e+05 Fmax= 1.21253e+04, atom= 1748
Step=  666, Dmax= 6.4e-03 nm, Epot= -5.34275e+05 Fmax= 2.24757e+03, atom= 1748
Step=  667, Dmax= 7.7e-03 nm, Epot= -5.34288e+05 Fmax= 9.44582e+03, atom= 1748
Step=  668, Dmax= 9.2e-03 nm, Epot= -5.34337e+05 Fmax= 4.77598e+03, atom= 1748
Step=  669, Dmax= 1.1e-02 nm, Epot= -5.34311e+05 Fmax= 1.21416e+04, atom= 1748
Step=  670, Dmax= 5.5e-03 nm, Epot= -5.34360e+05 Fmax= 3.68718e+03, atom= 1748
Step=  671, Dmax= 6.6e-03 nm, Epot= -5.34374e+05 Fmax= 6.59012e+03, atom= 1748
Step=  672, Dmax= 8.0e-03 nm, Epot= -5.34399e+05 Fmax= 5.61085e+03, atom= 1748
Step=  673, Dmax= 9.6e-03 nm, Epot= -5.34400e+05 Fmax= 9.15463e+03, atom= 1748
Step=  674, Dmax= 1.1e-02 nm, Epot= -5.34426e+05 Fmax= 8.42301e+03, atom= 1748
Step=  675, Dmax= 1.4e-02 nm, Epot= -5.34405e+05 Fmax= 1.27974e+04, atom= 1748
Step=  676, Dmax= 6.9e-03 nm, Epot= -5.34472e+05 Fmax= 2.18608e+03, atom= 1748
Step=  677, Dmax= 8.3e-03 nm, Epot= -5.34479e+05 Fmax= 1.03890e+04, atom= 1748
Step=  678, Dmax= 9.9e-03 nm, Epot= -5.34537e+05 Fmax= 4.89460e+03, atom= 1748
Step=  679, Dmax= 1.2e-02 nm, Epot= -5.34498e+05 Fmax= 1.32954e+04, atom= 1748
Step=  680, Dmax= 5.9e-03 nm, Epot= -5.34559e+05 Fmax= 4.20566e+03, atom= 1748
Step=  681, Dmax= 7.1e-03 nm, Epot= -5.34571e+05 Fmax= 6.82931e+03, atom= 1748
Step=  682, Dmax= 8.6e-03 nm, Epot= -5.34594e+05 Fmax= 6.28863e+03, atom= 1748
Step=  683, Dmax= 1.0e-02 nm, Epot= -5.34593e+05 Fmax= 9.57193e+03, atom= 1748
Step=  684, Dmax= 5.1e-03 nm, Epot= -5.34625e+05 Fmax= 1.64056e+03, atom= 1748
Step=  685, Dmax= 6.2e-03 nm, Epot= -5.34655e+05 Fmax= 7.71711e+03, atom= 1748
Step=  686, Dmax= 7.4e-03 nm, Epot= -5.34693e+05 Fmax= 3.70046e+03, atom= 1748
Step=  687, Dmax= 8.9e-03 nm, Epot= -5.34688e+05 Fmax= 9.86639e+03, atom= 1748
Step=  688, Dmax= 4.4e-03 nm, Epot= -5.34714e+05 Fmax= 3.08582e+03, atom= 1748
Step=  689, Dmax= 5.3e-03 nm, Epot= -5.34732e+05 Fmax= 5.16811e+03, atom= 1748
Step=  690, Dmax= 6.4e-03 nm, Epot= -5.34753e+05 Fmax= 4.61907e+03, atom= 1748
Step=  691, Dmax= 7.7e-03 nm, Epot= -5.34764e+05 Fmax= 7.23784e+03, atom= 1748
Step=  692, Dmax= 9.2e-03 nm, Epot= -5.34786e+05 Fmax= 6.86799e+03, atom= 1748
Step=  693, Dmax= 1.1e-02 nm, Epot= -5.34782e+05 Fmax= 1.01736e+04, atom= 1748
Step=  694, Dmax= 5.5e-03 nm, Epot= -5.34820e+05 Fmax= 1.65144e+03, atom= 1748
Step=  695, Dmax= 6.6e-03 nm, Epot= -5.34848e+05 Fmax= 8.41665e+03, atom= 1748
Step=  696, Dmax= 7.9e-03 nm, Epot= -5.34890e+05 Fmax= 3.85297e+03, atom= 1748
Step=  697, Dmax= 9.5e-03 nm, Epot= -5.34877e+05 Fmax= 1.07378e+04, atom= 1748
Step=  698, Dmax= 4.8e-03 nm, Epot= -5.34910e+05 Fmax= 3.44561e+03, atom= 1748
Step=  699, Dmax= 5.7e-03 nm, Epot= -5.34927e+05 Fmax= 5.41733e+03, atom= 1748
Step=  700, Dmax= 6.9e-03 nm, Epot= -5.34948e+05 Fmax= 5.10735e+03, atom= 1748
Step=  701, Dmax= 8.2e-03 nm, Epot= -5.34956e+05 Fmax= 7.62892e+03, atom= 1748
Step=  702, Dmax= 9.9e-03 nm, Epot= -5.34976e+05 Fmax= 7.53711e+03, atom= 1748
Step=  703, Dmax= 1.2e-02 nm, Epot= -5.34971e+05 Fmax= 1.07716e+04, atom= 1748
Step=  704, Dmax= 5.9e-03 nm, Epot= -5.35015e+05 Fmax= 1.61618e+03, atom= 1748
Step=  705, Dmax= 7.1e-03 nm, Epot= -5.35040e+05 Fmax= 9.21395e+03, atom= 1748
Step=  706, Dmax= 8.5e-03 nm, Epot= -5.35089e+05 Fmax= 3.97180e+03, atom= 1748
Step=  707, Dmax= 1.0e-02 nm, Epot= -5.35067e+05 Fmax= 1.17188e+04, atom= 1748
Step=  708, Dmax= 5.1e-03 nm, Epot= -5.35109e+05 Fmax= 3.87760e+03, atom= 1748
Step=  709, Dmax= 6.2e-03 nm, Epot= -5.35124e+05 Fmax= 5.63994e+03, atom= 1748
Step=  710, Dmax= 7.4e-03 nm, Epot= -5.35143e+05 Fmax= 5.67679e+03, atom= 1748
Step=  711, Dmax= 8.9e-03 nm, Epot= -5.35151e+05 Fmax= 8.00444e+03, atom= 1748
Step=  712, Dmax= 1.1e-02 nm, Epot= -5.35168e+05 Fmax= 8.30087e+03, atom= 1748
Step=  713, Dmax= 1.3e-02 nm, Epot= -5.35161e+05 Fmax= 1.13692e+04, atom= 1748
Step=  714, Dmax= 6.4e-03 nm, Epot= -5.35213e+05 Fmax= 1.53357e+03, atom= 1748
Step=  715, Dmax= 7.7e-03 nm, Epot= -5.35237e+05 Fmax= 1.01144e+04, atom= 1748
Step=  716, Dmax= 9.2e-03 nm, Epot= -5.35293e+05 Fmax= 4.05698e+03, atom= 1748
Step=  717, Dmax= 1.1e-02 nm, Epot= -5.35259e+05 Fmax= 1.28154e+04, atom= 1748
Step=  718, Dmax= 5.5e-03 nm, Epot= -5.35312e+05 Fmax= 4.38411e+03, atom= 1748
Step=  719, Dmax= 6.6e-03 nm, Epot= -5.35326e+05 Fmax= 5.83731e+03, atom= 1748
Step=  720, Dmax= 7.9e-03 nm, Epot= -5.35343e+05 Fmax= 6.33139e+03, atom= 1748
Step=  721, Dmax= 9.5e-03 nm, Epot= -5.35351e+05 Fmax= 8.36589e+03, atom= 1748
Step=  722, Dmax= 1.1e-02 nm, Epot= -5.35363e+05 Fmax= 9.16337e+03, atom= 1748
Step=  723, Dmax= 1.4e-02 nm, Epot= -5.35356e+05 Fmax= 1.19693e+04, atom= 1748
Step=  724, Dmax= 6.9e-03 nm, Epot= -5.35416e+05 Fmax= 1.40321e+03, atom= 1748
Step=  725, Dmax= 8.2e-03 nm, Epot= -5.35440e+05 Fmax= 1.11230e+04, atom= 1748
Step=  726, Dmax= 9.9e-03 nm, Epot= -5.35507e+05 Fmax= 4.11018e+03, atom= 1748
Step=  727, Dmax= 1.2e-02 nm, Epot= -5.35457e+05 Fmax= 1.40311e+04, atom= 1748
Step=  728, Dmax= 5.9e-03 nm, Epot= -5.35523e+05 Fmax= 4.96707e+03, atom= 1748
Step=  729, Dmax= 7.1e-03 nm, Epot= -5.35538e+05 Fmax= 6.01235e+03, atom= 1748
Step=  730, Dmax= 8.5e-03 nm, Epot= -5.35552e+05 Fmax= 7.07150e+03, atom= 1748
Step=  731, Dmax= 1.0e-02 nm, Epot= -5.35560e+05 Fmax= 8.71801e+03, atom= 1748
Step=  732, Dmax= 1.2e-02 nm, Epot= -5.35566e+05 Fmax= 1.01265e+04, atom= 1748
Step=  733, Dmax= 1.5e-02 nm, Epot= -5.35560e+05 Fmax= 1.25780e+04, atom= 1748
Step=  734, Dmax= 7.4e-03 nm, Epot= -5.35627e+05 Fmax= 1.22743e+03, atom= 1748
Step=  735, Dmax= 8.8e-03 nm, Epot= -5.35657e+05 Fmax= 1.22404e+04, atom= 1748
Step=  736, Dmax= 1.1e-02 nm, Epot= -5.35736e+05 Fmax= 4.13822e+03, atom= 1748
Step=  737, Dmax= 1.3e-02 nm, Epot= -5.35669e+05 Fmax= 1.53648e+04, atom= 1748
Step=  738, Dmax= 6.4e-03 nm, Epot= -5.35750e+05 Fmax= 5.62259e+03, atom= 1748
Step=  739, Dmax= 7.6e-03 nm, Epot= -5.35766e+05 Fmax= 6.17289e+03, atom= 1748
Step=  740, Dmax= 9.2e-03 nm, Epot= -5.35775e+05 Fmax= 7.89527e+03, atom= 1748
Step=  741, Dmax= 1.1e-02 nm, Epot= -5.35785e+05 Fmax= 9.06930e+03, atom= 1748
Step=  742, Dmax= 1.3e-02 nm, Epot= -5.35784e+05 Fmax= 1.11889e+04, atom= 1748
Step=  743, Dmax= 6.6e-03 nm, Epot= -5.35836e+05 Fmax= 1.06947e+03, atom= 1748
Step=  744, Dmax= 7.9e-03 nm, Epot= -5.35878e+05 Fmax= 1.12941e+04, atom= 1748
Step=  745, Dmax= 9.5e-03 nm, Epot= -5.35947e+05 Fmax= 3.32224e+03, atom= 1748
Step=  746, Dmax= 1.1e-02 nm, Epot= -5.35898e+05 Fmax= 1.43176e+04, atom= 1748
Step=  747, Dmax= 5.7e-03 nm, Epot= -5.35962e+05 Fmax= 5.49829e+03, atom= 1748
Step=  748, Dmax= 6.8e-03 nm, Epot= -5.35982e+05 Fmax= 5.00770e+03, atom= 1748
Step=  749, Dmax= 8.2e-03 nm, Epot= -5.35988e+05 Fmax= 7.67048e+03, atom= 1748
Step=  750, Dmax= 9.9e-03 nm, Epot= -5.36007e+05 Fmax= 7.46170e+03, atom= 1748
Step=  751, Dmax= 1.2e-02 nm, Epot= -5.35999e+05 Fmax= 1.07695e+04, atom= 1748
Step=  752, Dmax= 5.9e-03 nm, Epot= -5.36045e+05 Fmax= 1.65291e+03, atom= 1748
Step=  753, Dmax= 7.1e-03 nm, Epot= -5.36064e+05 Fmax= 9.19365e+03, atom= 1748
Step=  754, Dmax= 8.5e-03 nm, Epot= -5.36111e+05 Fmax= 3.93732e+03, atom= 1748
Step=  755, Dmax= 1.0e-02 nm, Epot= -5.36086e+05 Fmax= 1.17311e+04, atom= 1748
Step=  756, Dmax= 5.1e-03 nm, Epot= -5.36129e+05 Fmax= 3.90076e+03, atom= 1748
Step=  757, Dmax= 6.1e-03 nm, Epot= -5.36143e+05 Fmax= 5.56703e+03, atom= 1748
Step=  758, Dmax= 7.4e-03 nm, Epot= -5.36160e+05 Fmax= 5.72734e+03, atom= 1748
Step=  759, Dmax= 8.8e-03 nm, Epot= -5.36167e+05 Fmax= 7.89099e+03, atom= 1748
Step=  760, Dmax= 1.1e-02 nm, Epot= -5.36181e+05 Fmax= 8.37515e+03, atom= 1748
Step=  761, Dmax= 1.3e-02 nm, Epot= -5.36174e+05 Fmax= 1.12121e+04, atom= 1748
Step=  762, Dmax= 6.4e-03 nm, Epot= -5.36226e+05 Fmax= 1.41837e+03, atom= 1748
Step=  763, Dmax= 7.6e-03 nm, Epot= -5.36248e+05 Fmax= 1.02414e+04, atom= 1748
Step=  764, Dmax= 9.2e-03 nm, Epot= -5.36305e+05 Fmax= 3.87437e+03, atom= 1748
Step=  765, Dmax= 1.1e-02 nm, Epot= -5.36267e+05 Fmax= 1.29703e+04, atom= 1748
Step=  766, Dmax= 5.5e-03 nm, Epot= -5.36322e+05 Fmax= 4.55286e+03, atom= 1748
Step=  767, Dmax= 6.6e-03 nm, Epot= -5.36336e+05 Fmax= 5.61742e+03, atom= 1748
Step=  768, Dmax= 7.9e-03 nm, Epot= -5.36350e+05 Fmax= 6.52564e+03, atom= 1748
Step=  769, Dmax= 9.5e-03 nm, Epot= -5.36358e+05 Fmax= 8.10560e+03, atom= 1748
Step=  770, Dmax= 1.1e-02 nm, Epot= -5.36366e+05 Fmax= 9.38057e+03, atom= 1748
Step=  771, Dmax= 1.4e-02 nm, Epot= -5.36362e+05 Fmax= 1.16654e+04, atom= 1748
Step=  772, Dmax= 6.8e-03 nm, Epot= -5.36419e+05 Fmax= 1.14325e+03, atom= 1748
Step=  773, Dmax= 8.2e-03 nm, Epot= -5.36452e+05 Fmax= 1.13912e+04, atom= 1748
Step=  774, Dmax= 9.8e-03 nm, Epot= -5.36522e+05 Fmax= 3.78743e+03, atom= 1748
Step=  775, Dmax= 1.2e-02 nm, Epot= -5.36468e+05 Fmax= 1.43192e+04, atom= 1748
Step=  776, Dmax= 5.9e-03 nm, Epot= -5.36536e+05 Fmax= 5.27345e+03, atom= 1748
Step=  777, Dmax= 7.1e-03 nm, Epot= -5.36552e+05 Fmax= 5.65422e+03, atom= 1748
Step=  778, Dmax= 8.5e-03 nm, Epot= -5.36560e+05 Fmax= 7.40133e+03, atom= 1748
Step=  779, Dmax= 1.0e-02 nm, Epot= -5.36572e+05 Fmax= 8.32009e+03, atom= 1748
Step=  780, Dmax= 1.2e-02 nm, Epot= -5.36571e+05 Fmax= 1.04773e+04, atom= 1748
Step=  781, Dmax= 6.1e-03 nm, Epot= -5.36616e+05 Fmax= 1.08645e+03, atom= 1748
Step=  782, Dmax= 7.3e-03 nm, Epot= -5.36654e+05 Fmax= 1.03182e+04, atom= 1748
Step=  783, Dmax= 8.8e-03 nm, Epot= -5.36713e+05 Fmax= 3.23801e+03, atom= 1748
Step=  784, Dmax= 1.1e-02 nm, Epot= -5.36676e+05 Fmax= 1.30938e+04, atom= 1748
Step=  785, Dmax= 5.3e-03 nm, Epot= -5.36728e+05 Fmax= 4.92724e+03, atom= 1748
Step=  786, Dmax= 6.3e-03 nm, Epot= -5.36745e+05 Fmax= 4.82154e+03, atom= 1748
Step=  787, Dmax= 7.6e-03 nm, Epot= -5.36754e+05 Fmax= 6.92264e+03, atom= 1748
Step=  788, Dmax= 9.1e-03 nm, Epot= -5.36770e+05 Fmax= 7.11732e+03, atom= 1748
Step=  789, Dmax= 1.1e-02 nm, Epot= -5.36768e+05 Fmax= 9.77805e+03, atom= 1748
Step=  790, Dmax= 5.5e-03 nm, Epot= -5.36805e+05 Fmax= 1.32936e+03, atom= 1748
Step=  791, Dmax= 6.6e-03 nm, Epot= -5.36832e+05 Fmax= 8.74883e+03, atom= 1748
Step=  792, Dmax= 7.9e-03 nm, Epot= -5.36877e+05 Fmax= 3.42210e+03, atom= 1748
Step=  793, Dmax= 9.5e-03 nm, Epot= -5.36857e+05 Fmax= 1.11211e+04, atom= 1748
Step=  794, Dmax= 4.7e-03 nm, Epot= -5.36893e+05 Fmax= 3.85287e+03, atom= 1748
Step=  795, Dmax= 5.7e-03 nm, Epot= -5.36908e+05 Fmax= 4.91592e+03, atom= 1748
Step=  796, Dmax= 6.8e-03 nm, Epot= -5.36923e+05 Fmax= 5.56479e+03, atom= 1748
Step=  797, Dmax= 8.2e-03 nm, Epot= -5.36933e+05 Fmax= 7.05314e+03, atom= 1748
Step=  798, Dmax= 9.8e-03 nm, Epot= -5.36943e+05 Fmax= 8.03901e+03, atom= 1748
Step=  799, Dmax= 1.2e-02 nm, Epot= -5.36944e+05 Fmax= 1.01152e+04, atom= 1748
Step=  800, Dmax= 1.4e-02 nm, Epot= -5.36946e+05 Fmax= 1.16042e+04, atom= 1748
Step=  801, Dmax= 1.7e-02 nm, Epot= -5.36927e+05 Fmax= 1.45055e+04, atom= 1748
Step=  802, Dmax= 8.5e-03 nm, Epot= -5.37022e+05 Fmax= 1.45442e+03, atom= 1748
Step=  803, Dmax= 1.0e-02 nm, Epot= -5.37013e+05 Fmax= 1.41871e+04, atom= 1748
Step=  804, Dmax= 5.1e-03 nm, Epot= -5.37048e+05 Fmax= 6.35418e+03, atom= 1748
Step=  805, Dmax= 6.1e-03 nm, Epot= -5.37076e+05 Fmax= 3.06418e+03, atom= 1748
Step=  806, Dmax= 7.3e-03 nm, Epot= -5.37078e+05 Fmax= 8.19539e+03, atom= 1748
Step=  807, Dmax= 8.8e-03 nm, Epot= -5.37111e+05 Fmax= 5.35984e+03, atom= 1748
Step=  808, Dmax= 1.1e-02 nm, Epot= -5.37092e+05 Fmax= 1.08608e+04, atom= 1748
Step=  809, Dmax= 5.3e-03 nm, Epot= -5.37135e+05 Fmax= 2.75456e+03, atom= 1748
Step=  810, Dmax= 6.3e-03 nm, Epot= -5.37144e+05 Fmax= 7.01807e+03, atom= 1748
Step=  811, Dmax= 7.6e-03 nm, Epot= -5.37172e+05 Fmax= 4.66871e+03, atom= 1748
Step=  812, Dmax= 9.1e-03 nm, Epot= -5.37163e+05 Fmax= 9.39150e+03, atom= 1748
Step=  813, Dmax= 4.6e-03 nm, Epot= -5.37192e+05 Fmax= 2.35994e+03, atom= 1748
Step=  814, Dmax= 5.5e-03 nm, Epot= -5.37206e+05 Fmax= 6.04541e+03, atom= 1748
Step=  815, Dmax= 6.6e-03 nm, Epot= -5.37231e+05 Fmax= 4.07604e+03, atom= 1748
Step=  816, Dmax= 7.9e-03 nm, Epot= -5.37231e+05 Fmax= 8.03493e+03, atom= 1748
Step=  817, Dmax= 9.5e-03 nm, Epot= -5.37258e+05 Fmax= 6.53366e+03, atom= 1748
Step=  818, Dmax= 1.1e-02 nm, Epot= -5.37241e+05 Fmax= 1.09047e+04, atom= 1748
Step=  819, Dmax= 5.7e-03 nm, Epot= -5.37288e+05 Fmax= 2.19121e+03, atom= 1748
Step=  820, Dmax= 6.8e-03 nm, Epot= -5.37295e+05 Fmax= 8.31590e+03, atom= 1748
Step=  821, Dmax= 8.2e-03 nm, Epot= -5.37333e+05 Fmax= 4.24993e+03, atom= 1748
Step=  822, Dmax= 9.8e-03 nm, Epot= -5.37313e+05 Fmax= 1.08644e+04, atom= 1748
Step=  823, Dmax= 4.9e-03 nm, Epot= -5.37352e+05 Fmax= 3.30516e+03, atom= 1748
Step=  824, Dmax= 5.9e-03 nm, Epot= -5.37363e+05 Fmax= 5.73652e+03, atom= 1748
Step=  825, Dmax= 7.1e-03 nm, Epot= -5.37382e+05 Fmax= 5.14159e+03, atom= 1748
Step=  826, Dmax= 8.5e-03 nm, Epot= -5.37385e+05 Fmax= 7.88099e+03, atom= 1748
Step=  827, Dmax= 1.0e-02 nm, Epot= -5.37402e+05 Fmax= 7.77633e+03, atom= 1748
Step=  828, Dmax= 1.2e-02 nm, Epot= -5.37392e+05 Fmax= 1.09687e+04, atom= 1748
Step=  829, Dmax= 6.1e-03 nm, Epot= -5.37441e+05 Fmax= 1.60373e+03, atom= 1748
Step=  830, Dmax= 7.3e-03 nm, Epot= -5.37454e+05 Fmax= 9.69597e+03, atom= 1748
Step=  831, Dmax= 8.8e-03 nm, Epot= -5.37505e+05 Fmax= 3.81559e+03, atom= 1748
Step=  832, Dmax= 1.1e-02 nm, Epot= -5.37470e+05 Fmax= 1.24331e+04, atom= 1748
Step=  833, Dmax= 5.3e-03 nm, Epot= -5.37520e+05 Fmax= 4.30673e+03, atom= 1748
Step=  834, Dmax= 6.3e-03 nm, Epot= -5.37533e+05 Fmax= 5.41651e+03, atom= 1748
Step=  835, Dmax= 7.6e-03 nm, Epot= -5.37546e+05 Fmax= 6.27604e+03, atom= 1748
Step=  836, Dmax= 9.1e-03 nm, Epot= -5.37554e+05 Fmax= 7.72460e+03, atom= 1748
Step=  837, Dmax= 1.1e-02 nm, Epot= -5.37560e+05 Fmax= 9.10318e+03, atom= 1748
Step=  838, Dmax= 1.3e-02 nm, Epot= -5.37558e+05 Fmax= 1.10456e+04, atom= 1748
Step=  839, Dmax= 6.6e-03 nm, Epot= -5.37610e+05 Fmax= 9.81325e+02, atom= 1748

writing lowest energy coordinates.

Steepest Descents converged to Fmax < 1000 in 840 steps
Potential Energy  = -5.3761000e+05
Maximum force     =  9.8132477e+02 on atom 1748
Norm of force     =  1.8720251e+01

GROMACS reminds you: "Fifty years of programming language research, and we end up with C++???" (Richard O'Keefe)

