
--- stderr ---
                :-) GROMACS - gmx mdrun, 2024.5-conda_forge (-:

Executable:   /usr/local/Caskroom/miniforge/base/envs/gromacs_env/bin.AVX2_256/gmx
Data prefix:  /usr/local/Caskroom/miniforge/base/envs/gromacs_env
Working dir:  /Users/laetitiaguerin/Library/CloudStorage/OneDrive-Personal/Documents/BSc_Nanobiology/Year_5/BEP/Energy_minimization/tleap_runs/P00208_C58A
Command line:
  gmx mdrun -v -deffnm P00208_C58A_minim

The current CPU can measure timings more accurately than the code in
gmx mdrun was configured to use. This might affect your simulation
speed as accurate timings are needed for load-balancing.
Please consider rebuilding gmx mdrun with the GMX_USE_RDTSCP=ON CMake option.
Reading file P00208_C58A_minim.tpr, VERSION 2024.5-conda_forge (single precision)

Using 1 MPI thread
Using 8 OpenMP threads 


Steepest Descents:
   Tolerance (Fmax)   =  1.00000e+03
   Number of steps    =        50000
Step=    0, Dmax= 1.0e-02 nm, Epot= -2.53039e+05 Fmax= 3.69845e+03, atom= 818
Step=    1, Dmax= 1.0e-02 nm, Epot= -2.58545e+05 Fmax= 7.72332e+03, atom= 818
Step=    2, Dmax= 1.2e-02 nm, Epot= -2.61106e+05 Fmax= 7.94072e+03, atom= 818
Step=    3, Dmax= 1.4e-02 nm, Epot= -2.63414e+05 Fmax= 1.07610e+04, atom= 818
Step=    4, Dmax= 1.7e-02 nm, Epot= -2.65110e+05 Fmax= 1.25128e+04, atom= 818
Step=    5, Dmax= 2.1e-02 nm, Epot= -2.66270e+05 Fmax= 1.81685e+04, atom= 1215
Step=    6, Dmax= 2.5e-02 nm, Epot= -2.67593e+05 Fmax= 1.97299e+04, atom= 1215
Step=    7, Dmax= 3.0e-02 nm, Epot= -2.68239e+05 Fmax= 2.58915e+04, atom= 1215
Step=    8, Dmax= 3.6e-02 nm, Epot= -2.69107e+05 Fmax= 2.84058e+04, atom= 1215
Step=    9, Dmax= 4.3e-02 nm, Epot= -2.68890e+05 Fmax= 3.66810e+04, atom= 1215
Step=   10, Dmax= 2.1e-02 nm, Epot= -2.71877e+05 Fmax= 4.37669e+03, atom= 1215
Step=   11, Dmax= 2.6e-02 nm, Epot= -2.73143e+05 Fmax= 3.44059e+04, atom= 1215
Step=   12, Dmax= 3.1e-02 nm, Epot= -2.75996e+05 Fmax= 1.31329e+04, atom= 1215
Step=   13, Dmax= 3.7e-02 nm, Epot= -2.73546e+05 Fmax= 4.31250e+04, atom= 1215
Step=   14, Dmax= 1.9e-02 nm, Epot= -2.76591e+05 Fmax= 1.50865e+04, atom= 1215
Step=   15, Dmax= 2.2e-02 nm, Epot= -2.77012e+05 Fmax= 1.90808e+04, atom= 1215
Step=   16, Dmax= 2.7e-02 nm, Epot= -2.77421e+05 Fmax= 2.15336e+04, atom= 1215
Step=   17, Dmax= 3.2e-02 nm, Epot= -2.77431e+05 Fmax= 2.74040e+04, atom= 1215
Step=   18, Dmax= 3.9e-02 nm, Epot= -2.77522e+05 Fmax= 3.07934e+04, atom= 1215
Step=   19, Dmax= 4.6e-02 nm, Epot= -2.76740e+05 Fmax= 3.89674e+04, atom= 1215
Step=   20, Dmax= 2.3e-02 nm, Epot= -2.79974e+05 Fmax= 4.35284e+03, atom= 1215
Step=   21, Dmax= 2.8e-02 nm, Epot= -2.79143e+05 Fmax= 3.72803e+04, atom= 1215
Step=   22, Dmax= 1.4e-02 nm, Epot= -2.80611e+05 Fmax= 1.62146e+04, atom= 1215
Step=   23, Dmax= 1.7e-02 nm, Epot= -2.81407e+05 Fmax= 9.29218e+03, atom= 1215
Step=   24, Dmax= 2.0e-02 nm, Epot= -2.81289e+05 Fmax= 2.09944e+04, atom= 1215
Step=   25, Dmax= 1.0e-02 nm, Epot= -2.81899e+05 Fmax= 5.85125e+03, atom= 1215
Step=   26, Dmax= 1.2e-02 nm, Epot= -2.82287e+05 Fmax= 1.26671e+04, atom= 1215
Step=   27, Dmax= 1.4e-02 nm, Epot= -2.82821e+05 Fmax= 9.21094e+03, atom= 1215
Step=   28, Dmax= 1.7e-02 nm, Epot= -2.82897e+05 Fmax= 1.73393e+04, atom= 1215
Step=   29, Dmax= 2.1e-02 nm, Epot= -2.83474e+05 Fmax= 1.41725e+04, atom= 1215
Step=   30, Dmax= 2.5e-02 nm, Epot= -2.83118e+05 Fmax= 2.38883e+04, atom= 1215
Step=   31, Dmax= 1.2e-02 nm, Epot= -2.84145e+05 Fmax= 4.87534e+03, atom= 1215
Step=   32, Dmax= 1.5e-02 nm, Epot= -2.84317e+05 Fmax= 1.76346e+04, atom= 1215
Step=   33, Dmax= 1.8e-02 nm, Epot= -2.85088e+05 Fmax= 9.80321e+03, atom= 1215
Step=   34, Dmax= 2.1e-02 nm, Epot= -2.84655e+05 Fmax= 2.27840e+04, atom= 1215
Step=   35, Dmax= 1.1e-02 nm, Epot= -2.85488e+05 Fmax= 6.50761e+03, atom= 1215
Step=   36, Dmax= 1.3e-02 nm, Epot= -2.85670e+05 Fmax= 1.33725e+04, atom= 1215
Step=   37, Dmax= 1.5e-02 nm, Epot= -2.86114e+05 Fmax= 1.01641e+04, atom= 1215
Step=   38, Dmax= 1.9e-02 nm, Epot= -2.86014e+05 Fmax= 1.83473e+04, atom= 1215
Step=   39, Dmax= 9.3e-03 nm, Epot= -2.86528e+05 Fmax= 4.09694e+03, atom= 1215
Step=   40, Dmax= 1.1e-02 nm, Epot= -2.86814e+05 Fmax= 1.26918e+04, atom= 1215
Step=   41, Dmax= 1.3e-02 nm, Epot= -2.87273e+05 Fmax= 7.83387e+03, atom= 1215
Step=   42, Dmax= 1.6e-02 nm, Epot= -2.87226e+05 Fmax= 1.64975e+04, atom= 1215
Step=   43, Dmax= 8.0e-03 nm, Epot= -2.87583e+05 Fmax= 4.34165e+03, atom= 1215
Step=   44, Dmax= 9.6e-03 nm, Epot= -2.87839e+05 Fmax= 1.05711e+04, atom= 1215
Step=   45, Dmax= 1.2e-02 nm, Epot= -2.88193e+05 Fmax= 7.00234e+03, atom= 1215
Step=   46, Dmax= 1.4e-02 nm, Epot= -2.88238e+05 Fmax= 1.43586e+04, atom= 1215
Step=   47, Dmax= 1.7e-02 nm, Epot= -2.88642e+05 Fmax= 1.09618e+04, atom= 1215
Step=   48, Dmax= 2.0e-02 nm, Epot= -2.88400e+05 Fmax= 1.96670e+04, atom= 1215
Step=   49, Dmax= 1.0e-02 nm, Epot= -2.89037e+05 Fmax= 4.35912e+03, atom= 1215
Step=   50, Dmax= 1.2e-02 nm, Epot= -2.89162e+05 Fmax= 1.37154e+04, atom= 1215
Step=   51, Dmax= 1.4e-02 nm, Epot= -2.89609e+05 Fmax= 8.33673e+03, atom= 1215
Step=   52, Dmax= 1.7e-02 nm, Epot= -2.89415e+05 Fmax= 1.78328e+04, atom= 1215
Step=   53, Dmax= 8.6e-03 nm, Epot= -2.89886e+05 Fmax= 4.75974e+03, atom= 1215
Step=   54, Dmax= 1.0e-02 nm, Epot= -2.90030e+05 Fmax= 1.12445e+04, atom= 1215
Step=   55, Dmax= 1.2e-02 nm, Epot= -2.90354e+05 Fmax= 7.65391e+03, atom= 1215
Step=   56, Dmax= 1.5e-02 nm, Epot= -2.90294e+05 Fmax= 1.52833e+04, atom= 1215
Step=   57, Dmax= 7.4e-03 nm, Epot= -2.90607e+05 Fmax= 3.81605e+03, atom= 1215
Step=   58, Dmax= 8.9e-03 nm, Epot= -2.90804e+05 Fmax= 9.66453e+03, atom= 1215
Step=   59, Dmax= 1.1e-02 nm, Epot= -2.91077e+05 Fmax= 6.83340e+03, atom= 1215
Step=   60, Dmax= 1.3e-02 nm, Epot= -2.91111e+05 Fmax= 1.26958e+04, atom= 1215
Step=   61, Dmax= 1.5e-02 nm, Epot= -2.91379e+05 Fmax= 1.10106e+04, atom= 1215
Step=   62, Dmax= 1.9e-02 nm, Epot= -2.91245e+05 Fmax= 1.71606e+04, atom= 1215
Step=   63, Dmax= 9.3e-03 nm, Epot= -2.91735e+05 Fmax= 3.09506e+03, atom= 1215
Step=   64, Dmax= 1.1e-02 nm, Epot= -2.91839e+05 Fmax= 1.42081e+04, atom= 1215
Step=   65, Dmax= 1.3e-02 nm, Epot= -2.92307e+05 Fmax= 6.14417e+03, atom= 1215
Step=   66, Dmax= 1.6e-02 nm, Epot= -2.92018e+05 Fmax= 1.85568e+04, atom= 1215
Step=   67, Dmax= 8.0e-03 nm, Epot= -2.92482e+05 Fmax= 6.20521e+03, atom= 1215
Step=   68, Dmax= 9.6e-03 nm, Epot= -2.92616e+05 Fmax= 8.37147e+03, atom= 1215
Step=   69, Dmax= 1.2e-02 nm, Epot= -2.92759e+05 Fmax= 9.37291e+03, atom= 1215
Step=   70, Dmax= 1.4e-02 nm, Epot= -2.92841e+05 Fmax= 1.16654e+04, atom= 1215
Step=   71, Dmax= 1.7e-02 nm, Epot= -2.92908e+05 Fmax= 1.38179e+04, atom= 1215
Step=   72, Dmax= 2.0e-02 nm, Epot= -2.92907e+05 Fmax= 1.64860e+04, atom= 1215
Step=   73, Dmax= 1.0e-02 nm, Epot= -2.93385e+05 Fmax= 1.37359e+03, atom= 1215
Step=   74, Dmax= 1.2e-02 nm, Epot= -2.93792e+05 Fmax= 1.75215e+04, atom= 1215
Step=   75, Dmax= 1.4e-02 nm, Epot= -2.94460e+05 Fmax= 4.43719e+03, atom= 1215
Step=   76, Dmax= 1.7e-02 nm, Epot= -2.93931e+05 Fmax= 2.21830e+04, atom= 1215
Step=   77, Dmax= 8.6e-03 nm, Epot= -2.94551e+05 Fmax= 8.88927e+03, atom= 1215
Step=   78, Dmax= 1.0e-02 nm, Epot= -2.94734e+05 Fmax= 6.83494e+03, atom= 1215
Step=   79, Dmax= 1.2e-02 nm, Epot= -2.94718e+05 Fmax= 1.22679e+04, atom= 1215
Step=   80, Dmax= 6.2e-03 nm, Epot= -2.94908e+05 Fmax= 2.71737e+03, atom= 1215
Step=   81, Dmax= 7.4e-03 nm, Epot= -2.95058e+05 Fmax= 8.46362e+03, atom= 1015
Step=   82, Dmax= 8.9e-03 nm, Epot= -2.95252e+05 Fmax= 5.26882e+03, atom= 1215
Step=   83, Dmax= 1.1e-02 nm, Epot= -2.95265e+05 Fmax= 1.10004e+04, atom= 1015
Step=   84, Dmax= 1.3e-02 nm, Epot= -2.95469e+05 Fmax= 8.73648e+03, atom= 1015
Step=   85, Dmax= 1.5e-02 nm, Epot= -2.95355e+05 Fmax= 1.47469e+04, atom= 1015
Step=   86, Dmax= 7.7e-03 nm, Epot= -2.95683e+05 Fmax= 3.01941e+03, atom= 1015
Step=   87, Dmax= 9.2e-03 nm, Epot= -2.95741e+05 Fmax= 1.13136e+04, atom= 1015
Step=   88, Dmax= 1.1e-02 nm, Epot= -2.96016e+05 Fmax= 5.63530e+03, atom= 1015
Step=   89, Dmax= 1.3e-02 nm, Epot= -2.95866e+05 Fmax= 1.48957e+04, atom= 1015
Step=   90, Dmax= 6.7e-03 nm, Epot= -2.96145e+05 Fmax= 4.62492e+03, atom= 1015
Step=   91, Dmax= 8.0e-03 nm, Epot= -2.96230e+05 Fmax= 7.52682e+03, atom= 1015
Step=   92, Dmax= 9.6e-03 nm, Epot= -2.96353e+05 Fmax= 7.22943e+03, atom= 1015
Step=   93, Dmax= 1.1e-02 nm, Epot= -2.96386e+05 Fmax= 1.03057e+04, atom= 1015
Step=   94, Dmax= 1.4e-02 nm, Epot= -2.96480e+05 Fmax= 1.09066e+04, atom= 1015
Step=   95, Dmax= 1.7e-02 nm, Epot= -2.96438e+05 Fmax= 1.43539e+04, atom= 1015
Step=   96, Dmax= 8.3e-03 nm, Epot= -2.96764e+05 Fmax= 1.74412e+03, atom= 1015
Step=   97, Dmax= 9.9e-03 nm, Epot= -2.96890e+05 Fmax= 1.37745e+04, atom= 1015
Step=   98, Dmax= 1.2e-02 nm, Epot= -2.97276e+05 Fmax= 4.47711e+03, atom= 1015
Step=   99, Dmax= 1.4e-02 nm, Epot= -2.96990e+05 Fmax= 1.76301e+04, atom= 1015
Step=  100, Dmax= 7.2e-03 nm, Epot= -2.97362e+05 Fmax= 6.57295e+03, atom= 1015
Step=  101, Dmax= 8.6e-03 nm, Epot= -2.97464e+05 Fmax= 6.52429e+03, atom= 1015
Step=  102, Dmax= 1.0e-02 nm, Epot= -2.97505e+05 Fmax= 9.34743e+03, atom= 1015
Step=  103, Dmax= 1.2e-02 nm, Epot= -2.97598e+05 Fmax= 9.52762e+03, atom= 1015
Step=  104, Dmax= 1.5e-02 nm, Epot= -2.97561e+05 Fmax= 1.32762e+04, atom= 1015
Step=  105, Dmax= 7.4e-03 nm, Epot= -2.97820e+05 Fmax= 1.87238e+03, atom= 1015
Step=  106, Dmax= 8.9e-03 nm, Epot= -2.97935e+05 Fmax= 1.15712e+04, atom= 1015
Step=  107, Dmax= 1.1e-02 nm, Epot= -2.98205e+05 Fmax= 4.85591e+03, atom= 1015
Step=  108, Dmax= 1.3e-02 nm, Epot= -2.98045e+05 Fmax= 1.46608e+04, atom= 1015
Step=  109, Dmax= 6.4e-03 nm, Epot= -2.98298e+05 Fmax= 4.90994e+03, atom= 1015
Step=  110, Dmax= 7.7e-03 nm, Epot= -2.98367e+05 Fmax= 6.95537e+03, atom= 1015
Step=  111, Dmax= 9.2e-03 nm, Epot= -2.98454e+05 Fmax= 7.13059e+03, atom= 1015
Step=  112, Dmax= 1.1e-02 nm, Epot= -2.98479e+05 Fmax= 9.91907e+03, atom= 1015
Step=  113, Dmax= 1.3e-02 nm, Epot= -2.98552e+05 Fmax= 1.03757e+04, atom= 1015
Step=  114, Dmax= 1.6e-02 nm, Epot= -2.98495e+05 Fmax= 1.41231e+04, atom= 1015
Step=  115, Dmax= 8.0e-03 nm, Epot= -2.98793e+05 Fmax= 1.87326e+03, atom= 1015
Step=  116, Dmax= 9.6e-03 nm, Epot= -2.98860e+05 Fmax= 1.25951e+04, atom= 1015
Step=  117, Dmax= 1.1e-02 nm, Epot= -2.99157e+05 Fmax= 5.06090e+03, atom= 1015
Step=  118, Dmax= 1.4e-02 nm, Epot= -2.98928e+05 Fmax= 1.59300e+04, atom= 1015
Step=  119, Dmax= 6.9e-03 nm, Epot= -2.99237e+05 Fmax= 5.44370e+03, atom= 1015
Step=  120, Dmax= 8.3e-03 nm, Epot= -2.99294e+05 Fmax= 7.30023e+03, atom= 1015
Step=  121, Dmax= 9.9e-03 nm, Epot= -2.99365e+05 Fmax= 7.84804e+03, atom= 1015
Step=  122, Dmax= 1.2e-02 nm, Epot= -2.99378e+05 Fmax= 1.04683e+04, atom= 1015
Step=  123, Dmax= 1.4e-02 nm, Epot= -2.99427e+05 Fmax= 1.13515e+04, atom= 1015
Step=  124, Dmax= 1.7e-02 nm, Epot= -2.99357e+05 Fmax= 1.49685e+04, atom= 1015
Step=  125, Dmax= 8.6e-03 nm, Epot= -2.99695e+05 Fmax= 1.80964e+03, atom= 1015
Step=  126, Dmax= 1.0e-02 nm, Epot= -2.99718e+05 Fmax= 1.37572e+04, atom= 1015
Step=  127, Dmax= 1.2e-02 nm, Epot= -3.00053e+05 Fmax= 5.22275e+03, atom= 1015
Step=  128, Dmax= 1.5e-02 nm, Epot= -2.99747e+05 Fmax= 1.73513e+04, atom= 1015
Step=  129, Dmax= 7.4e-03 nm, Epot= -3.00119e+05 Fmax= 6.07574e+03, atom= 1015
Step=  130, Dmax= 8.9e-03 nm, Epot= -3.00170e+05 Fmax= 7.61401e+03, atom= 1015
Step=  131, Dmax= 1.1e-02 nm, Epot= -3.00220e+05 Fmax= 8.67569e+03, atom= 1015
Step=  132, Dmax= 1.3e-02 nm, Epot= -3.00228e+05 Fmax= 1.10029e+04, atom= 1015
Step=  133, Dmax= 1.5e-02 nm, Epot= -3.00247e+05 Fmax= 1.24556e+04, atom= 1015
Step=  134, Dmax= 1.8e-02 nm, Epot= -3.00171e+05 Fmax= 1.58212e+04, atom= 1015
Step=  135, Dmax= 9.2e-03 nm, Epot= -3.00549e+05 Fmax= 1.68672e+03, atom= 1015
Step=  136, Dmax= 1.1e-02 nm, Epot= -3.00536e+05 Fmax= 1.50568e+04, atom= 1015
Step=  137, Dmax= 5.5e-03 nm, Epot= -3.00661e+05 Fmax= 6.67052e+03, atom= 1015
Step=  138, Dmax= 6.6e-03 nm, Epot= -3.00770e+05 Fmax= 3.54230e+03, atom= 1015
Step=  139, Dmax= 8.0e-03 nm, Epot= -3.00789e+05 Fmax= 8.58282e+03, atom= 1015
Step=  140, Dmax= 9.6e-03 nm, Epot= -3.00911e+05 Fmax= 6.11255e+03, atom= 1015
Step=  141, Dmax= 1.1e-02 nm, Epot= -3.00856e+05 Fmax= 1.13886e+04, atom= 1015
Step=  142, Dmax= 5.7e-03 nm, Epot= -3.01012e+05 Fmax= 2.64391e+03, atom= 1015
Step=  143, Dmax= 6.9e-03 nm, Epot= -3.01056e+05 Fmax= 8.00440e+03, atom= 1015
Step=  144, Dmax= 8.3e-03 nm, Epot= -3.01180e+05 Fmax= 4.61870e+03, atom= 1015
Step=  145, Dmax= 9.9e-03 nm, Epot= -3.01140e+05 Fmax= 1.06568e+04, atom= 1015
Step=  146, Dmax= 5.0e-03 nm, Epot= -3.01256e+05 Fmax= 3.01610e+03, atom= 1015
Step=  147, Dmax= 5.9e-03 nm, Epot= -3.01312e+05 Fmax= 6.03094e+03, atom= 1015
Step=  148, Dmax= 7.1e-03 nm, Epot= -3.01393e+05 Fmax= 4.95269e+03, atom= 1015
Step=  149, Dmax= 8.6e-03 nm, Epot= -3.01412e+05 Fmax= 8.11075e+03, atom= 1015
Step=  150, Dmax= 1.0e-02 nm, Epot= -3.01488e+05 Fmax= 7.68664e+03, atom= 1015
Step=  151, Dmax= 1.2e-02 nm, Epot= -3.01460e+05 Fmax= 1.11442e+04, atom= 1015
Step=  152, Dmax= 6.2e-03 nm, Epot= -3.01619e+05 Fmax= 1.73712e+03, atom= 1015
Step=  153, Dmax= 7.4e-03 nm, Epot= -3.01681e+05 Fmax= 9.75631e+03, atom= 1015
Step=  154, Dmax= 8.9e-03 nm, Epot= -3.01854e+05 Fmax= 3.82911e+03, atom= 1015
Step=  155, Dmax= 1.1e-02 nm, Epot= -3.01757e+05 Fmax= 1.26091e+04, atom= 1015
Step=  156, Dmax= 5.3e-03 nm, Epot= -3.01914e+05 Fmax= 4.38664e+03, atom= 1015
Step=  157, Dmax= 6.4e-03 nm, Epot= -3.01968e+05 Fmax= 5.36642e+03, atom= 1015
Step=  158, Dmax= 7.7e-03 nm, Epot= -3.02016e+05 Fmax= 6.44505e+03, atom= 1015
Step=  159, Dmax= 9.2e-03 nm, Epot= -3.02056e+05 Fmax= 7.61720e+03, atom= 1015
Step=  160, Dmax= 1.1e-02 nm, Epot= -3.02077e+05 Fmax= 9.36532e+03, atom= 1015
Step=  161, Dmax= 1.3e-02 nm, Epot= -3.02092e+05 Fmax= 1.08904e+04, atom= 1015
Step=  162, Dmax= 1.6e-02 nm, Epot= -3.02059e+05 Fmax= 1.35230e+04, atom= 1015
Step=  163, Dmax= 7.9e-03 nm, Epot= -3.02312e+05 Fmax= 1.31760e+03, atom= 1015
Step=  164, Dmax= 9.5e-03 nm, Epot= -3.02373e+05 Fmax= 1.31241e+04, atom= 1015
Step=  165, Dmax= 1.1e-02 nm, Epot= -3.02650e+05 Fmax= 4.48819e+03, atom= 1015
Step=  166, Dmax= 1.4e-02 nm, Epot= -3.02393e+05 Fmax= 1.64683e+04, atom= 1015
Step=  167, Dmax= 6.9e-03 nm, Epot= -3.02692e+05 Fmax= 6.00196e+03, atom= 1015
Step=  168, Dmax= 8.2e-03 nm, Epot= -3.02739e+05 Fmax= 6.69094e+03, atom= 1015
Step=  169, Dmax= 9.9e-03 nm, Epot= -3.02762e+05 Fmax= 8.43206e+03, atom= 1015
Step=  170, Dmax= 1.2e-02 nm, Epot= -3.02784e+05 Fmax= 9.81788e+03, atom= 1015
Step=  171, Dmax= 1.4e-02 nm, Epot= -3.02773e+05 Fmax= 1.19609e+04, atom= 1015
Step=  172, Dmax= 7.1e-03 nm, Epot= -3.02961e+05 Fmax= 1.08597e+03, atom= 1015
Step=  173, Dmax= 8.5e-03 nm, Epot= -3.03068e+05 Fmax= 1.22633e+04, atom= 1015
Step=  174, Dmax= 1.0e-02 nm, Epot= -3.03310e+05 Fmax= 3.46823e+03, atom= 1015
Step=  175, Dmax= 1.2e-02 nm, Epot= -3.03112e+05 Fmax= 1.55278e+04, atom= 1015
Step=  176, Dmax= 6.2e-03 nm, Epot= -3.03346e+05 Fmax= 6.03050e+03, atom= 1015
Step=  177, Dmax= 7.4e-03 nm, Epot= -3.03408e+05 Fmax= 5.26700e+03, atom= 1015
Step=  178, Dmax= 8.9e-03 nm, Epot= -3.03413e+05 Fmax= 8.37953e+03, atom= 1015
Step=  179, Dmax= 1.1e-02 nm, Epot= -3.03475e+05 Fmax= 7.89469e+03, atom= 1015
Step=  180, Dmax= 1.3e-02 nm, Epot= -3.03429e+05 Fmax= 1.17225e+04, atom= 1015
Step=  181, Dmax= 6.4e-03 nm, Epot= -3.03595e+05 Fmax= 1.91154e+03, atom= 1015
Step=  182, Dmax= 7.7e-03 nm, Epot= -3.03618e+05 Fmax= 9.74377e+03, atom= 1015
Step=  183, Dmax= 9.2e-03 nm, Epot= -3.03766e+05 Fmax= 4.38215e+03, atom= 1015
Step=  184, Dmax= 1.1e-02 nm, Epot= -3.03664e+05 Fmax= 1.24645e+04, atom= 1015
Step=  185, Dmax= 5.5e-03 nm, Epot= -3.03819e+05 Fmax= 4.04603e+03, atom= 1015
Step=  186, Dmax= 6.6e-03 nm, Epot= -3.03851e+05 Fmax= 6.14689e+03, atom= 1015
Step=  187, Dmax= 7.9e-03 nm, Epot= -3.03903e+05 Fmax= 6.00108e+03, atom= 1015
Step=  188, Dmax= 9.5e-03 nm, Epot= -3.03907e+05 Fmax= 8.65694e+03, atom= 1015
Step=  189, Dmax= 1.1e-02 nm, Epot= -3.03952e+05 Fmax= 8.84020e+03, atom= 1015
Step=  190, Dmax= 1.4e-02 nm, Epot= -3.03908e+05 Fmax= 1.22369e+04, atom= 1015
Step=  191, Dmax= 6.9e-03 nm, Epot= -3.04090e+05 Fmax= 1.69681e+03, atom= 1015
Step=  192, Dmax= 8.2e-03 nm, Epot= -3.04107e+05 Fmax= 1.08375e+04, atom= 1015
Step=  193, Dmax= 9.9e-03 nm, Epot= -3.04282e+05 Fmax= 4.34773e+03, atom= 1015
Step=  194, Dmax= 1.2e-02 nm, Epot= -3.04138e+05 Fmax= 1.37689e+04, atom= 1015
Step=  195, Dmax= 5.9e-03 nm, Epot= -3.04327e+05 Fmax= 4.71661e+03, atom= 1015
Step=  196, Dmax= 7.1e-03 nm, Epot= -3.04359e+05 Fmax= 6.23252e+03, atom= 1015
Step=  197, Dmax= 8.5e-03 nm, Epot= -3.04396e+05 Fmax= 6.83111e+03, atom= 1015
Step=  198, Dmax= 1.0e-02 nm, Epot= -3.04405e+05 Fmax= 8.91756e+03, atom= 1015
Step=  199, Dmax= 1.2e-02 nm, Epot= -3.04428e+05 Fmax= 9.89541e+03, atom= 1015
Step=  200, Dmax= 1.5e-02 nm, Epot= -3.04391e+05 Fmax= 1.27521e+04, atom= 1015
Step=  201, Dmax= 7.4e-03 nm, Epot= -3.04589e+05 Fmax= 1.44265e+03, atom= 188
Step=  202, Dmax= 8.8e-03 nm, Epot= -3.04612e+05 Fmax= 1.19169e+04, atom= 1015
Step=  203, Dmax= 1.1e-02 nm, Epot= -3.04813e+05 Fmax= 4.41120e+03, atom= 1015
Step=  204, Dmax= 1.3e-02 nm, Epot= -3.04626e+05 Fmax= 1.50730e+04, atom= 1015
Step=  205, Dmax= 6.4e-03 nm, Epot= -3.04849e+05 Fmax= 5.33935e+03, atom= 1015
Step=  206, Dmax= 7.6e-03 nm, Epot= -3.04882e+05 Fmax= 6.42561e+03, atom= 1015
Step=  207, Dmax= 9.2e-03 nm, Epot= -3.04907e+05 Fmax= 7.62397e+03, atom= 1015
Step=  208, Dmax= 1.1e-02 nm, Epot= -3.04918e+05 Fmax= 9.29908e+03, atom= 1015
Step=  209, Dmax= 1.3e-02 nm, Epot= -3.04921e+05 Fmax= 1.09298e+04, atom= 1015
Step=  210, Dmax= 1.6e-02 nm, Epot= -3.04889e+05 Fmax= 1.34061e+04, atom= 1015
Step=  211, Dmax= 7.9e-03 nm, Epot= -3.05105e+05 Fmax= 1.26696e+03, atom= 188
Step=  212, Dmax= 9.5e-03 nm, Epot= -3.05134e+05 Fmax= 1.29600e+04, atom= 1015
Step=  213, Dmax= 1.1e-02 nm, Epot= -3.05358e+05 Fmax= 4.59948e+03, atom= 1015
Step=  214, Dmax= 1.4e-02 nm, Epot= -3.05129e+05 Fmax= 1.63562e+04, atom= 1015
Step=  215, Dmax= 6.8e-03 nm, Epot= -3.05388e+05 Fmax= 5.89036e+03, atom= 1015
Step=  216, Dmax= 8.2e-03 nm, Epot= -3.05419e+05 Fmax= 6.75328e+03, atom= 1015
Step=  217, Dmax= 9.9e-03 nm, Epot= -3.05434e+05 Fmax= 8.35796e+03, atom= 1015
Step=  218, Dmax= 1.2e-02 nm, Epot= -3.05445e+05 Fmax= 9.82893e+03, atom= 1015
Step=  219, Dmax= 1.4e-02 nm, Epot= -3.05431e+05 Fmax= 1.19226e+04, atom= 1015
Step=  220, Dmax= 7.1e-03 nm, Epot= -3.05592e+05 Fmax= 1.06084e+03, atom= 1015
Step=  221, Dmax= 8.5e-03 nm, Epot= -3.05659e+05 Fmax= 1.21386e+04, atom= 1015
Step=  222, Dmax= 1.0e-02 nm, Epot= -3.05856e+05 Fmax= 3.57025e+03, atom= 1015
Step=  223, Dmax= 1.2e-02 nm, Epot= -3.05681e+05 Fmax= 1.53242e+04, atom= 1015
Step=  224, Dmax= 6.1e-03 nm, Epot= -3.05881e+05 Fmax= 5.87782e+03, atom= 1015
Step=  225, Dmax= 7.4e-03 nm, Epot= -3.05926e+05 Fmax= 5.41319e+03, atom= 1015
Step=  226, Dmax= 8.8e-03 nm, Epot= -3.05929e+05 Fmax= 8.17428e+03, atom= 1015
Step=  227, Dmax= 1.1e-02 nm, Epot= -3.05970e+05 Fmax= 8.08293e+03, atom= 1015
Step=  228, Dmax= 1.3e-02 nm, Epot= -3.05935e+05 Fmax= 1.14624e+04, atom= 1015
Step=  229, Dmax= 6.4e-03 nm, Epot= -3.06072e+05 Fmax= 1.68781e+03, atom= 1015
Step=  230, Dmax= 7.6e-03 nm, Epot= -3.06087e+05 Fmax= 1.00046e+04, atom= 1015
Step=  231, Dmax= 9.2e-03 nm, Epot= -3.06217e+05 Fmax= 4.07492e+03, atom= 1015
Step=  232, Dmax= 1.1e-02 nm, Epot= -3.06117e+05 Fmax= 1.27738e+04, atom= 1015
Step=  233, Dmax= 5.5e-03 nm, Epot= -3.06254e+05 Fmax= 4.35453e+03, atom= 1015
Step=  234, Dmax= 6.6e-03 nm, Epot= -3.06280e+05 Fmax= 5.78736e+03, atom= 1015
Step=  235, Dmax= 7.9e-03 nm, Epot= -3.06312e+05 Fmax= 6.35381e+03, atom= 1015
Step=  236, Dmax= 9.5e-03 nm, Epot= -3.06322e+05 Fmax= 8.24317e+03, atom= 1015
Step=  237, Dmax= 1.1e-02 nm, Epot= -3.06341e+05 Fmax= 9.23574e+03, atom= 1015
Step=  238, Dmax= 1.4e-02 nm, Epot= -3.06320e+05 Fmax= 1.17662e+04, atom= 1015
Step=  239, Dmax= 6.8e-03 nm, Epot= -3.06463e+05 Fmax= 1.27150e+03, atom= 188
Step=  240, Dmax= 8.2e-03 nm, Epot= -3.06500e+05 Fmax= 1.12539e+04, atom= 1015
Step=  241, Dmax= 9.8e-03 nm, Epot= -3.06657e+05 Fmax= 3.88726e+03, atom= 1015
Step=  242, Dmax= 1.2e-02 nm, Epot= -3.06521e+05 Fmax= 1.42326e+04, atom= 1015
Step=  243, Dmax= 5.9e-03 nm, Epot= -3.06685e+05 Fmax= 5.18034e+03, atom= 1015
Step=  244, Dmax= 7.1e-03 nm, Epot= -3.06717e+05 Fmax= 5.71898e+03, atom= 1015
Step=  245, Dmax= 8.5e-03 nm, Epot= -3.06733e+05 Fmax= 7.33881e+03, atom= 1015
Step=  246, Dmax= 1.0e-02 nm, Epot= -3.06754e+05 Fmax= 8.34813e+03, atom= 1015
Step=  247, Dmax= 1.2e-02 nm, Epot= -3.06748e+05 Fmax= 1.04464e+04, atom= 1015
Step=  248, Dmax= 6.1e-03 nm, Epot= -3.06853e+05 Fmax= 1.05838e+03, atom= 1015
Step=  249, Dmax= 7.3e-03 nm, Epot= -3.06925e+05 Fmax= 1.02595e+04, atom= 1015
Step=  250, Dmax= 8.8e-03 nm, Epot= -3.07055e+05 Fmax= 3.30019e+03, atom= 1015
Step=  251, Dmax= 1.1e-02 nm, Epot= -3.06964e+05 Fmax= 1.29773e+04, atom= 1015
Step=  252, Dmax= 5.3e-03 nm, Epot= -3.07084e+05 Fmax= 4.83730e+03, atom= 1015
Step=  253, Dmax= 6.3e-03 nm, Epot= -3.07118e+05 Fmax= 4.91923e+03, atom= 1015
Step=  254, Dmax= 7.6e-03 nm, Epot= -3.07135e+05 Fmax= 6.79354e+03, atom= 1015
Step=  255, Dmax= 9.1e-03 nm, Epot= -3.07164e+05 Fmax= 7.25193e+03, atom= 1015
Step=  256, Dmax= 1.1e-02 nm, Epot= -3.07160e+05 Fmax= 9.60689e+03, atom= 1015
Step=  257, Dmax= 5.5e-03 nm, Epot= -3.07240e+05 Fmax= 1.17586e+03, atom= 1015
Step=  258, Dmax= 6.6e-03 nm, Epot= -3.07301e+05 Fmax= 8.95961e+03, atom= 1015
Step=  259, Dmax= 7.9e-03 nm, Epot= -3.07400e+05 Fmax= 3.18612e+03, atom= 1015
Step=  260, Dmax= 9.5e-03 nm, Epot= -3.07348e+05 Fmax= 1.13836e+04, atom= 1015
Step=  261, Dmax= 4.7e-03 nm, Epot= -3.07432e+05 Fmax= 4.10288e+03, atom= 1015
Step=  262, Dmax= 5.7e-03 nm, Epot= -3.07462e+05 Fmax= 4.63810e+03, atom= 1015
Step=  263, Dmax= 6.8e-03 nm, Epot= -3.07486e+05 Fmax= 5.85552e+03, atom= 1015
Step=  264, Dmax= 8.2e-03 nm, Epot= -3.07510e+05 Fmax= 6.73089e+03, atom= 1015
Step=  265, Dmax= 9.8e-03 nm, Epot= -3.07521e+05 Fmax= 8.37239e+03, atom= 1015
Step=  266, Dmax= 1.2e-02 nm, Epot= -3.07530e+05 Fmax= 9.74540e+03, atom= 1015
Step=  267, Dmax= 1.4e-02 nm, Epot= -3.07516e+05 Fmax= 1.19824e+04, atom= 1015
Step=  268, Dmax= 7.1e-03 nm, Epot= -3.07649e+05 Fmax= 1.13227e+03, atom= 1015
Step=  269, Dmax= 8.5e-03 nm, Epot= -3.07691e+05 Fmax= 1.18899e+04, atom= 1015
Step=  270, Dmax= 1.0e-02 nm, Epot= -3.07844e+05 Fmax= 3.79474e+03, atom= 1015
Step=  271, Dmax= 1.2e-02 nm, Epot= -3.07706e+05 Fmax= 1.49969e+04, atom= 1015
Step=  272, Dmax= 6.1e-03 nm, Epot= -3.07866e+05 Fmax= 5.60065e+03, atom= 1015
Step=  273, Dmax= 7.3e-03 nm, Epot= -3.07897e+05 Fmax= 5.68577e+03, atom= 1015
Step=  274, Dmax= 8.8e-03 nm, Epot= -3.07905e+05 Fmax= 7.84125e+03, atom= 1015
Step=  275, Dmax= 1.1e-02 nm, Epot= -3.07929e+05 Fmax= 8.40045e+03, atom= 1015
Step=  276, Dmax= 1.3e-02 nm, Epot= -3.07913e+05 Fmax= 1.10715e+04, atom= 1015
Step=  277, Dmax= 6.3e-03 nm, Epot= -3.08017e+05 Fmax= 1.33393e+03, atom= 1015
Step=  278, Dmax= 7.6e-03 nm, Epot= -3.08048e+05 Fmax= 1.04255e+04, atom= 1015
Step=  279, Dmax= 9.1e-03 nm, Epot= -3.08164e+05 Fmax= 3.60856e+03, atom= 1015
Step=  280, Dmax= 1.1e-02 nm, Epot= -3.08075e+05 Fmax= 1.32501e+04, atom= 1015
Step=  281, Dmax= 5.5e-03 nm, Epot= -3.08190e+05 Fmax= 4.82658e+03, atom= 1015
Step=  282, Dmax= 6.6e-03 nm, Epot= -3.08218e+05 Fmax= 5.26757e+03, atom= 1015
Step=  283, Dmax= 7.9e-03 nm, Epot= -3.08235e+05 Fmax= 6.87002e+03, atom= 1015
Step=  284, Dmax= 9.5e-03 nm, Epot= -3.08255e+05 Fmax= 7.66775e+03, atom= 1015
Step=  285, Dmax= 1.1e-02 nm, Epot= -3.08254e+05 Fmax= 9.79444e+03, atom= 1015
Step=  286, Dmax= 5.7e-03 nm, Epot= -3.08329e+05 Fmax= 1.07099e+03, atom= 1015
Step=  287, Dmax= 6.8e-03 nm, Epot= -3.08395e+05 Fmax= 9.34244e+03, atom= 1015
Step=  288, Dmax= 8.2e-03 nm, Epot= -3.08489e+05 Fmax= 3.24893e+03, atom= 1015
Step=  289, Dmax= 9.8e-03 nm, Epot= -3.08435e+05 Fmax= 1.18144e+04, atom= 1015
Step=  290, Dmax= 4.9e-03 nm, Epot= -3.08516e+05 Fmax= 4.28112e+03, atom= 1015
Step=  291, Dmax= 5.9e-03 nm, Epot= -3.08543e+05 Fmax= 4.78942e+03, atom= 1015
Step=  292, Dmax= 7.1e-03 nm, Epot= -3.08564e+05 Fmax= 6.05940e+03, atom= 1015
Step=  293, Dmax= 8.5e-03 nm, Epot= -3.08584e+05 Fmax= 6.99190e+03, atom= 1015
Step=  294, Dmax= 1.0e-02 nm, Epot= -3.08593e+05 Fmax= 8.63304e+03, atom= 1015
Step=  295, Dmax= 1.2e-02 nm, Epot= -3.08599e+05 Fmax= 1.01409e+04, atom= 1015
Step=  296, Dmax= 1.5e-02 nm, Epot= -3.08585e+05 Fmax= 1.23512e+04, atom= 1015
Step=  297, Dmax= 7.3e-03 nm, Epot= -3.08710e+05 Fmax= 1.10552e+03, atom= 1015
Step=  298, Dmax= 8.8e-03 nm, Epot= -3.08745e+05 Fmax= 1.25598e+04, atom= 1015
Step=  299, Dmax= 1.1e-02 nm, Epot= -3.08895e+05 Fmax= 3.67066e+03, atom= 1015
Step=  300, Dmax= 1.3e-02 nm, Epot= -3.08757e+05 Fmax= 1.58217e+04, atom= 1015
Step=  301, Dmax= 6.3e-03 nm, Epot= -3.08912e+05 Fmax= 6.08758e+03, atom= 1015
Step=  302, Dmax= 7.6e-03 nm, Epot= -3.08944e+05 Fmax= 5.57840e+03, atom= 1015
Step=  303, Dmax= 9.1e-03 nm, Epot= -3.08944e+05 Fmax= 8.45700e+03, atom= 1015
Step=  304, Dmax= 4.6e-03 nm, Epot= -3.08988e+05 Fmax= 1.44330e+03, atom= 1015
Step=  305, Dmax= 5.5e-03 nm, Epot= -3.09030e+05 Fmax= 6.91188e+03, atom= 1015
Step=  306, Dmax= 6.6e-03 nm, Epot= -3.09084e+05 Fmax= 3.19826e+03, atom= 1015
Step=  307, Dmax= 7.9e-03 nm, Epot= -3.09077e+05 Fmax= 8.87811e+03, atom= 1015
Step=  308, Dmax= 3.9e-03 nm, Epot= -3.09112e+05 Fmax= 2.83810e+03, atom= 1015
Step=  309, Dmax= 4.7e-03 nm, Epot= -3.09138e+05 Fmax= 4.45761e+03, atom= 1015
Step=  310, Dmax= 5.7e-03 nm, Epot= -3.09167e+05 Fmax= 4.24303e+03, atom= 1015
Step=  311, Dmax= 6.8e-03 nm, Epot= -3.09183e+05 Fmax= 6.24789e+03, atom= 1015
Step=  312, Dmax= 8.2e-03 nm, Epot= -3.09210e+05 Fmax= 6.28797e+03, atom= 1015
Step=  313, Dmax= 9.8e-03 nm, Epot= -3.09211e+05 Fmax= 8.79990e+03, atom= 1015
Step=  314, Dmax= 1.2e-02 nm, Epot= -3.09232e+05 Fmax= 9.25333e+03, atom= 1015
Step=  315, Dmax= 1.4e-02 nm, Epot= -3.09206e+05 Fmax= 1.24414e+04, atom= 1015
Step=  316, Dmax= 7.0e-03 nm, Epot= -3.09320e+05 Fmax= 1.60690e+03, atom= 1015
Step=  317, Dmax= 8.5e-03 nm, Epot= -3.09325e+05 Fmax= 1.13189e+04, atom= 1015
Step=  318, Dmax= 1.0e-02 nm, Epot= -3.09436e+05 Fmax= 4.32816e+03, atom= 1015
Step=  319, Dmax= 1.2e-02 nm, Epot= -3.09337e+05 Fmax= 1.43778e+04, atom= 1015
Step=  320, Dmax= 6.1e-03 nm, Epot= -3.09460e+05 Fmax= 5.02131e+03, atom= 1015
Step=  321, Dmax= 7.3e-03 nm, Epot= -3.09478e+05 Fmax= 6.25461e+03, atom= 1015
Step=  322, Dmax= 8.8e-03 nm, Epot= -3.09496e+05 Fmax= 7.21851e+03, atom= 1015
Step=  323, Dmax= 1.1e-02 nm, Epot= -3.09503e+05 Fmax= 8.99887e+03, atom= 1015
Step=  324, Dmax= 1.3e-02 nm, Epot= -3.09509e+05 Fmax= 1.04047e+04, atom= 1015
Step=  325, Dmax= 1.5e-02 nm, Epot= -3.09492e+05 Fmax= 1.29119e+04, atom= 1015
Step=  326, Dmax= 7.6e-03 nm, Epot= -3.09612e+05 Fmax= 1.27027e+03, atom= 1015
Step=  327, Dmax= 9.1e-03 nm, Epot= -3.09632e+05 Fmax= 1.25827e+04, atom= 1015
Step=  328, Dmax= 1.1e-02 nm, Epot= -3.09763e+05 Fmax= 4.24803e+03, atom= 1015
Step=  329, Dmax= 1.3e-02 nm, Epot= -3.09639e+05 Fmax= 1.58598e+04, atom= 1015
Step=  330, Dmax= 6.5e-03 nm, Epot= -3.09781e+05 Fmax= 5.80469e+03, atom= 1015
Step=  331, Dmax= 7.9e-03 nm, Epot= -3.09804e+05 Fmax= 6.31591e+03, atom= 1015
Step=  332, Dmax= 9.4e-03 nm, Epot= -3.09812e+05 Fmax= 8.16759e+03, atom= 1015
Step=  333, Dmax= 1.1e-02 nm, Epot= -3.09825e+05 Fmax= 9.26425e+03, atom= 1015
Step=  334, Dmax= 1.4e-02 nm, Epot= -3.09816e+05 Fmax= 1.15929e+04, atom= 1015
Step=  335, Dmax= 6.8e-03 nm, Epot= -3.09906e+05 Fmax= 1.16329e+03, atom= 1015
Step=  336, Dmax= 8.1e-03 nm, Epot= -3.09944e+05 Fmax= 1.15557e+04, atom= 1015
Step=  337, Dmax= 9.8e-03 nm, Epot= -3.10054e+05 Fmax= 3.48727e+03, atom= 1015
Step=  338, Dmax= 1.2e-02 nm, Epot= -3.09966e+05 Fmax= 1.46256e+04, atom= 1015
Step=  339, Dmax= 5.9e-03 nm, Epot= -3.10073e+05 Fmax= 5.57798e+03, atom= 1015
Step=  340, Dmax= 7.0e-03 nm, Epot= -3.10100e+05 Fmax= 5.23323e+03, atom= 1015
Step=  341, Dmax= 8.4e-03 nm, Epot= -3.10106e+05 Fmax= 7.79914e+03, atom= 1015
Step=  342, Dmax= 1.0e-02 nm, Epot= -3.10132e+05 Fmax= 7.77450e+03, atom= 1015
Step=  343, Dmax= 1.2e-02 nm, Epot= -3.10118e+05 Fmax= 1.09631e+04, atom= 1015
Step=  344, Dmax= 6.1e-03 nm, Epot= -3.10191e+05 Fmax= 1.60293e+03, atom= 1015
Step=  345, Dmax= 7.3e-03 nm, Epot= -3.10213e+05 Fmax= 9.53497e+03, atom= 1015
Step=  346, Dmax= 8.8e-03 nm, Epot= -3.10287e+05 Fmax= 3.96965e+03, atom= 1015
Step=  347, Dmax= 1.1e-02 nm, Epot= -3.10240e+05 Fmax= 1.21582e+04, atom= 1015
Step=  348, Dmax= 5.3e-03 nm, Epot= -3.10312e+05 Fmax= 4.09096e+03, atom= 1015
Step=  349, Dmax= 6.3e-03 nm, Epot= -3.10330e+05 Fmax= 5.64898e+03, atom= 1015
Step=  350, Dmax= 7.6e-03 nm, Epot= -3.10353e+05 Fmax= 5.97063e+03, atom= 1015
Step=  351, Dmax= 9.1e-03 nm, Epot= -3.10361e+05 Fmax= 8.03422e+03, atom= 1015
Step=  352, Dmax= 1.1e-02 nm, Epot= -3.10379e+05 Fmax= 8.70578e+03, atom= 1015
Step=  353, Dmax= 1.3e-02 nm, Epot= -3.10368e+05 Fmax= 1.14301e+04, atom= 1015
Step=  354, Dmax= 6.5e-03 nm, Epot= -3.10447e+05 Fmax= 1.37330e+03, atom= 1015
Step=  355, Dmax= 7.8e-03 nm, Epot= -3.10476e+05 Fmax= 1.05789e+04, atom= 1015
Step=  356, Dmax= 9.4e-03 nm, Epot= -3.10562e+05 Fmax= 3.94020e+03, atom= 1015
Step=  357, Dmax= 1.1e-02 nm, Epot= -3.10499e+05 Fmax= 1.33992e+04, atom= 1015
Step=  358, Dmax= 5.6e-03 nm, Epot= -3.10584e+05 Fmax= 4.72656e+03, atom= 1015
Step=  359, Dmax= 6.8e-03 nm, Epot= -3.10603e+05 Fmax= 5.73887e+03, atom= 1015
Step=  360, Dmax= 8.1e-03 nm, Epot= -3.10621e+05 Fmax= 6.75361e+03, atom= 1015
Step=  361, Dmax= 9.8e-03 nm, Epot= -3.10632e+05 Fmax= 8.29620e+03, atom= 1015
Step=  362, Dmax= 1.2e-02 nm, Epot= -3.10640e+05 Fmax= 9.69926e+03, atom= 1015
Step=  363, Dmax= 1.4e-02 nm, Epot= -3.10633e+05 Fmax= 1.19383e+04, atom= 1015
Step=  364, Dmax= 7.0e-03 nm, Epot= -3.10719e+05 Fmax= 1.13393e+03, atom= 1015
Step=  365, Dmax= 8.4e-03 nm, Epot= -3.10763e+05 Fmax= 1.16862e+04, atom= 1015
Step=  366, Dmax= 1.0e-02 nm, Epot= -3.10862e+05 Fmax= 3.92641e+03, atom= 1015
Step=  367, Dmax= 1.2e-02 nm, Epot= -3.10781e+05 Fmax= 1.47182e+04, atom= 1015
Step=  368, Dmax= 6.1e-03 nm, Epot= -3.10880e+05 Fmax= 5.39467e+03, atom= 1015
Step=  369, Dmax= 7.3e-03 nm, Epot= -3.10901e+05 Fmax= 5.85057e+03, atom= 1015
Step=  370, Dmax= 8.7e-03 nm, Epot= -3.10912e+05 Fmax= 7.58146e+03, atom= 1015
Step=  371, Dmax= 1.0e-02 nm, Epot= -3.10927e+05 Fmax= 8.59063e+03, atom= 1015
Step=  372, Dmax= 1.3e-02 nm, Epot= -3.10925e+05 Fmax= 1.07554e+04, atom= 1015
Step=  373, Dmax= 6.3e-03 nm, Epot= -3.10989e+05 Fmax= 1.08098e+03, atom= 1015
Step=  374, Dmax= 7.6e-03 nm, Epot= -3.11039e+05 Fmax= 1.07202e+04, atom= 1015
Step=  375, Dmax= 9.1e-03 nm, Epot= -3.11122e+05 Fmax= 3.23011e+03, atom= 1015
Step=  376, Dmax= 1.1e-02 nm, Epot= -3.11068e+05 Fmax= 1.35708e+04, atom= 1015
Step=  377, Dmax= 5.4e-03 nm, Epot= -3.11142e+05 Fmax= 5.17768e+03, atom= 1015
Step=  378, Dmax= 6.5e-03 nm, Epot= -3.11166e+05 Fmax= 4.84946e+03, atom= 1015
Step=  379, Dmax= 7.8e-03 nm, Epot= -3.11175e+05 Fmax= 7.23758e+03, atom= 1015
Step=  380, Dmax= 9.4e-03 nm, Epot= -3.11198e+05 Fmax= 7.20760e+03, atom= 1015
Step=  381, Dmax= 1.1e-02 nm, Epot= -3.11192e+05 Fmax= 1.01720e+04, atom= 1015
Step=  382, Dmax= 5.6e-03 nm, Epot= -3.11244e+05 Fmax= 1.48956e+03, atom= 1015
Step=  383, Dmax= 6.8e-03 nm, Epot= -3.11274e+05 Fmax= 8.84438e+03, atom= 1015
Step=  384, Dmax= 8.1e-03 nm, Epot= -3.11332e+05 Fmax= 3.67867e+03, atom= 1015
Step=  385, Dmax= 9.7e-03 nm, Epot= -3.11305e+05 Fmax= 1.12828e+04, atom= 1015
Step=  386, Dmax= 4.9e-03 nm, Epot= -3.11354e+05 Fmax= 3.79924e+03, atom= 1015
Step=  387, Dmax= 5.8e-03 nm, Epot= -3.11372e+05 Fmax= 5.23123e+03, atom= 1015
Step=  388, Dmax= 7.0e-03 nm, Epot= -3.11393e+05 Fmax= 5.54793e+03, atom= 1015
Step=  389, Dmax= 8.4e-03 nm, Epot= -3.11403e+05 Fmax= 7.43780e+03, atom= 1015
Step=  390, Dmax= 1.0e-02 nm, Epot= -3.11420e+05 Fmax= 8.09127e+03, atom= 1015
Step=  391, Dmax= 1.2e-02 nm, Epot= -3.11416e+05 Fmax= 1.05820e+04, atom= 1015
Step=  392, Dmax= 6.1e-03 nm, Epot= -3.11473e+05 Fmax= 1.25494e+03, atom= 1015
Step=  393, Dmax= 7.3e-03 nm, Epot= -3.11512e+05 Fmax= 9.84320e+03, atom= 1015
Step=  394, Dmax= 8.7e-03 nm, Epot= -3.11579e+05 Fmax= 3.61820e+03, atom= 1015
Step=  395, Dmax= 1.0e-02 nm, Epot= -3.11540e+05 Fmax= 1.24715e+04, atom= 1015
Step=  396, Dmax= 5.2e-03 nm, Epot= -3.11600e+05 Fmax= 4.42426e+03, atom= 1015
Step=  397, Dmax= 6.3e-03 nm, Epot= -3.11618e+05 Fmax= 5.27555e+03, atom= 1015
Step=  398, Dmax= 7.5e-03 nm, Epot= -3.11634e+05 Fmax= 6.31522e+03, atom= 1015
Step=  399, Dmax= 9.0e-03 nm, Epot= -3.11647e+05 Fmax= 7.63621e+03, atom= 1015
Step=  400, Dmax= 1.1e-02 nm, Epot= -3.11656e+05 Fmax= 9.05919e+03, atom= 1015
Step=  401, Dmax= 1.3e-02 nm, Epot= -3.11656e+05 Fmax= 1.10038e+04, atom= 1015
Step=  402, Dmax= 1.6e-02 nm, Epot= -3.11650e+05 Fmax= 1.30283e+04, atom= 1015
Step=  403, Dmax= 7.8e-03 nm, Epot= -3.11741e+05 Fmax= 1.01422e+03, atom= 1015
Step=  404, Dmax= 9.4e-03 nm, Epot= -3.11783e+05 Fmax= 1.36145e+04, atom= 1015
Step=  405, Dmax= 1.1e-02 nm, Epot= -3.11899e+05 Fmax= 3.74109e+03, atom= 1015
Step=  406, Dmax= 1.4e-02 nm, Epot= -3.11792e+05 Fmax= 1.70663e+04, atom= 1015
Step=  407, Dmax= 6.8e-03 nm, Epot= -3.11911e+05 Fmax= 6.68068e+03, atom= 1015
Step=  408, Dmax= 8.1e-03 nm, Epot= -3.11937e+05 Fmax= 5.79236e+03, atom= 1015
Step=  409, Dmax= 9.7e-03 nm, Epot= -3.11934e+05 Fmax= 9.19786e+03, atom= 1015
Step=  410, Dmax= 4.9e-03 nm, Epot= -3.11969e+05 Fmax= 1.70789e+03, atom= 1015
Step=  411, Dmax= 5.8e-03 nm, Epot= -3.11994e+05 Fmax= 7.24219e+03, atom= 1015
Step=  412, Dmax= 7.0e-03 nm, Epot= -3.12034e+05 Fmax= 3.55547e+03, atom= 1015
Step=  413, Dmax= 8.4e-03 nm, Epot= -3.12027e+05 Fmax= 9.36342e+03, atom= 1015
Step=  414, Dmax= 4.2e-03 nm, Epot= -3.12055e+05 Fmax= 2.90152e+03, atom= 1015
Step=  415, Dmax= 5.0e-03 nm, Epot= -3.12074e+05 Fmax= 4.88449e+03, atom= 1015
Step=  416, Dmax= 6.1e-03 nm, Epot= -3.12096e+05 Fmax= 4.42061e+03, atom= 1015
Step=  417, Dmax= 7.3e-03 nm, Epot= -3.12107e+05 Fmax= 6.77694e+03, atom= 1015
Step=  418, Dmax= 8.7e-03 nm, Epot= -3.12129e+05 Fmax= 6.62641e+03, atom= 1015
Step=  419, Dmax= 1.0e-02 nm, Epot= -3.12127e+05 Fmax= 9.47973e+03, atom= 1015
Step=  420, Dmax= 5.2e-03 nm, Epot= -3.12166e+05 Fmax= 1.43303e+03, atom= 1015
Step=  421, Dmax= 6.3e-03 nm, Epot= -3.12197e+05 Fmax= 8.18160e+03, atom= 1015
Step=  422, Dmax= 7.5e-03 nm, Epot= -3.12244e+05 Fmax= 3.42318e+03, atom= 1015
Step=  423, Dmax= 9.0e-03 nm, Epot= -3.12229e+05 Fmax= 1.04688e+04, atom= 1015
Step=  424, Dmax= 4.5e-03 nm, Epot= -3.12264e+05 Fmax= 3.52015e+03, atom= 1015
Step=  425, Dmax= 5.4e-03 nm, Epot= -3.12282e+05 Fmax= 4.84189e+03, atom= 1015
Step=  426, Dmax= 6.5e-03 nm, Epot= -3.12301e+05 Fmax= 5.16305e+03, atom= 1015
Step=  427, Dmax= 7.8e-03 nm, Epot= -3.12313e+05 Fmax= 6.86647e+03, atom= 1015
Step=  428, Dmax= 9.4e-03 nm, Epot= -3.12329e+05 Fmax= 7.54343e+03, atom= 1015
Step=  429, Dmax= 1.1e-02 nm, Epot= -3.12330e+05 Fmax= 9.76154e+03, atom= 1015
Step=  430, Dmax= 1.3e-02 nm, Epot= -3.12337e+05 Fmax= 1.09824e+04, atom= 1015
Step=  431, Dmax= 1.6e-02 nm, Epot= -3.12318e+05 Fmax= 1.39002e+04, atom= 1015
Step=  432, Dmax= 8.1e-03 nm, Epot= -3.12417e+05 Fmax= 1.47972e+03, atom= 1015
Step=  433, Dmax= 9.7e-03 nm, Epot= -3.12418e+05 Fmax= 1.34150e+04, atom= 1015
Step=  434, Dmax= 1.2e-02 nm, Epot= -3.12521e+05 Fmax= 4.54941e+03, atom= 1015
Step=  435, Dmax= 1.4e-02 nm, Epot= -3.12417e+05 Fmax= 1.69748e+04, atom= 1015
Step=  436, Dmax= 7.0e-03 nm, Epot= -3.12534e+05 Fmax= 6.21017e+03, atom= 1015
Step=  437, Dmax= 8.4e-03 nm, Epot= -3.12551e+05 Fmax= 6.71432e+03, atom= 1015
Step=  438, Dmax= 1.0e-02 nm, Epot= -3.12556e+05 Fmax= 8.77823e+03, atom= 1015
Step=  439, Dmax= 1.2e-02 nm, Epot= -3.12566e+05 Fmax= 9.81544e+03, atom= 1015
Step=  440, Dmax= 1.4e-02 nm, Epot= -3.12556e+05 Fmax= 1.24829e+04, atom= 1015
Step=  441, Dmax= 7.2e-03 nm, Epot= -3.12631e+05 Fmax= 1.33246e+03, atom= 1015
Step=  442, Dmax= 8.7e-03 nm, Epot= -3.12649e+05 Fmax= 1.21257e+04, atom= 1015
Step=  443, Dmax= 1.0e-02 nm, Epot= -3.12735e+05 Fmax= 3.95476e+03, atom= 1015
Step=  444, Dmax= 1.3e-02 nm, Epot= -3.12661e+05 Fmax= 1.53243e+04, atom= 1015
Step=  445, Dmax= 6.3e-03 nm, Epot= -3.12750e+05 Fmax= 5.69453e+03, atom= 1015
Step=  446, Dmax= 7.5e-03 nm, Epot= -3.12768e+05 Fmax= 5.87477e+03, atom= 1015
Step=  447, Dmax= 9.0e-03 nm, Epot= -3.12775e+05 Fmax= 8.01114e+03, atom= 1015
Step=  448, Dmax= 1.1e-02 nm, Epot= -3.12789e+05 Fmax= 8.64511e+03, atom= 1015
Step=  449, Dmax= 1.3e-02 nm, Epot= -3.12782e+05 Fmax= 1.13314e+04, atom= 1015
Step=  450, Dmax= 6.5e-03 nm, Epot= -3.12841e+05 Fmax= 1.35456e+03, atom= 1015
Step=  451, Dmax= 7.8e-03 nm, Epot= -3.12866e+05 Fmax= 1.06257e+04, atom= 1015
Step=  452, Dmax= 9.4e-03 nm, Epot= -3.12933e+05 Fmax= 3.78139e+03, atom= 1015
Step=  453, Dmax= 1.1e-02 nm, Epot= -3.12885e+05 Fmax= 1.34998e+04, atom= 1015
Step=  454, Dmax= 5.6e-03 nm, Epot= -3.12950e+05 Fmax= 4.85609e+03, atom= 1015
Step=  455, Dmax= 6.7e-03 nm, Epot= -3.12966e+05 Fmax= 5.51202e+03, atom= 1015
Step=  456, Dmax= 8.1e-03 nm, Epot= -3.12978e+05 Fmax= 6.92595e+03, atom= 1015
Step=  457, Dmax= 9.7e-03 nm, Epot= -3.12990e+05 Fmax= 7.99531e+03, atom= 1015
Step=  458, Dmax= 1.2e-02 nm, Epot= -3.12993e+05 Fmax= 9.90975e+03, atom= 1015
Step=  459, Dmax= 1.4e-02 nm, Epot= -3.12994e+05 Fmax= 1.15555e+04, atom= 1015
Step=  460, Dmax= 1.7e-02 nm, Epot= -3.12978e+05 Fmax= 1.42043e+04, atom= 1015
Step=  461, Dmax= 8.4e-03 nm, Epot= -3.13077e+05 Fmax= 1.32616e+03, atom= 1015
Step=  462, Dmax= 1.0e-02 nm, Epot= -3.13079e+05 Fmax= 1.41895e+04, atom= 1015
Step=  463, Dmax= 1.2e-02 nm, Epot= -3.13190e+05 Fmax= 4.40507e+03, atom= 1015
Step=  464, Dmax= 1.4e-02 nm, Epot= -3.13075e+05 Fmax= 1.78380e+04, atom= 1015
Step=  465, Dmax= 7.2e-03 nm, Epot= -3.13200e+05 Fmax= 6.73305e+03, atom= 1015
Step=  466, Dmax= 8.7e-03 nm, Epot= -3.13219e+05 Fmax= 6.64279e+03, atom= 1015
Step=  467, Dmax= 1.0e-02 nm, Epot= -3.13218e+05 Fmax= 9.38846e+03, atom= 1015
Step=  468, Dmax= 5.2e-03 nm, Epot= -3.13253e+05 Fmax= 1.37898e+03, atom= 1015
Step=  469, Dmax= 6.3e-03 nm, Epot= -3.13283e+05 Fmax= 8.25961e+03, atom= 1015
Step=  470, Dmax= 7.5e-03 nm, Epot= -3.13326e+05 Fmax= 3.29455e+03, atom= 1015
Step=  471, Dmax= 9.0e-03 nm, Epot= -3.13311e+05 Fmax= 1.05806e+04, atom= 1015
Step=  472, Dmax= 4.5e-03 nm, Epot= -3.13345e+05 Fmax= 3.64030e+03, atom= 1015
Step=  473, Dmax= 5.4e-03 nm, Epot= -3.13361e+05 Fmax= 4.67506e+03, atom= 1015
Step=  474, Dmax= 6.5e-03 nm, Epot= -3.13378e+05 Fmax= 5.31093e+03, atom= 1015
Step=  475, Dmax= 7.8e-03 nm, Epot= -3.13390e+05 Fmax= 6.66001e+03, atom= 1015
Step=  476, Dmax= 9.3e-03 nm, Epot= -3.13402e+05 Fmax= 7.71586e+03, atom= 1015
Step=  477, Dmax= 1.1e-02 nm, Epot= -3.13406e+05 Fmax= 9.51263e+03, atom= 1015
Step=  478, Dmax= 1.3e-02 nm, Epot= -3.13407e+05 Fmax= 1.11755e+04, atom= 1015
Step=  479, Dmax= 1.6e-02 nm, Epot= -3.13395e+05 Fmax= 1.36051e+04, atom= 1015
Step=  480, Dmax= 8.1e-03 nm, Epot= -3.13483e+05 Fmax= 1.23731e+03, atom= 1015
Step=  481, Dmax= 9.7e-03 nm, Epot= -3.13496e+05 Fmax= 1.36734e+04, atom= 1015
Step=  482, Dmax= 1.2e-02 nm, Epot= -3.13597e+05 Fmax= 4.22785e+03, atom= 1015
Step=  483, Dmax= 1.4e-02 nm, Epot= -3.13495e+05 Fmax= 1.72579e+04, atom= 1015
Step=  484, Dmax= 7.0e-03 nm, Epot= -3.13607e+05 Fmax= 6.51522e+03, atom= 1015
Step=  485, Dmax= 8.4e-03 nm, Epot= -3.13626e+05 Fmax= 6.35153e+03, atom= 1015
Step=  486, Dmax= 1.0e-02 nm, Epot= -3.13625e+05 Fmax= 9.10549e+03, atom= 1015
Step=  487, Dmax= 5.0e-03 nm, Epot= -3.13657e+05 Fmax= 1.37440e+03, atom= 1015
Step=  488, Dmax= 6.0e-03 nm, Epot= -3.13686e+05 Fmax= 7.88576e+03, atom= 1015
Step=  489, Dmax= 7.2e-03 nm, Epot= -3.13726e+05 Fmax= 3.24403e+03, atom= 1015
Step=  490, Dmax= 8.7e-03 nm, Epot= -3.13715e+05 Fmax= 1.00870e+04, atom= 1015
Step=  491, Dmax= 4.3e-03 nm, Epot= -3.13744e+05 Fmax= 3.42503e+03, atom= 1015
Step=  492, Dmax= 5.2e-03 nm, Epot= -3.13760e+05 Fmax= 4.59221e+03, atom= 1015
Step=  493, Dmax= 6.2e-03 nm, Epot= -3.13777e+05 Fmax= 5.01125e+03, atom= 1015
Step=  494, Dmax= 7.5e-03 nm, Epot= -3.13788e+05 Fmax= 6.53062e+03, atom= 1015
Step=  495, Dmax= 9.0e-03 nm, Epot= -3.13801e+05 Fmax= 7.29505e+03, atom= 1015
Step=  496, Dmax= 1.1e-02 nm, Epot= -3.13804e+05 Fmax= 9.31719e+03, atom= 1015
Step=  497, Dmax= 1.3e-02 nm, Epot= -3.13810e+05 Fmax= 1.05787e+04, atom= 1015
Step=  498, Dmax= 1.6e-02 nm, Epot= -3.13795e+05 Fmax= 1.33201e+04, atom= 1015
Step=  499, Dmax= 7.8e-03 nm, Epot= -3.13878e+05 Fmax= 1.37076e+03, atom= 1015
Step=  500, Dmax= 9.3e-03 nm, Epot= -3.13884e+05 Fmax= 1.29617e+04, atom= 1015
Step=  501, Dmax= 1.1e-02 nm, Epot= -3.13974e+05 Fmax= 4.27633e+03, atom= 1015
Step=  502, Dmax= 1.3e-02 nm, Epot= -3.13886e+05 Fmax= 1.63342e+04, atom= 1015
Step=  503, Dmax= 6.7e-03 nm, Epot= -3.13985e+05 Fmax= 6.04088e+03, atom= 1015
Step=  504, Dmax= 8.1e-03 nm, Epot= -3.14001e+05 Fmax= 6.36736e+03, atom= 1015
Step=  505, Dmax= 9.7e-03 nm, Epot= -3.14005e+05 Fmax= 8.48841e+03, atom= 1015
Step=  506, Dmax= 1.2e-02 nm, Epot= -3.14016e+05 Fmax= 9.36733e+03, atom= 1015
Step=  507, Dmax= 1.4e-02 nm, Epot= -3.14006e+05 Fmax= 1.20105e+04, atom= 1015
Step=  508, Dmax= 7.0e-03 nm, Epot= -3.14070e+05 Fmax= 1.33566e+03, atom= 1015
Step=  509, Dmax= 8.3e-03 nm, Epot= -3.14086e+05 Fmax= 1.15611e+04, atom= 1015
Step=  510, Dmax= 1.0e-02 nm, Epot= -3.14159e+05 Fmax= 3.86548e+03, atom= 1015
Step=  511, Dmax= 1.2e-02 nm, Epot= -3.14097e+05 Fmax= 1.46778e+04, atom= 1015
Step=  512, Dmax= 6.0e-03 nm, Epot= -3.14173e+05 Fmax= 5.40314e+03, atom= 1015
Step=  513, Dmax= 7.2e-03 nm, Epot= -3.14189e+05 Fmax= 5.68940e+03, atom= 1015
Step=  514, Dmax= 8.7e-03 nm, Epot= -3.14195e+05 Fmax= 7.64893e+03, atom= 1015
Step=  515, Dmax= 1.0e-02 nm, Epot= -3.14208e+05 Fmax= 8.31989e+03, atom= 1015
Step=  516, Dmax= 1.2e-02 nm, Epot= -3.14202e+05 Fmax= 1.08726e+04, atom= 1015
Step=  517, Dmax= 6.2e-03 nm, Epot= -3.14253e+05 Fmax= 1.27429e+03, atom= 1015
Step=  518, Dmax= 7.5e-03 nm, Epot= -3.14278e+05 Fmax= 1.02075e+04, atom= 1015
Step=  519, Dmax= 9.0e-03 nm, Epot= -3.14336e+05 Fmax= 3.62184e+03, atom= 1015
Step=  520, Dmax= 1.1e-02 nm, Epot= -3.14296e+05 Fmax= 1.29178e+04, atom= 1015
Step=  521, Dmax= 5.4e-03 nm, Epot= -3.14351e+05 Fmax= 4.65422e+03, atom= 1015
Step=  522, Dmax= 6.5e-03 nm, Epot= -3.14366e+05 Fmax= 5.30693e+03, atom= 1015
Step=  523, Dmax= 7.8e-03 nm, Epot= -3.14378e+05 Fmax= 6.61307e+03, atom= 1015
Step=  524, Dmax= 9.3e-03 nm, Epot= -3.14388e+05 Fmax= 7.72291e+03, atom= 1015
Step=  525, Dmax= 1.1e-02 nm, Epot= -3.14391e+05 Fmax= 9.43730e+03, atom= 1015
Step=  526, Dmax= 1.3e-02 nm, Epot= -3.14392e+05 Fmax= 1.11891e+04, atom= 1015
Step=  527, Dmax= 1.6e-02 nm, Epot= -3.14380e+05 Fmax= 1.34980e+04, atom= 1015
Step=  528, Dmax= 8.0e-03 nm, Epot= -3.14465e+05 Fmax= 1.17711e+03, atom= 1015
Step=  529, Dmax= 9.6e-03 nm, Epot= -3.14476e+05 Fmax= 1.37308e+04, atom= 1015
Step=  530, Dmax= 1.2e-02 nm, Epot= -3.14574e+05 Fmax= 4.10685e+03, atom= 1015
Step=  531, Dmax= 1.4e-02 nm, Epot= -3.14473e+05 Fmax= 1.73249e+04, atom= 1015
Step=  532, Dmax= 6.9e-03 nm, Epot= -3.14583e+05 Fmax= 6.61000e+03, atom= 1015
Step=  533, Dmax= 8.3e-03 nm, Epot= -3.14602e+05 Fmax= 6.20635e+03, atom= 1015
Step=  534, Dmax= 1.0e-02 nm, Epot= -3.14599e+05 Fmax= 9.20745e+03, atom= 1015
Step=  535, Dmax= 5.0e-03 nm, Epot= -3.14631e+05 Fmax= 1.49810e+03, atom= 1015
Step=  536, Dmax= 6.0e-03 nm, Epot= -3.14653e+05 Fmax= 7.70853e+03, atom= 1015
Step=  537, Dmax= 7.2e-03 nm, Epot= -3.14689e+05 Fmax= 3.38755e+03, atom= 1015
Step=  538, Dmax= 8.6e-03 nm, Epot= -3.14678e+05 Fmax= 9.88563e+03, atom= 1015
Step=  539, Dmax= 4.3e-03 nm, Epot= -3.14706e+05 Fmax= 3.25247e+03, atom= 1015
Step=  540, Dmax= 5.2e-03 nm, Epot= -3.14721e+05 Fmax= 4.74561e+03, atom= 1015
Step=  541, Dmax= 6.2e-03 nm, Epot= -3.14737e+05 Fmax= 4.81911e+03, atom= 1015
Step=  542, Dmax= 7.5e-03 nm, Epot= -3.14746e+05 Fmax= 6.69145e+03, atom= 1015
Step=  543, Dmax= 9.0e-03 nm, Epot= -3.14760e+05 Fmax= 7.08111e+03, atom= 1015
Step=  544, Dmax= 1.1e-02 nm, Epot= -3.14759e+05 Fmax= 9.48211e+03, atom= 1015
Step=  545, Dmax= 5.4e-03 nm, Epot= -3.14795e+05 Fmax= 1.19833e+03, atom= 1015
Step=  546, Dmax= 6.5e-03 nm, Epot= -3.14825e+05 Fmax= 8.68777e+03, atom= 1015
Step=  547, Dmax= 7.7e-03 nm, Epot= -3.14870e+05 Fmax= 3.24221e+03, atom= 1015
Step=  548, Dmax= 9.3e-03 nm, Epot= -3.14849e+05 Fmax= 1.10190e+04, atom= 1015
Step=  549, Dmax= 4.6e-03 nm, Epot= -3.14885e+05 Fmax= 3.89277e+03, atom= 1015
Step=  550, Dmax= 5.6e-03 nm, Epot= -3.14900e+05 Fmax= 4.70411e+03, atom= 1015
Step=  551, Dmax= 6.7e-03 nm, Epot= -3.14913e+05 Fmax= 5.57481e+03, atom= 1015
Step=  552, Dmax= 8.0e-03 nm, Epot= -3.14924e+05 Fmax= 6.79674e+03, atom= 1015
Step=  553, Dmax= 9.6e-03 nm, Epot= -3.14932e+05 Fmax= 8.00502e+03, atom= 1015
Step=  554, Dmax= 1.2e-02 nm, Epot= -3.14934e+05 Fmax= 9.79591e+03, atom= 1015
Step=  555, Dmax= 1.4e-02 nm, Epot= -3.14933e+05 Fmax= 1.15060e+04, atom= 1015
Step=  556, Dmax= 6.9e-03 nm, Epot= -3.14991e+05 Fmax= 8.71417e+02, atom= 1015

writing lowest energy coordinates.

Steepest Descents converged to Fmax < 1000 in 557 steps
Potential Energy  = -3.1499141e+05
Maximum force     =  8.7141718e+02 on atom 1015
Norm of force     =  2.4205110e+01

GROMACS reminds you: "Big Data is like teenage sex: everyone talks about it, nobody really knows how to do it, everyone thinks everyone else is doing it, so everyone claims they are doing it..." (Dan Ariely)

