
--- stderr ---
                :-) GROMACS - gmx mdrun, 2024.5-conda_forge (-:

Executable:   /usr/local/Caskroom/miniforge/base/envs/gromacs_env/bin.AVX2_256/gmx
Data prefix:  /usr/local/Caskroom/miniforge/base/envs/gromacs_env
Working dir:  /Users/laetitiaguerin/Library/CloudStorage/OneDrive-Personal/Documents/BSc_Nanobiology/Year_5/BEP/Energy_minimization/tleap_runs/P24297_A44V
Command line:
  gmx mdrun -v -deffnm P24297_A44V_minim

The current CPU can measure timings more accurately than the code in
gmx mdrun was configured to use. This might affect your simulation
speed as accurate timings are needed for load-balancing.
Please consider rebuilding gmx mdrun with the GMX_USE_RDTSCP=ON CMake option.
Reading file P24297_A44V_minim.tpr, VERSION 2024.5-conda_forge (single precision)

Using 1 MPI thread
Using 8 OpenMP threads 


Steepest Descents:
   Tolerance (Fmax)   =  1.00000e+03
   Number of steps    =        50000
Step=    0, Dmax= 1.0e-02 nm, Epot= -1.52542e+05 Fmax= 4.88039e+04, atom= 99
Step=    1, Dmax= 1.0e-02 nm, Epot= -1.53409e+05 Fmax= 1.17019e+04, atom= 99
Step=    2, Dmax= 1.2e-02 nm, Epot= -1.55061e+05 Fmax= 3.11328e+03, atom= 623
Step=    3, Dmax= 1.4e-02 nm, Epot= -1.60064e+05 Fmax= 4.35022e+03, atom= 644
Step=    4, Dmax= 1.7e-02 nm, Epot= -1.62424e+05 Fmax= 1.18567e+04, atom= 230
Step=    5, Dmax= 2.1e-02 nm, Epot= -1.63100e+05 Fmax= 1.96651e+04, atom= 230
Step=    6, Dmax= 2.5e-02 nm, Epot= -1.64041e+05 Fmax= 1.83139e+04, atom= 230
Step=    7, Dmax= 3.0e-02 nm, Epot= -1.64292e+05 Fmax= 2.71340e+04, atom= 230
Step=    8, Dmax= 3.6e-02 nm, Epot= -1.64974e+05 Fmax= 2.72522e+04, atom= 230
Step=    9, Dmax= 4.3e-02 nm, Epot= -1.64807e+05 Fmax= 3.77230e+04, atom= 230
Step=   10, Dmax= 2.1e-02 nm, Epot= -1.66265e+05 Fmax= 5.40727e+03, atom= 230
Step=   11, Dmax= 2.6e-02 nm, Epot= -1.66852e+05 Fmax= 3.40390e+04, atom= 230
Step=   12, Dmax= 3.1e-02 nm, Epot= -1.68237e+05 Fmax= 1.33104e+04, atom= 230
Step=   13, Dmax= 3.7e-02 nm, Epot= -1.67264e+05 Fmax= 4.31699e+04, atom= 230
Step=   14, Dmax= 1.9e-02 nm, Epot= -1.68623e+05 Fmax= 1.49996e+04, atom= 230
Step=   15, Dmax= 2.2e-02 nm, Epot= -1.68918e+05 Fmax= 1.90203e+04, atom= 230
Step=   16, Dmax= 2.7e-02 nm, Epot= -1.69196e+05 Fmax= 2.16924e+04, atom= 230
Step=   17, Dmax= 3.2e-02 nm, Epot= -1.69305e+05 Fmax= 2.71171e+04, atom= 230
Step=   18, Dmax= 3.9e-02 nm, Epot= -1.69395e+05 Fmax= 3.11678e+04, atom= 230
Step=   19, Dmax= 4.6e-02 nm, Epot= -1.69159e+05 Fmax= 3.84856e+04, atom= 230
Step=   20, Dmax= 2.3e-02 nm, Epot= -1.70633e+05 Fmax= 3.92343e+03, atom= 230
Step=   21, Dmax= 2.8e-02 nm, Epot= -1.70637e+05 Fmax= 3.82998e+04, atom= 230
Step=   22, Dmax= 3.3e-02 nm, Epot= -1.72267e+05 Fmax= 1.29403e+04, atom= 230
Step=   23, Dmax= 4.0e-02 nm, Epot= -1.70506e+05 Fmax= 4.76719e+04, atom= 230
Step=   24, Dmax= 2.0e-02 nm, Epot= -1.72407e+05 Fmax= 1.75608e+04, atom= 230
Step=   25, Dmax= 2.4e-02 nm, Epot= -1.72598e+05 Fmax= 1.90738e+04, atom= 230
Step=   26, Dmax= 2.9e-02 nm, Epot= -1.72593e+05 Fmax= 2.46892e+04, atom= 230
Step=   27, Dmax= 1.4e-02 nm, Epot= -1.73122e+05 Fmax= 2.86897e+03, atom= 230
Step=   28, Dmax= 1.7e-02 nm, Epot= -1.73550e+05 Fmax= 2.37948e+04, atom= 230
Step=   29, Dmax= 2.1e-02 nm, Epot= -1.74222e+05 Fmax= 7.94982e+03, atom= 230
Step=   30, Dmax= 2.5e-02 nm, Epot= -1.73796e+05 Fmax= 3.00872e+04, atom= 230
Step=   31, Dmax= 1.2e-02 nm, Epot= -1.74394e+05 Fmax= 1.10857e+04, atom= 230
Step=   32, Dmax= 1.5e-02 nm, Epot= -1.74574e+05 Fmax= 1.17063e+04, atom= 230
Step=   33, Dmax= 1.8e-02 nm, Epot= -1.74678e+05 Fmax= 1.56699e+04, atom= 230
Step=   34, Dmax= 2.1e-02 nm, Epot= -1.74816e+05 Fmax= 1.71047e+04, atom= 230
Step=   35, Dmax= 2.6e-02 nm, Epot= -1.74806e+05 Fmax= 2.22073e+04, atom= 230
Step=   36, Dmax= 1.3e-02 nm, Epot= -1.75218e+05 Fmax= 2.58688e+03, atom= 230
Step=   37, Dmax= 1.5e-02 nm, Epot= -1.75539e+05 Fmax= 2.10297e+04, atom= 230
Step=   38, Dmax= 1.9e-02 nm, Epot= -1.76045e+05 Fmax= 7.42494e+03, atom= 230
Step=   39, Dmax= 2.2e-02 nm, Epot= -1.75724e+05 Fmax= 2.65853e+04, atom= 230
Step=   40, Dmax= 1.1e-02 nm, Epot= -1.76182e+05 Fmax= 9.60115e+03, atom= 230
Step=   41, Dmax= 1.3e-02 nm, Epot= -1.76315e+05 Fmax= 1.08648e+04, atom= 230
Step=   42, Dmax= 1.6e-02 nm, Epot= -1.76410e+05 Fmax= 1.36399e+04, atom= 230
Step=   43, Dmax= 1.9e-02 nm, Epot= -1.76500e+05 Fmax= 1.57827e+04, atom= 230
Step=   44, Dmax= 2.3e-02 nm, Epot= -1.76523e+05 Fmax= 1.94383e+04, atom= 230
Step=   45, Dmax= 2.8e-02 nm, Epot= -1.76526e+05 Fmax= 2.27915e+04, atom= 230
Step=   46, Dmax= 3.3e-02 nm, Epot= -1.76412e+05 Fmax= 2.77018e+04, atom= 230
Step=   47, Dmax= 1.7e-02 nm, Epot= -1.77122e+05 Fmax= 2.57274e+03, atom= 230
Step=   48, Dmax= 2.0e-02 nm, Epot= -1.77101e+05 Fmax= 2.80908e+04, atom= 230
Step=   49, Dmax= 1.0e-02 nm, Epot= -1.77354e+05 Fmax= 1.26279e+04, atom= 230
Step=   50, Dmax= 1.2e-02 nm, Epot= -1.77573e+05 Fmax= 5.68931e+03, atom= 230
Step=   51, Dmax= 1.4e-02 nm, Epot= -1.77574e+05 Fmax= 1.63220e+04, atom= 230
Step=   52, Dmax= 1.7e-02 nm, Epot= -1.77837e+05 Fmax= 1.00335e+04, atom= 230
Step=   53, Dmax= 2.1e-02 nm, Epot= -1.77654e+05 Fmax= 2.15996e+04, atom= 230
Step=   54, Dmax= 1.0e-02 nm, Epot= -1.77997e+05 Fmax= 5.78991e+03, atom= 230
Step=   55, Dmax= 1.2e-02 nm, Epot= -1.78045e+05 Fmax= 1.31782e+04, atom= 230
Step=   56, Dmax= 1.5e-02 nm, Epot= -1.78224e+05 Fmax= 9.61084e+03, atom= 230
Step=   57, Dmax= 1.8e-02 nm, Epot= -1.78161e+05 Fmax= 1.76938e+04, atom= 230
Step=   58, Dmax= 8.9e-03 nm, Epot= -1.78378e+05 Fmax= 4.05087e+03, atom= 230
Step=   59, Dmax= 1.1e-02 nm, Epot= -1.78463e+05 Fmax= 1.23924e+04, atom= 230
Step=   60, Dmax= 1.3e-02 nm, Epot= -1.78646e+05 Fmax= 7.29432e+03, atom= 230
Step=   61, Dmax= 1.5e-02 nm, Epot= -1.78606e+05 Fmax= 1.63539e+04, atom= 230
Step=   62, Dmax= 7.7e-03 nm, Epot= -1.78763e+05 Fmax= 4.53208e+03, atom= 230
Step=   63, Dmax= 9.3e-03 nm, Epot= -1.78854e+05 Fmax= 9.63291e+03, atom= 230
Step=   64, Dmax= 1.1e-02 nm, Epot= -1.78980e+05 Fmax= 7.39751e+03, atom= 230
Step=   65, Dmax= 1.3e-02 nm, Epot= -1.79006e+05 Fmax= 1.30041e+04, atom= 230
Step=   66, Dmax= 1.6e-02 nm, Epot= -1.79134e+05 Fmax= 1.14955e+04, atom= 230
Step=   67, Dmax= 1.9e-02 nm, Epot= -1.79076e+05 Fmax= 1.78517e+04, atom= 230
Step=   68, Dmax= 9.6e-03 nm, Epot= -1.79313e+05 Fmax= 3.19202e+03, atom= 230
Step=   69, Dmax= 1.2e-02 nm, Epot= -1.79384e+05 Fmax= 1.45047e+04, atom= 230
Step=   70, Dmax= 1.4e-02 nm, Epot= -1.79609e+05 Fmax= 6.66777e+03, atom= 230
Step=   71, Dmax= 1.7e-02 nm, Epot= -1.79489e+05 Fmax= 1.87614e+04, atom= 230
Step=   72, Dmax= 8.3e-03 nm, Epot= -1.79703e+05 Fmax= 6.04922e+03, atom= 230
Step=   73, Dmax= 1.0e-02 nm, Epot= -1.79770e+05 Fmax= 9.18164e+03, atom= 230
Step=   74, Dmax= 1.2e-02 nm, Epot= -1.79859e+05 Fmax= 9.12519e+03, atom= 230
Step=   75, Dmax= 1.4e-02 nm, Epot= -1.79887e+05 Fmax= 1.28040e+04, atom= 230
Step=   76, Dmax= 1.7e-02 nm, Epot= -1.79957e+05 Fmax= 1.35257e+04, atom= 230
Step=   77, Dmax= 2.1e-02 nm, Epot= -1.79922e+05 Fmax= 1.80087e+04, atom= 230
Step=   78, Dmax= 1.0e-02 nm, Epot= -1.80173e+05 Fmax= 2.26311e+03, atom= 230
Step=   79, Dmax= 1.2e-02 nm, Epot= -1.80263e+05 Fmax= 1.67951e+04, atom= 230
Step=   80, Dmax= 1.5e-02 nm, Epot= -1.80544e+05 Fmax= 5.98795e+03, atom= 230
Step=   81, Dmax= 1.8e-02 nm, Epot= -1.80337e+05 Fmax= 2.13539e+04, atom= 230
Step=   82, Dmax= 8.9e-03 nm, Epot= -1.80612e+05 Fmax= 7.68920e+03, atom= 230
Step=   83, Dmax= 1.1e-02 nm, Epot= -1.80679e+05 Fmax= 8.68986e+03, atom= 230
Step=   84, Dmax= 1.3e-02 nm, Epot= -1.80724e+05 Fmax= 1.09906e+04, atom= 230
Step=   85, Dmax= 1.5e-02 nm, Epot= -1.80771e+05 Fmax= 1.25819e+04, atom= 230
Step=   86, Dmax= 1.8e-02 nm, Epot= -1.80774e+05 Fmax= 1.57146e+04, atom= 230
Step=   87, Dmax= 2.2e-02 nm, Epot= -1.80776e+05 Fmax= 1.81692e+04, atom= 230
Step=   88, Dmax= 2.7e-02 nm, Epot= -1.80696e+05 Fmax= 2.24550e+04, atom= 230
Step=   89, Dmax= 1.3e-02 nm, Epot= -1.81113e+05 Fmax= 2.19323e+03, atom= 230
Step=   90, Dmax= 1.6e-02 nm, Epot= -1.81067e+05 Fmax= 2.22125e+04, atom= 230
Step=   91, Dmax= 8.0e-03 nm, Epot= -1.81226e+05 Fmax= 9.94966e+03, atom= 230
Step=   92, Dmax= 9.6e-03 nm, Epot= -1.81347e+05 Fmax= 4.75042e+03, atom= 230
Step=   93, Dmax= 1.1e-02 nm, Epot= -1.81346e+05 Fmax= 1.28474e+04, atom= 230
Step=   94, Dmax= 5.7e-03 nm, Epot= -1.81416e+05 Fmax= 4.04842e+03, atom= 230
Step=   95, Dmax= 6.9e-03 nm, Epot= -1.81482e+05 Fmax= 6.54969e+03, atom= 230
Step=   96, Dmax= 8.3e-03 nm, Epot= -1.81551e+05 Fmax= 6.12700e+03, atom= 230
Step=   97, Dmax= 9.9e-03 nm, Epot= -1.81593e+05 Fmax= 9.12113e+03, atom= 230
Step=   98, Dmax= 1.2e-02 nm, Epot= -1.81658e+05 Fmax= 9.13127e+03, atom= 230
Step=   99, Dmax= 1.4e-02 nm, Epot= -1.81664e+05 Fmax= 1.28006e+04, atom= 230
Step=  100, Dmax= 1.7e-02 nm, Epot= -1.81714e+05 Fmax= 1.34599e+04, atom= 230
Step=  101, Dmax= 2.1e-02 nm, Epot= -1.81659e+05 Fmax= 1.80605e+04, atom= 230
Step=  102, Dmax= 1.0e-02 nm, Epot= -1.81908e+05 Fmax= 2.31940e+03, atom= 230
Step=  103, Dmax= 1.2e-02 nm, Epot= -1.81925e+05 Fmax= 1.65717e+04, atom= 230
Step=  104, Dmax= 1.5e-02 nm, Epot= -1.82174e+05 Fmax= 6.18926e+03, atom= 230
Step=  105, Dmax= 1.8e-02 nm, Epot= -1.81951e+05 Fmax= 2.10401e+04, atom= 230
Step=  106, Dmax= 8.9e-03 nm, Epot= -1.82225e+05 Fmax= 7.43224e+03, atom= 230
Step=  107, Dmax= 1.1e-02 nm, Epot= -1.82269e+05 Fmax= 8.95438e+03, atom= 230
Step=  108, Dmax= 1.3e-02 nm, Epot= -1.82303e+05 Fmax= 1.06599e+04, atom= 230
Step=  109, Dmax= 1.5e-02 nm, Epot= -1.82321e+05 Fmax= 1.29085e+04, atom= 230
Step=  110, Dmax= 1.8e-02 nm, Epot= -1.82324e+05 Fmax= 1.53078e+04, atom= 230
Step=  111, Dmax= 2.2e-02 nm, Epot= -1.82291e+05 Fmax= 1.85559e+04, atom= 230
Step=  112, Dmax= 1.1e-02 nm, Epot= -1.82558e+05 Fmax= 1.65472e+03, atom= 230
Step=  113, Dmax= 1.3e-02 nm, Epot= -1.82604e+05 Fmax= 1.86080e+04, atom= 230
Step=  114, Dmax= 1.6e-02 nm, Epot= -1.82907e+05 Fmax= 5.89917e+03, atom= 230
Step=  115, Dmax= 1.9e-02 nm, Epot= -1.82601e+05 Fmax= 2.33573e+04, atom= 230
Step=  116, Dmax= 9.6e-03 nm, Epot= -1.82937e+05 Fmax= 8.74966e+03, atom= 230
Step=  117, Dmax= 1.1e-02 nm, Epot= -1.82988e+05 Fmax= 8.87003e+03, atom= 230
Step=  118, Dmax= 1.4e-02 nm, Epot= -1.82989e+05 Fmax= 1.22129e+04, atom= 230
Step=  119, Dmax= 1.7e-02 nm, Epot= -1.83023e+05 Fmax= 1.31192e+04, atom= 230
Step=  120, Dmax= 2.0e-02 nm, Epot= -1.82976e+05 Fmax= 1.72010e+04, atom= 230
Step=  121, Dmax= 9.9e-03 nm, Epot= -1.83195e+05 Fmax= 2.05854e+03, atom= 230
Step=  122, Dmax= 1.2e-02 nm, Epot= -1.83198e+05 Fmax= 1.63093e+04, atom= 230
Step=  123, Dmax= 1.4e-02 nm, Epot= -1.83427e+05 Fmax= 5.59042e+03, atom= 230
Step=  124, Dmax= 1.7e-02 nm, Epot= -1.83208e+05 Fmax= 2.07135e+04, atom= 230
Step=  125, Dmax= 8.6e-03 nm, Epot= -1.83462e+05 Fmax= 7.56863e+03, atom= 230
Step=  126, Dmax= 1.0e-02 nm, Epot= -1.83504e+05 Fmax= 8.17226e+03, atom= 230
Step=  127, Dmax= 1.2e-02 nm, Epot= -1.83519e+05 Fmax= 1.07580e+04, atom= 230
Step=  128, Dmax= 1.5e-02 nm, Epot= -1.83546e+05 Fmax= 1.19002e+04, atom= 230
Step=  129, Dmax= 1.8e-02 nm, Epot= -1.83523e+05 Fmax= 1.53160e+04, atom= 230
Step=  130, Dmax= 8.9e-03 nm, Epot= -1.83689e+05 Fmax= 1.72115e+03, atom= 230
Step=  131, Dmax= 1.1e-02 nm, Epot= -1.83736e+05 Fmax= 1.45431e+04, atom= 230
Step=  132, Dmax= 1.3e-02 nm, Epot= -1.83919e+05 Fmax= 5.10271e+03, atom= 230
Step=  133, Dmax= 1.5e-02 nm, Epot= -1.83766e+05 Fmax= 1.83803e+04, atom= 230
Step=  134, Dmax= 7.7e-03 nm, Epot= -1.83955e+05 Fmax= 6.64428e+03, atom= 230
Step=  135, Dmax= 9.2e-03 nm, Epot= -1.83993e+05 Fmax= 7.50137e+03, atom= 230
Step=  136, Dmax= 1.1e-02 nm, Epot= -1.84016e+05 Fmax= 9.41698e+03, atom= 230
Step=  137, Dmax= 1.3e-02 nm, Epot= -1.84038e+05 Fmax= 1.09292e+04, atom= 230
Step=  138, Dmax= 1.6e-02 nm, Epot= -1.84036e+05 Fmax= 1.34198e+04, atom= 230
Step=  139, Dmax= 8.0e-03 nm, Epot= -1.84158e+05 Fmax= 1.25513e+03, atom= 230
Step=  140, Dmax= 9.6e-03 nm, Epot= -1.84261e+05 Fmax= 1.35425e+04, atom= 230
Step=  141, Dmax= 1.1e-02 nm, Epot= -1.84422e+05 Fmax= 4.03738e+03, atom= 230
Step=  142, Dmax= 1.4e-02 nm, Epot= -1.84309e+05 Fmax= 1.70956e+04, atom= 230
Step=  143, Dmax= 6.9e-03 nm, Epot= -1.84455e+05 Fmax= 6.53683e+03, atom= 230
Step=  144, Dmax= 8.3e-03 nm, Epot= -1.84498e+05 Fmax= 6.09629e+03, atom= 230
Step=  145, Dmax= 9.9e-03 nm, Epot= -1.84513e+05 Fmax= 9.11120e+03, atom= 230
Step=  146, Dmax= 1.2e-02 nm, Epot= -1.84553e+05 Fmax= 9.07792e+03, atom= 230
Step=  147, Dmax= 1.4e-02 nm, Epot= -1.84537e+05 Fmax= 1.27902e+04, atom= 230
Step=  148, Dmax= 7.1e-03 nm, Epot= -1.84640e+05 Fmax= 1.86229e+03, atom= 230
Step=  149, Dmax= 8.6e-03 nm, Epot= -1.84683e+05 Fmax= 1.11837e+04, atom= 230
Step=  150, Dmax= 1.0e-02 nm, Epot= -1.84793e+05 Fmax= 4.57764e+03, atom= 230
Step=  151, Dmax= 1.2e-02 nm, Epot= -1.84729e+05 Fmax= 1.42626e+04, atom= 230
Step=  152, Dmax= 6.2e-03 nm, Epot= -1.84831e+05 Fmax= 4.84369e+03, atom= 230
Step=  153, Dmax= 7.4e-03 nm, Epot= -1.84861e+05 Fmax= 6.51760e+03, atom= 230
Step=  154, Dmax= 8.9e-03 nm, Epot= -1.84895e+05 Fmax= 7.05699e+03, atom= 230
Step=  155, Dmax= 1.1e-02 nm, Epot= -1.84911e+05 Fmax= 9.28493e+03, atom= 230
Step=  156, Dmax= 1.3e-02 nm, Epot= -1.84936e+05 Fmax= 1.02609e+04, atom= 230
Step=  157, Dmax= 1.5e-02 nm, Epot= -1.84924e+05 Fmax= 1.32377e+04, atom= 230
Step=  158, Dmax= 7.7e-03 nm, Epot= -1.85038e+05 Fmax= 1.49745e+03, atom= 230
Step=  159, Dmax= 9.2e-03 nm, Epot= -1.85094e+05 Fmax= 1.24999e+04, atom= 230
Step=  160, Dmax= 1.1e-02 nm, Epot= -1.85224e+05 Fmax= 4.44896e+03, atom= 230
Step=  161, Dmax= 1.3e-02 nm, Epot= -1.85129e+05 Fmax= 1.57985e+04, atom= 230
Step=  162, Dmax= 6.6e-03 nm, Epot= -1.85256e+05 Fmax= 5.67798e+03, atom= 230
Step=  163, Dmax= 7.9e-03 nm, Epot= -1.85287e+05 Fmax= 6.53202e+03, atom= 230
Step=  164, Dmax= 9.5e-03 nm, Epot= -1.85309e+05 Fmax= 8.05801e+03, atom= 230
Step=  165, Dmax= 1.1e-02 nm, Epot= -1.85329e+05 Fmax= 9.50429e+03, atom= 230
Step=  166, Dmax= 1.4e-02 nm, Epot= -1.85336e+05 Fmax= 1.15019e+04, atom= 230
Step=  167, Dmax= 1.6e-02 nm, Epot= -1.85331e+05 Fmax= 1.37485e+04, atom= 230
Step=  168, Dmax= 8.2e-03 nm, Epot= -1.85455e+05 Fmax= 1.13690e+03, atom= 230
Step=  169, Dmax= 9.9e-03 nm, Epot= -1.85543e+05 Fmax= 1.38631e+04, atom= 230
Step=  170, Dmax= 1.2e-02 nm, Epot= -1.85697e+05 Fmax= 4.37003e+03, atom= 230
Step=  171, Dmax= 1.4e-02 nm, Epot= -1.85567e+05 Fmax= 1.73873e+04, atom= 230
Step=  172, Dmax= 7.1e-03 nm, Epot= -1.85721e+05 Fmax= 6.51722e+03, atom= 230
Step=  173, Dmax= 8.5e-03 nm, Epot= -1.85754e+05 Fmax= 6.60734e+03, atom= 230
Step=  174, Dmax= 1.0e-02 nm, Epot= -1.85764e+05 Fmax= 9.07509e+03, atom= 230
Step=  175, Dmax= 1.2e-02 nm, Epot= -1.85789e+05 Fmax= 9.79981e+03, atom= 230
Step=  176, Dmax= 1.5e-02 nm, Epot= -1.85776e+05 Fmax= 1.27762e+04, atom= 230
Step=  177, Dmax= 7.4e-03 nm, Epot= -1.85878e+05 Fmax= 1.49445e+03, atom= 230
Step=  178, Dmax= 8.9e-03 nm, Epot= -1.85918e+05 Fmax= 1.22207e+04, atom= 230
Step=  179, Dmax= 1.1e-02 nm, Epot= -1.86038e+05 Fmax= 4.06413e+03, atom= 230
Step=  180, Dmax= 1.3e-02 nm, Epot= -1.85949e+05 Fmax= 1.55442e+04, atom= 230
Step=  181, Dmax= 6.4e-03 nm, Epot= -1.86065e+05 Fmax= 5.74373e+03, atom= 230
Step=  182, Dmax= 7.7e-03 nm, Epot= -1.86095e+05 Fmax= 5.96080e+03, atom= 230
Step=  183, Dmax= 9.2e-03 nm, Epot= -1.86110e+05 Fmax= 8.14449e+03, atom= 230
Step=  184, Dmax= 1.1e-02 nm, Epot= -1.86136e+05 Fmax= 8.71422e+03, atom= 230
Step=  185, Dmax= 1.3e-02 nm, Epot= -1.86130e+05 Fmax= 1.15695e+04, atom= 230
Step=  186, Dmax= 6.6e-03 nm, Epot= -1.86209e+05 Fmax= 1.43330e+03, atom= 230
Step=  187, Dmax= 7.9e-03 nm, Epot= -1.86260e+05 Fmax= 1.06265e+04, atom= 230
Step=  188, Dmax= 9.5e-03 nm, Epot= -1.86353e+05 Fmax= 3.99366e+03, atom= 230
Step=  189, Dmax= 1.1e-02 nm, Epot= -1.86299e+05 Fmax= 1.34634e+04, atom= 230
Step=  190, Dmax= 5.7e-03 nm, Epot= -1.86382e+05 Fmax= 4.73597e+03, atom= 230
Step=  191, Dmax= 6.9e-03 nm, Epot= -1.86408e+05 Fmax= 5.80295e+03, atom= 230
Step=  192, Dmax= 8.2e-03 nm, Epot= -1.86432e+05 Fmax= 6.77782e+03, atom= 230
Step=  193, Dmax= 9.9e-03 nm, Epot= -1.86448e+05 Fmax= 8.38002e+03, atom= 230
Step=  194, Dmax= 1.2e-02 nm, Epot= -1.86463e+05 Fmax= 9.73929e+03, atom= 230
Step=  195, Dmax= 1.4e-02 nm, Epot= -1.86460e+05 Fmax= 1.20573e+04, atom= 230
Step=  196, Dmax= 7.1e-03 nm, Epot= -1.86548e+05 Fmax= 1.16726e+03, atom= 230
Step=  197, Dmax= 8.5e-03 nm, Epot= -1.86616e+05 Fmax= 1.17655e+04, atom= 230
Step=  198, Dmax= 1.0e-02 nm, Epot= -1.86725e+05 Fmax= 3.95543e+03, atom= 230
Step=  199, Dmax= 1.2e-02 nm, Epot= -1.86647e+05 Fmax= 1.48064e+04, atom= 230
Step=  200, Dmax= 6.1e-03 nm, Epot= -1.86750e+05 Fmax= 5.42882e+03, atom= 230
Step=  201, Dmax= 7.4e-03 nm, Epot= -1.86776e+05 Fmax= 5.89694e+03, atom= 230
Step=  202, Dmax= 8.8e-03 nm, Epot= -1.86793e+05 Fmax= 7.62586e+03, atom= 230
Step=  203, Dmax= 1.1e-02 nm, Epot= -1.86812e+05 Fmax= 8.66341e+03, atom= 230
Step=  204, Dmax= 1.3e-02 nm, Epot= -1.86814e+05 Fmax= 1.08110e+04, atom= 230
Step=  205, Dmax= 1.5e-02 nm, Epot= -1.86815e+05 Fmax= 1.26106e+04, atom= 230
Step=  206, Dmax= 1.8e-02 nm, Epot= -1.86789e+05 Fmax= 1.54086e+04, atom= 230
Step=  207, Dmax= 9.2e-03 nm, Epot= -1.86943e+05 Fmax= 1.41396e+03, atom= 230
Step=  208, Dmax= 1.1e-02 nm, Epot= -1.86940e+05 Fmax= 1.56415e+04, atom= 230
Step=  209, Dmax= 5.5e-03 nm, Epot= -1.86994e+05 Fmax= 7.09256e+03, atom= 230
Step=  210, Dmax= 6.6e-03 nm, Epot= -1.87043e+05 Fmax= 3.00703e+03, atom= 230
Step=  211, Dmax= 7.9e-03 nm, Epot= -1.87046e+05 Fmax= 9.19107e+03, atom= 230
Step=  212, Dmax= 9.5e-03 nm, Epot= -1.87108e+05 Fmax= 5.35511e+03, atom= 230
Step=  213, Dmax= 1.1e-02 nm, Epot= -1.87068e+05 Fmax= 1.21670e+04, atom= 230
Step=  214, Dmax= 5.7e-03 nm, Epot= -1.87143e+05 Fmax= 3.40801e+03, atom= 230
Step=  215, Dmax= 6.8e-03 nm, Epot= -1.87158e+05 Fmax= 7.03956e+03, atom= 230
Step=  216, Dmax= 8.2e-03 nm, Epot= -1.87196e+05 Fmax= 5.57182e+03, atom= 230
Step=  217, Dmax= 9.9e-03 nm, Epot= -1.87191e+05 Fmax= 9.49344e+03, atom= 230
Step=  218, Dmax= 4.9e-03 nm, Epot= -1.87234e+05 Fmax= 1.96175e+03, atom= 230
Step=  219, Dmax= 5.9e-03 nm, Epot= -1.87264e+05 Fmax= 7.16843e+03, atom= 230
Step=  220, Dmax= 7.1e-03 nm, Epot= -1.87311e+05 Fmax= 3.68797e+03, atom= 230
Step=  221, Dmax= 8.5e-03 nm, Epot= -1.87306e+05 Fmax= 9.41241e+03, atom= 230
Step=  222, Dmax= 4.3e-03 nm, Epot= -1.87339e+05 Fmax= 2.86325e+03, atom= 230
Step=  223, Dmax= 5.1e-03 nm, Epot= -1.87364e+05 Fmax= 4.93074e+03, atom= 230
Step=  224, Dmax= 6.1e-03 nm, Epot= -1.87393e+05 Fmax= 4.49385e+03, atom= 230
Step=  225, Dmax= 7.4e-03 nm, Epot= -1.87408e+05 Fmax= 6.74858e+03, atom= 230
Step=  226, Dmax= 8.8e-03 nm, Epot= -1.87435e+05 Fmax= 6.80891e+03, atom= 230
Step=  227, Dmax= 1.1e-02 nm, Epot= -1.87437e+05 Fmax= 9.39051e+03, atom= 230
Step=  228, Dmax= 1.3e-02 nm, Epot= -1.87455e+05 Fmax= 1.01085e+04, atom= 230
Step=  229, Dmax= 1.5e-02 nm, Epot= -1.87434e+05 Fmax= 1.32129e+04, atom= 230
Step=  230, Dmax= 7.6e-03 nm, Epot= -1.87540e+05 Fmax= 1.55865e+03, atom= 230
Step=  231, Dmax= 9.2e-03 nm, Epot= -1.87548e+05 Fmax= 1.26128e+04, atom= 230
Step=  232, Dmax= 1.1e-02 nm, Epot= -1.87664e+05 Fmax= 4.21151e+03, atom= 230
Step=  233, Dmax= 1.3e-02 nm, Epot= -1.87559e+05 Fmax= 1.60486e+04, atom= 230
Step=  234, Dmax= 6.6e-03 nm, Epot= -1.87684e+05 Fmax= 5.92296e+03, atom= 230
Step=  235, Dmax= 7.9e-03 nm, Epot= -1.87708e+05 Fmax= 6.16878e+03, atom= 230
Step=  236, Dmax= 9.5e-03 nm, Epot= -1.87715e+05 Fmax= 8.40530e+03, atom= 230
Step=  237, Dmax= 1.1e-02 nm, Epot= -1.87734e+05 Fmax= 9.01114e+03, atom= 230
Step=  238, Dmax= 1.4e-02 nm, Epot= -1.87721e+05 Fmax= 1.19450e+04, atom= 230
Step=  239, Dmax= 6.8e-03 nm, Epot= -1.87804e+05 Fmax= 1.47341e+03, atom= 230
Step=  240, Dmax= 8.2e-03 nm, Epot= -1.87830e+05 Fmax= 1.09824e+04, atom= 230
Step=  241, Dmax= 9.8e-03 nm, Epot= -1.87920e+05 Fmax= 4.12435e+03, atom= 230
Step=  242, Dmax= 1.2e-02 nm, Epot= -1.87852e+05 Fmax= 1.39100e+04, atom= 230
Step=  243, Dmax= 5.9e-03 nm, Epot= -1.87942e+05 Fmax= 4.89386e+03, atom= 230
Step=  244, Dmax= 7.1e-03 nm, Epot= -1.87962e+05 Fmax= 5.99576e+03, atom= 230
Step=  245, Dmax= 8.5e-03 nm, Epot= -1.87979e+05 Fmax= 7.00127e+03, atom= 230
Step=  246, Dmax= 1.0e-02 nm, Epot= -1.87989e+05 Fmax= 8.65999e+03, atom= 230
Step=  247, Dmax= 1.2e-02 nm, Epot= -1.87997e+05 Fmax= 1.00586e+04, atom= 230
Step=  248, Dmax= 1.5e-02 nm, Epot= -1.87988e+05 Fmax= 1.24597e+04, atom= 230
Step=  249, Dmax= 7.3e-03 nm, Epot= -1.88080e+05 Fmax= 1.21018e+03, atom= 230
Step=  250, Dmax= 8.8e-03 nm, Epot= -1.88116e+05 Fmax= 1.21478e+04, atom= 230
Step=  251, Dmax= 1.1e-02 nm, Epot= -1.88223e+05 Fmax= 4.09618e+03, atom= 230
Step=  252, Dmax= 1.3e-02 nm, Epot= -1.88130e+05 Fmax= 1.52869e+04, atom= 230
Step=  253, Dmax= 6.3e-03 nm, Epot= -1.88241e+05 Fmax= 5.59872e+03, atom= 230
Step=  254, Dmax= 7.6e-03 nm, Epot= -1.88262e+05 Fmax= 6.10358e+03, atom= 230
Step=  255, Dmax= 9.1e-03 nm, Epot= -1.88273e+05 Fmax= 7.86683e+03, atom= 230
Step=  256, Dmax= 1.1e-02 nm, Epot= -1.88286e+05 Fmax= 8.96280e+03, atom= 230
Step=  257, Dmax= 1.3e-02 nm, Epot= -1.88282e+05 Fmax= 1.11559e+04, atom= 230
Step=  258, Dmax= 6.6e-03 nm, Epot= -1.88353e+05 Fmax= 1.10054e+03, atom= 230
Step=  259, Dmax= 7.9e-03 nm, Epot= -1.88400e+05 Fmax= 1.11779e+04, atom= 230
Step=  260, Dmax= 9.5e-03 nm, Epot= -1.88492e+05 Fmax= 3.33387e+03, atom= 230
Step=  261, Dmax= 1.1e-02 nm, Epot= -1.88424e+05 Fmax= 1.41591e+04, atom= 230
Step=  262, Dmax= 5.7e-03 nm, Epot= -1.88510e+05 Fmax= 5.41728e+03, atom= 230
Step=  263, Dmax= 6.8e-03 nm, Epot= -1.88535e+05 Fmax= 5.01104e+03, atom= 230
Step=  264, Dmax= 8.2e-03 nm, Epot= -1.88543e+05 Fmax= 7.56907e+03, atom= 230
Step=  265, Dmax= 9.8e-03 nm, Epot= -1.88567e+05 Fmax= 7.45318e+03, atom= 230
Step=  266, Dmax= 1.2e-02 nm, Epot= -1.88556e+05 Fmax= 1.06351e+04, atom= 230
Step=  267, Dmax= 5.9e-03 nm, Epot= -1.88617e+05 Fmax= 1.59500e+03, atom= 230
Step=  268, Dmax= 7.1e-03 nm, Epot= -1.88640e+05 Fmax= 9.15157e+03, atom= 230
Step=  269, Dmax= 8.5e-03 nm, Epot= -1.88703e+05 Fmax= 3.87906e+03, atom= 230
Step=  270, Dmax= 1.0e-02 nm, Epot= -1.88666e+05 Fmax= 1.16720e+04, atom= 230
Step=  271, Dmax= 5.1e-03 nm, Epot= -1.88725e+05 Fmax= 3.89669e+03, atom= 230
Step=  272, Dmax= 6.1e-03 nm, Epot= -1.88743e+05 Fmax= 5.50343e+03, atom= 230
Step=  273, Dmax= 7.3e-03 nm, Epot= -1.88764e+05 Fmax= 5.70462e+03, atom= 230
Step=  274, Dmax= 8.8e-03 nm, Epot= -1.88772e+05 Fmax= 7.81233e+03, atom= 230
Step=  275, Dmax= 1.1e-02 nm, Epot= -1.88789e+05 Fmax= 8.33343e+03, atom= 230
Step=  276, Dmax= 1.3e-02 nm, Epot= -1.88779e+05 Fmax= 1.11026e+04, atom= 230
Step=  277, Dmax= 6.3e-03 nm, Epot= -1.88848e+05 Fmax= 1.39025e+03, atom= 230
Step=  278, Dmax= 7.6e-03 nm, Epot= -1.88874e+05 Fmax= 1.01448e+04, atom= 230
Step=  279, Dmax= 9.1e-03 nm, Epot= -1.88948e+05 Fmax= 3.86245e+03, atom= 230
Step=  280, Dmax= 1.1e-02 nm, Epot= -1.88895e+05 Fmax= 1.28528e+04, atom= 230
Step=  281, Dmax= 5.5e-03 nm, Epot= -1.88969e+05 Fmax= 4.49570e+03, atom= 230
Step=  282, Dmax= 6.6e-03 nm, Epot= -1.88986e+05 Fmax= 5.60402e+03, atom= 230
Step=  283, Dmax= 7.9e-03 nm, Epot= -1.89003e+05 Fmax= 6.44349e+03, atom= 230
Step=  284, Dmax= 9.5e-03 nm, Epot= -1.89012e+05 Fmax= 8.08087e+03, atom= 230
Step=  285, Dmax= 1.1e-02 nm, Epot= -1.89021e+05 Fmax= 9.27298e+03, atom= 230
Step=  286, Dmax= 1.4e-02 nm, Epot= -1.89014e+05 Fmax= 1.16116e+04, atom= 230
Step=  287, Dmax= 6.8e-03 nm, Epot= -1.89090e+05 Fmax= 1.17689e+03, atom= 230
Step=  288, Dmax= 8.2e-03 nm, Epot= -1.89124e+05 Fmax= 1.11990e+04, atom= 230
Step=  289, Dmax= 9.8e-03 nm, Epot= -1.89212e+05 Fmax= 3.86074e+03, atom= 230
Step=  290, Dmax= 1.2e-02 nm, Epot= -1.89139e+05 Fmax= 1.41056e+04, atom= 230
Step=  291, Dmax= 5.9e-03 nm, Epot= -1.89229e+05 Fmax= 5.12452e+03, atom= 230
Step=  292, Dmax= 7.1e-03 nm, Epot= -1.89248e+05 Fmax= 5.72785e+03, atom= 230
Step=  293, Dmax= 8.5e-03 nm, Epot= -1.89259e+05 Fmax= 7.22235e+03, atom= 230
Step=  294, Dmax= 1.0e-02 nm, Epot= -1.89270e+05 Fmax= 8.38508e+03, atom= 230
Step=  295, Dmax= 1.2e-02 nm, Epot= -1.89270e+05 Fmax= 1.02673e+04, atom= 230
Step=  296, Dmax= 1.5e-02 nm, Epot= -1.89265e+05 Fmax= 1.21735e+04, atom= 230
Step=  297, Dmax= 7.3e-03 nm, Epot= -1.89351e+05 Fmax= 9.63931e+02, atom= 230

writing lowest energy coordinates.

Steepest Descents converged to Fmax < 1000 in 298 steps
Potential Energy  = -1.8935147e+05
Maximum force     =  9.6393146e+02 on atom 230
Norm of force     =  3.4855731e+01

GROMACS reminds you: "They don't have half hours in the north" (Carl Caleman)

