-I: Adding /usr/local/Caskroom/miniforge/base/envs/ambertools_env/dat/leap/prep to search path.
-I: Adding /usr/local/Caskroom/miniforge/base/envs/ambertools_env/dat/leap/lib to search path.
-I: Adding /usr/local/Caskroom/miniforge/base/envs/ambertools_env/dat/leap/parm to search path.
-I: Adding /usr/local/Caskroom/miniforge/base/envs/ambertools_env/dat/leap/cmd to search path.
-f: Source tleap.in.

Welcome to LEaP!
(no leaprc in search path)
Sourcing: ./tleap.in
----- Source: /usr/local/Caskroom/miniforge/base/envs/ambertools_env/dat/leap/cmd/leaprc.protein.ff19SB
----- Source of /usr/local/Caskroom/miniforge/base/envs/ambertools_env/dat/leap/cmd/leaprc.protein.ff19SB done
Log file: ./leap.log
Loading parameters: /usr/local/Caskroom/miniforge/base/envs/ambertools_env/dat/leap/parm/parm19.dat
Reading title:
PARM99 + frcmod.ff99SB + frcmod.parmbsc0 + OL3 for RNA + ff19SB
Loading parameters: /usr/local/Caskroom/miniforge/base/envs/ambertools_env/dat/leap/parm/frcmod.ff19SB
Reading force field modification type file (frcmod)
Reading title:
ff19SB AA-specific backbone CMAPs for protein 07/25/2019
Loading library: /usr/local/Caskroom/miniforge/base/envs/ambertools_env/dat/leap/lib/amino19.lib
Loading library: /usr/local/Caskroom/miniforge/base/envs/ambertools_env/dat/leap/lib/aminoct12.lib
Loading library: /usr/local/Caskroom/miniforge/base/envs/ambertools_env/dat/leap/lib/aminont12.lib
----- Source: /usr/local/Caskroom/miniforge/base/envs/ambertools_env/dat/leap/cmd/leaprc.water.opc
----- Source of /usr/local/Caskroom/miniforge/base/envs/ambertools_env/dat/leap/cmd/leaprc.water.opc done
Loading library: /usr/local/Caskroom/miniforge/base/envs/ambertools_env/dat/leap/lib/atomic_ions.lib
Loading library: /usr/local/Caskroom/miniforge/base/envs/ambertools_env/dat/leap/lib/solvents.lib
Loading parameters: /usr/local/Caskroom/miniforge/base/envs/ambertools_env/dat/leap/parm/frcmod.opc
Reading force field modification type file (frcmod)
Reading title:
Parameters for OPC water (JPCL, 2014, 5 (21), pp 3863-3871)
Loading parameters: /usr/local/Caskroom/miniforge/base/envs/ambertools_env/dat/leap/parm/frcmod.ionslm_126_opc
Reading force field modification type file (frcmod)
Reading title:
Li/Merz ion parameters of atomic ions for the OPC water model (12-6 set)
Loading parameters: /usr/local/Caskroom/miniforge/base/envs/ambertools_env/dat/leap/parm/frcmod.ionslm_126_opc
Reading force field modification type file (frcmod)
Reading title:
Li/Merz ion parameters of atomic ions for the OPC water model (12-6 set)
Loading PDB file: ./P24297_A44V_pqr.pdb
  total atoms in file: 423
  Leap added 392 missing atoms according to residue templates:
       392 H / lone pairs
Checking 'X'....

/usr/local/Caskroom/miniforge/base/envs/ambertools_env/bin/teLeap: Warning!
The unperturbed charge of the unit (-8.000000) is not zero.
Checking parameters for unit 'X'.
Checking for bond parameters.
Checking for angle parameters.
check:  Warnings: 1
Unit is OK.
  Solute vdw bounding box:              29.669 29.066 32.261
  Total bounding box for atom centers:  49.669 49.066 52.261
  Solvent unit box:                     18.865 18.478 19.006
  Total vdw box size:                   52.874 51.953 54.881 angstroms.
  Volume: 150754.328 A^3 
  Total mass 69517.114 amu,  Density 0.766 g/cc
  Added 3523 residues.
Adding 8 counter ions to "X". 3515 solvent molecules will remain.
0: Placed Na+ in X at (-22.65, 17.20, -9.33).
0: Placed Na+ in X at (13.74, 17.47, 18.35).
0: Placed Na+ in X at (24.54, 8.67, 5.90).
0: Placed Na+ in X at (-15.90, -2.83, 21.76).
0: Placed Na+ in X at (-19.27, -23.94, -1.95).
0: Placed Na+ in X at (-4.56, -15.39, -18.09).
0: Placed Na+ in X at (-7.99, -17.72, -0.54).
0: Placed Na+ in X at (20.69, 9.73, 15.02).

/usr/local/Caskroom/miniforge/base/envs/ambertools_env/bin/teLeap: Warning!
addIonsRand: 1st Ion & target unit have charges of the same sign:
     unit charge = -3.55271e-15; ion1 charge = -1;
     can't neutralize.
Checking Unit.

/usr/local/Caskroom/miniforge/base/envs/ambertools_env/bin/teLeap: Note.
Ignoring the warnings from Unit Checking.

Building topology.
Building atom parameters.
Building bond parameters.
Building angle parameters.
Building proper torsion parameters.
Building improper torsion parameters.
 total 164 improper torsions applied
Building H-Bond parameters.
Incorporating Non-Bonded adjustments.
Not Marking per-residue atom chain types.
Marking per-residue atom chain types.
  (Residues lacking connect0/connect1 - 
   these don't have chain types marked:

	res	total affected

	CASP	1
	NMET	1
  )
 (no restraints)
Writing pdb file: P24297_A44V_tleap.pdb
   printing CRYST1 record to PDB file with box info

/usr/local/Caskroom/miniforge/base/envs/ambertools_env/bin/teLeap: Warning!
 Converting N-terminal residue name to PDB format: NMET -> MET

/usr/local/Caskroom/miniforge/base/envs/ambertools_env/bin/teLeap: Warning!
 Converting C-terminal residue name to PDB format: CASP -> ASP
	Quit

Exiting LEaP: Errors = 0; Warnings = 4; Notes = 1.

--- stderr ---
