
--- stderr ---
                :-) GROMACS - gmx mdrun, 2024.5-conda_forge (-:

Executable:   /usr/local/Caskroom/miniforge/base/envs/gromacs_env/bin.AVX2_256/gmx
Data prefix:  /usr/local/Caskroom/miniforge/base/envs/gromacs_env
Working dir:  /Users/laetitiaguerin/Library/CloudStorage/OneDrive-Personal/Documents/BSc_Nanobiology/Year_5/BEP/Energy_minimization/tleap_runs/O52681_V128I
Command line:
  gmx mdrun -v -deffnm O52681_V128I_minim

The current CPU can measure timings more accurately than the code in
gmx mdrun was configured to use. This might affect your simulation
speed as accurate timings are needed for load-balancing.
Please consider rebuilding gmx mdrun with the GMX_USE_RDTSCP=ON CMake option.
Reading file O52681_V128I_minim.tpr, VERSION 2024.5-conda_forge (single precision)

Using 1 MPI thread
Using 8 OpenMP threads 


Steepest Descents:
   Tolerance (Fmax)   =  1.00000e+03
   Number of steps    =        50000
Step=    0, Dmax= 1.0e-02 nm, Epot= -4.38533e+05 Fmax= 3.78860e+03, atom= 1903
Step=    1, Dmax= 1.0e-02 nm, Epot= -4.46272e+05 Fmax= 3.29686e+03, atom= 1334
Step=    2, Dmax= 1.2e-02 nm, Epot= -4.50778e+05 Fmax= 1.32977e+04, atom= 1334
Step=    3, Dmax= 1.4e-02 nm, Epot= -4.56018e+05 Fmax= 8.37540e+03, atom= 1334
Step=    4, Dmax= 1.7e-02 nm, Epot= -4.57533e+05 Fmax= 1.77160e+04, atom= 1334
Step=    5, Dmax= 2.1e-02 nm, Epot= -4.60532e+05 Fmax= 1.40424e+04, atom= 1334
Step=    6, Dmax= 2.5e-02 nm, Epot= -4.61236e+05 Fmax= 2.37338e+04, atom= 1334
Step=    7, Dmax= 3.0e-02 nm, Epot= -4.63487e+05 Fmax= 2.18169e+04, atom= 1334
Step=    8, Dmax= 3.6e-02 nm, Epot= -4.63277e+05 Fmax= 3.23799e+04, atom= 1334
Step=    9, Dmax= 1.8e-02 nm, Epot= -4.66222e+05 Fmax= 5.39352e+03, atom= 1334
Step=   10, Dmax= 2.1e-02 nm, Epot= -4.68018e+05 Fmax= 2.78234e+04, atom= 1334
Step=   11, Dmax= 2.6e-02 nm, Epot= -4.70822e+05 Fmax= 1.15208e+04, atom= 1334
Step=   12, Dmax= 3.1e-02 nm, Epot= -4.69713e+05 Fmax= 3.58830e+04, atom= 1334
Step=   13, Dmax= 1.5e-02 nm, Epot= -4.71917e+05 Fmax= 1.21957e+04, atom= 1334
Step=   14, Dmax= 1.9e-02 nm, Epot= -4.72814e+05 Fmax= 1.60345e+04, atom= 1334
Step=   15, Dmax= 2.2e-02 nm, Epot= -4.73677e+05 Fmax= 1.80551e+04, atom= 1334
Step=   16, Dmax= 2.7e-02 nm, Epot= -4.74209e+05 Fmax= 2.25553e+04, atom= 1334
Step=   17, Dmax= 3.2e-02 nm, Epot= -4.74666e+05 Fmax= 2.62980e+04, atom= 1334
Step=   18, Dmax= 3.9e-02 nm, Epot= -4.74650e+05 Fmax= 3.18586e+04, atom= 1334
Step=   19, Dmax= 1.9e-02 nm, Epot= -4.77046e+05 Fmax= 2.96535e+03, atom= 1334
Step=   20, Dmax= 2.3e-02 nm, Epot= -4.78788e+05 Fmax= 3.28752e+04, atom= 1334
Step=   21, Dmax= 2.8e-02 nm, Epot= -4.81856e+05 Fmax= 9.76255e+03, atom= 1334
Step=   22, Dmax= 3.3e-02 nm, Epot= -4.79352e+05 Fmax= 4.10817e+04, atom= 1334
Step=   23, Dmax= 1.7e-02 nm, Epot= -4.82278e+05 Fmax= 1.57890e+04, atom= 1334
Step=   24, Dmax= 2.0e-02 nm, Epot= -4.82939e+05 Fmax= 1.46533e+04, atom= 1334
Step=   25, Dmax= 2.4e-02 nm, Epot= -4.82989e+05 Fmax= 2.19861e+04, atom= 1334
Step=   26, Dmax= 2.9e-02 nm, Epot= -4.83562e+05 Fmax= 2.16957e+04, atom= 1334
Step=   27, Dmax= 3.5e-02 nm, Epot= -4.83007e+05 Fmax= 3.07465e+04, atom= 1334
Step=   28, Dmax= 1.7e-02 nm, Epot= -4.85030e+05 Fmax= 4.61990e+03, atom= 1334
Step=   29, Dmax= 2.1e-02 nm, Epot= -4.85065e+05 Fmax= 2.67756e+04, atom= 1334
Step=   30, Dmax= 2.5e-02 nm, Epot= -4.86881e+05 Fmax= 1.12443e+04, atom= 1334
Step=   31, Dmax= 3.0e-02 nm, Epot= -4.85268e+05 Fmax= 3.40224e+04, atom= 1334
Step=   32, Dmax= 1.5e-02 nm, Epot= -4.87342e+05 Fmax= 1.14107e+04, atom= 1334
Step=   33, Dmax= 1.8e-02 nm, Epot= -4.87585e+05 Fmax= 1.59748e+04, atom= 1334
Step=   34, Dmax= 2.1e-02 nm, Epot= -4.87975e+05 Fmax= 1.66615e+04, atom= 1334
Step=   35, Dmax= 2.6e-02 nm, Epot= -4.87910e+05 Fmax= 2.26461e+04, atom= 1334
Step=   36, Dmax= 1.3e-02 nm, Epot= -4.88889e+05 Fmax= 3.03955e+03, atom= 1334
Step=   37, Dmax= 1.5e-02 nm, Epot= -4.89532e+05 Fmax= 2.02676e+04, atom= 1334
Step=   38, Dmax= 1.9e-02 nm, Epot= -4.90631e+05 Fmax= 8.16176e+03, atom= 1334
Step=   39, Dmax= 2.2e-02 nm, Epot= -4.90009e+05 Fmax= 2.56564e+04, atom= 1334
Step=   40, Dmax= 1.1e-02 nm, Epot= -4.90996e+05 Fmax= 8.75895e+03, atom= 1334
Step=   41, Dmax= 1.3e-02 nm, Epot= -4.91286e+05 Fmax= 1.17378e+04, atom= 1334
Step=   42, Dmax= 1.6e-02 nm, Epot= -4.91604e+05 Fmax= 1.26517e+04, atom= 1334
Step=   43, Dmax= 1.9e-02 nm, Epot= -4.91733e+05 Fmax= 1.67849e+04, atom= 1334
Step=   44, Dmax= 2.3e-02 nm, Epot= -4.91960e+05 Fmax= 1.82957e+04, atom= 1334
Step=   45, Dmax= 2.8e-02 nm, Epot= -4.91795e+05 Fmax= 2.39188e+04, atom= 1334
Step=   46, Dmax= 1.4e-02 nm, Epot= -4.92917e+05 Fmax= 2.87096e+03, atom= 1334
Step=   47, Dmax= 1.7e-02 nm, Epot= -4.93238e+05 Fmax= 2.21706e+04, atom= 1334
Step=   48, Dmax= 2.0e-02 nm, Epot= -4.94414e+05 Fmax= 8.39598e+03, atom= 1334
Step=   49, Dmax= 2.4e-02 nm, Epot= -4.93445e+05 Fmax= 2.79488e+04, atom= 1334
Step=   50, Dmax= 1.2e-02 nm, Epot= -4.94678e+05 Fmax= 9.79495e+03, atom= 1334
Step=   51, Dmax= 1.4e-02 nm, Epot= -4.94888e+05 Fmax= 1.22208e+04, atom= 1334
Step=   52, Dmax= 1.7e-02 nm, Epot= -4.95086e+05 Fmax= 1.39891e+04, atom= 1334
Step=   53, Dmax= 2.1e-02 nm, Epot= -4.95149e+05 Fmax= 1.76239e+04, atom= 1334
Step=   54, Dmax= 2.5e-02 nm, Epot= -4.95227e+05 Fmax= 2.00578e+04, atom= 1334
Step=   55, Dmax= 3.0e-02 nm, Epot= -4.94997e+05 Fmax= 2.52563e+04, atom= 1334
Step=   56, Dmax= 1.5e-02 nm, Epot= -4.96272e+05 Fmax= 2.67890e+03, atom= 1334
Step=   57, Dmax= 1.8e-02 nm, Epot= -4.96307e+05 Fmax= 2.41967e+04, atom= 1334
Step=   58, Dmax= 2.1e-02 nm, Epot= -4.97617e+05 Fmax= 8.67977e+03, atom= 1334
Step=   59, Dmax= 2.6e-02 nm, Epot= -4.96279e+05 Fmax= 3.03751e+04, atom= 1334
Step=   60, Dmax= 1.3e-02 nm, Epot= -4.97792e+05 Fmax= 1.08802e+04, atom= 1334
Step=   61, Dmax= 1.5e-02 nm, Epot= -4.97954e+05 Fmax= 1.27712e+04, atom= 1334
Step=   62, Dmax= 1.9e-02 nm, Epot= -4.98044e+05 Fmax= 1.53955e+04, atom= 1334
Step=   63, Dmax= 2.2e-02 nm, Epot= -4.98063e+05 Fmax= 1.85556e+04, atom= 1334
Step=   64, Dmax= 2.7e-02 nm, Epot= -4.97996e+05 Fmax= 2.19169e+04, atom= 1334
Step=   65, Dmax= 1.3e-02 nm, Epot= -4.98935e+05 Fmax= 1.74688e+03, atom= 1334
Step=   66, Dmax= 1.6e-02 nm, Epot= -4.99299e+05 Fmax= 2.31840e+04, atom= 1334
Step=   67, Dmax= 1.9e-02 nm, Epot= -5.00509e+05 Fmax= 6.24997e+03, atom= 1334
Step=   68, Dmax= 2.3e-02 nm, Epot= -4.99350e+05 Fmax= 2.90444e+04, atom= 1334
Step=   69, Dmax= 1.2e-02 nm, Epot= -5.00597e+05 Fmax= 1.14558e+04, atom= 1334
Step=   70, Dmax= 1.4e-02 nm, Epot= -5.00856e+05 Fmax= 9.61164e+03, atom= 1334
Step=   71, Dmax= 1.7e-02 nm, Epot= -5.00780e+05 Fmax= 1.58039e+04, atom= 1334
Step=   72, Dmax= 8.3e-03 nm, Epot= -5.01161e+05 Fmax= 3.10579e+03, atom= 1334
Step=   73, Dmax= 1.0e-02 nm, Epot= -5.01344e+05 Fmax= 1.19515e+04, atom= 1334
Step=   74, Dmax= 1.2e-02 nm, Epot= -5.01704e+05 Fmax= 6.35240e+03, atom= 1334
Step=   75, Dmax= 1.4e-02 nm, Epot= -5.01602e+05 Fmax= 1.54280e+04, atom= 1334
Step=   76, Dmax= 7.2e-03 nm, Epot= -5.01902e+05 Fmax= 4.54094e+03, atom= 1334
Step=   77, Dmax= 8.6e-03 nm, Epot= -5.02052e+05 Fmax= 8.69646e+03, atom= 1334
Step=   78, Dmax= 1.0e-02 nm, Epot= -5.02267e+05 Fmax= 7.01170e+03, atom= 1334
Step=   79, Dmax= 1.2e-02 nm, Epot= -5.02309e+05 Fmax= 1.19957e+04, atom= 1334
Step=   80, Dmax= 1.5e-02 nm, Epot= -5.02534e+05 Fmax= 1.06281e+04, atom= 1334
Step=   81, Dmax= 1.8e-02 nm, Epot= -5.02412e+05 Fmax= 1.66654e+04, atom= 1334
Step=   82, Dmax= 8.9e-03 nm, Epot= -5.02863e+05 Fmax= 3.03075e+03, atom= 1334
Step=   83, Dmax= 1.1e-02 nm, Epot= -5.02977e+05 Fmax= 1.31354e+04, atom= 1334
Step=   84, Dmax= 1.3e-02 nm, Epot= -5.03374e+05 Fmax= 6.53309e+03, atom= 1334
Step=   85, Dmax= 1.5e-02 nm, Epot= -5.03158e+05 Fmax= 1.68724e+04, atom= 1334
Step=   86, Dmax= 7.7e-03 nm, Epot= -5.03553e+05 Fmax= 5.17310e+03, atom= 1334
Step=   87, Dmax= 9.2e-03 nm, Epot= -5.03661e+05 Fmax= 9.04252e+03, atom= 1334
Step=   88, Dmax= 1.1e-02 nm, Epot= -5.03850e+05 Fmax= 7.83874e+03, atom= 1334
Step=   89, Dmax= 1.3e-02 nm, Epot= -5.03854e+05 Fmax= 1.25769e+04, atom= 1334
Step=   90, Dmax= 1.6e-02 nm, Epot= -5.04044e+05 Fmax= 1.17342e+04, atom= 1334
Step=   91, Dmax= 1.9e-02 nm, Epot= -5.03876e+05 Fmax= 1.75804e+04, atom= 1334
Step=   92, Dmax= 9.6e-03 nm, Epot= -5.04414e+05 Fmax= 2.93849e+03, atom= 1334
Step=   93, Dmax= 1.1e-02 nm, Epot= -5.04444e+05 Fmax= 1.44299e+04, atom= 1334
Step=   94, Dmax= 1.4e-02 nm, Epot= -5.04901e+05 Fmax= 6.70522e+03, atom= 1334
Step=   95, Dmax= 1.7e-02 nm, Epot= -5.04544e+05 Fmax= 1.84519e+04, atom= 1334
Step=   96, Dmax= 8.3e-03 nm, Epot= -5.05059e+05 Fmax= 5.87749e+03, atom= 1334
Step=   97, Dmax= 9.9e-03 nm, Epot= -5.05135e+05 Fmax= 9.38733e+03, atom= 1334
Step=   98, Dmax= 1.2e-02 nm, Epot= -5.05296e+05 Fmax= 8.75679e+03, atom= 1334
Step=   99, Dmax= 1.4e-02 nm, Epot= -5.05269e+05 Fmax= 1.31702e+04, atom= 1334
Step=  100, Dmax= 7.2e-03 nm, Epot= -5.05539e+05 Fmax= 2.21409e+03, atom= 1334
Step=  101, Dmax= 8.6e-03 nm, Epot= -5.05719e+05 Fmax= 1.07051e+04, atom= 1334
Step=  102, Dmax= 1.0e-02 nm, Epot= -5.06013e+05 Fmax= 5.08877e+03, atom= 1334
Step=  103, Dmax= 1.2e-02 nm, Epot= -5.05914e+05 Fmax= 1.38674e+04, atom= 1744
Step=  104, Dmax= 6.2e-03 nm, Epot= -5.06153e+05 Fmax= 4.39552e+03, atom= 1744
Step=  105, Dmax= 7.4e-03 nm, Epot= -5.06267e+05 Fmax= 6.98770e+03, atom= 1744
Step=  106, Dmax= 8.9e-03 nm, Epot= -5.06407e+05 Fmax= 6.66703e+03, atom= 1744
Step=  107, Dmax= 1.1e-02 nm, Epot= -5.06469e+05 Fmax= 9.72863e+03, atom= 1744
Step=  108, Dmax= 1.3e-02 nm, Epot= -5.06595e+05 Fmax= 9.91934e+03, atom= 1744
Step=  109, Dmax= 1.5e-02 nm, Epot= -5.06576e+05 Fmax= 1.36786e+04, atom= 1744
Step=  110, Dmax= 7.7e-03 nm, Epot= -5.06862e+05 Fmax= 1.88079e+03, atom= 1744
Step=  111, Dmax= 9.2e-03 nm, Epot= -5.07063e+05 Fmax= 1.23106e+04, atom= 1744
Step=  112, Dmax= 1.1e-02 nm, Epot= -5.07393e+05 Fmax= 4.71575e+03, atom= 1744
Step=  113, Dmax= 1.3e-02 nm, Epot= -5.07256e+05 Fmax= 1.56627e+04, atom= 1744
Step=  114, Dmax= 6.6e-03 nm, Epot= -5.07513e+05 Fmax= 5.48030e+03, atom= 1744
Step=  115, Dmax= 8.0e-03 nm, Epot= -5.07622e+05 Fmax= 6.77112e+03, atom= 1744
Step=  116, Dmax= 9.6e-03 nm, Epot= -5.07724e+05 Fmax= 7.90609e+03, atom= 1744
Step=  117, Dmax= 1.1e-02 nm, Epot= -5.07804e+05 Fmax= 9.73281e+03, atom= 1744
Step=  118, Dmax= 1.4e-02 nm, Epot= -5.07874e+05 Fmax= 1.13865e+04, atom= 1744
Step=  119, Dmax= 1.7e-02 nm, Epot= -5.07897e+05 Fmax= 1.39932e+04, atom= 1744
Step=  120, Dmax= 2.0e-02 nm, Epot= -5.07905e+05 Fmax= 1.63669e+04, atom= 1744
Step=  121, Dmax= 2.4e-02 nm, Epot= -5.07812e+05 Fmax= 2.01088e+04, atom= 1744
Step=  122, Dmax= 1.2e-02 nm, Epot= -5.08412e+05 Fmax= 1.89173e+03, atom= 1744
Step=  123, Dmax= 1.4e-02 nm, Epot= -5.08453e+05 Fmax= 2.01190e+04, atom= 1744
Step=  124, Dmax= 1.7e-02 nm, Epot= -5.09088e+05 Fmax= 6.32490e+03, atom= 1744
Step=  125, Dmax= 2.1e-02 nm, Epot= -5.08492e+05 Fmax= 2.51444e+04, atom= 1744
Step=  126, Dmax= 1.0e-02 nm, Epot= -5.09153e+05 Fmax= 9.44567e+03, atom= 1744
Step=  127, Dmax= 1.2e-02 nm, Epot= -5.09261e+05 Fmax= 9.53501e+03, atom= 1744
Step=  128, Dmax= 1.5e-02 nm, Epot= -5.09272e+05 Fmax= 1.31630e+04, atom= 1744
Step=  129, Dmax= 1.8e-02 nm, Epot= -5.09348e+05 Fmax= 1.41332e+04, atom= 1744
Step=  130, Dmax= 2.1e-02 nm, Epot= -5.09272e+05 Fmax= 1.84919e+04, atom= 1744
Step=  131, Dmax= 1.1e-02 nm, Epot= -5.09682e+05 Fmax= 2.21204e+03, atom= 1744
Step=  132, Dmax= 1.3e-02 nm, Epot= -5.09743e+05 Fmax= 1.74935e+04, atom= 1744
Step=  133, Dmax= 1.5e-02 nm, Epot= -5.10170e+05 Fmax= 6.07714e+03, atom= 1744
Step=  134, Dmax= 1.8e-02 nm, Epot= -5.09811e+05 Fmax= 2.22781e+04, atom= 1744
Step=  135, Dmax= 9.2e-03 nm, Epot= -5.10251e+05 Fmax= 8.10082e+03, atom= 1744
Step=  136, Dmax= 1.1e-02 nm, Epot= -5.10339e+05 Fmax= 8.85605e+03, atom= 1744
Step=  137, Dmax= 1.3e-02 nm, Epot= -5.10385e+05 Fmax= 1.15455e+04, atom= 1744
Step=  138, Dmax= 1.6e-02 nm, Epot= -5.10450e+05 Fmax= 1.28508e+04, atom= 1744
Step=  139, Dmax= 1.9e-02 nm, Epot= -5.10432e+05 Fmax= 1.64876e+04, atom= 1744
Step=  140, Dmax= 9.6e-03 nm, Epot= -5.10708e+05 Fmax= 1.82390e+03, atom= 1744
Step=  141, Dmax= 1.1e-02 nm, Epot= -5.10885e+05 Fmax= 1.57841e+04, atom= 1744
Step=  142, Dmax= 1.4e-02 nm, Epot= -5.11206e+05 Fmax= 5.41910e+03, atom= 1744
Step=  143, Dmax= 1.7e-02 nm, Epot= -5.11013e+05 Fmax= 1.98604e+04, atom= 1744
Step=  144, Dmax= 8.3e-03 nm, Epot= -5.11289e+05 Fmax= 7.23613e+03, atom= 1744
Step=  145, Dmax= 9.9e-03 nm, Epot= -5.11374e+05 Fmax= 8.01279e+03, atom= 1744
Step=  146, Dmax= 1.2e-02 nm, Epot= -5.11435e+05 Fmax= 1.02097e+04, atom= 1744
Step=  147, Dmax= 1.4e-02 nm, Epot= -5.11498e+05 Fmax= 1.17285e+04, atom= 1744
Step=  148, Dmax= 1.7e-02 nm, Epot= -5.11522e+05 Fmax= 1.44872e+04, atom= 1744
Step=  149, Dmax= 2.1e-02 nm, Epot= -5.11537e+05 Fmax= 1.70519e+04, atom= 1744
Step=  150, Dmax= 2.5e-02 nm, Epot= -5.11492e+05 Fmax= 2.06047e+04, atom= 1744
Step=  151, Dmax= 1.2e-02 nm, Epot= -5.11891e+05 Fmax= 1.83360e+03, atom= 1744
Step=  152, Dmax= 1.5e-02 nm, Epot= -5.11999e+05 Fmax= 2.09660e+04, atom= 1744
Step=  153, Dmax= 1.8e-02 nm, Epot= -5.12456e+05 Fmax= 6.31577e+03, atom= 1744
Step=  154, Dmax= 2.1e-02 nm, Epot= -5.12029e+05 Fmax= 2.64852e+04, atom= 1744
Step=  155, Dmax= 1.1e-02 nm, Epot= -5.12506e+05 Fmax= 1.01059e+04, atom= 1744
Step=  156, Dmax= 1.3e-02 nm, Epot= -5.12599e+05 Fmax= 9.49136e+03, atom= 1744
Step=  157, Dmax= 1.5e-02 nm, Epot= -5.12601e+05 Fmax= 1.41007e+04, atom= 1744
Step=  158, Dmax= 1.8e-02 nm, Epot= -5.12685e+05 Fmax= 1.40784e+04, atom= 1744
Step=  159, Dmax= 2.2e-02 nm, Epot= -5.12603e+05 Fmax= 1.98194e+04, atom= 1744
Step=  160, Dmax= 1.1e-02 nm, Epot= -5.12916e+05 Fmax= 2.87826e+03, atom= 1744
Step=  161, Dmax= 1.3e-02 nm, Epot= -5.12934e+05 Fmax= 1.74518e+04, atom= 1744
Step=  162, Dmax= 1.6e-02 nm, Epot= -5.13226e+05 Fmax= 7.03308e+03, atom= 1744
Step=  163, Dmax= 1.9e-02 nm, Epot= -5.12997e+05 Fmax= 2.21759e+04, atom= 1744
Step=  164, Dmax= 9.5e-03 nm, Epot= -5.13302e+05 Fmax= 7.58820e+03, atom= 1744
Step=  165, Dmax= 1.1e-02 nm, Epot= -5.13358e+05 Fmax= 1.00291e+04, atom= 1744
Step=  166, Dmax= 1.4e-02 nm, Epot= -5.13422e+05 Fmax= 1.10197e+04, atom= 1744
Step=  167, Dmax= 1.6e-02 nm, Epot= -5.13442e+05 Fmax= 1.43247e+04, atom= 1744
Step=  168, Dmax= 2.0e-02 nm, Epot= -5.13482e+05 Fmax= 1.59440e+04, atom= 1744
Step=  169, Dmax= 2.4e-02 nm, Epot= -5.13431e+05 Fmax= 2.04740e+04, atom= 1744
Step=  170, Dmax= 1.2e-02 nm, Epot= -5.13743e+05 Fmax= 2.28173e+03, atom= 1744
Step=  171, Dmax= 1.4e-02 nm, Epot= -5.13800e+05 Fmax= 1.95702e+04, atom= 1744
Step=  172, Dmax= 1.7e-02 nm, Epot= -5.14131e+05 Fmax= 6.79487e+03, atom= 1744
Step=  173, Dmax= 2.1e-02 nm, Epot= -5.13855e+05 Fmax= 2.45745e+04, atom= 1744
Step=  174, Dmax= 1.0e-02 nm, Epot= -5.14191e+05 Fmax= 8.91733e+03, atom= 1744
Step=  175, Dmax= 1.2e-02 nm, Epot= -5.14255e+05 Fmax= 1.00297e+04, atom= 1744
Step=  176, Dmax= 1.5e-02 nm, Epot= -5.14293e+05 Fmax= 1.25903e+04, atom= 1744
Step=  177, Dmax= 1.8e-02 nm, Epot= -5.14330e+05 Fmax= 1.46543e+04, atom= 1744
Step=  178, Dmax= 2.1e-02 nm, Epot= -5.14329e+05 Fmax= 1.78672e+04, atom= 1744
Step=  179, Dmax= 1.1e-02 nm, Epot= -5.14537e+05 Fmax= 1.64272e+03, atom= 1744
Step=  180, Dmax= 1.3e-02 nm, Epot= -5.14728e+05 Fmax= 1.81234e+04, atom= 1744
Step=  181, Dmax= 1.5e-02 nm, Epot= -5.14999e+05 Fmax= 5.39814e+03, atom= 1744
Step=  182, Dmax= 1.8e-02 nm, Epot= -5.14817e+05 Fmax= 2.29412e+04, atom= 1744
Step=  183, Dmax= 9.2e-03 nm, Epot= -5.15056e+05 Fmax= 8.78256e+03, atom= 1744
Step=  184, Dmax= 1.1e-02 nm, Epot= -5.15132e+05 Fmax= 8.11885e+03, atom= 1744
Step=  185, Dmax= 1.3e-02 nm, Epot= -5.15159e+05 Fmax= 1.22567e+04, atom= 1744
Step=  186, Dmax= 1.6e-02 nm, Epot= -5.15232e+05 Fmax= 1.20617e+04, atom= 1744
Step=  187, Dmax= 1.9e-02 nm, Epot= -5.15208e+05 Fmax= 1.72225e+04, atom= 1744
Step=  188, Dmax= 9.5e-03 nm, Epot= -5.15375e+05 Fmax= 2.58395e+03, atom= 1744
Step=  189, Dmax= 1.1e-02 nm, Epot= -5.15457e+05 Fmax= 1.49110e+04, atom= 1744
Step=  190, Dmax= 1.4e-02 nm, Epot= -5.15636e+05 Fmax= 6.21912e+03, atom= 1744
Step=  191, Dmax= 1.6e-02 nm, Epot= -5.15549e+05 Fmax= 1.89735e+04, atom= 1744
Step=  192, Dmax= 8.2e-03 nm, Epot= -5.15703e+05 Fmax= 6.38861e+03, atom= 1744
Step=  193, Dmax= 9.9e-03 nm, Epot= -5.15758e+05 Fmax= 8.82909e+03, atom= 1744
Step=  194, Dmax= 1.2e-02 nm, Epot= -5.15821e+05 Fmax= 9.32834e+03, atom= 1744
Step=  195, Dmax= 1.4e-02 nm, Epot= -5.15851e+05 Fmax= 1.25614e+04, atom= 1744
Step=  196, Dmax= 1.7e-02 nm, Epot= -5.15902e+05 Fmax= 1.35656e+04, atom= 1744
Step=  197, Dmax= 2.0e-02 nm, Epot= -5.15888e+05 Fmax= 1.78976e+04, atom= 1744
Step=  198, Dmax= 1.0e-02 nm, Epot= -5.16063e+05 Fmax= 2.17393e+03, atom= 1744
Step=  199, Dmax= 1.2e-02 nm, Epot= -5.16169e+05 Fmax= 1.66226e+04, atom= 1744
Step=  200, Dmax= 1.5e-02 nm, Epot= -5.16372e+05 Fmax= 6.11155e+03, atom= 1744
Step=  201, Dmax= 1.8e-02 nm, Epot= -5.16252e+05 Fmax= 2.09532e+04, atom= 1744
Step=  202, Dmax= 8.8e-03 nm, Epot= -5.16432e+05 Fmax= 7.43740e+03, atom= 1744
Step=  203, Dmax= 1.1e-02 nm, Epot= -5.16487e+05 Fmax= 8.92171e+03, atom= 1744
Step=  204, Dmax= 1.3e-02 nm, Epot= -5.16536e+05 Fmax= 1.05924e+04, atom= 1744
Step=  205, Dmax= 1.5e-02 nm, Epot= -5.16572e+05 Fmax= 1.29337e+04, atom= 1744
Step=  206, Dmax= 1.8e-02 nm, Epot= -5.16600e+05 Fmax= 1.51413e+04, atom= 1744
Step=  207, Dmax= 2.2e-02 nm, Epot= -5.16595e+05 Fmax= 1.86646e+04, atom= 1744
Step=  208, Dmax= 1.1e-02 nm, Epot= -5.16782e+05 Fmax= 1.77637e+03, atom= 1744
Step=  209, Dmax= 1.3e-02 nm, Epot= -5.16929e+05 Fmax= 1.84184e+04, atom= 1744
Step=  210, Dmax= 1.6e-02 nm, Epot= -5.17159e+05 Fmax= 6.05569e+03, atom= 1744
Step=  211, Dmax= 1.9e-02 nm, Epot= -5.17002e+05 Fmax= 2.30084e+04, atom= 1744
Step=  212, Dmax= 9.5e-03 nm, Epot= -5.17211e+05 Fmax= 8.50415e+03, atom= 1744
Step=  213, Dmax= 1.1e-02 nm, Epot= -5.17268e+05 Fmax= 9.08488e+03, atom= 1744
Step=  214, Dmax= 1.4e-02 nm, Epot= -5.17302e+05 Fmax= 1.18877e+04, atom= 1744
Step=  215, Dmax= 1.6e-02 nm, Epot= -5.17344e+05 Fmax= 1.33986e+04, atom= 1744
Step=  216, Dmax= 2.0e-02 nm, Epot= -5.17349e+05 Fmax= 1.67691e+04, atom= 1744
Step=  217, Dmax= 2.4e-02 nm, Epot= -5.17353e+05 Fmax= 1.95530e+04, atom= 1744
Step=  218, Dmax= 2.8e-02 nm, Epot= -5.17306e+05 Fmax= 2.37487e+04, atom= 1744
Step=  219, Dmax= 1.4e-02 nm, Epot= -5.17616e+05 Fmax= 2.18321e+03, atom= 1744
Step=  220, Dmax= 1.7e-02 nm, Epot= -5.17630e+05 Fmax= 2.41255e+04, atom= 1744
Step=  221, Dmax= 2.0e-02 nm, Epot= -5.17980e+05 Fmax= 7.30755e+03, atom= 1744
Step=  222, Dmax= 2.5e-02 nm, Epot= -5.17611e+05 Fmax= 3.04771e+04, atom= 1744
Step=  223, Dmax= 1.2e-02 nm, Epot= -5.18008e+05 Fmax= 1.16172e+04, atom= 1744
Step=  224, Dmax= 1.5e-02 nm, Epot= -5.18072e+05 Fmax= 1.09426e+04, atom= 1744
Step=  225, Dmax= 1.8e-02 nm, Epot= -5.18060e+05 Fmax= 1.62315e+04, atom= 1744
Step=  226, Dmax= 8.8e-03 nm, Epot= -5.18175e+05 Fmax= 2.64482e+03, atom= 1744
Step=  227, Dmax= 1.1e-02 nm, Epot= -5.18248e+05 Fmax= 1.35704e+04, atom= 1744
Step=  228, Dmax= 1.3e-02 nm, Epot= -5.18376e+05 Fmax= 6.01877e+03, atom= 1744
Step=  229, Dmax= 1.5e-02 nm, Epot= -5.18332e+05 Fmax= 1.73426e+04, atom= 1744
Step=  230, Dmax= 7.6e-03 nm, Epot= -5.18433e+05 Fmax= 5.67066e+03, atom= 1744
Step=  231, Dmax= 9.2e-03 nm, Epot= -5.18480e+05 Fmax= 8.44612e+03, atom= 1744
Step=  232, Dmax= 1.1e-02 nm, Epot= -5.18537e+05 Fmax= 8.38998e+03, atom= 1744
Step=  233, Dmax= 1.3e-02 nm, Epot= -5.18564e+05 Fmax= 1.19165e+04, atom= 1744
Step=  234, Dmax= 1.6e-02 nm, Epot= -5.18615e+05 Fmax= 1.23144e+04, atom= 1744
Step=  235, Dmax= 1.9e-02 nm, Epot= -5.18605e+05 Fmax= 1.68768e+04, atom= 1744
Step=  236, Dmax= 9.5e-03 nm, Epot= -5.18733e+05 Fmax= 2.28581e+03, atom= 1744
Step=  237, Dmax= 1.1e-02 nm, Epot= -5.18817e+05 Fmax= 1.51253e+04, atom= 1744
Step=  238, Dmax= 1.4e-02 nm, Epot= -5.18966e+05 Fmax= 5.94699e+03, atom= 1744
Step=  239, Dmax= 1.6e-02 nm, Epot= -5.18893e+05 Fmax= 1.91488e+04, atom= 1744
Step=  240, Dmax= 8.2e-03 nm, Epot= -5.19018e+05 Fmax= 6.61305e+03, atom= 1744
Step=  241, Dmax= 9.8e-03 nm, Epot= -5.19065e+05 Fmax= 8.56270e+03, atom= 1744
Step=  242, Dmax= 1.2e-02 nm, Epot= -5.19112e+05 Fmax= 9.53021e+03, atom= 1744
Step=  243, Dmax= 1.4e-02 nm, Epot= -5.19140e+05 Fmax= 1.22947e+04, atom= 1744
Step=  244, Dmax= 1.7e-02 nm, Epot= -5.19176e+05 Fmax= 1.37428e+04, atom= 1744
Step=  245, Dmax= 2.0e-02 nm, Epot= -5.19169e+05 Fmax= 1.76240e+04, atom= 1744
Step=  246, Dmax= 1.0e-02 nm, Epot= -5.19311e+05 Fmax= 1.94948e+03, atom= 1744
Step=  247, Dmax= 1.2e-02 nm, Epot= -5.19415e+05 Fmax= 1.67537e+04, atom= 1744
Step=  248, Dmax= 1.5e-02 nm, Epot= -5.19587e+05 Fmax= 5.91795e+03, atom= 1744
Step=  249, Dmax= 1.8e-02 nm, Epot= -5.19482e+05 Fmax= 2.10424e+04, atom= 1744
Step=  250, Dmax= 8.8e-03 nm, Epot= -5.19635e+05 Fmax= 7.58023e+03, atom= 1744
Step=  251, Dmax= 1.1e-02 nm, Epot= -5.19681e+05 Fmax= 8.73257e+03, atom= 1744
Step=  252, Dmax= 1.3e-02 nm, Epot= -5.19718e+05 Fmax= 1.07130e+04, atom= 1744
Step=  253, Dmax= 1.5e-02 nm, Epot= -5.19749e+05 Fmax= 1.27422e+04, atom= 1744
Step=  254, Dmax= 1.8e-02 nm, Epot= -5.19767e+05 Fmax= 1.52377e+04, atom= 1744
Step=  255, Dmax= 2.2e-02 nm, Epot= -5.19766e+05 Fmax= 1.84633e+04, atom= 1744
Step=  256, Dmax= 1.1e-02 nm, Epot= -5.19922e+05 Fmax= 1.62858e+03, atom= 1744
Step=  257, Dmax= 1.3e-02 nm, Epot= -5.20059e+05 Fmax= 1.84589e+04, atom= 1744
Step=  258, Dmax= 1.6e-02 nm, Epot= -5.20258e+05 Fmax= 5.94721e+03, atom= 1744
Step=  259, Dmax= 1.9e-02 nm, Epot= -5.20114e+05 Fmax= 2.30037e+04, atom= 1744
Step=  260, Dmax= 9.5e-03 nm, Epot= -5.20299e+05 Fmax= 8.55844e+03, atom= 1744
Step=  261, Dmax= 1.1e-02 nm, Epot= -5.20347e+05 Fmax= 8.97952e+03, atom= 1744
Step=  262, Dmax= 1.4e-02 nm, Epot= -5.20372e+05 Fmax= 1.19202e+04, atom= 1744
Step=  263, Dmax= 1.6e-02 nm, Epot= -5.20407e+05 Fmax= 1.32887e+04, atom= 1744
Step=  264, Dmax= 2.0e-02 nm, Epot= -5.20406e+05 Fmax= 1.67771e+04, atom= 1744
Step=  265, Dmax= 9.8e-03 nm, Epot= -5.20528e+05 Fmax= 1.77169e+03, atom= 1744
Step=  266, Dmax= 1.2e-02 nm, Epot= -5.20639e+05 Fmax= 1.65612e+04, atom= 1744
Step=  267, Dmax= 1.4e-02 nm, Epot= -5.20802e+05 Fmax= 5.16009e+03, atom= 1744
Step=  268, Dmax= 1.7e-02 nm, Epot= -5.20705e+05 Fmax= 2.10605e+04, atom= 1744
Step=  269, Dmax= 8.5e-03 nm, Epot= -5.20845e+05 Fmax= 7.95363e+03, atom= 1744
Step=  270, Dmax= 1.0e-02 nm, Epot= -5.20895e+05 Fmax= 7.65589e+03, atom= 1744
Step=  271, Dmax= 1.2e-02 nm, Epot= -5.20920e+05 Fmax= 1.11906e+04, atom= 1744
Step=  272, Dmax= 1.5e-02 nm, Epot= -5.20967e+05 Fmax= 1.12808e+04, atom= 1744
Step=  273, Dmax= 1.8e-02 nm, Epot= -5.20961e+05 Fmax= 1.58063e+04, atom= 1744
Step=  274, Dmax= 8.8e-03 nm, Epot= -5.21061e+05 Fmax= 2.26467e+03, atom= 1744
Step=  275, Dmax= 1.1e-02 nm, Epot= -5.21135e+05 Fmax= 1.38586e+04, atom= 1744
Step=  276, Dmax= 1.3e-02 nm, Epot= -5.21254e+05 Fmax= 5.67995e+03, atom= 1744
Step=  277, Dmax= 1.5e-02 nm, Epot= -5.21205e+05 Fmax= 1.75862e+04, atom= 1744
Step=  278, Dmax= 7.6e-03 nm, Epot= -5.21301e+05 Fmax= 5.96276e+03, atom= 1744
Step=  279, Dmax= 9.1e-03 nm, Epot= -5.21341e+05 Fmax= 8.11725e+03, atom= 1744
Step=  280, Dmax= 1.1e-02 nm, Epot= -5.21385e+05 Fmax= 8.65737e+03, atom= 1744
Step=  281, Dmax= 1.3e-02 nm, Epot= -5.21410e+05 Fmax= 1.15905e+04, atom= 1744
Step=  282, Dmax= 1.6e-02 nm, Epot= -5.21446e+05 Fmax= 1.25563e+04, atom= 1744
Step=  283, Dmax= 1.9e-02 nm, Epot= -5.21440e+05 Fmax= 1.65461e+04, atom= 1744
Step=  284, Dmax= 9.5e-03 nm, Epot= -5.21554e+05 Fmax= 2.00015e+03, atom= 1744
Step=  285, Dmax= 1.1e-02 nm, Epot= -5.21638e+05 Fmax= 1.53211e+04, atom= 1744
Step=  286, Dmax= 1.4e-02 nm, Epot= -5.21776e+05 Fmax= 5.69294e+03, atom= 1744
Step=  287, Dmax= 1.6e-02 nm, Epot= -5.21700e+05 Fmax= 1.93067e+04, atom= 1744
Step=  288, Dmax= 8.2e-03 nm, Epot= -5.21819e+05 Fmax= 6.82032e+03, atom= 1744
Step=  289, Dmax= 9.8e-03 nm, Epot= -5.21859e+05 Fmax= 8.31163e+03, atom= 1744
Step=  290, Dmax= 1.2e-02 nm, Epot= -5.21895e+05 Fmax= 9.71787e+03, atom= 1744
Step=  291, Dmax= 1.4e-02 nm, Epot= -5.21921e+05 Fmax= 1.20406e+04, atom= 1744
Step=  292, Dmax= 1.7e-02 nm, Epot= -5.21945e+05 Fmax= 1.39086e+04, atom= 1744
Step=  293, Dmax= 2.0e-02 nm, Epot= -5.21940e+05 Fmax= 1.73598e+04, atom= 1744
Step=  294, Dmax= 1.0e-02 nm, Epot= -5.22070e+05 Fmax= 1.73550e+03, atom= 1744
Step=  295, Dmax= 1.2e-02 nm, Epot= -5.22170e+05 Fmax= 1.68721e+04, atom= 1744
Step=  296, Dmax= 1.5e-02 nm, Epot= -5.22331e+05 Fmax= 5.73660e+03, atom= 1744
Step=  297, Dmax= 1.8e-02 nm, Epot= -5.22221e+05 Fmax= 2.11199e+04, atom= 1744
Step=  298, Dmax= 8.8e-03 nm, Epot= -5.22369e+05 Fmax= 7.71222e+03, atom= 1744
Step=  299, Dmax= 1.1e-02 nm, Epot= -5.22410e+05 Fmax= 8.55260e+03, atom= 1744
Step=  300, Dmax= 1.3e-02 nm, Epot= -5.22438e+05 Fmax= 1.08258e+04, atom= 1744
Step=  301, Dmax= 1.5e-02 nm, Epot= -5.22465e+05 Fmax= 1.25572e+04, atom= 1744
Step=  302, Dmax= 1.8e-02 nm, Epot= -5.22474e+05 Fmax= 1.53285e+04, atom= 1744
Step=  303, Dmax= 2.2e-02 nm, Epot= -5.22472e+05 Fmax= 1.82663e+04, atom= 1744
Step=  304, Dmax= 1.1e-02 nm, Epot= -5.22619e+05 Fmax= 1.48572e+03, atom= 1744
Step=  305, Dmax= 1.3e-02 nm, Epot= -5.22743e+05 Fmax= 1.84937e+04, atom= 1744
Step=  306, Dmax= 1.6e-02 nm, Epot= -5.22931e+05 Fmax= 5.84432e+03, atom= 1744
Step=  307, Dmax= 1.9e-02 nm, Epot= -5.22782e+05 Fmax= 2.29938e+04, atom= 1744
Step=  308, Dmax= 9.4e-03 nm, Epot= -5.22963e+05 Fmax= 8.60839e+03, atom= 1744
Step=  309, Dmax= 1.1e-02 nm, Epot= -5.23005e+05 Fmax= 8.87803e+03, atom= 1744
Step=  310, Dmax= 1.4e-02 nm, Epot= -5.23022e+05 Fmax= 1.19501e+04, atom= 1744
Step=  311, Dmax= 1.6e-02 nm, Epot= -5.23052e+05 Fmax= 1.31807e+04, atom= 1744
Step=  312, Dmax= 2.0e-02 nm, Epot= -5.23045e+05 Fmax= 1.67848e+04, atom= 1744
Step=  313, Dmax= 9.8e-03 nm, Epot= -5.23164e+05 Fmax= 1.82900e+03, atom= 1744
Step=  314, Dmax= 1.2e-02 nm, Epot= -5.23240e+05 Fmax= 1.64559e+04, atom= 1744
Step=  315, Dmax= 1.4e-02 nm, Epot= -5.23391e+05 Fmax= 5.19092e+03, atom= 1744
Step=  316, Dmax= 1.7e-02 nm, Epot= -5.23287e+05 Fmax= 2.09492e+04, atom= 1744
Step=  317, Dmax= 8.5e-03 nm, Epot= -5.23427e+05 Fmax= 7.88137e+03, atom= 1744
Step=  318, Dmax= 1.0e-02 nm, Epot= -5.23469e+05 Fmax= 7.67336e+03, atom= 1744
Step=  319, Dmax= 1.2e-02 nm, Epot= -5.23488e+05 Fmax= 1.11138e+04, atom= 1744
Step=  320, Dmax= 1.5e-02 nm, Epot= -5.23528e+05 Fmax= 1.12806e+04, atom= 1744
Step=  321, Dmax= 1.8e-02 nm, Epot= -5.23517e+05 Fmax= 1.57206e+04, atom= 1744
Step=  322, Dmax= 8.8e-03 nm, Epot= -5.23616e+05 Fmax= 2.22214e+03, atom= 1744
Step=  323, Dmax= 1.1e-02 nm, Epot= -5.23672e+05 Fmax= 1.38345e+04, atom= 1744
Step=  324, Dmax= 1.3e-02 nm, Epot= -5.23783e+05 Fmax= 5.64182e+03, atom= 1744
Step=  325, Dmax= 1.5e-02 nm, Epot= -5.23727e+05 Fmax= 1.75413e+04, atom= 1744
Step=  326, Dmax= 7.6e-03 nm, Epot= -5.23824e+05 Fmax= 5.95950e+03, atom= 1744
Step=  327, Dmax= 9.1e-03 nm, Epot= -5.23857e+05 Fmax= 8.07842e+03, atom= 1744
Step=  328, Dmax= 1.1e-02 nm, Epot= -5.23895e+05 Fmax= 8.63817e+03, atom= 1744
Step=  329, Dmax= 1.3e-02 nm, Epot= -5.23913e+05 Fmax= 1.15467e+04, atom= 1744
Step=  330, Dmax= 1.6e-02 nm, Epot= -5.23943e+05 Fmax= 1.25184e+04, atom= 1744
Step=  331, Dmax= 1.9e-02 nm, Epot= -5.23932e+05 Fmax= 1.64921e+04, atom= 1744
Step=  332, Dmax= 9.4e-03 nm, Epot= -5.24045e+05 Fmax= 1.99195e+03, atom= 1744
Step=  333, Dmax= 1.1e-02 nm, Epot= -5.24106e+05 Fmax= 1.52568e+04, atom= 1744
Step=  334, Dmax= 1.4e-02 nm, Epot= -5.24236e+05 Fmax= 5.68894e+03, atom= 1744
Step=  335, Dmax= 1.6e-02 nm, Epot= -5.24152e+05 Fmax= 1.92224e+04, atom= 1744
Step=  336, Dmax= 8.1e-03 nm, Epot= -5.24273e+05 Fmax= 6.78002e+03, atom= 1744
Step=  337, Dmax= 9.8e-03 nm, Epot= -5.24306e+05 Fmax= 8.30589e+03, atom= 1744
Step=  338, Dmax= 1.2e-02 nm, Epot= -5.24336e+05 Fmax= 9.66140e+03, atom= 1744
Step=  339, Dmax= 1.4e-02 nm, Epot= -5.24356e+05 Fmax= 1.20294e+04, atom= 1744
Step=  340, Dmax= 1.7e-02 nm, Epot= -5.24374e+05 Fmax= 1.38325e+04, atom= 1744
Step=  341, Dmax= 2.0e-02 nm, Epot= -5.24364e+05 Fmax= 1.73371e+04, atom= 1744
Step=  342, Dmax= 1.0e-02 nm, Epot= -5.24493e+05 Fmax= 1.76193e+03, atom= 1744
Step=  343, Dmax= 1.2e-02 nm, Epot= -5.24562e+05 Fmax= 1.67677e+04, atom= 1744
Step=  344, Dmax= 1.5e-02 nm, Epot= -5.24714e+05 Fmax= 5.76573e+03, atom= 1744
Step=  345, Dmax= 1.8e-02 nm, Epot= -5.24597e+05 Fmax= 2.09977e+04, atom= 1744
Step=  346, Dmax= 8.8e-03 nm, Epot= -5.24746e+05 Fmax= 7.63554e+03, atom= 1744
Step=  347, Dmax= 1.1e-02 nm, Epot= -5.24780e+05 Fmax= 8.57931e+03, atom= 1744
Step=  348, Dmax= 1.3e-02 nm, Epot= -5.24802e+05 Fmax= 1.07324e+04, atom= 1744
Step=  349, Dmax= 1.5e-02 nm, Epot= -5.24823e+05 Fmax= 1.25773e+04, atom= 1744
Step=  350, Dmax= 1.8e-02 nm, Epot= -5.24828e+05 Fmax= 1.52146e+04, atom= 1744
Step=  351, Dmax= 2.2e-02 nm, Epot= -5.24819e+05 Fmax= 1.82742e+04, atom= 1744
Step=  352, Dmax= 1.1e-02 nm, Epot= -5.24966e+05 Fmax= 1.54554e+03, atom= 1744
Step=  353, Dmax= 1.3e-02 nm, Epot= -5.25047e+05 Fmax= 1.83514e+04, atom= 1744
Step=  354, Dmax= 1.6e-02 nm, Epot= -5.25225e+05 Fmax= 5.90027e+03, atom= 1744
Step=  355, Dmax= 1.9e-02 nm, Epot= -5.25070e+05 Fmax= 2.28432e+04, atom= 1744
Step=  356, Dmax= 9.4e-03 nm, Epot= -5.25252e+05 Fmax= 8.50272e+03, atom= 1744
Step=  357, Dmax= 1.1e-02 nm, Epot= -5.25288e+05 Fmax= 8.92866e+03, atom= 1744
Step=  358, Dmax= 1.4e-02 nm, Epot= -5.25300e+05 Fmax= 1.18280e+04, atom= 1744
Step=  359, Dmax= 1.6e-02 nm, Epot= -5.25323e+05 Fmax= 1.32235e+04, atom= 1744
Step=  360, Dmax= 2.0e-02 nm, Epot= -5.25312e+05 Fmax= 1.66411e+04, atom= 1744
Step=  361, Dmax= 9.8e-03 nm, Epot= -5.25431e+05 Fmax= 1.73621e+03, atom= 1744
Step=  362, Dmax= 1.2e-02 nm, Epot= -5.25490e+05 Fmax= 1.65186e+04, atom= 1744
Step=  363, Dmax= 1.4e-02 nm, Epot= -5.25637e+05 Fmax= 5.06004e+03, atom= 1744
Step=  364, Dmax= 1.7e-02 nm, Epot= -5.25523e+05 Fmax= 2.10080e+04, atom= 1744
Step=  365, Dmax= 8.4e-03 nm, Epot= -5.25666e+05 Fmax= 7.97716e+03, atom= 1744
Step=  366, Dmax= 1.0e-02 nm, Epot= -5.25705e+05 Fmax= 7.52492e+03, atom= 1744
Step=  367, Dmax= 1.2e-02 nm, Epot= -5.25716e+05 Fmax= 1.12073e+04, atom= 1744
Step=  368, Dmax= 1.5e-02 nm, Epot= -5.25753e+05 Fmax= 1.11121e+04, atom= 1744
Step=  369, Dmax= 1.7e-02 nm, Epot= -5.25734e+05 Fmax= 1.58068e+04, atom= 1744
Step=  370, Dmax= 8.7e-03 nm, Epot= -5.25836e+05 Fmax= 2.34892e+03, atom= 1744
Step=  371, Dmax= 1.0e-02 nm, Epot= -5.25870e+05 Fmax= 1.36470e+04, atom= 1744
Step=  372, Dmax= 1.3e-02 nm, Epot= -5.25973e+05 Fmax= 5.76527e+03, atom= 1744
Step=  373, Dmax= 1.5e-02 nm, Epot= -5.25910e+05 Fmax= 1.73376e+04, atom= 1744
Step=  374, Dmax= 7.6e-03 nm, Epot= -5.26009e+05 Fmax= 5.79557e+03, atom= 1744
Step=  375, Dmax= 9.1e-03 nm, Epot= -5.26036e+05 Fmax= 8.20155e+03, atom= 1744
Step=  376, Dmax= 1.1e-02 nm, Epot= -5.26070e+05 Fmax= 8.45780e+03, atom= 1744
Step=  377, Dmax= 1.3e-02 nm, Epot= -5.26080e+05 Fmax= 1.16666e+04, atom= 1744
Step=  378, Dmax= 1.6e-02 nm, Epot= -5.26109e+05 Fmax= 1.23178e+04, atom= 1744
Step=  379, Dmax= 1.9e-02 nm, Epot= -5.26089e+05 Fmax= 1.66037e+04, atom= 1744
Step=  380, Dmax= 9.4e-03 nm, Epot= -5.26205e+05 Fmax= 2.14750e+03, atom= 1744
Step=  381, Dmax= 1.1e-02 nm, Epot= -5.26237e+05 Fmax= 1.50370e+04, atom= 1744
Step=  382, Dmax= 1.4e-02 nm, Epot= -5.26359e+05 Fmax= 5.83750e+03, atom= 1744
Step=  383, Dmax= 1.6e-02 nm, Epot= -5.26269e+05 Fmax= 1.89890e+04, atom= 1744
Step=  384, Dmax= 8.1e-03 nm, Epot= -5.26391e+05 Fmax= 6.58803e+03, atom= 1744
Step=  385, Dmax= 9.7e-03 nm, Epot= -5.26418e+05 Fmax= 8.45287e+03, atom= 1744
Step=  386, Dmax= 1.2e-02 nm, Epot= -5.26446e+05 Fmax= 9.45298e+03, atom= 1744
Step=  387, Dmax= 1.4e-02 nm, Epot= -5.26457e+05 Fmax= 1.21717e+04, atom= 1744
Step=  388, Dmax= 1.7e-02 nm, Epot= -5.26474e+05 Fmax= 1.36034e+04, atom= 1744
Step=  389, Dmax= 2.0e-02 nm, Epot= -5.26454e+05 Fmax= 1.74700e+04, atom= 1744
Step=  390, Dmax= 1.0e-02 nm, Epot= -5.26587e+05 Fmax= 1.94153e+03, atom= 1744
Step=  391, Dmax= 1.2e-02 nm, Epot= -5.26618e+05 Fmax= 1.65211e+04, atom= 1744
Step=  392, Dmax= 1.5e-02 nm, Epot= -5.26762e+05 Fmax= 5.93071e+03, atom= 1744
Step=  393, Dmax= 1.7e-02 nm, Epot= -5.26640e+05 Fmax= 2.07456e+04, atom= 1744
Step=  394, Dmax= 8.7e-03 nm, Epot= -5.26791e+05 Fmax= 7.42508e+03, atom= 1744
Step=  395, Dmax= 1.0e-02 nm, Epot= -5.26818e+05 Fmax= 8.73968e+03, atom= 1744
Step=  396, Dmax= 1.3e-02 nm, Epot= -5.26838e+05 Fmax= 1.05062e+04, atom= 1744
Step=  397, Dmax= 1.5e-02 nm, Epot= -5.26850e+05 Fmax= 1.27319e+04, atom= 1744
Step=  398, Dmax= 1.8e-02 nm, Epot= -5.26855e+05 Fmax= 1.49671e+04, atom= 1744
Step=  399, Dmax= 2.2e-02 nm, Epot= -5.26836e+05 Fmax= 1.84177e+04, atom= 1744
Step=  400, Dmax= 1.1e-02 nm, Epot= -5.26986e+05 Fmax= 1.73902e+03, atom= 1744
Step=  401, Dmax= 1.3e-02 nm, Epot= -5.27019e+05 Fmax= 1.80927e+04, atom= 1744
Step=  402, Dmax= 1.6e-02 nm, Epot= -5.27188e+05 Fmax= 6.06467e+03, atom= 1744
Step=  403, Dmax= 1.9e-02 nm, Epot= -5.27028e+05 Fmax= 2.25924e+04, atom= 1744
Step=  404, Dmax= 9.4e-03 nm, Epot= -5.27212e+05 Fmax= 8.29016e+03, atom= 1744
Step=  405, Dmax= 1.1e-02 nm, Epot= -5.27240e+05 Fmax= 9.08575e+03, atom= 1744
Step=  406, Dmax= 1.4e-02 nm, Epot= -5.27251e+05 Fmax= 1.16003e+04, atom= 1744
Step=  407, Dmax= 1.6e-02 nm, Epot= -5.27266e+05 Fmax= 1.33726e+04, atom= 1744
Step=  408, Dmax= 1.9e-02 nm, Epot= -5.27256e+05 Fmax= 1.63924e+04, atom= 1744
Step=  409, Dmax= 9.7e-03 nm, Epot= -5.27373e+05 Fmax= 1.53797e+03, atom= 1744
Step=  410, Dmax= 1.2e-02 nm, Epot= -5.27429e+05 Fmax= 1.67093e+04, atom= 1744
Step=  411, Dmax= 1.4e-02 nm, Epot= -5.27577e+05 Fmax= 4.80712e+03, atom= 1744
Step=  412, Dmax= 1.7e-02 nm, Epot= -5.27452e+05 Fmax= 2.11959e+04, atom= 1744
Step=  413, Dmax= 8.4e-03 nm, Epot= -5.27600e+05 Fmax= 8.20120e+03, atom= 1744
Step=  414, Dmax= 1.0e-02 nm, Epot= -5.27638e+05 Fmax= 7.25031e+03, atom= 1744
Step=  415, Dmax= 1.2e-02 nm, Epot= -5.27640e+05 Fmax= 1.14307e+04, atom= 1744
Step=  416, Dmax= 1.5e-02 nm, Epot= -5.27679e+05 Fmax= 1.08159e+04, atom= 1744
Step=  417, Dmax= 1.7e-02 nm, Epot= -5.27649e+05 Fmax= 1.60243e+04, atom= 1744
Step=  418, Dmax= 8.7e-03 nm, Epot= -5.27755e+05 Fmax= 2.60494e+03, atom= 1744
Step=  419, Dmax= 1.0e-02 nm, Epot= -5.27768e+05 Fmax= 1.33359e+04, atom= 1744
Step=  420, Dmax= 1.3e-02 nm, Epot= -5.27863e+05 Fmax= 6.01235e+03, atom= 1744
Step=  421, Dmax= 1.5e-02 nm, Epot= -5.27797e+05 Fmax= 1.70128e+04, atom= 1744
Step=  422, Dmax= 7.5e-03 nm, Epot= -5.27897e+05 Fmax= 5.50909e+03, atom= 1744
Step=  423, Dmax= 9.0e-03 nm, Epot= -5.27917e+05 Fmax= 8.44991e+03, atom= 1744
Step=  424, Dmax= 1.1e-02 nm, Epot= -5.27951e+05 Fmax= 8.15376e+03, atom= 1744
Step=  425, Dmax= 1.3e-02 nm, Epot= -5.27953e+05 Fmax= 1.19127e+04, atom= 1744
Step=  426, Dmax= 1.6e-02 nm, Epot= -5.27983e+05 Fmax= 1.19925e+04, atom= 1744
Step=  427, Dmax= 1.9e-02 nm, Epot= -5.27952e+05 Fmax= 1.68427e+04, atom= 1744
Step=  428, Dmax= 9.4e-03 nm, Epot= -5.28072e+05 Fmax= 2.42884e+03, atom= 1744
Step=  429, Dmax= 1.1e-02 nm, Epot= -5.28079e+05 Fmax= 1.46985e+04, atom= 1744
Step=  430, Dmax= 1.3e-02 nm, Epot= -5.28192e+05 Fmax= 6.10383e+03, atom= 1744
Step=  431, Dmax= 1.6e-02 nm, Epot= -5.28100e+05 Fmax= 1.86412e+04, atom= 1744
Step=  432, Dmax= 8.1e-03 nm, Epot= -5.28223e+05 Fmax= 6.27972e+03, atom= 1744
Step=  433, Dmax= 9.7e-03 nm, Epot= -5.28243e+05 Fmax= 8.71865e+03, atom= 1744
Step=  434, Dmax= 1.2e-02 nm, Epot= -5.28271e+05 Fmax= 9.12742e+03, atom= 1744
Step=  435, Dmax= 1.4e-02 nm, Epot= -5.28272e+05 Fmax= 1.24341e+04, atom= 1744
Step=  436, Dmax= 1.7e-02 nm, Epot= -5.28293e+05 Fmax= 1.32561e+04, atom= 1744
Step=  437, Dmax= 2.0e-02 nm, Epot= -5.28260e+05 Fmax= 1.77239e+04, atom= 1744
Step=  438, Dmax= 1.0e-02 nm, Epot= -5.28398e+05 Fmax= 2.24048e+03, atom= 1744
Step=  439, Dmax= 1.2e-02 nm, Epot= -5.28398e+05 Fmax= 1.61641e+04, atom= 1744
Step=  440, Dmax= 1.4e-02 nm, Epot= -5.28532e+05 Fmax= 6.20587e+03, atom= 1744
Step=  441, Dmax= 1.7e-02 nm, Epot= -5.28407e+05 Fmax= 2.03862e+04, atom= 1744
Step=  442, Dmax= 8.7e-03 nm, Epot= -5.28559e+05 Fmax= 7.10500e+03, atom= 1744
Step=  443, Dmax= 1.0e-02 nm, Epot= -5.28578e+05 Fmax= 9.01182e+03, atom= 1744
Step=  444, Dmax= 1.3e-02 nm, Epot= -5.28600e+05 Fmax= 1.01701e+04, atom= 1744
Step=  445, Dmax= 1.5e-02 nm, Epot= -5.28602e+05 Fmax= 1.29982e+04, atom= 1744
Step=  446, Dmax= 1.8e-02 nm, Epot= -5.28611e+05 Fmax= 1.46095e+04, atom= 1744
Step=  447, Dmax= 2.2e-02 nm, Epot= -5.28579e+05 Fmax= 1.86735e+04, atom= 1744
Step=  448, Dmax= 1.1e-02 nm, Epot= -5.28735e+05 Fmax= 2.04337e+03, atom= 1744
Step=  449, Dmax= 1.3e-02 nm, Epot= -5.28728e+05 Fmax= 1.77322e+04, atom= 1744
Step=  450, Dmax= 6.5e-03 nm, Epot= -5.28780e+05 Fmax= 7.82254e+03, atom= 1744
Step=  451, Dmax= 7.8e-03 nm, Epot= -5.28826e+05 Fmax= 4.20904e+03, atom= 1744
Step=  452, Dmax= 9.4e-03 nm, Epot= -5.28835e+05 Fmax= 1.00722e+04, atom= 1744
Step=  453, Dmax= 1.1e-02 nm, Epot= -5.28886e+05 Fmax= 7.23541e+03, atom= 1744
Step=  454, Dmax= 1.3e-02 nm, Epot= -5.28865e+05 Fmax= 1.33690e+04, atom= 1744
Step=  455, Dmax= 6.7e-03 nm, Epot= -5.28929e+05 Fmax= 3.07386e+03, atom= 1744
Step=  456, Dmax= 8.1e-03 nm, Epot= -5.28950e+05 Fmax= 9.46358e+03, atom= 1744
Step=  457, Dmax= 9.7e-03 nm, Epot= -5.29003e+05 Fmax= 5.39376e+03, atom= 1744
Step=  458, Dmax= 1.2e-02 nm, Epot= -5.28988e+05 Fmax= 1.25944e+04, atom= 1744
Step=  459, Dmax= 5.8e-03 nm, Epot= -5.29037e+05 Fmax= 3.59782e+03, atom= 1744
Step=  460, Dmax= 7.0e-03 nm, Epot= -5.29062e+05 Fmax= 7.05392e+03, atom= 1744
Step=  461, Dmax= 8.4e-03 nm, Epot= -5.29098e+05 Fmax= 5.88449e+03, atom= 1744
Step=  462, Dmax= 1.0e-02 nm, Epot= -5.29108e+05 Fmax= 9.49195e+03, atom= 1744
Step=  463, Dmax= 1.2e-02 nm, Epot= -5.29142e+05 Fmax= 9.11512e+03, atom= 1744
Step=  464, Dmax= 1.4e-02 nm, Epot= -5.29133e+05 Fmax= 1.30432e+04, atom= 1744
Step=  465, Dmax= 7.2e-03 nm, Epot= -5.29199e+05 Fmax= 1.97499e+03, atom= 1744
Step=  466, Dmax= 8.7e-03 nm, Epot= -5.29235e+05 Fmax= 1.15736e+04, atom= 1744
Step=  467, Dmax= 1.0e-02 nm, Epot= -5.29312e+05 Fmax= 4.40988e+03, atom= 1744
Step=  468, Dmax= 1.3e-02 nm, Epot= -5.29274e+05 Fmax= 1.49590e+04, atom= 1744
Step=  469, Dmax= 6.3e-03 nm, Epot= -5.29340e+05 Fmax= 5.27186e+03, atom= 1744
Step=  470, Dmax= 7.5e-03 nm, Epot= -5.29366e+05 Fmax= 6.20331e+03, atom= 1744
Step=  471, Dmax= 9.0e-03 nm, Epot= -5.29388e+05 Fmax= 7.71384e+03, atom= 1744
Step=  472, Dmax= 1.1e-02 nm, Epot= -5.29410e+05 Fmax= 8.83035e+03, atom= 1744
Step=  473, Dmax= 1.3e-02 nm, Epot= -5.29420e+05 Fmax= 1.11746e+04, atom= 1744
Step=  474, Dmax= 1.6e-02 nm, Epot= -5.29433e+05 Fmax= 1.26498e+04, atom= 1744
Step=  475, Dmax= 1.9e-02 nm, Epot= -5.29417e+05 Fmax= 1.60967e+04, atom= 1744
Step=  476, Dmax= 9.3e-03 nm, Epot= -5.29528e+05 Fmax= 1.72885e+03, atom= 1744
Step=  477, Dmax= 1.1e-02 nm, Epot= -5.29557e+05 Fmax= 1.52744e+04, atom= 1744
Step=  478, Dmax= 1.3e-02 nm, Epot= -5.29679e+05 Fmax= 5.48456e+03, atom= 1744
Step=  479, Dmax= 1.6e-02 nm, Epot= -5.29573e+05 Fmax= 1.91563e+04, atom= 1744
Step=  480, Dmax= 8.1e-03 nm, Epot= -5.29702e+05 Fmax= 6.85041e+03, atom= 1744
Step=  481, Dmax= 9.7e-03 nm, Epot= -5.29725e+05 Fmax= 8.10614e+03, atom= 1744
Step=  482, Dmax= 1.2e-02 nm, Epot= -5.29741e+05 Fmax= 9.67712e+03, atom= 1744
Step=  483, Dmax= 1.4e-02 nm, Epot= -5.29750e+05 Fmax= 1.18207e+04, atom= 1744
Step=  484, Dmax= 1.7e-02 nm, Epot= -5.29755e+05 Fmax= 1.37840e+04, atom= 1744
Step=  485, Dmax= 2.0e-02 nm, Epot= -5.29736e+05 Fmax= 1.71024e+04, atom= 1744
Step=  486, Dmax= 1.0e-02 nm, Epot= -5.29866e+05 Fmax= 1.66826e+03, atom= 1744
Step=  487, Dmax= 1.2e-02 nm, Epot= -5.29886e+05 Fmax= 1.66035e+04, atom= 1744
Step=  488, Dmax= 1.4e-02 nm, Epot= -5.30027e+05 Fmax= 5.72167e+03, atom= 1744
Step=  489, Dmax= 1.7e-02 nm, Epot= -5.29890e+05 Fmax= 2.07592e+04, atom= 1744
Step=  490, Dmax= 8.7e-03 nm, Epot= -5.30047e+05 Fmax= 7.53893e+03, atom= 1744
Step=  491, Dmax= 1.0e-02 nm, Epot= -5.30068e+05 Fmax= 8.53487e+03, atom= 1744
Step=  492, Dmax= 1.2e-02 nm, Epot= -5.30080e+05 Fmax= 1.05810e+04, atom= 1744
Step=  493, Dmax= 1.5e-02 nm, Epot= -5.30088e+05 Fmax= 1.25203e+04, atom= 1744
Step=  494, Dmax= 1.8e-02 nm, Epot= -5.30083e+05 Fmax= 1.49974e+04, atom= 1744
Step=  495, Dmax= 9.0e-03 nm, Epot= -5.30181e+05 Fmax= 1.26210e+03, atom= 1744
Step=  496, Dmax= 1.1e-02 nm, Epot= -5.30242e+05 Fmax= 1.57148e+04, atom= 1744
Step=  497, Dmax= 1.3e-02 nm, Epot= -5.30372e+05 Fmax= 4.17714e+03, atom= 1744
Step=  498, Dmax= 1.6e-02 nm, Epot= -5.30262e+05 Fmax= 1.99000e+04, atom= 1744
Step=  499, Dmax= 7.8e-03 nm, Epot= -5.30389e+05 Fmax= 7.87037e+03, atom= 1744
Step=  500, Dmax= 9.3e-03 nm, Epot= -5.30424e+05 Fmax= 6.40877e+03, atom= 1744
Step=  501, Dmax= 1.1e-02 nm, Epot= -5.30423e+05 Fmax= 1.08803e+04, atom= 1744
Step=  502, Dmax= 5.6e-03 nm, Epot= -5.30461e+05 Fmax= 2.23408e+03, atom= 1744
Step=  503, Dmax= 6.7e-03 nm, Epot= -5.30494e+05 Fmax= 7.95874e+03, atom= 1744
Step=  504, Dmax= 8.1e-03 nm, Epot= -5.30537e+05 Fmax= 4.48152e+03, atom= 1744
Step=  505, Dmax= 9.7e-03 nm, Epot= -5.30539e+05 Fmax= 1.02804e+04, atom= 1744
Step=  506, Dmax= 1.2e-02 nm, Epot= -5.30587e+05 Fmax= 7.61222e+03, atom= 1744
Step=  507, Dmax= 1.4e-02 nm, Epot= -5.30559e+05 Fmax= 1.36826e+04, atom= 1744
Step=  508, Dmax= 7.0e-03 nm, Epot= -5.30630e+05 Fmax= 3.04375e+03, atom= 1744
Step=  509, Dmax= 8.3e-03 nm, Epot= -5.30642e+05 Fmax= 9.92418e+03, atom= 1744
Step=  510, Dmax= 1.0e-02 nm, Epot= -5.30697e+05 Fmax= 5.43200e+03, atom= 1744
Step=  511, Dmax= 1.2e-02 nm, Epot= -5.30671e+05 Fmax= 1.31660e+04, atom= 1744
Step=  512, Dmax= 6.0e-03 nm, Epot= -5.30727e+05 Fmax= 3.86445e+03, atom= 1744
Step=  513, Dmax= 7.2e-03 nm, Epot= -5.30747e+05 Fmax= 7.14562e+03, atom= 1744
Step=  514, Dmax= 8.7e-03 nm, Epot= -5.30779e+05 Fmax= 6.22948e+03, atom= 1744
Step=  515, Dmax= 1.0e-02 nm, Epot= -5.30785e+05 Fmax= 9.66252e+03, atom= 1744
Step=  516, Dmax= 1.2e-02 nm, Epot= -5.30813e+05 Fmax= 9.57028e+03, atom= 1744
Step=  517, Dmax= 1.5e-02 nm, Epot= -5.30801e+05 Fmax= 1.33293e+04, atom= 1744
Step=  518, Dmax= 7.5e-03 nm, Epot= -5.30872e+05 Fmax= 1.89173e+03, atom= 1744
Step=  519, Dmax= 9.0e-03 nm, Epot= -5.30898e+05 Fmax= 1.21328e+04, atom= 1744
Step=  520, Dmax= 1.1e-02 nm, Epot= -5.30979e+05 Fmax= 4.38874e+03, atom= 1744
Step=  521, Dmax= 1.3e-02 nm, Epot= -5.30926e+05 Fmax= 1.56388e+04, atom= 1744
Step=  522, Dmax= 6.5e-03 nm, Epot= -5.31003e+05 Fmax= 5.62248e+03, atom= 1744
Step=  523, Dmax= 7.8e-03 nm, Epot= -5.31027e+05 Fmax= 6.23858e+03, atom= 1744
Step=  524, Dmax= 9.3e-03 nm, Epot= -5.31043e+05 Fmax= 8.14853e+03, atom= 1744
Step=  525, Dmax= 1.1e-02 nm, Epot= -5.31063e+05 Fmax= 8.95085e+03, atom= 1744
Step=  526, Dmax= 1.3e-02 nm, Epot= -5.31065e+05 Fmax= 1.17263e+04, atom= 1744
Step=  527, Dmax= 1.6e-02 nm, Epot= -5.31077e+05 Fmax= 1.28957e+04, atom= 1744
Step=  528, Dmax= 1.9e-02 nm, Epot= -5.31050e+05 Fmax= 1.68122e+04, atom= 1744
Step=  529, Dmax= 9.6e-03 nm, Epot= -5.31175e+05 Fmax= 1.96384e+03, atom= 1744
Step=  530, Dmax= 1.2e-02 nm, Epot= -5.31171e+05 Fmax= 1.56269e+04, atom= 1744
Step=  531, Dmax= 5.8e-03 nm, Epot= -5.31212e+05 Fmax= 6.81828e+03, atom= 1744
Step=  532, Dmax= 6.9e-03 nm, Epot= -5.31248e+05 Fmax= 3.91767e+03, atom= 1744
Step=  533, Dmax= 8.3e-03 nm, Epot= -5.31259e+05 Fmax= 8.80498e+03, atom= 1744
Step=  534, Dmax= 1.0e-02 nm, Epot= -5.31298e+05 Fmax= 6.63804e+03, atom= 1744
Step=  535, Dmax= 1.2e-02 nm, Epot= -5.31287e+05 Fmax= 1.17268e+04, atom= 1744
Step=  536, Dmax= 6.0e-03 nm, Epot= -5.31335e+05 Fmax= 2.55025e+03, atom= 1744
Step=  537, Dmax= 7.2e-03 nm, Epot= -5.31356e+05 Fmax= 8.66045e+03, atom= 1744
Step=  538, Dmax= 8.6e-03 nm, Epot= -5.31403e+05 Fmax= 4.58317e+03, atom= 1744
Step=  539, Dmax= 1.0e-02 nm, Epot= -5.31392e+05 Fmax= 1.14807e+04, atom= 1744
Step=  540, Dmax= 5.2e-03 nm, Epot= -5.31430e+05 Fmax= 3.44657e+03, atom= 1744
Step=  541, Dmax= 6.2e-03 nm, Epot= -5.31453e+05 Fmax= 6.04255e+03, atom= 1744
Step=  542, Dmax= 7.5e-03 nm, Epot= -5.31481e+05 Fmax= 5.50590e+03, atom= 1744
Step=  543, Dmax= 9.0e-03 nm, Epot= -5.31493e+05 Fmax= 8.19772e+03, atom= 1744
Step=  544, Dmax= 1.1e-02 nm, Epot= -5.31518e+05 Fmax= 8.40695e+03, atom= 1744
Step=  545, Dmax= 1.3e-02 nm, Epot= -5.31518e+05 Fmax= 1.13484e+04, atom= 1744
Step=  546, Dmax= 6.5e-03 nm, Epot= -5.31566e+05 Fmax= 1.47897e+03, atom= 1744
Step=  547, Dmax= 7.7e-03 nm, Epot= -5.31613e+05 Fmax= 1.06764e+04, atom= 1744
Step=  548, Dmax= 9.3e-03 nm, Epot= -5.31680e+05 Fmax= 3.57428e+03, atom= 1744
Step=  549, Dmax= 1.1e-02 nm, Epot= -5.31653e+05 Fmax= 1.37339e+04, atom= 1744
Step=  550, Dmax= 5.6e-03 nm, Epot= -5.31704e+05 Fmax= 5.07814e+03, atom= 1744
Step=  551, Dmax= 6.7e-03 nm, Epot= -5.31729e+05 Fmax= 5.15003e+03, atom= 1744
Step=  552, Dmax= 8.0e-03 nm, Epot= -5.31746e+05 Fmax= 7.27639e+03, atom= 1744
Step=  553, Dmax= 9.6e-03 nm, Epot= -5.31769e+05 Fmax= 7.47249e+03, atom= 1744
Step=  554, Dmax= 1.2e-02 nm, Epot= -5.31774e+05 Fmax= 1.03824e+04, atom= 1744
Step=  555, Dmax= 1.4e-02 nm, Epot= -5.31793e+05 Fmax= 1.08635e+04, atom= 1744
Step=  556, Dmax= 1.7e-02 nm, Epot= -5.31773e+05 Fmax= 1.47923e+04, atom= 1744
Step=  557, Dmax= 8.3e-03 nm, Epot= -5.31866e+05 Fmax= 1.96588e+03, atom= 1744
Step=  558, Dmax= 1.0e-02 nm, Epot= -5.31878e+05 Fmax= 1.31948e+04, atom= 1744
Step=  559, Dmax= 1.2e-02 nm, Epot= -5.31969e+05 Fmax= 5.30464e+03, atom= 1744
Step=  560, Dmax= 1.4e-02 nm, Epot= -5.31894e+05 Fmax= 1.66701e+04, atom= 1744
Step=  561, Dmax= 7.2e-03 nm, Epot= -5.31992e+05 Fmax= 5.69179e+03, atom= 1744
Step=  562, Dmax= 8.6e-03 nm, Epot= -5.32008e+05 Fmax= 7.65501e+03, atom= 1744
Step=  563, Dmax= 1.0e-02 nm, Epot= -5.32029e+05 Fmax= 8.19995e+03, atom= 1744
Step=  564, Dmax= 1.2e-02 nm, Epot= -5.32032e+05 Fmax= 1.09823e+04, atom= 1744
Step=  565, Dmax= 1.5e-02 nm, Epot= -5.32046e+05 Fmax= 1.18537e+04, atom= 1744
Step=  566, Dmax= 1.8e-02 nm, Epot= -5.32022e+05 Fmax= 1.57100e+04, atom= 1744
Step=  567, Dmax= 8.9e-03 nm, Epot= -5.32130e+05 Fmax= 1.93130e+03, atom= 1744
Step=  568, Dmax= 1.1e-02 nm, Epot= -5.32132e+05 Fmax= 1.43703e+04, atom= 1744
Step=  569, Dmax= 1.3e-02 nm, Epot= -5.32238e+05 Fmax= 5.51681e+03, atom= 1744
Step=  570, Dmax= 1.5e-02 nm, Epot= -5.32140e+05 Fmax= 1.81065e+04, atom= 1744
Step=  571, Dmax= 7.7e-03 nm, Epot= -5.32259e+05 Fmax= 6.30645e+03, atom= 1744
Step=  572, Dmax= 9.3e-03 nm, Epot= -5.32275e+05 Fmax= 8.03278e+03, atom= 1744
Step=  573, Dmax= 1.1e-02 nm, Epot= -5.32291e+05 Fmax= 9.01217e+03, atom= 1744
Step=  574, Dmax= 1.3e-02 nm, Epot= -5.32294e+05 Fmax= 1.15981e+04, atom= 1744
Step=  575, Dmax= 1.6e-02 nm, Epot= -5.32301e+05 Fmax= 1.29468e+04, atom= 1744
Step=  576, Dmax= 1.9e-02 nm, Epot= -5.32275e+05 Fmax= 1.66658e+04, atom= 1744
Step=  577, Dmax= 9.6e-03 nm, Epot= -5.32398e+05 Fmax= 1.86551e+03, atom= 1744
Step=  578, Dmax= 1.2e-02 nm, Epot= -5.32392e+05 Fmax= 1.56622e+04, atom= 1744
Step=  579, Dmax= 5.8e-03 nm, Epot= -5.32434e+05 Fmax= 6.88419e+03, atom= 1744
Step=  580, Dmax= 6.9e-03 nm, Epot= -5.32469e+05 Fmax= 3.81711e+03, atom= 1744
Step=  581, Dmax= 8.3e-03 nm, Epot= -5.32477e+05 Fmax= 8.86566e+03, atom= 1744
Step=  582, Dmax= 1.0e-02 nm, Epot= -5.32516e+05 Fmax= 6.52724e+03, atom= 1744
Step=  583, Dmax= 1.2e-02 nm, Epot= -5.32501e+05 Fmax= 1.17815e+04, atom= 1744
Step=  584, Dmax= 6.0e-03 nm, Epot= -5.32550e+05 Fmax= 2.63267e+03, atom= 1744
Step=  585, Dmax= 7.2e-03 nm, Epot= -5.32568e+05 Fmax= 8.53476e+03, atom= 1744
Step=  586, Dmax= 8.6e-03 nm, Epot= -5.32611e+05 Fmax= 4.66839e+03, atom= 1744
Step=  587, Dmax= 1.0e-02 nm, Epot= -5.32599e+05 Fmax= 1.13387e+04, atom= 1744
Step=  588, Dmax= 5.2e-03 nm, Epot= -5.32638e+05 Fmax= 3.33296e+03, atom= 1744
Step=  589, Dmax= 6.2e-03 nm, Epot= -5.32658e+05 Fmax= 6.12711e+03, atom= 1744
Step=  590, Dmax= 7.4e-03 nm, Epot= -5.32685e+05 Fmax= 5.38196e+03, atom= 1744
Step=  591, Dmax= 8.9e-03 nm, Epot= -5.32695e+05 Fmax= 8.28007e+03, atom= 1744
Step=  592, Dmax= 1.1e-02 nm, Epot= -5.32719e+05 Fmax= 8.26883e+03, atom= 1744
Step=  593, Dmax= 1.3e-02 nm, Epot= -5.32715e+05 Fmax= 1.14267e+04, atom= 1744
Step=  594, Dmax= 6.4e-03 nm, Epot= -5.32766e+05 Fmax= 1.58706e+03, atom= 1744
Step=  595, Dmax= 7.7e-03 nm, Epot= -5.32801e+05 Fmax= 1.05033e+04, atom= 1744
Step=  596, Dmax= 9.3e-03 nm, Epot= -5.32864e+05 Fmax= 3.70335e+03, atom= 1744
Step=  597, Dmax= 1.1e-02 nm, Epot= -5.32834e+05 Fmax= 1.35361e+04, atom= 1744
Step=  598, Dmax= 5.6e-03 nm, Epot= -5.32886e+05 Fmax= 4.91455e+03, atom= 1744
Step=  599, Dmax= 6.7e-03 nm, Epot= -5.32908e+05 Fmax= 5.28291e+03, atom= 1744
Step=  600, Dmax= 8.0e-03 nm, Epot= -5.32925e+05 Fmax= 7.09783e+03, atom= 1744
Step=  601, Dmax= 9.6e-03 nm, Epot= -5.32945e+05 Fmax= 7.60674e+03, atom= 1744
Step=  602, Dmax= 1.2e-02 nm, Epot= -5.32950e+05 Fmax= 1.01858e+04, atom= 1744
Step=  603, Dmax= 1.4e-02 nm, Epot= -5.32965e+05 Fmax= 1.09962e+04, atom= 1744
Step=  604, Dmax= 1.7e-02 nm, Epot= -5.32946e+05 Fmax= 1.45726e+04, atom= 1744
Step=  605, Dmax= 8.3e-03 nm, Epot= -5.33037e+05 Fmax= 1.79008e+03, atom= 1744
Step=  606, Dmax= 1.0e-02 nm, Epot= -5.33049e+05 Fmax= 1.33211e+04, atom= 1744
Step=  607, Dmax= 1.2e-02 nm, Epot= -5.33141e+05 Fmax= 5.11989e+03, atom= 1744
Step=  608, Dmax= 1.4e-02 nm, Epot= -5.33061e+05 Fmax= 1.67901e+04, atom= 1744
Step=  609, Dmax= 7.2e-03 nm, Epot= -5.33161e+05 Fmax= 5.84476e+03, atom= 1744
Step=  610, Dmax= 8.6e-03 nm, Epot= -5.33177e+05 Fmax= 7.45383e+03, atom= 1744
Step=  611, Dmax= 1.0e-02 nm, Epot= -5.33194e+05 Fmax= 8.35505e+03, atom= 1744
Step=  612, Dmax= 1.2e-02 nm, Epot= -5.33197e+05 Fmax= 1.07604e+04, atom= 1744
Step=  613, Dmax= 1.5e-02 nm, Epot= -5.33206e+05 Fmax= 1.20080e+04, atom= 1744
Step=  614, Dmax= 1.8e-02 nm, Epot= -5.33185e+05 Fmax= 1.54619e+04, atom= 1744
Step=  615, Dmax= 8.9e-03 nm, Epot= -5.33290e+05 Fmax= 1.73073e+03, atom= 1744
Step=  616, Dmax= 1.1e-02 nm, Epot= -5.33294e+05 Fmax= 1.45188e+04, atom= 1744
Step=  617, Dmax= 1.3e-02 nm, Epot= -5.33401e+05 Fmax= 5.30666e+03, atom= 1744
Step=  618, Dmax= 1.5e-02 nm, Epot= -5.33297e+05 Fmax= 1.82479e+04, atom= 1744
Step=  619, Dmax= 7.7e-03 nm, Epot= -5.33419e+05 Fmax= 6.48314e+03, atom= 1744
Step=  620, Dmax= 9.2e-03 nm, Epot= -5.33434e+05 Fmax= 7.80401e+03, atom= 1744
Step=  621, Dmax= 1.1e-02 nm, Epot= -5.33446e+05 Fmax= 9.19219e+03, atom= 1744
Step=  622, Dmax= 1.3e-02 nm, Epot= -5.33449e+05 Fmax= 1.13455e+04, atom= 1744
Step=  623, Dmax= 1.6e-02 nm, Epot= -5.33451e+05 Fmax= 1.31280e+04, atom= 1744
Step=  624, Dmax= 1.9e-02 nm, Epot= -5.33428e+05 Fmax= 1.63835e+04, atom= 1744
Step=  625, Dmax= 9.6e-03 nm, Epot= -5.33549e+05 Fmax= 1.63471e+03, atom= 1744
Step=  626, Dmax= 1.2e-02 nm, Epot= -5.33544e+05 Fmax= 1.58386e+04, atom= 1744
Step=  627, Dmax= 5.8e-03 nm, Epot= -5.33585e+05 Fmax= 7.08431e+03, atom= 1744
Step=  628, Dmax= 6.9e-03 nm, Epot= -5.33621e+05 Fmax= 3.57926e+03, atom= 1744
Step=  629, Dmax= 8.3e-03 nm, Epot= -5.33624e+05 Fmax= 9.06788e+03, atom= 1744
Step=  630, Dmax= 9.9e-03 nm, Epot= -5.33665e+05 Fmax= 6.26977e+03, atom= 1744
Step=  631, Dmax= 1.2e-02 nm, Epot= -5.33644e+05 Fmax= 1.19883e+04, atom= 1744
Step=  632, Dmax= 6.0e-03 nm, Epot= -5.33697e+05 Fmax= 2.86464e+03, atom= 1744
Step=  633, Dmax= 7.2e-03 nm, Epot= -5.33708e+05 Fmax= 8.24466e+03, atom= 1744
Step=  634, Dmax= 8.6e-03 nm, Epot= -5.33748e+05 Fmax= 4.92079e+03, atom= 1744
Step=  635, Dmax= 1.0e-02 nm, Epot= -5.33735e+05 Fmax= 1.10180e+04, atom= 1744
Step=  636, Dmax= 5.2e-03 nm, Epot= -5.33773e+05 Fmax= 3.04685e+03, atom= 1744
Step=  637, Dmax= 6.2e-03 nm, Epot= -5.33791e+05 Fmax= 6.38739e+03, atom= 1744
Step=  638, Dmax= 7.4e-03 nm, Epot= -5.33818e+05 Fmax= 5.07599e+03, atom= 1744
Step=  639, Dmax= 8.9e-03 nm, Epot= -5.33823e+05 Fmax= 8.54890e+03, atom= 1744
Step=  640, Dmax= 1.1e-02 nm, Epot= -5.33849e+05 Fmax= 7.93783e+03, atom= 1744
Step=  641, Dmax= 1.3e-02 nm, Epot= -5.33838e+05 Fmax= 1.17028e+04, atom= 1744
Step=  642, Dmax= 6.4e-03 nm, Epot= -5.33892e+05 Fmax= 1.89022e+03, atom= 1744
Step=  643, Dmax= 7.7e-03 nm, Epot= -5.33911e+05 Fmax= 1.01014e+04, atom= 1744
Step=  644, Dmax= 9.2e-03 nm, Epot= -5.33968e+05 Fmax= 4.06306e+03, atom= 1744
Step=  645, Dmax= 1.1e-02 nm, Epot= -5.33935e+05 Fmax= 1.30894e+04, atom= 1744
Step=  646, Dmax= 5.5e-03 nm, Epot= -5.33988e+05 Fmax= 4.51104e+03, atom= 1744
Step=  647, Dmax= 6.6e-03 nm, Epot= -5.34006e+05 Fmax= 5.65814e+03, atom= 1744
Step=  648, Dmax= 8.0e-03 nm, Epot= -5.34024e+05 Fmax= 6.66852e+03, atom= 1744
Step=  649, Dmax= 9.6e-03 nm, Epot= -5.34037e+05 Fmax= 7.99520e+03, atom= 1744
Step=  650, Dmax= 1.1e-02 nm, Epot= -5.34045e+05 Fmax= 9.72659e+03, atom= 1744
Step=  651, Dmax= 1.4e-02 nm, Epot= -5.34050e+05 Fmax= 1.13954e+04, atom= 1744
Step=  652, Dmax= 1.7e-02 nm, Epot= -5.34040e+05 Fmax= 1.40786e+04, atom= 1744
Step=  653, Dmax= 8.3e-03 nm, Epot= -5.34126e+05 Fmax= 1.34501e+03, atom= 1744
Step=  654, Dmax= 9.9e-03 nm, Epot= -5.34152e+05 Fmax= 1.37053e+04, atom= 1744
Step=  655, Dmax= 1.2e-02 nm, Epot= -5.34249e+05 Fmax= 4.68262e+03, atom= 1744
Step=  656, Dmax= 1.4e-02 nm, Epot= -5.34160e+05 Fmax= 1.71632e+04, atom= 1744
Step=  657, Dmax= 7.1e-03 nm, Epot= -5.34265e+05 Fmax= 6.25256e+03, atom= 1744
Step=  658, Dmax= 8.6e-03 nm, Epot= -5.34282e+05 Fmax= 6.99310e+03, atom= 1744
Step=  659, Dmax= 1.0e-02 nm, Epot= -5.34291e+05 Fmax= 8.77325e+03, atom= 1744
Step=  660, Dmax= 1.2e-02 nm, Epot= -5.34300e+05 Fmax= 1.02690e+04, atom= 1744
Step=  661, Dmax= 1.5e-02 nm, Epot= -5.34297e+05 Fmax= 1.24362e+04, atom= 1744
Step=  662, Dmax= 7.4e-03 nm, Epot= -5.34363e+05 Fmax= 1.09729e+03, atom= 1744
Step=  663, Dmax= 8.9e-03 nm, Epot= -5.34410e+05 Fmax= 1.28627e+04, atom= 1744
Step=  664, Dmax= 1.1e-02 nm, Epot= -5.34498e+05 Fmax= 3.53120e+03, atom= 1744
Step=  665, Dmax= 1.3e-02 nm, Epot= -5.34429e+05 Fmax= 1.62952e+04, atom= 1744
Step=  666, Dmax= 6.4e-03 nm, Epot= -5.34513e+05 Fmax= 6.38481e+03, atom= 1744
Step=  667, Dmax= 7.7e-03 nm, Epot= -5.34537e+05 Fmax= 5.39096e+03, atom= 1744
Step=  668, Dmax= 9.2e-03 nm, Epot= -5.34539e+05 Fmax= 8.84910e+03, atom= 1744
Step=  669, Dmax= 1.1e-02 nm, Epot= -5.34565e+05 Fmax= 8.11307e+03, atom= 1744
Step=  670, Dmax= 1.3e-02 nm, Epot= -5.34547e+05 Fmax= 1.23527e+04, atom= 1744
Step=  671, Dmax= 6.6e-03 nm, Epot= -5.34608e+05 Fmax= 2.11871e+03, atom= 1744
Step=  672, Dmax= 8.0e-03 nm, Epot= -5.34618e+05 Fmax= 1.00244e+04, atom= 1744
Step=  673, Dmax= 9.6e-03 nm, Epot= -5.34673e+05 Fmax= 4.71441e+03, atom= 1744
Step=  674, Dmax= 1.1e-02 nm, Epot= -5.34638e+05 Fmax= 1.28409e+04, atom= 1744
Step=  675, Dmax= 5.7e-03 nm, Epot= -5.34694e+05 Fmax= 4.06814e+03, atom= 1744
Step=  676, Dmax= 6.9e-03 nm, Epot= -5.34707e+05 Fmax= 6.57054e+03, atom= 1744
Step=  677, Dmax= 8.3e-03 nm, Epot= -5.34729e+05 Fmax= 6.08828e+03, atom= 1744
Step=  678, Dmax= 9.9e-03 nm, Epot= -5.34730e+05 Fmax= 9.20493e+03, atom= 1744
Step=  679, Dmax= 1.2e-02 nm, Epot= -5.34751e+05 Fmax= 9.02798e+03, atom= 1744
Step=  680, Dmax= 1.4e-02 nm, Epot= -5.34732e+05 Fmax= 1.29575e+04, atom= 1744
Step=  681, Dmax= 7.1e-03 nm, Epot= -5.34802e+05 Fmax= 1.96476e+03, atom= 1744
Step=  682, Dmax= 8.6e-03 nm, Epot= -5.34809e+05 Fmax= 1.10907e+04, atom= 1744
Step=  683, Dmax= 1.0e-02 nm, Epot= -5.34873e+05 Fmax= 4.75071e+03, atom= 1744
Step=  684, Dmax= 1.2e-02 nm, Epot= -5.34824e+05 Fmax= 1.41238e+04, atom= 1744
Step=  685, Dmax= 6.2e-03 nm, Epot= -5.34893e+05 Fmax= 4.69253e+03, atom= 1744
Step=  686, Dmax= 7.4e-03 nm, Epot= -5.34905e+05 Fmax= 6.73275e+03, atom= 1744
Step=  687, Dmax= 8.9e-03 nm, Epot= -5.34924e+05 Fmax= 6.87670e+03, atom= 1744
Step=  688, Dmax= 1.1e-02 nm, Epot= -5.34926e+05 Fmax= 9.55183e+03, atom= 1744
Step=  689, Dmax= 1.3e-02 nm, Epot= -5.34940e+05 Fmax= 1.00478e+04, atom= 1744
Step=  690, Dmax= 1.5e-02 nm, Epot= -5.34922e+05 Fmax= 1.35722e+04, atom= 1744
Step=  691, Dmax= 7.7e-03 nm, Epot= -5.35001e+05 Fmax= 1.76304e+03, atom= 1744
Step=  692, Dmax= 9.2e-03 nm, Epot= -5.35006e+05 Fmax= 1.22741e+04, atom= 1744
Step=  693, Dmax= 1.1e-02 nm, Epot= -5.35083e+05 Fmax= 4.75508e+03, atom= 1744
Step=  694, Dmax= 1.3e-02 nm, Epot= -5.35015e+05 Fmax= 1.55368e+04, atom= 1744
Step=  695, Dmax= 6.6e-03 nm, Epot= -5.35100e+05 Fmax= 5.39850e+03, atom= 1744
Step=  696, Dmax= 7.9e-03 nm, Epot= -5.35114e+05 Fmax= 6.87406e+03, atom= 1744
Step=  697, Dmax= 9.5e-03 nm, Epot= -5.35127e+05 Fmax= 7.75786e+03, atom= 1744
Step=  698, Dmax= 1.1e-02 nm, Epot= -5.35130e+05 Fmax= 9.89172e+03, atom= 1744
Step=  699, Dmax= 1.4e-02 nm, Epot= -5.35137e+05 Fmax= 1.11770e+04, atom= 1744
Step=  700, Dmax= 1.6e-02 nm, Epot= -5.35121e+05 Fmax= 1.41990e+04, atom= 1744
Step=  701, Dmax= 8.2e-03 nm, Epot= -5.35210e+05 Fmax= 1.51366e+03, atom= 1744
Step=  702, Dmax= 9.9e-03 nm, Epot= -5.35214e+05 Fmax= 1.35778e+04, atom= 1744
Step=  703, Dmax= 1.2e-02 nm, Epot= -5.35308e+05 Fmax= 4.73377e+03, atom= 1744
Step=  704, Dmax= 1.4e-02 nm, Epot= -5.35217e+05 Fmax= 1.70789e+04, atom= 1744
Step=  705, Dmax= 7.1e-03 nm, Epot= -5.35322e+05 Fmax= 6.18373e+03, atom= 1744
Step=  706, Dmax= 8.5e-03 nm, Epot= -5.35337e+05 Fmax= 7.00157e+03, atom= 1744
Step=  707, Dmax= 1.0e-02 nm, Epot= -5.35344e+05 Fmax= 8.72991e+03, atom= 1744
Step=  708, Dmax= 1.2e-02 nm, Epot= -5.35350e+05 Fmax= 1.02330e+04, atom= 1744
Step=  709, Dmax= 1.5e-02 nm, Epot= -5.35346e+05 Fmax= 1.24137e+04, atom= 1744
Step=  710, Dmax= 7.4e-03 nm, Epot= -5.35413e+05 Fmax= 1.10415e+03, atom= 1744
Step=  711, Dmax= 8.9e-03 nm, Epot= -5.35450e+05 Fmax= 1.27157e+04, atom= 1744
Step=  712, Dmax= 1.1e-02 nm, Epot= -5.35535e+05 Fmax= 3.63358e+03, atom= 1744
Step=  713, Dmax= 1.3e-02 nm, Epot= -5.35463e+05 Fmax= 1.60843e+04, atom= 1744
Step=  714, Dmax= 6.4e-03 nm, Epot= -5.35548e+05 Fmax= 6.22834e+03, atom= 1744
Step=  715, Dmax= 7.7e-03 nm, Epot= -5.35569e+05 Fmax= 5.52173e+03, atom= 1744
Step=  716, Dmax= 9.2e-03 nm, Epot= -5.35571e+05 Fmax= 8.65133e+03, atom= 1744
Step=  717, Dmax= 1.1e-02 nm, Epot= -5.35592e+05 Fmax= 8.26893e+03, atom= 1744
Step=  718, Dmax= 1.3e-02 nm, Epot= -5.35576e+05 Fmax= 1.21102e+04, atom= 1744
Step=  719, Dmax= 6.6e-03 nm, Epot= -5.35636e+05 Fmax= 1.91969e+03, atom= 1744
Step=  720, Dmax= 7.9e-03 nm, Epot= -5.35644e+05 Fmax= 1.02203e+04, atom= 1744
Step=  721, Dmax= 9.5e-03 nm, Epot= -5.35699e+05 Fmax= 4.46047e+03, atom= 1744
Step=  722, Dmax= 1.1e-02 nm, Epot= -5.35659e+05 Fmax= 1.30625e+04, atom= 1744
Step=  723, Dmax= 5.7e-03 nm, Epot= -5.35718e+05 Fmax= 4.30550e+03, atom= 1744
Step=  724, Dmax= 6.9e-03 nm, Epot= -5.35730e+05 Fmax= 6.27744e+03, atom= 1744
Step=  725, Dmax= 8.2e-03 nm, Epot= -5.35748e+05 Fmax= 6.35280e+03, atom= 1744
Step=  726, Dmax= 9.9e-03 nm, Epot= -5.35751e+05 Fmax= 8.87073e+03, atom= 1744
Step=  727, Dmax= 1.2e-02 nm, Epot= -5.35765e+05 Fmax= 9.31628e+03, atom= 1744
Step=  728, Dmax= 1.4e-02 nm, Epot= -5.35752e+05 Fmax= 1.25780e+04, atom= 1744
Step=  729, Dmax= 7.1e-03 nm, Epot= -5.35818e+05 Fmax= 1.63131e+03, atom= 1744
Step=  730, Dmax= 8.5e-03 nm, Epot= -5.35828e+05 Fmax= 1.14196e+04, atom= 1744
Step=  731, Dmax= 1.0e-02 nm, Epot= -5.35896e+05 Fmax= 4.36276e+03, atom= 1744
Step=  732, Dmax= 1.2e-02 nm, Epot= -5.35840e+05 Fmax= 1.44746e+04, atom= 1744
Step=  733, Dmax= 6.1e-03 nm, Epot= -5.35912e+05 Fmax= 5.06218e+03, atom= 1744
Step=  734, Dmax= 7.4e-03 nm, Epot= -5.35926e+05 Fmax= 6.30716e+03, atom= 1744
Step=  735, Dmax= 8.8e-03 nm, Epot= -5.35938e+05 Fmax= 7.27109e+03, atom= 1744
Step=  736, Dmax= 1.1e-02 nm, Epot= -5.35944e+05 Fmax= 9.08502e+03, atom= 1744
Step=  737, Dmax= 1.3e-02 nm, Epot= -5.35949e+05 Fmax= 1.04642e+04, atom= 1744
Step=  738, Dmax= 1.5e-02 nm, Epot= -5.35939e+05 Fmax= 1.30598e+04, atom= 1744
Step=  739, Dmax= 7.6e-03 nm, Epot= -5.36014e+05 Fmax= 1.29992e+03, atom= 1744
Step=  740, Dmax= 9.2e-03 nm, Epot= -5.36031e+05 Fmax= 1.27306e+04, atom= 1744
Step=  741, Dmax= 1.1e-02 nm, Epot= -5.36115e+05 Fmax= 4.24299e+03, atom= 1744
Step=  742, Dmax= 1.3e-02 nm, Epot= -5.36038e+05 Fmax= 1.60037e+04, atom= 1744
Step=  743, Dmax= 6.6e-03 nm, Epot= -5.36128e+05 Fmax= 5.89034e+03, atom= 1744
Step=  744, Dmax= 7.9e-03 nm, Epot= -5.36144e+05 Fmax= 6.32623e+03, atom= 1744
Step=  745, Dmax= 9.5e-03 nm, Epot= -5.36150e+05 Fmax= 8.27210e+03, atom= 1744
Step=  746, Dmax= 1.1e-02 nm, Epot= -5.36159e+05 Fmax= 9.30291e+03, atom= 1744
Step=  747, Dmax= 1.4e-02 nm, Epot= -5.36154e+05 Fmax= 1.17109e+04, atom= 1744
Step=  748, Dmax= 6.8e-03 nm, Epot= -5.36212e+05 Fmax= 1.21481e+03, atom= 1744
Step=  749, Dmax= 8.2e-03 nm, Epot= -5.36239e+05 Fmax= 1.15272e+04, atom= 1744
Step=  750, Dmax= 9.9e-03 nm, Epot= -5.36310e+05 Fmax= 3.63229e+03, atom= 1744
Step=  751, Dmax= 1.2e-02 nm, Epot= -5.36254e+05 Fmax= 1.46237e+04, atom= 1744
Step=  752, Dmax= 5.9e-03 nm, Epot= -5.36323e+05 Fmax= 5.49567e+03, atom= 1744
Step=  753, Dmax= 7.1e-03 nm, Epot= -5.36341e+05 Fmax= 5.40641e+03, atom= 1744
Step=  754, Dmax= 8.5e-03 nm, Epot= -5.36347e+05 Fmax= 7.72252e+03, atom= 1744
Step=  755, Dmax= 1.0e-02 nm, Epot= -5.36363e+05 Fmax= 7.97573e+03, atom= 1744
Step=  756, Dmax= 1.2e-02 nm, Epot= -5.36356e+05 Fmax= 1.09109e+04, atom= 1744
Step=  757, Dmax= 6.1e-03 nm, Epot= -5.36404e+05 Fmax= 1.46680e+03, atom= 1744
Step=  758, Dmax= 7.4e-03 nm, Epot= -5.36424e+05 Fmax= 9.80977e+03, atom= 1744
Step=  759, Dmax= 8.8e-03 nm, Epot= -5.36477e+05 Fmax= 3.79911e+03, atom= 1744
Step=  760, Dmax= 1.1e-02 nm, Epot= -5.36444e+05 Fmax= 1.24637e+04, atom= 1744
Step=  761, Dmax= 5.3e-03 nm, Epot= -5.36494e+05 Fmax= 4.33680e+03, atom= 1744
Step=  762, Dmax= 6.4e-03 nm, Epot= -5.36508e+05 Fmax= 5.46589e+03, atom= 1744
Step=  763, Dmax= 7.6e-03 nm, Epot= -5.36522e+05 Fmax= 6.25346e+03, atom= 1744
Step=  764, Dmax= 9.2e-03 nm, Epot= -5.36530e+05 Fmax= 7.85221e+03, atom= 1744
Step=  765, Dmax= 1.1e-02 nm, Epot= -5.36538e+05 Fmax= 9.02171e+03, atom= 1744
Step=  766, Dmax= 1.3e-02 nm, Epot= -5.36535e+05 Fmax= 1.12723e+04, atom= 1744
Step=  767, Dmax= 6.6e-03 nm, Epot= -5.36589e+05 Fmax= 1.12574e+03, atom= 1744
Step=  768, Dmax= 7.9e-03 nm, Epot= -5.36622e+05 Fmax= 1.09968e+04, atom= 1744
Step=  769, Dmax= 9.5e-03 nm, Epot= -5.36687e+05 Fmax= 3.63811e+03, atom= 1744
Step=  770, Dmax= 1.1e-02 nm, Epot= -5.36638e+05 Fmax= 1.38413e+04, atom= 1744
Step=  771, Dmax= 5.7e-03 nm, Epot= -5.36701e+05 Fmax= 5.10856e+03, atom= 1744
Step=  772, Dmax= 6.8e-03 nm, Epot= -5.36717e+05 Fmax= 5.42549e+03, atom= 1744
Step=  773, Dmax= 8.2e-03 nm, Epot= -5.36725e+05 Fmax= 7.17388e+03, atom= 1744
Step=  774, Dmax= 9.8e-03 nm, Epot= -5.36738e+05 Fmax= 7.98429e+03, atom= 1744
Step=  775, Dmax= 1.2e-02 nm, Epot= -5.36737e+05 Fmax= 1.01541e+04, atom= 1744
Step=  776, Dmax= 5.9e-03 nm, Epot= -5.36778e+05 Fmax= 1.09184e+03, atom= 1744
Step=  777, Dmax= 7.1e-03 nm, Epot= -5.36816e+05 Fmax= 9.87721e+03, atom= 1744
Step=  778, Dmax= 8.5e-03 nm, Epot= -5.36870e+05 Fmax= 3.20084e+03, atom= 1744
Step=  779, Dmax= 1.0e-02 nm, Epot= -5.36838e+05 Fmax= 1.25374e+04, atom= 1744
Step=  780, Dmax= 5.1e-03 nm, Epot= -5.36885e+05 Fmax= 4.66751e+03, atom= 1744
Step=  781, Dmax= 6.1e-03 nm, Epot= -5.36902e+05 Fmax= 4.74055e+03, atom= 1744
Step=  782, Dmax= 7.3e-03 nm, Epot= -5.36912e+05 Fmax= 6.58056e+03, atom= 1744
Step=  783, Dmax= 8.8e-03 nm, Epot= -5.36926e+05 Fmax= 6.96702e+03, atom= 1744
Step=  784, Dmax= 1.1e-02 nm, Epot= -5.36926e+05 Fmax= 9.32332e+03, atom= 1744
Step=  785, Dmax= 1.3e-02 nm, Epot= -5.36936e+05 Fmax= 1.01751e+04, atom= 1744
Step=  786, Dmax= 1.5e-02 nm, Epot= -5.36918e+05 Fmax= 1.32591e+04, atom= 1744
Step=  787, Dmax= 7.6e-03 nm, Epot= -5.36996e+05 Fmax= 1.54344e+03, atom= 1744
Step=  788, Dmax= 9.1e-03 nm, Epot= -5.36996e+05 Fmax= 1.25021e+04, atom= 1744
Step=  789, Dmax= 4.6e-03 nm, Epot= -5.37020e+05 Fmax= 5.47312e+03, atom= 1744
Step=  790, Dmax= 5.5e-03 nm, Epot= -5.37044e+05 Fmax= 2.97515e+03, atom= 1744
Step=  791, Dmax= 6.6e-03 nm, Epot= -5.37051e+05 Fmax= 7.13429e+03, atom= 1744
Step=  792, Dmax= 7.9e-03 nm, Epot= -5.37078e+05 Fmax= 5.02748e+03, atom= 1744
Step=  793, Dmax= 9.5e-03 nm, Epot= -5.37069e+05 Fmax= 9.53300e+03, atom= 1744
Step=  794, Dmax= 4.7e-03 nm, Epot= -5.37100e+05 Fmax= 2.25581e+03, atom= 1744
Step=  795, Dmax= 5.7e-03 nm, Epot= -5.37114e+05 Fmax= 6.51185e+03, atom= 1744
Step=  796, Dmax= 6.8e-03 nm, Epot= -5.37140e+05 Fmax= 3.97766e+03, atom= 1744
Step=  797, Dmax= 8.2e-03 nm, Epot= -5.37138e+05 Fmax= 8.63784e+03, atom= 1744
Step=  798, Dmax= 4.1e-03 nm, Epot= -5.37159e+05 Fmax= 2.32866e+03, atom= 1744
Step=  799, Dmax= 4.9e-03 nm, Epot= -5.37175e+05 Fmax= 5.21777e+03, atom= 1744
Step=  800, Dmax= 5.9e-03 nm, Epot= -5.37195e+05 Fmax= 3.86331e+03, atom= 1744
Step=  801, Dmax= 7.1e-03 nm, Epot= -5.37202e+05 Fmax= 7.00814e+03, atom= 1744
Step=  802, Dmax= 8.5e-03 nm, Epot= -5.37223e+05 Fmax= 6.06397e+03, atom= 1744
Step=  803, Dmax= 1.0e-02 nm, Epot= -5.37217e+05 Fmax= 9.58910e+03, atom= 1744
Step=  804, Dmax= 5.1e-03 nm, Epot= -5.37250e+05 Fmax= 1.76717e+03, atom= 1744
Step=  805, Dmax= 6.1e-03 nm, Epot= -5.37267e+05 Fmax= 7.65960e+03, atom= 1744
Step=  806, Dmax= 7.3e-03 nm, Epot= -5.37301e+05 Fmax= 3.61842e+03, atom= 1744
Step=  807, Dmax= 8.8e-03 nm, Epot= -5.37289e+05 Fmax= 9.94300e+03, atom= 1744
Step=  808, Dmax= 4.4e-03 nm, Epot= -5.37318e+05 Fmax= 3.16058e+03, atom= 1744
Step=  809, Dmax= 5.3e-03 nm, Epot= -5.37332e+05 Fmax= 4.95550e+03, atom= 1744
Step=  810, Dmax= 6.3e-03 nm, Epot= -5.37349e+05 Fmax= 4.80504e+03, atom= 1744
Step=  811, Dmax= 7.6e-03 nm, Epot= -5.37357e+05 Fmax= 6.88386e+03, atom= 1744
Step=  812, Dmax= 9.1e-03 nm, Epot= -5.37372e+05 Fmax= 7.16596e+03, atom= 1744
Step=  813, Dmax= 1.1e-02 nm, Epot= -5.37369e+05 Fmax= 9.66047e+03, atom= 1744
Step=  814, Dmax= 5.5e-03 nm, Epot= -5.37406e+05 Fmax= 1.25265e+03, atom= 1744
Step=  815, Dmax= 6.6e-03 nm, Epot= -5.37433e+05 Fmax= 8.88573e+03, atom= 1744
Step=  816, Dmax= 7.9e-03 nm, Epot= -5.37478e+05 Fmax= 3.24144e+03, atom= 1744
Step=  817, Dmax= 9.5e-03 nm, Epot= -5.37456e+05 Fmax= 1.13379e+04, atom= 1744
Step=  818, Dmax= 4.7e-03 nm, Epot= -5.37493e+05 Fmax= 4.04693e+03, atom= 1744
Step=  819, Dmax= 5.7e-03 nm, Epot= -5.37508e+05 Fmax= 4.68050e+03, atom= 1744
Step=  820, Dmax= 6.8e-03 nm, Epot= -5.37520e+05 Fmax= 5.81084e+03, atom= 1744
Step=  821, Dmax= 8.2e-03 nm, Epot= -5.37532e+05 Fmax= 6.75562e+03, atom= 1744
Step=  822, Dmax= 9.8e-03 nm, Epot= -5.37538e+05 Fmax= 8.34493e+03, atom= 1744
Step=  823, Dmax= 1.2e-02 nm, Epot= -5.37543e+05 Fmax= 9.74145e+03, atom= 1744
Step=  824, Dmax= 1.4e-02 nm, Epot= -5.37536e+05 Fmax= 1.19863e+04, atom= 1744
Step=  825, Dmax= 7.1e-03 nm, Epot= -5.37599e+05 Fmax= 1.12391e+03, atom= 1744
Step=  826, Dmax= 8.5e-03 nm, Epot= -5.37622e+05 Fmax= 1.19187e+04, atom= 1744
Step=  827, Dmax= 1.0e-02 nm, Epot= -5.37696e+05 Fmax= 3.75835e+03, atom= 1744
Step=  828, Dmax= 1.2e-02 nm, Epot= -5.37630e+05 Fmax= 1.49866e+04, atom= 1744
Step=  829, Dmax= 6.1e-03 nm, Epot= -5.37707e+05 Fmax= 5.62335e+03, atom= 1744
Step=  830, Dmax= 7.3e-03 nm, Epot= -5.37723e+05 Fmax= 5.65299e+03, atom= 1744
Step=  831, Dmax= 8.8e-03 nm, Epot= -5.37727e+05 Fmax= 7.85502e+03, atom= 1744
Step=  832, Dmax= 1.1e-02 nm, Epot= -5.37739e+05 Fmax= 8.37424e+03, atom= 1744
Step=  833, Dmax= 1.3e-02 nm, Epot= -5.37731e+05 Fmax= 1.10653e+04, atom= 1744
Step=  834, Dmax= 6.3e-03 nm, Epot= -5.37783e+05 Fmax= 1.35392e+03, atom= 1744
Step=  835, Dmax= 7.6e-03 nm, Epot= -5.37799e+05 Fmax= 1.03485e+04, atom= 1744
Step=  836, Dmax= 9.1e-03 nm, Epot= -5.37856e+05 Fmax= 3.66652e+03, atom= 1744
Step=  837, Dmax= 1.1e-02 nm, Epot= -5.37812e+05 Fmax= 1.31710e+04, atom= 1744
Step=  838, Dmax= 5.5e-03 nm, Epot= -5.37870e+05 Fmax= 4.75073e+03, atom= 1744
Step=  839, Dmax= 6.6e-03 nm, Epot= -5.37884e+05 Fmax= 5.33667e+03, atom= 1744
Step=  840, Dmax= 7.9e-03 nm, Epot= -5.37893e+05 Fmax= 6.78105e+03, atom= 1744
Step=  841, Dmax= 9.4e-03 nm, Epot= -5.37902e+05 Fmax= 7.73995e+03, atom= 1744
Step=  842, Dmax= 1.1e-02 nm, Epot= -5.37903e+05 Fmax= 9.70113e+03, atom= 1744
Step=  843, Dmax= 1.4e-02 nm, Epot= -5.37905e+05 Fmax= 1.11921e+04, atom= 1744
Step=  844, Dmax= 1.6e-02 nm, Epot= -5.37888e+05 Fmax= 1.38989e+04, atom= 1744
Step=  845, Dmax= 8.2e-03 nm, Epot= -5.37975e+05 Fmax= 1.35691e+03, atom= 1744
Step=  846, Dmax= 9.8e-03 nm, Epot= -5.37969e+05 Fmax= 1.37328e+04, atom= 1744
Step=  847, Dmax= 4.9e-03 nm, Epot= -5.38000e+05 Fmax= 6.17649e+03, atom= 1744
Step=  848, Dmax= 5.9e-03 nm, Epot= -5.38027e+05 Fmax= 2.87052e+03, atom= 1744
Step=  849, Dmax= 7.1e-03 nm, Epot= -5.38029e+05 Fmax= 7.97192e+03, atom= 1744
Step=  850, Dmax= 8.5e-03 nm, Epot= -5.38061e+05 Fmax= 5.05120e+03, atom= 1744
Step=  851, Dmax= 1.0e-02 nm, Epot= -5.38042e+05 Fmax= 1.05576e+04, atom= 1744
Step=  852, Dmax= 5.1e-03 nm, Epot= -5.38082e+05 Fmax= 2.75675e+03, atom= 1744
Step=  853, Dmax= 6.1e-03 nm, Epot= -5.38090e+05 Fmax= 6.62102e+03, atom= 1744
Step=  854, Dmax= 7.3e-03 nm, Epot= -5.38115e+05 Fmax= 4.62182e+03, atom= 1744
Step=  855, Dmax= 8.8e-03 nm, Epot= -5.38108e+05 Fmax= 8.88090e+03, atom= 1744
Step=  856, Dmax= 4.4e-03 nm, Epot= -5.38134e+05 Fmax= 2.12815e+03, atom= 1744
Step=  857, Dmax= 5.3e-03 nm, Epot= -5.38148e+05 Fmax= 5.96852e+03, atom= 1744
Step=  858, Dmax= 6.3e-03 nm, Epot= -5.38172e+05 Fmax= 3.75421e+03, atom= 1744
Step=  859, Dmax= 7.6e-03 nm, Epot= -5.38172e+05 Fmax= 7.90225e+03, atom= 1744
Step=  860, Dmax= 3.8e-03 nm, Epot= -5.38188e+05 Fmax= 2.07596e+03, atom= 1744
Step=  861, Dmax= 4.5e-03 nm, Epot= -5.38205e+05 Fmax= 4.92572e+03, atom= 1744
Step=  862, Dmax= 5.5e-03 nm, Epot= -5.38224e+05 Fmax= 3.46927e+03, atom= 1744
Step=  863, Dmax= 6.5e-03 nm, Epot= -5.38230e+05 Fmax= 6.61236e+03, atom= 1744
Step=  864, Dmax= 7.9e-03 nm, Epot= -5.38252e+05 Fmax= 5.47300e+03, atom= 1744
Step=  865, Dmax= 9.4e-03 nm, Epot= -5.38246e+05 Fmax= 9.04015e+03, atom= 1744
Step=  866, Dmax= 4.7e-03 nm, Epot= -5.38275e+05 Fmax= 1.78220e+03, atom= 1744
Step=  867, Dmax= 5.7e-03 nm, Epot= -5.38290e+05 Fmax= 6.92339e+03, atom= 1744
Step=  868, Dmax= 6.8e-03 nm, Epot= -5.38320e+05 Fmax= 3.52850e+03, atom= 1744
Step=  869, Dmax= 8.1e-03 nm, Epot= -5.38312e+05 Fmax= 9.00161e+03, atom= 1744
Step=  870, Dmax= 4.1e-03 nm, Epot= -5.38336e+05 Fmax= 2.73876e+03, atom= 1744
Step=  871, Dmax= 4.9e-03 nm, Epot= -5.38349e+05 Fmax= 4.78639e+03, atom= 1744
Step=  872, Dmax= 5.9e-03 nm, Epot= -5.38366e+05 Fmax= 4.23737e+03, atom= 1744
Step=  873, Dmax= 7.0e-03 nm, Epot= -5.38373e+05 Fmax= 6.59843e+03, atom= 1744
Step=  874, Dmax= 8.4e-03 nm, Epot= -5.38389e+05 Fmax= 6.39155e+03, atom= 1744
Step=  875, Dmax= 1.0e-02 nm, Epot= -5.38386e+05 Fmax= 9.20698e+03, atom= 1744
Step=  876, Dmax= 5.1e-03 nm, Epot= -5.38418e+05 Fmax= 1.40672e+03, atom= 1744
Step=  877, Dmax= 6.1e-03 nm, Epot= -5.38438e+05 Fmax= 7.95543e+03, atom= 1744
Step=  878, Dmax= 7.3e-03 nm, Epot= -5.38475e+05 Fmax= 3.28155e+03, atom= 1744
Step=  879, Dmax= 8.8e-03 nm, Epot= -5.38460e+05 Fmax= 1.01875e+04, atom= 1744
Step=  880, Dmax= 4.4e-03 nm, Epot= -5.38490e+05 Fmax= 3.45562e+03, atom= 1744
Step=  881, Dmax= 5.3e-03 nm, Epot= -5.38503e+05 Fmax= 4.63309e+03, atom= 1744
Step=  882, Dmax= 6.3e-03 nm, Epot= -5.38517e+05 Fmax= 5.06680e+03, atom= 1744
Step=  883, Dmax= 7.6e-03 nm, Epot= -5.38525e+05 Fmax= 6.57997e+03, atom= 1744
Step=  884, Dmax= 9.1e-03 nm, Epot= -5.38536e+05 Fmax= 7.38246e+03, atom= 1744
Step=  885, Dmax= 1.1e-02 nm, Epot= -5.38536e+05 Fmax= 9.38292e+03, atom= 1744
Step=  886, Dmax= 1.3e-02 nm, Epot= -5.38539e+05 Fmax= 1.07068e+04, atom= 1744
Step=  887, Dmax= 1.6e-02 nm, Epot= -5.38523e+05 Fmax= 1.34146e+04, atom= 1744
Step=  888, Dmax= 7.8e-03 nm, Epot= -5.38604e+05 Fmax= 1.35670e+03, atom= 1744
Step=  889, Dmax= 9.4e-03 nm, Epot= -5.38599e+05 Fmax= 1.31569e+04, atom= 1744
Step=  890, Dmax= 4.7e-03 nm, Epot= -5.38628e+05 Fmax= 5.89095e+03, atom= 1744
Step=  891, Dmax= 5.6e-03 nm, Epot= -5.38653e+05 Fmax= 2.80458e+03, atom= 1744
Step=  892, Dmax= 6.8e-03 nm, Epot= -5.38655e+05 Fmax= 7.62264e+03, atom= 1744
Step=  893, Dmax= 8.1e-03 nm, Epot= -5.38685e+05 Fmax= 4.89556e+03, atom= 1744
Step=  894, Dmax= 9.8e-03 nm, Epot= -5.38668e+05 Fmax= 1.01133e+04, atom= 1744
Step=  895, Dmax= 4.9e-03 nm, Epot= -5.38705e+05 Fmax= 2.61261e+03, atom= 1744
Step=  896, Dmax= 5.9e-03 nm, Epot= -5.38714e+05 Fmax= 6.39948e+03, atom= 1744
Step=  897, Dmax= 7.0e-03 nm, Epot= -5.38737e+05 Fmax= 4.41067e+03, atom= 1744
Step=  898, Dmax= 8.4e-03 nm, Epot= -5.38732e+05 Fmax= 8.56717e+03, atom= 1744
Step=  899, Dmax= 4.2e-03 nm, Epot= -5.38755e+05 Fmax= 2.07725e+03, atom= 1744
Step=  900, Dmax= 5.1e-03 nm, Epot= -5.38770e+05 Fmax= 5.70985e+03, atom= 1744
Step=  901, Dmax= 6.1e-03 nm, Epot= -5.38792e+05 Fmax= 3.63560e+03, atom= 1744
Step=  902, Dmax= 7.3e-03 nm, Epot= -5.38792e+05 Fmax= 7.57276e+03, atom= 1744
Step=  903, Dmax= 8.7e-03 nm, Epot= -5.38817e+05 Fmax= 5.88246e+03, atom= 1744
Step=  904, Dmax= 1.0e-02 nm, Epot= -5.38802e+05 Fmax= 1.02490e+04, atom= 1744
Step=  905, Dmax= 5.2e-03 nm, Epot= -5.38842e+05 Fmax= 2.18787e+03, atom= 1744
Step=  906, Dmax= 6.3e-03 nm, Epot= -5.38849e+05 Fmax= 7.49875e+03, atom= 1744
Step=  907, Dmax= 7.6e-03 nm, Epot= -5.38880e+05 Fmax= 4.12183e+03, atom= 1744
Step=  908, Dmax= 9.1e-03 nm, Epot= -5.38866e+05 Fmax= 9.82909e+03, atom= 1744
Step=  909, Dmax= 4.5e-03 nm, Epot= -5.38897e+05 Fmax= 2.85175e+03, atom= 1744
Step=  910, Dmax= 5.4e-03 nm, Epot= -5.38908e+05 Fmax= 5.51769e+03, atom= 1744
Step=  911, Dmax= 6.5e-03 nm, Epot= -5.38926e+05 Fmax= 4.52697e+03, atom= 1744
Step=  912, Dmax= 7.8e-03 nm, Epot= -5.38928e+05 Fmax= 7.52052e+03, atom= 1744
Step=  913, Dmax= 9.4e-03 nm, Epot= -5.38946e+05 Fmax= 6.94158e+03, atom= 1744
Step=  914, Dmax= 1.1e-02 nm, Epot= -5.38934e+05 Fmax= 1.03955e+04, atom= 1744
Step=  915, Dmax= 5.6e-03 nm, Epot= -5.38978e+05 Fmax= 1.73306e+03, atom= 1744
Step=  916, Dmax= 6.8e-03 nm, Epot= -5.38986e+05 Fmax= 8.67839e+03, atom= 1744
Step=  917, Dmax= 8.1e-03 nm, Epot= -5.39028e+05 Fmax= 3.81392e+03, atom= 1744
Step=  918, Dmax= 9.7e-03 nm, Epot= -5.39001e+05 Fmax= 1.11833e+04, atom= 1744
Step=  919, Dmax= 4.9e-03 nm, Epot= -5.39042e+05 Fmax= 3.68291e+03, atom= 1744
Step=  920, Dmax= 5.8e-03 nm, Epot= -5.39053e+05 Fmax= 5.31277e+03, atom= 1744
Step=  921, Dmax= 7.0e-03 nm, Epot= -5.39067e+05 Fmax= 5.48394e+03, atom= 1744
Step=  922, Dmax= 8.4e-03 nm, Epot= -5.39071e+05 Fmax= 7.46500e+03, atom= 1744
Step=  923, Dmax= 1.0e-02 nm, Epot= -5.39082e+05 Fmax= 8.07907e+03, atom= 1744
Step=  924, Dmax= 1.2e-02 nm, Epot= -5.39075e+05 Fmax= 1.05539e+04, atom= 1744
Step=  925, Dmax= 6.1e-03 nm, Epot= -5.39122e+05 Fmax= 1.24508e+03, atom= 1744
Step=  926, Dmax= 7.3e-03 nm, Epot= -5.39140e+05 Fmax= 9.94441e+03, atom= 1744
Step=  927, Dmax= 8.7e-03 nm, Epot= -5.39193e+05 Fmax= 3.48757e+03, atom= 1744
Step=  928, Dmax= 1.0e-02 nm, Epot= -5.39153e+05 Fmax= 1.26361e+04, atom= 1744
Step=  929, Dmax= 5.2e-03 nm, Epot= -5.39205e+05 Fmax= 4.57314e+03, atom= 1744
Step=  930, Dmax= 6.3e-03 nm, Epot= -5.39218e+05 Fmax= 5.09646e+03, atom= 1744
Step=  931, Dmax= 7.5e-03 nm, Epot= -5.39226e+05 Fmax= 6.50945e+03, atom= 1744
Step=  932, Dmax= 9.1e-03 nm, Epot= -5.39236e+05 Fmax= 7.40857e+03, atom= 1744
Step=  933, Dmax= 1.1e-02 nm, Epot= -5.39236e+05 Fmax= 9.29898e+03, atom= 1744
Step=  934, Dmax= 1.3e-02 nm, Epot= -5.39237e+05 Fmax= 1.07263e+04, atom= 1744
Step=  935, Dmax= 1.6e-02 nm, Epot= -5.39222e+05 Fmax= 1.33134e+04, atom= 1744
Step=  936, Dmax= 7.8e-03 nm, Epot= -5.39302e+05 Fmax= 1.29601e+03, atom= 1744
Step=  937, Dmax= 9.4e-03 nm, Epot= -5.39297e+05 Fmax= 1.31798e+04, atom= 1744
Step=  938, Dmax= 4.7e-03 nm, Epot= -5.39326e+05 Fmax= 5.93215e+03, atom= 1744
Step=  939, Dmax= 5.6e-03 nm, Epot= -5.39350e+05 Fmax= 2.73354e+03, atom= 1744
Step=  940, Dmax= 6.8e-03 nm, Epot= -5.39352e+05 Fmax= 7.66212e+03, atom= 1744
Step=  941, Dmax= 8.1e-03 nm, Epot= -5.39382e+05 Fmax= 4.81303e+03, atom= 1744
Step=  942, Dmax= 9.7e-03 nm, Epot= -5.39364e+05 Fmax= 1.01486e+04, atom= 1744
Step=  943, Dmax= 4.9e-03 nm, Epot= -5.39401e+05 Fmax= 2.67105e+03, atom= 1744
Step=  944, Dmax= 5.8e-03 nm, Epot= -5.39409e+05 Fmax= 6.30893e+03, atom= 1744
Step=  945, Dmax= 7.0e-03 nm, Epot= -5.39431e+05 Fmax= 4.46645e+03, atom= 1744
Step=  946, Dmax= 8.4e-03 nm, Epot= -5.39426e+05 Fmax= 8.46667e+03, atom= 1744
Step=  947, Dmax= 4.2e-03 nm, Epot= -5.39450e+05 Fmax= 1.99877e+03, atom= 1744
Step=  948, Dmax= 5.0e-03 nm, Epot= -5.39462e+05 Fmax= 5.76512e+03, atom= 1744
Step=  949, Dmax= 6.1e-03 nm, Epot= -5.39485e+05 Fmax= 3.54824e+03, atom= 1744
Step=  950, Dmax= 7.3e-03 nm, Epot= -5.39484e+05 Fmax= 7.62545e+03, atom= 1744
Step=  951, Dmax= 3.6e-03 nm, Epot= -5.39500e+05 Fmax= 2.04022e+03, atom= 1744
Step=  952, Dmax= 4.4e-03 nm, Epot= -5.39515e+05 Fmax= 4.66327e+03, atom= 1744
Step=  953, Dmax= 5.2e-03 nm, Epot= -5.39532e+05 Fmax= 3.38260e+03, atom= 1744
Step=  954, Dmax= 6.3e-03 nm, Epot= -5.39539e+05 Fmax= 6.27324e+03, atom= 1744
Step=  955, Dmax= 7.5e-03 nm, Epot= -5.39558e+05 Fmax= 5.30898e+03, atom= 1744
Step=  956, Dmax= 9.0e-03 nm, Epot= -5.39553e+05 Fmax= 8.59379e+03, atom= 1744
Step=  957, Dmax= 4.5e-03 nm, Epot= -5.39580e+05 Fmax= 1.64099e+03, atom= 1744
Step=  958, Dmax= 5.4e-03 nm, Epot= -5.39595e+05 Fmax= 6.70676e+03, atom= 1744
Step=  959, Dmax= 6.5e-03 nm, Epot= -5.39622e+05 Fmax= 3.30604e+03, atom= 1744
Step=  960, Dmax= 7.8e-03 nm, Epot= -5.39616e+05 Fmax= 8.70436e+03, atom= 1744
Step=  961, Dmax= 3.9e-03 nm, Epot= -5.39637e+05 Fmax= 2.70126e+03, atom= 1744
Step=  962, Dmax= 4.7e-03 nm, Epot= -5.39650e+05 Fmax= 4.50600e+03, atom= 1744
Step=  963, Dmax= 5.6e-03 nm, Epot= -5.39665e+05 Fmax= 4.14249e+03, atom= 1744
Step=  964, Dmax= 6.7e-03 nm, Epot= -5.39672e+05 Fmax= 6.23695e+03, atom= 1744
Step=  965, Dmax= 8.1e-03 nm, Epot= -5.39686e+05 Fmax= 6.21227e+03, atom= 1744
Step=  966, Dmax= 9.7e-03 nm, Epot= -5.39684e+05 Fmax= 8.73106e+03, atom= 1744
Step=  967, Dmax= 4.9e-03 nm, Epot= -5.39713e+05 Fmax= 1.25830e+03, atom= 1744
Step=  968, Dmax= 5.8e-03 nm, Epot= -5.39734e+05 Fmax= 7.72018e+03, atom= 1744
Step=  969, Dmax= 7.0e-03 nm, Epot= -5.39769e+05 Fmax= 3.04516e+03, atom= 1744
Step=  970, Dmax= 8.4e-03 nm, Epot= -5.39755e+05 Fmax= 9.86470e+03, atom= 1744
Step=  971, Dmax= 4.2e-03 nm, Epot= -5.39783e+05 Fmax= 3.41242e+03, atom= 1744
Step=  972, Dmax= 5.0e-03 nm, Epot= -5.39795e+05 Fmax= 4.33554e+03, atom= 1744
Step=  973, Dmax= 6.0e-03 nm, Epot= -5.39807e+05 Fmax= 4.96063e+03, atom= 1744
Step=  974, Dmax= 7.3e-03 nm, Epot= -5.39816e+05 Fmax= 6.19662e+03, atom= 1744
Step=  975, Dmax= 8.7e-03 nm, Epot= -5.39825e+05 Fmax= 7.18428e+03, atom= 1744
Step=  976, Dmax= 1.0e-02 nm, Epot= -5.39827e+05 Fmax= 8.87779e+03, atom= 1744
Step=  977, Dmax= 1.3e-02 nm, Epot= -5.39827e+05 Fmax= 1.03753e+04, atom= 1744
Step=  978, Dmax= 1.5e-02 nm, Epot= -5.39816e+05 Fmax= 1.27377e+04, atom= 1744
Step=  979, Dmax= 7.5e-03 nm, Epot= -5.39888e+05 Fmax= 1.18347e+03, atom= 1744
Step=  980, Dmax= 9.0e-03 nm, Epot= -5.39890e+05 Fmax= 1.27339e+04, atom= 1744
Step=  981, Dmax= 1.1e-02 nm, Epot= -5.39973e+05 Fmax= 3.94900e+03, atom= 1744
Step=  982, Dmax= 1.3e-02 nm, Epot= -5.39887e+05 Fmax= 1.60128e+04, atom= 1744
Step=  983, Dmax= 6.5e-03 nm, Epot= -5.39980e+05 Fmax= 6.04290e+03, atom= 1744
Step=  984, Dmax= 7.8e-03 nm, Epot= -5.39994e+05 Fmax= 5.95160e+03, atom= 1744
Step=  985, Dmax= 9.4e-03 nm, Epot= -5.39993e+05 Fmax= 8.43067e+03, atom= 1744
Step=  986, Dmax= 4.7e-03 nm, Epot= -5.40020e+05 Fmax= 1.24289e+03, atom= 1744
Step=  987, Dmax= 5.6e-03 nm, Epot= -5.40041e+05 Fmax= 7.39151e+03, atom= 1744
Step=  988, Dmax= 6.7e-03 nm, Epot= -5.40074e+05 Fmax= 2.96966e+03, atom= 1744
Step=  989, Dmax= 8.1e-03 nm, Epot= -5.40062e+05 Fmax= 9.46592e+03, atom= 1744
Step=  990, Dmax= 4.0e-03 nm, Epot= -5.40087e+05 Fmax= 3.24667e+03, atom= 1744
Step=  991, Dmax= 4.8e-03 nm, Epot= -5.40099e+05 Fmax= 4.21454e+03, atom= 1744
Step=  992, Dmax= 5.8e-03 nm, Epot= -5.40112e+05 Fmax= 4.73837e+03, atom= 1744
Step=  993, Dmax= 7.0e-03 nm, Epot= -5.40121e+05 Fmax= 6.00224e+03, atom= 1744
Step=  994, Dmax= 8.4e-03 nm, Epot= -5.40130e+05 Fmax= 6.88859e+03, atom= 1744
Step=  995, Dmax= 1.0e-02 nm, Epot= -5.40132e+05 Fmax= 8.56934e+03, atom= 1744
Step=  996, Dmax= 1.2e-02 nm, Epot= -5.40134e+05 Fmax= 9.98582e+03, atom= 1744
Step=  997, Dmax= 1.4e-02 nm, Epot= -5.40124e+05 Fmax= 1.22503e+04, atom= 1744
Step=  998, Dmax= 7.2e-03 nm, Epot= -5.40191e+05 Fmax= 1.14608e+03, atom= 1744
Step=  999, Dmax= 8.7e-03 nm, Epot= -5.40198e+05 Fmax= 1.22048e+04, atom= 1744
Step= 1000, Dmax= 1.0e-02 nm, Epot= -5.40273e+05 Fmax= 3.84002e+03, atom= 1744
Step= 1001, Dmax= 1.3e-02 nm, Epot= -5.40196e+05 Fmax= 1.54114e+04, atom= 1744
Step= 1002, Dmax= 6.3e-03 nm, Epot= -5.40281e+05 Fmax= 5.78682e+03, atom= 1744
Step= 1003, Dmax= 7.5e-03 nm, Epot= -5.40295e+05 Fmax= 5.75881e+03, atom= 1744
Step= 1004, Dmax= 9.0e-03 nm, Epot= -5.40295e+05 Fmax= 8.09783e+03, atom= 1744
Step= 1005, Dmax= 1.1e-02 nm, Epot= -5.40306e+05 Fmax= 8.51678e+03, atom= 1744
Step= 1006, Dmax= 1.3e-02 nm, Epot= -5.40292e+05 Fmax= 1.14259e+04, atom= 1744
Step= 1007, Dmax= 6.5e-03 nm, Epot= -5.40349e+05 Fmax= 1.45404e+03, atom= 1744
Step= 1008, Dmax= 7.8e-03 nm, Epot= -5.40350e+05 Fmax= 1.05410e+04, atom= 1744
Step= 1009, Dmax= 9.3e-03 nm, Epot= -5.40408e+05 Fmax= 3.83498e+03, atom= 1744
Step= 1010, Dmax= 1.1e-02 nm, Epot= -5.40356e+05 Fmax= 1.33948e+04, atom= 1744
Step= 1011, Dmax= 5.6e-03 nm, Epot= -5.40419e+05 Fmax= 4.78572e+03, atom= 1744
Step= 1012, Dmax= 6.7e-03 nm, Epot= -5.40430e+05 Fmax= 5.55769e+03, atom= 1744
Step= 1013, Dmax= 8.1e-03 nm, Epot= -5.40436e+05 Fmax= 6.85036e+03, atom= 1744
Step= 1014, Dmax= 9.7e-03 nm, Epot= -5.40442e+05 Fmax= 8.04216e+03, atom= 1744
Step= 1015, Dmax= 1.2e-02 nm, Epot= -5.40441e+05 Fmax= 9.81296e+03, atom= 1744
Step= 1016, Dmax= 5.8e-03 nm, Epot= -5.40482e+05 Fmax= 8.93065e+02, atom= 1744

writing lowest energy coordinates.

Steepest Descents converged to Fmax < 1000 in 1017 steps
Potential Energy  = -5.4048212e+05
Maximum force     =  8.9306500e+02 on atom 1744
Norm of force     =  1.7031525e+01

GROMACS reminds you: "It's Against the Rules" (Pulp Fiction)

