Setting the LD random seed to 1605623645

Generated 741 of the 741 non-bonded parameter combinations

Generated 741 of the 741 1-4 parameter combinations

Excluding 3 bonded neighbours molecule type 'system1'

Excluding 3 bonded neighbours molecule type 'Na+'

Excluding 3 bonded neighbours molecule type 'WAT'

Cleaning up constraints and constant bonded interactions with virtual sites
Analysing residue names:
There are:   314    Protein residues
There are:     6      Other residues
There are: 17064      Water residues
Analysing Protein...
Analysing residues not classified as Protein/DNA/RNA/Water and splitting into groups...

The largest distance between excluded atoms is 0.421 nm between atom 7 and 14
Calculating fourier grid dimensions for X Y Z
Using a fourier grid of 72x80x80, spacing 0.119 0.113 0.109

Estimate for the relative computational load of the PME mesh part: 0.24

This run will generate roughly 6 Mb of data

--- stderr ---
                :-) GROMACS - gmx grompp, 2024.5-conda_forge (-:

Executable:   /usr/local/Caskroom/miniforge/base/envs/gromacs_env/bin.AVX2_256/gmx
Data prefix:  /usr/local/Caskroom/miniforge/base/envs/gromacs_env
Working dir:  /Users/laetitiaguerin/Library/CloudStorage/OneDrive-Personal/Documents/BSc_Nanobiology/Year_5/BEP/Energy_minimization/tleap_runs/P18187_P238C
Command line:
  gmx grompp -f minim.mdp -c P18187_P238C.gro -p P18187_P238C_gromacs.top -o P18187_P238C_minim.tpr

Ignoring obsolete mdp entry 'ns_type'

NOTE 1 [file minim.mdp]:
  With Verlet lists the optimal nstlist is >= 10, with GPUs >= 20. Note
  that with the Verlet scheme, nstlist has no effect on the accuracy of
  your simulation.

Generating 1-4 interactions: fudge = 0.5
Number of degrees of freedom in T-Coupling group rest is 116412.00
The integrator does not provide a ensemble temperature, there is no system ensemble temperature

There was 1 NOTE

GROMACS reminds you: "If your experiment needs a statistician, you need a better experiment." (Ernest Rutherford)

