
--- stderr ---
                :-) GROMACS - gmx mdrun, 2024.5-conda_forge (-:

Executable:   /usr/local/Caskroom/miniforge/base/envs/gromacs_env/bin.AVX2_256/gmx
Data prefix:  /usr/local/Caskroom/miniforge/base/envs/gromacs_env
Working dir:  /Users/laetitiaguerin/Library/CloudStorage/OneDrive-Personal/Documents/BSc_Nanobiology/Year_5/BEP/Energy_minimization/tleap_runs/P18187_P238C
Command line:
  gmx mdrun -v -deffnm P18187_P238C_minim

The current CPU can measure timings more accurately than the code in
gmx mdrun was configured to use. This might affect your simulation
speed as accurate timings are needed for load-balancing.
Please consider rebuilding gmx mdrun with the GMX_USE_RDTSCP=ON CMake option.
Reading file P18187_P238C_minim.tpr, VERSION 2024.5-conda_forge (single precision)

Using 1 MPI thread
Using 8 OpenMP threads 


Steepest Descents:
   Tolerance (Fmax)   =  1.00000e+03
   Number of steps    =        50000
Step=    0, Dmax= 1.0e-02 nm, Epot= -8.11505e+05 Fmax= 1.24245e+04, atom= 502
Step=    1, Dmax= 1.0e-02 nm, Epot= -8.16630e+05 Fmax= 3.09146e+03, atom= 1189
Step=    2, Dmax= 1.2e-02 nm, Epot= -8.35605e+05 Fmax= 1.35892e+04, atom= 1188
Step=    3, Dmax= 1.4e-02 nm, Epot= -8.39603e+05 Fmax= 2.51070e+03, atom= 1188
Step=    4, Dmax= 1.7e-02 nm, Epot= -8.59206e+05 Fmax= 1.96986e+04, atom= 1188
Step=    5, Dmax= 2.1e-02 nm, Epot= -8.61755e+05 Fmax= 6.03995e+03, atom= 999
Step=    6, Dmax= 2.5e-02 nm, Epot= -8.67320e+05 Fmax= 3.24436e+04, atom= 999
Step=    7, Dmax= 3.0e-02 nm, Epot= -8.70446e+05 Fmax= 1.35167e+04, atom= 999
Step=    8, Dmax= 3.6e-02 nm, Epot= -8.72185e+05 Fmax= 4.16145e+04, atom= 999
Step=    9, Dmax= 4.3e-02 nm, Epot= -8.75213e+05 Fmax= 2.41679e+04, atom= 999
Step=   10, Dmax= 5.2e-02 nm, Epot= -8.74854e+05 Fmax= 5.42573e+04, atom= 999
Step=   11, Dmax= 2.6e-02 nm, Epot= -8.77074e+05 Fmax= 1.51922e+04, atom= 999
Step=   12, Dmax= 3.1e-02 nm, Epot= -8.78582e+05 Fmax= 3.20465e+04, atom= 999
Step=   13, Dmax= 3.7e-02 nm, Epot= -8.80472e+05 Fmax= 2.46125e+04, atom= 999
Step=   14, Dmax= 4.5e-02 nm, Epot= -8.80903e+05 Fmax= 4.31626e+04, atom= 999
Step=   15, Dmax= 5.3e-02 nm, Epot= -8.82737e+05 Fmax= 3.74511e+04, atom= 999
Step=   16, Dmax= 6.4e-02 nm, Epot= -8.81690e+05 Fmax= 5.85134e+04, atom= 999
Step=   17, Dmax= 3.2e-02 nm, Epot= -8.85266e+05 Fmax= 1.10320e+04, atom= 999
Step=   18, Dmax= 3.9e-02 nm, Epot= -8.85832e+05 Fmax= 4.81588e+04, atom= 999
Step=   19, Dmax= 4.6e-02 nm, Epot= -8.89043e+05 Fmax= 2.25510e+04, atom= 999
Step=   20, Dmax= 5.5e-02 nm, Epot= -8.86931e+05 Fmax= 6.15861e+04, atom= 999
Step=   21, Dmax= 2.8e-02 nm, Epot= -8.90283e+05 Fmax= 1.95881e+04, atom= 999
Step=   22, Dmax= 3.3e-02 nm, Epot= -8.90966e+05 Fmax= 3.10640e+04, atom= 999
Step=   23, Dmax= 4.0e-02 nm, Epot= -8.92116e+05 Fmax= 2.95427e+04, atom= 999
Step=   24, Dmax= 4.8e-02 nm, Epot= -8.92079e+05 Fmax= 4.29967e+04, atom= 999
Step=   25, Dmax= 2.4e-02 nm, Epot= -8.93828e+05 Fmax= 6.96024e+03, atom= 999
Step=   26, Dmax= 2.9e-02 nm, Epot= -8.95255e+05 Fmax= 3.73729e+04, atom= 999
Step=   27, Dmax= 3.5e-02 nm, Epot= -8.97361e+05 Fmax= 1.57650e+04, atom= 999
Step=   28, Dmax= 4.1e-02 nm, Epot= -8.96696e+05 Fmax= 4.74963e+04, atom= 999
Step=   29, Dmax= 2.1e-02 nm, Epot= -8.98258e+05 Fmax= 1.59280e+04, atom= 999
Step=   30, Dmax= 2.5e-02 nm, Epot= -8.99011e+05 Fmax= 2.21653e+04, atom= 999
Step=   31, Dmax= 3.0e-02 nm, Epot= -8.99811e+05 Fmax= 2.34041e+04, atom= 999
Step=   32, Dmax= 3.6e-02 nm, Epot= -9.00256e+05 Fmax= 3.12701e+04, atom= 999
Step=   33, Dmax= 4.3e-02 nm, Epot= -9.00867e+05 Fmax= 3.38578e+04, atom= 999
Step=   34, Dmax= 5.2e-02 nm, Epot= -9.00758e+05 Fmax= 4.40287e+04, atom= 999
Step=   35, Dmax= 2.6e-02 nm, Epot= -9.02664e+05 Fmax= 5.43384e+03, atom= 999
Step=   36, Dmax= 3.1e-02 nm, Epot= -9.03859e+05 Fmax= 4.23633e+04, atom= 999
Step=   37, Dmax= 3.7e-02 nm, Epot= -9.06144e+05 Fmax= 1.51610e+04, atom= 999
Step=   38, Dmax= 4.5e-02 nm, Epot= -9.04825e+05 Fmax= 5.27079e+04, atom= 999
Step=   39, Dmax= 2.2e-02 nm, Epot= -9.06758e+05 Fmax= 1.89406e+04, atom= 999
Step=   40, Dmax= 2.7e-02 nm, Epot= -9.07329e+05 Fmax= 2.20986e+04, atom= 999
Step=   41, Dmax= 3.2e-02 nm, Epot= -9.07786e+05 Fmax= 2.68357e+04, atom= 999
Step=   42, Dmax= 3.8e-02 nm, Epot= -9.08146e+05 Fmax= 3.19146e+04, atom= 999
Step=   43, Dmax= 4.6e-02 nm, Epot= -9.08333e+05 Fmax= 3.79043e+04, atom= 999
Step=   44, Dmax= 5.5e-02 nm, Epot= -9.08225e+05 Fmax= 4.55511e+04, atom= 999
Step=   45, Dmax= 2.8e-02 nm, Epot= -9.10226e+05 Fmax= 4.35985e+03, atom= 999
Step=   46, Dmax= 3.3e-02 nm, Epot= -9.11282e+05 Fmax= 4.67341e+04, atom= 999
Step=   47, Dmax= 4.0e-02 nm, Epot= -9.13692e+05 Fmax= 1.57393e+04, atom= 999
Step=   48, Dmax= 4.8e-02 nm, Epot= -9.11921e+05 Fmax= 5.67331e+04, atom= 999
Step=   49, Dmax= 2.4e-02 nm, Epot= -9.14105e+05 Fmax= 2.09411e+04, atom= 999
Step=   50, Dmax= 2.9e-02 nm, Epot= -9.14541e+05 Fmax= 2.33277e+04, atom= 999
Step=   51, Dmax= 3.4e-02 nm, Epot= -9.14798e+05 Fmax= 2.92163e+04, atom= 999
Step=   52, Dmax= 4.1e-02 nm, Epot= -9.15034e+05 Fmax= 3.39210e+04, atom= 999
Step=   53, Dmax= 5.0e-02 nm, Epot= -9.15015e+05 Fmax= 4.08995e+04, atom= 999
Step=   54, Dmax= 2.5e-02 nm, Epot= -9.16392e+05 Fmax= 3.88602e+03, atom= 999
Step=   55, Dmax= 3.0e-02 nm, Epot= -9.17454e+05 Fmax= 4.18296e+04, atom= 999
Step=   56, Dmax= 3.6e-02 nm, Epot= -9.19222e+05 Fmax= 1.35612e+04, atom= 999
Step=   57, Dmax= 4.3e-02 nm, Epot= -9.17920e+05 Fmax= 5.20442e+04, atom= 999
Step=   58, Dmax= 2.1e-02 nm, Epot= -9.19557e+05 Fmax= 1.95558e+04, atom= 999
Step=   59, Dmax= 2.6e-02 nm, Epot= -9.19962e+05 Fmax= 1.99023e+04, atom= 999
Step=   60, Dmax= 3.1e-02 nm, Epot= -9.20128e+05 Fmax= 2.74666e+04, atom= 999
Step=   61, Dmax= 3.7e-02 nm, Epot= -9.20457e+05 Fmax= 2.89580e+04, atom= 999
Step=   62, Dmax= 4.4e-02 nm, Epot= -9.20316e+05 Fmax= 3.86387e+04, atom= 999
Step=   63, Dmax= 2.2e-02 nm, Epot= -9.21421e+05 Fmax= 5.05105e+03, atom= 999
Step=   64, Dmax= 2.7e-02 nm, Epot= -9.21872e+05 Fmax= 3.61170e+04, atom= 999
Step=   65, Dmax= 3.2e-02 nm, Epot= -9.23104e+05 Fmax= 1.33931e+04, atom= 999
Step=   66, Dmax= 3.8e-02 nm, Epot= -9.22312e+05 Fmax= 4.52371e+04, atom= 999
Step=   67, Dmax= 1.9e-02 nm, Epot= -9.23440e+05 Fmax= 1.60107e+04, atom= 999
Step=   68, Dmax= 2.3e-02 nm, Epot= -9.23736e+05 Fmax= 1.94159e+04, atom= 999
Step=   69, Dmax= 2.8e-02 nm, Epot= -9.24000e+05 Fmax= 2.28371e+04, atom= 999
Step=   70, Dmax= 3.3e-02 nm, Epot= -9.24169e+05 Fmax= 2.79710e+04, atom= 999
Step=   71, Dmax= 4.0e-02 nm, Epot= -9.24300e+05 Fmax= 3.24710e+04, atom= 999
Step=   72, Dmax= 4.8e-02 nm, Epot= -9.24195e+05 Fmax= 3.99723e+04, atom= 999
Step=   73, Dmax= 2.4e-02 nm, Epot= -9.25376e+05 Fmax= 4.07211e+03, atom= 999
Step=   74, Dmax= 2.9e-02 nm, Epot= -9.25863e+05 Fmax= 3.99976e+04, atom= 999
Step=   75, Dmax= 3.4e-02 nm, Epot= -9.27242e+05 Fmax= 1.35907e+04, atom= 999
Step=   76, Dmax= 4.1e-02 nm, Epot= -9.26168e+05 Fmax= 4.91880e+04, atom= 999
Step=   77, Dmax= 2.1e-02 nm, Epot= -9.27493e+05 Fmax= 1.80245e+04, atom= 999
Step=   78, Dmax= 2.5e-02 nm, Epot= -9.27756e+05 Fmax= 2.01400e+04, atom= 999
Step=   79, Dmax= 3.0e-02 nm, Epot= -9.27913e+05 Fmax= 2.52375e+04, atom= 999
Step=   80, Dmax= 3.6e-02 nm, Epot= -9.28060e+05 Fmax= 2.93538e+04, atom= 999
Step=   81, Dmax= 4.3e-02 nm, Epot= -9.28056e+05 Fmax= 3.54694e+04, atom= 999
Step=   82, Dmax= 2.1e-02 nm, Epot= -9.28895e+05 Fmax= 3.31577e+03, atom= 999
Step=   83, Dmax= 2.6e-02 nm, Epot= -9.29609e+05 Fmax= 3.61899e+04, atom= 999
Step=   84, Dmax= 3.1e-02 nm, Epot= -9.30701e+05 Fmax= 1.14653e+04, atom= 999
Step=   85, Dmax= 3.7e-02 nm, Epot= -9.29905e+05 Fmax= 4.53141e+04, atom= 999
Step=   86, Dmax= 1.8e-02 nm, Epot= -9.30918e+05 Fmax= 1.71174e+04, atom= 999
Step=   87, Dmax= 2.2e-02 nm, Epot= -9.31189e+05 Fmax= 1.69116e+04, atom= 999
Step=   88, Dmax= 2.7e-02 nm, Epot= -9.31294e+05 Fmax= 2.40134e+04, atom= 999
Step=   89, Dmax= 3.2e-02 nm, Epot= -9.31529e+05 Fmax= 2.47458e+04, atom= 999
Step=   90, Dmax= 3.8e-02 nm, Epot= -9.31434e+05 Fmax= 3.37806e+04, atom= 999
Step=   91, Dmax= 1.9e-02 nm, Epot= -9.32131e+05 Fmax= 4.64375e+03, atom= 999
Step=   92, Dmax= 2.3e-02 nm, Epot= -9.32426e+05 Fmax= 3.07515e+04, atom= 999
Step=   93, Dmax= 2.8e-02 nm, Epot= -9.33191e+05 Fmax= 1.18875e+04, atom= 999
Step=   94, Dmax= 3.3e-02 nm, Epot= -9.32725e+05 Fmax= 3.87310e+04, atom= 999
Step=   95, Dmax= 1.7e-02 nm, Epot= -9.33425e+05 Fmax= 1.34737e+04, atom= 999
Step=   96, Dmax= 2.0e-02 nm, Epot= -9.33622e+05 Fmax= 1.71036e+04, atom= 999
Step=   97, Dmax= 2.4e-02 nm, Epot= -9.33819e+05 Fmax= 1.93745e+04, atom= 999
Step=   98, Dmax= 2.9e-02 nm, Epot= -9.33927e+05 Fmax= 2.45268e+04, atom= 999
Step=   99, Dmax= 3.4e-02 nm, Epot= -9.34052e+05 Fmax= 2.77534e+04, atom= 999
Step=  100, Dmax= 4.1e-02 nm, Epot= -9.33979e+05 Fmax= 3.50080e+04, atom= 999
Step=  101, Dmax= 2.1e-02 nm, Epot= -9.34739e+05 Fmax= 3.81799e+03, atom= 999
Step=  102, Dmax= 2.5e-02 nm, Epot= -9.35068e+05 Fmax= 3.41549e+04, atom= 999
Step=  103, Dmax= 3.0e-02 nm, Epot= -9.35947e+05 Fmax= 1.18729e+04, atom= 999
Step=  104, Dmax= 3.6e-02 nm, Epot= -9.35285e+05 Fmax= 4.24192e+04, atom= 999
Step=  105, Dmax= 1.8e-02 nm, Epot= -9.36134e+05 Fmax= 1.53897e+04, atom= 999
Step=  106, Dmax= 2.1e-02 nm, Epot= -9.36319e+05 Fmax= 1.75136e+04, atom= 999
Step=  107, Dmax= 2.6e-02 nm, Epot= -9.36447e+05 Fmax= 2.16684e+04, atom= 999
Step=  108, Dmax= 3.1e-02 nm, Epot= -9.36557e+05 Fmax= 2.54936e+04, atom= 999
Step=  109, Dmax= 3.7e-02 nm, Epot= -9.36582e+05 Fmax= 3.06073e+04, atom= 999
Step=  110, Dmax= 4.4e-02 nm, Epot= -9.36515e+05 Fmax= 3.67034e+04, atom= 999
Step=  111, Dmax= 2.2e-02 nm, Epot= -9.37353e+05 Fmax= 3.32187e+03, atom= 999
Step=  112, Dmax= 2.7e-02 nm, Epot= -9.37681e+05 Fmax= 3.73424e+04, atom= 999
Step=  113, Dmax= 3.2e-02 nm, Epot= -9.38663e+05 Fmax= 1.23783e+04, atom= 999
Step=  114, Dmax= 3.8e-02 nm, Epot= -9.37809e+05 Fmax= 4.57794e+04, atom= 999
Step=  115, Dmax= 1.9e-02 nm, Epot= -9.38808e+05 Fmax= 1.69312e+04, atom= 999
Step=  116, Dmax= 2.3e-02 nm, Epot= -9.38978e+05 Fmax= 1.84779e+04, atom= 999
Step=  117, Dmax= 2.8e-02 nm, Epot= -9.39052e+05 Fmax= 2.36099e+04, atom= 999
Step=  118, Dmax= 3.3e-02 nm, Epot= -9.39142e+05 Fmax= 2.70455e+04, atom= 999
Step=  119, Dmax= 4.0e-02 nm, Epot= -9.39098e+05 Fmax= 3.31431e+04, atom= 999
Step=  120, Dmax= 2.0e-02 nm, Epot= -9.39733e+05 Fmax= 3.25475e+03, atom= 999
Step=  121, Dmax= 2.4e-02 nm, Epot= -9.40063e+05 Fmax= 3.34018e+04, atom= 999
Step=  122, Dmax= 2.9e-02 nm, Epot= -9.40844e+05 Fmax= 1.06635e+04, atom= 999
Step=  123, Dmax= 3.4e-02 nm, Epot= -9.40196e+05 Fmax= 4.20068e+04, atom= 999
Step=  124, Dmax= 1.7e-02 nm, Epot= -9.40980e+05 Fmax= 1.57955e+04, atom= 999
Step=  125, Dmax= 2.1e-02 nm, Epot= -9.41159e+05 Fmax= 1.57277e+04, atom= 999
Step=  126, Dmax= 2.5e-02 nm, Epot= -9.41214e+05 Fmax= 2.21976e+04, atom= 999
Step=  127, Dmax= 3.0e-02 nm, Epot= -9.41366e+05 Fmax= 2.30122e+04, atom= 999
Step=  128, Dmax= 3.6e-02 nm, Epot= -9.41274e+05 Fmax= 3.12791e+04, atom= 999
Step=  129, Dmax= 1.8e-02 nm, Epot= -9.41810e+05 Fmax= 4.23188e+03, atom= 999
Step=  130, Dmax= 2.1e-02 nm, Epot= -9.41965e+05 Fmax= 2.85359e+04, atom= 999
Step=  131, Dmax= 2.6e-02 nm, Epot= -9.42535e+05 Fmax= 1.09593e+04, atom= 999
Step=  132, Dmax= 3.1e-02 nm, Epot= -9.42132e+05 Fmax= 3.59627e+04, atom= 999
Step=  133, Dmax= 1.5e-02 nm, Epot= -9.42691e+05 Fmax= 1.25475e+04, atom= 999
Step=  134, Dmax= 1.8e-02 nm, Epot= -9.42822e+05 Fmax= 1.57884e+04, atom= 999
Step=  135, Dmax= 2.2e-02 nm, Epot= -9.42951e+05 Fmax= 1.80290e+04, atom= 999
Step=  136, Dmax= 2.7e-02 nm, Epot= -9.43016e+05 Fmax= 2.26674e+04, atom= 999
Step=  137, Dmax= 3.2e-02 nm, Epot= -9.43088e+05 Fmax= 2.58306e+04, atom= 999
Step=  138, Dmax= 3.8e-02 nm, Epot= -9.43018e+05 Fmax= 3.24067e+04, atom= 999
Step=  139, Dmax= 1.9e-02 nm, Epot= -9.43611e+05 Fmax= 3.44003e+03, atom= 999
Step=  140, Dmax= 2.3e-02 nm, Epot= -9.43800e+05 Fmax= 3.17227e+04, atom= 999
Step=  141, Dmax= 2.8e-02 nm, Epot= -9.44475e+05 Fmax= 1.08920e+04, atom= 999
Step=  142, Dmax= 3.3e-02 nm, Epot= -9.43914e+05 Fmax= 3.94445e+04, atom= 999
Step=  143, Dmax= 1.7e-02 nm, Epot= -9.44601e+05 Fmax= 1.43764e+04, atom= 999
Step=  144, Dmax= 2.0e-02 nm, Epot= -9.44732e+05 Fmax= 1.61087e+04, atom= 999
Step=  145, Dmax= 2.4e-02 nm, Epot= -9.44810e+05 Fmax= 2.02175e+04, atom= 999
Step=  146, Dmax= 2.9e-02 nm, Epot= -9.44885e+05 Fmax= 2.35014e+04, atom= 999
Step=  147, Dmax= 3.4e-02 nm, Epot= -9.44879e+05 Fmax= 2.85508e+04, atom= 999
Step=  148, Dmax= 1.7e-02 nm, Epot= -9.45318e+05 Fmax= 2.66522e+03, atom= 999
Step=  149, Dmax= 2.1e-02 nm, Epot= -9.45688e+05 Fmax= 2.89104e+04, atom= 999
Step=  150, Dmax= 2.5e-02 nm, Epot= -9.46259e+05 Fmax= 9.06244e+03, atom= 999
Step=  151, Dmax= 3.0e-02 nm, Epot= -9.45836e+05 Fmax= 3.64158e+04, atom= 999
Step=  152, Dmax= 1.5e-02 nm, Epot= -9.46374e+05 Fmax= 1.37602e+04, atom= 999
Step=  153, Dmax= 1.8e-02 nm, Epot= -9.46522e+05 Fmax= 1.34334e+04, atom= 999
Step=  154, Dmax= 2.1e-02 nm, Epot= -9.46578e+05 Fmax= 1.92968e+04, atom= 999
Step=  155, Dmax= 2.6e-02 nm, Epot= -9.46710e+05 Fmax= 1.97444e+04, atom= 999
Step=  156, Dmax= 3.1e-02 nm, Epot= -9.46657e+05 Fmax= 2.71722e+04, atom= 999
Step=  157, Dmax= 1.5e-02 nm, Epot= -9.47033e+05 Fmax= 3.77264e+03, atom= 999
Step=  158, Dmax= 1.8e-02 nm, Epot= -9.47196e+05 Fmax= 2.44522e+04, atom= 999
Step=  159, Dmax= 2.2e-02 nm, Epot= -9.47611e+05 Fmax= 9.57421e+03, atom= 999
Step=  160, Dmax= 2.6e-02 nm, Epot= -9.47361e+05 Fmax= 3.09179e+04, atom= 999
Step=  161, Dmax= 1.3e-02 nm, Epot= -9.47744e+05 Fmax= 1.07027e+04, atom= 999
Step=  162, Dmax= 1.6e-02 nm, Epot= -9.47854e+05 Fmax= 1.37380e+04, atom= 999
Step=  163, Dmax= 1.9e-02 nm, Epot= -9.47968e+05 Fmax= 1.54444e+04, atom= 999
Step=  164, Dmax= 2.3e-02 nm, Epot= -9.48030e+05 Fmax= 1.96810e+04, atom= 999
Step=  165, Dmax= 2.7e-02 nm, Epot= -9.48105e+05 Fmax= 2.22162e+04, atom= 999
Step=  166, Dmax= 3.3e-02 nm, Epot= -9.48069e+05 Fmax= 2.81305e+04, atom= 999
Step=  167, Dmax= 1.6e-02 nm, Epot= -9.48487e+05 Fmax= 3.04917e+03, atom= 999
Step=  168, Dmax= 2.0e-02 nm, Epot= -9.48697e+05 Fmax= 2.72522e+04, atom= 999
Step=  169, Dmax= 2.4e-02 nm, Epot= -9.49191e+05 Fmax= 9.42303e+03, atom= 999
Step=  170, Dmax= 2.8e-02 nm, Epot= -9.48824e+05 Fmax= 3.40370e+04, atom= 999
Step=  171, Dmax= 1.4e-02 nm, Epot= -9.49302e+05 Fmax= 1.23697e+04, atom= 999
Step=  172, Dmax= 1.7e-02 nm, Epot= -9.49414e+05 Fmax= 1.39158e+04, atom= 999
Step=  173, Dmax= 2.1e-02 nm, Epot= -9.49490e+05 Fmax= 1.74346e+04, atom= 999
Step=  174, Dmax= 2.5e-02 nm, Epot= -9.49562e+05 Fmax= 2.03016e+04, atom= 999
Step=  175, Dmax= 3.0e-02 nm, Epot= -9.49577e+05 Fmax= 2.46808e+04, atom= 999
Step=  176, Dmax= 3.5e-02 nm, Epot= -9.49555e+05 Fmax= 2.93543e+04, atom= 999
Step=  177, Dmax= 1.8e-02 nm, Epot= -9.50025e+05 Fmax= 2.47554e+03, atom= 999
Step=  178, Dmax= 2.1e-02 nm, Epot= -9.50304e+05 Fmax= 2.99831e+04, atom= 999
Step=  179, Dmax= 2.6e-02 nm, Epot= -9.50880e+05 Fmax= 9.60372e+03, atom= 999
Step=  180, Dmax= 3.1e-02 nm, Epot= -9.50387e+05 Fmax= 3.69792e+04, atom= 999
Step=  181, Dmax= 1.5e-02 nm, Epot= -9.50967e+05 Fmax= 1.38204e+04, atom= 999
Step=  182, Dmax= 1.8e-02 nm, Epot= -9.51081e+05 Fmax= 1.44623e+04, atom= 999
Step=  183, Dmax= 2.2e-02 nm, Epot= -9.51121e+05 Fmax= 1.92205e+04, atom= 999
Step=  184, Dmax= 2.6e-02 nm, Epot= -9.51197e+05 Fmax= 2.13227e+04, atom= 999
Step=  185, Dmax= 3.2e-02 nm, Epot= -9.51159e+05 Fmax= 2.69692e+04, atom= 999
Step=  186, Dmax= 1.6e-02 nm, Epot= -9.51538e+05 Fmax= 2.93243e+03, atom= 999
Step=  187, Dmax= 1.9e-02 nm, Epot= -9.51711e+05 Fmax= 2.63438e+04, atom= 999
Step=  188, Dmax= 2.3e-02 nm, Epot= -9.52164e+05 Fmax= 8.75642e+03, atom= 999
Step=  189, Dmax= 2.7e-02 nm, Epot= -9.51804e+05 Fmax= 3.33754e+04, atom= 999
Step=  190, Dmax= 1.4e-02 nm, Epot= -9.52257e+05 Fmax= 1.23448e+04, atom= 999
Step=  191, Dmax= 1.6e-02 nm, Epot= -9.52366e+05 Fmax= 1.28424e+04, atom= 999
Step=  192, Dmax= 2.0e-02 nm, Epot= -9.52415e+05 Fmax= 1.74672e+04, atom= 999
Step=  193, Dmax= 2.4e-02 nm, Epot= -9.52505e+05 Fmax= 1.87168e+04, atom= 999
Step=  194, Dmax= 2.8e-02 nm, Epot= -9.52473e+05 Fmax= 2.47691e+04, atom= 999
Step=  195, Dmax= 1.4e-02 nm, Epot= -9.52781e+05 Fmax= 3.07344e+03, atom= 999
Step=  196, Dmax= 1.7e-02 nm, Epot= -9.52940e+05 Fmax= 2.30785e+04, atom= 999
Step=  197, Dmax= 2.0e-02 nm, Epot= -9.53299e+05 Fmax= 8.46079e+03, atom= 999
Step=  198, Dmax= 2.5e-02 nm, Epot= -9.53067e+05 Fmax= 2.90662e+04, atom= 999
Step=  199, Dmax= 1.2e-02 nm, Epot= -9.53399e+05 Fmax= 1.03360e+04, atom= 999
Step=  200, Dmax= 1.5e-02 nm, Epot= -9.53493e+05 Fmax= 1.23117e+04, atom= 999
Step=  201, Dmax= 1.8e-02 nm, Epot= -9.53573e+05 Fmax= 1.47400e+04, atom= 999
Step=  202, Dmax= 2.1e-02 nm, Epot= -9.53632e+05 Fmax= 1.78102e+04, atom= 999
Step=  203, Dmax= 2.5e-02 nm, Epot= -9.53670e+05 Fmax= 2.10416e+04, atom= 999
Step=  204, Dmax= 3.1e-02 nm, Epot= -9.53656e+05 Fmax= 2.56435e+04, atom= 999
Step=  205, Dmax= 1.5e-02 nm, Epot= -9.54001e+05 Fmax= 2.37913e+03, atom= 999
Step=  206, Dmax= 1.8e-02 nm, Epot= -9.54234e+05 Fmax= 2.56803e+04, atom= 999
Step=  207, Dmax= 2.2e-02 nm, Epot= -9.54665e+05 Fmax= 8.33106e+03, atom= 999
Step=  208, Dmax= 2.6e-02 nm, Epot= -9.54331e+05 Fmax= 3.19323e+04, atom= 999
Step=  209, Dmax= 1.3e-02 nm, Epot= -9.54747e+05 Fmax= 1.18724e+04, atom= 999
Step=  210, Dmax= 1.6e-02 nm, Epot= -9.54845e+05 Fmax= 1.24907e+04, atom= 999
Step=  211, Dmax= 1.9e-02 nm, Epot= -9.54892e+05 Fmax= 1.65763e+04, atom= 999
Step=  212, Dmax= 2.3e-02 nm, Epot= -9.54961e+05 Fmax= 1.84005e+04, atom= 999
Step=  213, Dmax= 2.7e-02 nm, Epot= -9.54948e+05 Fmax= 2.33231e+04, atom= 999
Step=  214, Dmax= 1.4e-02 nm, Epot= -9.55224e+05 Fmax= 2.53647e+03, atom= 999
Step=  215, Dmax= 1.6e-02 nm, Epot= -9.55418e+05 Fmax= 2.26842e+04, atom= 999
Step=  216, Dmax= 2.0e-02 nm, Epot= -9.55763e+05 Fmax= 7.57122e+03, atom= 999
Step=  217, Dmax= 2.4e-02 nm, Epot= -9.55528e+05 Fmax= 2.87718e+04, atom= 999
Step=  218, Dmax= 1.2e-02 nm, Epot= -9.55849e+05 Fmax= 1.06187e+04, atom= 999
Step=  219, Dmax= 1.4e-02 nm, Epot= -9.55944e+05 Fmax= 1.11104e+04, atom= 999
Step=  220, Dmax= 1.7e-02 nm, Epot= -9.55996e+05 Fmax= 1.50326e+04, atom= 999
Step=  221, Dmax= 2.0e-02 nm, Epot= -9.56075e+05 Fmax= 1.62025e+04, atom= 999
Step=  222, Dmax= 2.5e-02 nm, Epot= -9.56068e+05 Fmax= 2.13408e+04, atom= 999
Step=  223, Dmax= 1.2e-02 nm, Epot= -9.56290e+05 Fmax= 2.59717e+03, atom= 999
Step=  224, Dmax= 1.5e-02 nm, Epot= -9.56471e+05 Fmax= 1.99500e+04, atom= 999
Step=  225, Dmax= 1.8e-02 nm, Epot= -9.56750e+05 Fmax= 7.23033e+03, atom= 999
Step=  226, Dmax= 2.1e-02 nm, Epot= -9.56603e+05 Fmax= 2.51530e+04, atom= 999
Step=  227, Dmax= 1.1e-02 nm, Epot= -9.56838e+05 Fmax= 8.98603e+03, atom= 999
Step=  228, Dmax= 1.3e-02 nm, Epot= -9.56923e+05 Fmax= 1.05436e+04, atom= 999
Step=  229, Dmax= 1.5e-02 nm, Epot= -9.56994e+05 Fmax= 1.27990e+04, atom= 999
Step=  230, Dmax= 1.8e-02 nm, Epot= -9.57055e+05 Fmax= 1.52825e+04, atom= 999
Step=  231, Dmax= 2.2e-02 nm, Epot= -9.57095e+05 Fmax= 1.82652e+04, atom= 999
Step=  232, Dmax= 2.6e-02 nm, Epot= -9.57102e+05 Fmax= 2.20526e+04, atom= 999
Step=  233, Dmax= 3.2e-02 nm, Epot= -9.57079e+05 Fmax= 2.60367e+04, atom= 999
Step=  234, Dmax= 1.6e-02 nm, Epot= -9.57454e+05 Fmax= 2.13026e+03, atom= 999
Step=  235, Dmax= 1.9e-02 nm, Epot= -9.57641e+05 Fmax= 2.67189e+04, atom= 999
Step=  236, Dmax= 2.3e-02 nm, Epot= -9.58101e+05 Fmax= 8.35236e+03, atom= 999
Step=  237, Dmax= 2.7e-02 nm, Epot= -9.57659e+05 Fmax= 3.36048e+04, atom= 999
Step=  238, Dmax= 1.4e-02 nm, Epot= -9.58157e+05 Fmax= 1.27031e+04, atom= 999
Step=  239, Dmax= 1.6e-02 nm, Epot= -9.58248e+05 Fmax= 1.24080e+04, atom= 999
Step=  240, Dmax= 2.0e-02 nm, Epot= -9.58256e+05 Fmax= 1.77784e+04, atom= 999
Step=  241, Dmax= 2.4e-02 nm, Epot= -9.58332e+05 Fmax= 1.82760e+04, atom= 999
Step=  242, Dmax= 2.8e-02 nm, Epot= -9.58251e+05 Fmax= 2.50185e+04, atom= 999
Step=  243, Dmax= 1.4e-02 nm, Epot= -9.58590e+05 Fmax= 3.41150e+03, atom= 999
Step=  244, Dmax= 1.7e-02 nm, Epot= -9.58608e+05 Fmax= 2.26827e+04, atom= 999
Step=  245, Dmax= 2.0e-02 nm, Epot= -9.58945e+05 Fmax= 8.68092e+03, atom= 999
Step=  246, Dmax= 2.4e-02 nm, Epot= -9.58655e+05 Fmax= 2.87132e+04, atom= 999
Step=  247, Dmax= 1.2e-02 nm, Epot= -9.59022e+05 Fmax= 1.00473e+04, atom= 999
Step=  248, Dmax= 1.5e-02 nm, Epot= -9.59084e+05 Fmax= 1.24782e+04, atom= 999
Step=  249, Dmax= 1.8e-02 nm, Epot= -9.59143e+05 Fmax= 1.44689e+04, atom= 999
Step=  250, Dmax= 2.1e-02 nm, Epot= -9.59166e+05 Fmax= 1.79221e+04, atom= 999
Step=  251, Dmax= 2.5e-02 nm, Epot= -9.59185e+05 Fmax= 2.07728e+04, atom= 999
Step=  252, Dmax= 3.0e-02 nm, Epot= -9.59131e+05 Fmax= 2.56946e+04, atom= 999
Step=  253, Dmax= 1.5e-02 nm, Epot= -9.59507e+05 Fmax= 2.53150e+03, atom= 999
Step=  254, Dmax= 1.8e-02 nm, Epot= -9.59561e+05 Fmax= 2.54860e+04, atom= 999
Step=  255, Dmax= 2.2e-02 nm, Epot= -9.59989e+05 Fmax= 8.34381e+03, atom= 999
Step=  256, Dmax= 2.6e-02 nm, Epot= -9.59580e+05 Fmax= 3.17788e+04, atom= 999
Step=  257, Dmax= 1.3e-02 nm, Epot= -9.60044e+05 Fmax= 1.17846e+04, atom= 999
Step=  258, Dmax= 1.6e-02 nm, Epot= -9.60118e+05 Fmax= 1.24545e+04, atom= 999
Step=  259, Dmax= 1.9e-02 nm, Epot= -9.60137e+05 Fmax= 1.64982e+04, atom= 999
Step=  260, Dmax= 2.3e-02 nm, Epot= -9.60182e+05 Fmax= 1.83128e+04, atom= 999
Step=  261, Dmax= 2.7e-02 nm, Epot= -9.60140e+05 Fmax= 2.32407e+04, atom= 999
Step=  262, Dmax= 1.4e-02 nm, Epot= -9.60442e+05 Fmax= 2.54311e+03, atom= 999
Step=  263, Dmax= 1.6e-02 nm, Epot= -9.60518e+05 Fmax= 2.25059e+04, atom= 999
Step=  264, Dmax= 2.0e-02 nm, Epot= -9.60862e+05 Fmax= 7.63034e+03, atom= 999
Step=  265, Dmax= 2.4e-02 nm, Epot= -9.60556e+05 Fmax= 2.85406e+04, atom= 999
Step=  266, Dmax= 1.2e-02 nm, Epot= -9.60924e+05 Fmax= 1.04693e+04, atom= 999
Step=  267, Dmax= 1.4e-02 nm, Epot= -9.60995e+05 Fmax= 1.11775e+04, atom= 999
Step=  268, Dmax= 1.7e-02 nm, Epot= -9.61024e+05 Fmax= 1.48427e+04, atom= 999
Step=  269, Dmax= 2.0e-02 nm, Epot= -9.61077e+05 Fmax= 1.62695e+04, atom= 999
Step=  270, Dmax= 2.4e-02 nm, Epot= -9.61047e+05 Fmax= 2.11037e+04, atom= 999
Step=  271, Dmax= 1.2e-02 nm, Epot= -9.61293e+05 Fmax= 2.44352e+03, atom= 999
Step=  272, Dmax= 1.5e-02 nm, Epot= -9.61392e+05 Fmax= 2.00467e+04, atom= 999
Step=  273, Dmax= 1.8e-02 nm, Epot= -9.61678e+05 Fmax= 7.01839e+03, atom= 999
Step=  274, Dmax= 2.1e-02 nm, Epot= -9.61464e+05 Fmax= 2.52418e+04, atom= 999
Step=  275, Dmax= 1.1e-02 nm, Epot= -9.61743e+05 Fmax= 9.14007e+03, atom= 999
Step=  276, Dmax= 1.3e-02 nm, Epot= -9.61810e+05 Fmax= 1.02996e+04, atom= 999
Step=  277, Dmax= 1.5e-02 nm, Epot= -9.61856e+05 Fmax= 1.29552e+04, atom= 999
Step=  278, Dmax= 1.8e-02 nm, Epot= -9.61900e+05 Fmax= 1.50000e+04, atom= 999
Step=  279, Dmax= 2.2e-02 nm, Epot= -9.61907e+05 Fmax= 1.84167e+04, atom= 999
Step=  280, Dmax= 2.6e-02 nm, Epot= -9.61899e+05 Fmax= 2.17237e+04, atom= 999
Step=  281, Dmax= 1.3e-02 nm, Epot= -9.62175e+05 Fmax= 1.70494e+03, atom= 999
Step=  282, Dmax= 1.6e-02 nm, Epot= -9.62374e+05 Fmax= 2.23924e+04, atom= 999
Step=  283, Dmax= 1.9e-02 nm, Epot= -9.62728e+05 Fmax= 6.80849e+03, atom= 999
Step=  284, Dmax= 2.3e-02 nm, Epot= -9.62426e+05 Fmax= 2.77819e+04, atom= 999
Step=  285, Dmax= 1.1e-02 nm, Epot= -9.62778e+05 Fmax= 1.05537e+04, atom= 999
Step=  286, Dmax= 1.4e-02 nm, Epot= -9.62853e+05 Fmax= 1.03689e+04, atom= 999
Step=  287, Dmax= 1.6e-02 nm, Epot= -9.62870e+05 Fmax= 1.46205e+04, atom= 999
Step=  288, Dmax= 2.0e-02 nm, Epot= -9.62928e+05 Fmax= 1.54294e+04, atom= 999
Step=  289, Dmax= 2.4e-02 nm, Epot= -9.62889e+05 Fmax= 2.04669e+04, atom= 999
Step=  290, Dmax= 1.2e-02 nm, Epot= -9.63128e+05 Fmax= 2.57115e+03, atom= 999
Step=  291, Dmax= 1.4e-02 nm, Epot= -9.63192e+05 Fmax= 1.90540e+04, atom= 999
Step=  292, Dmax= 1.7e-02 nm, Epot= -9.63454e+05 Fmax= 6.91218e+03, atom= 999
Step=  293, Dmax= 2.0e-02 nm, Epot= -9.63246e+05 Fmax= 2.42750e+04, atom= 999
Step=  294, Dmax= 1.0e-02 nm, Epot= -9.63515e+05 Fmax= 8.68240e+03, atom= 999
Step=  295, Dmax= 1.2e-02 nm, Epot= -9.63575e+05 Fmax= 9.99046e+03, atom= 999
Step=  296, Dmax= 1.5e-02 nm, Epot= -9.63617e+05 Fmax= 1.24506e+04, atom= 999
Step=  297, Dmax= 1.8e-02 nm, Epot= -9.63657e+05 Fmax= 1.44018e+04, atom= 999
Step=  298, Dmax= 2.1e-02 nm, Epot= -9.63659e+05 Fmax= 1.78569e+04, atom= 999
Step=  299, Dmax= 2.5e-02 nm, Epot= -9.63657e+05 Fmax= 2.06944e+04, atom= 999
Step=  300, Dmax= 1.3e-02 nm, Epot= -9.63917e+05 Fmax= 1.50506e+03, atom= 999
Step=  301, Dmax= 1.5e-02 nm, Epot= -9.64137e+05 Fmax= 2.14775e+04, atom= 999
Step=  302, Dmax= 1.8e-02 nm, Epot= -9.64474e+05 Fmax= 6.53342e+03, atom= 999
Step=  303, Dmax= 2.2e-02 nm, Epot= -9.64166e+05 Fmax= 2.70267e+04, atom= 999
Step=  304, Dmax= 1.1e-02 nm, Epot= -9.64518e+05 Fmax= 1.02882e+04, atom= 999
Step=  305, Dmax= 1.3e-02 nm, Epot= -9.64591e+05 Fmax= 9.79422e+03, atom= 999
Step=  306, Dmax= 1.6e-02 nm, Epot= -9.64598e+05 Fmax= 1.43410e+04, atom= 999
Step=  307, Dmax= 1.9e-02 nm, Epot= -9.64662e+05 Fmax= 1.45226e+04, atom= 999
Step=  308, Dmax= 2.3e-02 nm, Epot= -9.64604e+05 Fmax= 2.01391e+04, atom= 999
Step=  309, Dmax= 1.1e-02 nm, Epot= -9.64846e+05 Fmax= 2.82327e+03, atom= 999
Step=  310, Dmax= 1.4e-02 nm, Epot= -9.64870e+05 Fmax= 1.80331e+04, atom= 999
Step=  311, Dmax= 1.6e-02 nm, Epot= -9.65113e+05 Fmax= 7.01138e+03, atom= 999
Step=  312, Dmax= 2.0e-02 nm, Epot= -9.64914e+05 Fmax= 2.29148e+04, atom= 999
Step=  313, Dmax= 9.8e-03 nm, Epot= -9.65174e+05 Fmax= 7.97202e+03, atom= 999
Step=  314, Dmax= 1.2e-02 nm, Epot= -9.65223e+05 Fmax= 1.00315e+04, atom= 999
Step=  315, Dmax= 1.4e-02 nm, Epot= -9.65271e+05 Fmax= 1.15316e+04, atom= 999
Step=  316, Dmax= 1.7e-02 nm, Epot= -9.65291e+05 Fmax= 1.43745e+04, atom= 999
Step=  317, Dmax= 2.0e-02 nm, Epot= -9.65311e+05 Fmax= 1.66181e+04, atom= 999
Step=  318, Dmax= 2.4e-02 nm, Epot= -9.65276e+05 Fmax= 2.06017e+04, atom= 999
Step=  319, Dmax= 1.2e-02 nm, Epot= -9.65546e+05 Fmax= 2.02218e+03, atom= 999
Step=  320, Dmax= 1.5e-02 nm, Epot= -9.65608e+05 Fmax= 2.03839e+04, atom= 999
Step=  321, Dmax= 1.8e-02 nm, Epot= -9.65924e+05 Fmax= 6.60269e+03, atom= 999
Step=  322, Dmax= 2.1e-02 nm, Epot= -9.65634e+05 Fmax= 2.55218e+04, atom= 999
Step=  323, Dmax= 1.1e-02 nm, Epot= -9.65969e+05 Fmax= 9.49869e+03, atom= 999
Step=  324, Dmax= 1.3e-02 nm, Epot= -9.66029e+05 Fmax= 9.87089e+03, atom= 999
Step=  325, Dmax= 1.5e-02 nm, Epot= -9.66046e+05 Fmax= 1.32995e+04, atom= 999
Step=  326, Dmax= 1.8e-02 nm, Epot= -9.66087e+05 Fmax= 1.45461e+04, atom= 999
Step=  327, Dmax= 2.2e-02 nm, Epot= -9.66055e+05 Fmax= 1.87466e+04, atom= 999
Step=  328, Dmax= 1.1e-02 nm, Epot= -9.66277e+05 Fmax= 2.14722e+03, atom= 999
Step=  329, Dmax= 1.3e-02 nm, Epot= -9.66340e+05 Fmax= 1.78635e+04, atom= 999
Step=  330, Dmax= 1.6e-02 nm, Epot= -9.66592e+05 Fmax= 6.21701e+03, atom= 999
Step=  331, Dmax= 1.9e-02 nm, Epot= -9.66380e+05 Fmax= 2.26950e+04, atom= 999
Step=  332, Dmax= 9.4e-03 nm, Epot= -9.66643e+05 Fmax= 8.23986e+03, atom= 999
Step=  333, Dmax= 1.1e-02 nm, Epot= -9.66699e+05 Fmax= 9.07518e+03, atom= 999
Step=  334, Dmax= 1.4e-02 nm, Epot= -9.66728e+05 Fmax= 1.17262e+04, atom= 999
Step=  335, Dmax= 1.6e-02 nm, Epot= -9.66768e+05 Fmax= 1.31759e+04, atom= 999
Step=  336, Dmax= 2.0e-02 nm, Epot= -9.66756e+05 Fmax= 1.67330e+04, atom= 999
Step=  337, Dmax= 9.8e-03 nm, Epot= -9.66933e+05 Fmax= 1.79020e+03, atom= 999
Step=  338, Dmax= 1.2e-02 nm, Epot= -9.67046e+05 Fmax= 1.61873e+04, atom= 999
Step=  339, Dmax= 1.4e-02 nm, Epot= -9.67266e+05 Fmax= 5.43368e+03, atom= 999
Step=  340, Dmax= 1.7e-02 nm, Epot= -9.67114e+05 Fmax= 2.03766e+04, atom= 999
Step=  341, Dmax= 8.4e-03 nm, Epot= -9.67318e+05 Fmax= 7.49137e+03, atom= 999
Step=  342, Dmax= 1.0e-02 nm, Epot= -9.67375e+05 Fmax= 8.04795e+03, atom= 999
Step=  343, Dmax= 1.2e-02 nm, Epot= -9.67410e+05 Fmax= 1.05574e+04, atom= 999
Step=  344, Dmax= 1.5e-02 nm, Epot= -9.67452e+05 Fmax= 1.17984e+04, atom= 999
Step=  345, Dmax= 1.8e-02 nm, Epot= -9.67455e+05 Fmax= 1.49561e+04, atom= 999
Step=  346, Dmax= 2.1e-02 nm, Epot= -9.67464e+05 Fmax= 1.71789e+04, atom= 999
Step=  347, Dmax= 2.5e-02 nm, Epot= -9.67405e+05 Fmax= 2.12304e+04, atom= 999
Step=  348, Dmax= 1.3e-02 nm, Epot= -9.67726e+05 Fmax= 2.10130e+03, atom= 999
Step=  349, Dmax= 1.5e-02 nm, Epot= -9.67714e+05 Fmax= 2.09352e+04, atom= 999
Step=  350, Dmax= 7.6e-03 nm, Epot= -9.67826e+05 Fmax= 9.35664e+03, atom= 999
Step=  351, Dmax= 9.1e-03 nm, Epot= -9.67924e+05 Fmax= 4.54774e+03, atom= 999
Step=  352, Dmax= 1.1e-02 nm, Epot= -9.67932e+05 Fmax= 1.21530e+04, atom= 999
Step=  353, Dmax= 1.3e-02 nm, Epot= -9.68051e+05 Fmax= 7.84875e+03, atom= 999
Step=  354, Dmax= 1.6e-02 nm, Epot= -9.67979e+05 Fmax= 1.61755e+04, atom= 999
Step=  355, Dmax= 7.8e-03 nm, Epot= -9.68133e+05 Fmax= 4.16024e+03, atom= 999
Step=  356, Dmax= 9.4e-03 nm, Epot= -9.68165e+05 Fmax= 1.02510e+04, atom= 999
Step=  357, Dmax= 1.1e-02 nm, Epot= -9.68260e+05 Fmax= 7.05384e+03, atom= 999
Step=  358, Dmax= 1.4e-02 nm, Epot= -9.68233e+05 Fmax= 1.36762e+04, atom= 999
Step=  359, Dmax= 6.8e-03 nm, Epot= -9.68335e+05 Fmax= 3.32231e+03, atom= 999
Step=  360, Dmax= 8.1e-03 nm, Epot= -9.68386e+05 Fmax= 9.13117e+03, atom= 999
Step=  361, Dmax= 9.8e-03 nm, Epot= -9.68476e+05 Fmax= 5.80835e+03, atom= 999
Step=  362, Dmax= 1.2e-02 nm, Epot= -9.68472e+05 Fmax= 1.21341e+04, atom= 999
Step=  363, Dmax= 5.9e-03 nm, Epot= -9.68541e+05 Fmax= 3.16069e+03, atom= 999
Step=  364, Dmax= 7.0e-03 nm, Epot= -9.68601e+05 Fmax= 7.59969e+03, atom= 999
Step=  365, Dmax= 8.4e-03 nm, Epot= -9.68675e+05 Fmax= 5.32315e+03, atom= 999
Step=  366, Dmax= 1.0e-02 nm, Epot= -9.68697e+05 Fmax= 1.01622e+04, atom= 999
Step=  367, Dmax= 1.2e-02 nm, Epot= -9.68778e+05 Fmax= 8.43998e+03, atom= 999
Step=  368, Dmax= 1.5e-02 nm, Epot= -9.68752e+05 Fmax= 1.38366e+04, atom= 999
Step=  369, Dmax= 7.3e-03 nm, Epot= -9.68870e+05 Fmax= 2.71328e+03, atom= 999
Step=  370, Dmax= 8.7e-03 nm, Epot= -9.68923e+05 Fmax= 1.06710e+04, atom= 999
Step=  371, Dmax= 1.0e-02 nm, Epot= -9.69038e+05 Fmax= 5.38936e+03, atom= 999
Step=  372, Dmax= 1.3e-02 nm, Epot= -9.69000e+05 Fmax= 1.38997e+04, atom= 999
Step=  373, Dmax= 6.3e-03 nm, Epot= -9.69100e+05 Fmax= 4.25186e+03, atom= 999
Step=  374, Dmax= 7.6e-03 nm, Epot= -9.69147e+05 Fmax= 7.31283e+03, atom= 999
Step=  375, Dmax= 9.1e-03 nm, Epot= -9.69210e+05 Fmax= 6.57627e+03, atom= 999
Step=  376, Dmax= 1.1e-02 nm, Epot= -9.69232e+05 Fmax= 1.00664e+04, atom= 999
Step=  377, Dmax= 1.3e-02 nm, Epot= -9.69291e+05 Fmax= 9.92476e+03, atom= 999
Step=  378, Dmax= 1.6e-02 nm, Epot= -9.69273e+05 Fmax= 1.40124e+04, atom= 999
Step=  379, Dmax= 7.8e-03 nm, Epot= -9.69408e+05 Fmax= 2.06398e+03, atom= 999
Step=  380, Dmax= 9.4e-03 nm, Epot= -9.69477e+05 Fmax= 1.23094e+04, atom= 999
Step=  381, Dmax= 1.1e-02 nm, Epot= -9.69628e+05 Fmax= 4.95956e+03, atom= 999
Step=  382, Dmax= 1.4e-02 nm, Epot= -9.69546e+05 Fmax= 1.57806e+04, atom= 999
Step=  383, Dmax= 6.8e-03 nm, Epot= -9.69682e+05 Fmax= 5.40679e+03, atom= 999
Step=  384, Dmax= 8.1e-03 nm, Epot= -9.69730e+05 Fmax= 7.02298e+03, atom= 999
Step=  385, Dmax= 9.7e-03 nm, Epot= -9.69778e+05 Fmax= 7.90548e+03, atom= 999
Step=  386, Dmax= 1.2e-02 nm, Epot= -9.69808e+05 Fmax= 9.98099e+03, atom= 999
Step=  387, Dmax= 1.4e-02 nm, Epot= -9.69838e+05 Fmax= 1.15022e+04, atom= 999
Step=  388, Dmax= 1.7e-02 nm, Epot= -9.69836e+05 Fmax= 1.42184e+04, atom= 999
Step=  389, Dmax= 8.4e-03 nm, Epot= -9.69987e+05 Fmax= 1.38659e+03, atom= 999
Step=  390, Dmax= 1.0e-02 nm, Epot= -9.70120e+05 Fmax= 1.40167e+04, atom= 999
Step=  391, Dmax= 1.2e-02 nm, Epot= -9.70318e+05 Fmax= 4.56181e+03, atom= 999
Step=  392, Dmax= 1.5e-02 nm, Epot= -9.70179e+05 Fmax= 1.77478e+04, atom= 999
Step=  393, Dmax= 7.3e-03 nm, Epot= -9.70364e+05 Fmax= 6.59342e+03, atom= 999
Step=  394, Dmax= 8.7e-03 nm, Epot= -9.70417e+05 Fmax= 6.76695e+03, atom= 999
Step=  395, Dmax= 1.0e-02 nm, Epot= -9.70445e+05 Fmax= 9.28223e+03, atom= 999
Step=  396, Dmax= 1.3e-02 nm, Epot= -9.70490e+05 Fmax= 9.94119e+03, atom= 999
Step=  397, Dmax= 1.5e-02 nm, Epot= -9.70482e+05 Fmax= 1.31470e+04, atom= 999
Step=  398, Dmax= 7.5e-03 nm, Epot= -9.70612e+05 Fmax= 1.60560e+03, atom= 999
Step=  399, Dmax= 9.0e-03 nm, Epot= -9.70707e+05 Fmax= 1.22520e+04, atom= 999
Step=  400, Dmax= 1.1e-02 nm, Epot= -9.70868e+05 Fmax= 4.40250e+03, atom= 999
Step=  401, Dmax= 1.3e-02 nm, Epot= -9.70778e+05 Fmax= 1.55208e+04, atom= 999
Step=  402, Dmax= 6.5e-03 nm, Epot= -9.70918e+05 Fmax= 5.56944e+03, atom= 999
Step=  403, Dmax= 7.8e-03 nm, Epot= -9.70967e+05 Fmax= 6.41190e+03, atom= 999
Step=  404, Dmax= 9.4e-03 nm, Epot= -9.71006e+05 Fmax= 7.94460e+03, atom= 999
Step=  405, Dmax= 1.1e-02 nm, Epot= -9.71041e+05 Fmax= 9.30100e+03, atom= 999
Step=  406, Dmax= 1.4e-02 nm, Epot= -9.71059e+05 Fmax= 1.13543e+04, atom= 999
Step=  407, Dmax= 1.6e-02 nm, Epot= -9.71066e+05 Fmax= 1.34549e+04, atom= 999
Step=  408, Dmax= 1.9e-02 nm, Epot= -9.71042e+05 Fmax= 1.62339e+04, atom= 999
Step=  409, Dmax= 9.7e-03 nm, Epot= -9.71272e+05 Fmax= 1.43263e+03, atom= 999
Step=  410, Dmax= 1.2e-02 nm, Epot= -9.71339e+05 Fmax= 1.63267e+04, atom= 999
Step=  411, Dmax= 1.4e-02 nm, Epot= -9.71614e+05 Fmax= 5.14947e+03, atom= 999
Step=  412, Dmax= 1.7e-02 nm, Epot= -9.71341e+05 Fmax= 2.06267e+04, atom= 999
Step=  413, Dmax= 8.4e-03 nm, Epot= -9.71646e+05 Fmax= 7.74391e+03, atom= 999
Step=  414, Dmax= 1.0e-02 nm, Epot= -9.71700e+05 Fmax= 7.68912e+03, atom= 999
Step=  415, Dmax= 1.2e-02 nm, Epot= -9.71702e+05 Fmax= 1.08497e+04, atom= 999
Step=  416, Dmax= 1.5e-02 nm, Epot= -9.71744e+05 Fmax= 1.13501e+04, atom= 999
Step=  417, Dmax= 1.7e-02 nm, Epot= -9.71695e+05 Fmax= 1.53090e+04, atom= 999
Step=  418, Dmax= 8.7e-03 nm, Epot= -9.71904e+05 Fmax= 1.98357e+03, atom= 999
Step=  419, Dmax= 1.0e-02 nm, Epot= -9.71913e+05 Fmax= 1.40343e+04, atom= 999
Step=  420, Dmax= 1.3e-02 nm, Epot= -9.72126e+05 Fmax= 5.20298e+03, atom= 999
Step=  421, Dmax= 1.5e-02 nm, Epot= -9.71933e+05 Fmax= 1.78078e+04, atom= 999
Step=  422, Dmax= 7.5e-03 nm, Epot= -9.72170e+05 Fmax= 6.31567e+03, atom= 999
Step=  423, Dmax= 9.0e-03 nm, Epot= -9.72209e+05 Fmax= 7.52130e+03, atom= 999
Step=  424, Dmax= 1.1e-02 nm, Epot= -9.72239e+05 Fmax= 9.05985e+03, atom= 999
Step=  425, Dmax= 1.3e-02 nm, Epot= -9.72256e+05 Fmax= 1.08561e+04, atom= 999
Step=  426, Dmax= 1.6e-02 nm, Epot= -9.72256e+05 Fmax= 1.29929e+04, atom= 999
Step=  427, Dmax= 1.9e-02 nm, Epot= -9.72230e+05 Fmax= 1.56486e+04, atom= 999
Step=  428, Dmax= 9.4e-03 nm, Epot= -9.72467e+05 Fmax= 1.34078e+03, atom= 999
Step=  429, Dmax= 1.1e-02 nm, Epot= -9.72520e+05 Fmax= 1.58511e+04, atom= 999
Step=  430, Dmax= 1.3e-02 nm, Epot= -9.72806e+05 Fmax= 4.86615e+03, atom= 999
Step=  431, Dmax= 1.6e-02 nm, Epot= -9.72519e+05 Fmax= 1.98344e+04, atom= 999
Step=  432, Dmax= 8.1e-03 nm, Epot= -9.72832e+05 Fmax= 7.50959e+03, atom= 999
Step=  433, Dmax= 9.7e-03 nm, Epot= -9.72885e+05 Fmax= 7.37573e+03, atom= 999
Step=  434, Dmax= 1.2e-02 nm, Epot= -9.72884e+05 Fmax= 1.04419e+04, atom= 999
Step=  435, Dmax= 5.8e-03 nm, Epot= -9.72974e+05 Fmax= 1.54381e+03, atom= 999
Step=  436, Dmax= 7.0e-03 nm, Epot= -9.73057e+05 Fmax= 9.16733e+03, atom= 999
Step=  437, Dmax= 8.4e-03 nm, Epot= -9.73172e+05 Fmax= 3.67871e+03, atom= 999
Step=  438, Dmax= 1.0e-02 nm, Epot= -9.73134e+05 Fmax= 1.17500e+04, atom= 999
Step=  439, Dmax= 5.0e-03 nm, Epot= -9.73221e+05 Fmax= 4.03295e+03, atom= 999
Step=  440, Dmax= 6.0e-03 nm, Epot= -9.73266e+05 Fmax= 5.21290e+03, atom= 999
Step=  441, Dmax= 7.2e-03 nm, Epot= -9.73311e+05 Fmax= 5.89287e+03, atom= 999
Step=  442, Dmax= 8.7e-03 nm, Epot= -9.73343e+05 Fmax= 7.41617e+03, atom= 999
Step=  443, Dmax= 1.0e-02 nm, Epot= -9.73375e+05 Fmax= 8.57118e+03, atom= 999
Step=  444, Dmax= 1.3e-02 nm, Epot= -9.73385e+05 Fmax= 1.05791e+04, atom= 999
Step=  445, Dmax= 1.5e-02 nm, Epot= -9.73387e+05 Fmax= 1.24231e+04, atom= 999
Step=  446, Dmax= 1.8e-02 nm, Epot= -9.73351e+05 Fmax= 1.51097e+04, atom= 999
Step=  447, Dmax= 9.0e-03 nm, Epot= -9.73597e+05 Fmax= 1.37929e+03, atom= 999
Step=  448, Dmax= 1.1e-02 nm, Epot= -9.73617e+05 Fmax= 1.51006e+04, atom= 999
Step=  449, Dmax= 1.3e-02 nm, Epot= -9.73901e+05 Fmax= 4.80202e+03, atom= 999
Step=  450, Dmax= 1.6e-02 nm, Epot= -9.73597e+05 Fmax= 1.90917e+04, atom= 999
Step=  451, Dmax= 7.8e-03 nm, Epot= -9.73927e+05 Fmax= 7.14697e+03, atom= 999
Step=  452, Dmax= 9.4e-03 nm, Epot= -9.73974e+05 Fmax= 7.15932e+03, atom= 999
Step=  453, Dmax= 1.1e-02 nm, Epot= -9.73971e+05 Fmax= 1.00260e+04, atom= 999
Step=  454, Dmax= 5.6e-03 nm, Epot= -9.74066e+05 Fmax= 1.43327e+03, atom= 999
Step=  455, Dmax= 6.7e-03 nm, Epot= -9.74144e+05 Fmax= 8.86494e+03, atom= 999
Step=  456, Dmax= 8.1e-03 nm, Epot= -9.74262e+05 Fmax= 3.51447e+03, atom= 999
Step=  457, Dmax= 9.7e-03 nm, Epot= -9.74215e+05 Fmax= 1.13688e+04, atom= 1255
Step=  458, Dmax= 4.8e-03 nm, Epot= -9.74310e+05 Fmax= 3.92956e+03, atom= 1255
Step=  459, Dmax= 5.8e-03 nm, Epot= -9.74352e+05 Fmax= 4.99046e+03, atom= 1255
Step=  460, Dmax= 7.0e-03 nm, Epot= -9.74394e+05 Fmax= 5.73376e+03, atom= 1255
Step=  461, Dmax= 8.4e-03 nm, Epot= -9.74426e+05 Fmax= 7.11174e+03, atom= 1255
Step=  462, Dmax= 1.0e-02 nm, Epot= -9.74456e+05 Fmax= 8.32298e+03, atom= 1255
Step=  463, Dmax= 1.2e-02 nm, Epot= -9.74467e+05 Fmax= 1.01676e+04, atom= 1255
Step=  464, Dmax= 1.4e-02 nm, Epot= -9.74467e+05 Fmax= 1.20381e+04, atom= 1255
Step=  465, Dmax= 1.7e-02 nm, Epot= -9.74437e+05 Fmax= 1.45583e+04, atom= 1255
Step=  466, Dmax= 8.7e-03 nm, Epot= -9.74673e+05 Fmax= 1.27827e+03, atom= 1255
Step=  467, Dmax= 1.0e-02 nm, Epot= -9.74710e+05 Fmax= 1.47653e+04, atom= 1255
Step=  468, Dmax= 1.3e-02 nm, Epot= -9.74981e+05 Fmax= 4.44734e+03, atom= 1255
Step=  469, Dmax= 1.5e-02 nm, Epot= -9.74711e+05 Fmax= 1.85993e+04, atom= 1255
Step=  470, Dmax= 7.5e-03 nm, Epot= -9.75006e+05 Fmax= 7.08428e+03, atom= 1255
Step=  471, Dmax= 9.0e-03 nm, Epot= -9.75058e+05 Fmax= 6.72833e+03, atom= 1255
Step=  472, Dmax= 1.1e-02 nm, Epot= -9.75055e+05 Fmax= 9.86245e+03, atom= 1255
Step=  473, Dmax= 5.4e-03 nm, Epot= -9.75138e+05 Fmax= 1.56819e+03, atom= 1255
Step=  474, Dmax= 6.5e-03 nm, Epot= -9.75208e+05 Fmax= 8.36634e+03, atom= 1255
Step=  475, Dmax= 7.8e-03 nm, Epot= -9.75309e+05 Fmax= 3.58389e+03, atom= 1255
Step=  476, Dmax= 9.3e-03 nm, Epot= -9.75284e+05 Fmax= 1.07291e+04, atom= 1255
Step=  477, Dmax= 4.7e-03 nm, Epot= -9.75356e+05 Fmax= 3.57403e+03, atom= 1255
Step=  478, Dmax= 5.6e-03 nm, Epot= -9.75398e+05 Fmax= 5.03431e+03, atom= 1255
Step=  479, Dmax= 6.7e-03 nm, Epot= -9.75442e+05 Fmax= 5.27465e+03, atom= 1255
Step=  480, Dmax= 8.1e-03 nm, Epot= -9.75472e+05 Fmax= 7.11584e+03, atom= 1255
Step=  481, Dmax= 9.7e-03 nm, Epot= -9.75510e+05 Fmax= 7.72663e+03, atom= 1255
Step=  482, Dmax= 1.2e-02 nm, Epot= -9.75516e+05 Fmax= 1.01038e+04, atom= 1255
Step=  483, Dmax= 1.4e-02 nm, Epot= -9.75537e+05 Fmax= 1.12555e+04, atom= 1255
Step=  484, Dmax= 1.7e-02 nm, Epot= -9.75499e+05 Fmax= 1.43904e+04, atom= 1255
Step=  485, Dmax= 8.4e-03 nm, Epot= -9.75705e+05 Fmax= 1.57670e+03, atom= 1255
Step=  486, Dmax= 1.0e-02 nm, Epot= -9.75722e+05 Fmax= 1.37958e+04, atom= 1255
Step=  487, Dmax= 1.2e-02 nm, Epot= -9.75939e+05 Fmax= 4.71117e+03, atom= 1255
Step=  488, Dmax= 1.4e-02 nm, Epot= -9.75737e+05 Fmax= 1.74327e+04, atom= 1255
Step=  489, Dmax= 7.2e-03 nm, Epot= -9.75972e+05 Fmax= 6.36768e+03, atom= 1255
Step=  490, Dmax= 8.7e-03 nm, Epot= -9.76012e+05 Fmax= 6.95037e+03, atom= 1255
Step=  491, Dmax= 1.0e-02 nm, Epot= -9.76028e+05 Fmax= 9.00146e+03, atom= 1255
Step=  492, Dmax= 1.2e-02 nm, Epot= -9.76054e+05 Fmax= 1.01621e+04, atom= 1255
Step=  493, Dmax= 1.5e-02 nm, Epot= -9.76040e+05 Fmax= 1.27918e+04, atom= 1255
Step=  494, Dmax= 7.5e-03 nm, Epot= -9.76189e+05 Fmax= 1.32508e+03, atom= 1255
Step=  495, Dmax= 9.0e-03 nm, Epot= -9.76262e+05 Fmax= 1.25245e+04, atom= 1255
Step=  496, Dmax= 1.1e-02 nm, Epot= -9.76440e+05 Fmax= 4.03753e+03, atom= 1255
Step=  497, Dmax= 1.3e-02 nm, Epot= -9.76303e+05 Fmax= 1.58521e+04, atom= 1255
Step=  498, Dmax= 6.5e-03 nm, Epot= -9.76476e+05 Fmax= 5.91014e+03, atom= 1255
Step=  499, Dmax= 7.8e-03 nm, Epot= -9.76521e+05 Fmax= 6.00227e+03, atom= 1255
Step=  500, Dmax= 9.3e-03 nm, Epot= -9.76539e+05 Fmax= 8.31292e+03, atom= 1255
Step=  501, Dmax= 1.1e-02 nm, Epot= -9.76576e+05 Fmax= 8.83515e+03, atom= 1255
Step=  502, Dmax= 1.3e-02 nm, Epot= -9.76566e+05 Fmax= 1.17612e+04, atom= 1255
Step=  503, Dmax= 6.7e-03 nm, Epot= -9.76681e+05 Fmax= 1.46656e+03, atom= 1255
Step=  504, Dmax= 8.1e-03 nm, Epot= -9.76751e+05 Fmax= 1.08662e+04, atom= 1255
Step=  505, Dmax= 9.7e-03 nm, Epot= -9.76886e+05 Fmax= 3.98105e+03, atom= 1255
Step=  506, Dmax= 1.2e-02 nm, Epot= -9.76808e+05 Fmax= 1.37919e+04, atom= 1255
Step=  507, Dmax= 5.8e-03 nm, Epot= -9.76927e+05 Fmax= 4.90849e+03, atom= 1255
Step=  508, Dmax= 7.0e-03 nm, Epot= -9.76966e+05 Fmax= 5.78209e+03, atom= 1255
Step=  509, Dmax= 8.3e-03 nm, Epot= -9.76999e+05 Fmax= 7.02039e+03, atom= 1255
Step=  510, Dmax= 1.0e-02 nm, Epot= -9.77026e+05 Fmax= 8.36549e+03, atom= 1255
Step=  511, Dmax= 1.2e-02 nm, Epot= -9.77044e+05 Fmax= 1.00633e+04, atom= 1255
Step=  512, Dmax= 1.4e-02 nm, Epot= -9.77048e+05 Fmax= 1.20718e+04, atom= 1255
Step=  513, Dmax= 1.7e-02 nm, Epot= -9.77034e+05 Fmax= 1.44371e+04, atom= 1255
Step=  514, Dmax= 8.7e-03 nm, Epot= -9.77216e+05 Fmax= 1.20095e+03, atom= 1255
Step=  515, Dmax= 1.0e-02 nm, Epot= -9.77295e+05 Fmax= 1.48005e+04, atom= 1255
Step=  516, Dmax= 1.2e-02 nm, Epot= -9.77517e+05 Fmax= 4.35234e+03, atom= 1255
Step=  517, Dmax= 1.5e-02 nm, Epot= -9.77315e+05 Fmax= 1.86220e+04, atom= 1255
Step=  518, Dmax= 7.5e-03 nm, Epot= -9.77544e+05 Fmax= 7.14450e+03, atom= 1255
Step=  519, Dmax= 9.0e-03 nm, Epot= -9.77592e+05 Fmax= 6.62306e+03, atom= 1255
Step=  520, Dmax= 1.1e-02 nm, Epot= -9.77593e+05 Fmax= 9.91609e+03, atom= 1255
Step=  521, Dmax= 1.3e-02 nm, Epot= -9.77637e+05 Fmax= 9.89534e+03, atom= 1255
Step=  522, Dmax= 1.6e-02 nm, Epot= -9.77599e+05 Fmax= 1.38942e+04, atom= 1255
Step=  523, Dmax= 7.8e-03 nm, Epot= -9.77753e+05 Fmax= 2.00487e+03, atom= 1255
Step=  524, Dmax= 9.3e-03 nm, Epot= -9.77768e+05 Fmax= 1.22548e+04, atom= 1255
Step=  525, Dmax= 1.1e-02 nm, Epot= -9.77917e+05 Fmax= 4.89630e+03, atom= 1255
Step=  526, Dmax= 1.3e-02 nm, Epot= -9.77800e+05 Fmax= 1.56391e+04, atom= 1255
Step=  527, Dmax= 6.7e-03 nm, Epot= -9.77957e+05 Fmax= 5.37506e+03, atom= 1255
Step=  528, Dmax= 8.0e-03 nm, Epot= -9.77988e+05 Fmax= 6.97490e+03, atom= 1255
Step=  529, Dmax= 9.6e-03 nm, Epot= -9.78021e+05 Fmax= 7.81643e+03, atom= 1255
Step=  530, Dmax= 1.2e-02 nm, Epot= -9.78035e+05 Fmax= 9.95652e+03, atom= 1255
Step=  531, Dmax= 1.4e-02 nm, Epot= -9.78053e+05 Fmax= 1.13310e+04, atom= 1255
Step=  532, Dmax= 1.7e-02 nm, Epot= -9.78033e+05 Fmax= 1.42324e+04, atom= 1255
Step=  533, Dmax= 8.3e-03 nm, Epot= -9.78194e+05 Fmax= 1.46033e+03, atom= 1255
Step=  534, Dmax= 1.0e-02 nm, Epot= -9.78244e+05 Fmax= 1.38532e+04, atom= 1255
Step=  535, Dmax= 1.2e-02 nm, Epot= -9.78427e+05 Fmax= 4.59782e+03, atom= 1255
Step=  536, Dmax= 1.4e-02 nm, Epot= -9.78272e+05 Fmax= 1.74706e+04, atom= 1255
Step=  537, Dmax= 7.2e-03 nm, Epot= -9.78459e+05 Fmax= 6.44416e+03, atom= 1255
Step=  538, Dmax= 8.6e-03 nm, Epot= -9.78497e+05 Fmax= 6.83295e+03, atom= 1255
Step=  539, Dmax= 1.0e-02 nm, Epot= -9.78514e+05 Fmax= 9.06593e+03, atom= 1255
Step=  540, Dmax= 1.2e-02 nm, Epot= -9.78542e+05 Fmax= 1.00375e+04, atom= 1255
Step=  541, Dmax= 1.5e-02 nm, Epot= -9.78533e+05 Fmax= 1.28405e+04, atom= 1255
Step=  542, Dmax= 7.5e-03 nm, Epot= -9.78653e+05 Fmax= 1.41159e+03, atom= 1255
Step=  543, Dmax= 9.0e-03 nm, Epot= -9.78724e+05 Fmax= 1.23977e+04, atom= 1255
Step=  544, Dmax= 1.1e-02 nm, Epot= -9.78871e+05 Fmax= 4.10759e+03, atom= 1255
Step=  545, Dmax= 1.3e-02 nm, Epot= -9.78770e+05 Fmax= 1.57209e+04, atom= 1255
Step=  546, Dmax= 6.5e-03 nm, Epot= -9.78906e+05 Fmax= 5.80873e+03, atom= 1255
Step=  547, Dmax= 7.7e-03 nm, Epot= -9.78946e+05 Fmax= 6.06302e+03, atom= 1255
Step=  548, Dmax= 9.3e-03 nm, Epot= -9.78968e+05 Fmax= 8.20734e+03, atom= 1255
Step=  549, Dmax= 1.1e-02 nm, Epot= -9.79001e+05 Fmax= 8.88320e+03, atom= 1255
Step=  550, Dmax= 1.3e-02 nm, Epot= -9.78999e+05 Fmax= 1.16479e+04, atom= 1255
Step=  551, Dmax= 6.7e-03 nm, Epot= -9.79091e+05 Fmax= 1.38633e+03, atom= 1255
Step=  552, Dmax= 8.0e-03 nm, Epot= -9.79174e+05 Fmax= 1.08989e+04, atom= 1255
Step=  553, Dmax= 9.6e-03 nm, Epot= -9.79288e+05 Fmax= 3.90237e+03, atom= 1255
Step=  554, Dmax= 1.2e-02 nm, Epot= -9.79233e+05 Fmax= 1.38096e+04, atom= 1255
Step=  555, Dmax= 5.8e-03 nm, Epot= -9.79326e+05 Fmax= 4.95681e+03, atom= 1255
Step=  556, Dmax= 6.9e-03 nm, Epot= -9.79364e+05 Fmax= 5.70112e+03, atom= 1255
Step=  557, Dmax= 8.3e-03 nm, Epot= -9.79395e+05 Fmax= 7.05835e+03, atom= 1255
Step=  558, Dmax= 1.0e-02 nm, Epot= -9.79423e+05 Fmax= 8.27949e+03, atom= 1255
Step=  559, Dmax= 1.2e-02 nm, Epot= -9.79440e+05 Fmax= 1.00883e+04, atom= 1255
Step=  560, Dmax= 1.4e-02 nm, Epot= -9.79450e+05 Fmax= 1.19768e+04, atom= 1255
Step=  561, Dmax= 1.7e-02 nm, Epot= -9.79440e+05 Fmax= 1.44452e+04, atom= 1255
Step=  562, Dmax= 8.6e-03 nm, Epot= -9.79590e+05 Fmax= 1.25180e+03, atom= 1255
Step=  563, Dmax= 1.0e-02 nm, Epot= -9.79671e+05 Fmax= 1.47075e+04, atom= 1255
Step=  564, Dmax= 1.2e-02 nm, Epot= -9.79857e+05 Fmax= 4.37964e+03, atom= 1255
Step=  565, Dmax= 1.5e-02 nm, Epot= -9.79699e+05 Fmax= 1.85248e+04, atom= 1255
Step=  566, Dmax= 7.5e-03 nm, Epot= -9.79884e+05 Fmax= 7.08107e+03, atom= 1255
Step=  567, Dmax= 8.9e-03 nm, Epot= -9.79927e+05 Fmax= 6.63957e+03, atom= 1255
Step=  568, Dmax= 1.1e-02 nm, Epot= -9.79934e+05 Fmax= 9.84767e+03, atom= 1255
Step=  569, Dmax= 1.3e-02 nm, Epot= -9.79973e+05 Fmax= 9.89806e+03, atom= 1255
Step=  570, Dmax= 1.5e-02 nm, Epot= -9.79946e+05 Fmax= 1.38160e+04, atom= 1255
Step=  571, Dmax= 7.7e-03 nm, Epot= -9.80072e+05 Fmax= 1.96447e+03, atom= 1255
Step=  572, Dmax= 9.3e-03 nm, Epot= -9.80099e+05 Fmax= 1.22438e+04, atom= 1255
Step=  573, Dmax= 1.1e-02 nm, Epot= -9.80228e+05 Fmax= 4.85314e+03, atom= 1255
Step=  574, Dmax= 1.3e-02 nm, Epot= -9.80136e+05 Fmax= 1.56128e+04, atom= 1255
Step=  575, Dmax= 6.7e-03 nm, Epot= -9.80264e+05 Fmax= 5.38338e+03, atom= 1255
Step=  576, Dmax= 8.0e-03 nm, Epot= -9.80295e+05 Fmax= 6.92838e+03, atom= 1255
Step=  577, Dmax= 9.6e-03 nm, Epot= -9.80326e+05 Fmax= 7.81380e+03, atom= 1255
Step=  578, Dmax= 1.2e-02 nm, Epot= -9.80341e+05 Fmax= 9.90340e+03, atom= 1255
Step=  579, Dmax= 1.4e-02 nm, Epot= -9.80360e+05 Fmax= 1.13140e+04, atom= 1255
Step=  580, Dmax= 1.7e-02 nm, Epot= -9.80346e+05 Fmax= 1.41687e+04, atom= 1255
Step=  581, Dmax= 8.3e-03 nm, Epot= -9.80481e+05 Fmax= 1.43685e+03, atom= 1255
Step=  582, Dmax= 1.0e-02 nm, Epot= -9.80543e+05 Fmax= 1.38195e+04, atom= 1255
Step=  583, Dmax= 1.2e-02 nm, Epot= -9.80700e+05 Fmax= 4.57299e+03, atom= 1255
Step=  584, Dmax= 1.4e-02 nm, Epot= -9.80575e+05 Fmax= 1.74209e+04, atom= 1255
Step=  585, Dmax= 7.2e-03 nm, Epot= -9.80730e+05 Fmax= 6.43154e+03, atom= 1255
Step=  586, Dmax= 8.6e-03 nm, Epot= -9.80766e+05 Fmax= 6.80412e+03, atom= 1255
Step=  587, Dmax= 1.0e-02 nm, Epot= -9.80783e+05 Fmax= 9.04169e+03, atom= 1255
Step=  588, Dmax= 1.2e-02 nm, Epot= -9.80810e+05 Fmax= 1.00016e+04, atom= 1255
Step=  589, Dmax= 1.5e-02 nm, Epot= -9.80805e+05 Fmax= 1.28012e+04, atom= 1255
Step=  590, Dmax= 7.4e-03 nm, Epot= -9.80907e+05 Fmax= 1.40972e+03, atom= 1255
Step=  591, Dmax= 8.9e-03 nm, Epot= -9.80980e+05 Fmax= 1.23621e+04, atom= 1255
Step=  592, Dmax= 1.1e-02 nm, Epot= -9.81108e+05 Fmax= 4.08872e+03, atom= 1255
Step=  593, Dmax= 1.3e-02 nm, Epot= -9.81027e+05 Fmax= 1.56791e+04, atom= 1255
Step=  594, Dmax= 6.4e-03 nm, Epot= -9.81141e+05 Fmax= 5.79731e+03, atom= 1255
Step=  595, Dmax= 7.7e-03 nm, Epot= -9.81177e+05 Fmax= 6.03479e+03, atom= 1255
Step=  596, Dmax= 9.3e-03 nm, Epot= -9.81199e+05 Fmax= 8.19095e+03, atom= 1255
Step=  597, Dmax= 1.1e-02 nm, Epot= -9.81230e+05 Fmax= 8.84299e+03, atom= 1255
Step=  598, Dmax= 1.3e-02 nm, Epot= -9.81232e+05 Fmax= 1.16235e+04, atom= 1255
Step=  599, Dmax= 1.6e-02 nm, Epot= -9.81248e+05 Fmax= 1.28841e+04, atom= 1255
Step=  600, Dmax= 1.9e-02 nm, Epot= -9.81210e+05 Fmax= 1.65419e+04, atom= 1255
Step=  601, Dmax= 9.6e-03 nm, Epot= -9.81390e+05 Fmax= 1.84314e+03, atom= 1255
Step=  602, Dmax= 1.2e-02 nm, Epot= -9.81390e+05 Fmax= 1.57982e+04, atom= 1255
Step=  603, Dmax= 5.8e-03 nm, Epot= -9.81448e+05 Fmax= 6.96103e+03, atom= 1255
Step=  604, Dmax= 6.9e-03 nm, Epot= -9.81502e+05 Fmax= 3.65866e+03, atom= 1255
Step=  605, Dmax= 8.3e-03 nm, Epot= -9.81517e+05 Fmax= 9.05203e+03, atom= 1255
Step=  606, Dmax= 1.0e-02 nm, Epot= -9.81580e+05 Fmax= 6.23406e+03, atom= 1255
Step=  607, Dmax= 1.2e-02 nm, Epot= -9.81556e+05 Fmax= 1.20706e+04, atom= 1255
Step=  608, Dmax= 6.0e-03 nm, Epot= -9.81630e+05 Fmax= 2.92131e+03, atom= 1255
Step=  609, Dmax= 7.2e-03 nm, Epot= -9.81658e+05 Fmax= 8.10143e+03, atom= 1255
Step=  610, Dmax= 8.6e-03 nm, Epot= -9.81718e+05 Fmax= 5.08651e+03, atom= 1255
Step=  611, Dmax= 1.0e-02 nm, Epot= -9.81710e+05 Fmax= 1.07701e+04, atom= 1255
Step=  612, Dmax= 5.2e-03 nm, Epot= -9.81759e+05 Fmax= 2.84229e+03, atom= 1255
Step=  613, Dmax= 6.2e-03 nm, Epot= -9.81795e+05 Fmax= 6.64312e+03, atom= 1255
Step=  614, Dmax= 7.4e-03 nm, Epot= -9.81843e+05 Fmax= 4.77314e+03, atom= 1255
Step=  615, Dmax= 8.9e-03 nm, Epot= -9.81855e+05 Fmax= 8.89346e+03, atom= 1255
Step=  616, Dmax= 1.1e-02 nm, Epot= -9.81905e+05 Fmax= 7.53716e+03, atom= 1255
Step=  617, Dmax= 1.3e-02 nm, Epot= -9.81888e+05 Fmax= 1.21382e+04, atom= 1255
Step=  618, Dmax= 6.4e-03 nm, Epot= -9.81966e+05 Fmax= 2.30520e+03, atom= 1255
Step=  619, Dmax= 7.7e-03 nm, Epot= -9.81999e+05 Fmax= 9.55202e+03, atom= 1255
Step=  620, Dmax= 9.2e-03 nm, Epot= -9.82076e+05 Fmax= 4.62724e+03, atom= 1255
Step=  621, Dmax= 1.1e-02 nm, Epot= -9.82048e+05 Fmax= 1.24215e+04, atom= 1255
Step=  622, Dmax= 5.5e-03 nm, Epot= -9.82114e+05 Fmax= 3.89732e+03, atom= 1255
Step=  623, Dmax= 6.7e-03 nm, Epot= -9.82144e+05 Fmax= 6.30312e+03, atom= 1255
Step=  624, Dmax= 8.0e-03 nm, Epot= -9.82183e+05 Fmax= 5.96893e+03, atom= 1255
Step=  625, Dmax= 9.6e-03 nm, Epot= -9.82199e+05 Fmax= 8.72313e+03, atom= 1255
Step=  626, Dmax= 1.2e-02 nm, Epot= -9.82233e+05 Fmax= 8.93716e+03, atom= 1255
Step=  627, Dmax= 1.4e-02 nm, Epot= -9.82227e+05 Fmax= 1.22103e+04, atom= 1255
Step=  628, Dmax= 6.9e-03 nm, Epot= -9.82309e+05 Fmax= 1.64361e+03, atom= 1255
Step=  629, Dmax= 8.3e-03 nm, Epot= -9.82364e+05 Fmax= 1.11191e+04, atom= 1255
Step=  630, Dmax= 9.9e-03 nm, Epot= -9.82464e+05 Fmax= 4.12888e+03, atom= 1255
Step=  631, Dmax= 1.2e-02 nm, Epot= -9.82414e+05 Fmax= 1.42034e+04, atom= 1255
Step=  632, Dmax= 6.0e-03 nm, Epot= -9.82498e+05 Fmax= 5.03786e+03, atom= 1255
Step=  633, Dmax= 7.2e-03 nm, Epot= -9.82530e+05 Fmax= 5.93079e+03, atom= 1255
Step=  634, Dmax= 8.6e-03 nm, Epot= -9.82558e+05 Fmax= 7.26195e+03, atom= 1255
Step=  635, Dmax= 1.0e-02 nm, Epot= -9.82582e+05 Fmax= 8.53249e+03, atom= 1255
Step=  636, Dmax= 1.2e-02 nm, Epot= -9.82597e+05 Fmax= 1.04498e+04, atom= 1255
Step=  637, Dmax= 1.5e-02 nm, Epot= -9.82607e+05 Fmax= 1.22793e+04, atom= 1255
Step=  638, Dmax= 1.8e-02 nm, Epot= -9.82594e+05 Fmax= 1.50176e+04, atom= 1255
Step=  639, Dmax= 8.9e-03 nm, Epot= -9.82730e+05 Fmax= 1.38212e+03, atom= 1255
Step=  640, Dmax= 1.1e-02 nm, Epot= -9.82788e+05 Fmax= 1.49546e+04, atom= 1255
Step=  641, Dmax= 1.3e-02 nm, Epot= -9.82951e+05 Fmax= 4.76088e+03, atom= 1255
Step=  642, Dmax= 1.5e-02 nm, Epot= -9.82810e+05 Fmax= 1.87967e+04, atom= 1255
Step=  643, Dmax= 7.7e-03 nm, Epot= -9.82975e+05 Fmax= 7.02905e+03, atom= 1255
Step=  644, Dmax= 9.2e-03 nm, Epot= -9.83009e+05 Fmax= 7.15363e+03, atom= 1255
Step=  645, Dmax= 1.1e-02 nm, Epot= -9.83020e+05 Fmax= 9.82234e+03, atom= 1255
Step=  646, Dmax= 1.3e-02 nm, Epot= -9.83045e+05 Fmax= 1.05803e+04, atom= 1255
Step=  647, Dmax= 1.6e-02 nm, Epot= -9.83031e+05 Fmax= 1.38457e+04, atom= 1255
Step=  648, Dmax= 8.0e-03 nm, Epot= -9.83141e+05 Fmax= 1.64406e+03, atom= 1255
Step=  649, Dmax= 9.6e-03 nm, Epot= -9.83182e+05 Fmax= 1.31106e+04, atom= 1255
Step=  650, Dmax= 1.1e-02 nm, Epot= -9.83308e+05 Fmax= 4.51273e+03, atom= 1255
Step=  651, Dmax= 1.4e-02 nm, Epot= -9.83215e+05 Fmax= 1.66663e+04, atom= 1255
Step=  652, Dmax= 6.9e-03 nm, Epot= -9.83337e+05 Fmax= 6.07885e+03, atom= 1255
Step=  653, Dmax= 8.3e-03 nm, Epot= -9.83369e+05 Fmax= 6.59645e+03, atom= 1255
Step=  654, Dmax= 9.9e-03 nm, Epot= -9.83388e+05 Fmax= 8.64468e+03, atom= 1255
Step=  655, Dmax= 1.2e-02 nm, Epot= -9.83412e+05 Fmax= 9.60285e+03, atom= 1255
Step=  656, Dmax= 1.4e-02 nm, Epot= -9.83411e+05 Fmax= 1.23226e+04, atom= 1255
Step=  657, Dmax= 7.1e-03 nm, Epot= -9.83493e+05 Fmax= 1.36485e+03, atom= 1255
Step=  658, Dmax= 8.6e-03 nm, Epot= -9.83568e+05 Fmax= 1.17440e+04, atom= 1255
Step=  659, Dmax= 1.0e-02 nm, Epot= -9.83672e+05 Fmax= 4.06768e+03, atom= 1255
Step=  660, Dmax= 1.2e-02 nm, Epot= -9.83615e+05 Fmax= 1.48418e+04, atom= 1255
Step=  661, Dmax= 6.2e-03 nm, Epot= -9.83703e+05 Fmax= 5.39134e+03, atom= 1255
Step=  662, Dmax= 7.4e-03 nm, Epot= -9.83734e+05 Fmax= 5.99341e+03, atom= 1255
Step=  663, Dmax= 8.9e-03 nm, Epot= -9.83758e+05 Fmax= 7.63062e+03, atom= 1255
Step=  664, Dmax= 1.1e-02 nm, Epot= -9.83782e+05 Fmax= 8.75102e+03, atom= 1255
Step=  665, Dmax= 1.3e-02 nm, Epot= -9.83792e+05 Fmax= 1.08608e+04, atom= 1255
Step=  666, Dmax= 1.5e-02 nm, Epot= -9.83801e+05 Fmax= 1.27026e+04, atom= 1255
Step=  667, Dmax= 1.8e-02 nm, Epot= -9.83786e+05 Fmax= 1.55049e+04, atom= 1255
Step=  668, Dmax= 9.2e-03 nm, Epot= -9.83925e+05 Fmax= 1.42191e+03, atom= 1255
Step=  669, Dmax= 1.1e-02 nm, Epot= -9.83967e+05 Fmax= 1.56321e+04, atom= 1255
Step=  670, Dmax= 1.3e-02 nm, Epot= -9.84134e+05 Fmax= 4.75027e+03, atom= 1255
Step=  671, Dmax= 1.6e-02 nm, Epot= -9.83980e+05 Fmax= 1.97141e+04, atom= 1255
Step=  672, Dmax= 8.0e-03 nm, Epot= -9.84155e+05 Fmax= 7.49081e+03, atom= 1255
Step=  673, Dmax= 9.6e-03 nm, Epot= -9.84190e+05 Fmax= 7.15949e+03, atom= 1255
Step=  674, Dmax= 1.1e-02 nm, Epot= -9.84194e+05 Fmax= 1.04486e+04, atom= 1255
Step=  675, Dmax= 1.4e-02 nm, Epot= -9.84224e+05 Fmax= 1.06337e+04, atom= 1255
Step=  676, Dmax= 1.7e-02 nm, Epot= -9.84196e+05 Fmax= 1.46890e+04, atom= 1255
Step=  677, Dmax= 8.3e-03 nm, Epot= -9.84315e+05 Fmax= 2.03445e+03, atom= 1255
Step=  678, Dmax= 9.9e-03 nm, Epot= -9.84329e+05 Fmax= 1.31330e+04, atom= 1255
Step=  679, Dmax= 1.2e-02 nm, Epot= -9.84447e+05 Fmax= 5.12832e+03, atom= 1255
Step=  680, Dmax= 1.4e-02 nm, Epot= -9.84353e+05 Fmax= 1.67228e+04, atom= 1255
Step=  681, Dmax= 7.1e-03 nm, Epot= -9.84478e+05 Fmax= 5.80200e+03, atom= 1255
Step=  682, Dmax= 8.6e-03 nm, Epot= -9.84502e+05 Fmax= 7.34808e+03, atom= 1255
Step=  683, Dmax= 1.0e-02 nm, Epot= -9.84525e+05 Fmax= 8.39303e+03, atom= 1255
Step=  684, Dmax= 1.2e-02 nm, Epot= -9.84536e+05 Fmax= 1.05284e+04, atom= 1255
Step=  685, Dmax= 1.5e-02 nm, Epot= -9.84548e+05 Fmax= 1.21251e+04, atom= 1255
Step=  686, Dmax= 1.8e-02 nm, Epot= -9.84532e+05 Fmax= 1.50850e+04, atom= 1255
Step=  687, Dmax= 8.9e-03 nm, Epot= -9.84660e+05 Fmax= 1.49168e+03, atom= 1255
Step=  688, Dmax= 1.1e-02 nm, Epot= -9.84699e+05 Fmax= 1.47916e+04, atom= 1255
Step=  689, Dmax= 1.3e-02 nm, Epot= -9.84846e+05 Fmax= 4.85606e+03, atom= 1255
Step=  690, Dmax= 1.5e-02 nm, Epot= -9.84716e+05 Fmax= 1.86253e+04, atom= 1255
Step=  691, Dmax= 7.7e-03 nm, Epot= -9.84869e+05 Fmax= 6.89455e+03, atom= 1255
Step=  692, Dmax= 9.2e-03 nm, Epot= -9.84899e+05 Fmax= 7.24260e+03, atom= 1255
Step=  693, Dmax= 1.1e-02 nm, Epot= -9.84910e+05 Fmax= 9.67695e+03, atom= 1255
Step=  694, Dmax= 1.3e-02 nm, Epot= -9.84931e+05 Fmax= 1.06606e+04, atom= 1255
Step=  695, Dmax= 1.6e-02 nm, Epot= -9.84920e+05 Fmax= 1.36853e+04, atom= 1255
Step=  696, Dmax= 7.9e-03 nm, Epot= -9.85020e+05 Fmax= 1.52393e+03, atom= 1255
Step=  697, Dmax= 9.5e-03 nm, Epot= -9.85065e+05 Fmax= 1.31930e+04, atom= 1255
Step=  698, Dmax= 1.1e-02 nm, Epot= -9.85184e+05 Fmax= 4.37536e+03, atom= 1255
Step=  699, Dmax= 1.4e-02 nm, Epot= -9.85094e+05 Fmax= 1.67391e+04, atom= 1255
Step=  700, Dmax= 6.9e-03 nm, Epot= -9.85210e+05 Fmax= 6.18437e+03, atom= 1255
Step=  701, Dmax= 8.2e-03 nm, Epot= -9.85240e+05 Fmax= 6.44976e+03, atom= 1255
Step=  702, Dmax= 9.9e-03 nm, Epot= -9.85255e+05 Fmax= 8.74436e+03, atom= 1255
Step=  703, Dmax= 1.2e-02 nm, Epot= -9.85280e+05 Fmax= 9.44395e+03, atom= 1255
Step=  704, Dmax= 1.4e-02 nm, Epot= -9.85275e+05 Fmax= 1.24126e+04, atom= 1255
Step=  705, Dmax= 7.1e-03 nm, Epot= -9.85353e+05 Fmax= 1.48887e+03, atom= 1255
Step=  706, Dmax= 8.5e-03 nm, Epot= -9.85408e+05 Fmax= 1.15770e+04, atom= 1255
Step=  707, Dmax= 1.0e-02 nm, Epot= -9.85502e+05 Fmax= 4.18193e+03, atom= 1255
Step=  708, Dmax= 1.2e-02 nm, Epot= -9.85448e+05 Fmax= 1.46651e+04, atom= 1255
Step=  709, Dmax= 6.2e-03 nm, Epot= -9.85531e+05 Fmax= 5.24525e+03, atom= 1255
Step=  710, Dmax= 7.4e-03 nm, Epot= -9.85559e+05 Fmax= 6.10354e+03, atom= 1255
Step=  711, Dmax= 8.9e-03 nm, Epot= -9.85582e+05 Fmax= 7.47540e+03, atom= 1255
Step=  712, Dmax= 1.1e-02 nm, Epot= -9.85601e+05 Fmax= 8.85471e+03, atom= 1255
Step=  713, Dmax= 1.3e-02 nm, Epot= -9.85613e+05 Fmax= 1.06925e+04, atom= 1255
Step=  714, Dmax= 1.5e-02 nm, Epot= -9.85616e+05 Fmax= 1.27964e+04, atom= 1255
Step=  715, Dmax= 1.8e-02 nm, Epot= -9.85605e+05 Fmax= 1.53193e+04, atom= 1255
Step=  716, Dmax= 9.2e-03 nm, Epot= -9.85735e+05 Fmax= 1.28294e+03, atom= 1255
Step=  717, Dmax= 1.1e-02 nm, Epot= -9.85786e+05 Fmax= 1.57282e+04, atom= 1255
Step=  718, Dmax= 1.3e-02 nm, Epot= -9.85945e+05 Fmax= 4.59440e+03, atom= 1255
Step=  719, Dmax= 1.6e-02 nm, Epot= -9.85795e+05 Fmax= 1.97928e+04, atom= 1255
Step=  720, Dmax= 7.9e-03 nm, Epot= -9.85963e+05 Fmax= 7.61075e+03, atom= 1255
Step=  721, Dmax= 9.5e-03 nm, Epot= -9.85997e+05 Fmax= 6.99302e+03, atom= 1255
Step=  722, Dmax= 1.1e-02 nm, Epot= -9.85996e+05 Fmax= 1.05611e+04, atom= 1255
Step=  723, Dmax= 5.7e-03 nm, Epot= -9.86044e+05 Fmax= 1.78511e+03, atom= 1255
Step=  724, Dmax= 6.9e-03 nm, Epot= -9.86089e+05 Fmax= 8.70719e+03, atom= 1255
Step=  725, Dmax= 8.2e-03 nm, Epot= -9.86148e+05 Fmax= 3.93567e+03, atom= 1255
Step=  726, Dmax= 9.9e-03 nm, Epot= -9.86138e+05 Fmax= 1.11916e+04, atom= 1255
Step=  727, Dmax= 4.9e-03 nm, Epot= -9.86178e+05 Fmax= 3.62956e+03, atom= 1255
Step=  728, Dmax= 5.9e-03 nm, Epot= -9.86205e+05 Fmax= 5.48243e+03, atom= 1255
Step=  729, Dmax= 7.1e-03 nm, Epot= -9.86235e+05 Fmax= 5.41509e+03, atom= 1255
Step=  730, Dmax= 8.5e-03 nm, Epot= -9.86253e+05 Fmax= 7.69685e+03, atom= 1255
Step=  731, Dmax= 1.0e-02 nm, Epot= -9.86281e+05 Fmax= 7.99449e+03, atom= 1255
Step=  732, Dmax= 1.2e-02 nm, Epot= -9.86284e+05 Fmax= 1.08694e+04, atom= 1255
Step=  733, Dmax= 1.5e-02 nm, Epot= -9.86303e+05 Fmax= 1.17118e+04, atom= 1255
Step=  734, Dmax= 1.8e-02 nm, Epot= -9.86276e+05 Fmax= 1.54141e+04, atom= 1255
Step=  735, Dmax= 8.8e-03 nm, Epot= -9.86402e+05 Fmax= 1.86151e+03, atom= 1255
Step=  736, Dmax= 1.1e-02 nm, Epot= -9.86408e+05 Fmax= 1.43766e+04, atom= 1255
Step=  737, Dmax= 1.3e-02 nm, Epot= -9.86538e+05 Fmax= 5.19760e+03, atom= 1255
Step=  738, Dmax= 1.5e-02 nm, Epot= -9.86418e+05 Fmax= 1.82087e+04, atom= 1255
Step=  739, Dmax= 7.6e-03 nm, Epot= -9.86562e+05 Fmax= 6.51218e+03, atom= 1255
Step=  740, Dmax= 9.2e-03 nm, Epot= -9.86585e+05 Fmax= 7.57891e+03, atom= 1255
Step=  741, Dmax= 1.1e-02 nm, Epot= -9.86600e+05 Fmax= 9.28432e+03, atom= 1255
Step=  742, Dmax= 1.3e-02 nm, Epot= -9.86610e+05 Fmax= 1.09880e+04, atom= 1255
Step=  743, Dmax= 1.6e-02 nm, Epot= -9.86608e+05 Fmax= 1.32781e+04, atom= 1255
Step=  744, Dmax= 7.9e-03 nm, Epot= -9.86699e+05 Fmax= 1.15817e+03, atom= 1255
Step=  745, Dmax= 9.5e-03 nm, Epot= -9.86774e+05 Fmax= 1.35357e+04, atom= 1255
Step=  746, Dmax= 1.1e-02 nm, Epot= -9.86894e+05 Fmax= 3.98666e+03, atom= 1255
Step=  747, Dmax= 1.4e-02 nm, Epot= -9.86804e+05 Fmax= 1.70635e+04, atom= 1255
Step=  748, Dmax= 6.8e-03 nm, Epot= -9.86915e+05 Fmax= 6.54494e+03, atom= 1255
Step=  749, Dmax= 8.2e-03 nm, Epot= -9.86947e+05 Fmax= 6.05088e+03, atom= 1255
Step=  750, Dmax= 9.9e-03 nm, Epot= -9.86956e+05 Fmax= 9.09769e+03, atom= 1255
Step=  751, Dmax= 1.2e-02 nm, Epot= -9.86985e+05 Fmax= 9.03329e+03, atom= 1255
Step=  752, Dmax= 1.4e-02 nm, Epot= -9.86971e+05 Fmax= 1.27562e+04, atom= 1255
Step=  753, Dmax= 7.1e-03 nm, Epot= -9.87050e+05 Fmax= 1.86499e+03, atom= 1255
Step=  754, Dmax= 8.5e-03 nm, Epot= -9.87077e+05 Fmax= 1.11649e+04, atom= 1255
Step=  755, Dmax= 1.0e-02 nm, Epot= -9.87161e+05 Fmax= 4.53937e+03, atom= 1255
Step=  756, Dmax= 1.2e-02 nm, Epot= -9.87109e+05 Fmax= 1.42470e+04, atom= 1255
Step=  757, Dmax= 6.1e-03 nm, Epot= -9.87188e+05 Fmax= 4.85671e+03, atom= 1255
Step=  758, Dmax= 7.4e-03 nm, Epot= -9.87210e+05 Fmax= 6.45684e+03, atom= 1255
Step=  759, Dmax= 8.8e-03 nm, Epot= -9.87236e+05 Fmax= 7.07739e+03, atom= 1255
Step=  760, Dmax= 1.1e-02 nm, Epot= -9.87247e+05 Fmax= 9.20150e+03, atom= 1255
Step=  761, Dmax= 1.3e-02 nm, Epot= -9.87265e+05 Fmax= 1.02822e+04, atom= 1255
Step=  762, Dmax= 1.5e-02 nm, Epot= -9.87257e+05 Fmax= 1.31326e+04, atom= 1255
Step=  763, Dmax= 7.6e-03 nm, Epot= -9.87343e+05 Fmax= 1.43181e+03, atom= 1255
Step=  764, Dmax= 9.2e-03 nm, Epot= -9.87390e+05 Fmax= 1.25572e+04, atom= 1255
Step=  765, Dmax= 1.1e-02 nm, Epot= -9.87492e+05 Fmax= 4.33255e+03, atom= 1255
Step=  766, Dmax= 1.3e-02 nm, Epot= -9.87417e+05 Fmax= 1.58572e+04, atom= 1255
Step=  767, Dmax= 6.6e-03 nm, Epot= -9.87516e+05 Fmax= 5.76769e+03, atom= 1255
Step=  768, Dmax= 7.9e-03 nm, Epot= -9.87541e+05 Fmax= 6.39279e+03, atom= 1255
Step=  769, Dmax= 9.5e-03 nm, Epot= -9.87557e+05 Fmax= 8.15485e+03, atom= 1255
Step=  770, Dmax= 1.1e-02 nm, Epot= -9.87575e+05 Fmax= 9.34127e+03, atom= 1255
Step=  771, Dmax= 1.4e-02 nm, Epot= -9.87577e+05 Fmax= 1.15991e+04, atom= 1255
Step=  772, Dmax= 1.6e-02 nm, Epot= -9.87578e+05 Fmax= 1.35631e+04, atom= 1255
Step=  773, Dmax= 2.0e-02 nm, Epot= -9.87555e+05 Fmax= 1.65502e+04, atom= 1255
Step=  774, Dmax= 9.8e-03 nm, Epot= -9.87702e+05 Fmax= 1.51855e+03, atom= 1255
Step=  775, Dmax= 1.2e-02 nm, Epot= -9.87704e+05 Fmax= 1.67042e+04, atom= 1255
Step=  776, Dmax= 1.4e-02 nm, Epot= -9.87872e+05 Fmax= 5.06669e+03, atom= 1255
Step=  777, Dmax= 1.7e-02 nm, Epot= -9.87695e+05 Fmax= 2.10616e+04, atom= 1255
Step=  778, Dmax= 8.5e-03 nm, Epot= -9.87885e+05 Fmax= 8.00819e+03, atom= 1255
Step=  779, Dmax= 1.0e-02 nm, Epot= -9.87915e+05 Fmax= 7.63650e+03, atom= 1255
Step=  780, Dmax= 1.2e-02 nm, Epot= -9.87910e+05 Fmax= 1.11689e+04, atom= 1255
Step=  781, Dmax= 6.1e-03 nm, Epot= -9.87965e+05 Fmax= 1.76748e+03, atom= 1255
Step=  782, Dmax= 7.3e-03 nm, Epot= -9.88002e+05 Fmax= 9.47219e+03, atom= 1255
Step=  783, Dmax= 8.8e-03 nm, Epot= -9.88065e+05 Fmax= 4.07479e+03, atom= 1255
Step=  784, Dmax= 1.1e-02 nm, Epot= -9.88042e+05 Fmax= 1.21315e+04, atom= 1255
Step=  785, Dmax= 5.3e-03 nm, Epot= -9.88092e+05 Fmax= 4.03006e+03, atom= 1255
Step=  786, Dmax= 6.3e-03 nm, Epot= -9.88115e+05 Fmax= 5.73236e+03, atom= 1255
Step=  787, Dmax= 7.6e-03 nm, Epot= -9.88142e+05 Fmax= 5.94306e+03, atom= 1255
Step=  788, Dmax= 9.1e-03 nm, Epot= -9.88156e+05 Fmax= 8.10467e+03, atom= 1255
Step=  789, Dmax= 1.1e-02 nm, Epot= -9.88178e+05 Fmax= 8.70571e+03, atom= 1255
Step=  790, Dmax= 1.3e-02 nm, Epot= -9.88177e+05 Fmax= 1.15035e+04, atom= 1255
Step=  791, Dmax= 6.6e-03 nm, Epot= -9.88238e+05 Fmax= 1.40239e+03, atom= 1255
Step=  792, Dmax= 7.9e-03 nm, Epot= -9.88289e+05 Fmax= 1.06618e+04, atom= 1255
Step=  793, Dmax= 9.5e-03 nm, Epot= -9.88365e+05 Fmax= 3.90566e+03, atom= 1255
Step=  794, Dmax= 1.1e-02 nm, Epot= -9.88327e+05 Fmax= 1.35102e+04, atom= 1255
Step=  795, Dmax= 5.7e-03 nm, Epot= -9.88391e+05 Fmax= 4.80519e+03, atom= 1255
Step=  796, Dmax= 6.8e-03 nm, Epot= -9.88415e+05 Fmax= 5.68849e+03, atom= 1255
Step=  797, Dmax= 8.2e-03 nm, Epot= -9.88435e+05 Fmax= 6.86025e+03, atom= 1255
Step=  798, Dmax= 9.8e-03 nm, Epot= -9.88453e+05 Fmax= 8.23837e+03, atom= 1255
Step=  799, Dmax= 1.2e-02 nm, Epot= -9.88466e+05 Fmax= 9.82941e+03, atom= 1255
Step=  800, Dmax= 1.4e-02 nm, Epot= -9.88469e+05 Fmax= 1.18897e+04, atom= 1255
Step=  801, Dmax= 1.7e-02 nm, Epot= -9.88464e+05 Fmax= 1.41043e+04, atom= 1255
Step=  802, Dmax= 8.5e-03 nm, Epot= -9.88566e+05 Fmax= 1.12469e+03, atom= 1255
Step=  803, Dmax= 1.0e-02 nm, Epot= -9.88628e+05 Fmax= 1.46255e+04, atom= 1255
Step=  804, Dmax= 1.2e-02 nm, Epot= -9.88759e+05 Fmax= 4.15649e+03, atom= 1255
Step=  805, Dmax= 1.5e-02 nm, Epot= -9.88643e+05 Fmax= 1.83960e+04, atom= 1255
Step=  806, Dmax= 7.3e-03 nm, Epot= -9.88775e+05 Fmax= 7.13010e+03, atom= 1255
Step=  807, Dmax= 8.8e-03 nm, Epot= -9.88805e+05 Fmax= 6.36666e+03, atom= 1255
Step=  808, Dmax= 1.1e-02 nm, Epot= -9.88806e+05 Fmax= 9.86485e+03, atom= 1255
Step=  809, Dmax= 1.3e-02 nm, Epot= -9.88835e+05 Fmax= 9.55997e+03, atom= 1255
Step=  810, Dmax= 1.5e-02 nm, Epot= -9.88811e+05 Fmax= 1.37834e+04, atom= 1255
Step=  811, Dmax= 7.6e-03 nm, Epot= -9.88902e+05 Fmax= 2.11615e+03, atom= 1255
Step=  812, Dmax= 9.1e-03 nm, Epot= -9.88910e+05 Fmax= 1.18473e+04, atom= 1255
Step=  813, Dmax= 1.1e-02 nm, Epot= -9.88996e+05 Fmax= 4.97755e+03, atom= 1255
Step=  814, Dmax= 1.3e-02 nm, Epot= -9.88930e+05 Fmax= 1.51501e+04, atom= 1255
Step=  815, Dmax= 6.6e-03 nm, Epot= -9.89022e+05 Fmax= 5.08956e+03, atom= 1255
Step=  816, Dmax= 7.9e-03 nm, Epot= -9.89039e+05 Fmax= 7.03185e+03, atom= 1255
Step=  817, Dmax= 9.5e-03 nm, Epot= -9.89063e+05 Fmax= 7.46884e+03, atom= 1255
Step=  818, Dmax= 1.1e-02 nm, Epot= -9.89068e+05 Fmax= 9.97143e+03, atom= 1255
Step=  819, Dmax= 1.4e-02 nm, Epot= -9.89084e+05 Fmax= 1.09012e+04, atom= 1255
Step=  820, Dmax= 1.6e-02 nm, Epot= -9.89066e+05 Fmax= 1.41814e+04, atom= 1255
Step=  821, Dmax= 8.2e-03 nm, Epot= -9.89166e+05 Fmax= 1.64785e+03, atom= 1255
Step=  822, Dmax= 9.8e-03 nm, Epot= -9.89182e+05 Fmax= 1.33462e+04, atom= 1255
Step=  823, Dmax= 1.2e-02 nm, Epot= -9.89290e+05 Fmax= 4.74870e+03, atom= 1255
Step=  824, Dmax= 1.4e-02 nm, Epot= -9.89196e+05 Fmax= 1.68828e+04, atom= 1255
Step=  825, Dmax= 7.1e-03 nm, Epot= -9.89311e+05 Fmax= 6.07277e+03, atom= 1255
Step=  826, Dmax= 8.5e-03 nm, Epot= -9.89332e+05 Fmax= 6.95572e+03, atom= 1255
Step=  827, Dmax= 1.0e-02 nm, Epot= -9.89346e+05 Fmax= 8.63016e+03, atom= 1255
Step=  828, Dmax= 1.2e-02 nm, Epot= -9.89358e+05 Fmax= 1.01140e+04, atom= 1255
Step=  829, Dmax= 1.5e-02 nm, Epot= -9.89357e+05 Fmax= 1.23183e+04, atom= 1255
Step=  830, Dmax= 7.3e-03 nm, Epot= -9.89431e+05 Fmax= 1.11249e+03, atom= 1255
Step=  831, Dmax= 8.8e-03 nm, Epot= -9.89496e+05 Fmax= 1.24856e+04, atom= 1255
Step=  832, Dmax= 1.1e-02 nm, Epot= -9.89594e+05 Fmax= 3.70492e+03, atom= 1255
Step=  833, Dmax= 1.3e-02 nm, Epot= -9.89526e+05 Fmax= 1.57620e+04, atom= 1255
Step=  834, Dmax= 6.3e-03 nm, Epot= -9.89614e+05 Fmax= 6.03292e+03, atom= 1255
Step=  835, Dmax= 7.6e-03 nm, Epot= -9.89642e+05 Fmax= 5.60666e+03, atom= 1255
Step=  836, Dmax= 9.1e-03 nm, Epot= -9.89651e+05 Fmax= 8.40018e+03, atom= 1255
Step=  837, Dmax= 1.1e-02 nm, Epot= -9.89676e+05 Fmax= 8.35762e+03, atom= 1255
Step=  838, Dmax= 1.3e-02 nm, Epot= -9.89667e+05 Fmax= 1.17897e+04, atom= 1255
Step=  839, Dmax= 6.6e-03 nm, Epot= -9.89730e+05 Fmax= 1.71911e+03, atom= 1255
Step=  840, Dmax= 7.9e-03 nm, Epot= -9.89759e+05 Fmax= 1.03137e+04, atom= 1255
Step=  841, Dmax= 9.4e-03 nm, Epot= -9.89828e+05 Fmax= 4.20392e+03, atom= 1255
Step=  842, Dmax= 1.1e-02 nm, Epot= -9.89790e+05 Fmax= 1.31562e+04, atom= 1255
Step=  843, Dmax= 5.7e-03 nm, Epot= -9.89853e+05 Fmax= 4.47844e+03, atom= 1255
Step=  844, Dmax= 6.8e-03 nm, Epot= -9.89873e+05 Fmax= 5.98261e+03, atom= 1255
Step=  845, Dmax= 8.2e-03 nm, Epot= -9.89894e+05 Fmax= 6.52537e+03, atom= 1255
Step=  846, Dmax= 9.8e-03 nm, Epot= -9.89907e+05 Fmax= 8.52605e+03, atom= 1255
Step=  847, Dmax= 1.2e-02 nm, Epot= -9.89923e+05 Fmax= 9.48314e+03, atom= 1255
Step=  848, Dmax= 1.4e-02 nm, Epot= -9.89918e+05 Fmax= 1.21678e+04, atom= 1255
Step=  849, Dmax= 7.1e-03 nm, Epot= -9.89987e+05 Fmax= 1.34698e+03, atom= 1255
Step=  850, Dmax= 8.5e-03 nm, Epot= -9.90032e+05 Fmax= 1.15701e+04, atom= 1255
Step=  851, Dmax= 1.0e-02 nm, Epot= -9.90116e+05 Fmax= 4.04141e+03, atom= 1255
Step=  852, Dmax= 1.2e-02 nm, Epot= -9.90060e+05 Fmax= 1.46158e+04, atom= 1255
Step=  853, Dmax= 6.1e-03 nm, Epot= -9.90138e+05 Fmax= 5.29148e+03, atom= 1255
Step=  854, Dmax= 7.3e-03 nm, Epot= -9.90159e+05 Fmax= 5.95211e+03, atom= 1255
Step=  855, Dmax= 8.8e-03 nm, Epot= -9.90176e+05 Fmax= 7.49255e+03, atom= 1255
Step=  856, Dmax= 1.1e-02 nm, Epot= -9.90191e+05 Fmax= 8.68417e+03, atom= 1255
Step=  857, Dmax= 1.3e-02 nm, Epot= -9.90197e+05 Fmax= 1.06720e+04, atom= 1255
Step=  858, Dmax= 1.5e-02 nm, Epot= -9.90198e+05 Fmax= 1.25951e+04, atom= 1255
Step=  859, Dmax= 1.8e-02 nm, Epot= -9.90182e+05 Fmax= 1.52481e+04, atom= 1255
Step=  860, Dmax= 9.1e-03 nm, Epot= -9.90302e+05 Fmax= 1.34655e+03, atom= 1255
Step=  861, Dmax= 1.1e-02 nm, Epot= -9.90319e+05 Fmax= 1.55197e+04, atom= 1255
Step=  862, Dmax= 1.3e-02 nm, Epot= -9.90459e+05 Fmax= 4.60098e+03, atom= 1255
Step=  863, Dmax= 1.6e-02 nm, Epot= -9.90316e+05 Fmax= 1.95611e+04, atom= 1255
Step=  864, Dmax= 7.9e-03 nm, Epot= -9.90470e+05 Fmax= 7.48957e+03, atom= 1255
Step=  865, Dmax= 9.4e-03 nm, Epot= -9.90498e+05 Fmax= 6.96941e+03, atom= 1255
Step=  866, Dmax= 1.1e-02 nm, Epot= -9.90495e+05 Fmax= 1.04190e+04, atom= 1255
Step=  867, Dmax= 5.7e-03 nm, Epot= -9.90540e+05 Fmax= 1.72575e+03, atom= 1255
Step=  868, Dmax= 6.8e-03 nm, Epot= -9.90572e+05 Fmax= 8.65567e+03, atom= 1255
Step=  869, Dmax= 8.1e-03 nm, Epot= -9.90623e+05 Fmax= 3.86776e+03, atom= 1255
Step=  870, Dmax= 9.8e-03 nm, Epot= -9.90609e+05 Fmax= 1.11077e+04, atom= 1255
Step=  871, Dmax= 4.9e-03 nm, Epot= -9.90649e+05 Fmax= 3.62148e+03, atom= 1255
Step=  872, Dmax= 5.9e-03 nm, Epot= -9.90669e+05 Fmax= 5.40638e+03, atom= 1255
Step=  873, Dmax= 7.0e-03 nm, Epot= -9.90693e+05 Fmax= 5.38327e+03, atom= 1255
Step=  874, Dmax= 8.4e-03 nm, Epot= -9.90706e+05 Fmax= 7.60591e+03, atom= 1255
Step=  875, Dmax= 1.0e-02 nm, Epot= -9.90727e+05 Fmax= 7.93147e+03, atom= 1255
Step=  876, Dmax= 1.2e-02 nm, Epot= -9.90725e+05 Fmax= 1.07546e+04, atom= 1255
Step=  877, Dmax= 6.1e-03 nm, Epot= -9.90776e+05 Fmax= 1.41388e+03, atom= 1255
Step=  878, Dmax= 7.3e-03 nm, Epot= -9.90818e+05 Fmax= 9.72975e+03, atom= 1255
Step=  879, Dmax= 8.8e-03 nm, Epot= -9.90880e+05 Fmax= 3.73511e+03, atom= 1255
Step=  880, Dmax= 1.1e-02 nm, Epot= -9.90853e+05 Fmax= 1.23584e+04, atom= 1255
Step=  881, Dmax= 5.3e-03 nm, Epot= -9.90904e+05 Fmax= 4.31403e+03, atom= 1255
Step=  882, Dmax= 6.3e-03 nm, Epot= -9.90925e+05 Fmax= 5.38877e+03, atom= 1255
Step=  883, Dmax= 7.6e-03 nm, Epot= -9.90945e+05 Fmax= 6.20819e+03, atom= 1255
Step=  884, Dmax= 9.1e-03 nm, Epot= -9.90959e+05 Fmax= 7.75212e+03, atom= 1255
Step=  885, Dmax= 1.1e-02 nm, Epot= -9.90974e+05 Fmax= 8.94755e+03, atom= 1255
Step=  886, Dmax= 1.3e-02 nm, Epot= -9.90975e+05 Fmax= 1.11347e+04, atom= 1255
Step=  887, Dmax= 1.6e-02 nm, Epot= -9.90975e+05 Fmax= 1.28966e+04, atom= 1255
Step=  888, Dmax= 1.9e-02 nm, Epot= -9.90951e+05 Fmax= 1.59752e+04, atom= 1255
Step=  889, Dmax= 9.4e-03 nm, Epot= -9.91082e+05 Fmax= 1.55382e+03, atom= 1255
Step=  890, Dmax= 1.1e-02 nm, Epot= -9.91076e+05 Fmax= 1.57047e+04, atom= 1255
Step=  891, Dmax= 5.6e-03 nm, Epot= -9.91122e+05 Fmax= 7.05568e+03, atom= 1255
Step=  892, Dmax= 6.8e-03 nm, Epot= -9.91161e+05 Fmax= 3.36665e+03, atom= 1255
Step=  893, Dmax= 8.1e-03 nm, Epot= -9.91164e+05 Fmax= 9.08745e+03, atom= 1255
Step=  894, Dmax= 9.8e-03 nm, Epot= -9.91211e+05 Fmax= 5.91208e+03, atom= 1255
Step=  895, Dmax= 1.2e-02 nm, Epot= -9.91184e+05 Fmax= 1.20326e+04, atom= 1255
Step=  896, Dmax= 5.9e-03 nm, Epot= -9.91243e+05 Fmax= 3.06292e+03, atom= 1255
Step=  897, Dmax= 7.0e-03 nm, Epot= -9.91255e+05 Fmax= 7.75860e+03, atom= 1255
Step=  898, Dmax= 8.4e-03 nm, Epot= -9.91294e+05 Fmax= 5.17098e+03, atom= 1255
Step=  899, Dmax= 1.0e-02 nm, Epot= -9.91283e+05 Fmax= 1.03908e+04, atom= 1255
Step=  900, Dmax= 5.1e-03 nm, Epot= -9.91323e+05 Fmax= 2.61019e+03, atom= 1255
Step=  901, Dmax= 6.1e-03 nm, Epot= -9.91343e+05 Fmax= 6.68094e+03, atom= 1255
Step=  902, Dmax= 7.3e-03 nm, Epot= -9.91376e+05 Fmax= 4.52171e+03, atom= 1255
Step=  903, Dmax= 8.7e-03 nm, Epot= -9.91378e+05 Fmax= 8.87309e+03, atom= 1255
Step=  904, Dmax= 1.0e-02 nm, Epot= -9.91414e+05 Fmax= 7.24852e+03, atom= 1255
Step=  905, Dmax= 1.3e-02 nm, Epot= -9.91392e+05 Fmax= 1.20421e+04, atom= 1255
Step=  906, Dmax= 6.3e-03 nm, Epot= -9.91455e+05 Fmax= 2.40108e+03, atom= 1255
Step=  907, Dmax= 7.6e-03 nm, Epot= -9.91466e+05 Fmax= 9.24228e+03, atom= 1255
Step=  908, Dmax= 9.1e-03 nm, Epot= -9.91520e+05 Fmax= 4.65967e+03, atom= 1255
Step=  909, Dmax= 1.1e-02 nm, Epot= -9.91491e+05 Fmax= 1.20730e+04, atom= 1255
Step=  910, Dmax= 5.4e-03 nm, Epot= -9.91545e+05 Fmax= 3.70636e+03, atom= 1255
Step=  911, Dmax= 6.5e-03 nm, Epot= -9.91561e+05 Fmax= 6.28969e+03, atom= 1255
Step=  912, Dmax= 7.8e-03 nm, Epot= -9.91587e+05 Fmax= 5.75286e+03, atom= 1255
Step=  913, Dmax= 9.4e-03 nm, Epot= -9.91593e+05 Fmax= 8.64956e+03, atom= 1255
Step=  914, Dmax= 1.1e-02 nm, Epot= -9.91615e+05 Fmax= 8.67853e+03, atom= 1255
Step=  915, Dmax= 1.4e-02 nm, Epot= -9.91604e+05 Fmax= 1.20569e+04, atom= 1255
Step=  916, Dmax= 6.8e-03 nm, Epot= -9.91670e+05 Fmax= 1.69576e+03, atom= 1255
Step=  917, Dmax= 8.1e-03 nm, Epot= -9.91690e+05 Fmax= 1.08429e+04, atom= 1255
Step=  918, Dmax= 9.7e-03 nm, Epot= -9.91763e+05 Fmax= 4.10769e+03, atom= 1255
Step=  919, Dmax= 1.2e-02 nm, Epot= -9.91712e+05 Fmax= 1.38859e+04, atom= 1255
Step=  920, Dmax= 5.8e-03 nm, Epot= -9.91784e+05 Fmax= 4.88924e+03, atom= 1255
Step=  921, Dmax= 7.0e-03 nm, Epot= -9.91802e+05 Fmax= 5.86221e+03, atom= 1255
Step=  922, Dmax= 8.4e-03 nm, Epot= -9.91820e+05 Fmax= 7.08400e+03, atom= 1255
Step=  923, Dmax= 1.0e-02 nm, Epot= -9.91833e+05 Fmax= 8.40113e+03, atom= 1255
Step=  924, Dmax= 1.2e-02 nm, Epot= -9.91838e+05 Fmax= 1.02240e+04, atom= 1255
Step=  925, Dmax= 1.5e-02 nm, Epot= -9.91839e+05 Fmax= 1.20639e+04, atom= 1255
Step=  926, Dmax= 1.7e-02 nm, Epot= -9.91824e+05 Fmax= 1.47182e+04, atom= 1255
Step=  927, Dmax= 8.7e-03 nm, Epot= -9.91934e+05 Fmax= 1.33893e+03, atom= 1255
Step=  928, Dmax= 1.0e-02 nm, Epot= -9.91950e+05 Fmax= 1.46502e+04, atom= 1255
Step=  929, Dmax= 1.3e-02 nm, Epot= -9.92074e+05 Fmax= 4.69056e+03, atom= 1255
Step=  930, Dmax= 1.5e-02 nm, Epot= -9.91947e+05 Fmax= 1.84020e+04, atom= 1255
Step=  931, Dmax= 7.5e-03 nm, Epot= -9.92087e+05 Fmax= 6.86647e+03, atom= 1255
Step=  932, Dmax= 9.1e-03 nm, Epot= -9.92108e+05 Fmax= 7.05040e+03, atom= 1255
Step=  933, Dmax= 1.1e-02 nm, Epot= -9.92110e+05 Fmax= 9.59385e+03, atom= 1255
Step=  934, Dmax= 1.3e-02 nm, Epot= -9.92125e+05 Fmax= 1.04242e+04, atom= 1255
Step=  935, Dmax= 1.6e-02 nm, Epot= -9.92107e+05 Fmax= 1.35283e+04, atom= 1255
Step=  936, Dmax= 7.8e-03 nm, Epot= -9.92198e+05 Fmax= 1.56284e+03, atom= 1255
Step=  937, Dmax= 9.4e-03 nm, Epot= -9.92207e+05 Fmax= 1.29390e+04, atom= 1255
Step=  938, Dmax= 1.1e-02 nm, Epot= -9.92307e+05 Fmax= 4.34355e+03, atom= 1255
Step=  939, Dmax= 1.4e-02 nm, Epot= -9.92216e+05 Fmax= 1.64445e+04, atom= 1255
Step=  940, Dmax= 6.8e-03 nm, Epot= -9.92324e+05 Fmax= 6.05211e+03, atom= 1255
Step=  941, Dmax= 8.1e-03 nm, Epot= -9.92344e+05 Fmax= 6.37480e+03, atom= 1255
Step=  942, Dmax= 9.7e-03 nm, Epot= -9.92351e+05 Fmax= 8.58133e+03, atom= 1255
Step=  943, Dmax= 1.2e-02 nm, Epot= -9.92367e+05 Fmax= 9.31135e+03, atom= 1255
Step=  944, Dmax= 1.4e-02 nm, Epot= -9.92357e+05 Fmax= 1.22014e+04, atom= 1255
Step=  945, Dmax= 7.0e-03 nm, Epot= -9.92429e+05 Fmax= 1.44908e+03, atom= 1255
Step=  946, Dmax= 8.4e-03 nm, Epot= -9.92453e+05 Fmax= 1.13874e+04, atom= 1255
Step=  947, Dmax= 1.0e-02 nm, Epot= -9.92533e+05 Fmax= 4.12236e+03, atom= 1255
Step=  948, Dmax= 1.2e-02 nm, Epot= -9.92473e+05 Fmax= 1.44135e+04, atom= 1255
Step=  949, Dmax= 6.1e-03 nm, Epot= -9.92553e+05 Fmax= 5.14915e+03, atom= 1255
Step=  950, Dmax= 7.3e-03 nm, Epot= -9.92571e+05 Fmax= 6.02297e+03, atom= 1255
Step=  951, Dmax= 8.7e-03 nm, Epot= -9.92585e+05 Fmax= 7.33390e+03, atom= 1255
Step=  952, Dmax= 1.0e-02 nm, Epot= -9.92596e+05 Fmax= 8.74006e+03, atom= 1255
Step=  953, Dmax= 1.3e-02 nm, Epot= -9.92601e+05 Fmax= 1.04904e+04, atom= 1255
Step=  954, Dmax= 1.5e-02 nm, Epot= -9.92596e+05 Fmax= 1.26285e+04, atom= 1255
Step=  955, Dmax= 7.5e-03 nm, Epot= -9.92676e+05 Fmax= 1.07640e+03, atom= 1255
Step=  956, Dmax= 9.0e-03 nm, Epot= -9.92726e+05 Fmax= 1.26898e+04, atom= 1255
Step=  957, Dmax= 1.1e-02 nm, Epot= -9.92824e+05 Fmax= 3.99439e+03, atom= 1255
Step=  958, Dmax= 1.3e-02 nm, Epot= -9.92740e+05 Fmax= 1.59232e+04, atom= 1255
Step=  959, Dmax= 6.5e-03 nm, Epot= -9.92839e+05 Fmax= 5.97257e+03, atom= 1255
Step=  960, Dmax= 7.8e-03 nm, Epot= -9.92861e+05 Fmax= 6.03673e+03, atom= 1255
Step=  961, Dmax= 9.4e-03 nm, Epot= -9.92867e+05 Fmax= 8.32046e+03, atom= 1255
Step=  962, Dmax= 1.1e-02 nm, Epot= -9.92884e+05 Fmax= 8.95594e+03, atom= 1255
Step=  963, Dmax= 1.3e-02 nm, Epot= -9.92875e+05 Fmax= 1.17132e+04, atom= 1255
Step=  964, Dmax= 6.7e-03 nm, Epot= -9.92941e+05 Fmax= 1.38563e+03, atom= 1255
Step=  965, Dmax= 8.1e-03 nm, Epot= -9.92968e+05 Fmax= 1.11361e+04, atom= 1255
Step=  966, Dmax= 9.7e-03 nm, Epot= -9.93045e+05 Fmax= 3.76953e+03, atom= 1255
Step=  967, Dmax= 1.2e-02 nm, Epot= -9.92988e+05 Fmax= 1.41733e+04, atom= 1255
Step=  968, Dmax= 5.8e-03 nm, Epot= -9.93063e+05 Fmax= 5.20265e+03, atom= 1255
Step=  969, Dmax= 7.0e-03 nm, Epot= -9.93083e+05 Fmax= 5.51482e+03, atom= 1255
Step=  970, Dmax= 8.4e-03 nm, Epot= -9.93095e+05 Fmax= 7.39282e+03, atom= 1255
Step=  971, Dmax= 1.0e-02 nm, Epot= -9.93111e+05 Fmax= 8.04273e+03, atom= 1255
Step=  972, Dmax= 1.2e-02 nm, Epot= -9.93109e+05 Fmax= 1.05248e+04, atom= 1255
Step=  973, Dmax= 6.0e-03 nm, Epot= -9.93160e+05 Fmax= 1.24357e+03, atom= 1255
Step=  974, Dmax= 7.3e-03 nm, Epot= -9.93201e+05 Fmax= 9.81422e+03, atom= 1255
Step=  975, Dmax= 8.7e-03 nm, Epot= -9.93264e+05 Fmax= 3.56686e+03, atom= 1255
Step=  976, Dmax= 1.0e-02 nm, Epot= -9.93229e+05 Fmax= 1.24185e+04, atom= 1255
Step=  977, Dmax= 5.2e-03 nm, Epot= -9.93284e+05 Fmax= 4.42841e+03, atom= 1255
Step=  978, Dmax= 6.3e-03 nm, Epot= -9.93302e+05 Fmax= 5.21356e+03, atom= 1255
Step=  979, Dmax= 7.5e-03 nm, Epot= -9.93319e+05 Fmax= 6.30682e+03, atom= 1255
Step=  980, Dmax= 9.0e-03 nm, Epot= -9.93332e+05 Fmax= 7.56519e+03, atom= 1255
Step=  981, Dmax= 1.1e-02 nm, Epot= -9.93341e+05 Fmax= 9.02556e+03, atom= 1255
Step=  982, Dmax= 1.3e-02 nm, Epot= -9.93342e+05 Fmax= 1.09289e+04, atom= 1255
Step=  983, Dmax= 1.6e-02 nm, Epot= -9.93337e+05 Fmax= 1.29466e+04, atom= 1255
Step=  984, Dmax= 7.8e-03 nm, Epot= -9.93423e+05 Fmax= 1.02252e+03, atom= 1255
Step=  985, Dmax= 9.4e-03 nm, Epot= -9.93466e+05 Fmax= 1.34760e+04, atom= 1255
Step=  986, Dmax= 1.1e-02 nm, Epot= -9.93577e+05 Fmax= 3.76728e+03, atom= 1255
Step=  987, Dmax= 1.3e-02 nm, Epot= -9.93474e+05 Fmax= 1.69586e+04, atom= 1255
Step=  988, Dmax= 6.7e-03 nm, Epot= -9.93589e+05 Fmax= 6.60352e+03, atom= 1255
Step=  989, Dmax= 8.1e-03 nm, Epot= -9.93614e+05 Fmax= 5.78789e+03, atom= 1255
Step=  990, Dmax= 9.7e-03 nm, Epot= -9.93612e+05 Fmax= 9.12541e+03, atom= 1255
Step=  991, Dmax= 4.8e-03 nm, Epot= -9.93645e+05 Fmax= 1.66928e+03, atom= 1255
Step=  992, Dmax= 5.8e-03 nm, Epot= -9.93673e+05 Fmax= 7.21977e+03, atom= 1255
Step=  993, Dmax= 7.0e-03 nm, Epot= -9.93712e+05 Fmax= 3.51733e+03, atom= 1255
Step=  994, Dmax= 8.4e-03 nm, Epot= -9.93705e+05 Fmax= 9.31282e+03, atom= 1255
Step=  995, Dmax= 4.2e-03 nm, Epot= -9.93733e+05 Fmax= 2.89877e+03, atom= 1255
Step=  996, Dmax= 5.0e-03 nm, Epot= -9.93751e+05 Fmax= 4.84669e+03, atom= 1255
Step=  997, Dmax= 6.0e-03 nm, Epot= -9.93774e+05 Fmax= 4.39830e+03, atom= 1255
Step=  998, Dmax= 7.2e-03 nm, Epot= -9.93785e+05 Fmax= 6.74237e+03, atom= 1255
Step=  999, Dmax= 8.7e-03 nm, Epot= -9.93807e+05 Fmax= 6.57365e+03, atom= 1255
Step= 1000, Dmax= 1.0e-02 nm, Epot= -9.93804e+05 Fmax= 9.45194e+03, atom= 1255
Step= 1001, Dmax= 5.2e-03 nm, Epot= -9.93843e+05 Fmax= 1.44026e+03, atom= 1255
Step= 1002, Dmax= 6.3e-03 nm, Epot= -9.93874e+05 Fmax= 8.10372e+03, atom= 1255
Step= 1003, Dmax= 7.5e-03 nm, Epot= -9.93920e+05 Fmax= 3.43862e+03, atom= 1255
Step= 1004, Dmax= 9.0e-03 nm, Epot= -9.93906e+05 Fmax= 1.03498e+04, atom= 1255
Step= 1005, Dmax= 4.5e-03 nm, Epot= -9.93942e+05 Fmax= 3.45722e+03, atom= 1255
Step= 1006, Dmax= 5.4e-03 nm, Epot= -9.93960e+05 Fmax= 4.86552e+03, atom= 1255
Step= 1007, Dmax= 6.5e-03 nm, Epot= -9.93980e+05 Fmax= 5.07144e+03, atom= 1255
Step= 1008, Dmax= 7.8e-03 nm, Epot= -9.93991e+05 Fmax= 6.90095e+03, atom= 1255
Step= 1009, Dmax= 9.3e-03 nm, Epot= -9.94007e+05 Fmax= 7.41144e+03, atom= 1255
Step= 1010, Dmax= 1.1e-02 nm, Epot= -9.94007e+05 Fmax= 9.81108e+03, atom= 1255
Step= 1011, Dmax= 5.6e-03 nm, Epot= -9.94052e+05 Fmax= 1.20172e+03, atom= 1255
Step= 1012, Dmax= 6.7e-03 nm, Epot= -9.94092e+05 Fmax= 9.04447e+03, atom= 1255
Step= 1013, Dmax= 8.1e-03 nm, Epot= -9.94148e+05 Fmax= 3.36398e+03, atom= 1255
Step= 1014, Dmax= 9.7e-03 nm, Epot= -9.94120e+05 Fmax= 1.14560e+04, atom= 1255
Step= 1015, Dmax= 4.8e-03 nm, Epot= -9.94167e+05 Fmax= 4.04800e+03, atom= 1255
Step= 1016, Dmax= 5.8e-03 nm, Epot= -9.94185e+05 Fmax= 4.89552e+03, atom= 1255
Step= 1017, Dmax= 7.0e-03 nm, Epot= -9.94202e+05 Fmax= 5.78574e+03, atom= 1255
Step= 1018, Dmax= 8.4e-03 nm, Epot= -9.94214e+05 Fmax= 7.08073e+03, atom= 1255
Step= 1019, Dmax= 1.0e-02 nm, Epot= -9.94225e+05 Fmax= 8.30338e+03, atom= 1255
Step= 1020, Dmax= 1.2e-02 nm, Epot= -9.94226e+05 Fmax= 1.02054e+04, atom= 1255
Step= 1021, Dmax= 1.4e-02 nm, Epot= -9.94225e+05 Fmax= 1.19379e+04, atom= 1255
Step= 1022, Dmax= 7.2e-03 nm, Epot= -9.94300e+05 Fmax= 8.77608e+02, atom= 1255

writing lowest energy coordinates.

Steepest Descents converged to Fmax < 1000 in 1023 steps
Potential Energy  = -9.9429988e+05
Maximum force     =  8.7760809e+02 on atom 1255
Norm of force     =  1.5286674e+01

GROMACS reminds you: "Religion is a culture of faith; science is a culture of doubt." (Richard Feynman)

