-I: Adding /usr/local/Caskroom/miniforge/base/envs/ambertools_env/dat/leap/prep to search path.
-I: Adding /usr/local/Caskroom/miniforge/base/envs/ambertools_env/dat/leap/lib to search path.
-I: Adding /usr/local/Caskroom/miniforge/base/envs/ambertools_env/dat/leap/parm to search path.
-I: Adding /usr/local/Caskroom/miniforge/base/envs/ambertools_env/dat/leap/cmd to search path.
-f: Source tleap.in.

Welcome to LEaP!
(no leaprc in search path)
Sourcing: ./tleap.in
----- Source: /usr/local/Caskroom/miniforge/base/envs/ambertools_env/dat/leap/cmd/leaprc.protein.ff19SB
----- Source of /usr/local/Caskroom/miniforge/base/envs/ambertools_env/dat/leap/cmd/leaprc.protein.ff19SB done
Log file: ./leap.log
Loading parameters: /usr/local/Caskroom/miniforge/base/envs/ambertools_env/dat/leap/parm/parm19.dat
Reading title:
PARM99 + frcmod.ff99SB + frcmod.parmbsc0 + OL3 for RNA + ff19SB
Loading parameters: /usr/local/Caskroom/miniforge/base/envs/ambertools_env/dat/leap/parm/frcmod.ff19SB
Reading force field modification type file (frcmod)
Reading title:
ff19SB AA-specific backbone CMAPs for protein 07/25/2019
Loading library: /usr/local/Caskroom/miniforge/base/envs/ambertools_env/dat/leap/lib/amino19.lib
Loading library: /usr/local/Caskroom/miniforge/base/envs/ambertools_env/dat/leap/lib/aminoct12.lib
Loading library: /usr/local/Caskroom/miniforge/base/envs/ambertools_env/dat/leap/lib/aminont12.lib
----- Source: /usr/local/Caskroom/miniforge/base/envs/ambertools_env/dat/leap/cmd/leaprc.water.opc
----- Source of /usr/local/Caskroom/miniforge/base/envs/ambertools_env/dat/leap/cmd/leaprc.water.opc done
Loading library: /usr/local/Caskroom/miniforge/base/envs/ambertools_env/dat/leap/lib/atomic_ions.lib
Loading library: /usr/local/Caskroom/miniforge/base/envs/ambertools_env/dat/leap/lib/solvents.lib
Loading parameters: /usr/local/Caskroom/miniforge/base/envs/ambertools_env/dat/leap/parm/frcmod.opc
Reading force field modification type file (frcmod)
Reading title:
Parameters for OPC water (JPCL, 2014, 5 (21), pp 3863-3871)
Loading parameters: /usr/local/Caskroom/miniforge/base/envs/ambertools_env/dat/leap/parm/frcmod.ionslm_126_opc
Reading force field modification type file (frcmod)
Reading title:
Li/Merz ion parameters of atomic ions for the OPC water model (12-6 set)
Loading parameters: /usr/local/Caskroom/miniforge/base/envs/ambertools_env/dat/leap/parm/frcmod.ionslm_126_opc
Reading force field modification type file (frcmod)
Reading title:
Li/Merz ion parameters of atomic ions for the OPC water model (12-6 set)
Loading PDB file: ./P18187_P238C_pqr.pdb
  total atoms in file: 2357
  Leap added 2314 missing atoms according to residue templates:
       2314 H / lone pairs
Checking 'X'....

/usr/local/Caskroom/miniforge/base/envs/ambertools_env/bin/teLeap: Warning!
The unperturbed charge of the unit (-6.000000) is not zero.

/usr/local/Caskroom/miniforge/base/envs/ambertools_env/bin/teLeap: Warning!
Close contact of 1.387 angstroms between nonbonded atoms HG23 and HZ3
-------  .R<THR 32>.A<HG23 10> and .R<LYS 79>.A<HZ3 20>

/usr/local/Caskroom/miniforge/base/envs/ambertools_env/bin/teLeap: Warning!
Close contact of 1.461 angstroms between nonbonded atoms HD2 and HG
-------  .R<PRO 250>.A<HD2 3> and .R<SER 254>.A<HG 9>

/usr/local/Caskroom/miniforge/base/envs/ambertools_env/bin/teLeap: Warning!
Close contact of 1.139 angstroms between nonbonded atoms HD22 and H
-------  .R<ASN 286>.A<HD22 12> and .R<TRP 287>.A<H 2>

/usr/local/Caskroom/miniforge/base/envs/ambertools_env/bin/teLeap: Warning!
Close contact of 1.323 angstroms between nonbonded atoms HE2 and HH
-------  .R<HIE 293>.A<HE2 13> and .R<TYR 311>.A<HH 15>
Checking parameters for unit 'X'.
Checking for bond parameters.
Checking for angle parameters.
check:  Warnings: 5
Unit is OK.
  Solute vdw bounding box:              62.977 66.838 64.578
  Total bounding box for atom centers:  82.977 86.838 84.578
  Solvent unit box:                     18.865 18.478 19.006
  Total vdw box size:                   85.997 90.165 87.522 angstroms.
  Volume: 678636.816 A^3 
  Total mass 341153.842 amu,  Density 0.835 g/cc
  Added 17070 residues.
Adding 6 counter ions to "X". 17064 solvent molecules will remain.
0: Placed Na+ in X at (-32.44, -24.83, 38.99).
0: Placed Na+ in X at (-24.52, -35.34, -8.79).
0: Placed Na+ in X at (1.33, -12.93, -39.97).
0: Placed Na+ in X at (-23.15, 21.31, -13.03).
0: Placed Na+ in X at (7.61, -36.15, 7.64).
0: Placed Na+ in X at (-39.12, 15.68, -28.88).

/usr/local/Caskroom/miniforge/base/envs/ambertools_env/bin/teLeap: Warning!
addIonsRand: 1st Ion & target unit have charges of the same sign:
     unit charge = -1.51568e-11; ion1 charge = -1;
     can't neutralize.
Checking Unit.

/usr/local/Caskroom/miniforge/base/envs/ambertools_env/bin/teLeap: Note.
Ignoring the warnings from Unit Checking.

Building topology.
Building atom parameters.
Building bond parameters.
Building angle parameters.
Building proper torsion parameters.
Building improper torsion parameters.
 total 937 improper torsions applied
Building H-Bond parameters.
Incorporating Non-Bonded adjustments.
Not Marking per-residue atom chain types.
Marking per-residue atom chain types.
  (Residues lacking connect0/connect1 - 
   these don't have chain types marked:

	res	total affected

	CGLY	1
	NMET	1
  )
 (no restraints)
Writing pdb file: P18187_P238C_tleap.pdb
   printing CRYST1 record to PDB file with box info

/usr/local/Caskroom/miniforge/base/envs/ambertools_env/bin/teLeap: Warning!
 Converting N-terminal residue name to PDB format: NMET -> MET

/usr/local/Caskroom/miniforge/base/envs/ambertools_env/bin/teLeap: Warning!
 Converting C-terminal residue name to PDB format: CGLY -> GLY
	Quit

Exiting LEaP: Errors = 0; Warnings = 8; Notes = 1.

--- stderr ---
