
--- stderr ---
                :-) GROMACS - gmx mdrun, 2024.5-conda_forge (-:

Executable:   /usr/local/Caskroom/miniforge/base/envs/gromacs_env/bin.AVX2_256/gmx
Data prefix:  /usr/local/Caskroom/miniforge/base/envs/gromacs_env
Working dir:  /Users/laetitiaguerin/Library/CloudStorage/OneDrive-Personal/Documents/BSc_Nanobiology/Year_5/BEP/Energy_minimization/tleap_runs/O52681_V128K
Command line:
  gmx mdrun -v -deffnm O52681_V128K_minim

The current CPU can measure timings more accurately than the code in
gmx mdrun was configured to use. This might affect your simulation
speed as accurate timings are needed for load-balancing.
Please consider rebuilding gmx mdrun with the GMX_USE_RDTSCP=ON CMake option.
Reading file O52681_V128K_minim.tpr, VERSION 2024.5-conda_forge (single precision)

Using 1 MPI thread
Using 8 OpenMP threads 


Steepest Descents:
   Tolerance (Fmax)   =  1.00000e+03
   Number of steps    =        50000
Step=    0, Dmax= 1.0e-02 nm, Epot= -4.35752e+05 Fmax= 1.96655e+05, atom= 2010
Step=    1, Dmax= 1.0e-02 nm, Epot= -4.37682e+05 Fmax= 3.55565e+04, atom= 2010
Step=    2, Dmax= 1.2e-02 nm, Epot= -4.39397e+05 Fmax= 8.12880e+03, atom= 2117
Step=    3, Dmax= 1.4e-02 nm, Epot= -4.44853e+05 Fmax= 2.93276e+03, atom= 2009
Step=    4, Dmax= 1.7e-02 nm, Epot= -4.56751e+05 Fmax= 1.58928e+04, atom= 2014
Step=    5, Dmax= 2.1e-02 nm, Epot= -4.59506e+05 Fmax= 6.04576e+03, atom= 2014
Step=    6, Dmax= 2.5e-02 nm, Epot= -4.55669e+05 Fmax= 2.89533e+04, atom= 1334
Step=    7, Dmax= 1.2e-02 nm, Epot= -4.61265e+05 Fmax= 1.18790e+04, atom= 1334
Step=    8, Dmax= 1.5e-02 nm, Epot= -4.63433e+05 Fmax= 1.10426e+04, atom= 1334
Step=    9, Dmax= 1.8e-02 nm, Epot= -4.64650e+05 Fmax= 1.62184e+04, atom= 1334
Step=   10, Dmax= 2.1e-02 nm, Epot= -4.66249e+05 Fmax= 1.67398e+04, atom= 1334
Step=   11, Dmax= 2.6e-02 nm, Epot= -4.67027e+05 Fmax= 2.24979e+04, atom= 1334
Step=   12, Dmax= 3.1e-02 nm, Epot= -4.68127e+05 Fmax= 2.47237e+04, atom= 1334
Step=   13, Dmax= 3.7e-02 nm, Epot= -4.68287e+05 Fmax= 3.14899e+04, atom= 1334
Step=   14, Dmax= 4.5e-02 nm, Epot= -4.68615e+05 Fmax= 3.58711e+04, atom= 1334
Step=   15, Dmax= 5.3e-02 nm, Epot= -4.67644e+05 Fmax= 4.40256e+04, atom= 1334
Step=   16, Dmax= 2.7e-02 nm, Epot= -4.73159e+05 Fmax= 4.57288e+03, atom= 1334
Step=   17, Dmax= 3.2e-02 nm, Epot= -4.72466e+05 Fmax= 4.49103e+04, atom= 1334
Step=   18, Dmax= 1.6e-02 nm, Epot= -4.74648e+05 Fmax= 1.97022e+04, atom= 1334
Step=   19, Dmax= 1.9e-02 nm, Epot= -4.76150e+05 Fmax= 9.65564e+03, atom= 1334
Step=   20, Dmax= 2.3e-02 nm, Epot= -4.76027e+05 Fmax= 2.57661e+04, atom= 1334
Step=   21, Dmax= 1.2e-02 nm, Epot= -4.76995e+05 Fmax= 8.05067e+03, atom= 1334
Step=   22, Dmax= 1.4e-02 nm, Epot= -4.77739e+05 Fmax= 1.30431e+04, atom= 1334
Step=   23, Dmax= 1.7e-02 nm, Epot= -4.78527e+05 Fmax= 1.24442e+04, atom= 1334
Step=   24, Dmax= 2.0e-02 nm, Epot= -4.78947e+05 Fmax= 1.79543e+04, atom= 1334
Step=   25, Dmax= 2.4e-02 nm, Epot= -4.79593e+05 Fmax= 1.86524e+04, atom= 1334
Step=   26, Dmax= 2.9e-02 nm, Epot= -4.79601e+05 Fmax= 2.50213e+04, atom= 1334
Step=   27, Dmax= 3.5e-02 nm, Epot= -4.79923e+05 Fmax= 2.74087e+04, atom= 1334
Step=   28, Dmax= 4.1e-02 nm, Epot= -4.79242e+05 Fmax= 3.50413e+04, atom= 1334
Step=   29, Dmax= 2.1e-02 nm, Epot= -4.82315e+05 Fmax= 4.01207e+03, atom= 1334
Step=   30, Dmax= 2.5e-02 nm, Epot= -4.81919e+05 Fmax= 3.43311e+04, atom= 1334
Step=   31, Dmax= 1.2e-02 nm, Epot= -4.83154e+05 Fmax= 1.49748e+04, atom= 1334
Step=   32, Dmax= 1.5e-02 nm, Epot= -4.84032e+05 Fmax= 7.75625e+03, atom= 1334
Step=   33, Dmax= 1.8e-02 nm, Epot= -4.84102e+05 Fmax= 1.96851e+04, atom= 1334
Step=   34, Dmax= 2.1e-02 nm, Epot= -4.85122e+05 Fmax= 1.30218e+04, atom= 1334
Step=   35, Dmax= 2.6e-02 nm, Epot= -4.84474e+05 Fmax= 2.63374e+04, atom= 1334
Step=   36, Dmax= 1.3e-02 nm, Epot= -4.85845e+05 Fmax= 6.67758e+03, atom= 1334
Step=   37, Dmax= 1.5e-02 nm, Epot= -4.86073e+05 Fmax= 1.68254e+04, atom= 1334
Step=   38, Dmax= 1.9e-02 nm, Epot= -4.86873e+05 Fmax= 1.15455e+04, atom= 1334
Step=   39, Dmax= 2.2e-02 nm, Epot= -4.86580e+05 Fmax= 2.23203e+04, atom= 1334
Step=   40, Dmax= 1.1e-02 nm, Epot= -4.87483e+05 Fmax= 5.40090e+03, atom= 1334
Step=   41, Dmax= 1.3e-02 nm, Epot= -4.87811e+05 Fmax= 1.51240e+04, atom= 1334
Step=   42, Dmax= 1.6e-02 nm, Epot= -4.88523e+05 Fmax= 9.31433e+03, atom= 1334
Step=   43, Dmax= 1.9e-02 nm, Epot= -4.88369e+05 Fmax= 2.01490e+04, atom= 1334
Step=   44, Dmax= 9.6e-03 nm, Epot= -4.89003e+05 Fmax= 5.42587e+03, atom= 1334
Step=   45, Dmax= 1.2e-02 nm, Epot= -4.89366e+05 Fmax= 1.21188e+04, atom= 1334
Step=   46, Dmax= 1.4e-02 nm, Epot= -4.89877e+05 Fmax= 9.09816e+03, atom= 1334
Step=   47, Dmax= 1.7e-02 nm, Epot= -4.89962e+05 Fmax= 1.62067e+04, atom= 1334
Step=   48, Dmax= 2.0e-02 nm, Epot= -4.90464e+05 Fmax= 1.42852e+04, atom= 1334
Step=   49, Dmax= 2.4e-02 nm, Epot= -4.90219e+05 Fmax= 2.21129e+04, atom= 1334
Step=   50, Dmax= 1.2e-02 nm, Epot= -4.91162e+05 Fmax= 3.93906e+03, atom= 1334
Step=   51, Dmax= 1.4e-02 nm, Epot= -4.91390e+05 Fmax= 1.81803e+04, atom= 1334
Step=   52, Dmax= 1.7e-02 nm, Epot= -4.92275e+05 Fmax= 8.11449e+03, atom= 1334
Step=   53, Dmax= 2.1e-02 nm, Epot= -4.91750e+05 Fmax= 2.35728e+04, atom= 1334
Step=   54, Dmax= 1.0e-02 nm, Epot= -4.92616e+05 Fmax= 7.73658e+03, atom= 1334
Step=   55, Dmax= 1.2e-02 nm, Epot= -4.92858e+05 Fmax= 1.11507e+04, atom= 1334
Step=   56, Dmax= 1.5e-02 nm, Epot= -4.93160e+05 Fmax= 1.16493e+04, atom= 1334
Step=   57, Dmax= 1.8e-02 nm, Epot= -4.93270e+05 Fmax= 1.55558e+04, atom= 1334
Step=   58, Dmax= 2.1e-02 nm, Epot= -4.93467e+05 Fmax= 1.71969e+04, atom= 1334
Step=   59, Dmax= 2.6e-02 nm, Epot= -4.93366e+05 Fmax= 2.19022e+04, atom= 1334
Step=   60, Dmax= 1.3e-02 nm, Epot= -4.94316e+05 Fmax= 2.39888e+03, atom= 1334
Step=   61, Dmax= 1.5e-02 nm, Epot= -4.94689e+05 Fmax= 2.14904e+04, atom= 1334
Step=   62, Dmax= 1.9e-02 nm, Epot= -4.95816e+05 Fmax= 6.84705e+03, atom= 1334
Step=   63, Dmax= 2.2e-02 nm, Epot= -4.94908e+05 Fmax= 2.72235e+04, atom= 1334
Step=   64, Dmax= 1.1e-02 nm, Epot= -4.96017e+05 Fmax= 1.02107e+04, atom= 1334
Step=   65, Dmax= 1.3e-02 nm, Epot= -4.96278e+05 Fmax= 1.01196e+04, atom= 1334
Step=   66, Dmax= 1.6e-02 nm, Epot= -4.96355e+05 Fmax= 1.43884e+04, atom= 1334
Step=   67, Dmax= 1.9e-02 nm, Epot= -4.96575e+05 Fmax= 1.48624e+04, atom= 1334
Step=   68, Dmax= 2.3e-02 nm, Epot= -4.96440e+05 Fmax= 2.03229e+04, atom= 1334
Step=   69, Dmax= 1.2e-02 nm, Epot= -4.97196e+05 Fmax= 2.75976e+03, atom= 1334
Step=   70, Dmax= 1.4e-02 nm, Epot= -4.97404e+05 Fmax= 1.81851e+04, atom= 1334
Step=   71, Dmax= 1.7e-02 nm, Epot= -4.98175e+05 Fmax= 7.23108e+03, atom= 1334
Step=   72, Dmax= 2.0e-02 nm, Epot= -4.97605e+05 Fmax= 2.30661e+04, atom= 1334
Step=   73, Dmax= 1.0e-02 nm, Epot= -4.98388e+05 Fmax= 7.92524e+03, atom= 1334
Step=   74, Dmax= 1.2e-02 nm, Epot= -4.98548e+05 Fmax= 1.03923e+04, atom= 1334
Step=   75, Dmax= 1.4e-02 nm, Epot= -4.98726e+05 Fmax= 1.14475e+04, atom= 1334
Step=   76, Dmax= 1.7e-02 nm, Epot= -4.98782e+05 Fmax= 1.48763e+04, atom= 1334
Step=   77, Dmax= 2.1e-02 nm, Epot= -4.98888e+05 Fmax= 1.65430e+04, atom= 1334
Step=   78, Dmax= 2.5e-02 nm, Epot= -4.98745e+05 Fmax= 2.12408e+04, atom= 1334
Step=   79, Dmax= 1.2e-02 nm, Epot= -4.99584e+05 Fmax= 2.39144e+03, atom= 1334
Step=   80, Dmax= 1.5e-02 nm, Epot= -4.99704e+05 Fmax= 2.00722e+04, atom= 1334
Step=   81, Dmax= 1.8e-02 nm, Epot= -5.00582e+05 Fmax= 7.26414e+03, atom= 1334
Step=   82, Dmax= 2.1e-02 nm, Epot= -4.99770e+05 Fmax= 2.52927e+04, atom= 1334
Step=   83, Dmax= 1.1e-02 nm, Epot= -5.00735e+05 Fmax= 9.02974e+03, atom= 1334
Step=   84, Dmax= 1.3e-02 nm, Epot= -5.00874e+05 Fmax= 1.06521e+04, atom= 1334
Step=   85, Dmax= 1.5e-02 nm, Epot= -5.00970e+05 Fmax= 1.28184e+04, atom= 1334
Step=   86, Dmax= 1.8e-02 nm, Epot= -5.01017e+05 Fmax= 1.54594e+04, atom= 1334
Step=   87, Dmax= 2.2e-02 nm, Epot= -5.01007e+05 Fmax= 1.82942e+04, atom= 1334
Step=   88, Dmax= 1.1e-02 nm, Epot= -5.01611e+05 Fmax= 1.45374e+03, atom= 1334
Step=   89, Dmax= 1.3e-02 nm, Epot= -5.02076e+05 Fmax= 1.92728e+04, atom= 1334
Step=   90, Dmax= 1.6e-02 nm, Epot= -5.02891e+05 Fmax= 5.19982e+03, atom= 1334
Step=   91, Dmax= 1.9e-02 nm, Epot= -5.02209e+05 Fmax= 2.41930e+04, atom= 1334
Step=   92, Dmax= 9.6e-03 nm, Epot= -5.02992e+05 Fmax= 9.52966e+03, atom= 1334
Step=   93, Dmax= 1.1e-02 nm, Epot= -5.03192e+05 Fmax= 8.01353e+03, atom= 1334
Step=   94, Dmax= 1.4e-02 nm, Epot= -5.03182e+05 Fmax= 1.31428e+04, atom= 1334
Step=   95, Dmax= 6.9e-03 nm, Epot= -5.03414e+05 Fmax= 2.57023e+03, atom= 1334
Step=   96, Dmax= 8.3e-03 nm, Epot= -5.03611e+05 Fmax= 9.97613e+03, atom= 1334
Step=   97, Dmax= 9.9e-03 nm, Epot= -5.03874e+05 Fmax= 5.25663e+03, atom= 1334
Step=   98, Dmax= 1.2e-02 nm, Epot= -5.03855e+05 Fmax= 1.28877e+04, atom= 1334
Step=   99, Dmax= 6.0e-03 nm, Epot= -5.04031e+05 Fmax= 3.81750e+03, atom= 1334
Step=  100, Dmax= 7.2e-03 nm, Epot= -5.04172e+05 Fmax= 7.19277e+03, atom= 1334
Step=  101, Dmax= 8.6e-03 nm, Epot= -5.04341e+05 Fmax= 5.88966e+03, atom= 1334
Step=  102, Dmax= 1.0e-02 nm, Epot= -5.04409e+05 Fmax= 9.92654e+03, atom= 1334
Step=  103, Dmax= 1.2e-02 nm, Epot= -5.04583e+05 Fmax= 8.91821e+03, atom= 1334
Step=  104, Dmax= 1.5e-02 nm, Epot= -5.04543e+05 Fmax= 1.38063e+04, atom= 1334
Step=  105, Dmax= 7.4e-03 nm, Epot= -5.04823e+05 Fmax= 2.45091e+03, atom= 1334
Step=  106, Dmax= 8.9e-03 nm, Epot= -5.04983e+05 Fmax= 1.10206e+04, atom= 1334
Step=  107, Dmax= 1.1e-02 nm, Epot= -5.05273e+05 Fmax= 5.34864e+03, atom= 1334
Step=  108, Dmax= 1.3e-02 nm, Epot= -5.05176e+05 Fmax= 1.41505e+04, atom= 1334
Step=  109, Dmax= 6.4e-03 nm, Epot= -5.05416e+05 Fmax= 4.40296e+03, atom= 1334
Step=  110, Dmax= 7.7e-03 nm, Epot= -5.05527e+05 Fmax= 7.42177e+03, atom= 1334
Step=  111, Dmax= 9.2e-03 nm, Epot= -5.05675e+05 Fmax= 6.63841e+03, atom= 1334
Step=  112, Dmax= 1.1e-02 nm, Epot= -5.05719e+05 Fmax= 1.03515e+04, atom= 1334
Step=  113, Dmax= 1.3e-02 nm, Epot= -5.05864e+05 Fmax= 9.90065e+03, atom= 1334
Step=  114, Dmax= 1.6e-02 nm, Epot= -5.05797e+05 Fmax= 1.45106e+04, atom= 1334
Step=  115, Dmax= 8.0e-03 nm, Epot= -5.06133e+05 Fmax= 2.31409e+03, atom= 1334
Step=  116, Dmax= 9.6e-03 nm, Epot= -5.06249e+05 Fmax= 1.21563e+04, atom= 1334
Step=  117, Dmax= 1.1e-02 nm, Epot= -5.06582e+05 Fmax= 5.43496e+03, atom= 1334
Step=  118, Dmax= 1.4e-02 nm, Epot= -5.06389e+05 Fmax= 1.55234e+04, atom= 1334
Step=  119, Dmax= 6.9e-03 nm, Epot= -5.06710e+05 Fmax= 5.04681e+03, atom= 1334
Step=  120, Dmax= 8.3e-03 nm, Epot= -5.06798e+05 Fmax= 7.65260e+03, atom= 1334
Step=  121, Dmax= 9.9e-03 nm, Epot= -5.06923e+05 Fmax= 7.45961e+03, atom= 1334
Step=  122, Dmax= 1.2e-02 nm, Epot= -5.06948e+05 Fmax= 1.07909e+04, atom= 1334
Step=  123, Dmax= 1.4e-02 nm, Epot= -5.07058e+05 Fmax= 1.09737e+04, atom= 1334
Step=  124, Dmax= 1.7e-02 nm, Epot= -5.06968e+05 Fmax= 1.52486e+04, atom= 1334
Step=  125, Dmax= 8.6e-03 nm, Epot= -5.07370e+05 Fmax= 2.14936e+03, atom= 1334
Step=  126, Dmax= 1.0e-02 nm, Epot= -5.07434e+05 Fmax= 1.35531e+04, atom= 1744
Step=  127, Dmax= 1.2e-02 nm, Epot= -5.07831e+05 Fmax= 5.42350e+03, atom= 1744
Step=  128, Dmax= 1.5e-02 nm, Epot= -5.07538e+05 Fmax= 1.72866e+04, atom= 1744
Step=  129, Dmax= 7.4e-03 nm, Epot= -5.07940e+05 Fmax= 5.94059e+03, atom= 1744
Step=  130, Dmax= 8.9e-03 nm, Epot= -5.08023e+05 Fmax= 7.71082e+03, atom= 1744
Step=  131, Dmax= 1.1e-02 nm, Epot= -5.08114e+05 Fmax= 8.64565e+03, atom= 1744
Step=  132, Dmax= 1.3e-02 nm, Epot= -5.08154e+05 Fmax= 1.10083e+04, atom= 1744
Step=  133, Dmax= 1.5e-02 nm, Epot= -5.08207e+05 Fmax= 1.25212e+04, atom= 1744
Step=  134, Dmax= 1.8e-02 nm, Epot= -5.08165e+05 Fmax= 1.57518e+04, atom= 1744
Step=  135, Dmax= 9.2e-03 nm, Epot= -5.08557e+05 Fmax= 1.62138e+03, atom= 1744
Step=  136, Dmax= 1.1e-02 nm, Epot= -5.08714e+05 Fmax= 1.53971e+04, atom= 1744
Step=  137, Dmax= 1.3e-02 nm, Epot= -5.09151e+05 Fmax= 5.04028e+03, atom= 1744
Step=  138, Dmax= 1.6e-02 nm, Epot= -5.08824e+05 Fmax= 1.93506e+04, atom= 1744
Step=  139, Dmax= 8.0e-03 nm, Epot= -5.09234e+05 Fmax= 7.17061e+03, atom= 1744
Step=  140, Dmax= 9.6e-03 nm, Epot= -5.09332e+05 Fmax= 7.52068e+03, atom= 1744
Step=  141, Dmax= 1.1e-02 nm, Epot= -5.09380e+05 Fmax= 1.00587e+04, atom= 1744
Step=  142, Dmax= 1.4e-02 nm, Epot= -5.09454e+05 Fmax= 1.10816e+04, atom= 1744
Step=  143, Dmax= 1.7e-02 nm, Epot= -5.09445e+05 Fmax= 1.42062e+04, atom= 1744
Step=  144, Dmax= 8.3e-03 nm, Epot= -5.09702e+05 Fmax= 1.57875e+03, atom= 1744
Step=  145, Dmax= 9.9e-03 nm, Epot= -5.09904e+05 Fmax= 1.36874e+04, atom= 1744
Step=  146, Dmax= 1.2e-02 nm, Epot= -5.10217e+05 Fmax= 4.55871e+03, atom= 1744
Step=  147, Dmax= 1.4e-02 nm, Epot= -5.10039e+05 Fmax= 1.74041e+04, atom= 1744
Step=  148, Dmax= 7.1e-03 nm, Epot= -5.10303e+05 Fmax= 6.42254e+03, atom= 1744
Step=  149, Dmax= 8.6e-03 nm, Epot= -5.10395e+05 Fmax= 6.70501e+03, atom= 1744
Step=  150, Dmax= 1.0e-02 nm, Epot= -5.10455e+05 Fmax= 9.09582e+03, atom= 1744
Step=  151, Dmax= 1.2e-02 nm, Epot= -5.10534e+05 Fmax= 9.79963e+03, atom= 1744
Step=  152, Dmax= 1.5e-02 nm, Epot= -5.10546e+05 Fmax= 1.29318e+04, atom= 1744
Step=  153, Dmax= 1.8e-02 nm, Epot= -5.10596e+05 Fmax= 1.42438e+04, atom= 1744
Step=  154, Dmax= 2.1e-02 nm, Epot= -5.10519e+05 Fmax= 1.84334e+04, atom= 1744
Step=  155, Dmax= 1.1e-02 nm, Epot= -5.10920e+05 Fmax= 2.10463e+03, atom= 1744
Step=  156, Dmax= 1.3e-02 nm, Epot= -5.10955e+05 Fmax= 1.75285e+04, atom= 1744
Step=  157, Dmax= 1.5e-02 nm, Epot= -5.11363e+05 Fmax= 6.10140e+03, atom= 1744
Step=  158, Dmax= 1.8e-02 nm, Epot= -5.11011e+05 Fmax= 2.20667e+04, atom= 1744
Step=  159, Dmax= 9.2e-03 nm, Epot= -5.11432e+05 Fmax= 8.00274e+03, atom= 1744
Step=  160, Dmax= 1.1e-02 nm, Epot= -5.11507e+05 Fmax= 8.98363e+03, atom= 1744
Step=  161, Dmax= 1.3e-02 nm, Epot= -5.11548e+05 Fmax= 1.13204e+04, atom= 1744
Step=  162, Dmax= 1.6e-02 nm, Epot= -5.11592e+05 Fmax= 1.31151e+04, atom= 1744
Step=  163, Dmax= 1.9e-02 nm, Epot= -5.11585e+05 Fmax= 1.60836e+04, atom= 1744
Step=  164, Dmax= 9.5e-03 nm, Epot= -5.11841e+05 Fmax= 1.51076e+03, atom= 1744
Step=  165, Dmax= 1.1e-02 nm, Epot= -5.12045e+05 Fmax= 1.61763e+04, atom= 1744
Step=  166, Dmax= 1.4e-02 nm, Epot= -5.12366e+05 Fmax= 4.91948e+03, atom= 1744
Step=  167, Dmax= 1.6e-02 nm, Epot= -5.12146e+05 Fmax= 2.04865e+04, atom= 1744
Step=  168, Dmax= 8.2e-03 nm, Epot= -5.12433e+05 Fmax= 7.78953e+03, atom= 1744
Step=  169, Dmax= 9.9e-03 nm, Epot= -5.12520e+05 Fmax= 7.37762e+03, atom= 1744
Step=  170, Dmax= 1.2e-02 nm, Epot= -5.12553e+05 Fmax= 1.08932e+04, atom= 1744
Step=  171, Dmax= 1.4e-02 nm, Epot= -5.12633e+05 Fmax= 1.09332e+04, atom= 1744
Step=  172, Dmax= 1.7e-02 nm, Epot= -5.12610e+05 Fmax= 1.53373e+04, atom= 1744
Step=  173, Dmax= 8.5e-03 nm, Epot= -5.12803e+05 Fmax= 2.20355e+03, atom= 1744
Step=  174, Dmax= 1.0e-02 nm, Epot= -5.12908e+05 Fmax= 1.35051e+04, atom= 1744
Step=  175, Dmax= 1.2e-02 nm, Epot= -5.13119e+05 Fmax= 5.44666e+03, atom= 1744
Step=  176, Dmax= 1.5e-02 nm, Epot= -5.13019e+05 Fmax= 1.71663e+04, atom= 1744
Step=  177, Dmax= 7.4e-03 nm, Epot= -5.13196e+05 Fmax= 5.86894e+03, atom= 1744
Step=  178, Dmax= 8.9e-03 nm, Epot= -5.13261e+05 Fmax= 7.77749e+03, atom= 1744
Step=  179, Dmax= 1.1e-02 nm, Epot= -5.13330e+05 Fmax= 8.51829e+03, atom= 1744
Step=  180, Dmax= 1.3e-02 nm, Epot= -5.13371e+05 Fmax= 1.11159e+04, atom= 1744
Step=  181, Dmax= 1.5e-02 nm, Epot= -5.13424e+05 Fmax= 1.23360e+04, atom= 1744
Step=  182, Dmax= 1.8e-02 nm, Epot= -5.13418e+05 Fmax= 1.58960e+04, atom= 1744
Step=  183, Dmax= 9.2e-03 nm, Epot= -5.13611e+05 Fmax= 1.78502e+03, atom= 1744
Step=  184, Dmax= 1.1e-02 nm, Epot= -5.13764e+05 Fmax= 1.50871e+04, atom= 1744
Step=  185, Dmax= 1.3e-02 nm, Epot= -5.13996e+05 Fmax= 5.30621e+03, atom= 1744
Step=  186, Dmax= 1.6e-02 nm, Epot= -5.13871e+05 Fmax= 1.89833e+04, atom= 1744
Step=  187, Dmax= 7.9e-03 nm, Epot= -5.14064e+05 Fmax= 6.85226e+03, atom= 1744
Step=  188, Dmax= 9.5e-03 nm, Epot= -5.14130e+05 Fmax= 7.82115e+03, atom= 1744
Step=  189, Dmax= 1.1e-02 nm, Epot= -5.14183e+05 Fmax= 9.69163e+03, atom= 1744
Step=  190, Dmax= 1.4e-02 nm, Epot= -5.14232e+05 Fmax= 1.14147e+04, atom= 1744
Step=  191, Dmax= 1.6e-02 nm, Epot= -5.14260e+05 Fmax= 1.37868e+04, atom= 1744
Step=  192, Dmax= 2.0e-02 nm, Epot= -5.14269e+05 Fmax= 1.65540e+04, atom= 1744
Step=  193, Dmax= 2.4e-02 nm, Epot= -5.14251e+05 Fmax= 1.96571e+04, atom= 1744
Step=  194, Dmax= 1.2e-02 nm, Epot= -5.14539e+05 Fmax= 1.60478e+03, atom= 1744
Step=  195, Dmax= 1.4e-02 nm, Epot= -5.14685e+05 Fmax= 2.03722e+04, atom= 1744
Step=  196, Dmax= 1.7e-02 nm, Epot= -5.15039e+05 Fmax= 5.86163e+03, atom= 1744
Step=  197, Dmax= 2.0e-02 nm, Epot= -5.14722e+05 Fmax= 2.56976e+04, atom= 1744
Step=  198, Dmax= 1.0e-02 nm, Epot= -5.15080e+05 Fmax= 9.94333e+03, atom= 1744
Step=  199, Dmax= 1.2e-02 nm, Epot= -5.15160e+05 Fmax= 8.89476e+03, atom= 1744
Step=  200, Dmax= 1.5e-02 nm, Epot= -5.15159e+05 Fmax= 1.38005e+04, atom= 1744
Step=  201, Dmax= 7.4e-03 nm, Epot= -5.15261e+05 Fmax= 2.45233e+03, atom= 1744
Step=  202, Dmax= 8.8e-03 nm, Epot= -5.15358e+05 Fmax= 1.10769e+04, atom= 1744
Step=  203, Dmax= 1.1e-02 nm, Epot= -5.15481e+05 Fmax= 5.27145e+03, atom= 1744
Step=  204, Dmax= 1.3e-02 nm, Epot= -5.15471e+05 Fmax= 1.42337e+04, atom= 1744
Step=  205, Dmax= 6.4e-03 nm, Epot= -5.15549e+05 Fmax= 4.48691e+03, atom= 1744
Step=  206, Dmax= 7.6e-03 nm, Epot= -5.15611e+05 Fmax= 7.29956e+03, atom= 1744
Step=  207, Dmax= 9.2e-03 nm, Epot= -5.15680e+05 Fmax= 6.75629e+03, atom= 1744
Step=  208, Dmax= 1.1e-02 nm, Epot= -5.15719e+05 Fmax= 1.01989e+04, atom= 1744
Step=  209, Dmax= 1.3e-02 nm, Epot= -5.15787e+05 Fmax= 1.00362e+04, atom= 1744
Step=  210, Dmax= 1.6e-02 nm, Epot= -5.15789e+05 Fmax= 1.43450e+04, atom= 1744
Step=  211, Dmax= 1.9e-02 nm, Epot= -5.15845e+05 Fmax= 1.47577e+04, atom= 1744
Step=  212, Dmax= 2.3e-02 nm, Epot= -5.15781e+05 Fmax= 2.02726e+04, atom= 1744
Step=  213, Dmax= 1.1e-02 nm, Epot= -5.16039e+05 Fmax= 2.76861e+03, atom= 1744
Step=  214, Dmax= 1.4e-02 nm, Epot= -5.16049e+05 Fmax= 1.82094e+04, atom= 1744
Step=  215, Dmax= 1.6e-02 nm, Epot= -5.16296e+05 Fmax= 7.10713e+03, atom= 1744
Step=  216, Dmax= 2.0e-02 nm, Epot= -5.16089e+05 Fmax= 2.30560e+04, atom= 1744
Step=  217, Dmax= 9.9e-03 nm, Epot= -5.16354e+05 Fmax= 7.99401e+03, atom= 1744
Step=  218, Dmax= 1.2e-02 nm, Epot= -5.16397e+05 Fmax= 1.02195e+04, atom= 1744
Step=  219, Dmax= 1.4e-02 nm, Epot= -5.16444e+05 Fmax= 1.15227e+04, atom= 1744
Step=  220, Dmax= 1.7e-02 nm, Epot= -5.16458e+05 Fmax= 1.46715e+04, atom= 1744
Step=  221, Dmax= 2.0e-02 nm, Epot= -5.16481e+05 Fmax= 1.65942e+04, atom= 1744
Step=  222, Dmax= 2.5e-02 nm, Epot= -5.16437e+05 Fmax= 2.10341e+04, atom= 1744
Step=  223, Dmax= 1.2e-02 nm, Epot= -5.16705e+05 Fmax= 2.24049e+03, atom= 1744
Step=  224, Dmax= 1.5e-02 nm, Epot= -5.16739e+05 Fmax= 2.03161e+04, atom= 1744
Step=  225, Dmax= 1.8e-02 nm, Epot= -5.17027e+05 Fmax= 6.94051e+03, atom= 1744
Step=  226, Dmax= 2.1e-02 nm, Epot= -5.16766e+05 Fmax= 2.54550e+04, atom= 1744
Step=  227, Dmax= 1.1e-02 nm, Epot= -5.17072e+05 Fmax= 9.28920e+03, atom= 1744
Step=  228, Dmax= 1.3e-02 nm, Epot= -5.17122e+05 Fmax= 1.02930e+04, atom= 1744
Step=  229, Dmax= 1.5e-02 nm, Epot= -5.17147e+05 Fmax= 1.30736e+04, atom= 1744
Step=  230, Dmax= 1.8e-02 nm, Epot= -5.17175e+05 Fmax= 1.50777e+04, atom= 1744
Step=  231, Dmax= 2.2e-02 nm, Epot= -5.17164e+05 Fmax= 1.85146e+04, atom= 1744
Step=  232, Dmax= 1.1e-02 nm, Epot= -5.17355e+05 Fmax= 1.75774e+03, atom= 1744
Step=  233, Dmax= 1.3e-02 nm, Epot= -5.17473e+05 Fmax= 1.86720e+04, atom= 1744
Step=  234, Dmax= 1.6e-02 nm, Epot= -5.17713e+05 Fmax= 5.62778e+03, atom= 1744
Step=  235, Dmax= 1.9e-02 nm, Epot= -5.17527e+05 Fmax= 2.36524e+04, atom= 1744
Step=  236, Dmax= 9.5e-03 nm, Epot= -5.17757e+05 Fmax= 9.02284e+03, atom= 1744
Step=  237, Dmax= 1.1e-02 nm, Epot= -5.17818e+05 Fmax= 8.43680e+03, atom= 1744
Step=  238, Dmax= 1.4e-02 nm, Epot= -5.17835e+05 Fmax= 1.26145e+04, atom= 1744
Step=  239, Dmax= 1.6e-02 nm, Epot= -5.17893e+05 Fmax= 1.25063e+04, atom= 1744
Step=  240, Dmax= 2.0e-02 nm, Epot= -5.17862e+05 Fmax= 1.77454e+04, atom= 1744
Step=  241, Dmax= 9.8e-03 nm, Epot= -5.18022e+05 Fmax= 2.62396e+03, atom= 1744
Step=  242, Dmax= 1.2e-02 nm, Epot= -5.18073e+05 Fmax= 1.54483e+04, atom= 1744
Step=  243, Dmax= 1.4e-02 nm, Epot= -5.18236e+05 Fmax= 6.38463e+03, atom= 1744
Step=  244, Dmax= 1.7e-02 nm, Epot= -5.18136e+05 Fmax= 1.96395e+04, atom= 1744
Step=  245, Dmax= 8.5e-03 nm, Epot= -5.18291e+05 Fmax= 6.64002e+03, atom= 1744
Step=  246, Dmax= 1.0e-02 nm, Epot= -5.18333e+05 Fmax= 9.08218e+03, atom= 1744
Step=  247, Dmax= 1.2e-02 nm, Epot= -5.18383e+05 Fmax= 9.67547e+03, atom= 1744
Step=  248, Dmax= 1.5e-02 nm, Epot= -5.18403e+05 Fmax= 1.29385e+04, atom= 1744
Step=  249, Dmax= 1.8e-02 nm, Epot= -5.18442e+05 Fmax= 1.40503e+04, atom= 1744
Step=  250, Dmax= 2.1e-02 nm, Epot= -5.18419e+05 Fmax= 1.84496e+04, atom= 1744
Step=  251, Dmax= 1.1e-02 nm, Epot= -5.18592e+05 Fmax= 2.20914e+03, atom= 1744
Step=  252, Dmax= 1.3e-02 nm, Epot= -5.18656e+05 Fmax= 1.72100e+04, atom= 1744
Step=  253, Dmax= 1.5e-02 nm, Epot= -5.18848e+05 Fmax= 6.28015e+03, atom= 1744
Step=  254, Dmax= 1.8e-02 nm, Epot= -5.18710e+05 Fmax= 2.16778e+04, atom= 1744
Step=  255, Dmax= 9.1e-03 nm, Epot= -5.18896e+05 Fmax= 7.71701e+03, atom= 1744
Step=  256, Dmax= 1.1e-02 nm, Epot= -5.18940e+05 Fmax= 9.18310e+03, atom= 1744
Step=  257, Dmax= 1.3e-02 nm, Epot= -5.18977e+05 Fmax= 1.09761e+04, atom= 1744
Step=  258, Dmax= 1.6e-02 nm, Epot= -5.19002e+05 Fmax= 1.33267e+04, atom= 1744
Step=  259, Dmax= 1.9e-02 nm, Epot= -5.19019e+05 Fmax= 1.56740e+04, atom= 1744
Step=  260, Dmax= 2.3e-02 nm, Epot= -5.19005e+05 Fmax= 1.92437e+04, atom= 1744
Step=  261, Dmax= 1.1e-02 nm, Epot= -5.19193e+05 Fmax= 1.80194e+03, atom= 1744
Step=  262, Dmax= 1.4e-02 nm, Epot= -5.19289e+05 Fmax= 1.90625e+04, atom= 1744
Step=  263, Dmax= 1.6e-02 nm, Epot= -5.19512e+05 Fmax= 6.22717e+03, atom= 1744
Step=  264, Dmax= 2.0e-02 nm, Epot= -5.19331e+05 Fmax= 2.37948e+04, atom= 1744
Step=  265, Dmax= 9.8e-03 nm, Epot= -5.19552e+05 Fmax= 8.81504e+03, atom= 1744
Step=  266, Dmax= 1.2e-02 nm, Epot= -5.19600e+05 Fmax= 9.35549e+03, atom= 1744
Step=  267, Dmax= 1.4e-02 nm, Epot= -5.19622e+05 Fmax= 1.23107e+04, atom= 1744
Step=  268, Dmax= 1.7e-02 nm, Epot= -5.19654e+05 Fmax= 1.38089e+04, atom= 1744
Step=  269, Dmax= 2.0e-02 nm, Epot= -5.19647e+05 Fmax= 1.73524e+04, atom= 1744
Step=  270, Dmax= 1.0e-02 nm, Epot= -5.19790e+05 Fmax= 1.80236e+03, atom= 1744
Step=  271, Dmax= 1.2e-02 nm, Epot= -5.19890e+05 Fmax= 1.71706e+04, atom= 1744
Step=  272, Dmax= 1.5e-02 nm, Epot= -5.20072e+05 Fmax= 5.34855e+03, atom= 1744
Step=  273, Dmax= 1.8e-02 nm, Epot= -5.19947e+05 Fmax= 2.18156e+04, atom= 1744
Step=  274, Dmax= 8.8e-03 nm, Epot= -5.20114e+05 Fmax= 8.23780e+03, atom= 1744
Step=  275, Dmax= 1.1e-02 nm, Epot= -5.20165e+05 Fmax= 7.94595e+03, atom= 1744
Step=  276, Dmax= 1.3e-02 nm, Epot= -5.20186e+05 Fmax= 1.15813e+04, atom= 1744
Step=  277, Dmax= 1.5e-02 nm, Epot= -5.20234e+05 Fmax= 1.17125e+04, atom= 1744
Step=  278, Dmax= 1.8e-02 nm, Epot= -5.20221e+05 Fmax= 1.63532e+04, atom= 1744
Step=  279, Dmax= 9.1e-03 nm, Epot= -5.20338e+05 Fmax= 2.32351e+03, atom= 1744
Step=  280, Dmax= 1.1e-02 nm, Epot= -5.20402e+05 Fmax= 1.44080e+04, atom= 1744
Step=  281, Dmax= 1.3e-02 nm, Epot= -5.20534e+05 Fmax= 5.84179e+03, atom= 1744
Step=  282, Dmax= 1.6e-02 nm, Epot= -5.20467e+05 Fmax= 1.82815e+04, atom= 1744
Step=  283, Dmax= 7.9e-03 nm, Epot= -5.20581e+05 Fmax= 6.23053e+03, atom= 1744
Step=  284, Dmax= 9.5e-03 nm, Epot= -5.20621e+05 Fmax= 8.35675e+03, atom= 1744
Step=  285, Dmax= 1.1e-02 nm, Epot= -5.20665e+05 Fmax= 9.03389e+03, atom= 1744
Step=  286, Dmax= 1.4e-02 nm, Epot= -5.20687e+05 Fmax= 1.19455e+04, atom= 1744
Step=  287, Dmax= 1.6e-02 nm, Epot= -5.20721e+05 Fmax= 1.30840e+04, atom= 1744
Step=  288, Dmax= 2.0e-02 nm, Epot= -5.20711e+05 Fmax= 1.70700e+04, atom= 1744
Step=  289, Dmax= 9.8e-03 nm, Epot= -5.20842e+05 Fmax= 2.00008e+03, atom= 1744
Step=  290, Dmax= 1.2e-02 nm, Epot= -5.20920e+05 Fmax= 1.59745e+04, atom= 1744
Step=  291, Dmax= 1.4e-02 nm, Epot= -5.21074e+05 Fmax= 5.80813e+03, atom= 1744
Step=  292, Dmax= 1.7e-02 nm, Epot= -5.20976e+05 Fmax= 2.01100e+04, atom= 1744
Step=  293, Dmax= 8.5e-03 nm, Epot= -5.21117e+05 Fmax= 7.16601e+03, atom= 1744
Step=  294, Dmax= 1.0e-02 nm, Epot= -5.21157e+05 Fmax= 8.51267e+03, atom= 1744
Step=  295, Dmax= 1.2e-02 nm, Epot= -5.21191e+05 Fmax= 1.01784e+04, atom= 1744
Step=  296, Dmax= 1.5e-02 nm, Epot= -5.21217e+05 Fmax= 1.23670e+04, atom= 1744
Step=  297, Dmax= 1.8e-02 nm, Epot= -5.21236e+05 Fmax= 1.45301e+04, atom= 1744
Step=  298, Dmax= 2.1e-02 nm, Epot= -5.21229e+05 Fmax= 1.78681e+04, atom= 1744
Step=  299, Dmax= 1.1e-02 nm, Epot= -5.21375e+05 Fmax= 1.68175e+03, atom= 1744
Step=  300, Dmax= 1.3e-02 nm, Epot= -5.21477e+05 Fmax= 1.76268e+04, atom= 1744
Step=  301, Dmax= 1.5e-02 nm, Epot= -5.21657e+05 Fmax= 5.81635e+03, atom= 1744
Step=  302, Dmax= 1.8e-02 nm, Epot= -5.21523e+05 Fmax= 2.20210e+04, atom= 1744
Step=  303, Dmax= 9.1e-03 nm, Epot= -5.21695e+05 Fmax= 8.12704e+03, atom= 1744
Step=  304, Dmax= 1.1e-02 nm, Epot= -5.21736e+05 Fmax= 8.72760e+03, atom= 1744
Step=  305, Dmax= 1.3e-02 nm, Epot= -5.21760e+05 Fmax= 1.13615e+04, atom= 1744
Step=  306, Dmax= 1.6e-02 nm, Epot= -5.21789e+05 Fmax= 1.28686e+04, atom= 1744
Step=  307, Dmax= 1.9e-02 nm, Epot= -5.21790e+05 Fmax= 1.60346e+04, atom= 1744
Step=  308, Dmax= 2.3e-02 nm, Epot= -5.21789e+05 Fmax= 1.87744e+04, atom= 1744
Step=  309, Dmax= 1.1e-02 nm, Epot= -5.21952e+05 Fmax= 1.39117e+03, atom= 1744
Step=  310, Dmax= 1.4e-02 nm, Epot= -5.22092e+05 Fmax= 1.93303e+04, atom= 1744
Step=  311, Dmax= 1.6e-02 nm, Epot= -5.22301e+05 Fmax= 5.91825e+03, atom= 1744
Step=  312, Dmax= 2.0e-02 nm, Epot= -5.22125e+05 Fmax= 2.39588e+04, atom= 1744
Step=  313, Dmax= 9.8e-03 nm, Epot= -5.22331e+05 Fmax= 9.06362e+03, atom= 1744
Step=  314, Dmax= 1.2e-02 nm, Epot= -5.22376e+05 Fmax= 9.06070e+03, atom= 1744
Step=  315, Dmax= 1.4e-02 nm, Epot= -5.22388e+05 Fmax= 1.25308e+04, atom= 1744
Step=  316, Dmax= 1.7e-02 nm, Epot= -5.22421e+05 Fmax= 1.35126e+04, atom= 1744
Step=  317, Dmax= 2.0e-02 nm, Epot= -5.22403e+05 Fmax= 1.75456e+04, atom= 1744
Step=  318, Dmax= 1.0e-02 nm, Epot= -5.22539e+05 Fmax= 2.04570e+03, atom= 1744
Step=  319, Dmax= 1.2e-02 nm, Epot= -5.22592e+05 Fmax= 1.68679e+04, atom= 1744
Step=  320, Dmax= 1.5e-02 nm, Epot= -5.22753e+05 Fmax= 5.56732e+03, atom= 1744
Step=  321, Dmax= 1.8e-02 nm, Epot= -5.22631e+05 Fmax= 2.15080e+04, atom= 1744
Step=  322, Dmax= 8.8e-03 nm, Epot= -5.22788e+05 Fmax= 7.97092e+03, atom= 1744
Step=  323, Dmax= 1.1e-02 nm, Epot= -5.22830e+05 Fmax= 8.15391e+03, atom= 1744
Step=  324, Dmax= 1.3e-02 nm, Epot= -5.22849e+05 Fmax= 1.13101e+04, atom= 1744
Step=  325, Dmax= 1.5e-02 nm, Epot= -5.22885e+05 Fmax= 1.19030e+04, atom= 1744
Step=  326, Dmax= 1.8e-02 nm, Epot= -5.22874e+05 Fmax= 1.60728e+04, atom= 1744
Step=  327, Dmax= 9.1e-03 nm, Epot= -5.22982e+05 Fmax= 2.08810e+03, atom= 1744
Step=  328, Dmax= 1.1e-02 nm, Epot= -5.23044e+05 Fmax= 1.45668e+04, atom= 1744
Step=  329, Dmax= 1.3e-02 nm, Epot= -5.23167e+05 Fmax= 5.62345e+03, atom= 1744
Step=  330, Dmax= 1.6e-02 nm, Epot= -5.23096e+05 Fmax= 1.84100e+04, atom= 1744
Step=  331, Dmax= 7.9e-03 nm, Epot= -5.23208e+05 Fmax= 6.40466e+03, atom= 1744
Step=  332, Dmax= 9.4e-03 nm, Epot= -5.23242e+05 Fmax= 8.13915e+03, atom= 1744
Step=  333, Dmax= 1.1e-02 nm, Epot= -5.23277e+05 Fmax= 9.19087e+03, atom= 1744
Step=  334, Dmax= 1.4e-02 nm, Epot= -5.23297e+05 Fmax= 1.17233e+04, atom= 1744
Step=  335, Dmax= 1.6e-02 nm, Epot= -5.23321e+05 Fmax= 1.32215e+04, atom= 1744
Step=  336, Dmax= 2.0e-02 nm, Epot= -5.23312e+05 Fmax= 1.68373e+04, atom= 1744
Step=  337, Dmax= 9.8e-03 nm, Epot= -5.23435e+05 Fmax= 1.81534e+03, atom= 1744
Step=  338, Dmax= 1.2e-02 nm, Epot= -5.23508e+05 Fmax= 1.60732e+04, atom= 1744
Step=  339, Dmax= 1.4e-02 nm, Epot= -5.23653e+05 Fmax= 5.64635e+03, atom= 1744
Step=  340, Dmax= 1.7e-02 nm, Epot= -5.23551e+05 Fmax= 2.01745e+04, atom= 1744
Step=  341, Dmax= 8.4e-03 nm, Epot= -5.23689e+05 Fmax= 7.28075e+03, atom= 1744
Step=  342, Dmax= 1.0e-02 nm, Epot= -5.23724e+05 Fmax= 8.35127e+03, atom= 1744
Step=  343, Dmax= 1.2e-02 nm, Epot= -5.23750e+05 Fmax= 1.02750e+04, atom= 1744
Step=  344, Dmax= 1.5e-02 nm, Epot= -5.23772e+05 Fmax= 1.22010e+04, atom= 1744
Step=  345, Dmax= 1.8e-02 nm, Epot= -5.23783e+05 Fmax= 1.46054e+04, atom= 1744
Step=  346, Dmax= 2.1e-02 nm, Epot= -5.23776e+05 Fmax= 1.76910e+04, atom= 1744
Step=  347, Dmax= 1.1e-02 nm, Epot= -5.23915e+05 Fmax= 1.55595e+03, atom= 1744
Step=  348, Dmax= 1.3e-02 nm, Epot= -5.24006e+05 Fmax= 1.76545e+04, atom= 1744
Step=  349, Dmax= 1.5e-02 nm, Epot= -5.24176e+05 Fmax= 5.72062e+03, atom= 1744
Step=  350, Dmax= 1.8e-02 nm, Epot= -5.24039e+05 Fmax= 2.20110e+04, atom= 1744
Step=  351, Dmax= 9.1e-03 nm, Epot= -5.24206e+05 Fmax= 8.17193e+03, atom= 1744
Step=  352, Dmax= 1.1e-02 nm, Epot= -5.24243e+05 Fmax= 8.63317e+03, atom= 1744
Step=  353, Dmax= 1.3e-02 nm, Epot= -5.24260e+05 Fmax= 1.13864e+04, atom= 1744
Step=  354, Dmax= 1.6e-02 nm, Epot= -5.24285e+05 Fmax= 1.27692e+04, atom= 1744
Step=  355, Dmax= 1.9e-02 nm, Epot= -5.24280e+05 Fmax= 1.60371e+04, atom= 1744
Step=  356, Dmax= 9.4e-03 nm, Epot= -5.24390e+05 Fmax= 1.65873e+03, atom= 1744
Step=  357, Dmax= 1.1e-02 nm, Epot= -5.24466e+05 Fmax= 1.59311e+04, atom= 1744
Step=  358, Dmax= 1.4e-02 nm, Epot= -5.24608e+05 Fmax= 4.87754e+03, atom= 1744
Step=  359, Dmax= 1.6e-02 nm, Epot= -5.24510e+05 Fmax= 2.02550e+04, atom= 1744
Step=  360, Dmax= 8.1e-03 nm, Epot= -5.24640e+05 Fmax= 7.69145e+03, atom= 1744
Step=  361, Dmax= 9.8e-03 nm, Epot= -5.24680e+05 Fmax= 7.26017e+03, atom= 1744
Step=  362, Dmax= 1.2e-02 nm, Epot= -5.24695e+05 Fmax= 1.08011e+04, atom= 1744
Step=  363, Dmax= 1.4e-02 nm, Epot= -5.24734e+05 Fmax= 1.07260e+04, atom= 1744
Step=  364, Dmax= 1.7e-02 nm, Epot= -5.24721e+05 Fmax= 1.52319e+04, atom= 1744
Step=  365, Dmax= 8.4e-03 nm, Epot= -5.24814e+05 Fmax= 2.25410e+03, atom= 1744
Step=  366, Dmax= 1.0e-02 nm, Epot= -5.24859e+05 Fmax= 1.31781e+04, atom= 1744
Step=  367, Dmax= 1.2e-02 nm, Epot= -5.24959e+05 Fmax= 5.53954e+03, atom= 1744
Step=  368, Dmax= 1.5e-02 nm, Epot= -5.24907e+05 Fmax= 1.67444e+04, atom= 1744
Step=  369, Dmax= 7.3e-03 nm, Epot= -5.24997e+05 Fmax= 5.61107e+03, atom= 1744
Step=  370, Dmax= 8.7e-03 nm, Epot= -5.25026e+05 Fmax= 7.88352e+03, atom= 1744
Step=  371, Dmax= 1.0e-02 nm, Epot= -5.25062e+05 Fmax= 8.18435e+03, atom= 1744
Step=  372, Dmax= 1.3e-02 nm, Epot= -5.25077e+05 Fmax= 1.12194e+04, atom= 1744
Step=  373, Dmax= 1.5e-02 nm, Epot= -5.25106e+05 Fmax= 1.19139e+04, atom= 1744
Step=  374, Dmax= 1.8e-02 nm, Epot= -5.25093e+05 Fmax= 1.59757e+04, atom= 1744
Step=  375, Dmax= 9.1e-03 nm, Epot= -5.25199e+05 Fmax= 2.03503e+03, atom= 1744
Step=  376, Dmax= 1.1e-02 nm, Epot= -5.25246e+05 Fmax= 1.45431e+04, atom= 1744
Step=  377, Dmax= 1.3e-02 nm, Epot= -5.25364e+05 Fmax= 5.58491e+03, atom= 1744
Step=  378, Dmax= 1.6e-02 nm, Epot= -5.25286e+05 Fmax= 1.83617e+04, atom= 1744
Step=  379, Dmax= 7.8e-03 nm, Epot= -5.25398e+05 Fmax= 6.39974e+03, atom= 1744
Step=  380, Dmax= 9.4e-03 nm, Epot= -5.25427e+05 Fmax= 8.10177e+03, atom= 1744
Step=  381, Dmax= 1.1e-02 nm, Epot= -5.25457e+05 Fmax= 9.16820e+03, atom= 1744
Step=  382, Dmax= 1.4e-02 nm, Epot= -5.25472e+05 Fmax= 1.16829e+04, atom= 1744
Step=  383, Dmax= 1.6e-02 nm, Epot= -5.25491e+05 Fmax= 1.31777e+04, atom= 1744
Step=  384, Dmax= 1.9e-02 nm, Epot= -5.25478e+05 Fmax= 1.67882e+04, atom= 1744
Step=  385, Dmax= 9.7e-03 nm, Epot= -5.25599e+05 Fmax= 1.81244e+03, atom= 1744
Step=  386, Dmax= 1.2e-02 nm, Epot= -5.25650e+05 Fmax= 1.59977e+04, atom= 1744
Step=  387, Dmax= 1.4e-02 nm, Epot= -5.25789e+05 Fmax= 5.65213e+03, atom= 1744
Step=  388, Dmax= 1.7e-02 nm, Epot= -5.25681e+05 Fmax= 2.00775e+04, atom= 1744
Step=  389, Dmax= 8.4e-03 nm, Epot= -5.25819e+05 Fmax= 7.22900e+03, atom= 1744
Step=  390, Dmax= 1.0e-02 nm, Epot= -5.25849e+05 Fmax= 8.35679e+03, atom= 1744
Step=  391, Dmax= 1.2e-02 nm, Epot= -5.25870e+05 Fmax= 1.02057e+04, atom= 1744
Step=  392, Dmax= 1.5e-02 nm, Epot= -5.25888e+05 Fmax= 1.22016e+04, atom= 1744
Step=  393, Dmax= 1.7e-02 nm, Epot= -5.25894e+05 Fmax= 1.45154e+04, atom= 1744
Step=  394, Dmax= 2.1e-02 nm, Epot= -5.25882e+05 Fmax= 1.76806e+04, atom= 1744
Step=  395, Dmax= 1.0e-02 nm, Epot= -5.26020e+05 Fmax= 1.59514e+03, atom= 1744
Step=  396, Dmax= 1.3e-02 nm, Epot= -5.26079e+05 Fmax= 1.75325e+04, atom= 1744
Step=  397, Dmax= 1.5e-02 nm, Epot= -5.26241e+05 Fmax= 5.76370e+03, atom= 1744
Step=  398, Dmax= 1.8e-02 nm, Epot= -5.26098e+05 Fmax= 2.18741e+04, atom= 1744
Step=  399, Dmax= 9.0e-03 nm, Epot= -5.26267e+05 Fmax= 8.08076e+03, atom= 1744
Step=  400, Dmax= 1.1e-02 nm, Epot= -5.26298e+05 Fmax= 8.67306e+03, atom= 1744
Step=  401, Dmax= 1.3e-02 nm, Epot= -5.26311e+05 Fmax= 1.12783e+04, atom= 1744
Step=  402, Dmax= 1.6e-02 nm, Epot= -5.26330e+05 Fmax= 1.28029e+04, atom= 1744
Step=  403, Dmax= 1.9e-02 nm, Epot= -5.26322e+05 Fmax= 1.59075e+04, atom= 1744
Step=  404, Dmax= 9.4e-03 nm, Epot= -5.26431e+05 Fmax= 1.57734e+03, atom= 1744
Step=  405, Dmax= 1.1e-02 nm, Epot= -5.26493e+05 Fmax= 1.59883e+04, atom= 1744
Step=  406, Dmax= 1.4e-02 nm, Epot= -5.26631e+05 Fmax= 4.75532e+03, atom= 1744
Step=  407, Dmax= 1.6e-02 nm, Epot= -5.26523e+05 Fmax= 2.03096e+04, atom= 1744
Step=  408, Dmax= 8.1e-03 nm, Epot= -5.26657e+05 Fmax= 7.78125e+03, atom= 1744
Step=  409, Dmax= 9.7e-03 nm, Epot= -5.26694e+05 Fmax= 7.11970e+03, atom= 1744
Step=  410, Dmax= 1.2e-02 nm, Epot= -5.26703e+05 Fmax= 1.08895e+04, atom= 1744
Step=  411, Dmax= 1.4e-02 nm, Epot= -5.26739e+05 Fmax= 1.05659e+04, atom= 1744
Step=  412, Dmax= 1.7e-02 nm, Epot= -5.26719e+05 Fmax= 1.53143e+04, atom= 1744
Step=  413, Dmax= 8.4e-03 nm, Epot= -5.26813e+05 Fmax= 2.37488e+03, atom= 1744
Step=  414, Dmax= 1.0e-02 nm, Epot= -5.26840e+05 Fmax= 1.29990e+04, atom= 1744
Step=  415, Dmax= 1.2e-02 nm, Epot= -5.26934e+05 Fmax= 5.65848e+03, atom= 1744
Step=  416, Dmax= 1.5e-02 nm, Epot= -5.26876e+05 Fmax= 1.65487e+04, atom= 1744
Step=  417, Dmax= 7.3e-03 nm, Epot= -5.26968e+05 Fmax= 5.45339e+03, atom= 1744
Step=  418, Dmax= 8.7e-03 nm, Epot= -5.26992e+05 Fmax= 8.00310e+03, atom= 1744
Step=  419, Dmax= 1.0e-02 nm, Epot= -5.27024e+05 Fmax= 8.01000e+03, atom= 1744
Step=  420, Dmax= 1.3e-02 nm, Epot= -5.27032e+05 Fmax= 1.13366e+04, atom= 1744
Step=  421, Dmax= 1.5e-02 nm, Epot= -5.27061e+05 Fmax= 1.17194e+04, atom= 1744
Step=  422, Dmax= 1.8e-02 nm, Epot= -5.27038e+05 Fmax= 1.60860e+04, atom= 1744
Step=  423, Dmax= 9.0e-03 nm, Epot= -5.27147e+05 Fmax= 2.18648e+03, atom= 1744
Step=  424, Dmax= 1.1e-02 nm, Epot= -5.27171e+05 Fmax= 1.43302e+04, atom= 1744
Step=  425, Dmax= 1.3e-02 nm, Epot= -5.27281e+05 Fmax= 5.73066e+03, atom= 1744
Step=  426, Dmax= 1.6e-02 nm, Epot= -5.27199e+05 Fmax= 1.81345e+04, atom= 1744
Step=  427, Dmax= 7.8e-03 nm, Epot= -5.27312e+05 Fmax= 6.21278e+03, atom= 1744
Step=  428, Dmax= 9.4e-03 nm, Epot= -5.27335e+05 Fmax= 8.24698e+03, atom= 1744
Step=  429, Dmax= 1.1e-02 nm, Epot= -5.27362e+05 Fmax= 8.96463e+03, atom= 1744
Step=  430, Dmax= 1.3e-02 nm, Epot= -5.27370e+05 Fmax= 1.18247e+04, atom= 1744
Step=  431, Dmax= 1.6e-02 nm, Epot= -5.27389e+05 Fmax= 1.29535e+04, atom= 1744
Step=  432, Dmax= 1.9e-02 nm, Epot= -5.27367e+05 Fmax= 1.69214e+04, atom= 1744
Step=  433, Dmax= 9.7e-03 nm, Epot= -5.27491e+05 Fmax= 1.99020e+03, atom= 1744
Step=  434, Dmax= 1.2e-02 nm, Epot= -5.27512e+05 Fmax= 1.57560e+04, atom= 1744
Step=  435, Dmax= 1.4e-02 nm, Epot= -5.27642e+05 Fmax= 5.81824e+03, atom= 1744
Step=  436, Dmax= 1.7e-02 nm, Epot= -5.27530e+05 Fmax= 1.98272e+04, atom= 1744
Step=  437, Dmax= 8.4e-03 nm, Epot= -5.27670e+05 Fmax= 7.01953e+03, atom= 1744
Step=  438, Dmax= 1.0e-02 nm, Epot= -5.27693e+05 Fmax= 8.51935e+03, atom= 1744
Step=  439, Dmax= 1.2e-02 nm, Epot= -5.27714e+05 Fmax= 9.98040e+03, atom= 1744
Step=  440, Dmax= 1.4e-02 nm, Epot= -5.27722e+05 Fmax= 1.23592e+04, atom= 1744
Step=  441, Dmax= 1.7e-02 nm, Epot= -5.27730e+05 Fmax= 1.42690e+04, atom= 1744
Step=  442, Dmax= 2.1e-02 nm, Epot= -5.27708e+05 Fmax= 1.78286e+04, atom= 1744
Step=  443, Dmax= 1.0e-02 nm, Epot= -5.27849e+05 Fmax= 1.79062e+03, atom= 1744
Step=  444, Dmax= 1.3e-02 nm, Epot= -5.27869e+05 Fmax= 1.72741e+04, atom= 1744
Step=  445, Dmax= 1.5e-02 nm, Epot= -5.28023e+05 Fmax= 5.93491e+03, atom= 1744
Step=  446, Dmax= 1.8e-02 nm, Epot= -5.27876e+05 Fmax= 2.16182e+04, atom= 1744
Step=  447, Dmax= 9.0e-03 nm, Epot= -5.28045e+05 Fmax= 7.86355e+03, atom= 1744
Step=  448, Dmax= 1.1e-02 nm, Epot= -5.28071e+05 Fmax= 8.83842e+03, atom= 1744
Step=  449, Dmax= 1.3e-02 nm, Epot= -5.28083e+05 Fmax= 1.10461e+04, atom= 1744
Step=  450, Dmax= 1.6e-02 nm, Epot= -5.28093e+05 Fmax= 1.29611e+04, atom= 1744
Step=  451, Dmax= 1.9e-02 nm, Epot= -5.28087e+05 Fmax= 1.56544e+04, atom= 1744
Step=  452, Dmax= 9.4e-03 nm, Epot= -5.28194e+05 Fmax= 1.37285e+03, atom= 1744
Step=  453, Dmax= 1.1e-02 nm, Epot= -5.28257e+05 Fmax= 1.61947e+04, atom= 1744
Step=  454, Dmax= 1.3e-02 nm, Epot= -5.28397e+05 Fmax= 4.49100e+03, atom= 1744
Step=  455, Dmax= 1.6e-02 nm, Epot= -5.28280e+05 Fmax= 2.05127e+04, atom= 1744
Step=  456, Dmax= 8.1e-03 nm, Epot= -5.28417e+05 Fmax= 8.01918e+03, atom= 1744
Step=  457, Dmax= 9.7e-03 nm, Epot= -5.28453e+05 Fmax= 6.83397e+03, atom= 1744
Step=  458, Dmax= 1.2e-02 nm, Epot= -5.28454e+05 Fmax= 1.11275e+04, atom= 1744
Step=  459, Dmax= 1.4e-02 nm, Epot= -5.28492e+05 Fmax= 1.02586e+04, atom= 1744
Step=  460, Dmax= 1.7e-02 nm, Epot= -5.28462e+05 Fmax= 1.55469e+04, atom= 1744
Step=  461, Dmax= 8.4e-03 nm, Epot= -5.28561e+05 Fmax= 2.64443e+03, atom= 1744
Step=  462, Dmax= 1.0e-02 nm, Epot= -5.28571e+05 Fmax= 1.26783e+04, atom= 1744
Step=  463, Dmax= 1.2e-02 nm, Epot= -5.28657e+05 Fmax= 5.91893e+03, atom= 1744
Step=  464, Dmax= 1.4e-02 nm, Epot= -5.28597e+05 Fmax= 1.62147e+04, atom= 1744
Step=  465, Dmax= 7.2e-03 nm, Epot= -5.28688e+05 Fmax= 5.15602e+03, atom= 1744
Step=  466, Dmax= 8.7e-03 nm, Epot= -5.28706e+05 Fmax= 8.26503e+03, atom= 1744
Step=  467, Dmax= 1.0e-02 nm, Epot= -5.28739e+05 Fmax= 7.69528e+03, atom= 1744
Step=  468, Dmax= 1.3e-02 nm, Epot= -5.28739e+05 Fmax= 1.15970e+04, atom= 1744
Step=  469, Dmax= 6.3e-03 nm, Epot= -5.28786e+05 Fmax= 1.95000e+03, atom= 1744
Step=  470, Dmax= 7.5e-03 nm, Epot= -5.28831e+05 Fmax= 9.44437e+03, atom= 1744
Step=  471, Dmax= 9.0e-03 nm, Epot= -5.28887e+05 Fmax= 4.45117e+03, atom= 1744
Step=  472, Dmax= 1.1e-02 nm, Epot= -5.28879e+05 Fmax= 1.20556e+04, atom= 1744
Step=  473, Dmax= 5.4e-03 nm, Epot= -5.28917e+05 Fmax= 3.80638e+03, atom= 1744
Step=  474, Dmax= 6.5e-03 nm, Epot= -5.28944e+05 Fmax= 6.23576e+03, atom= 1744
Step=  475, Dmax= 7.8e-03 nm, Epot= -5.28975e+05 Fmax= 5.67157e+03, atom= 1744
Step=  476, Dmax= 9.3e-03 nm, Epot= -5.28990e+05 Fmax= 8.75653e+03, atom= 1744
Step=  477, Dmax= 1.1e-02 nm, Epot= -5.29021e+05 Fmax= 8.40149e+03, atom= 1744
Step=  478, Dmax= 1.3e-02 nm, Epot= -5.29017e+05 Fmax= 1.23331e+04, atom= 1744
Step=  479, Dmax= 6.7e-03 nm, Epot= -5.29073e+05 Fmax= 1.96508e+03, atom= 1744
Step=  480, Dmax= 8.1e-03 nm, Epot= -5.29113e+05 Fmax= 1.02825e+04, atom= 1744
Step=  481, Dmax= 9.7e-03 nm, Epot= -5.29177e+05 Fmax= 4.65351e+03, atom= 1744
Step=  482, Dmax= 1.2e-02 nm, Epot= -5.29157e+05 Fmax= 1.30917e+04, atom= 1744
Step=  483, Dmax= 5.8e-03 nm, Epot= -5.29206e+05 Fmax= 4.22365e+03, atom= 1744
Step=  484, Dmax= 7.0e-03 nm, Epot= -5.29231e+05 Fmax= 6.56554e+03, atom= 1744
Step=  485, Dmax= 8.4e-03 nm, Epot= -5.29261e+05 Fmax= 6.23552e+03, atom= 1744
Step=  486, Dmax= 1.0e-02 nm, Epot= -5.29273e+05 Fmax= 9.26770e+03, atom= 1744
Step=  487, Dmax= 1.2e-02 nm, Epot= -5.29302e+05 Fmax= 9.17570e+03, atom= 1744
Step=  488, Dmax= 1.4e-02 nm, Epot= -5.29293e+05 Fmax= 1.31047e+04, atom= 1744
Step=  489, Dmax= 7.2e-03 nm, Epot= -5.29360e+05 Fmax= 1.96449e+03, atom= 1744
Step=  490, Dmax= 8.7e-03 nm, Epot= -5.29396e+05 Fmax= 1.12021e+04, atom= 1744
Step=  491, Dmax= 1.0e-02 nm, Epot= -5.29468e+05 Fmax= 4.85258e+03, atom= 1744
Step=  492, Dmax= 1.2e-02 nm, Epot= -5.29434e+05 Fmax= 1.42237e+04, atom= 1744
Step=  493, Dmax= 6.2e-03 nm, Epot= -5.29497e+05 Fmax= 4.69150e+03, atom= 1744
Step=  494, Dmax= 7.5e-03 nm, Epot= -5.29519e+05 Fmax= 6.89977e+03, atom= 1744
Step=  495, Dmax= 9.0e-03 nm, Epot= -5.29547e+05 Fmax= 6.86193e+03, atom= 1744
Step=  496, Dmax= 1.1e-02 nm, Epot= -5.29557e+05 Fmax= 9.79639e+03, atom= 1744
Step=  497, Dmax= 1.3e-02 nm, Epot= -5.29583e+05 Fmax= 1.00286e+04, atom= 1744
Step=  498, Dmax= 1.6e-02 nm, Epot= -5.29570e+05 Fmax= 1.39120e+04, atom= 1744
Step=  499, Dmax= 7.8e-03 nm, Epot= -5.29649e+05 Fmax= 1.94221e+03, atom= 1744
Step=  500, Dmax= 9.3e-03 nm, Epot= -5.29680e+05 Fmax= 1.22119e+04, atom= 1744
Step=  501, Dmax= 1.1e-02 nm, Epot= -5.29762e+05 Fmax= 5.04579e+03, atom= 1744
Step=  502, Dmax= 1.3e-02 nm, Epot= -5.29712e+05 Fmax= 1.54608e+04, atom= 1744
Step=  503, Dmax= 6.7e-03 nm, Epot= -5.29790e+05 Fmax= 5.21478e+03, atom= 1744
Step=  504, Dmax= 8.1e-03 nm, Epot= -5.29811e+05 Fmax= 7.23853e+03, atom= 1744
Step=  505, Dmax= 9.7e-03 nm, Epot= -5.29837e+05 Fmax= 7.55516e+03, atom= 1744
Step=  506, Dmax= 1.2e-02 nm, Epot= -5.29845e+05 Fmax= 1.03443e+04, atom= 1744
Step=  507, Dmax= 1.4e-02 nm, Epot= -5.29866e+05 Fmax= 1.09646e+04, atom= 1744
Step=  508, Dmax= 1.7e-02 nm, Epot= -5.29850e+05 Fmax= 1.47588e+04, atom= 1744
Step=  509, Dmax= 8.3e-03 nm, Epot= -5.29942e+05 Fmax= 1.89881e+03, atom= 1744
Step=  510, Dmax= 1.0e-02 nm, Epot= -5.29967e+05 Fmax= 1.33164e+04, atom= 1744
Step=  511, Dmax= 1.2e-02 nm, Epot= -5.30062e+05 Fmax= 5.23612e+03, atom= 1744
Step=  512, Dmax= 1.4e-02 nm, Epot= -5.29991e+05 Fmax= 1.68068e+04, atom= 1744
Step=  513, Dmax= 7.2e-03 nm, Epot= -5.30088e+05 Fmax= 5.79465e+03, atom= 1744
Step=  514, Dmax= 8.7e-03 nm, Epot= -5.30108e+05 Fmax= 7.58574e+03, atom= 1744
Step=  515, Dmax= 1.0e-02 nm, Epot= -5.30130e+05 Fmax= 8.31732e+03, atom= 1744
Step=  516, Dmax= 1.2e-02 nm, Epot= -5.30137e+05 Fmax= 1.09160e+04, atom= 1744
Step=  517, Dmax= 1.5e-02 nm, Epot= -5.30153e+05 Fmax= 1.19876e+04, atom= 1744
Step=  518, Dmax= 1.8e-02 nm, Epot= -5.30134e+05 Fmax= 1.56508e+04, atom= 1744
Step=  519, Dmax= 9.0e-03 nm, Epot= -5.30240e+05 Fmax= 1.83549e+03, atom= 1744
Step=  520, Dmax= 1.1e-02 nm, Epot= -5.30258e+05 Fmax= 1.45191e+04, atom= 1744
Step=  521, Dmax= 1.3e-02 nm, Epot= -5.30368e+05 Fmax= 5.42790e+03, atom= 1744
Step=  522, Dmax= 1.6e-02 nm, Epot= -5.30274e+05 Fmax= 1.82650e+04, atom= 1744
Step=  523, Dmax= 7.8e-03 nm, Epot= -5.30392e+05 Fmax= 6.43077e+03, atom= 1744
Step=  524, Dmax= 9.3e-03 nm, Epot= -5.30412e+05 Fmax= 7.94688e+03, atom= 1744
Step=  525, Dmax= 1.1e-02 nm, Epot= -5.30429e+05 Fmax= 9.14866e+03, atom= 1744
Step=  526, Dmax= 1.3e-02 nm, Epot= -5.30436e+05 Fmax= 1.15179e+04, atom= 1744
Step=  527, Dmax= 1.6e-02 nm, Epot= -5.30445e+05 Fmax= 1.30986e+04, atom= 1744
Step=  528, Dmax= 1.9e-02 nm, Epot= -5.30423e+05 Fmax= 1.65971e+04, atom= 1744
Step=  529, Dmax= 9.6e-03 nm, Epot= -5.30545e+05 Fmax= 1.75573e+03, atom= 1744
Step=  530, Dmax= 1.2e-02 nm, Epot= -5.30557e+05 Fmax= 1.58222e+04, atom= 1744
Step=  531, Dmax= 1.4e-02 nm, Epot= -5.30684e+05 Fmax= 5.62746e+03, atom= 1744
Step=  532, Dmax= 1.7e-02 nm, Epot= -5.30562e+05 Fmax= 1.98365e+04, atom= 1744
Step=  533, Dmax= 8.3e-03 nm, Epot= -5.30705e+05 Fmax= 7.12094e+03, atom= 1744
Step=  534, Dmax= 1.0e-02 nm, Epot= -5.30724e+05 Fmax= 8.32979e+03, atom= 1744
Step=  535, Dmax= 1.2e-02 nm, Epot= -5.30737e+05 Fmax= 1.00473e+04, atom= 1744
Step=  536, Dmax= 1.4e-02 nm, Epot= -5.30744e+05 Fmax= 1.21603e+04, atom= 1744
Step=  537, Dmax= 1.7e-02 nm, Epot= -5.30743e+05 Fmax= 1.42960e+04, atom= 1744
Step=  538, Dmax= 8.6e-03 nm, Epot= -5.30831e+05 Fmax= 1.08983e+03, atom= 1744
Step=  539, Dmax= 1.0e-02 nm, Epot= -5.30908e+05 Fmax= 1.52708e+04, atom= 1744
Step=  540, Dmax= 1.2e-02 nm, Epot= -5.31032e+05 Fmax= 3.85611e+03, atom= 1744
Step=  541, Dmax= 1.5e-02 nm, Epot= -5.30931e+05 Fmax= 1.92948e+04, atom= 1744
Step=  542, Dmax= 7.5e-03 nm, Epot= -5.31048e+05 Fmax= 7.73096e+03, atom= 1744
Step=  543, Dmax= 9.0e-03 nm, Epot= -5.31083e+05 Fmax= 5.99703e+03, atom= 1744
Step=  544, Dmax= 1.1e-02 nm, Epot= -5.31080e+05 Fmax= 1.06265e+04, atom= 1744
Step=  545, Dmax= 5.4e-03 nm, Epot= -5.31116e+05 Fmax= 2.31343e+03, atom= 1744
Step=  546, Dmax= 6.5e-03 nm, Epot= -5.31146e+05 Fmax= 7.49151e+03, atom= 1744
Step=  547, Dmax= 7.7e-03 nm, Epot= -5.31184e+05 Fmax= 4.46753e+03, atom= 1744
Step=  548, Dmax= 9.3e-03 nm, Epot= -5.31187e+05 Fmax= 9.72545e+03, atom= 1744
Step=  549, Dmax= 1.1e-02 nm, Epot= -5.31230e+05 Fmax= 7.47512e+03, atom= 1744
Step=  550, Dmax= 1.3e-02 nm, Epot= -5.31207e+05 Fmax= 1.29978e+04, atom= 1744
Step=  551, Dmax= 6.7e-03 nm, Epot= -5.31271e+05 Fmax= 2.76933e+03, atom= 1744
Step=  552, Dmax= 8.0e-03 nm, Epot= -5.31284e+05 Fmax= 9.70446e+03, atom= 1744
Step=  553, Dmax= 9.6e-03 nm, Epot= -5.31338e+05 Fmax= 5.05828e+03, atom= 1744
Step=  554, Dmax= 1.2e-02 nm, Epot= -5.31313e+05 Fmax= 1.28243e+04, atom= 1744
Step=  555, Dmax= 5.8e-03 nm, Epot= -5.31365e+05 Fmax= 3.88057e+03, atom= 1744
Step=  556, Dmax= 6.9e-03 nm, Epot= -5.31385e+05 Fmax= 6.70578e+03, atom= 1744
Step=  557, Dmax= 8.3e-03 nm, Epot= -5.31412e+05 Fmax= 6.15285e+03, atom= 1744
Step=  558, Dmax= 1.0e-02 nm, Epot= -5.31421e+05 Fmax= 9.12568e+03, atom= 1744
Step=  559, Dmax= 1.2e-02 nm, Epot= -5.31444e+05 Fmax= 9.36409e+03, atom= 1744
Step=  560, Dmax= 1.4e-02 nm, Epot= -5.31436e+05 Fmax= 1.26517e+04, atom= 1744
Step=  561, Dmax= 7.2e-03 nm, Epot= -5.31501e+05 Fmax= 1.65486e+03, atom= 1744
Step=  562, Dmax= 8.6e-03 nm, Epot= -5.31533e+05 Fmax= 1.18489e+04, atom= 1744
Step=  563, Dmax= 1.0e-02 nm, Epot= -5.31610e+05 Fmax= 4.03536e+03, atom= 1744
Step=  564, Dmax= 1.2e-02 nm, Epot= -5.31562e+05 Fmax= 1.52247e+04, atom= 1744
Step=  565, Dmax= 6.2e-03 nm, Epot= -5.31633e+05 Fmax= 5.59268e+03, atom= 1744
Step=  566, Dmax= 7.5e-03 nm, Epot= -5.31656e+05 Fmax= 5.81173e+03, atom= 1744
Step=  567, Dmax= 8.9e-03 nm, Epot= -5.31670e+05 Fmax= 8.02112e+03, atom= 1744
Step=  568, Dmax= 1.1e-02 nm, Epot= -5.31691e+05 Fmax= 8.41856e+03, atom= 1744
Step=  569, Dmax= 1.3e-02 nm, Epot= -5.31691e+05 Fmax= 1.14610e+04, atom= 1744
Step=  570, Dmax= 6.4e-03 nm, Epot= -5.31741e+05 Fmax= 1.51994e+03, atom= 1744
Step=  571, Dmax= 7.7e-03 nm, Epot= -5.31785e+05 Fmax= 1.01645e+04, atom= 1744
Step=  572, Dmax= 9.3e-03 nm, Epot= -5.31846e+05 Fmax= 4.15745e+03, atom= 1744
Step=  573, Dmax= 1.1e-02 nm, Epot= -5.31821e+05 Fmax= 1.28332e+04, atom= 1744
Step=  574, Dmax= 5.6e-03 nm, Epot= -5.31870e+05 Fmax= 4.34253e+03, atom= 1744
Step=  575, Dmax= 6.7e-03 nm, Epot= -5.31890e+05 Fmax= 6.00247e+03, atom= 1744
Step=  576, Dmax= 8.0e-03 nm, Epot= -5.31913e+05 Fmax= 6.25999e+03, atom= 1744
Step=  577, Dmax= 9.6e-03 nm, Epot= -5.31924e+05 Fmax= 8.60450e+03, atom= 1744
Step=  578, Dmax= 1.2e-02 nm, Epot= -5.31944e+05 Fmax= 9.06874e+03, atom= 1744
Step=  579, Dmax= 1.4e-02 nm, Epot= -5.31938e+05 Fmax= 1.22931e+04, atom= 1744
Step=  580, Dmax= 6.9e-03 nm, Epot= -5.31998e+05 Fmax= 1.61213e+03, atom= 1744
Step=  581, Dmax= 8.3e-03 nm, Epot= -5.32034e+05 Fmax= 1.09615e+04, atom= 1744
Step=  582, Dmax= 1.0e-02 nm, Epot= -5.32101e+05 Fmax= 4.43207e+03, atom= 1744
Step=  583, Dmax= 1.2e-02 nm, Epot= -5.32063e+05 Fmax= 1.38382e+04, atom= 1744
Step=  584, Dmax= 6.0e-03 nm, Epot= -5.32124e+05 Fmax= 4.70881e+03, atom= 1744
Step=  585, Dmax= 7.2e-03 nm, Epot= -5.32143e+05 Fmax= 6.40573e+03, atom= 1744
Step=  586, Dmax= 8.6e-03 nm, Epot= -5.32164e+05 Fmax= 6.77915e+03, atom= 1744
Step=  587, Dmax= 1.0e-02 nm, Epot= -5.32173e+05 Fmax= 9.19268e+03, atom= 1744
Step=  588, Dmax= 1.2e-02 nm, Epot= -5.32191e+05 Fmax= 9.80683e+03, atom= 1744
Step=  589, Dmax= 1.5e-02 nm, Epot= -5.32180e+05 Fmax= 1.31465e+04, atom= 1744
Step=  590, Dmax= 7.4e-03 nm, Epot= -5.32252e+05 Fmax= 1.67039e+03, atom= 1744
Step=  591, Dmax= 8.9e-03 nm, Epot= -5.32278e+05 Fmax= 1.18585e+04, atom= 1744
Step=  592, Dmax= 1.1e-02 nm, Epot= -5.32355e+05 Fmax= 4.68718e+03, atom= 1744
Step=  593, Dmax= 1.3e-02 nm, Epot= -5.32302e+05 Fmax= 1.49579e+04, atom= 1744
Step=  594, Dmax= 6.4e-03 nm, Epot= -5.32376e+05 Fmax= 5.14243e+03, atom= 1744
Step=  595, Dmax= 7.7e-03 nm, Epot= -5.32394e+05 Fmax= 6.79809e+03, atom= 1744
Step=  596, Dmax= 9.3e-03 nm, Epot= -5.32414e+05 Fmax= 7.37809e+03, atom= 1744
Step=  597, Dmax= 1.1e-02 nm, Epot= -5.32420e+05 Fmax= 9.78279e+03, atom= 1744
Step=  598, Dmax= 1.3e-02 nm, Epot= -5.32434e+05 Fmax= 1.06412e+04, atom= 1744
Step=  599, Dmax= 1.6e-02 nm, Epot= -5.32420e+05 Fmax= 1.40210e+04, atom= 1744
Step=  600, Dmax= 8.0e-03 nm, Epot= -5.32504e+05 Fmax= 1.69119e+03, atom= 1744
Step=  601, Dmax= 9.6e-03 nm, Epot= -5.32522e+05 Fmax= 1.28623e+04, atom= 1744
Step=  602, Dmax= 1.2e-02 nm, Epot= -5.32609e+05 Fmax= 4.92282e+03, atom= 1744
Step=  603, Dmax= 1.4e-02 nm, Epot= -5.32538e+05 Fmax= 1.61985e+04, atom= 1744
Step=  604, Dmax= 6.9e-03 nm, Epot= -5.32629e+05 Fmax= 5.64678e+03, atom= 1744
Step=  605, Dmax= 8.3e-03 nm, Epot= -5.32645e+05 Fmax= 7.18174e+03, atom= 1744
Step=  606, Dmax= 1.0e-02 nm, Epot= -5.32662e+05 Fmax= 8.05988e+03, atom= 1744
Step=  607, Dmax= 1.2e-02 nm, Epot= -5.32667e+05 Fmax= 1.03785e+04, atom= 1744
Step=  608, Dmax= 1.4e-02 nm, Epot= -5.32677e+05 Fmax= 1.15761e+04, atom= 1744
Step=  609, Dmax= 1.7e-02 nm, Epot= -5.32659e+05 Fmax= 1.49215e+04, atom= 1744
Step=  610, Dmax= 8.6e-03 nm, Epot= -5.32756e+05 Fmax= 1.67557e+03, atom= 1744
Step=  611, Dmax= 1.0e-02 nm, Epot= -5.32766e+05 Fmax= 1.39773e+04, atom= 1744
Step=  612, Dmax= 1.2e-02 nm, Epot= -5.32867e+05 Fmax= 5.14272e+03, atom= 1744
Step=  613, Dmax= 1.5e-02 nm, Epot= -5.32774e+05 Fmax= 1.75644e+04, atom= 1744
Step=  614, Dmax= 7.4e-03 nm, Epot= -5.32885e+05 Fmax= 6.22237e+03, atom= 1744
Step=  615, Dmax= 8.9e-03 nm, Epot= -5.32901e+05 Fmax= 7.56041e+03, atom= 1744
Step=  616, Dmax= 1.1e-02 nm, Epot= -5.32914e+05 Fmax= 8.82583e+03, atom= 1744
Step=  617, Dmax= 1.3e-02 nm, Epot= -5.32918e+05 Fmax= 1.09856e+04, atom= 1744
Step=  618, Dmax= 1.5e-02 nm, Epot= -5.32921e+05 Fmax= 1.26131e+04, atom= 1744
Step=  619, Dmax= 1.8e-02 nm, Epot= -5.32901e+05 Fmax= 1.58554e+04, atom= 1744
Step=  620, Dmax= 9.2e-03 nm, Epot= -5.33013e+05 Fmax= 1.62685e+03, atom= 1744
Step=  621, Dmax= 1.1e-02 nm, Epot= -5.33014e+05 Fmax= 1.52058e+04, atom= 1744
Step=  622, Dmax= 1.3e-02 nm, Epot= -5.33130e+05 Fmax= 5.35211e+03, atom= 1744
Step=  623, Dmax= 1.6e-02 nm, Epot= -5.33012e+05 Fmax= 1.90573e+04, atom= 1744
Step=  624, Dmax= 8.0e-03 nm, Epot= -5.33146e+05 Fmax= 6.86792e+03, atom= 1744
Step=  625, Dmax= 9.6e-03 nm, Epot= -5.33162e+05 Fmax= 7.94147e+03, atom= 1744
Step=  626, Dmax= 1.2e-02 nm, Epot= -5.33170e+05 Fmax= 9.67526e+03, atom= 1744
Step=  627, Dmax= 1.4e-02 nm, Epot= -5.33174e+05 Fmax= 1.16114e+04, atom= 1744
Step=  628, Dmax= 1.7e-02 nm, Epot= -5.33170e+05 Fmax= 1.37534e+04, atom= 1744
Step=  629, Dmax= 8.3e-03 nm, Epot= -5.33252e+05 Fmax= 1.09022e+03, atom= 1744
Step=  630, Dmax= 9.9e-03 nm, Epot= -5.33300e+05 Fmax= 1.45759e+04, atom= 1744
Step=  631, Dmax= 1.2e-02 nm, Epot= -5.33411e+05 Fmax= 3.75552e+03, atom= 1744
Step=  632, Dmax= 1.4e-02 nm, Epot= -5.33312e+05 Fmax= 1.84265e+04, atom= 1744
Step=  633, Dmax= 7.2e-03 nm, Epot= -5.33423e+05 Fmax= 7.34388e+03, atom= 1744
Step=  634, Dmax= 8.6e-03 nm, Epot= -5.33452e+05 Fmax= 5.81601e+03, atom= 1744
Step=  635, Dmax= 1.0e-02 nm, Epot= -5.33447e+05 Fmax= 1.01125e+04, atom= 1744
Step=  636, Dmax= 5.2e-03 nm, Epot= -5.33481e+05 Fmax= 2.14698e+03, atom= 1744
Step=  637, Dmax= 6.2e-03 nm, Epot= -5.33504e+05 Fmax= 7.25310e+03, atom= 1744
Step=  638, Dmax= 7.4e-03 nm, Epot= -5.33539e+05 Fmax= 4.20642e+03, atom= 1744
Step=  639, Dmax= 8.9e-03 nm, Epot= -5.33537e+05 Fmax= 9.40132e+03, atom= 1744
Step=  640, Dmax= 4.5e-03 nm, Epot= -5.33561e+05 Fmax= 2.60025e+03, atom= 1744
Step=  641, Dmax= 5.3e-03 nm, Epot= -5.33582e+05 Fmax= 5.70130e+03, atom= 1744
Step=  642, Dmax= 6.4e-03 nm, Epot= -5.33608e+05 Fmax= 4.11388e+03, atom= 1744
Step=  643, Dmax= 7.7e-03 nm, Epot= -5.33616e+05 Fmax= 7.79832e+03, atom= 1744
Step=  644, Dmax= 9.2e-03 nm, Epot= -5.33646e+05 Fmax= 6.34753e+03, atom= 1744
Step=  645, Dmax= 1.1e-02 nm, Epot= -5.33636e+05 Fmax= 1.07631e+04, atom= 1744
Step=  646, Dmax= 5.5e-03 nm, Epot= -5.33677e+05 Fmax= 2.20616e+03, atom= 1744
Step=  647, Dmax= 6.6e-03 nm, Epot= -5.33697e+05 Fmax= 7.90383e+03, atom= 1744
Step=  648, Dmax= 8.0e-03 nm, Epot= -5.33735e+05 Fmax= 4.41060e+03, atom= 1744
Step=  649, Dmax= 9.6e-03 nm, Epot= -5.33727e+05 Fmax= 1.02212e+04, atom= 1744
Step=  650, Dmax= 4.8e-03 nm, Epot= -5.33758e+05 Fmax= 2.90854e+03, atom= 1744
Step=  651, Dmax= 5.7e-03 nm, Epot= -5.33776e+05 Fmax= 6.00463e+03, atom= 1744
Step=  652, Dmax= 6.9e-03 nm, Epot= -5.33802e+05 Fmax= 4.54904e+03, atom= 1744
Step=  653, Dmax= 8.3e-03 nm, Epot= -5.33807e+05 Fmax= 8.24651e+03, atom= 1744
Step=  654, Dmax= 9.9e-03 nm, Epot= -5.33836e+05 Fmax= 6.96180e+03, atom= 1744
Step=  655, Dmax= 1.2e-02 nm, Epot= -5.33822e+05 Fmax= 1.14209e+04, atom= 1744
Step=  656, Dmax= 6.0e-03 nm, Epot= -5.33871e+05 Fmax= 2.22822e+03, atom= 1744
Step=  657, Dmax= 7.1e-03 nm, Epot= -5.33887e+05 Fmax= 8.64501e+03, atom= 1744
Step=  658, Dmax= 8.6e-03 nm, Epot= -5.33930e+05 Fmax= 4.58777e+03, atom= 1744
Step=  659, Dmax= 1.0e-02 nm, Epot= -5.33913e+05 Fmax= 1.11455e+04, atom= 1744
Step=  660, Dmax= 5.1e-03 nm, Epot= -5.33953e+05 Fmax= 3.28288e+03, atom= 1744
Step=  661, Dmax= 6.2e-03 nm, Epot= -5.33969e+05 Fmax= 6.28625e+03, atom= 1744
Step=  662, Dmax= 7.4e-03 nm, Epot= -5.33994e+05 Fmax= 5.06118e+03, atom= 1744
Step=  663, Dmax= 8.9e-03 nm, Epot= -5.33996e+05 Fmax= 8.68231e+03, atom= 1744
Step=  664, Dmax= 1.1e-02 nm, Epot= -5.34024e+05 Fmax= 7.66791e+03, atom= 1744
Step=  665, Dmax= 1.3e-02 nm, Epot= -5.34006e+05 Fmax= 1.20811e+04, atom= 1744
Step=  666, Dmax= 6.4e-03 nm, Epot= -5.34064e+05 Fmax= 2.20519e+03, atom= 1744
Step=  667, Dmax= 7.7e-03 nm, Epot= -5.34076e+05 Fmax= 9.48851e+03, atom= 1744
Step=  668, Dmax= 9.2e-03 nm, Epot= -5.34125e+05 Fmax= 4.73140e+03, atom= 1744
Step=  669, Dmax= 1.1e-02 nm, Epot= -5.34098e+05 Fmax= 1.21861e+04, atom= 1744
Step=  670, Dmax= 5.5e-03 nm, Epot= -5.34147e+05 Fmax= 3.73159e+03, atom= 1744
Step=  671, Dmax= 6.6e-03 nm, Epot= -5.34161e+05 Fmax= 6.54245e+03, atom= 1744
Step=  672, Dmax= 8.0e-03 nm, Epot= -5.34185e+05 Fmax= 5.65830e+03, atom= 1744
Step=  673, Dmax= 9.6e-03 nm, Epot= -5.34186e+05 Fmax= 9.10399e+03, atom= 1744
Step=  674, Dmax= 1.1e-02 nm, Epot= -5.34211e+05 Fmax= 8.47300e+03, atom= 1744
Step=  675, Dmax= 1.4e-02 nm, Epot= -5.34191e+05 Fmax= 1.27439e+04, atom= 1744
Step=  676, Dmax= 6.9e-03 nm, Epot= -5.34257e+05 Fmax= 2.13457e+03, atom= 1744
Step=  677, Dmax= 8.3e-03 nm, Epot= -5.34264e+05 Fmax= 1.04398e+04, atom= 1744
Step=  678, Dmax= 9.9e-03 nm, Epot= -5.34322e+05 Fmax= 4.84231e+03, atom= 1744
Step=  679, Dmax= 1.2e-02 nm, Epot= -5.34282e+05 Fmax= 1.33475e+04, atom= 1744
Step=  680, Dmax= 5.9e-03 nm, Epot= -5.34343e+05 Fmax= 4.25759e+03, atom= 1744
Step=  681, Dmax= 7.1e-03 nm, Epot= -5.34355e+05 Fmax= 6.77468e+03, atom= 1744
Step=  682, Dmax= 8.6e-03 nm, Epot= -5.34377e+05 Fmax= 6.34307e+03, atom= 1744
Step=  683, Dmax= 1.0e-02 nm, Epot= -5.34377e+05 Fmax= 9.51450e+03, atom= 1744
Step=  684, Dmax= 5.1e-03 nm, Epot= -5.34408e+05 Fmax= 1.58458e+03, atom= 1744
Step=  685, Dmax= 6.2e-03 nm, Epot= -5.34438e+05 Fmax= 7.77119e+03, atom= 1744
Step=  686, Dmax= 7.4e-03 nm, Epot= -5.34477e+05 Fmax= 3.64493e+03, atom= 1744
Step=  687, Dmax= 8.9e-03 nm, Epot= -5.34470e+05 Fmax= 9.92157e+03, atom= 1744
Step=  688, Dmax= 4.4e-03 nm, Epot= -5.34497e+05 Fmax= 3.14099e+03, atom= 1744
Step=  689, Dmax= 5.3e-03 nm, Epot= -5.34515e+05 Fmax= 5.11005e+03, atom= 1744
Step=  690, Dmax= 6.4e-03 nm, Epot= -5.34535e+05 Fmax= 4.67687e+03, atom= 1744
Step=  691, Dmax= 7.7e-03 nm, Epot= -5.34546e+05 Fmax= 7.17712e+03, atom= 1744
Step=  692, Dmax= 9.2e-03 nm, Epot= -5.34567e+05 Fmax= 6.92788e+03, atom= 1744
Step=  693, Dmax= 1.1e-02 nm, Epot= -5.34563e+05 Fmax= 1.01105e+04, atom= 1744
Step=  694, Dmax= 5.5e-03 nm, Epot= -5.34601e+05 Fmax= 1.59020e+03, atom= 1744
Step=  695, Dmax= 6.6e-03 nm, Epot= -5.34629e+05 Fmax= 8.47549e+03, atom= 1744
Step=  696, Dmax= 7.9e-03 nm, Epot= -5.34672e+05 Fmax= 3.79244e+03, atom= 1744
Step=  697, Dmax= 9.5e-03 nm, Epot= -5.34658e+05 Fmax= 1.07978e+04, atom= 1744
Step=  698, Dmax= 4.8e-03 nm, Epot= -5.34692e+05 Fmax= 3.50571e+03, atom= 1744
Step=  699, Dmax= 5.7e-03 nm, Epot= -5.34708e+05 Fmax= 5.35469e+03, atom= 1744
Step=  700, Dmax= 6.9e-03 nm, Epot= -5.34728e+05 Fmax= 5.16971e+03, atom= 1744
Step=  701, Dmax= 8.2e-03 nm, Epot= -5.34737e+05 Fmax= 7.56387e+03, atom= 1744
Step=  702, Dmax= 9.9e-03 nm, Epot= -5.34756e+05 Fmax= 7.60125e+03, atom= 1744
Step=  703, Dmax= 1.2e-02 nm, Epot= -5.34751e+05 Fmax= 1.07044e+04, atom= 1744
Step=  704, Dmax= 5.9e-03 nm, Epot= -5.34795e+05 Fmax= 1.55066e+03, atom= 1744
Step=  705, Dmax= 7.1e-03 nm, Epot= -5.34822e+05 Fmax= 9.27680e+03, atom= 1744
Step=  706, Dmax= 8.5e-03 nm, Epot= -5.34871e+05 Fmax= 3.90730e+03, atom= 1744
Step=  707, Dmax= 1.0e-02 nm, Epot= -5.34847e+05 Fmax= 1.17827e+04, atom= 1744
Step=  708, Dmax= 5.1e-03 nm, Epot= -5.34890e+05 Fmax= 3.94139e+03, atom= 1744
Step=  709, Dmax= 6.2e-03 nm, Epot= -5.34905e+05 Fmax= 5.57368e+03, atom= 1744
Step=  710, Dmax= 7.4e-03 nm, Epot= -5.34924e+05 Fmax= 5.74282e+03, atom= 1744
Step=  711, Dmax= 8.9e-03 nm, Epot= -5.34931e+05 Fmax= 7.93597e+03, atom= 1744
Step=  712, Dmax= 1.1e-02 nm, Epot= -5.34947e+05 Fmax= 8.36865e+03, atom= 1744
Step=  713, Dmax= 1.3e-02 nm, Epot= -5.34941e+05 Fmax= 1.12981e+04, atom= 1744
Step=  714, Dmax= 6.4e-03 nm, Epot= -5.34992e+05 Fmax= 1.46416e+03, atom= 1744
Step=  715, Dmax= 7.7e-03 nm, Epot= -5.35018e+05 Fmax= 1.01811e+04, atom= 1744
Step=  716, Dmax= 9.2e-03 nm, Epot= -5.35075e+05 Fmax= 3.98917e+03, atom= 1744
Step=  717, Dmax= 1.1e-02 nm, Epot= -5.35039e+05 Fmax= 1.28823e+04, atom= 1744
Step=  718, Dmax= 5.5e-03 nm, Epot= -5.35093e+05 Fmax= 4.45122e+03, atom= 1744
Step=  719, Dmax= 6.6e-03 nm, Epot= -5.35108e+05 Fmax= 5.76828e+03, atom= 1744
Step=  720, Dmax= 7.9e-03 nm, Epot= -5.35124e+05 Fmax= 6.39995e+03, atom= 1744
Step=  721, Dmax= 9.5e-03 nm, Epot= -5.35132e+05 Fmax= 8.29505e+03, atom= 1744
Step=  722, Dmax= 1.1e-02 nm, Epot= -5.35143e+05 Fmax= 9.23358e+03, atom= 1744
Step=  723, Dmax= 1.4e-02 nm, Epot= -5.35137e+05 Fmax= 1.18961e+04, atom= 1744
Step=  724, Dmax= 6.9e-03 nm, Epot= -5.35196e+05 Fmax= 1.33156e+03, atom= 1744
Step=  725, Dmax= 8.2e-03 nm, Epot= -5.35223e+05 Fmax= 1.11909e+04, atom= 1744
Step=  726, Dmax= 9.9e-03 nm, Epot= -5.35290e+05 Fmax= 4.04178e+03, atom= 1744
Step=  727, Dmax= 1.2e-02 nm, Epot= -5.35240e+05 Fmax= 1.40981e+04, atom= 1744
Step=  728, Dmax= 5.9e-03 nm, Epot= -5.35306e+05 Fmax= 5.03494e+03, atom= 1744
Step=  729, Dmax= 7.1e-03 nm, Epot= -5.35321e+05 Fmax= 5.94241e+03, atom= 1744
Step=  730, Dmax= 8.5e-03 nm, Epot= -5.35334e+05 Fmax= 7.14139e+03, atom= 1744
Step=  731, Dmax= 1.0e-02 nm, Epot= -5.35342e+05 Fmax= 8.64596e+03, atom= 1744
Step=  732, Dmax= 1.2e-02 nm, Epot= -5.35348e+05 Fmax= 1.01979e+04, atom= 1744
Step=  733, Dmax= 1.5e-02 nm, Epot= -5.35342e+05 Fmax= 1.25040e+04, atom= 1744
Step=  734, Dmax= 7.4e-03 nm, Epot= -5.35410e+05 Fmax= 1.15448e+03, atom= 1744
Step=  735, Dmax= 8.8e-03 nm, Epot= -5.35443e+05 Fmax= 1.23087e+04, atom= 1744
Step=  736, Dmax= 1.1e-02 nm, Epot= -5.35523e+05 Fmax= 4.07030e+03, atom= 1744
Step=  737, Dmax= 1.3e-02 nm, Epot= -5.35455e+05 Fmax= 1.54302e+04, atom= 1744
Step=  738, Dmax= 6.4e-03 nm, Epot= -5.35536e+05 Fmax= 5.69005e+03, atom= 1744
Step=  739, Dmax= 7.6e-03 nm, Epot= -5.35553e+05 Fmax= 6.10379e+03, atom= 1744
Step=  740, Dmax= 9.2e-03 nm, Epot= -5.35561e+05 Fmax= 7.96370e+03, atom= 1744
Step=  741, Dmax= 1.1e-02 nm, Epot= -5.35572e+05 Fmax= 8.99872e+03, atom= 1744
Step=  742, Dmax= 1.3e-02 nm, Epot= -5.35569e+05 Fmax= 1.12587e+04, atom= 1744
Step=  743, Dmax= 6.6e-03 nm, Epot= -5.35622e+05 Fmax= 1.13939e+03, atom= 1744
Step=  744, Dmax= 7.9e-03 nm, Epot= -5.35657e+05 Fmax= 1.12079e+04, atom= 1744
Step=  745, Dmax= 9.5e-03 nm, Epot= -5.35726e+05 Fmax= 3.40627e+03, atom= 1744
Step=  746, Dmax= 1.1e-02 nm, Epot= -5.35677e+05 Fmax= 1.42282e+04, atom= 1744
Step=  747, Dmax= 5.7e-03 nm, Epot= -5.35740e+05 Fmax= 5.41117e+03, atom= 1744
Step=  748, Dmax= 6.8e-03 nm, Epot= -5.35759e+05 Fmax= 5.09388e+03, atom= 1744
Step=  749, Dmax= 8.2e-03 nm, Epot= -5.35766e+05 Fmax= 7.58138e+03, atom= 1744
Step=  750, Dmax= 9.9e-03 nm, Epot= -5.35784e+05 Fmax= 7.54985e+03, atom= 1744
Step=  751, Dmax= 1.2e-02 nm, Epot= -5.35777e+05 Fmax= 1.06783e+04, atom= 1744
Step=  752, Dmax= 5.9e-03 nm, Epot= -5.35822e+05 Fmax= 1.56326e+03, atom= 1744
Step=  753, Dmax= 7.1e-03 nm, Epot= -5.35842e+05 Fmax= 9.28155e+03, atom= 1744
Step=  754, Dmax= 8.5e-03 nm, Epot= -5.35891e+05 Fmax= 3.84881e+03, atom= 1744
Step=  755, Dmax= 1.0e-02 nm, Epot= -5.35864e+05 Fmax= 1.18186e+04, atom= 1744
Step=  756, Dmax= 5.1e-03 nm, Epot= -5.35908e+05 Fmax= 3.98868e+03, atom= 1744
Step=  757, Dmax= 6.1e-03 nm, Epot= -5.35922e+05 Fmax= 5.47673e+03, atom= 1744
Step=  758, Dmax= 7.4e-03 nm, Epot= -5.35939e+05 Fmax= 5.81732e+03, atom= 1744
Step=  759, Dmax= 8.8e-03 nm, Epot= -5.35946e+05 Fmax= 7.79857e+03, atom= 1744
Step=  760, Dmax= 1.1e-02 nm, Epot= -5.35959e+05 Fmax= 8.46692e+03, atom= 1744
Step=  761, Dmax= 1.3e-02 nm, Epot= -5.35954e+05 Fmax= 1.11180e+04, atom= 1744
Step=  762, Dmax= 6.4e-03 nm, Epot= -5.36005e+05 Fmax= 1.32514e+03, atom= 1744
Step=  763, Dmax= 7.6e-03 nm, Epot= -5.36030e+05 Fmax= 1.03324e+04, atom= 1744
Step=  764, Dmax= 9.2e-03 nm, Epot= -5.36088e+05 Fmax= 3.78300e+03, atom= 1744
Step=  765, Dmax= 1.1e-02 nm, Epot= -5.36049e+05 Fmax= 1.30603e+04, atom= 1744
Step=  766, Dmax= 5.5e-03 nm, Epot= -5.36104e+05 Fmax= 4.64396e+03, atom= 1744
Step=  767, Dmax= 6.6e-03 nm, Epot= -5.36119e+05 Fmax= 5.52471e+03, atom= 1744
Step=  768, Dmax= 7.9e-03 nm, Epot= -5.36132e+05 Fmax= 6.61766e+03, atom= 1744
Step=  769, Dmax= 9.5e-03 nm, Epot= -5.36141e+05 Fmax= 8.01149e+03, atom= 1744
Step=  770, Dmax= 1.1e-02 nm, Epot= -5.36147e+05 Fmax= 9.47373e+03, atom= 1744
Step=  771, Dmax= 1.4e-02 nm, Epot= -5.36145e+05 Fmax= 1.15695e+04, atom= 1744
Step=  772, Dmax= 6.8e-03 nm, Epot= -5.36201e+05 Fmax= 1.04889e+03, atom= 1744
Step=  773, Dmax= 8.2e-03 nm, Epot= -5.36240e+05 Fmax= 1.14822e+04, atom= 1744
Step=  774, Dmax= 9.8e-03 nm, Epot= -5.36311e+05 Fmax= 3.69714e+03, atom= 1744
Step=  775, Dmax= 1.2e-02 nm, Epot= -5.36256e+05 Fmax= 1.44069e+04, atom= 1744
Step=  776, Dmax= 5.9e-03 nm, Epot= -5.36325e+05 Fmax= 5.36327e+03, atom= 1744
Step=  777, Dmax= 7.1e-03 nm, Epot= -5.36341e+05 Fmax= 5.56321e+03, atom= 1744
Step=  778, Dmax= 8.5e-03 nm, Epot= -5.36349e+05 Fmax= 7.49168e+03, atom= 1744
Step=  779, Dmax= 1.0e-02 nm, Epot= -5.36361e+05 Fmax= 8.22795e+03, atom= 1744
Step=  780, Dmax= 1.2e-02 nm, Epot= -5.36358e+05 Fmax= 1.05686e+04, atom= 1744
Step=  781, Dmax= 6.1e-03 nm, Epot= -5.36404e+05 Fmax= 1.17836e+03, atom= 1744
Step=  782, Dmax= 7.3e-03 nm, Epot= -5.36435e+05 Fmax= 1.02141e+04, atom= 1744
Step=  783, Dmax= 8.8e-03 nm, Epot= -5.36493e+05 Fmax= 3.34011e+03, atom= 1744
Step=  784, Dmax= 1.1e-02 nm, Epot= -5.36456e+05 Fmax= 1.29864e+04, atom= 1744
Step=  785, Dmax= 5.3e-03 nm, Epot= -5.36508e+05 Fmax= 4.82239e+03, atom= 1744
Step=  786, Dmax= 6.3e-03 nm, Epot= -5.36525e+05 Fmax= 4.92596e+03, atom= 1744
Step=  787, Dmax= 7.6e-03 nm, Epot= -5.36534e+05 Fmax= 6.81596e+03, atom= 1744
Step=  788, Dmax= 9.1e-03 nm, Epot= -5.36549e+05 Fmax= 7.22339e+03, atom= 1744
Step=  789, Dmax= 1.1e-02 nm, Epot= -5.36548e+05 Fmax= 9.66929e+03, atom= 1744
Step=  790, Dmax= 5.5e-03 nm, Epot= -5.36584e+05 Fmax= 1.22206e+03, atom= 1744
Step=  791, Dmax= 6.6e-03 nm, Epot= -5.36616e+05 Fmax= 8.85494e+03, atom= 1744
Step=  792, Dmax= 7.9e-03 nm, Epot= -5.36662e+05 Fmax= 3.31556e+03, atom= 1744
Step=  793, Dmax= 9.5e-03 nm, Epot= -5.36641e+05 Fmax= 1.12266e+04, atom= 1744
Step=  794, Dmax= 4.7e-03 nm, Epot= -5.36677e+05 Fmax= 3.95934e+03, atom= 1744
Step=  795, Dmax= 5.7e-03 nm, Epot= -5.36693e+05 Fmax= 4.80755e+03, atom= 1744
Step=  796, Dmax= 6.8e-03 nm, Epot= -5.36706e+05 Fmax= 5.67283e+03, atom= 1744
Step=  797, Dmax= 8.2e-03 nm, Epot= -5.36717e+05 Fmax= 6.94296e+03, atom= 1744
Step=  798, Dmax= 9.8e-03 nm, Epot= -5.36726e+05 Fmax= 8.14898e+03, atom= 1744
Step=  799, Dmax= 1.2e-02 nm, Epot= -5.36728e+05 Fmax= 1.00029e+04, atom= 1744
Step=  800, Dmax= 1.4e-02 nm, Epot= -5.36727e+05 Fmax= 1.17157e+04, atom= 1744
Step=  801, Dmax= 7.1e-03 nm, Epot= -5.36787e+05 Fmax= 8.69687e+02, atom= 1744

writing lowest energy coordinates.

Steepest Descents converged to Fmax < 1000 in 802 steps
Potential Energy  = -5.3678662e+05
Maximum force     =  8.6968671e+02 on atom 1744
Norm of force     =  1.8746230e+01

GROMACS reminds you: "Weaseling out of things is important to learn. It's what separates us from the animals... except the weasels." (Homer Simpson)

