-I: Adding /usr/local/Caskroom/miniforge/base/envs/ambertools_env/dat/leap/prep to search path.
-I: Adding /usr/local/Caskroom/miniforge/base/envs/ambertools_env/dat/leap/lib to search path.
-I: Adding /usr/local/Caskroom/miniforge/base/envs/ambertools_env/dat/leap/parm to search path.
-I: Adding /usr/local/Caskroom/miniforge/base/envs/ambertools_env/dat/leap/cmd to search path.
-f: Source tleap.in.

Welcome to LEaP!
(no leaprc in search path)
Sourcing: ./tleap.in
----- Source: /usr/local/Caskroom/miniforge/base/envs/ambertools_env/dat/leap/cmd/leaprc.protein.ff19SB
----- Source of /usr/local/Caskroom/miniforge/base/envs/ambertools_env/dat/leap/cmd/leaprc.protein.ff19SB done
Log file: ./leap.log
Loading parameters: /usr/local/Caskroom/miniforge/base/envs/ambertools_env/dat/leap/parm/parm19.dat
Reading title:
PARM99 + frcmod.ff99SB + frcmod.parmbsc0 + OL3 for RNA + ff19SB
Loading parameters: /usr/local/Caskroom/miniforge/base/envs/ambertools_env/dat/leap/parm/frcmod.ff19SB
Reading force field modification type file (frcmod)
Reading title:
ff19SB AA-specific backbone CMAPs for protein 07/25/2019
Loading library: /usr/local/Caskroom/miniforge/base/envs/ambertools_env/dat/leap/lib/amino19.lib
Loading library: /usr/local/Caskroom/miniforge/base/envs/ambertools_env/dat/leap/lib/aminoct12.lib
Loading library: /usr/local/Caskroom/miniforge/base/envs/ambertools_env/dat/leap/lib/aminont12.lib
----- Source: /usr/local/Caskroom/miniforge/base/envs/ambertools_env/dat/leap/cmd/leaprc.water.opc
----- Source of /usr/local/Caskroom/miniforge/base/envs/ambertools_env/dat/leap/cmd/leaprc.water.opc done
Loading library: /usr/local/Caskroom/miniforge/base/envs/ambertools_env/dat/leap/lib/atomic_ions.lib
Loading library: /usr/local/Caskroom/miniforge/base/envs/ambertools_env/dat/leap/lib/solvents.lib
Loading parameters: /usr/local/Caskroom/miniforge/base/envs/ambertools_env/dat/leap/parm/frcmod.opc
Reading force field modification type file (frcmod)
Reading title:
Parameters for OPC water (JPCL, 2014, 5 (21), pp 3863-3871)
Loading parameters: /usr/local/Caskroom/miniforge/base/envs/ambertools_env/dat/leap/parm/frcmod.ionslm_126_opc
Reading force field modification type file (frcmod)
Reading title:
Li/Merz ion parameters of atomic ions for the OPC water model (12-6 set)
Loading parameters: /usr/local/Caskroom/miniforge/base/envs/ambertools_env/dat/leap/parm/frcmod.ionslm_126_opc
Reading force field modification type file (frcmod)
Reading title:
Li/Merz ion parameters of atomic ions for the OPC water model (12-6 set)
Loading PDB file: ./O52681_V128K_pqr.pdb
  total atoms in file: 1264
  Leap added 1299 missing atoms according to residue templates:
       1299 H / lone pairs
Checking 'X'....

/usr/local/Caskroom/miniforge/base/envs/ambertools_env/bin/teLeap: Warning!
The unperturbed charge of the unit (-2.000000) is not zero.

/usr/local/Caskroom/miniforge/base/envs/ambertools_env/bin/teLeap: Warning!
Close contact of 1.447 angstroms between nonbonded atoms HD11 and HZ1
-------  .R<LEU 125>.A<HD11 11> and .R<LYS 128>.A<HZ1 18>

/usr/local/Caskroom/miniforge/base/envs/ambertools_env/bin/teLeap: Warning!
Close contact of 1.262 angstroms between nonbonded atoms HB2 and HD3
-------  .R<LEU 125>.A<HB2 6> and .R<LYS 128>.A<HD3 13>

/usr/local/Caskroom/miniforge/base/envs/ambertools_env/bin/teLeap: Warning!
Close contact of 1.156 angstroms between nonbonded atoms HZ2 and HG13
-------  .R<LYS 128>.A<HZ2 19> and .R<VAL 135>.A<HG13 10>

/usr/local/Caskroom/miniforge/base/envs/ambertools_env/bin/teLeap: Warning!
Close contact of 1.475 angstroms between nonbonded atoms HD2 and HA2
-------  .R<LYS 128>.A<HD2 12> and .R<GLY 137>.A<HA2 4>
Checking parameters for unit 'X'.
Checking for bond parameters.
Checking for angle parameters.
check:  Warnings: 5
Unit is OK.
  Solute vdw bounding box:              51.791 41.335 56.606
  Total bounding box for atom centers:  71.791 61.335 76.606
  Solvent unit box:                     18.865 18.478 19.006
  Total vdw box size:                   75.251 64.606 79.248 angstroms.
  Volume: 385276.047 A^3 
  Total mass 186990.174 amu,  Density 0.806 g/cc
  Added 9377 residues.
Adding 2 counter ions to "X". 9375 solvent molecules will remain.
0: Placed Na+ in X at (-35.35, -9.43, 15.83).
0: Placed Na+ in X at (-7.64, -16.11, 17.52).
 0.000000 0 1 0
0 Cl- ion required to neutralize.
Checking Unit.

/usr/local/Caskroom/miniforge/base/envs/ambertools_env/bin/teLeap: Note.
Ignoring the warnings from Unit Checking.

Building topology.
Building atom parameters.
Building bond parameters.
Building angle parameters.
Building proper torsion parameters.
Building improper torsion parameters.
 total 468 improper torsions applied
Building H-Bond parameters.
Incorporating Non-Bonded adjustments.
Not Marking per-residue atom chain types.
Marking per-residue atom chain types.
  (Residues lacking connect0/connect1 - 
   these don't have chain types marked:

	res	total affected

	CVAL	1
	NMET	1
  )
 (no restraints)
Writing pdb file: O52681_V128K_tleap.pdb
   printing CRYST1 record to PDB file with box info

/usr/local/Caskroom/miniforge/base/envs/ambertools_env/bin/teLeap: Warning!
 Converting N-terminal residue name to PDB format: NMET -> MET

/usr/local/Caskroom/miniforge/base/envs/ambertools_env/bin/teLeap: Warning!
 Converting C-terminal residue name to PDB format: CVAL -> VAL
	Quit

Exiting LEaP: Errors = 0; Warnings = 7; Notes = 1.

--- stderr ---
