
--- stderr ---
                :-) GROMACS - gmx mdrun, 2024.5-conda_forge (-:

Executable:   /usr/local/Caskroom/miniforge/base/envs/gromacs_env/bin.AVX2_256/gmx
Data prefix:  /usr/local/Caskroom/miniforge/base/envs/gromacs_env
Working dir:  /Users/laetitiaguerin/Library/CloudStorage/OneDrive-Personal/Documents/BSc_Nanobiology/Year_5/BEP/Energy_minimization/tleap_runs/O52681_V128D
Command line:
  gmx mdrun -v -deffnm O52681_V128D_minim

The current CPU can measure timings more accurately than the code in
gmx mdrun was configured to use. This might affect your simulation
speed as accurate timings are needed for load-balancing.
Please consider rebuilding gmx mdrun with the GMX_USE_RDTSCP=ON CMake option.
Reading file O52681_V128D_minim.tpr, VERSION 2024.5-conda_forge (single precision)

Using 1 MPI thread
Using 8 OpenMP threads 


Steepest Descents:
   Tolerance (Fmax)   =  1.00000e+03
   Number of steps    =        50000
Step=    0, Dmax= 1.0e-02 nm, Epot= -4.38633e+05 Fmax= 3.27626e+03, atom= 51
Step=    1, Dmax= 1.0e-02 nm, Epot= -4.47302e+05 Fmax= 4.06739e+03, atom= 1223
Step=    2, Dmax= 1.2e-02 nm, Epot= -4.50831e+05 Fmax= 1.22554e+04, atom= 1334
Step=    3, Dmax= 1.4e-02 nm, Epot= -4.55532e+05 Fmax= 9.53605e+03, atom= 1334
Step=    4, Dmax= 1.7e-02 nm, Epot= -4.57200e+05 Fmax= 1.65568e+04, atom= 1334
Step=    5, Dmax= 2.1e-02 nm, Epot= -4.59940e+05 Fmax= 1.51769e+04, atom= 1334
Step=    6, Dmax= 2.5e-02 nm, Epot= -4.60956e+05 Fmax= 2.25519e+04, atom= 1334
Step=    7, Dmax= 3.0e-02 nm, Epot= -4.62907e+05 Fmax= 2.29445e+04, atom= 1334
Step=    8, Dmax= 3.6e-02 nm, Epot= -4.63120e+05 Fmax= 3.11695e+04, atom= 1334
Step=    9, Dmax= 4.3e-02 nm, Epot= -4.64196e+05 Fmax= 3.37619e+04, atom= 1334
Step=   10, Dmax= 5.2e-02 nm, Epot= -4.63072e+05 Fmax= 4.32511e+04, atom= 1334
Step=   11, Dmax= 2.6e-02 nm, Epot= -4.69041e+05 Fmax= 5.16246e+03, atom= 1334
Step=   12, Dmax= 3.1e-02 nm, Epot= -4.68795e+05 Fmax= 4.25860e+04, atom= 1334
Step=   13, Dmax= 1.5e-02 nm, Epot= -4.70841e+05 Fmax= 1.83646e+04, atom= 1334
Step=   14, Dmax= 1.9e-02 nm, Epot= -4.72463e+05 Fmax= 9.85573e+03, atom= 1334
Step=   15, Dmax= 2.2e-02 nm, Epot= -4.72687e+05 Fmax= 2.42632e+04, atom= 1334
Step=   16, Dmax= 2.7e-02 nm, Epot= -4.74513e+05 Fmax= 1.63287e+04, atom= 1334
Step=   17, Dmax= 3.2e-02 nm, Epot= -4.73355e+05 Fmax= 3.25281e+04, atom= 1334
Step=   18, Dmax= 1.6e-02 nm, Epot= -4.75855e+05 Fmax= 8.13130e+03, atom= 1334
Step=   19, Dmax= 1.9e-02 nm, Epot= -4.76236e+05 Fmax= 2.10395e+04, atom= 1334
Step=   20, Dmax= 2.3e-02 nm, Epot= -4.77698e+05 Fmax= 1.42061e+04, atom= 1334
Step=   21, Dmax= 2.8e-02 nm, Epot= -4.77034e+05 Fmax= 2.78123e+04, atom= 1334
Step=   22, Dmax= 1.4e-02 nm, Epot= -4.78775e+05 Fmax= 6.83057e+03, atom= 1334
Step=   23, Dmax= 1.7e-02 nm, Epot= -4.79235e+05 Fmax= 1.86971e+04, atom= 1334
Step=   24, Dmax= 2.0e-02 nm, Epot= -4.80481e+05 Fmax= 1.16584e+04, atom= 1334
Step=   25, Dmax= 2.4e-02 nm, Epot= -4.80036e+05 Fmax= 2.49577e+04, atom= 1334
Step=   26, Dmax= 1.2e-02 nm, Epot= -4.81313e+05 Fmax= 6.66402e+03, atom= 1334
Step=   27, Dmax= 1.4e-02 nm, Epot= -4.81827e+05 Fmax= 1.51265e+04, atom= 1334
Step=   28, Dmax= 1.7e-02 nm, Epot= -4.82700e+05 Fmax= 1.12514e+04, atom= 1334
Step=   29, Dmax= 2.1e-02 nm, Epot= -4.82679e+05 Fmax= 2.01775e+04, atom= 1334
Step=   30, Dmax= 1.0e-02 nm, Epot= -4.83455e+05 Fmax= 4.47676e+03, atom= 1334
Step=   31, Dmax= 1.2e-02 nm, Epot= -4.84113e+05 Fmax= 1.46580e+04, atom= 1334
Step=   32, Dmax= 1.5e-02 nm, Epot= -4.84999e+05 Fmax= 8.03320e+03, atom= 1334
Step=   33, Dmax= 1.8e-02 nm, Epot= -4.84981e+05 Fmax= 1.93934e+04, atom= 1334
Step=   34, Dmax= 8.9e-03 nm, Epot= -4.85561e+05 Fmax= 5.68523e+03, atom= 1334
Step=   35, Dmax= 1.1e-02 nm, Epot= -4.86075e+05 Fmax= 1.05883e+04, atom= 1334
Step=   36, Dmax= 1.3e-02 nm, Epot= -4.86635e+05 Fmax= 9.14557e+03, atom= 1334
Step=   37, Dmax= 1.5e-02 nm, Epot= -4.86900e+05 Fmax= 1.43374e+04, atom= 1334
Step=   38, Dmax= 1.9e-02 nm, Epot= -4.87402e+05 Fmax= 1.40178e+04, atom= 1334
Step=   39, Dmax= 2.2e-02 nm, Epot= -4.87374e+05 Fmax= 1.97809e+04, atom= 1334
Step=   40, Dmax= 1.1e-02 nm, Epot= -4.88234e+05 Fmax= 2.90725e+03, atom= 1334
Step=   41, Dmax= 1.3e-02 nm, Epot= -4.88904e+05 Fmax= 1.77613e+04, atom= 1334
Step=   42, Dmax= 1.6e-02 nm, Epot= -4.89972e+05 Fmax= 6.67205e+03, atom= 1334
Step=   43, Dmax= 1.9e-02 nm, Epot= -4.89492e+05 Fmax= 2.28373e+04, atom= 1334
Step=   44, Dmax= 9.6e-03 nm, Epot= -4.90361e+05 Fmax= 8.08926e+03, atom= 1334
Step=   45, Dmax= 1.2e-02 nm, Epot= -4.90719e+05 Fmax= 9.44503e+03, atom= 1334
Step=   46, Dmax= 1.4e-02 nm, Epot= -4.91012e+05 Fmax= 1.17684e+04, atom= 1334
Step=   47, Dmax= 1.7e-02 nm, Epot= -4.91286e+05 Fmax= 1.34928e+04, atom= 1334
Step=   48, Dmax= 2.0e-02 nm, Epot= -4.91401e+05 Fmax= 1.69720e+04, atom= 1334
Step=   49, Dmax= 2.4e-02 nm, Epot= -4.91526e+05 Fmax= 1.93507e+04, atom= 1334
Step=   50, Dmax= 2.9e-02 nm, Epot= -4.91294e+05 Fmax= 2.43313e+04, atom= 1334
Step=   51, Dmax= 1.4e-02 nm, Epot= -4.92776e+05 Fmax= 2.55981e+03, atom= 1334
Step=   52, Dmax= 1.7e-02 nm, Epot= -4.92965e+05 Fmax= 2.33486e+04, atom= 1334
Step=   53, Dmax= 2.1e-02 nm, Epot= -4.94528e+05 Fmax= 8.32844e+03, atom= 1334
Step=   54, Dmax= 2.5e-02 nm, Epot= -4.92981e+05 Fmax= 2.93091e+04, atom= 1334
Step=   55, Dmax= 1.2e-02 nm, Epot= -4.94752e+05 Fmax= 1.05197e+04, atom= 1334
Step=   56, Dmax= 1.5e-02 nm, Epot= -4.94965e+05 Fmax= 1.22723e+04, atom= 1334
Step=   57, Dmax= 1.8e-02 nm, Epot= -4.95083e+05 Fmax= 1.48718e+04, atom= 1334
Step=   58, Dmax= 2.1e-02 nm, Epot= -4.95126e+05 Fmax= 1.78503e+04, atom= 1334
Step=   59, Dmax= 2.6e-02 nm, Epot= -4.95052e+05 Fmax= 2.11613e+04, atom= 1334
Step=   60, Dmax= 1.3e-02 nm, Epot= -4.96161e+05 Fmax= 1.71427e+03, atom= 1334
Step=   61, Dmax= 1.5e-02 nm, Epot= -4.96629e+05 Fmax= 2.23231e+04, atom= 1334
Step=   62, Dmax= 1.9e-02 nm, Epot= -4.98064e+05 Fmax= 6.02537e+03, atom= 1334
Step=   63, Dmax= 2.2e-02 nm, Epot= -4.96692e+05 Fmax= 2.80021e+04, atom= 1334
Step=   64, Dmax= 1.1e-02 nm, Epot= -4.98173e+05 Fmax= 1.10374e+04, atom= 1334
Step=   65, Dmax= 1.3e-02 nm, Epot= -4.98485e+05 Fmax= 9.26032e+03, atom= 1334
Step=   66, Dmax= 1.6e-02 nm, Epot= -4.98396e+05 Fmax= 1.52332e+04, atom= 1334
Step=   67, Dmax= 8.0e-03 nm, Epot= -4.98849e+05 Fmax= 2.99444e+03, atom= 1334
Step=   68, Dmax= 9.6e-03 nm, Epot= -4.99071e+05 Fmax= 1.15105e+04, atom= 1334
Step=   69, Dmax= 1.2e-02 nm, Epot= -4.99500e+05 Fmax= 6.12718e+03, atom= 1334
Step=   70, Dmax= 1.4e-02 nm, Epot= -4.99376e+05 Fmax= 1.48580e+04, atom= 1334
Step=   71, Dmax= 6.9e-03 nm, Epot= -4.99736e+05 Fmax= 4.36839e+03, atom= 1334
Step=   72, Dmax= 8.3e-03 nm, Epot= -4.99913e+05 Fmax= 8.38893e+03, atom= 1334
Step=   73, Dmax= 1.0e-02 nm, Epot= -5.00168e+05 Fmax= 6.74594e+03, atom= 1334
Step=   74, Dmax= 1.2e-02 nm, Epot= -5.00214e+05 Fmax= 1.15717e+04, atom= 1334
Step=   75, Dmax= 1.4e-02 nm, Epot= -5.00483e+05 Fmax= 1.02282e+04, atom= 1334
Step=   76, Dmax= 1.7e-02 nm, Epot= -5.00328e+05 Fmax= 1.60765e+04, atom= 1334
Step=   77, Dmax= 8.6e-03 nm, Epot= -5.00874e+05 Fmax= 2.93442e+03, atom= 1334
Step=   78, Dmax= 1.0e-02 nm, Epot= -5.00996e+05 Fmax= 1.26409e+04, atom= 1334
Step=   79, Dmax= 1.2e-02 nm, Epot= -5.01469e+05 Fmax= 6.31206e+03, atom= 1334
Step=   80, Dmax= 1.5e-02 nm, Epot= -5.01199e+05 Fmax= 1.62396e+04, atom= 1334
Step=   81, Dmax= 7.4e-03 nm, Epot= -5.01680e+05 Fmax= 4.96702e+03, atom= 1334
Step=   82, Dmax= 8.9e-03 nm, Epot= -5.01800e+05 Fmax= 8.73353e+03, atom= 1334
Step=   83, Dmax= 1.1e-02 nm, Epot= -5.02024e+05 Fmax= 7.53201e+03, atom= 1334
Step=   84, Dmax= 1.3e-02 nm, Epot= -5.02018e+05 Fmax= 1.21437e+04, atom= 1334
Step=   85, Dmax= 6.4e-03 nm, Epot= -5.02285e+05 Fmax= 2.31077e+03, atom= 1334
Step=   86, Dmax= 7.7e-03 nm, Epot= -5.02523e+05 Fmax= 9.27989e+03, atom= 1334
Step=   87, Dmax= 9.2e-03 nm, Epot= -5.02829e+05 Fmax= 4.88551e+03, atom= 1334
Step=   88, Dmax= 1.1e-02 nm, Epot= -5.02804e+05 Fmax= 1.19322e+04, atom= 1334
Step=   89, Dmax= 5.5e-03 nm, Epot= -5.03010e+05 Fmax= 3.54375e+03, atom= 1744
Step=   90, Dmax= 6.7e-03 nm, Epot= -5.03171e+05 Fmax= 6.67847e+03, atom= 1334
Step=   91, Dmax= 8.0e-03 nm, Epot= -5.03364e+05 Fmax= 5.53467e+03, atom= 1744
Step=   92, Dmax= 9.6e-03 nm, Epot= -5.03445e+05 Fmax= 9.13673e+03, atom= 1744
Step=   93, Dmax= 1.1e-02 nm, Epot= -5.03637e+05 Fmax= 8.48912e+03, atom= 1744
Step=   94, Dmax= 1.4e-02 nm, Epot= -5.03612e+05 Fmax= 1.26410e+04, atom= 1744
Step=   95, Dmax= 6.9e-03 nm, Epot= -5.03917e+05 Fmax= 2.07652e+03, atom= 1744
Step=   96, Dmax= 8.3e-03 nm, Epot= -5.04133e+05 Fmax= 1.06756e+04, atom= 1744
Step=   97, Dmax= 9.9e-03 nm, Epot= -5.04480e+05 Fmax= 4.56251e+03, atom= 1744
Step=   98, Dmax= 1.2e-02 nm, Epot= -5.04383e+05 Fmax= 1.37350e+04, atom= 1744
Step=   99, Dmax= 6.0e-03 nm, Epot= -5.04636e+05 Fmax= 4.59047e+03, atom= 1744
Step=  100, Dmax= 7.2e-03 nm, Epot= -5.04773e+05 Fmax= 6.36853e+03, atom= 1744
Step=  101, Dmax= 8.6e-03 nm, Epot= -5.04917e+05 Fmax= 6.80279e+03, atom= 1744
Step=  102, Dmax= 1.0e-02 nm, Epot= -5.05011e+05 Fmax= 8.98678e+03, atom= 1744
Step=  103, Dmax= 1.2e-02 nm, Epot= -5.05127e+05 Fmax= 9.96231e+03, atom= 1744
Step=  104, Dmax= 1.5e-02 nm, Epot= -5.05152e+05 Fmax= 1.27700e+04, atom= 1744
Step=  105, Dmax= 1.8e-02 nm, Epot= -5.05205e+05 Fmax= 1.44739e+04, atom= 1744
Step=  106, Dmax= 2.1e-02 nm, Epot= -5.05099e+05 Fmax= 1.82195e+04, atom= 1744
Step=  107, Dmax= 1.1e-02 nm, Epot= -5.05749e+05 Fmax= 1.88618e+03, atom= 1744
Step=  108, Dmax= 1.3e-02 nm, Epot= -5.05824e+05 Fmax= 1.78966e+04, atom= 1744
Step=  109, Dmax= 1.5e-02 nm, Epot= -5.06512e+05 Fmax= 5.76557e+03, atom= 1744
Step=  110, Dmax= 1.8e-02 nm, Epot= -5.05902e+05 Fmax= 2.25047e+04, atom= 1744
Step=  111, Dmax= 9.2e-03 nm, Epot= -5.06604e+05 Fmax= 8.39162e+03, atom= 1744
Step=  112, Dmax= 1.1e-02 nm, Epot= -5.06733e+05 Fmax= 8.60377e+03, atom= 1744
Step=  113, Dmax= 1.3e-02 nm, Epot= -5.06766e+05 Fmax= 1.17662e+04, atom= 1744
Step=  114, Dmax= 1.6e-02 nm, Epot= -5.06861e+05 Fmax= 1.26912e+04, atom= 1744
Step=  115, Dmax= 1.9e-02 nm, Epot= -5.06798e+05 Fmax= 1.65923e+04, atom= 1744
Step=  116, Dmax= 9.6e-03 nm, Epot= -5.07233e+05 Fmax= 1.97414e+03, atom= 1744
Step=  117, Dmax= 1.1e-02 nm, Epot= -5.07369e+05 Fmax= 1.56307e+04, atom= 1744
Step=  118, Dmax= 1.4e-02 nm, Epot= -5.07835e+05 Fmax= 5.51136e+03, atom= 1744
Step=  119, Dmax= 1.7e-02 nm, Epot= -5.07487e+05 Fmax= 1.98826e+04, atom= 1744
Step=  120, Dmax= 8.3e-03 nm, Epot= -5.07940e+05 Fmax= 7.18499e+03, atom= 1744
Step=  121, Dmax= 9.9e-03 nm, Epot= -5.08047e+05 Fmax= 8.03409e+03, atom= 1744
Step=  122, Dmax= 1.2e-02 nm, Epot= -5.08116e+05 Fmax= 1.02449e+04, atom= 1744
Step=  123, Dmax= 1.4e-02 nm, Epot= -5.08193e+05 Fmax= 1.16504e+04, atom= 1744
Step=  124, Dmax= 1.7e-02 nm, Epot= -5.08200e+05 Fmax= 1.46495e+04, atom= 1744
Step=  125, Dmax= 2.1e-02 nm, Epot= -5.08217e+05 Fmax= 1.68194e+04, atom= 1744
Step=  126, Dmax= 2.5e-02 nm, Epot= -5.08098e+05 Fmax= 2.09751e+04, atom= 1744
Step=  127, Dmax= 1.2e-02 nm, Epot= -5.08734e+05 Fmax= 2.10037e+03, atom= 1744
Step=  128, Dmax= 1.5e-02 nm, Epot= -5.08710e+05 Fmax= 2.07415e+04, atom= 1744
Step=  129, Dmax= 7.4e-03 nm, Epot= -5.08920e+05 Fmax= 9.28043e+03, atom= 1744
Step=  130, Dmax= 8.9e-03 nm, Epot= -5.09104e+05 Fmax= 4.38043e+03, atom= 1744
Step=  131, Dmax= 1.1e-02 nm, Epot= -5.09132e+05 Fmax= 1.19774e+04, atom= 1744
Step=  132, Dmax= 1.3e-02 nm, Epot= -5.09345e+05 Fmax= 7.68278e+03, atom= 1744
Step=  133, Dmax= 1.5e-02 nm, Epot= -5.09242e+05 Fmax= 1.58539e+04, atom= 1744
Step=  134, Dmax= 7.7e-03 nm, Epot= -5.09490e+05 Fmax= 4.09500e+03, atom= 1744
Step=  135, Dmax= 9.2e-03 nm, Epot= -5.09560e+05 Fmax= 1.00631e+04, atom= 1744
Step=  136, Dmax= 1.1e-02 nm, Epot= -5.09726e+05 Fmax= 6.89407e+03, atom= 1744
Step=  137, Dmax= 1.3e-02 nm, Epot= -5.09702e+05 Fmax= 1.34931e+04, atom= 1744
Step=  138, Dmax= 6.6e-03 nm, Epot= -5.09854e+05 Fmax= 3.29763e+03, atom= 1744
Step=  139, Dmax= 8.0e-03 nm, Epot= -5.09959e+05 Fmax= 8.91633e+03, atom= 1744
Step=  140, Dmax= 9.6e-03 nm, Epot= -5.10107e+05 Fmax= 5.77137e+03, atom= 1744
Step=  141, Dmax= 1.1e-02 nm, Epot= -5.10129e+05 Fmax= 1.18091e+04, atom= 1744
Step=  142, Dmax= 1.4e-02 nm, Epot= -5.10289e+05 Fmax= 9.33183e+03, atom= 1744
Step=  143, Dmax= 1.7e-02 nm, Epot= -5.10219e+05 Fmax= 1.59594e+04, atom= 1744
Step=  144, Dmax= 8.3e-03 nm, Epot= -5.10454e+05 Fmax= 3.32728e+03, atom= 1744
Step=  145, Dmax= 9.9e-03 nm, Epot= -5.10526e+05 Fmax= 1.19079e+04, atom= 1744
Step=  146, Dmax= 1.2e-02 nm, Epot= -5.10727e+05 Fmax= 6.32138e+03, atom= 1744
Step=  147, Dmax= 1.4e-02 nm, Epot= -5.10657e+05 Fmax= 1.56113e+04, atom= 1744
Step=  148, Dmax= 7.1e-03 nm, Epot= -5.10835e+05 Fmax= 4.64197e+03, atom= 1744
Step=  149, Dmax= 8.6e-03 nm, Epot= -5.10915e+05 Fmax= 8.48190e+03, atom= 1744
Step=  150, Dmax= 1.0e-02 nm, Epot= -5.11028e+05 Fmax= 7.31166e+03, atom= 1744
Step=  151, Dmax= 1.2e-02 nm, Epot= -5.11062e+05 Fmax= 1.15817e+04, atom= 1744
Step=  152, Dmax= 1.5e-02 nm, Epot= -5.11169e+05 Fmax= 1.11466e+04, atom= 1744
Step=  153, Dmax= 1.8e-02 nm, Epot= -5.11138e+05 Fmax= 1.60293e+04, atom= 1744
Step=  154, Dmax= 8.9e-03 nm, Epot= -5.11360e+05 Fmax= 2.45967e+03, atom= 1744
Step=  155, Dmax= 1.1e-02 nm, Epot= -5.11472e+05 Fmax= 1.39428e+04, atom= 1744
Step=  156, Dmax= 1.3e-02 nm, Epot= -5.11712e+05 Fmax= 5.65925e+03, atom= 1744
Step=  157, Dmax= 1.5e-02 nm, Epot= -5.11600e+05 Fmax= 1.79419e+04, atom= 1744
Step=  158, Dmax= 7.7e-03 nm, Epot= -5.11803e+05 Fmax= 6.13795e+03, atom= 1744
Step=  159, Dmax= 9.2e-03 nm, Epot= -5.11881e+05 Fmax= 7.96825e+03, atom= 1744
Step=  160, Dmax= 1.1e-02 nm, Epot= -5.11961e+05 Fmax= 9.01671e+03, atom= 1744
Step=  161, Dmax= 1.3e-02 nm, Epot= -5.12016e+05 Fmax= 1.12894e+04, atom= 1744
Step=  162, Dmax= 1.6e-02 nm, Epot= -5.12070e+05 Fmax= 1.31458e+04, atom= 1744
Step=  163, Dmax= 1.9e-02 nm, Epot= -5.12084e+05 Fmax= 1.60555e+04, atom= 1744
Step=  164, Dmax= 2.3e-02 nm, Epot= -5.12078e+05 Fmax= 1.90624e+04, atom= 1744
Step=  165, Dmax= 1.1e-02 nm, Epot= -5.12388e+05 Fmax= 1.52359e+03, atom= 1744
Step=  166, Dmax= 1.4e-02 nm, Epot= -5.12640e+05 Fmax= 1.95779e+04, atom= 1744
Step=  167, Dmax= 1.6e-02 nm, Epot= -5.13019e+05 Fmax= 5.89992e+03, atom= 1744
Step=  168, Dmax= 2.0e-02 nm, Epot= -5.12740e+05 Fmax= 2.43158e+04, atom= 1744
Step=  169, Dmax= 9.9e-03 nm, Epot= -5.13082e+05 Fmax= 9.25009e+03, atom= 1744
Step=  170, Dmax= 1.2e-02 nm, Epot= -5.13169e+05 Fmax= 9.03063e+03, atom= 1744
Step=  171, Dmax= 1.4e-02 nm, Epot= -5.13198e+05 Fmax= 1.27905e+04, atom= 1744
Step=  172, Dmax= 1.7e-02 nm, Epot= -5.13268e+05 Fmax= 1.34888e+04, atom= 1744
Step=  173, Dmax= 2.1e-02 nm, Epot= -5.13245e+05 Fmax= 1.78881e+04, atom= 1744
Step=  174, Dmax= 1.0e-02 nm, Epot= -5.13467e+05 Fmax= 2.22895e+03, atom= 1744
Step=  175, Dmax= 1.2e-02 nm, Epot= -5.13584e+05 Fmax= 1.67818e+04, atom= 1744
Step=  176, Dmax= 1.5e-02 nm, Epot= -5.13841e+05 Fmax= 5.87711e+03, atom= 1744
Step=  177, Dmax= 1.8e-02 nm, Epot= -5.13682e+05 Fmax= 2.14229e+04, atom= 1744
Step=  178, Dmax= 8.9e-03 nm, Epot= -5.13913e+05 Fmax= 7.77223e+03, atom= 1744
Step=  179, Dmax= 1.1e-02 nm, Epot= -5.13986e+05 Fmax= 8.52442e+03, atom= 1744
Step=  180, Dmax= 1.3e-02 nm, Epot= -5.14036e+05 Fmax= 1.11125e+04, atom= 1744
Step=  181, Dmax= 1.5e-02 nm, Epot= -5.14095e+05 Fmax= 1.23417e+04, atom= 1744
Step=  182, Dmax= 1.8e-02 nm, Epot= -5.14106e+05 Fmax= 1.58929e+04, atom= 1744
Step=  183, Dmax= 2.2e-02 nm, Epot= -5.14137e+05 Fmax= 1.78177e+04, atom= 1744
Step=  184, Dmax= 2.6e-02 nm, Epot= -5.14069e+05 Fmax= 2.27280e+04, atom= 1744
Step=  185, Dmax= 1.3e-02 nm, Epot= -5.14426e+05 Fmax= 2.48142e+03, atom= 1744
Step=  186, Dmax= 1.6e-02 nm, Epot= -5.14440e+05 Fmax= 2.18991e+04, atom= 1744
Step=  187, Dmax= 1.9e-02 nm, Epot= -5.14811e+05 Fmax= 7.49495e+03, atom= 1744
Step=  188, Dmax= 2.3e-02 nm, Epot= -5.14468e+05 Fmax= 2.74467e+04, atom= 1744
Step=  189, Dmax= 1.1e-02 nm, Epot= -5.14865e+05 Fmax= 1.00144e+04, atom= 1744
Step=  190, Dmax= 1.4e-02 nm, Epot= -5.14927e+05 Fmax= 1.10921e+04, atom= 1744
Step=  191, Dmax= 1.6e-02 nm, Epot= -5.14954e+05 Fmax= 1.41083e+04, atom= 1744
Step=  192, Dmax= 2.0e-02 nm, Epot= -5.14988e+05 Fmax= 1.62333e+04, atom= 1744
Step=  193, Dmax= 2.4e-02 nm, Epot= -5.14970e+05 Fmax= 1.99782e+04, atom= 1744
Step=  194, Dmax= 1.2e-02 nm, Epot= -5.15216e+05 Fmax= 1.92096e+03, atom= 1744
Step=  195, Dmax= 1.4e-02 nm, Epot= -5.15347e+05 Fmax= 2.00588e+04, atom= 1744
Step=  196, Dmax= 1.7e-02 nm, Epot= -5.15646e+05 Fmax= 6.15453e+03, atom= 1744
Step=  197, Dmax= 2.0e-02 nm, Epot= -5.15407e+05 Fmax= 2.53996e+04, atom= 1744
Step=  198, Dmax= 1.0e-02 nm, Epot= -5.15698e+05 Fmax= 9.63598e+03, atom= 1744
Step=  199, Dmax= 1.2e-02 nm, Epot= -5.15772e+05 Fmax= 9.19833e+03, atom= 1744
Step=  200, Dmax= 1.5e-02 nm, Epot= -5.15791e+05 Fmax= 1.34931e+04, atom= 1744
Step=  201, Dmax= 1.8e-02 nm, Epot= -5.15858e+05 Fmax= 1.35968e+04, atom= 1744
Step=  202, Dmax= 2.1e-02 nm, Epot= -5.15822e+05 Fmax= 1.90092e+04, atom= 1744
Step=  203, Dmax= 1.1e-02 nm, Epot= -5.16020e+05 Fmax= 2.71302e+03, atom= 1744
Step=  204, Dmax= 1.3e-02 nm, Epot= -5.16083e+05 Fmax= 1.68063e+04, atom= 1744
Step=  205, Dmax= 1.5e-02 nm, Epot= -5.16288e+05 Fmax= 6.74094e+03, atom= 1744
Step=  206, Dmax= 1.8e-02 nm, Epot= -5.16159e+05 Fmax= 2.13310e+04, atom= 1744
Step=  207, Dmax= 9.2e-03 nm, Epot= -5.16353e+05 Fmax= 7.31065e+03, atom= 1744
Step=  208, Dmax= 1.1e-02 nm, Epot= -5.16405e+05 Fmax= 9.63683e+03, atom= 1744
Step=  209, Dmax= 1.3e-02 nm, Epot= -5.16462e+05 Fmax= 1.05953e+04, atom= 1744
Step=  210, Dmax= 1.6e-02 nm, Epot= -5.16488e+05 Fmax= 1.37825e+04, atom= 1744
Step=  211, Dmax= 1.9e-02 nm, Epot= -5.16529e+05 Fmax= 1.53190e+04, atom= 1744
Step=  212, Dmax= 2.3e-02 nm, Epot= -5.16506e+05 Fmax= 1.97104e+04, atom= 1744
Step=  213, Dmax= 1.1e-02 nm, Epot= -5.16714e+05 Fmax= 2.21021e+03, atom= 1744
Step=  214, Dmax= 1.4e-02 nm, Epot= -5.16806e+05 Fmax= 1.87644e+04, atom= 1744
Step=  215, Dmax= 1.6e-02 nm, Epot= -5.17043e+05 Fmax= 6.58184e+03, atom= 1744
Step=  216, Dmax= 2.0e-02 nm, Epot= -5.16871e+05 Fmax= 2.35695e+04, atom= 1744
Step=  217, Dmax= 9.9e-03 nm, Epot= -5.17098e+05 Fmax= 8.51798e+03, atom= 1744
Step=  218, Dmax= 1.2e-02 nm, Epot= -5.17153e+05 Fmax= 9.70425e+03, atom= 1744
Step=  219, Dmax= 1.4e-02 nm, Epot= -5.17193e+05 Fmax= 1.20392e+04, atom= 1744
Step=  220, Dmax= 1.7e-02 nm, Epot= -5.17228e+05 Fmax= 1.41620e+04, atom= 1744
Step=  221, Dmax= 2.0e-02 nm, Epot= -5.17240e+05 Fmax= 1.71066e+04, atom= 1744
Step=  222, Dmax= 2.5e-02 nm, Epot= -5.17230e+05 Fmax= 2.05289e+04, atom= 1744
Step=  223, Dmax= 1.2e-02 nm, Epot= -5.17452e+05 Fmax= 1.73688e+03, atom= 1744
Step=  224, Dmax= 1.5e-02 nm, Epot= -5.17599e+05 Fmax= 2.07939e+04, atom= 1744
Step=  225, Dmax= 1.8e-02 nm, Epot= -5.17872e+05 Fmax= 6.51512e+03, atom= 1744
Step=  226, Dmax= 2.1e-02 nm, Epot= -5.17652e+05 Fmax= 2.58439e+04, atom= 1744
Step=  227, Dmax= 1.1e-02 nm, Epot= -5.17916e+05 Fmax= 9.70952e+03, atom= 1744
Step=  228, Dmax= 1.3e-02 nm, Epot= -5.17975e+05 Fmax= 9.88834e+03, atom= 1744
Step=  229, Dmax= 1.5e-02 nm, Epot= -5.17997e+05 Fmax= 1.34797e+04, atom= 1744
Step=  230, Dmax= 1.8e-02 nm, Epot= -5.18040e+05 Fmax= 1.46843e+04, atom= 1744
Step=  231, Dmax= 2.2e-02 nm, Epot= -5.18024e+05 Fmax= 1.89124e+04, atom= 1744
Step=  232, Dmax= 1.1e-02 nm, Epot= -5.18197e+05 Fmax= 2.15059e+03, atom= 1744
Step=  233, Dmax= 1.3e-02 nm, Epot= -5.18288e+05 Fmax= 1.82728e+04, atom= 1744
Step=  234, Dmax= 1.6e-02 nm, Epot= -5.18496e+05 Fmax= 6.01024e+03, atom= 1744
Step=  235, Dmax= 1.9e-02 nm, Epot= -5.18349e+05 Fmax= 2.32661e+04, atom= 1744
Step=  236, Dmax= 9.5e-03 nm, Epot= -5.18545e+05 Fmax= 8.63074e+03, atom= 1744
Step=  237, Dmax= 1.1e-02 nm, Epot= -5.18602e+05 Fmax= 8.82425e+03, atom= 1744
Step=  238, Dmax= 1.4e-02 nm, Epot= -5.18630e+05 Fmax= 1.22264e+04, atom= 1744
Step=  239, Dmax= 1.6e-02 nm, Epot= -5.18679e+05 Fmax= 1.28927e+04, atom= 1744
Step=  240, Dmax= 2.0e-02 nm, Epot= -5.18670e+05 Fmax= 1.73620e+04, atom= 1744
Step=  241, Dmax= 9.8e-03 nm, Epot= -5.18805e+05 Fmax= 2.23971e+03, atom= 1744
Step=  242, Dmax= 1.2e-02 nm, Epot= -5.18898e+05 Fmax= 1.58220e+04, atom= 1744
Step=  243, Dmax= 1.4e-02 nm, Epot= -5.19058e+05 Fmax= 6.02552e+03, atom= 1744
Step=  244, Dmax= 1.7e-02 nm, Epot= -5.18975e+05 Fmax= 1.99918e+04, atom= 1744
Step=  245, Dmax= 8.5e-03 nm, Epot= -5.19111e+05 Fmax= 6.99707e+03, atom= 1744
Step=  246, Dmax= 1.0e-02 nm, Epot= -5.19159e+05 Fmax= 8.73095e+03, atom= 1744
Step=  247, Dmax= 1.2e-02 nm, Epot= -5.19205e+05 Fmax= 1.00267e+04, atom= 1744
Step=  248, Dmax= 1.5e-02 nm, Epot= -5.19236e+05 Fmax= 1.25930e+04, atom= 1744
Step=  249, Dmax= 1.8e-02 nm, Epot= -5.19268e+05 Fmax= 1.43974e+04, atom= 1744
Step=  250, Dmax= 2.1e-02 nm, Epot= -5.19264e+05 Fmax= 1.81088e+04, atom= 1744
Step=  251, Dmax= 1.1e-02 nm, Epot= -5.19413e+05 Fmax= 1.86734e+03, atom= 1744
Step=  252, Dmax= 1.3e-02 nm, Epot= -5.19533e+05 Fmax= 1.75334e+04, atom= 1744
Step=  253, Dmax= 1.5e-02 nm, Epot= -5.19719e+05 Fmax= 5.97836e+03, atom= 1744
Step=  254, Dmax= 1.8e-02 nm, Epot= -5.19600e+05 Fmax= 2.19673e+04, atom= 1744
Step=  255, Dmax= 9.1e-03 nm, Epot= -5.19766e+05 Fmax= 8.01669e+03, atom= 1744
Step=  256, Dmax= 1.1e-02 nm, Epot= -5.19815e+05 Fmax= 8.89155e+03, atom= 1744
Step=  257, Dmax= 1.3e-02 nm, Epot= -5.19850e+05 Fmax= 1.12684e+04, atom= 1744
Step=  258, Dmax= 1.6e-02 nm, Epot= -5.19885e+05 Fmax= 1.30415e+04, atom= 1744
Step=  259, Dmax= 1.9e-02 nm, Epot= -5.19897e+05 Fmax= 1.59613e+04, atom= 1744
Step=  260, Dmax= 2.3e-02 nm, Epot= -5.19899e+05 Fmax= 1.89642e+04, atom= 1744
Step=  261, Dmax= 2.7e-02 nm, Epot= -5.19870e+05 Fmax= 2.26781e+04, atom= 1744
Step=  262, Dmax= 1.4e-02 nm, Epot= -5.20122e+05 Fmax= 1.93596e+03, atom= 1744
Step=  263, Dmax= 1.6e-02 nm, Epot= -5.20176e+05 Fmax= 2.33771e+04, atom= 1744
Step=  264, Dmax= 2.0e-02 nm, Epot= -5.20474e+05 Fmax= 6.85016e+03, atom= 1744
Step=  265, Dmax= 2.4e-02 nm, Epot= -5.20170e+05 Fmax= 2.94836e+04, atom= 1744
Step=  266, Dmax= 1.2e-02 nm, Epot= -5.20498e+05 Fmax= 1.13538e+04, atom= 1744
Step=  267, Dmax= 1.4e-02 nm, Epot= -5.20559e+05 Fmax= 1.03352e+04, atom= 1744
Step=  268, Dmax= 1.7e-02 nm, Epot= -5.20548e+05 Fmax= 1.57959e+04, atom= 1744
Step=  269, Dmax= 8.5e-03 nm, Epot= -5.20645e+05 Fmax= 2.73058e+03, atom= 1744
Step=  270, Dmax= 1.0e-02 nm, Epot= -5.20707e+05 Fmax= 1.28486e+04, atom= 1744
Step=  271, Dmax= 1.2e-02 nm, Epot= -5.20814e+05 Fmax= 5.98102e+03, atom= 1744
Step=  272, Dmax= 1.5e-02 nm, Epot= -5.20783e+05 Fmax= 1.64742e+04, atom= 1744
Step=  273, Dmax= 7.3e-03 nm, Epot= -5.20865e+05 Fmax= 5.25463e+03, atom= 1744
Step=  274, Dmax= 8.8e-03 nm, Epot= -5.20909e+05 Fmax= 8.31984e+03, atom= 1744
Step=  275, Dmax= 1.1e-02 nm, Epot= -5.20961e+05 Fmax= 7.86351e+03, atom= 1744
Step=  276, Dmax= 1.3e-02 nm, Epot= -5.20984e+05 Fmax= 1.16613e+04, atom= 1744
Step=  277, Dmax= 1.5e-02 nm, Epot= -5.21034e+05 Fmax= 1.16323e+04, atom= 1744
Step=  278, Dmax= 1.8e-02 nm, Epot= -5.21023e+05 Fmax= 1.64358e+04, atom= 1744
Step=  279, Dmax= 9.1e-03 nm, Epot= -5.21133e+05 Fmax= 2.40491e+03, atom= 1744
Step=  280, Dmax= 1.1e-02 nm, Epot= -5.21202e+05 Fmax= 1.43258e+04, atom= 1744
Step=  281, Dmax= 1.3e-02 nm, Epot= -5.21326e+05 Fmax= 5.92529e+03, atom= 1744
Step=  282, Dmax= 1.6e-02 nm, Epot= -5.21270e+05 Fmax= 1.81992e+04, atom= 1744
Step=  283, Dmax= 7.9e-03 nm, Epot= -5.21375e+05 Fmax= 6.14706e+03, atom= 1744
Step=  284, Dmax= 9.5e-03 nm, Epot= -5.21415e+05 Fmax= 8.44366e+03, atom= 1744
Step=  285, Dmax= 1.1e-02 nm, Epot= -5.21460e+05 Fmax= 8.94785e+03, atom= 1744
Step=  286, Dmax= 1.4e-02 nm, Epot= -5.21484e+05 Fmax= 1.20359e+04, atom= 1744
Step=  287, Dmax= 1.6e-02 nm, Epot= -5.21521e+05 Fmax= 1.29956e+04, atom= 1744
Step=  288, Dmax= 2.0e-02 nm, Epot= -5.21512e+05 Fmax= 1.71639e+04, atom= 1744
Step=  289, Dmax= 9.8e-03 nm, Epot= -5.21636e+05 Fmax= 2.09071e+03, atom= 1744
Step=  290, Dmax= 1.2e-02 nm, Epot= -5.21715e+05 Fmax= 1.58835e+04, atom= 1744
Step=  291, Dmax= 1.4e-02 nm, Epot= -5.21861e+05 Fmax= 5.89921e+03, atom= 1744
Step=  292, Dmax= 1.7e-02 nm, Epot= -5.21775e+05 Fmax= 2.00212e+04, atom= 1744
Step=  293, Dmax= 8.5e-03 nm, Epot= -5.21906e+05 Fmax= 7.07575e+03, atom= 1744
Step=  294, Dmax= 1.0e-02 nm, Epot= -5.21946e+05 Fmax= 8.60595e+03, atom= 1744
Step=  295, Dmax= 1.2e-02 nm, Epot= -5.21982e+05 Fmax= 1.00859e+04, atom= 1744
Step=  296, Dmax= 1.5e-02 nm, Epot= -5.22007e+05 Fmax= 1.24640e+04, atom= 1744
Step=  297, Dmax= 1.8e-02 nm, Epot= -5.22030e+05 Fmax= 1.44349e+04, atom= 1744
Step=  298, Dmax= 2.1e-02 nm, Epot= -5.22023e+05 Fmax= 1.79690e+04, atom= 1744
Step=  299, Dmax= 1.1e-02 nm, Epot= -5.22164e+05 Fmax= 1.77909e+03, atom= 1744
Step=  300, Dmax= 1.3e-02 nm, Epot= -5.22261e+05 Fmax= 1.75305e+04, atom= 1744
Step=  301, Dmax= 1.5e-02 nm, Epot= -5.22433e+05 Fmax= 5.90943e+03, atom= 1744
Step=  302, Dmax= 1.8e-02 nm, Epot= -5.22310e+05 Fmax= 2.19334e+04, atom= 1744
Step=  303, Dmax= 9.1e-03 nm, Epot= -5.22472e+05 Fmax= 8.03497e+03, atom= 1744
Step=  304, Dmax= 1.1e-02 nm, Epot= -5.22513e+05 Fmax= 8.82208e+03, atom= 1744
Step=  305, Dmax= 1.3e-02 nm, Epot= -5.22540e+05 Fmax= 1.12680e+04, atom= 1744
Step=  306, Dmax= 1.6e-02 nm, Epot= -5.22568e+05 Fmax= 1.29662e+04, atom= 1744
Step=  307, Dmax= 1.9e-02 nm, Epot= -5.22573e+05 Fmax= 1.59387e+04, atom= 1744
Step=  308, Dmax= 2.3e-02 nm, Epot= -5.22571e+05 Fmax= 1.88759e+04, atom= 1744
Step=  309, Dmax= 1.1e-02 nm, Epot= -5.22729e+05 Fmax= 1.48877e+03, atom= 1744
Step=  310, Dmax= 1.4e-02 nm, Epot= -5.22857e+05 Fmax= 1.92410e+04, atom= 1744
Step=  311, Dmax= 1.6e-02 nm, Epot= -5.23058e+05 Fmax= 5.99940e+03, atom= 1744
Step=  312, Dmax= 2.0e-02 nm, Epot= -5.22893e+05 Fmax= 2.38903e+04, atom= 1744
Step=  313, Dmax= 9.8e-03 nm, Epot= -5.23090e+05 Fmax= 8.98483e+03, atom= 1744
Step=  314, Dmax= 1.2e-02 nm, Epot= -5.23134e+05 Fmax= 9.14055e+03, atom= 1744
Step=  315, Dmax= 1.4e-02 nm, Epot= -5.23149e+05 Fmax= 1.24520e+04, atom= 1744
Step=  316, Dmax= 1.7e-02 nm, Epot= -5.23180e+05 Fmax= 1.35946e+04, atom= 1744
Step=  317, Dmax= 2.0e-02 nm, Epot= -5.23168e+05 Fmax= 1.74649e+04, atom= 1744
Step=  318, Dmax= 1.0e-02 nm, Epot= -5.23298e+05 Fmax= 1.96481e+03, atom= 1744
Step=  319, Dmax= 1.2e-02 nm, Epot= -5.23363e+05 Fmax= 1.69648e+04, atom= 1744
Step=  320, Dmax= 1.5e-02 nm, Epot= -5.23522e+05 Fmax= 5.47491e+03, atom= 1744
Step=  321, Dmax= 1.8e-02 nm, Epot= -5.23406e+05 Fmax= 2.16107e+04, atom= 1744
Step=  322, Dmax= 8.8e-03 nm, Epot= -5.23557e+05 Fmax= 8.06960e+03, atom= 1744
Step=  323, Dmax= 1.1e-02 nm, Epot= -5.23600e+05 Fmax= 8.05647e+03, atom= 1744
Step=  324, Dmax= 1.3e-02 nm, Epot= -5.23619e+05 Fmax= 1.14131e+04, atom= 1744
Step=  325, Dmax= 1.5e-02 nm, Epot= -5.23657e+05 Fmax= 1.18019e+04, atom= 1744
Step=  326, Dmax= 1.8e-02 nm, Epot= -5.23646e+05 Fmax= 1.61801e+04, atom= 1744
Step=  327, Dmax= 9.1e-03 nm, Epot= -5.23752e+05 Fmax= 2.19219e+03, atom= 1744
Step=  328, Dmax= 1.1e-02 nm, Epot= -5.23810e+05 Fmax= 1.44626e+04, atom= 1744
Step=  329, Dmax= 1.3e-02 nm, Epot= -5.23930e+05 Fmax= 5.72821e+03, atom= 1744
Step=  330, Dmax= 1.6e-02 nm, Epot= -5.23864e+05 Fmax= 1.83068e+04, atom= 1744
Step=  331, Dmax= 7.9e-03 nm, Epot= -5.23971e+05 Fmax= 6.30017e+03, atom= 1744
Step=  332, Dmax= 9.4e-03 nm, Epot= -5.24005e+05 Fmax= 8.24715e+03, atom= 1744
Step=  333, Dmax= 1.1e-02 nm, Epot= -5.24042e+05 Fmax= 9.08360e+03, atom= 1744
Step=  334, Dmax= 1.4e-02 nm, Epot= -5.24061e+05 Fmax= 1.18354e+04, atom= 1744
Step=  335, Dmax= 1.6e-02 nm, Epot= -5.24088e+05 Fmax= 1.31109e+04, atom= 1744
Step=  336, Dmax= 2.0e-02 nm, Epot= -5.24077e+05 Fmax= 1.69536e+04, atom= 1744
Step=  337, Dmax= 9.8e-03 nm, Epot= -5.24198e+05 Fmax= 1.92823e+03, atom= 1744
Step=  338, Dmax= 1.2e-02 nm, Epot= -5.24264e+05 Fmax= 1.59618e+04, atom= 1744
Step=  339, Dmax= 1.4e-02 nm, Epot= -5.24405e+05 Fmax= 5.75640e+03, atom= 1744
Step=  340, Dmax= 1.7e-02 nm, Epot= -5.24309e+05 Fmax= 2.00677e+04, atom= 1744
Step=  341, Dmax= 8.4e-03 nm, Epot= -5.24442e+05 Fmax= 7.17136e+03, atom= 1744
Step=  342, Dmax= 1.0e-02 nm, Epot= -5.24477e+05 Fmax= 8.46383e+03, atom= 1744
Step=  343, Dmax= 1.2e-02 nm, Epot= -5.24505e+05 Fmax= 1.01634e+04, atom= 1744
Step=  344, Dmax= 1.5e-02 nm, Epot= -5.24526e+05 Fmax= 1.23170e+04, atom= 1744
Step=  345, Dmax= 1.8e-02 nm, Epot= -5.24540e+05 Fmax= 1.44907e+04, atom= 1744
Step=  346, Dmax= 2.1e-02 nm, Epot= -5.24531e+05 Fmax= 1.78113e+04, atom= 1744
Step=  347, Dmax= 1.1e-02 nm, Epot= -5.24668e+05 Fmax= 1.67246e+03, atom= 1744
Step=  348, Dmax= 1.3e-02 nm, Epot= -5.24747e+05 Fmax= 1.75424e+04, atom= 1744
Step=  349, Dmax= 1.5e-02 nm, Epot= -5.24913e+05 Fmax= 5.82768e+03, atom= 1744
Step=  350, Dmax= 1.8e-02 nm, Epot= -5.24780e+05 Fmax= 2.19111e+04, atom= 1744
Step=  351, Dmax= 9.1e-03 nm, Epot= -5.24944e+05 Fmax= 8.06625e+03, atom= 1744
Step=  352, Dmax= 1.1e-02 nm, Epot= -5.24980e+05 Fmax= 8.74069e+03, atom= 1744
Step=  353, Dmax= 1.3e-02 nm, Epot= -5.24999e+05 Fmax= 1.12796e+04, atom= 1744
Step=  354, Dmax= 1.6e-02 nm, Epot= -5.25023e+05 Fmax= 1.28799e+04, atom= 1744
Step=  355, Dmax= 1.9e-02 nm, Epot= -5.25022e+05 Fmax= 1.59277e+04, atom= 1744
Step=  356, Dmax= 9.4e-03 nm, Epot= -5.25127e+05 Fmax= 1.54938e+03, atom= 1744
Step=  357, Dmax= 1.1e-02 nm, Epot= -5.25219e+05 Fmax= 1.60666e+04, atom= 1744
Step=  358, Dmax= 1.4e-02 nm, Epot= -5.25362e+05 Fmax= 4.74799e+03, atom= 1744
Step=  359, Dmax= 1.6e-02 nm, Epot= -5.25266e+05 Fmax= 2.03969e+04, atom= 1744
Step=  360, Dmax= 8.1e-03 nm, Epot= -5.25394e+05 Fmax= 7.82914e+03, atom= 1744
Step=  361, Dmax= 9.8e-03 nm, Epot= -5.25436e+05 Fmax= 7.12378e+03, atom= 1744
Step=  362, Dmax= 1.2e-02 nm, Epot= -5.25450e+05 Fmax= 1.09440e+04, atom= 1744
Step=  363, Dmax= 1.4e-02 nm, Epot= -5.25491e+05 Fmax= 1.05848e+04, atom= 1744
Step=  364, Dmax= 1.7e-02 nm, Epot= -5.25476e+05 Fmax= 1.53799e+04, atom= 1744
Step=  365, Dmax= 8.4e-03 nm, Epot= -5.25569e+05 Fmax= 2.39820e+03, atom= 1744
Step=  366, Dmax= 1.0e-02 nm, Epot= -5.25610e+05 Fmax= 1.30348e+04, atom= 1744
Step=  367, Dmax= 1.2e-02 nm, Epot= -5.25707e+05 Fmax= 5.68429e+03, atom= 1744
Step=  368, Dmax= 1.5e-02 nm, Epot= -5.25658e+05 Fmax= 1.66010e+04, atom= 1744
Step=  369, Dmax= 7.3e-03 nm, Epot= -5.25745e+05 Fmax= 5.46680e+03, atom= 1744
Step=  370, Dmax= 8.7e-03 nm, Epot= -5.25774e+05 Fmax= 8.03248e+03, atom= 1744
Step=  371, Dmax= 1.0e-02 nm, Epot= -5.25812e+05 Fmax= 8.03594e+03, atom= 1744
Step=  372, Dmax= 1.3e-02 nm, Epot= -5.25825e+05 Fmax= 1.13733e+04, atom= 1744
Step=  373, Dmax= 1.5e-02 nm, Epot= -5.25858e+05 Fmax= 1.17613e+04, atom= 1744
Step=  374, Dmax= 1.8e-02 nm, Epot= -5.25841e+05 Fmax= 1.61348e+04, atom= 1744
Step=  375, Dmax= 9.1e-03 nm, Epot= -5.25948e+05 Fmax= 2.18995e+03, atom= 1744
Step=  376, Dmax= 1.1e-02 nm, Epot= -5.25988e+05 Fmax= 1.43903e+04, atom= 1744
Step=  377, Dmax= 1.3e-02 nm, Epot= -5.26102e+05 Fmax= 5.73714e+03, atom= 1744
Step=  378, Dmax= 1.6e-02 nm, Epot= -5.26028e+05 Fmax= 1.82113e+04, atom= 1744
Step=  379, Dmax= 7.8e-03 nm, Epot= -5.26138e+05 Fmax= 6.24797e+03, atom= 1744
Step=  380, Dmax= 9.4e-03 nm, Epot= -5.26166e+05 Fmax= 8.25749e+03, atom= 1744
Step=  381, Dmax= 1.1e-02 nm, Epot= -5.26198e+05 Fmax= 9.01325e+03, atom= 1744
Step=  382, Dmax= 1.4e-02 nm, Epot= -5.26211e+05 Fmax= 1.18428e+04, atom= 1744
Step=  383, Dmax= 1.6e-02 nm, Epot= -5.26234e+05 Fmax= 1.30190e+04, atom= 1744
Step=  384, Dmax= 1.9e-02 nm, Epot= -5.26217e+05 Fmax= 1.69529e+04, atom= 1744
Step=  385, Dmax= 9.7e-03 nm, Epot= -5.26339e+05 Fmax= 1.97342e+03, atom= 1744
Step=  386, Dmax= 1.2e-02 nm, Epot= -5.26380e+05 Fmax= 1.58406e+04, atom= 1744
Step=  387, Dmax= 1.4e-02 nm, Epot= -5.26515e+05 Fmax= 5.80640e+03, atom= 1744
Step=  388, Dmax= 1.7e-02 nm, Epot= -5.26411e+05 Fmax= 1.99273e+04, atom= 1744
Step=  389, Dmax= 8.4e-03 nm, Epot= -5.26547e+05 Fmax= 7.07566e+03, atom= 1744
Step=  390, Dmax= 1.0e-02 nm, Epot= -5.26575e+05 Fmax= 8.51304e+03, atom= 1744
Step=  391, Dmax= 1.2e-02 nm, Epot= -5.26599e+05 Fmax= 1.00498e+04, atom= 1744
Step=  392, Dmax= 1.5e-02 nm, Epot= -5.26614e+05 Fmax= 1.23620e+04, atom= 1744
Step=  393, Dmax= 1.7e-02 nm, Epot= -5.26625e+05 Fmax= 1.43557e+04, atom= 1744
Step=  394, Dmax= 2.1e-02 nm, Epot= -5.26608e+05 Fmax= 1.78462e+04, atom= 1744
Step=  395, Dmax= 1.0e-02 nm, Epot= -5.26748e+05 Fmax= 1.75651e+03, atom= 1744
Step=  396, Dmax= 1.3e-02 nm, Epot= -5.26792e+05 Fmax= 1.73802e+04, atom= 1744
Step=  397, Dmax= 1.5e-02 nm, Epot= -5.26950e+05 Fmax= 5.90897e+03, atom= 1744
Step=  398, Dmax= 1.8e-02 nm, Epot= -5.26811e+05 Fmax= 2.17369e+04, atom= 1744
Step=  399, Dmax= 9.0e-03 nm, Epot= -5.26977e+05 Fmax= 7.93662e+03, atom= 1744
Step=  400, Dmax= 1.1e-02 nm, Epot= -5.27007e+05 Fmax= 8.81906e+03, atom= 1744
Step=  401, Dmax= 1.3e-02 nm, Epot= -5.27023e+05 Fmax= 1.11328e+04, atom= 1744
Step=  402, Dmax= 1.6e-02 nm, Epot= -5.27039e+05 Fmax= 1.29524e+04, atom= 1744
Step=  403, Dmax= 1.9e-02 nm, Epot= -5.27036e+05 Fmax= 1.57587e+04, atom= 1744
Step=  404, Dmax= 9.4e-03 nm, Epot= -5.27141e+05 Fmax= 1.42914e+03, atom= 1744
Step=  405, Dmax= 1.1e-02 nm, Epot= -5.27222e+05 Fmax= 1.61737e+04, atom= 1744
Step=  406, Dmax= 1.4e-02 nm, Epot= -5.27364e+05 Fmax= 4.57730e+03, atom= 1744
Step=  407, Dmax= 1.6e-02 nm, Epot= -5.27256e+05 Fmax= 2.05024e+04, atom= 1744
Step=  408, Dmax= 8.1e-03 nm, Epot= -5.27389e+05 Fmax= 7.96934e+03, atom= 1744
Step=  409, Dmax= 9.7e-03 nm, Epot= -5.27428e+05 Fmax= 6.93351e+03, atom= 1744
Step=  410, Dmax= 1.2e-02 nm, Epot= -5.27435e+05 Fmax= 1.10835e+04, atom= 1744
Step=  411, Dmax= 1.4e-02 nm, Epot= -5.27475e+05 Fmax= 1.03736e+04, atom= 1744
Step=  412, Dmax= 1.7e-02 nm, Epot= -5.27451e+05 Fmax= 1.55139e+04, atom= 1744
Step=  413, Dmax= 8.4e-03 nm, Epot= -5.27547e+05 Fmax= 2.57090e+03, atom= 1744
Step=  414, Dmax= 1.0e-02 nm, Epot= -5.27570e+05 Fmax= 1.28052e+04, atom= 1744
Step=  415, Dmax= 1.2e-02 nm, Epot= -5.27660e+05 Fmax= 5.85349e+03, atom= 1744
Step=  416, Dmax= 1.5e-02 nm, Epot= -5.27605e+05 Fmax= 1.63548e+04, atom= 1744
Step=  417, Dmax= 7.3e-03 nm, Epot= -5.27695e+05 Fmax= 5.25898e+03, atom= 1744
Step=  418, Dmax= 8.7e-03 nm, Epot= -5.27718e+05 Fmax= 8.20329e+03, atom= 1744
Step=  419, Dmax= 1.0e-02 nm, Epot= -5.27753e+05 Fmax= 7.81056e+03, atom= 1744
Step=  420, Dmax= 1.3e-02 nm, Epot= -5.27758e+05 Fmax= 1.15425e+04, atom= 1744
Step=  421, Dmax= 1.5e-02 nm, Epot= -5.27792e+05 Fmax= 1.15147e+04, atom= 1744
Step=  422, Dmax= 1.8e-02 nm, Epot= -5.27765e+05 Fmax= 1.62976e+04, atom= 1744
Step=  423, Dmax= 9.0e-03 nm, Epot= -5.27876e+05 Fmax= 2.39413e+03, atom= 1744
Step=  424, Dmax= 1.1e-02 nm, Epot= -5.27893e+05 Fmax= 1.41261e+04, atom= 1744
Step=  425, Dmax= 1.3e-02 nm, Epot= -5.27999e+05 Fmax= 5.93415e+03, atom= 1744
Step=  426, Dmax= 1.6e-02 nm, Epot= -5.27921e+05 Fmax= 1.79331e+04, atom= 1744
Step=  427, Dmax= 7.8e-03 nm, Epot= -5.28032e+05 Fmax= 6.00973e+03, atom= 1744
Step=  428, Dmax= 9.4e-03 nm, Epot= -5.28054e+05 Fmax= 8.45488e+03, atom= 1744
Step=  429, Dmax= 1.1e-02 nm, Epot= -5.28084e+05 Fmax= 8.75730e+03, atom= 1744
Step=  430, Dmax= 1.3e-02 nm, Epot= -5.28089e+05 Fmax= 1.20375e+04, atom= 1744
Step=  431, Dmax= 1.6e-02 nm, Epot= -5.28113e+05 Fmax= 1.27420e+04, atom= 1744
Step=  432, Dmax= 1.9e-02 nm, Epot= -5.28085e+05 Fmax= 1.71396e+04, atom= 1744
Step=  433, Dmax= 9.7e-03 nm, Epot= -5.28211e+05 Fmax= 2.20432e+03, atom= 1744
Step=  434, Dmax= 1.2e-02 nm, Epot= -5.28224e+05 Fmax= 1.55477e+04, atom= 1744
Step=  435, Dmax= 1.4e-02 nm, Epot= -5.28350e+05 Fmax= 6.02310e+03, atom= 1744
Step=  436, Dmax= 1.7e-02 nm, Epot= -5.28242e+05 Fmax= 1.96258e+04, atom= 1744
Step=  437, Dmax= 8.4e-03 nm, Epot= -5.28378e+05 Fmax= 6.81517e+03, atom= 1744
Step=  438, Dmax= 1.0e-02 nm, Epot= -5.28400e+05 Fmax= 8.72752e+03, atom= 1744
Step=  439, Dmax= 1.2e-02 nm, Epot= -5.28424e+05 Fmax= 9.77271e+03, atom= 1744
Step=  440, Dmax= 1.4e-02 nm, Epot= -5.28429e+05 Fmax= 1.25719e+04, atom= 1744
Step=  441, Dmax= 1.7e-02 nm, Epot= -5.28442e+05 Fmax= 1.40572e+04, atom= 1744
Step=  442, Dmax= 2.1e-02 nm, Epot= -5.28414e+05 Fmax= 1.80469e+04, atom= 1744
Step=  443, Dmax= 1.0e-02 nm, Epot= -5.28558e+05 Fmax= 2.00408e+03, atom= 1744
Step=  444, Dmax= 1.3e-02 nm, Epot= -5.28566e+05 Fmax= 1.70702e+04, atom= 1744
Step=  445, Dmax= 1.5e-02 nm, Epot= -5.28715e+05 Fmax= 6.13154e+03, atom= 1744
Step=  446, Dmax= 1.8e-02 nm, Epot= -5.28572e+05 Fmax= 2.14285e+04, atom= 1744
Step=  447, Dmax= 9.0e-03 nm, Epot= -5.28739e+05 Fmax= 7.66797e+03, atom= 1744
Step=  448, Dmax= 1.1e-02 nm, Epot= -5.28762e+05 Fmax= 9.03599e+03, atom= 1744
Step=  449, Dmax= 1.3e-02 nm, Epot= -5.28778e+05 Fmax= 1.08488e+04, atom= 1744
Step=  450, Dmax= 1.6e-02 nm, Epot= -5.28785e+05 Fmax= 1.31625e+04, atom= 1744
Step=  451, Dmax= 1.9e-02 nm, Epot= -5.28784e+05 Fmax= 1.54533e+04, atom= 1744
Step=  452, Dmax= 9.4e-03 nm, Epot= -5.28887e+05 Fmax= 1.17349e+03, atom= 1744
Step=  453, Dmax= 1.1e-02 nm, Epot= -5.28981e+05 Fmax= 1.64568e+04, atom= 1744
Step=  454, Dmax= 1.3e-02 nm, Epot= -5.29125e+05 Fmax= 4.24242e+03, atom= 1744
Step=  455, Dmax= 1.6e-02 nm, Epot= -5.29007e+05 Fmax= 2.07762e+04, atom= 1744
Step=  456, Dmax= 8.1e-03 nm, Epot= -5.29144e+05 Fmax= 8.28234e+03, atom= 1744
Step=  457, Dmax= 9.7e-03 nm, Epot= -5.29184e+05 Fmax= 6.57385e+03, atom= 1744
Step=  458, Dmax= 1.2e-02 nm, Epot= -5.29182e+05 Fmax= 1.13977e+04, atom= 1744
Step=  459, Dmax= 5.8e-03 nm, Epot= -5.29224e+05 Fmax= 2.41076e+03, atom= 1744
Step=  460, Dmax= 7.0e-03 nm, Epot= -5.29260e+05 Fmax= 8.20871e+03, atom= 1744
Step=  461, Dmax= 8.4e-03 nm, Epot= -5.29306e+05 Fmax= 4.72309e+03, atom= 1744
Step=  462, Dmax= 1.0e-02 nm, Epot= -5.29309e+05 Fmax= 1.06392e+04, atom= 1744
Step=  463, Dmax= 1.2e-02 nm, Epot= -5.29361e+05 Fmax= 7.96113e+03, atom= 1744
Step=  464, Dmax= 1.4e-02 nm, Epot= -5.29332e+05 Fmax= 1.41899e+04, atom= 1744
Step=  465, Dmax= 7.2e-03 nm, Epot= -5.29408e+05 Fmax= 3.12391e+03, atom= 1744
Step=  466, Dmax= 8.7e-03 nm, Epot= -5.29424e+05 Fmax= 1.03478e+04, atom= 1744
Step=  467, Dmax= 1.0e-02 nm, Epot= -5.29484e+05 Fmax= 5.62460e+03, atom= 1744
Step=  468, Dmax= 1.3e-02 nm, Epot= -5.29457e+05 Fmax= 1.37041e+04, atom= 1744
Step=  469, Dmax= 6.3e-03 nm, Epot= -5.29517e+05 Fmax= 4.03713e+03, atom= 1744
Step=  470, Dmax= 7.5e-03 nm, Epot= -5.29540e+05 Fmax= 7.42106e+03, atom= 1744
Step=  471, Dmax= 9.0e-03 nm, Epot= -5.29574e+05 Fmax= 6.48176e+03, atom= 1744
Step=  472, Dmax= 1.1e-02 nm, Epot= -5.29582e+05 Fmax= 1.00507e+04, atom= 1744
Step=  473, Dmax= 1.3e-02 nm, Epot= -5.29612e+05 Fmax= 9.94255e+03, atom= 1744
Step=  474, Dmax= 1.6e-02 nm, Epot= -5.29600e+05 Fmax= 1.38735e+04, atom= 1744
Step=  475, Dmax= 7.8e-03 nm, Epot= -5.29678e+05 Fmax= 1.97919e+03, atom= 1744
Step=  476, Dmax= 9.3e-03 nm, Epot= -5.29707e+05 Fmax= 1.25788e+04, atom= 1744
Step=  477, Dmax= 1.1e-02 nm, Epot= -5.29795e+05 Fmax= 4.60402e+03, atom= 1744
Step=  478, Dmax= 1.3e-02 nm, Epot= -5.29740e+05 Fmax= 1.62069e+04, atom= 1744
Step=  479, Dmax= 6.7e-03 nm, Epot= -5.29822e+05 Fmax= 5.79887e+03, atom= 1744
Step=  480, Dmax= 8.1e-03 nm, Epot= -5.29848e+05 Fmax= 6.54071e+03, atom= 1744
Step=  481, Dmax= 9.7e-03 nm, Epot= -5.29867e+05 Fmax= 8.41260e+03, atom= 1744
Step=  482, Dmax= 1.2e-02 nm, Epot= -5.29888e+05 Fmax= 9.37255e+03, atom= 1744
Step=  483, Dmax= 1.4e-02 nm, Epot= -5.29892e+05 Fmax= 1.21207e+04, atom= 1744
Step=  484, Dmax= 1.7e-02 nm, Epot= -5.29904e+05 Fmax= 1.34836e+04, atom= 1744
Step=  485, Dmax= 2.0e-02 nm, Epot= -5.29877e+05 Fmax= 1.73972e+04, atom= 1744
Step=  486, Dmax= 1.0e-02 nm, Epot= -5.30011e+05 Fmax= 1.96396e+03, atom= 1744
Step=  487, Dmax= 1.2e-02 nm, Epot= -5.30013e+05 Fmax= 1.63502e+04, atom= 1744
Step=  488, Dmax= 1.4e-02 nm, Epot= -5.30149e+05 Fmax= 5.95671e+03, atom= 1744
Step=  489, Dmax= 1.7e-02 nm, Epot= -5.30017e+05 Fmax= 2.05349e+04, atom= 1744
Step=  490, Dmax= 8.7e-03 nm, Epot= -5.30171e+05 Fmax= 7.30618e+03, atom= 1744
Step=  491, Dmax= 1.0e-02 nm, Epot= -5.30191e+05 Fmax= 8.76143e+03, atom= 1744
Step=  492, Dmax= 1.2e-02 nm, Epot= -5.30206e+05 Fmax= 1.03539e+04, atom= 1744
Step=  493, Dmax= 1.5e-02 nm, Epot= -5.30210e+05 Fmax= 1.27415e+04, atom= 1744
Step=  494, Dmax= 1.8e-02 nm, Epot= -5.30211e+05 Fmax= 1.47732e+04, atom= 1744
Step=  495, Dmax= 2.2e-02 nm, Epot= -5.30183e+05 Fmax= 1.84037e+04, atom= 1744
Step=  496, Dmax= 1.1e-02 nm, Epot= -5.30336e+05 Fmax= 1.82732e+03, atom= 1744
Step=  497, Dmax= 1.3e-02 nm, Epot= -5.30330e+05 Fmax= 1.78479e+04, atom= 1744
Step=  498, Dmax= 6.5e-03 nm, Epot= -5.30382e+05 Fmax= 7.98466e+03, atom= 1744
Step=  499, Dmax= 7.8e-03 nm, Epot= -5.30427e+05 Fmax= 4.01082e+03, atom= 1744
Step=  500, Dmax= 9.3e-03 nm, Epot= -5.30432e+05 Fmax= 1.02145e+04, atom= 1744
Step=  501, Dmax= 1.1e-02 nm, Epot= -5.30483e+05 Fmax= 7.03827e+03, atom= 1744
Step=  502, Dmax= 1.3e-02 nm, Epot= -5.30457e+05 Fmax= 1.34936e+04, atom= 1744
Step=  503, Dmax= 6.7e-03 nm, Epot= -5.30523e+05 Fmax= 3.23508e+03, atom= 1744
Step=  504, Dmax= 8.1e-03 nm, Epot= -5.30539e+05 Fmax= 9.26017e+03, atom= 1744
Step=  505, Dmax= 9.7e-03 nm, Epot= -5.30588e+05 Fmax= 5.54555e+03, atom= 1744
Step=  506, Dmax= 1.2e-02 nm, Epot= -5.30571e+05 Fmax= 1.23836e+04, atom= 1744
Step=  507, Dmax= 5.8e-03 nm, Epot= -5.30620e+05 Fmax= 3.41692e+03, atom= 1744
Step=  508, Dmax= 7.0e-03 nm, Epot= -5.30642e+05 Fmax= 7.19273e+03, atom= 1744
Step=  509, Dmax= 8.3e-03 nm, Epot= -5.30677e+05 Fmax= 5.70390e+03, atom= 1744
Step=  510, Dmax= 1.0e-02 nm, Epot= -5.30683e+05 Fmax= 9.61730e+03, atom= 1744
Step=  511, Dmax= 1.2e-02 nm, Epot= -5.30717e+05 Fmax= 8.92968e+03, atom= 1744
Step=  512, Dmax= 1.4e-02 nm, Epot= -5.30703e+05 Fmax= 1.31526e+04, atom= 1744
Step=  513, Dmax= 7.2e-03 nm, Epot= -5.30771e+05 Fmax= 2.12190e+03, atom= 1744
Step=  514, Dmax= 8.7e-03 nm, Epot= -5.30794e+05 Fmax= 1.13748e+04, atom= 1744
Step=  515, Dmax= 1.0e-02 nm, Epot= -5.30867e+05 Fmax= 4.55352e+03, atom= 1744
Step=  516, Dmax= 1.2e-02 nm, Epot= -5.30826e+05 Fmax= 1.47496e+04, atom= 1744
Step=  517, Dmax= 6.2e-03 nm, Epot= -5.30893e+05 Fmax= 5.09550e+03, atom= 1744
Step=  518, Dmax= 7.5e-03 nm, Epot= -5.30916e+05 Fmax= 6.33797e+03, atom= 1744
Step=  519, Dmax= 9.0e-03 nm, Epot= -5.30937e+05 Fmax= 7.53322e+03, atom= 1744
Step=  520, Dmax= 1.1e-02 nm, Epot= -5.30955e+05 Fmax= 8.95336e+03, atom= 1744
Step=  521, Dmax= 1.3e-02 nm, Epot= -5.30965e+05 Fmax= 1.09861e+04, atom= 1744
Step=  522, Dmax= 1.6e-02 nm, Epot= -5.30972e+05 Fmax= 1.27575e+04, atom= 1744
Step=  523, Dmax= 1.9e-02 nm, Epot= -5.30957e+05 Fmax= 1.58952e+04, atom= 1744
Step=  524, Dmax= 9.3e-03 nm, Epot= -5.31068e+05 Fmax= 1.57476e+03, atom= 1744
Step=  525, Dmax= 1.1e-02 nm, Epot= -5.31096e+05 Fmax= 1.53429e+04, atom= 1744
Step=  526, Dmax= 1.3e-02 nm, Epot= -5.31218e+05 Fmax= 5.35446e+03, atom= 1744
Step=  527, Dmax= 1.6e-02 nm, Epot= -5.31107e+05 Fmax= 1.91953e+04, atom= 1744
Step=  528, Dmax= 8.0e-03 nm, Epot= -5.31238e+05 Fmax= 6.93681e+03, atom= 1744
Step=  529, Dmax= 9.6e-03 nm, Epot= -5.31259e+05 Fmax= 7.97318e+03, atom= 1744
Step=  530, Dmax= 1.2e-02 nm, Epot= -5.31272e+05 Fmax= 9.74932e+03, atom= 1744
Step=  531, Dmax= 1.4e-02 nm, Epot= -5.31280e+05 Fmax= 1.16799e+04, atom= 1744
Step=  532, Dmax= 1.7e-02 nm, Epot= -5.31280e+05 Fmax= 1.38391e+04, atom= 1744
Step=  533, Dmax= 8.3e-03 nm, Epot= -5.31363e+05 Fmax= 1.09936e+03, atom= 1744
Step=  534, Dmax= 1.0e-02 nm, Epot= -5.31439e+05 Fmax= 1.47027e+04, atom= 1744
Step=  535, Dmax= 1.2e-02 nm, Epot= -5.31555e+05 Fmax= 3.73976e+03, atom= 1744
Step=  536, Dmax= 1.4e-02 nm, Epot= -5.31466e+05 Fmax= 1.86067e+04, atom= 1744
Step=  537, Dmax= 7.2e-03 nm, Epot= -5.31573e+05 Fmax= 7.44225e+03, atom= 1744
Step=  538, Dmax= 8.6e-03 nm, Epot= -5.31606e+05 Fmax= 5.79522e+03, atom= 1744
Step=  539, Dmax= 1.0e-02 nm, Epot= -5.31606e+05 Fmax= 1.02461e+04, atom= 1744
Step=  540, Dmax= 1.2e-02 nm, Epot= -5.31643e+05 Fmax= 8.82057e+03, atom= 1744
Step=  541, Dmax= 1.5e-02 nm, Epot= -5.31615e+05 Fmax= 1.42192e+04, atom= 1744
Step=  542, Dmax= 7.5e-03 nm, Epot= -5.31696e+05 Fmax= 2.69858e+03, atom= 1744
Step=  543, Dmax= 9.0e-03 nm, Epot= -5.31704e+05 Fmax= 1.09412e+04, atom= 1744
Step=  544, Dmax= 1.1e-02 nm, Epot= -5.31768e+05 Fmax= 5.65041e+03, atom= 1744
Step=  545, Dmax= 1.3e-02 nm, Epot= -5.31728e+05 Fmax= 1.40740e+04, atom= 1744
Step=  546, Dmax= 6.5e-03 nm, Epot= -5.31797e+05 Fmax= 4.21825e+03, atom= 1744
Step=  547, Dmax= 7.7e-03 nm, Epot= -5.31812e+05 Fmax= 7.77467e+03, atom= 1744
Step=  548, Dmax= 9.3e-03 nm, Epot= -5.31844e+05 Fmax= 6.45156e+03, atom= 1744
Step=  549, Dmax= 1.1e-02 nm, Epot= -5.31841e+05 Fmax= 1.07765e+04, atom= 1744
Step=  550, Dmax= 5.6e-03 nm, Epot= -5.31880e+05 Fmax= 2.16114e+03, atom= 1744
Step=  551, Dmax= 6.7e-03 nm, Epot= -5.31910e+05 Fmax= 7.99067e+03, atom= 1744
Step=  552, Dmax= 8.0e-03 nm, Epot= -5.31952e+05 Fmax= 4.40929e+03, atom= 1744
Step=  553, Dmax= 9.6e-03 nm, Epot= -5.31951e+05 Fmax= 1.03000e+04, atom= 1744
Step=  554, Dmax= 4.8e-03 nm, Epot= -5.31979e+05 Fmax= 2.94836e+03, atom= 1744
Step=  555, Dmax= 5.8e-03 nm, Epot= -5.32003e+05 Fmax= 6.03507e+03, atom= 1744
Step=  556, Dmax= 6.9e-03 nm, Epot= -5.32032e+05 Fmax= 4.57709e+03, atom= 1744
Step=  557, Dmax= 8.3e-03 nm, Epot= -5.32044e+05 Fmax= 8.31370e+03, atom= 1744
Step=  558, Dmax= 1.0e-02 nm, Epot= -5.32076e+05 Fmax= 6.98190e+03, atom= 1744
Step=  559, Dmax= 1.2e-02 nm, Epot= -5.32068e+05 Fmax= 1.15325e+04, atom= 1744
Step=  560, Dmax= 6.0e-03 nm, Epot= -5.32115e+05 Fmax= 2.27369e+03, atom= 1744
Step=  561, Dmax= 7.2e-03 nm, Epot= -5.32140e+05 Fmax= 8.64610e+03, atom= 1744
Step=  562, Dmax= 8.6e-03 nm, Epot= -5.32186e+05 Fmax= 4.68029e+03, atom= 1744
Step=  563, Dmax= 1.0e-02 nm, Epot= -5.32176e+05 Fmax= 1.11360e+04, atom= 1744
Step=  564, Dmax= 5.2e-03 nm, Epot= -5.32213e+05 Fmax= 3.23150e+03, atom= 1744
Step=  565, Dmax= 6.2e-03 nm, Epot= -5.32234e+05 Fmax= 6.41689e+03, atom= 1744
Step=  566, Dmax= 7.5e-03 nm, Epot= -5.32264e+05 Fmax= 4.99352e+03, atom= 1744
Step=  567, Dmax= 8.9e-03 nm, Epot= -5.32271e+05 Fmax= 8.85595e+03, atom= 1744
Step=  568, Dmax= 1.1e-02 nm, Epot= -5.32304e+05 Fmax= 7.58794e+03, atom= 1744
Step=  569, Dmax= 1.3e-02 nm, Epot= -5.32290e+05 Fmax= 1.23053e+04, atom= 1744
Step=  570, Dmax= 6.4e-03 nm, Epot= -5.32347e+05 Fmax= 2.35705e+03, atom= 1744
Step=  571, Dmax= 7.7e-03 nm, Epot= -5.32367e+05 Fmax= 9.38751e+03, atom= 1744
Step=  572, Dmax= 9.3e-03 nm, Epot= -5.32418e+05 Fmax= 4.93390e+03, atom= 1744
Step=  573, Dmax= 1.1e-02 nm, Epot= -5.32399e+05 Fmax= 1.20724e+04, atom= 1744
Step=  574, Dmax= 5.6e-03 nm, Epot= -5.32445e+05 Fmax= 3.57371e+03, atom= 1744
Step=  575, Dmax= 6.7e-03 nm, Epot= -5.32463e+05 Fmax= 6.78814e+03, atom= 1744
Step=  576, Dmax= 8.0e-03 nm, Epot= -5.32493e+05 Fmax= 5.47997e+03, atom= 1744
Step=  577, Dmax= 9.6e-03 nm, Epot= -5.32497e+05 Fmax= 9.39806e+03, atom= 1744
Step=  578, Dmax= 1.2e-02 nm, Epot= -5.32529e+05 Fmax= 8.27967e+03, atom= 1744
Step=  579, Dmax= 1.4e-02 nm, Epot= -5.32509e+05 Fmax= 1.30936e+04, atom= 1744
Step=  580, Dmax= 6.9e-03 nm, Epot= -5.32576e+05 Fmax= 2.40584e+03, atom= 1744
Step=  581, Dmax= 8.3e-03 nm, Epot= -5.32591e+05 Fmax= 1.02250e+04, atom= 1744
Step=  582, Dmax= 1.0e-02 nm, Epot= -5.32648e+05 Fmax= 5.16579e+03, atom= 1744
Step=  583, Dmax= 1.2e-02 nm, Epot= -5.32617e+05 Fmax= 1.31191e+04, atom= 1744
Step=  584, Dmax= 6.0e-03 nm, Epot= -5.32675e+05 Fmax= 3.98191e+03, atom= 1744
Step=  585, Dmax= 7.2e-03 nm, Epot= -5.32691e+05 Fmax= 7.14604e+03, atom= 1744
Step=  586, Dmax= 8.6e-03 nm, Epot= -5.32720e+05 Fmax= 6.04382e+03, atom= 1744
Step=  587, Dmax= 1.0e-02 nm, Epot= -5.32721e+05 Fmax= 9.93911e+03, atom= 1744
Step=  588, Dmax= 1.2e-02 nm, Epot= -5.32751e+05 Fmax= 9.06389e+03, atom= 1744
Step=  589, Dmax= 1.5e-02 nm, Epot= -5.32726e+05 Fmax= 1.38992e+04, atom= 1744
Step=  590, Dmax= 7.4e-03 nm, Epot= -5.32805e+05 Fmax= 2.41714e+03, atom= 1744
Step=  591, Dmax= 8.9e-03 nm, Epot= -5.32813e+05 Fmax= 1.11650e+04, atom= 1744
Step=  592, Dmax= 1.1e-02 nm, Epot= -5.32879e+05 Fmax= 5.37583e+03, atom= 1744
Step=  593, Dmax= 1.3e-02 nm, Epot= -5.32834e+05 Fmax= 1.42825e+04, atom= 1744
Step=  594, Dmax= 6.4e-03 nm, Epot= -5.32905e+05 Fmax= 4.45964e+03, atom= 1744
Step=  595, Dmax= 7.7e-03 nm, Epot= -5.32919e+05 Fmax= 7.49145e+03, atom= 1744
Step=  596, Dmax= 9.3e-03 nm, Epot= -5.32946e+05 Fmax= 6.68896e+03, atom= 1744
Step=  597, Dmax= 1.1e-02 nm, Epot= -5.32945e+05 Fmax= 1.04814e+04, atom= 1744
Step=  598, Dmax= 5.6e-03 nm, Epot= -5.32983e+05 Fmax= 1.89490e+03, atom= 1744
Step=  599, Dmax= 6.7e-03 nm, Epot= -5.33014e+05 Fmax= 8.20909e+03, atom= 1744
Step=  600, Dmax= 8.0e-03 nm, Epot= -5.33057e+05 Fmax= 4.15086e+03, atom= 1744
Step=  601, Dmax= 9.6e-03 nm, Epot= -5.33052e+05 Fmax= 1.05084e+04, atom= 1744
Step=  602, Dmax= 4.8e-03 nm, Epot= -5.33081e+05 Fmax= 3.18175e+03, atom= 1744
Step=  603, Dmax= 5.8e-03 nm, Epot= -5.33103e+05 Fmax= 5.76531e+03, atom= 1744
Step=  604, Dmax= 6.9e-03 nm, Epot= -5.33129e+05 Fmax= 4.81240e+03, atom= 1744
Step=  605, Dmax= 8.3e-03 nm, Epot= -5.33139e+05 Fmax= 8.03201e+03, atom= 1744
Step=  606, Dmax= 1.0e-02 nm, Epot= -5.33167e+05 Fmax= 7.21523e+03, atom= 1744
Step=  607, Dmax= 1.2e-02 nm, Epot= -5.33160e+05 Fmax= 1.12359e+04, atom= 1744
Step=  608, Dmax= 6.0e-03 nm, Epot= -5.33207e+05 Fmax= 2.00921e+03, atom= 1744
Step=  609, Dmax= 7.2e-03 nm, Epot= -5.33233e+05 Fmax= 8.86368e+03, atom= 1744
Step=  610, Dmax= 8.6e-03 nm, Epot= -5.33280e+05 Fmax= 4.41900e+03, atom= 1744
Step=  611, Dmax= 1.0e-02 nm, Epot= -5.33266e+05 Fmax= 1.13458e+04, atom= 1744
Step=  612, Dmax= 5.2e-03 nm, Epot= -5.33304e+05 Fmax= 3.46705e+03, atom= 1744
Step=  613, Dmax= 6.2e-03 nm, Epot= -5.33324e+05 Fmax= 6.14234e+03, atom= 1744
Step=  614, Dmax= 7.4e-03 nm, Epot= -5.33350e+05 Fmax= 5.23209e+03, atom= 1744
Step=  615, Dmax= 8.9e-03 nm, Epot= -5.33357e+05 Fmax= 8.56653e+03, atom= 1744
Step=  616, Dmax= 1.1e-02 nm, Epot= -5.33385e+05 Fmax= 7.82645e+03, atom= 1744
Step=  617, Dmax= 1.3e-02 nm, Epot= -5.33374e+05 Fmax= 1.19978e+04, atom= 1744
Step=  618, Dmax= 6.4e-03 nm, Epot= -5.33428e+05 Fmax= 2.08463e+03, atom= 1744
Step=  619, Dmax= 7.7e-03 nm, Epot= -5.33450e+05 Fmax= 9.61312e+03, atom= 1744
Step=  620, Dmax= 9.2e-03 nm, Epot= -5.33502e+05 Fmax= 4.66127e+03, atom= 1744
Step=  621, Dmax= 1.1e-02 nm, Epot= -5.33479e+05 Fmax= 1.22913e+04, atom= 1744
Step=  622, Dmax= 5.5e-03 nm, Epot= -5.33526e+05 Fmax= 3.81916e+03, atom= 1744
Step=  623, Dmax= 6.7e-03 nm, Epot= -5.33544e+05 Fmax= 6.50101e+03, atom= 1744
Step=  624, Dmax= 8.0e-03 nm, Epot= -5.33569e+05 Fmax= 5.72922e+03, atom= 1744
Step=  625, Dmax= 9.6e-03 nm, Epot= -5.33574e+05 Fmax= 9.09414e+03, atom= 1744
Step=  626, Dmax= 1.2e-02 nm, Epot= -5.33601e+05 Fmax= 8.52952e+03, atom= 1744
Step=  627, Dmax= 1.4e-02 nm, Epot= -5.33584e+05 Fmax= 1.27696e+04, atom= 1744
Step=  628, Dmax= 6.9e-03 nm, Epot= -5.33649e+05 Fmax= 2.11935e+03, atom= 1744
Step=  629, Dmax= 8.3e-03 nm, Epot= -5.33665e+05 Fmax= 1.04636e+04, atom= 1744
Step=  630, Dmax= 9.9e-03 nm, Epot= -5.33724e+05 Fmax= 4.87700e+03, atom= 1744
Step=  631, Dmax= 1.2e-02 nm, Epot= -5.33689e+05 Fmax= 1.33514e+04, atom= 1744
Step=  632, Dmax= 6.0e-03 nm, Epot= -5.33749e+05 Fmax= 4.24257e+03, atom= 1744
Step=  633, Dmax= 7.2e-03 nm, Epot= -5.33763e+05 Fmax= 6.84067e+03, atom= 1744
Step=  634, Dmax= 8.6e-03 nm, Epot= -5.33789e+05 Fmax= 6.30936e+03, atom= 1744
Step=  635, Dmax= 1.0e-02 nm, Epot= -5.33791e+05 Fmax= 9.61490e+03, atom= 1744
Step=  636, Dmax= 1.2e-02 nm, Epot= -5.33815e+05 Fmax= 9.33075e+03, atom= 1744
Step=  637, Dmax= 1.5e-02 nm, Epot= -5.33795e+05 Fmax= 1.35523e+04, atom= 1744
Step=  638, Dmax= 7.4e-03 nm, Epot= -5.33871e+05 Fmax= 2.11061e+03, atom= 1744
Step=  639, Dmax= 8.9e-03 nm, Epot= -5.33880e+05 Fmax= 1.14226e+04, atom= 1744
Step=  640, Dmax= 1.1e-02 nm, Epot= -5.33949e+05 Fmax= 5.06425e+03, atom= 1744
Step=  641, Dmax= 1.3e-02 nm, Epot= -5.33899e+05 Fmax= 1.45353e+04, atom= 1744
Step=  642, Dmax= 6.4e-03 nm, Epot= -5.33972e+05 Fmax= 4.74203e+03, atom= 1744
Step=  643, Dmax= 7.7e-03 nm, Epot= -5.33986e+05 Fmax= 7.16160e+03, atom= 1744
Step=  644, Dmax= 9.2e-03 nm, Epot= -5.34009e+05 Fmax= 6.97683e+03, atom= 1744
Step=  645, Dmax= 1.1e-02 nm, Epot= -5.34009e+05 Fmax= 1.01298e+04, atom= 1744
Step=  646, Dmax= 1.3e-02 nm, Epot= -5.34030e+05 Fmax= 1.02363e+04, atom= 1744
Step=  647, Dmax= 1.6e-02 nm, Epot= -5.34007e+05 Fmax= 1.43476e+04, atom= 1744
Step=  648, Dmax= 8.0e-03 nm, Epot= -5.34094e+05 Fmax= 2.05667e+03, atom= 1744
Step=  649, Dmax= 9.6e-03 nm, Epot= -5.34097e+05 Fmax= 1.24969e+04, atom= 1744
Step=  650, Dmax= 1.1e-02 nm, Epot= -5.34177e+05 Fmax= 5.22355e+03, atom= 1744
Step=  651, Dmax= 1.4e-02 nm, Epot= -5.34109e+05 Fmax= 1.58490e+04, atom= 1744
Step=  652, Dmax= 6.9e-03 nm, Epot= -5.34199e+05 Fmax= 5.32032e+03, atom= 1744
Step=  653, Dmax= 8.3e-03 nm, Epot= -5.34212e+05 Fmax= 7.46496e+03, atom= 1744
Step=  654, Dmax= 9.9e-03 nm, Epot= -5.34232e+05 Fmax= 7.73571e+03, atom= 1744
Step=  655, Dmax= 1.2e-02 nm, Epot= -5.34232e+05 Fmax= 1.06420e+04, atom= 1744
Step=  656, Dmax= 1.4e-02 nm, Epot= -5.34247e+05 Fmax= 1.12503e+04, atom= 1744
Step=  657, Dmax= 1.7e-02 nm, Epot= -5.34222e+05 Fmax= 1.51606e+04, atom= 1744
Step=  658, Dmax= 8.6e-03 nm, Epot= -5.34322e+05 Fmax= 1.95751e+03, atom= 1744
Step=  659, Dmax= 1.0e-02 nm, Epot= -5.34318e+05 Fmax= 1.36921e+04, atom= 1744
Step=  660, Dmax= 5.1e-03 nm, Epot= -5.34350e+05 Fmax= 5.86025e+03, atom= 1744
Step=  661, Dmax= 6.2e-03 nm, Epot= -5.34379e+05 Fmax= 3.67923e+03, atom= 1744
Step=  662, Dmax= 7.4e-03 nm, Epot= -5.34390e+05 Fmax= 7.63554e+03, atom= 1744
Step=  663, Dmax= 8.9e-03 nm, Epot= -5.34420e+05 Fmax= 6.08720e+03, atom= 1744
Step=  664, Dmax= 1.1e-02 nm, Epot= -5.34415e+05 Fmax= 1.02418e+04, atom= 1744
Step=  665, Dmax= 5.3e-03 nm, Epot= -5.34451e+05 Fmax= 2.08165e+03, atom= 1744
Step=  666, Dmax= 6.4e-03 nm, Epot= -5.34474e+05 Fmax= 7.88557e+03, atom= 1744
Step=  667, Dmax= 7.7e-03 nm, Epot= -5.34513e+05 Fmax= 3.88886e+03, atom= 1744
Step=  668, Dmax= 9.2e-03 nm, Epot= -5.34506e+05 Fmax= 1.03859e+04, atom= 1744
Step=  669, Dmax= 4.6e-03 nm, Epot= -5.34535e+05 Fmax= 3.24669e+03, atom= 1744
Step=  670, Dmax= 5.5e-03 nm, Epot= -5.34555e+05 Fmax= 5.19495e+03, atom= 1744
Step=  671, Dmax= 6.6e-03 nm, Epot= -5.34577e+05 Fmax= 5.06587e+03, atom= 1744
Step=  672, Dmax= 8.0e-03 nm, Epot= -5.34590e+05 Fmax= 7.12033e+03, atom= 1744
Step=  673, Dmax= 9.6e-03 nm, Epot= -5.34609e+05 Fmax= 7.63311e+03, atom= 1744
Step=  674, Dmax= 1.1e-02 nm, Epot= -5.34613e+05 Fmax= 9.93386e+03, atom= 1744
Step=  675, Dmax= 1.4e-02 nm, Epot= -5.34622e+05 Fmax= 1.12778e+04, atom= 1744
Step=  676, Dmax= 1.7e-02 nm, Epot= -5.34610e+05 Fmax= 1.40137e+04, atom= 1744
Step=  677, Dmax= 8.3e-03 nm, Epot= -5.34696e+05 Fmax= 1.38599e+03, atom= 1744
Step=  678, Dmax= 9.9e-03 nm, Epot= -5.34715e+05 Fmax= 1.41180e+04, atom= 1744
Step=  679, Dmax= 1.2e-02 nm, Epot= -5.34819e+05 Fmax= 4.14731e+03, atom= 1744
Step=  680, Dmax= 1.4e-02 nm, Epot= -5.34723e+05 Fmax= 1.79371e+04, atom= 1744
Step=  681, Dmax= 7.1e-03 nm, Epot= -5.34832e+05 Fmax= 6.89713e+03, atom= 1744
Step=  682, Dmax= 8.6e-03 nm, Epot= -5.34856e+05 Fmax= 6.22257e+03, atom= 1744
Step=  683, Dmax= 1.0e-02 nm, Epot= -5.34856e+05 Fmax= 9.64128e+03, atom= 1744
Step=  684, Dmax= 1.2e-02 nm, Epot= -5.34880e+05 Fmax= 9.25550e+03, atom= 1744
Step=  685, Dmax= 1.5e-02 nm, Epot= -5.34857e+05 Fmax= 1.35429e+04, atom= 1744
Step=  686, Dmax= 7.4e-03 nm, Epot= -5.34933e+05 Fmax= 2.14325e+03, atom= 1744
Step=  687, Dmax= 8.9e-03 nm, Epot= -5.34937e+05 Fmax= 1.13815e+04, atom= 1744
Step=  688, Dmax= 1.1e-02 nm, Epot= -5.35005e+05 Fmax= 5.04402e+03, atom= 1744
Step=  689, Dmax= 1.3e-02 nm, Epot= -5.34952e+05 Fmax= 1.45124e+04, atom= 1744
Step=  690, Dmax= 6.4e-03 nm, Epot= -5.35026e+05 Fmax= 4.74049e+03, atom= 1744
Step=  691, Dmax= 7.7e-03 nm, Epot= -5.35038e+05 Fmax= 7.11126e+03, atom= 1744
Step=  692, Dmax= 9.2e-03 nm, Epot= -5.35059e+05 Fmax= 6.99186e+03, atom= 1744
Step=  693, Dmax= 1.1e-02 nm, Epot= -5.35058e+05 Fmax= 1.00465e+04, atom= 1744
Step=  694, Dmax= 5.5e-03 nm, Epot= -5.35095e+05 Fmax= 1.52659e+03, atom= 1744
Step=  695, Dmax= 6.6e-03 nm, Epot= -5.35128e+05 Fmax= 8.53028e+03, atom= 1744
Step=  696, Dmax= 7.9e-03 nm, Epot= -5.35172e+05 Fmax= 3.73967e+03, atom= 1744
Step=  697, Dmax= 9.5e-03 nm, Epot= -5.35160e+05 Fmax= 1.08468e+04, atom= 1744
Step=  698, Dmax= 4.8e-03 nm, Epot= -5.35193e+05 Fmax= 3.55690e+03, atom= 1744
Step=  699, Dmax= 5.7e-03 nm, Epot= -5.35211e+05 Fmax= 5.30467e+03, atom= 1744
Step=  700, Dmax= 6.9e-03 nm, Epot= -5.35231e+05 Fmax= 5.21788e+03, atom= 1744
Step=  701, Dmax= 8.2e-03 nm, Epot= -5.35241e+05 Fmax= 7.51752e+03, atom= 1744
Step=  702, Dmax= 9.9e-03 nm, Epot= -5.35261e+05 Fmax= 7.64654e+03, atom= 1744
Step=  703, Dmax= 1.2e-02 nm, Epot= -5.35257e+05 Fmax= 1.06615e+04, atom= 1744
Step=  704, Dmax= 5.9e-03 nm, Epot= -5.35301e+05 Fmax= 1.50667e+03, atom= 1744
Step=  705, Dmax= 7.1e-03 nm, Epot= -5.35332e+05 Fmax= 9.31202e+03, atom= 1744
Step=  706, Dmax= 8.5e-03 nm, Epot= -5.35382e+05 Fmax= 3.87431e+03, atom= 1744
Step=  707, Dmax= 1.0e-02 nm, Epot= -5.35360e+05 Fmax= 1.18121e+04, atom= 1744
Step=  708, Dmax= 5.1e-03 nm, Epot= -5.35402e+05 Fmax= 3.97284e+03, atom= 1744
Step=  709, Dmax= 6.2e-03 nm, Epot= -5.35418e+05 Fmax= 5.54420e+03, atom= 1744
Step=  710, Dmax= 7.4e-03 nm, Epot= -5.35437e+05 Fmax= 5.77088e+03, atom= 1744
Step=  711, Dmax= 8.9e-03 nm, Epot= -5.35446e+05 Fmax= 7.91036e+03, atom= 1744
Step=  712, Dmax= 1.1e-02 nm, Epot= -5.35462e+05 Fmax= 8.39301e+03, atom= 1744
Step=  713, Dmax= 1.3e-02 nm, Epot= -5.35458e+05 Fmax= 1.12766e+04, atom= 1744
Step=  714, Dmax= 6.4e-03 nm, Epot= -5.35509e+05 Fmax= 1.44143e+03, atom= 1744
Step=  715, Dmax= 7.7e-03 nm, Epot= -5.35538e+05 Fmax= 1.01956e+04, atom= 1744
Step=  716, Dmax= 9.2e-03 nm, Epot= -5.35597e+05 Fmax= 3.97674e+03, atom= 1744
Step=  717, Dmax= 1.1e-02 nm, Epot= -5.35563e+05 Fmax= 1.28914e+04, atom= 1744
Step=  718, Dmax= 5.5e-03 nm, Epot= -5.35615e+05 Fmax= 4.46234e+03, atom= 1744
Step=  719, Dmax= 6.6e-03 nm, Epot= -5.35631e+05 Fmax= 5.75954e+03, atom= 1744
Step=  720, Dmax= 7.9e-03 nm, Epot= -5.35648e+05 Fmax= 6.40725e+03, atom= 1744
Step=  721, Dmax= 9.5e-03 nm, Epot= -5.35657e+05 Fmax= 8.28988e+03, atom= 1744
Step=  722, Dmax= 1.1e-02 nm, Epot= -5.35669e+05 Fmax= 9.23799e+03, atom= 1744
Step=  723, Dmax= 1.4e-02 nm, Epot= -5.35663e+05 Fmax= 1.18946e+04, atom= 1744
Step=  724, Dmax= 6.9e-03 nm, Epot= -5.35722e+05 Fmax= 1.32878e+03, atom= 1744
Step=  725, Dmax= 8.2e-03 nm, Epot= -5.35753e+05 Fmax= 1.11864e+04, atom= 1744
Step=  726, Dmax= 9.9e-03 nm, Epot= -5.35821e+05 Fmax= 4.04819e+03, atom= 1744
Step=  727, Dmax= 1.2e-02 nm, Epot= -5.35772e+05 Fmax= 1.40894e+04, atom= 1744
Step=  728, Dmax= 5.9e-03 nm, Epot= -5.35838e+05 Fmax= 5.02717e+03, atom= 1744
Step=  729, Dmax= 7.1e-03 nm, Epot= -5.35854e+05 Fmax= 5.95272e+03, atom= 1744
Step=  730, Dmax= 8.5e-03 nm, Epot= -5.35867e+05 Fmax= 7.12979e+03, atom= 1744
Step=  731, Dmax= 1.0e-02 nm, Epot= -5.35876e+05 Fmax= 8.65999e+03, atom= 1744
Step=  732, Dmax= 1.2e-02 nm, Epot= -5.35882e+05 Fmax= 1.01833e+04, atom= 1744
Step=  733, Dmax= 1.5e-02 nm, Epot= -5.35877e+05 Fmax= 1.25214e+04, atom= 1744
Step=  734, Dmax= 7.4e-03 nm, Epot= -5.35944e+05 Fmax= 1.17074e+03, atom= 1744
Step=  735, Dmax= 8.8e-03 nm, Epot= -5.35980e+05 Fmax= 1.22865e+04, atom= 1744
Step=  736, Dmax= 1.1e-02 nm, Epot= -5.36060e+05 Fmax= 4.09404e+03, atom= 1744
Step=  737, Dmax= 1.3e-02 nm, Epot= -5.35994e+05 Fmax= 1.54048e+04, atom= 1744
Step=  738, Dmax= 6.4e-03 nm, Epot= -5.36075e+05 Fmax= 5.66525e+03, atom= 1744
Step=  739, Dmax= 7.6e-03 nm, Epot= -5.36092e+05 Fmax= 6.13081e+03, atom= 1744
Step=  740, Dmax= 9.2e-03 nm, Epot= -5.36101e+05 Fmax= 7.93607e+03, atom= 1744
Step=  741, Dmax= 1.1e-02 nm, Epot= -5.36112e+05 Fmax= 9.02868e+03, atom= 1744
Step=  742, Dmax= 1.3e-02 nm, Epot= -5.36110e+05 Fmax= 1.12284e+04, atom= 1744
Step=  743, Dmax= 6.6e-03 nm, Epot= -5.36162e+05 Fmax= 1.10968e+03, atom= 1744
Step=  744, Dmax= 7.9e-03 nm, Epot= -5.36203e+05 Fmax= 1.12501e+04, atom= 1744
Step=  745, Dmax= 9.5e-03 nm, Epot= -5.36273e+05 Fmax= 3.36477e+03, atom= 1744
Step=  746, Dmax= 1.1e-02 nm, Epot= -5.36225e+05 Fmax= 1.42750e+04, atom= 1744
Step=  747, Dmax= 5.7e-03 nm, Epot= -5.36288e+05 Fmax= 5.45551e+03, atom= 1744
Step=  748, Dmax= 6.8e-03 nm, Epot= -5.36308e+05 Fmax= 5.04938e+03, atom= 1744
Step=  749, Dmax= 8.2e-03 nm, Epot= -5.36315e+05 Fmax= 7.62872e+03, atom= 1744
Step=  750, Dmax= 9.9e-03 nm, Epot= -5.36334e+05 Fmax= 7.50240e+03, atom= 1744
Step=  751, Dmax= 1.2e-02 nm, Epot= -5.36327e+05 Fmax= 1.07287e+04, atom= 1744
Step=  752, Dmax= 5.9e-03 nm, Epot= -5.36372e+05 Fmax= 1.61214e+03, atom= 1744
Step=  753, Dmax= 7.1e-03 nm, Epot= -5.36393e+05 Fmax= 9.23066e+03, atom= 1744
Step=  754, Dmax= 8.5e-03 nm, Epot= -5.36442e+05 Fmax= 3.90092e+03, atom= 1744
Step=  755, Dmax= 1.0e-02 nm, Epot= -5.36416e+05 Fmax= 1.17656e+04, atom= 1744
Step=  756, Dmax= 5.1e-03 nm, Epot= -5.36460e+05 Fmax= 3.93599e+03, atom= 1744
Step=  757, Dmax= 6.1e-03 nm, Epot= -5.36474e+05 Fmax= 5.53191e+03, atom= 1744
Step=  758, Dmax= 7.4e-03 nm, Epot= -5.36492e+05 Fmax= 5.76133e+03, atom= 1744
Step=  759, Dmax= 8.8e-03 nm, Epot= -5.36499e+05 Fmax= 7.85694e+03, atom= 1744
Step=  760, Dmax= 1.1e-02 nm, Epot= -5.36513e+05 Fmax= 8.40837e+03, atom= 1744
Step=  761, Dmax= 1.3e-02 nm, Epot= -5.36507e+05 Fmax= 1.11791e+04, atom= 1744
Step=  762, Dmax= 6.4e-03 nm, Epot= -5.36558e+05 Fmax= 1.38496e+03, atom= 1744
Step=  763, Dmax= 7.6e-03 nm, Epot= -5.36583e+05 Fmax= 1.02713e+04, atom= 1744
Step=  764, Dmax= 9.2e-03 nm, Epot= -5.36642e+05 Fmax= 3.84488e+03, atom= 1744
Step=  765, Dmax= 1.1e-02 nm, Epot= -5.36604e+05 Fmax= 1.29978e+04, atom= 1744
Step=  766, Dmax= 5.5e-03 nm, Epot= -5.36658e+05 Fmax= 4.58170e+03, atom= 1744
Step=  767, Dmax= 6.6e-03 nm, Epot= -5.36673e+05 Fmax= 5.58913e+03, atom= 1744
Step=  768, Dmax= 7.9e-03 nm, Epot= -5.36687e+05 Fmax= 6.55310e+03, atom= 1744
Step=  769, Dmax= 9.5e-03 nm, Epot= -5.36696e+05 Fmax= 8.07840e+03, atom= 1744
Step=  770, Dmax= 1.1e-02 nm, Epot= -5.36703e+05 Fmax= 9.40688e+03, atom= 1744
Step=  771, Dmax= 1.4e-02 nm, Epot= -5.36700e+05 Fmax= 1.16388e+04, atom= 1744
Step=  772, Dmax= 6.8e-03 nm, Epot= -5.36757e+05 Fmax= 1.11687e+03, atom= 1744
Step=  773, Dmax= 8.2e-03 nm, Epot= -5.36794e+05 Fmax= 1.14129e+04, atom= 1744
Step=  774, Dmax= 9.8e-03 nm, Epot= -5.36864e+05 Fmax= 3.76635e+03, atom= 1744
Step=  775, Dmax= 1.2e-02 nm, Epot= -5.36811e+05 Fmax= 1.43384e+04, atom= 1744
Step=  776, Dmax= 5.9e-03 nm, Epot= -5.36879e+05 Fmax= 5.29396e+03, atom= 1744
Step=  777, Dmax= 7.1e-03 nm, Epot= -5.36895e+05 Fmax= 5.63402e+03, atom= 1744
Step=  778, Dmax= 8.5e-03 nm, Epot= -5.36904e+05 Fmax= 7.42066e+03, atom= 1744
Step=  779, Dmax= 1.0e-02 nm, Epot= -5.36916e+05 Fmax= 8.30059e+03, atom= 1744
Step=  780, Dmax= 1.2e-02 nm, Epot= -5.36915e+05 Fmax= 1.04956e+04, atom= 1744
Step=  781, Dmax= 6.1e-03 nm, Epot= -5.36960e+05 Fmax= 1.10552e+03, atom= 1744
Step=  782, Dmax= 7.3e-03 nm, Epot= -5.36998e+05 Fmax= 1.02995e+04, atom= 1744
Step=  783, Dmax= 8.8e-03 nm, Epot= -5.37057e+05 Fmax= 3.25544e+03, atom= 1744
Step=  784, Dmax= 1.1e-02 nm, Epot= -5.37021e+05 Fmax= 1.30762e+04, atom= 1744
Step=  785, Dmax= 5.3e-03 nm, Epot= -5.37073e+05 Fmax= 4.91015e+03, atom= 1744
Step=  786, Dmax= 6.3e-03 nm, Epot= -5.37090e+05 Fmax= 4.83824e+03, atom= 1744
Step=  787, Dmax= 7.6e-03 nm, Epot= -5.37099e+05 Fmax= 6.90574e+03, atom= 1744
Step=  788, Dmax= 9.1e-03 nm, Epot= -5.37116e+05 Fmax= 7.13338e+03, atom= 1744
Step=  789, Dmax= 1.1e-02 nm, Epot= -5.37114e+05 Fmax= 9.76159e+03, atom= 1744
Step=  790, Dmax= 5.5e-03 nm, Epot= -5.37150e+05 Fmax= 1.31325e+03, atom= 1744
Step=  791, Dmax= 6.6e-03 nm, Epot= -5.37180e+05 Fmax= 8.76268e+03, atom= 1744
Step=  792, Dmax= 7.9e-03 nm, Epot= -5.37225e+05 Fmax= 3.40828e+03, atom= 1744
Step=  793, Dmax= 9.5e-03 nm, Epot= -5.37206e+05 Fmax= 1.11337e+04, atom= 1744
Step=  794, Dmax= 4.7e-03 nm, Epot= -5.37242e+05 Fmax= 3.86623e+03, atom= 1744
Step=  795, Dmax= 5.7e-03 nm, Epot= -5.37257e+05 Fmax= 4.90269e+03, atom= 1744
Step=  796, Dmax= 6.8e-03 nm, Epot= -5.37272e+05 Fmax= 5.57720e+03, atom= 1744
Step=  797, Dmax= 8.2e-03 nm, Epot= -5.37282e+05 Fmax= 7.04064e+03, atom= 1744
Step=  798, Dmax= 9.8e-03 nm, Epot= -5.37293e+05 Fmax= 8.05073e+03, atom= 1744
Step=  799, Dmax= 1.2e-02 nm, Epot= -5.37294e+05 Fmax= 1.01035e+04, atom= 1744
Step=  800, Dmax= 1.4e-02 nm, Epot= -5.37296e+05 Fmax= 1.16150e+04, atom= 1744
Step=  801, Dmax= 1.7e-02 nm, Epot= -5.37277e+05 Fmax= 1.44942e+04, atom= 1744
Step=  802, Dmax= 8.5e-03 nm, Epot= -5.37372e+05 Fmax= 1.44338e+03, atom= 1744
Step=  803, Dmax= 1.0e-02 nm, Epot= -5.37366e+05 Fmax= 1.41964e+04, atom= 1744
Step=  804, Dmax= 5.1e-03 nm, Epot= -5.37400e+05 Fmax= 6.36394e+03, atom= 1744
Step=  805, Dmax= 6.1e-03 nm, Epot= -5.37428e+05 Fmax= 3.05463e+03, atom= 1744
Step=  806, Dmax= 7.3e-03 nm, Epot= -5.37430e+05 Fmax= 8.20419e+03, atom= 1744
Step=  807, Dmax= 8.8e-03 nm, Epot= -5.37464e+05 Fmax= 5.35106e+03, atom= 1744
Step=  808, Dmax= 1.1e-02 nm, Epot= -5.37445e+05 Fmax= 1.08686e+04, atom= 1744
Step=  809, Dmax= 5.3e-03 nm, Epot= -5.37487e+05 Fmax= 2.76301e+03, atom= 1744
Step=  810, Dmax= 6.3e-03 nm, Epot= -5.37497e+05 Fmax= 7.00956e+03, atom= 1744
Step=  811, Dmax= 7.6e-03 nm, Epot= -5.37524e+05 Fmax= 4.67671e+03, atom= 1744
Step=  812, Dmax= 9.1e-03 nm, Epot= -5.37517e+05 Fmax= 9.38361e+03, atom= 1744
Step=  813, Dmax= 4.6e-03 nm, Epot= -5.37545e+05 Fmax= 2.35209e+03, atom= 1744
Step=  814, Dmax= 5.5e-03 nm, Epot= -5.37560e+05 Fmax= 6.05241e+03, atom= 1744
Step=  815, Dmax= 6.6e-03 nm, Epot= -5.37584e+05 Fmax= 4.06912e+03, atom= 1744
Step=  816, Dmax= 7.9e-03 nm, Epot= -5.37585e+05 Fmax= 8.04130e+03, atom= 1744
Step=  817, Dmax= 9.5e-03 nm, Epot= -5.37612e+05 Fmax= 6.52738e+03, atom= 1744
Step=  818, Dmax= 1.1e-02 nm, Epot= -5.37596e+05 Fmax= 1.09100e+04, atom= 1744
Step=  819, Dmax= 5.7e-03 nm, Epot= -5.37642e+05 Fmax= 2.19729e+03, atom= 1744
Step=  820, Dmax= 6.8e-03 nm, Epot= -5.37650e+05 Fmax= 8.30972e+03, atom= 1744
Step=  821, Dmax= 8.2e-03 nm, Epot= -5.37689e+05 Fmax= 4.25551e+03, atom= 1744
Step=  822, Dmax= 9.8e-03 nm, Epot= -5.37668e+05 Fmax= 1.08589e+04, atom= 1744
Step=  823, Dmax= 4.9e-03 nm, Epot= -5.37707e+05 Fmax= 3.29959e+03, atom= 1744
Step=  824, Dmax= 5.9e-03 nm, Epot= -5.37719e+05 Fmax= 5.74120e+03, atom= 1744
Step=  825, Dmax= 7.1e-03 nm, Epot= -5.37739e+05 Fmax= 5.13707e+03, atom= 1744
Step=  826, Dmax= 8.5e-03 nm, Epot= -5.37742e+05 Fmax= 7.88452e+03, atom= 1744
Step=  827, Dmax= 1.0e-02 nm, Epot= -5.37759e+05 Fmax= 7.77283e+03, atom= 1744
Step=  828, Dmax= 1.2e-02 nm, Epot= -5.37749e+05 Fmax= 1.09714e+04, atom= 1744
Step=  829, Dmax= 6.1e-03 nm, Epot= -5.37798e+05 Fmax= 1.60659e+03, atom= 1744
Step=  830, Dmax= 7.3e-03 nm, Epot= -5.37811e+05 Fmax= 9.69328e+03, atom= 1744
Step=  831, Dmax= 8.8e-03 nm, Epot= -5.37862e+05 Fmax= 3.81795e+03, atom= 1744
Step=  832, Dmax= 1.1e-02 nm, Epot= -5.37828e+05 Fmax= 1.24306e+04, atom= 1744
Step=  833, Dmax= 5.3e-03 nm, Epot= -5.37878e+05 Fmax= 4.30441e+03, atom= 1744
Step=  834, Dmax= 6.3e-03 nm, Epot= -5.37891e+05 Fmax= 5.41867e+03, atom= 1744
Step=  835, Dmax= 7.6e-03 nm, Epot= -5.37904e+05 Fmax= 6.27396e+03, atom= 1744
Step=  836, Dmax= 9.1e-03 nm, Epot= -5.37912e+05 Fmax= 7.72619e+03, atom= 1744
Step=  837, Dmax= 1.1e-02 nm, Epot= -5.37919e+05 Fmax= 9.10154e+03, atom= 1744
Step=  838, Dmax= 1.3e-02 nm, Epot= -5.37917e+05 Fmax= 1.10462e+04, atom= 1744
Step=  839, Dmax= 6.6e-03 nm, Epot= -5.37969e+05 Fmax= 9.82828e+02, atom= 1744

writing lowest energy coordinates.

Steepest Descents converged to Fmax < 1000 in 840 steps
Potential Energy  = -5.3796894e+05
Maximum force     =  9.8282751e+02 on atom 1744
Norm of force     =  1.8836370e+01

GROMACS reminds you: "You Will Be Surprised At What Resides In Your Inside" (Arrested Development)

