
--- stderr ---
                :-) GROMACS - gmx mdrun, 2024.5-conda_forge (-:

Executable:   /usr/local/Caskroom/miniforge/base/envs/gromacs_env/bin.AVX2_256/gmx
Data prefix:  /usr/local/Caskroom/miniforge/base/envs/gromacs_env
Working dir:  /Users/laetitiaguerin/Library/CloudStorage/OneDrive-Personal/Documents/BSc_Nanobiology/Year_5/BEP/Energy_minimization/tleap_runs/O52681_V128L
Command line:
  gmx mdrun -v -deffnm O52681_V128L_minim

The current CPU can measure timings more accurately than the code in
gmx mdrun was configured to use. This might affect your simulation
speed as accurate timings are needed for load-balancing.
Please consider rebuilding gmx mdrun with the GMX_USE_RDTSCP=ON CMake option.
Reading file O52681_V128L_minim.tpr, VERSION 2024.5-conda_forge (single precision)

Using 1 MPI thread
Using 8 OpenMP threads 


Steepest Descents:
   Tolerance (Fmax)   =  1.00000e+03
   Number of steps    =        50000
Step=    0, Dmax= 1.0e-02 nm, Epot= -4.31966e+05 Fmax= 5.57448e+05, atom= 1929
Step=    1, Dmax= 1.0e-02 nm, Epot= -4.36632e+05 Fmax= 1.18463e+05, atom= 1929
Step=    2, Dmax= 1.2e-02 nm, Epot= -4.38142e+05 Fmax= 2.37412e+04, atom= 1929
Step=    3, Dmax= 1.4e-02 nm, Epot= -4.40450e+05 Fmax= 7.87731e+03, atom= 1928
Step=    4, Dmax= 1.7e-02 nm, Epot= -4.46844e+05 Fmax= 5.57896e+03, atom= 1929
Step=    5, Dmax= 2.1e-02 nm, Epot= -4.54901e+05 Fmax= 1.10185e+04, atom= 2007
Step=    6, Dmax= 2.5e-02 nm, Epot= -4.58589e+05 Fmax= 1.06343e+04, atom= 2007
Step=    7, Dmax= 3.0e-02 nm, Epot= -4.61162e+05 Fmax= 1.49216e+04, atom= 2007
Step=    8, Dmax= 3.6e-02 nm, Epot= -4.58808e+05 Fmax= 2.05837e+04, atom= 1685
Step=    9, Dmax= 1.8e-02 nm, Epot= -4.64005e+05 Fmax= 5.62718e+03, atom= 1685
Step=   10, Dmax= 2.1e-02 nm, Epot= -4.60454e+05 Fmax= 2.28202e+04, atom= 1685
Step=   11, Dmax= 1.1e-02 nm, Epot= -4.65471e+05 Fmax= 8.73181e+03, atom= 1685
Step=   12, Dmax= 1.3e-02 nm, Epot= -4.66939e+05 Fmax= 1.03569e+04, atom= 1334
Step=   13, Dmax= 1.5e-02 nm, Epot= -4.68162e+05 Fmax= 1.31831e+04, atom= 1334
Step=   14, Dmax= 1.9e-02 nm, Epot= -4.69461e+05 Fmax= 1.53466e+04, atom= 1334
Step=   15, Dmax= 2.2e-02 nm, Epot= -4.70444e+05 Fmax= 1.85713e+04, atom= 1334
Step=   16, Dmax= 2.7e-02 nm, Epot= -4.71271e+05 Fmax= 2.23262e+04, atom= 1334
Step=   17, Dmax= 3.2e-02 nm, Epot= -4.71885e+05 Fmax= 2.63464e+04, atom= 1334
Step=   18, Dmax= 3.9e-02 nm, Epot= -4.72042e+05 Fmax= 3.21096e+04, atom= 1334
Step=   19, Dmax= 4.6e-02 nm, Epot= -4.71989e+05 Fmax= 3.73342e+04, atom= 1334
Step=   20, Dmax= 2.3e-02 nm, Epot= -4.75927e+05 Fmax= 2.98463e+03, atom= 1334
Step=   21, Dmax= 2.8e-02 nm, Epot= -4.77606e+05 Fmax= 3.97464e+04, atom= 1334
Step=   22, Dmax= 3.3e-02 nm, Epot= -4.81763e+05 Fmax= 1.17803e+04, atom= 1334
Step=   23, Dmax= 4.0e-02 nm, Epot= -4.77953e+05 Fmax= 4.87918e+04, atom= 1334
Step=   24, Dmax= 2.0e-02 nm, Epot= -4.82061e+05 Fmax= 1.88578e+04, atom= 1334
Step=   25, Dmax= 2.4e-02 nm, Epot= -4.82735e+05 Fmax= 1.77181e+04, atom= 1334
Step=   26, Dmax= 2.9e-02 nm, Epot= -4.82594e+05 Fmax= 2.61611e+04, atom= 1334
Step=   27, Dmax= 1.4e-02 nm, Epot= -4.83780e+05 Fmax= 4.27824e+03, atom= 1334
Step=   28, Dmax= 1.7e-02 nm, Epot= -4.84441e+05 Fmax= 2.19832e+04, atom= 1334
Step=   29, Dmax= 2.1e-02 nm, Epot= -4.85683e+05 Fmax= 9.70658e+03, atom= 1334
Step=   30, Dmax= 2.5e-02 nm, Epot= -4.85125e+05 Fmax= 2.80926e+04, atom= 1334
Step=   31, Dmax= 1.2e-02 nm, Epot= -4.86192e+05 Fmax= 9.20328e+03, atom= 1334
Step=   32, Dmax= 1.5e-02 nm, Epot= -4.86576e+05 Fmax= 1.36428e+04, atom= 1334
Step=   33, Dmax= 1.8e-02 nm, Epot= -4.87047e+05 Fmax= 1.36005e+04, atom= 1334
Step=   34, Dmax= 2.1e-02 nm, Epot= -4.87206e+05 Fmax= 1.92209e+04, atom= 1334
Step=   35, Dmax= 2.6e-02 nm, Epot= -4.87592e+05 Fmax= 1.99314e+04, atom= 1334
Step=   36, Dmax= 3.1e-02 nm, Epot= -4.87372e+05 Fmax= 2.71152e+04, atom= 1334
Step=   37, Dmax= 1.5e-02 nm, Epot= -4.88677e+05 Fmax= 3.66668e+03, atom= 1334
Step=   38, Dmax= 1.9e-02 nm, Epot= -4.89051e+05 Fmax= 2.44228e+04, atom= 1334
Step=   39, Dmax= 2.2e-02 nm, Epot= -4.90388e+05 Fmax= 9.67114e+03, atom= 1334
Step=   40, Dmax= 2.7e-02 nm, Epot= -4.89380e+05 Fmax= 3.09162e+04, atom= 1334
Step=   41, Dmax= 1.3e-02 nm, Epot= -4.90745e+05 Fmax= 1.06422e+04, atom= 1334
Step=   42, Dmax= 1.6e-02 nm, Epot= -4.91008e+05 Fmax= 1.39094e+04, atom= 1334
Step=   43, Dmax= 1.9e-02 nm, Epot= -4.91298e+05 Fmax= 1.53508e+04, atom= 1334
Step=   44, Dmax= 2.3e-02 nm, Epot= -4.91375e+05 Fmax= 1.99004e+04, atom= 1334
Step=   45, Dmax= 2.8e-02 nm, Epot= -4.91534e+05 Fmax= 2.21348e+04, atom= 1334
Step=   46, Dmax= 3.3e-02 nm, Epot= -4.91257e+05 Fmax= 2.83560e+04, atom= 1334
Step=   47, Dmax= 1.7e-02 nm, Epot= -4.92724e+05 Fmax= 3.21476e+03, atom= 1334
Step=   48, Dmax= 2.0e-02 nm, Epot= -4.92794e+05 Fmax= 2.69044e+04, atom= 1334
Step=   49, Dmax= 2.4e-02 nm, Epot= -4.94295e+05 Fmax= 9.78546e+03, atom= 1334
Step=   50, Dmax= 2.9e-02 nm, Epot= -4.92825e+05 Fmax= 3.38183e+04, atom= 1334
Step=   51, Dmax= 1.4e-02 nm, Epot= -4.94525e+05 Fmax= 1.20559e+04, atom= 1334
Step=   52, Dmax= 1.7e-02 nm, Epot= -4.94726e+05 Fmax= 1.43230e+04, atom= 1334
Step=   53, Dmax= 2.1e-02 nm, Epot= -4.94858e+05 Fmax= 1.71163e+04, atom= 1334
Step=   54, Dmax= 2.5e-02 nm, Epot= -4.94892e+05 Fmax= 2.07396e+04, atom= 1334
Step=   55, Dmax= 3.0e-02 nm, Epot= -4.94840e+05 Fmax= 2.43958e+04, atom= 1334
Step=   56, Dmax= 1.5e-02 nm, Epot= -4.95899e+05 Fmax= 1.91882e+03, atom= 1334
Step=   57, Dmax= 1.8e-02 nm, Epot= -4.96453e+05 Fmax= 2.58460e+04, atom= 1334
Step=   58, Dmax= 2.1e-02 nm, Epot= -4.97831e+05 Fmax= 7.06404e+03, atom= 1334
Step=   59, Dmax= 2.6e-02 nm, Epot= -4.96577e+05 Fmax= 3.22589e+04, atom= 1334
Step=   60, Dmax= 1.3e-02 nm, Epot= -4.97950e+05 Fmax= 1.26831e+04, atom= 1334
Step=   61, Dmax= 1.5e-02 nm, Epot= -4.98245e+05 Fmax= 1.08505e+04, atom= 1334
Step=   62, Dmax= 1.9e-02 nm, Epot= -4.98187e+05 Fmax= 1.74958e+04, atom= 1334
Step=   63, Dmax= 9.3e-03 nm, Epot= -4.98598e+05 Fmax= 3.33573e+03, atom= 1334
Step=   64, Dmax= 1.1e-02 nm, Epot= -4.98844e+05 Fmax= 1.35101e+04, atom= 1334
Step=   65, Dmax= 1.3e-02 nm, Epot= -4.99263e+05 Fmax= 6.91187e+03, atom= 1334
Step=   66, Dmax= 1.6e-02 nm, Epot= -4.99162e+05 Fmax= 1.74233e+04, atom= 1334
Step=   67, Dmax= 8.0e-03 nm, Epot= -4.99490e+05 Fmax= 5.25931e+03, atom= 1334
Step=   68, Dmax= 9.6e-03 nm, Epot= -4.99670e+05 Fmax= 9.49437e+03, atom= 1334
Step=   69, Dmax= 1.2e-02 nm, Epot= -4.99908e+05 Fmax= 8.05100e+03, atom= 1334
Step=   70, Dmax= 1.4e-02 nm, Epot= -4.99979e+05 Fmax= 1.31442e+04, atom= 1334
Step=   71, Dmax= 1.7e-02 nm, Epot= -5.00218e+05 Fmax= 1.21159e+04, atom= 1334
Step=   72, Dmax= 2.0e-02 nm, Epot= -5.00120e+05 Fmax= 1.83207e+04, atom= 1334
Step=   73, Dmax= 1.0e-02 nm, Epot= -5.00598e+05 Fmax= 3.11887e+03, atom= 1334
Step=   74, Dmax= 1.2e-02 nm, Epot= -5.00775e+05 Fmax= 1.49549e+04, atom= 1334
Step=   75, Dmax= 1.4e-02 nm, Epot= -5.01237e+05 Fmax= 6.99309e+03, atom= 1334
Step=   76, Dmax= 1.7e-02 nm, Epot= -5.01003e+05 Fmax= 1.91526e+04, atom= 1334
Step=   77, Dmax= 8.6e-03 nm, Epot= -5.01434e+05 Fmax= 6.08386e+03, atom= 1334
Step=   78, Dmax= 1.0e-02 nm, Epot= -5.01569e+05 Fmax= 9.76294e+03, atom= 1334
Step=   79, Dmax= 1.2e-02 nm, Epot= -5.01766e+05 Fmax= 9.09004e+03, atom= 1334
Step=   80, Dmax= 1.5e-02 nm, Epot= -5.01803e+05 Fmax= 1.36770e+04, atom= 1334
Step=   81, Dmax= 1.8e-02 nm, Epot= -5.01986e+05 Fmax= 1.34630e+04, atom= 1334
Step=   82, Dmax= 2.1e-02 nm, Epot= -5.01854e+05 Fmax= 1.92257e+04, atom= 1334
Step=   83, Dmax= 1.1e-02 nm, Epot= -5.02411e+05 Fmax= 2.90320e+03, atom= 1334
Step=   84, Dmax= 1.3e-02 nm, Epot= -5.02508e+05 Fmax= 1.65063e+04, atom= 1334
Step=   85, Dmax= 1.5e-02 nm, Epot= -5.03036e+05 Fmax= 7.08308e+03, atom= 1334
Step=   86, Dmax= 1.8e-02 nm, Epot= -5.02644e+05 Fmax= 2.10164e+04, atom= 1334
Step=   87, Dmax= 9.2e-03 nm, Epot= -5.03202e+05 Fmax= 6.97198e+03, atom= 1334
Step=   88, Dmax= 1.1e-02 nm, Epot= -5.03307e+05 Fmax= 1.00475e+04, atom= 1334
Step=   89, Dmax= 1.3e-02 nm, Epot= -5.03461e+05 Fmax= 1.02138e+04, atom= 1334
Step=   90, Dmax= 1.6e-02 nm, Epot= -5.03473e+05 Fmax= 1.42398e+04, atom= 1334
Step=   91, Dmax= 1.9e-02 nm, Epot= -5.03592e+05 Fmax= 1.49207e+04, atom= 1334
Step=   92, Dmax= 2.3e-02 nm, Epot= -5.03434e+05 Fmax= 2.01833e+04, atom= 1334
Step=   93, Dmax= 1.1e-02 nm, Epot= -5.04084e+05 Fmax= 2.66127e+03, atom= 1334
Step=   94, Dmax= 1.4e-02 nm, Epot= -5.04088e+05 Fmax= 1.81831e+04, atom= 1334
Step=   95, Dmax= 1.7e-02 nm, Epot= -5.04711e+05 Fmax= 7.17537e+03, atom= 1334
Step=   96, Dmax= 2.0e-02 nm, Epot= -5.04125e+05 Fmax= 2.30257e+04, atom= 1334
Step=   97, Dmax= 9.9e-03 nm, Epot= -5.04843e+05 Fmax= 7.93378e+03, atom= 1334
Step=   98, Dmax= 1.2e-02 nm, Epot= -5.04929e+05 Fmax= 1.03472e+04, atom= 1334
Step=   99, Dmax= 1.4e-02 nm, Epot= -5.05034e+05 Fmax= 1.14283e+04, atom= 1334
Step=  100, Dmax= 1.7e-02 nm, Epot= -5.05030e+05 Fmax= 1.48373e+04, atom= 1334
Step=  101, Dmax= 8.6e-03 nm, Epot= -5.05355e+05 Fmax= 1.71898e+03, atom= 1334
Step=  102, Dmax= 1.0e-02 nm, Epot= -5.05644e+05 Fmax= 1.37422e+04, atom= 1334
Step=  103, Dmax= 1.2e-02 nm, Epot= -5.06043e+05 Fmax= 5.20462e+03, atom= 1334
Step=  104, Dmax= 1.5e-02 nm, Epot= -5.05816e+05 Fmax= 1.73267e+04, atom= 1334
Step=  105, Dmax= 7.4e-03 nm, Epot= -5.06170e+05 Fmax= 6.06616e+03, atom= 1334
Step=  106, Dmax= 8.9e-03 nm, Epot= -5.06279e+05 Fmax= 7.60387e+03, atom= 1334
Step=  107, Dmax= 1.1e-02 nm, Epot= -5.06385e+05 Fmax= 8.64928e+03, atom= 1334
Step=  108, Dmax= 1.3e-02 nm, Epot= -5.06447e+05 Fmax= 1.09943e+04, atom= 1334
Step=  109, Dmax= 1.5e-02 nm, Epot= -5.06517e+05 Fmax= 1.24149e+04, atom= 1334
Step=  110, Dmax= 1.8e-02 nm, Epot= -5.06479e+05 Fmax= 1.58017e+04, atom= 1334
Step=  111, Dmax= 9.2e-03 nm, Epot= -5.06879e+05 Fmax= 1.71048e+03, atom= 1334
Step=  112, Dmax= 1.1e-02 nm, Epot= -5.07072e+05 Fmax= 1.49187e+04, atom= 1334
Step=  113, Dmax= 1.3e-02 nm, Epot= -5.07529e+05 Fmax= 5.44554e+03, atom= 1334
Step=  114, Dmax= 1.6e-02 nm, Epot= -5.07164e+05 Fmax= 1.87765e+04, atom= 1334
Step=  115, Dmax= 8.0e-03 nm, Epot= -5.07633e+05 Fmax= 6.67268e+03, atom= 1334
Step=  116, Dmax= 9.6e-03 nm, Epot= -5.07726e+05 Fmax= 8.01170e+03, atom= 1334
Step=  117, Dmax= 1.1e-02 nm, Epot= -5.07802e+05 Fmax= 9.45954e+03, atom= 1334
Step=  118, Dmax= 1.4e-02 nm, Epot= -5.07843e+05 Fmax= 1.16422e+04, atom= 1334
Step=  119, Dmax= 1.7e-02 nm, Epot= -5.07870e+05 Fmax= 1.35157e+04, atom= 1334
Step=  120, Dmax= 2.0e-02 nm, Epot= -5.07800e+05 Fmax= 1.67920e+04, atom= 1334
Step=  121, Dmax= 9.9e-03 nm, Epot= -5.08293e+05 Fmax= 1.66061e+03, atom= 1334
Step=  122, Dmax= 1.2e-02 nm, Epot= -5.08381e+05 Fmax= 1.64916e+04, atom= 1744
Step=  123, Dmax= 1.4e-02 nm, Epot= -5.08932e+05 Fmax= 5.51273e+03, atom= 1744
Step=  124, Dmax= 1.7e-02 nm, Epot= -5.08436e+05 Fmax= 2.07469e+04, atom= 1744
Step=  125, Dmax= 8.6e-03 nm, Epot= -5.09010e+05 Fmax= 7.63559e+03, atom= 1744
Step=  126, Dmax= 1.0e-02 nm, Epot= -5.09107e+05 Fmax= 8.17789e+03, atom= 1744
Step=  127, Dmax= 1.2e-02 nm, Epot= -5.09142e+05 Fmax= 1.07478e+04, atom= 1744
Step=  128, Dmax= 1.5e-02 nm, Epot= -5.09205e+05 Fmax= 1.20062e+04, atom= 1744
Step=  129, Dmax= 1.8e-02 nm, Epot= -5.09170e+05 Fmax= 1.52119e+04, atom= 1744
Step=  130, Dmax= 8.9e-03 nm, Epot= -5.09518e+05 Fmax= 1.62315e+03, atom= 1744
Step=  131, Dmax= 1.1e-02 nm, Epot= -5.09676e+05 Fmax= 1.48009e+04, atom= 1744
Step=  132, Dmax= 1.3e-02 nm, Epot= -5.10071e+05 Fmax= 4.84689e+03, atom= 1744
Step=  133, Dmax= 1.5e-02 nm, Epot= -5.09780e+05 Fmax= 1.87932e+04, atom= 1744
Step=  134, Dmax= 7.7e-03 nm, Epot= -5.10151e+05 Fmax= 6.97415e+03, atom= 1744
Step=  135, Dmax= 9.2e-03 nm, Epot= -5.10248e+05 Fmax= 7.16120e+03, atom= 1744
Step=  136, Dmax= 1.1e-02 nm, Epot= -5.10294e+05 Fmax= 9.84673e+03, atom= 1744
Step=  137, Dmax= 1.3e-02 nm, Epot= -5.10376e+05 Fmax= 1.04962e+04, atom= 1744
Step=  138, Dmax= 1.6e-02 nm, Epot= -5.10361e+05 Fmax= 1.39696e+04, atom= 1744
Step=  139, Dmax= 8.0e-03 nm, Epot= -5.10598e+05 Fmax= 1.73804e+03, atom= 1744
Step=  140, Dmax= 9.6e-03 nm, Epot= -5.10764e+05 Fmax= 1.29217e+04, atom= 1744
Step=  141, Dmax= 1.1e-02 nm, Epot= -5.11038e+05 Fmax= 4.73388e+03, atom= 1744
Step=  142, Dmax= 1.4e-02 nm, Epot= -5.10905e+05 Fmax= 1.63450e+04, atom= 1744
Step=  143, Dmax= 6.9e-03 nm, Epot= -5.11126e+05 Fmax= 5.81418e+03, atom= 1744
Step=  144, Dmax= 8.3e-03 nm, Epot= -5.11208e+05 Fmax= 6.89299e+03, atom= 1744
Step=  145, Dmax= 9.9e-03 nm, Epot= -5.11281e+05 Fmax= 8.29637e+03, atom= 1744
Step=  146, Dmax= 1.2e-02 nm, Epot= -5.11342e+05 Fmax= 9.99062e+03, atom= 1744
Step=  147, Dmax= 1.4e-02 nm, Epot= -5.11387e+05 Fmax= 1.18697e+04, atom= 1744
Step=  148, Dmax= 1.7e-02 nm, Epot= -5.11401e+05 Fmax= 1.44327e+04, atom= 1744
Step=  149, Dmax= 2.1e-02 nm, Epot= -5.11395e+05 Fmax= 1.69938e+04, atom= 1744
Step=  150, Dmax= 1.0e-02 nm, Epot= -5.11718e+05 Fmax= 1.31614e+03, atom= 1744
Step=  151, Dmax= 1.2e-02 nm, Epot= -5.11975e+05 Fmax= 1.77152e+04, atom= 1744
Step=  152, Dmax= 1.5e-02 nm, Epot= -5.12376e+05 Fmax= 5.02004e+03, atom= 1744
Step=  153, Dmax= 1.8e-02 nm, Epot= -5.12055e+05 Fmax= 2.23356e+04, atom= 1744
Step=  154, Dmax= 8.9e-03 nm, Epot= -5.12433e+05 Fmax= 8.67521e+03, atom= 1744
Step=  155, Dmax= 1.1e-02 nm, Epot= -5.12531e+05 Fmax= 7.65989e+03, atom= 1744
Step=  156, Dmax= 1.3e-02 nm, Epot= -5.12542e+05 Fmax= 1.20135e+04, atom= 1744
Step=  157, Dmax= 1.5e-02 nm, Epot= -5.12638e+05 Fmax= 1.14861e+04, atom= 1744
Step=  158, Dmax= 1.8e-02 nm, Epot= -5.12574e+05 Fmax= 1.67930e+04, atom= 1744
Step=  159, Dmax= 9.2e-03 nm, Epot= -5.12829e+05 Fmax= 2.65590e+03, atom= 1744
Step=  160, Dmax= 1.1e-02 nm, Epot= -5.12878e+05 Fmax= 1.42679e+04, atom= 1744
Step=  161, Dmax= 1.3e-02 nm, Epot= -5.13115e+05 Fmax= 6.13119e+03, atom= 1744
Step=  162, Dmax= 1.6e-02 nm, Epot= -5.12966e+05 Fmax= 1.82201e+04, atom= 1744
Step=  163, Dmax= 7.9e-03 nm, Epot= -5.13195e+05 Fmax= 6.05450e+03, atom= 1744
Step=  164, Dmax= 9.5e-03 nm, Epot= -5.13254e+05 Fmax= 8.63408e+03, atom= 1744
Step=  165, Dmax= 1.1e-02 nm, Epot= -5.13329e+05 Fmax= 8.91245e+03, atom= 1744
Step=  166, Dmax= 1.4e-02 nm, Epot= -5.13353e+05 Fmax= 1.22222e+04, atom= 1744
Step=  167, Dmax= 1.6e-02 nm, Epot= -5.13414e+05 Fmax= 1.30236e+04, atom= 1744
Step=  168, Dmax= 2.0e-02 nm, Epot= -5.13376e+05 Fmax= 1.73617e+04, atom= 1744
Step=  169, Dmax= 9.9e-03 nm, Epot= -5.13624e+05 Fmax= 2.17547e+03, atom= 1744
Step=  170, Dmax= 1.2e-02 nm, Epot= -5.13707e+05 Fmax= 1.60104e+04, atom= 1744
Step=  171, Dmax= 1.4e-02 nm, Epot= -5.13971e+05 Fmax= 5.93942e+03, atom= 1744
Step=  172, Dmax= 1.7e-02 nm, Epot= -5.13790e+05 Fmax= 2.02200e+04, atom= 1744
Step=  173, Dmax= 8.5e-03 nm, Epot= -5.14039e+05 Fmax= 7.15513e+03, atom= 1744
Step=  174, Dmax= 1.0e-02 nm, Epot= -5.14101e+05 Fmax= 8.63795e+03, atom= 1744
Step=  175, Dmax= 1.2e-02 nm, Epot= -5.14155e+05 Fmax= 1.02185e+04, atom= 1744
Step=  176, Dmax= 1.5e-02 nm, Epot= -5.14193e+05 Fmax= 1.24993e+04, atom= 1744
Step=  177, Dmax= 1.8e-02 nm, Epot= -5.14221e+05 Fmax= 1.46288e+04, atom= 1744
Step=  178, Dmax= 2.1e-02 nm, Epot= -5.14206e+05 Fmax= 1.80237e+04, atom= 1744
Step=  179, Dmax= 1.1e-02 nm, Epot= -5.14451e+05 Fmax= 1.71016e+03, atom= 1744
Step=  180, Dmax= 1.3e-02 nm, Epot= -5.14600e+05 Fmax= 1.78294e+04, atom= 1744
Step=  181, Dmax= 1.5e-02 nm, Epot= -5.14889e+05 Fmax= 5.80445e+03, atom= 1744
Step=  182, Dmax= 1.8e-02 nm, Epot= -5.14679e+05 Fmax= 2.22840e+04, atom= 1744
Step=  183, Dmax= 9.2e-03 nm, Epot= -5.14946e+05 Fmax= 8.26541e+03, atom= 1744
Step=  184, Dmax= 1.1e-02 nm, Epot= -5.15013e+05 Fmax= 8.71873e+03, atom= 1744
Step=  185, Dmax= 1.3e-02 nm, Epot= -5.15048e+05 Fmax= 1.15465e+04, atom= 1744
Step=  186, Dmax= 1.6e-02 nm, Epot= -5.15097e+05 Fmax= 1.28746e+04, atom= 1744
Step=  187, Dmax= 1.9e-02 nm, Epot= -5.15096e+05 Fmax= 1.62757e+04, atom= 1744
Step=  188, Dmax= 9.5e-03 nm, Epot= -5.15266e+05 Fmax= 1.72555e+03, atom= 1744
Step=  189, Dmax= 1.1e-02 nm, Epot= -5.15422e+05 Fmax= 1.59917e+04, atom= 1744
Step=  190, Dmax= 1.4e-02 nm, Epot= -5.15643e+05 Fmax= 5.06128e+03, atom= 1744
Step=  191, Dmax= 1.6e-02 nm, Epot= -5.15517e+05 Fmax= 2.03304e+04, atom= 1744
Step=  192, Dmax= 8.2e-03 nm, Epot= -5.15702e+05 Fmax= 7.63704e+03, atom= 1744
Step=  193, Dmax= 9.9e-03 nm, Epot= -5.15770e+05 Fmax= 7.49765e+03, atom= 1744
Step=  194, Dmax= 1.2e-02 nm, Epot= -5.15807e+05 Fmax= 1.07580e+04, atom= 1744
Step=  195, Dmax= 1.4e-02 nm, Epot= -5.15870e+05 Fmax= 1.10280e+04, atom= 1744
Step=  196, Dmax= 1.7e-02 nm, Epot= -5.15868e+05 Fmax= 1.52168e+04, atom= 1744
Step=  197, Dmax= 8.5e-03 nm, Epot= -5.15997e+05 Fmax= 2.09604e+03, atom= 1744
Step=  198, Dmax= 1.0e-02 nm, Epot= -5.16112e+05 Fmax= 1.35542e+04, atom= 1744
Step=  199, Dmax= 1.2e-02 nm, Epot= -5.16270e+05 Fmax= 5.37935e+03, atom= 1744
Step=  200, Dmax= 1.5e-02 nm, Epot= -5.16215e+05 Fmax= 1.71825e+04, atom= 1744
Step=  201, Dmax= 7.4e-03 nm, Epot= -5.16333e+05 Fmax= 5.91059e+03, atom= 1744
Step=  202, Dmax= 8.8e-03 nm, Epot= -5.16390e+05 Fmax= 7.72738e+03, atom= 1744
Step=  203, Dmax= 1.1e-02 nm, Epot= -5.16448e+05 Fmax= 8.53658e+03, atom= 1744
Step=  204, Dmax= 1.3e-02 nm, Epot= -5.16486e+05 Fmax= 1.10796e+04, atom= 1744
Step=  205, Dmax= 1.5e-02 nm, Epot= -5.16533e+05 Fmax= 1.23306e+04, atom= 1744
Step=  206, Dmax= 1.8e-02 nm, Epot= -5.16537e+05 Fmax= 1.58705e+04, atom= 1744
Step=  207, Dmax= 2.2e-02 nm, Epot= -5.16558e+05 Fmax= 1.77814e+04, atom= 1744
Step=  208, Dmax= 2.6e-02 nm, Epot= -5.16492e+05 Fmax= 2.27122e+04, atom= 1744
Step=  209, Dmax= 1.3e-02 nm, Epot= -5.16809e+05 Fmax= 2.49168e+03, atom= 1744
Step=  210, Dmax= 1.6e-02 nm, Epot= -5.16795e+05 Fmax= 2.18116e+04, atom= 1744
Step=  211, Dmax= 7.9e-03 nm, Epot= -5.16903e+05 Fmax= 9.61974e+03, atom= 1744
Step=  212, Dmax= 9.5e-03 nm, Epot= -5.16995e+05 Fmax= 5.02726e+03, atom= 1744
Step=  213, Dmax= 1.1e-02 nm, Epot= -5.17016e+05 Fmax= 1.24374e+04, atom= 1744
Step=  214, Dmax= 1.4e-02 nm, Epot= -5.17121e+05 Fmax= 8.63474e+03, atom= 1744
Step=  215, Dmax= 1.6e-02 nm, Epot= -5.17079e+05 Fmax= 1.65187e+04, atom= 1744
Step=  216, Dmax= 8.2e-03 nm, Epot= -5.17205e+05 Fmax= 3.95350e+03, atom= 1744
Step=  217, Dmax= 9.9e-03 nm, Epot= -5.17249e+05 Fmax= 1.12566e+04, atom= 1744
Step=  218, Dmax= 1.2e-02 nm, Epot= -5.17349e+05 Fmax= 6.87518e+03, atom= 1744
Step=  219, Dmax= 1.4e-02 nm, Epot= -5.17330e+05 Fmax= 1.49921e+04, atom= 1744
Step=  220, Dmax= 7.1e-03 nm, Epot= -5.17417e+05 Fmax= 4.05625e+03, atom= 1744
Step=  221, Dmax= 8.5e-03 nm, Epot= -5.17472e+05 Fmax= 8.97697e+03, atom= 1744
Step=  222, Dmax= 1.0e-02 nm, Epot= -5.17547e+05 Fmax= 6.76687e+03, atom= 1744
Step=  223, Dmax= 1.2e-02 nm, Epot= -5.17566e+05 Fmax= 1.20164e+04, atom= 1744
Step=  224, Dmax= 1.5e-02 nm, Epot= -5.17642e+05 Fmax= 1.06330e+04, atom= 1744
Step=  225, Dmax= 1.8e-02 nm, Epot= -5.17617e+05 Fmax= 1.64007e+04, atom= 1744
Step=  226, Dmax= 8.8e-03 nm, Epot= -5.17746e+05 Fmax= 2.90120e+03, atom= 1744
Step=  227, Dmax= 1.1e-02 nm, Epot= -5.17802e+05 Fmax= 1.34754e+04, atom= 1744
Step=  228, Dmax= 1.3e-02 nm, Epot= -5.17935e+05 Fmax= 6.02208e+03, atom= 1744
Step=  229, Dmax= 1.5e-02 nm, Epot= -5.17880e+05 Fmax= 1.75010e+04, atom= 1744
Step=  230, Dmax= 7.6e-03 nm, Epot= -5.17994e+05 Fmax= 5.73618e+03, atom= 1744
Step=  231, Dmax= 9.2e-03 nm, Epot= -5.18042e+05 Fmax= 8.28420e+03, atom= 1744
Step=  232, Dmax= 1.1e-02 nm, Epot= -5.18098e+05 Fmax= 8.64067e+03, atom= 1744
Step=  233, Dmax= 1.3e-02 nm, Epot= -5.18128e+05 Fmax= 1.15536e+04, atom= 1744
Step=  234, Dmax= 1.6e-02 nm, Epot= -5.18170e+05 Fmax= 1.27882e+04, atom= 1744
Step=  235, Dmax= 1.9e-02 nm, Epot= -5.18172e+05 Fmax= 1.62631e+04, atom= 1744
Step=  236, Dmax= 2.3e-02 nm, Epot= -5.18181e+05 Fmax= 1.87131e+04, atom= 1744
Step=  237, Dmax= 2.7e-02 nm, Epot= -5.18131e+05 Fmax= 2.29972e+04, atom= 1744
Step=  238, Dmax= 1.4e-02 nm, Epot= -5.18425e+05 Fmax= 2.21724e+03, atom= 1744
Step=  239, Dmax= 1.6e-02 nm, Epot= -5.18426e+05 Fmax= 2.31103e+04, atom= 1744
Step=  240, Dmax= 2.0e-02 nm, Epot= -5.18752e+05 Fmax= 7.13789e+03, atom= 1744
Step=  241, Dmax= 2.4e-02 nm, Epot= -5.18408e+05 Fmax= 2.92473e+04, atom= 1744
Step=  242, Dmax= 1.2e-02 nm, Epot= -5.18780e+05 Fmax= 1.10782e+04, atom= 1744
Step=  243, Dmax= 1.4e-02 nm, Epot= -5.18838e+05 Fmax= 1.06410e+04, atom= 1744
Step=  244, Dmax= 1.7e-02 nm, Epot= -5.18830e+05 Fmax= 1.55238e+04, atom= 1744
Step=  245, Dmax= 8.5e-03 nm, Epot= -5.18936e+05 Fmax= 2.44118e+03, atom= 1744
Step=  246, Dmax= 1.0e-02 nm, Epot= -5.19011e+05 Fmax= 1.31653e+04, atom= 1744
Step=  247, Dmax= 1.2e-02 nm, Epot= -5.19134e+05 Fmax= 5.69718e+03, atom= 1744
Step=  248, Dmax= 1.5e-02 nm, Epot= -5.19093e+05 Fmax= 1.67936e+04, atom= 1744
Step=  249, Dmax= 7.3e-03 nm, Epot= -5.19188e+05 Fmax= 5.55643e+03, atom= 1744
Step=  250, Dmax= 8.8e-03 nm, Epot= -5.19234e+05 Fmax= 8.03669e+03, atom= 1744
Step=  251, Dmax= 1.1e-02 nm, Epot= -5.19287e+05 Fmax= 8.17287e+03, atom= 1744
Step=  252, Dmax= 1.3e-02 nm, Epot= -5.19314e+05 Fmax= 1.13802e+04, atom= 1744
Step=  253, Dmax= 1.5e-02 nm, Epot= -5.19360e+05 Fmax= 1.19514e+04, atom= 1744
Step=  254, Dmax= 1.8e-02 nm, Epot= -5.19355e+05 Fmax= 1.61586e+04, atom= 1744
Step=  255, Dmax= 9.1e-03 nm, Epot= -5.19473e+05 Fmax= 2.10776e+03, atom= 1744
Step=  256, Dmax= 1.1e-02 nm, Epot= -5.19562e+05 Fmax= 1.46480e+04, atom= 1744
Step=  257, Dmax= 1.3e-02 nm, Epot= -5.19704e+05 Fmax= 5.64234e+03, atom= 1744
Step=  258, Dmax= 1.6e-02 nm, Epot= -5.19637e+05 Fmax= 1.85188e+04, atom= 1744
Step=  259, Dmax= 7.9e-03 nm, Epot= -5.19754e+05 Fmax= 6.44956e+03, atom= 1744
Step=  260, Dmax= 9.5e-03 nm, Epot= -5.19799e+05 Fmax= 8.16327e+03, atom= 1744
Step=  261, Dmax= 1.1e-02 nm, Epot= -5.19843e+05 Fmax= 9.25672e+03, atom= 1744
Step=  262, Dmax= 1.4e-02 nm, Epot= -5.19872e+05 Fmax= 1.17587e+04, atom= 1744
Step=  263, Dmax= 1.6e-02 nm, Epot= -5.19904e+05 Fmax= 1.33136e+04, atom= 1744
Step=  264, Dmax= 2.0e-02 nm, Epot= -5.19902e+05 Fmax= 1.68923e+04, atom= 1744
Step=  265, Dmax= 9.8e-03 nm, Epot= -5.20032e+05 Fmax= 1.79717e+03, atom= 1744
Step=  266, Dmax= 1.2e-02 nm, Epot= -5.20143e+05 Fmax= 1.61998e+04, atom= 1744
Step=  267, Dmax= 1.4e-02 nm, Epot= -5.20307e+05 Fmax= 5.63036e+03, atom= 1744
Step=  268, Dmax= 1.7e-02 nm, Epot= -5.20210e+05 Fmax= 2.03253e+04, atom= 1744
Step=  269, Dmax= 8.5e-03 nm, Epot= -5.20352e+05 Fmax= 7.36459e+03, atom= 1744
Step=  270, Dmax= 1.0e-02 nm, Epot= -5.20398e+05 Fmax= 8.34295e+03, atom= 1744
Step=  271, Dmax= 1.2e-02 nm, Epot= -5.20432e+05 Fmax= 1.03799e+04, atom= 1744
Step=  272, Dmax= 1.5e-02 nm, Epot= -5.20464e+05 Fmax= 1.22060e+04, atom= 1744
Step=  273, Dmax= 1.8e-02 nm, Epot= -5.20480e+05 Fmax= 1.47370e+04, atom= 1744
Step=  274, Dmax= 2.1e-02 nm, Epot= -5.20482e+05 Fmax= 1.77181e+04, atom= 1744
Step=  275, Dmax= 2.5e-02 nm, Epot= -5.20464e+05 Fmax= 2.09869e+04, atom= 1744
Step=  276, Dmax= 1.3e-02 nm, Epot= -5.20682e+05 Fmax= 1.69940e+03, atom= 1744
Step=  277, Dmax= 1.5e-02 nm, Epot= -5.20761e+05 Fmax= 2.18545e+04, atom= 1744
Step=  278, Dmax= 1.8e-02 nm, Epot= -5.21029e+05 Fmax= 6.21843e+03, atom= 1744
Step=  279, Dmax= 2.2e-02 nm, Epot= -5.20766e+05 Fmax= 2.75477e+04, atom= 1744
Step=  280, Dmax= 1.1e-02 nm, Epot= -5.21054e+05 Fmax= 1.06985e+04, atom= 1744
Step=  281, Dmax= 1.3e-02 nm, Epot= -5.21112e+05 Fmax= 9.44642e+03, atom= 1744
Step=  282, Dmax= 1.6e-02 nm, Epot= -5.21103e+05 Fmax= 1.48356e+04, atom= 1744
Step=  283, Dmax= 7.9e-03 nm, Epot= -5.21188e+05 Fmax= 2.69456e+03, atom= 1744
Step=  284, Dmax= 9.5e-03 nm, Epot= -5.21246e+05 Fmax= 1.17630e+04, atom= 1744
Step=  285, Dmax= 1.1e-02 nm, Epot= -5.21338e+05 Fmax= 5.72748e+03, atom= 1744
Step=  286, Dmax= 1.4e-02 nm, Epot= -5.21318e+05 Fmax= 1.51253e+04, atom= 1744
Step=  287, Dmax= 6.8e-03 nm, Epot= -5.21387e+05 Fmax= 4.70548e+03, atom= 1744
Step=  288, Dmax= 8.2e-03 nm, Epot= -5.21428e+05 Fmax= 7.90983e+03, atom= 1744
Step=  289, Dmax= 9.8e-03 nm, Epot= -5.21480e+05 Fmax= 7.11950e+03, atom= 1744
Step=  290, Dmax= 1.2e-02 nm, Epot= -5.21501e+05 Fmax= 1.10230e+04, atom= 1744
Step=  291, Dmax= 1.4e-02 nm, Epot= -5.21552e+05 Fmax= 1.06137e+04, atom= 1744
Step=  292, Dmax= 1.7e-02 nm, Epot= -5.21542e+05 Fmax= 1.54676e+04, atom= 1744
Step=  293, Dmax= 8.5e-03 nm, Epot= -5.21638e+05 Fmax= 2.42823e+03, atom= 1744
Step=  294, Dmax= 1.0e-02 nm, Epot= -5.21699e+05 Fmax= 1.31002e+04, atom= 1744
Step=  295, Dmax= 1.2e-02 nm, Epot= -5.21807e+05 Fmax= 5.70690e+03, atom= 1744
Step=  296, Dmax= 1.5e-02 nm, Epot= -5.21766e+05 Fmax= 1.66978e+04, atom= 1744
Step=  297, Dmax= 7.3e-03 nm, Epot= -5.21853e+05 Fmax= 5.50374e+03, atom= 1744
Step=  298, Dmax= 8.8e-03 nm, Epot= -5.21892e+05 Fmax= 8.05368e+03, atom= 1744
Step=  299, Dmax= 1.1e-02 nm, Epot= -5.21937e+05 Fmax= 8.09808e+03, atom= 1744
Step=  300, Dmax= 1.3e-02 nm, Epot= -5.21958e+05 Fmax= 1.13987e+04, atom= 1744
Step=  301, Dmax= 1.5e-02 nm, Epot= -5.21998e+05 Fmax= 1.18529e+04, atom= 1744
Step=  302, Dmax= 1.8e-02 nm, Epot= -5.21988e+05 Fmax= 1.61717e+04, atom= 1744
Step=  303, Dmax= 9.1e-03 nm, Epot= -5.22098e+05 Fmax= 2.16346e+03, atom= 1744
Step=  304, Dmax= 1.1e-02 nm, Epot= -5.22164e+05 Fmax= 1.45199e+04, atom= 1744
Step=  305, Dmax= 1.3e-02 nm, Epot= -5.22290e+05 Fmax= 5.70443e+03, atom= 1744
Step=  306, Dmax= 1.6e-02 nm, Epot= -5.22223e+05 Fmax= 1.83712e+04, atom= 1744
Step=  307, Dmax= 7.9e-03 nm, Epot= -5.22334e+05 Fmax= 6.34452e+03, atom= 1744
Step=  308, Dmax= 9.4e-03 nm, Epot= -5.22370e+05 Fmax= 8.22482e+03, atom= 1744
Step=  309, Dmax= 1.1e-02 nm, Epot= -5.22409e+05 Fmax= 9.13505e+03, atom= 1744
Step=  310, Dmax= 1.4e-02 nm, Epot= -5.22430e+05 Fmax= 1.18156e+04, atom= 1744
Step=  311, Dmax= 1.6e-02 nm, Epot= -5.22459e+05 Fmax= 1.31720e+04, atom= 1744
Step=  312, Dmax= 2.0e-02 nm, Epot= -5.22450e+05 Fmax= 1.69389e+04, atom= 1744
Step=  313, Dmax= 9.8e-03 nm, Epot= -5.22574e+05 Fmax= 1.89068e+03, atom= 1744
Step=  314, Dmax= 1.2e-02 nm, Epot= -5.22652e+05 Fmax= 1.60344e+04, atom= 1744
Step=  315, Dmax= 1.4e-02 nm, Epot= -5.22799e+05 Fmax= 5.72015e+03, atom= 1744
Step=  316, Dmax= 1.7e-02 nm, Epot= -5.22701e+05 Fmax= 2.01479e+04, atom= 1744
Step=  317, Dmax= 8.5e-03 nm, Epot= -5.22838e+05 Fmax= 7.22981e+03, atom= 1744
Step=  318, Dmax= 1.0e-02 nm, Epot= -5.22875e+05 Fmax= 8.42868e+03, atom= 1744
Step=  319, Dmax= 1.2e-02 nm, Epot= -5.22905e+05 Fmax= 1.02300e+04, atom= 1744
Step=  320, Dmax= 1.5e-02 nm, Epot= -5.22929e+05 Fmax= 1.22845e+04, atom= 1744
Step=  321, Dmax= 1.8e-02 nm, Epot= -5.22943e+05 Fmax= 1.45680e+04, atom= 1744
Step=  322, Dmax= 2.1e-02 nm, Epot= -5.22937e+05 Fmax= 1.77835e+04, atom= 1744
Step=  323, Dmax= 1.1e-02 nm, Epot= -5.23077e+05 Fmax= 1.62072e+03, atom= 1744
Step=  324, Dmax= 1.3e-02 nm, Epot= -5.23172e+05 Fmax= 1.76326e+04, atom= 1744
Step=  325, Dmax= 1.5e-02 nm, Epot= -5.23345e+05 Fmax= 5.77904e+03, atom= 1744
Step=  326, Dmax= 1.8e-02 nm, Epot= -5.23212e+05 Fmax= 2.20045e+04, atom= 1744
Step=  327, Dmax= 9.1e-03 nm, Epot= -5.23379e+05 Fmax= 8.13851e+03, atom= 1744
Step=  328, Dmax= 1.1e-02 nm, Epot= -5.23418e+05 Fmax= 8.69417e+03, atom= 1744
Step=  329, Dmax= 1.3e-02 nm, Epot= -5.23437e+05 Fmax= 1.13602e+04, atom= 1744
Step=  330, Dmax= 1.6e-02 nm, Epot= -5.23464e+05 Fmax= 1.28362e+04, atom= 1744
Step=  331, Dmax= 1.9e-02 nm, Epot= -5.23462e+05 Fmax= 1.60193e+04, atom= 1744
Step=  332, Dmax= 9.4e-03 nm, Epot= -5.23572e+05 Fmax= 1.61654e+03, atom= 1744
Step=  333, Dmax= 1.1e-02 nm, Epot= -5.23665e+05 Fmax= 1.60068e+04, atom= 1744
Step=  334, Dmax= 1.4e-02 nm, Epot= -5.23810e+05 Fmax= 4.83897e+03, atom= 1744
Step=  335, Dmax= 1.6e-02 nm, Epot= -5.23716e+05 Fmax= 2.03376e+04, atom= 1744
Step=  336, Dmax= 8.1e-03 nm, Epot= -5.23845e+05 Fmax= 7.75305e+03, atom= 1744
Step=  337, Dmax= 9.8e-03 nm, Epot= -5.23888e+05 Fmax= 7.22445e+03, atom= 1744
Step=  338, Dmax= 1.2e-02 nm, Epot= -5.23906e+05 Fmax= 1.08681e+04, atom= 1744
Step=  339, Dmax= 1.4e-02 nm, Epot= -5.23947e+05 Fmax= 1.06960e+04, atom= 1744
Step=  340, Dmax= 1.7e-02 nm, Epot= -5.23935e+05 Fmax= 1.53065e+04, atom= 1744
Step=  341, Dmax= 8.4e-03 nm, Epot= -5.24028e+05 Fmax= 2.30618e+03, atom= 1744
Step=  342, Dmax= 1.0e-02 nm, Epot= -5.24078e+05 Fmax= 1.31557e+04, atom= 1744
Step=  343, Dmax= 1.2e-02 nm, Epot= -5.24180e+05 Fmax= 5.59335e+03, atom= 1744
Step=  344, Dmax= 1.5e-02 nm, Epot= -5.24132e+05 Fmax= 1.67303e+04, atom= 1744
Step=  345, Dmax= 7.3e-03 nm, Epot= -5.24220e+05 Fmax= 5.57695e+03, atom= 1744
Step=  346, Dmax= 8.8e-03 nm, Epot= -5.24252e+05 Fmax= 7.94042e+03, atom= 1744
Step=  347, Dmax= 1.1e-02 nm, Epot= -5.24290e+05 Fmax= 8.15527e+03, atom= 1744
Step=  348, Dmax= 1.3e-02 nm, Epot= -5.24307e+05 Fmax= 1.12817e+04, atom= 1744
Step=  349, Dmax= 1.5e-02 nm, Epot= -5.24339e+05 Fmax= 1.18912e+04, atom= 1744
Step=  350, Dmax= 1.8e-02 nm, Epot= -5.24327e+05 Fmax= 1.60461e+04, atom= 1744
Step=  351, Dmax= 9.1e-03 nm, Epot= -5.24434e+05 Fmax= 2.08098e+03, atom= 1744
Step=  352, Dmax= 1.1e-02 nm, Epot= -5.24486e+05 Fmax= 1.45298e+04, atom= 1744
Step=  353, Dmax= 1.3e-02 nm, Epot= -5.24606e+05 Fmax= 5.63180e+03, atom= 1744
Step=  354, Dmax= 1.6e-02 nm, Epot= -5.24531e+05 Fmax= 1.83571e+04, atom= 1744
Step=  355, Dmax= 7.8e-03 nm, Epot= -5.24642e+05 Fmax= 6.37393e+03, atom= 1744
Step=  356, Dmax= 9.4e-03 nm, Epot= -5.24673e+05 Fmax= 8.15203e+03, atom= 1744
Step=  357, Dmax= 1.1e-02 nm, Epot= -5.24706e+05 Fmax= 9.14801e+03, atom= 1744
Step=  358, Dmax= 1.4e-02 nm, Epot= -5.24722e+05 Fmax= 1.17384e+04, atom= 1744
Step=  359, Dmax= 1.6e-02 nm, Epot= -5.24744e+05 Fmax= 1.31648e+04, atom= 1744
Step=  360, Dmax= 2.0e-02 nm, Epot= -5.24732e+05 Fmax= 1.68520e+04, atom= 1744
Step=  361, Dmax= 9.8e-03 nm, Epot= -5.24854e+05 Fmax= 1.85079e+03, atom= 1744
Step=  362, Dmax= 1.2e-02 nm, Epot= -5.24911e+05 Fmax= 1.59950e+04, atom= 1744
Step=  363, Dmax= 1.4e-02 nm, Epot= -5.25051e+05 Fmax= 5.69085e+03, atom= 1744
Step=  364, Dmax= 1.7e-02 nm, Epot= -5.24947e+05 Fmax= 2.00845e+04, atom= 1744
Step=  365, Dmax= 8.4e-03 nm, Epot= -5.25084e+05 Fmax= 7.21320e+03, atom= 1744
Step=  366, Dmax= 1.0e-02 nm, Epot= -5.25116e+05 Fmax= 8.39838e+03, atom= 1744
Step=  367, Dmax= 1.2e-02 nm, Epot= -5.25140e+05 Fmax= 1.01962e+04, atom= 1744
Step=  368, Dmax= 1.5e-02 nm, Epot= -5.25159e+05 Fmax= 1.22489e+04, atom= 1744
Step=  369, Dmax= 1.7e-02 nm, Epot= -5.25168e+05 Fmax= 1.45132e+04, atom= 1744
Step=  370, Dmax= 2.1e-02 nm, Epot= -5.25156e+05 Fmax= 1.77374e+04, atom= 1744
Step=  371, Dmax= 1.0e-02 nm, Epot= -5.25295e+05 Fmax= 1.62431e+03, atom= 1744
Step=  372, Dmax= 1.3e-02 nm, Epot= -5.25362e+05 Fmax= 1.75429e+04, atom= 1744
Step=  373, Dmax= 1.5e-02 nm, Epot= -5.25526e+05 Fmax= 5.79167e+03, atom= 1744
Step=  374, Dmax= 1.8e-02 nm, Epot= -5.25386e+05 Fmax= 2.18951e+04, atom= 1744
Step=  375, Dmax= 9.1e-03 nm, Epot= -5.25554e+05 Fmax= 8.07702e+03, atom= 1744
Step=  376, Dmax= 1.1e-02 nm, Epot= -5.25587e+05 Fmax= 8.70463e+03, atom= 1744
Step=  377, Dmax= 1.3e-02 nm, Epot= -5.25602e+05 Fmax= 1.12809e+04, atom= 1744
Step=  378, Dmax= 1.6e-02 nm, Epot= -5.25622e+05 Fmax= 1.28408e+04, atom= 1744
Step=  379, Dmax= 1.9e-02 nm, Epot= -5.25617e+05 Fmax= 1.59180e+04, atom= 1744
Step=  380, Dmax= 9.4e-03 nm, Epot= -5.25725e+05 Fmax= 1.56407e+03, atom= 1744
Step=  381, Dmax= 1.1e-02 nm, Epot= -5.25799e+05 Fmax= 1.60307e+04, atom= 1744
Step=  382, Dmax= 1.4e-02 nm, Epot= -5.25939e+05 Fmax= 4.74811e+03, atom= 1744
Step=  383, Dmax= 1.6e-02 nm, Epot= -5.25835e+05 Fmax= 2.03587e+04, atom= 1744
Step=  384, Dmax= 8.1e-03 nm, Epot= -5.25967e+05 Fmax= 7.80975e+03, atom= 1744
Step=  385, Dmax= 9.7e-03 nm, Epot= -5.26006e+05 Fmax= 7.11690e+03, atom= 1744
Step=  386, Dmax= 1.2e-02 nm, Epot= -5.26017e+05 Fmax= 1.09229e+04, atom= 1744
Step=  387, Dmax= 1.4e-02 nm, Epot= -5.26055e+05 Fmax= 1.05688e+04, atom= 1744
Step=  388, Dmax= 1.7e-02 nm, Epot= -5.26036e+05 Fmax= 1.53546e+04, atom= 1744
Step=  389, Dmax= 8.4e-03 nm, Epot= -5.26131e+05 Fmax= 2.39371e+03, atom= 1744
Step=  390, Dmax= 1.0e-02 nm, Epot= -5.26162e+05 Fmax= 1.30084e+04, atom= 1744
Step=  391, Dmax= 1.2e-02 nm, Epot= -5.26257e+05 Fmax= 5.68050e+03, atom= 1744
Step=  392, Dmax= 1.5e-02 nm, Epot= -5.26203e+05 Fmax= 1.65651e+04, atom= 1744
Step=  393, Dmax= 7.3e-03 nm, Epot= -5.26293e+05 Fmax= 5.45075e+03, atom= 1744
Step=  394, Dmax= 8.7e-03 nm, Epot= -5.26319e+05 Fmax= 8.02812e+03, atom= 1744
Step=  395, Dmax= 1.0e-02 nm, Epot= -5.26354e+05 Fmax= 8.01251e+03, atom= 1744
Step=  396, Dmax= 1.3e-02 nm, Epot= -5.26363e+05 Fmax= 1.13666e+04, atom= 1744
Step=  397, Dmax= 1.5e-02 nm, Epot= -5.26394e+05 Fmax= 1.17285e+04, atom= 1744
Step=  398, Dmax= 1.8e-02 nm, Epot= -5.26373e+05 Fmax= 1.61234e+04, atom= 1744
Step=  399, Dmax= 9.0e-03 nm, Epot= -5.26482e+05 Fmax= 2.20070e+03, atom= 1744
Step=  400, Dmax= 1.1e-02 nm, Epot= -5.26510e+05 Fmax= 1.43465e+04, atom= 1744
Step=  401, Dmax= 1.3e-02 nm, Epot= -5.26622e+05 Fmax= 5.74845e+03, atom= 1744
Step=  402, Dmax= 1.6e-02 nm, Epot= -5.26543e+05 Fmax= 1.81580e+04, atom= 1744
Step=  403, Dmax= 7.8e-03 nm, Epot= -5.26655e+05 Fmax= 6.21539e+03, atom= 1744
Step=  404, Dmax= 9.4e-03 nm, Epot= -5.26680e+05 Fmax= 8.26800e+03, atom= 1744
Step=  405, Dmax= 1.1e-02 nm, Epot= -5.26709e+05 Fmax= 8.97264e+03, atom= 1744
Step=  406, Dmax= 1.4e-02 nm, Epot= -5.26718e+05 Fmax= 1.18511e+04, atom= 1744
Step=  407, Dmax= 1.6e-02 nm, Epot= -5.26740e+05 Fmax= 1.29688e+04, atom= 1744
Step=  408, Dmax= 1.9e-02 nm, Epot= -5.26718e+05 Fmax= 1.69561e+04, atom= 1744
Step=  409, Dmax= 9.7e-03 nm, Epot= -5.26843e+05 Fmax= 1.99998e+03, atom= 1744
Step=  410, Dmax= 1.2e-02 nm, Epot= -5.26870e+05 Fmax= 1.57790e+04, atom= 1744
Step=  411, Dmax= 1.4e-02 nm, Epot= -5.27002e+05 Fmax= 5.83166e+03, atom= 1744
Step=  412, Dmax= 1.7e-02 nm, Epot= -5.26892e+05 Fmax= 1.98575e+04, atom= 1744
Step=  413, Dmax= 8.4e-03 nm, Epot= -5.27031e+05 Fmax= 7.02756e+03, atom= 1744
Step=  414, Dmax= 1.0e-02 nm, Epot= -5.27056e+05 Fmax= 8.53720e+03, atom= 1744
Step=  415, Dmax= 1.2e-02 nm, Epot= -5.27078e+05 Fmax= 9.99394e+03, atom= 1744
Step=  416, Dmax= 1.5e-02 nm, Epot= -5.27089e+05 Fmax= 1.23830e+04, atom= 1744
Step=  417, Dmax= 1.7e-02 nm, Epot= -5.27098e+05 Fmax= 1.42900e+04, atom= 1744
Step=  418, Dmax= 2.1e-02 nm, Epot= -5.27078e+05 Fmax= 1.78612e+04, atom= 1744
Step=  419, Dmax= 1.0e-02 nm, Epot= -5.27219e+05 Fmax= 1.79645e+03, atom= 1744
Step=  420, Dmax= 1.3e-02 nm, Epot= -5.27246e+05 Fmax= 1.73032e+04, atom= 1744
Step=  421, Dmax= 1.5e-02 nm, Epot= -5.27401e+05 Fmax= 5.94526e+03, atom= 1744
Step=  422, Dmax= 1.8e-02 nm, Epot= -5.27257e+05 Fmax= 2.16547e+04, atom= 1744
Step=  423, Dmax= 9.0e-03 nm, Epot= -5.27425e+05 Fmax= 7.87657e+03, atom= 1744
Step=  424, Dmax= 1.1e-02 nm, Epot= -5.27452e+05 Fmax= 8.85317e+03, atom= 1744
Step=  425, Dmax= 1.3e-02 nm, Epot= -5.27466e+05 Fmax= 1.10647e+04, atom= 1744
Step=  426, Dmax= 1.6e-02 nm, Epot= -5.27478e+05 Fmax= 1.29827e+04, atom= 1744
Step=  427, Dmax= 1.9e-02 nm, Epot= -5.27474e+05 Fmax= 1.56802e+04, atom= 1744
Step=  428, Dmax= 9.4e-03 nm, Epot= -5.27580e+05 Fmax= 1.37524e+03, atom= 1744
Step=  429, Dmax= 1.1e-02 nm, Epot= -5.27652e+05 Fmax= 1.62197e+04, atom= 1744
Step=  430, Dmax= 1.3e-02 nm, Epot= -5.27793e+05 Fmax= 4.49996e+03, atom= 1744
Step=  431, Dmax= 1.6e-02 nm, Epot= -5.27679e+05 Fmax= 2.05450e+04, atom= 1744
Step=  432, Dmax= 8.1e-03 nm, Epot= -5.27814e+05 Fmax= 8.03097e+03, atom= 1744
Step=  433, Dmax= 9.7e-03 nm, Epot= -5.27853e+05 Fmax= 6.84707e+03, atom= 1744
Step=  434, Dmax= 1.2e-02 nm, Epot= -5.27855e+05 Fmax= 1.11442e+04, atom= 1744
Step=  435, Dmax= 1.4e-02 nm, Epot= -5.27894e+05 Fmax= 1.02774e+04, atom= 1744
Step=  436, Dmax= 1.7e-02 nm, Epot= -5.27865e+05 Fmax= 1.55711e+04, atom= 1744
Step=  437, Dmax= 8.4e-03 nm, Epot= -5.27964e+05 Fmax= 2.64733e+03, atom= 1744
Step=  438, Dmax= 1.0e-02 nm, Epot= -5.27978e+05 Fmax= 1.27019e+04, atom= 1744
Step=  439, Dmax= 1.2e-02 nm, Epot= -5.28065e+05 Fmax= 5.92658e+03, atom= 1744
Step=  440, Dmax= 1.4e-02 nm, Epot= -5.28007e+05 Fmax= 1.62442e+04, atom= 1744
Step=  441, Dmax= 7.2e-03 nm, Epot= -5.28098e+05 Fmax= 5.16678e+03, atom= 1744
Step=  442, Dmax= 8.7e-03 nm, Epot= -5.28118e+05 Fmax= 8.27633e+03, atom= 1744
Step=  443, Dmax= 1.0e-02 nm, Epot= -5.28151e+05 Fmax= 7.71053e+03, atom= 1744
Step=  444, Dmax= 1.3e-02 nm, Epot= -5.28153e+05 Fmax= 1.16139e+04, atom= 1744
Step=  445, Dmax= 1.5e-02 nm, Epot= -5.28185e+05 Fmax= 1.14051e+04, atom= 1744
Step=  446, Dmax= 1.8e-02 nm, Epot= -5.28154e+05 Fmax= 1.63648e+04, atom= 1744
Step=  447, Dmax= 9.0e-03 nm, Epot= -5.28267e+05 Fmax= 2.48200e+03, atom= 1744
Step=  448, Dmax= 1.1e-02 nm, Epot= -5.28274e+05 Fmax= 1.40103e+04, atom= 1744
Step=  449, Dmax= 1.3e-02 nm, Epot= -5.28377e+05 Fmax= 6.01660e+03, atom= 1744
Step=  450, Dmax= 1.6e-02 nm, Epot= -5.28295e+05 Fmax= 1.78104e+04, atom= 1744
Step=  451, Dmax= 7.8e-03 nm, Epot= -5.28408e+05 Fmax= 5.90724e+03, atom= 1744
Step=  452, Dmax= 9.4e-03 nm, Epot= -5.28426e+05 Fmax= 8.53607e+03, atom= 1744
Step=  453, Dmax= 1.1e-02 nm, Epot= -5.28456e+05 Fmax= 8.64731e+03, atom= 1744
Step=  454, Dmax= 1.3e-02 nm, Epot= -5.28456e+05 Fmax= 1.21160e+04, atom= 1744
Step=  455, Dmax= 1.6e-02 nm, Epot= -5.28480e+05 Fmax= 1.26225e+04, atom= 1744
Step=  456, Dmax= 1.9e-02 nm, Epot= -5.28447e+05 Fmax= 1.72131e+04, atom= 1744
Step=  457, Dmax= 9.7e-03 nm, Epot= -5.28576e+05 Fmax= 2.30008e+03, atom= 1744
Step=  458, Dmax= 1.2e-02 nm, Epot= -5.28576e+05 Fmax= 1.54226e+04, atom= 1744
Step=  459, Dmax= 5.8e-03 nm, Epot= -5.28616e+05 Fmax= 6.55162e+03, atom= 1744
Step=  460, Dmax= 7.0e-03 nm, Epot= -5.28653e+05 Fmax= 4.22724e+03, atom= 1744
Step=  461, Dmax= 8.4e-03 nm, Epot= -5.28670e+05 Fmax= 8.56896e+03, atom= 1744
Step=  462, Dmax= 1.0e-02 nm, Epot= -5.28711e+05 Fmax= 6.93906e+03, atom= 1744
Step=  463, Dmax= 1.2e-02 nm, Epot= -5.28707e+05 Fmax= 1.15188e+04, atom= 1744
Step=  464, Dmax= 6.0e-03 nm, Epot= -5.28752e+05 Fmax= 2.29565e+03, atom= 1744
Step=  465, Dmax= 7.2e-03 nm, Epot= -5.28787e+05 Fmax= 8.96508e+03, atom= 1744
Step=  466, Dmax= 8.7e-03 nm, Epot= -5.28840e+05 Fmax= 4.34396e+03, atom= 1744
Step=  467, Dmax= 1.0e-02 nm, Epot= -5.28834e+05 Fmax= 1.17890e+04, atom= 1744
Step=  468, Dmax= 5.2e-03 nm, Epot= -5.28870e+05 Fmax= 3.72028e+03, atom= 1744
Step=  469, Dmax= 6.3e-03 nm, Epot= -5.28897e+05 Fmax= 5.82439e+03, atom= 1744
Step=  470, Dmax= 7.5e-03 nm, Epot= -5.28927e+05 Fmax= 5.77349e+03, atom= 1744
Step=  471, Dmax= 9.0e-03 nm, Epot= -5.28947e+05 Fmax= 8.00099e+03, atom= 1744
Step=  472, Dmax= 1.1e-02 nm, Epot= -5.28972e+05 Fmax= 8.67527e+03, atom= 1744
Step=  473, Dmax= 1.3e-02 nm, Epot= -5.28981e+05 Fmax= 1.11761e+04, atom= 1744
Step=  474, Dmax= 1.6e-02 nm, Epot= -5.28993e+05 Fmax= 1.27967e+04, atom= 1744
Step=  475, Dmax= 1.9e-02 nm, Epot= -5.28981e+05 Fmax= 1.57732e+04, atom= 1744
Step=  476, Dmax= 9.3e-03 nm, Epot= -5.29090e+05 Fmax= 1.51372e+03, atom= 1744
Step=  477, Dmax= 1.1e-02 nm, Epot= -5.29130e+05 Fmax= 1.60149e+04, atom= 1744
Step=  478, Dmax= 1.3e-02 nm, Epot= -5.29265e+05 Fmax= 4.63115e+03, atom= 1744
Step=  479, Dmax= 1.6e-02 nm, Epot= -5.29146e+05 Fmax= 2.03423e+04, atom= 1744
Step=  480, Dmax= 8.1e-03 nm, Epot= -5.29284e+05 Fmax= 7.86064e+03, atom= 1744
Step=  481, Dmax= 9.7e-03 nm, Epot= -5.29317e+05 Fmax= 6.96502e+03, atom= 1744
Step=  482, Dmax= 1.2e-02 nm, Epot= -5.29318e+05 Fmax= 1.09720e+04, atom= 1744
Step=  483, Dmax= 1.4e-02 nm, Epot= -5.29352e+05 Fmax= 1.03777e+04, atom= 1744
Step=  484, Dmax= 1.7e-02 nm, Epot= -5.29323e+05 Fmax= 1.53925e+04, atom= 1744
Step=  485, Dmax= 8.4e-03 nm, Epot= -5.29421e+05 Fmax= 2.50790e+03, atom= 1744
Step=  486, Dmax= 1.0e-02 nm, Epot= -5.29430e+05 Fmax= 1.27755e+04, atom= 1744
Step=  487, Dmax= 1.2e-02 nm, Epot= -5.29516e+05 Fmax= 5.79754e+03, atom= 1744
Step=  488, Dmax= 1.4e-02 nm, Epot= -5.29453e+05 Fmax= 1.62945e+04, atom= 1744
Step=  489, Dmax= 7.2e-03 nm, Epot= -5.29546e+05 Fmax= 5.25666e+03, atom= 1744
Step=  490, Dmax= 8.7e-03 nm, Epot= -5.29563e+05 Fmax= 8.14818e+03, atom= 1744
Step=  491, Dmax= 1.0e-02 nm, Epot= -5.29593e+05 Fmax= 7.78448e+03, atom= 1744
Step=  492, Dmax= 1.2e-02 nm, Epot= -5.29593e+05 Fmax= 1.14826e+04, atom= 1744
Step=  493, Dmax= 6.2e-03 nm, Epot= -5.29640e+05 Fmax= 1.84831e+03, atom= 1744
Step=  494, Dmax= 7.5e-03 nm, Epot= -5.29684e+05 Fmax= 9.51055e+03, atom= 1744
Step=  495, Dmax= 9.0e-03 nm, Epot= -5.29740e+05 Fmax= 4.36705e+03, atom= 1744
Step=  496, Dmax= 1.1e-02 nm, Epot= -5.29729e+05 Fmax= 1.21066e+04, atom= 1744
Step=  497, Dmax= 5.4e-03 nm, Epot= -5.29769e+05 Fmax= 3.87392e+03, atom= 1744
Step=  498, Dmax= 6.5e-03 nm, Epot= -5.29793e+05 Fmax= 6.15713e+03, atom= 1744
Step=  499, Dmax= 7.8e-03 nm, Epot= -5.29823e+05 Fmax= 5.72862e+03, atom= 1744
Step=  500, Dmax= 9.3e-03 nm, Epot= -5.29837e+05 Fmax= 8.68176e+03, atom= 1744
Step=  501, Dmax= 1.1e-02 nm, Epot= -5.29865e+05 Fmax= 8.44698e+03, atom= 1744
Step=  502, Dmax= 1.3e-02 nm, Epot= -5.29861e+05 Fmax= 1.22606e+04, atom= 1744
Step=  503, Dmax= 6.7e-03 nm, Epot= -5.29917e+05 Fmax= 1.90608e+03, atom= 1744
Step=  504, Dmax= 8.1e-03 nm, Epot= -5.29955e+05 Fmax= 1.03074e+04, atom= 1744
Step=  505, Dmax= 9.7e-03 nm, Epot= -5.30018e+05 Fmax= 4.60912e+03, atom= 1744
Step=  506, Dmax= 1.2e-02 nm, Epot= -5.29995e+05 Fmax= 1.31023e+04, atom= 1744
Step=  507, Dmax= 5.8e-03 nm, Epot= -5.30046e+05 Fmax= 4.25151e+03, atom= 1744
Step=  508, Dmax= 7.0e-03 nm, Epot= -5.30069e+05 Fmax= 6.52552e+03, atom= 1744
Step=  509, Dmax= 8.3e-03 nm, Epot= -5.30097e+05 Fmax= 6.25291e+03, atom= 1744
Step=  510, Dmax= 1.0e-02 nm, Epot= -5.30108e+05 Fmax= 9.23140e+03, atom= 1744
Step=  511, Dmax= 1.2e-02 nm, Epot= -5.30135e+05 Fmax= 9.18150e+03, atom= 1744
Step=  512, Dmax= 1.4e-02 nm, Epot= -5.30126e+05 Fmax= 1.30698e+04, atom= 1744
Step=  513, Dmax= 7.2e-03 nm, Epot= -5.30193e+05 Fmax= 1.94395e+03, atom= 1744
Step=  514, Dmax= 8.7e-03 nm, Epot= -5.30225e+05 Fmax= 1.11896e+04, atom= 1744
Step=  515, Dmax= 1.0e-02 nm, Epot= -5.30296e+05 Fmax= 4.84334e+03, atom= 1744
Step=  516, Dmax= 1.2e-02 nm, Epot= -5.30260e+05 Fmax= 1.41980e+04, atom= 1744
Step=  517, Dmax= 6.2e-03 nm, Epot= -5.30323e+05 Fmax= 4.68328e+03, atom= 1744
Step=  518, Dmax= 7.5e-03 nm, Epot= -5.30344e+05 Fmax= 6.89503e+03, atom= 1744
Step=  519, Dmax= 9.0e-03 nm, Epot= -5.30371e+05 Fmax= 6.84278e+03, atom= 1744
Step=  520, Dmax= 1.1e-02 nm, Epot= -5.30379e+05 Fmax= 9.79484e+03, atom= 1744
Step=  521, Dmax= 1.3e-02 nm, Epot= -5.30404e+05 Fmax= 9.99772e+03, atom= 1744
Step=  522, Dmax= 1.6e-02 nm, Epot= -5.30389e+05 Fmax= 1.39112e+04, atom= 1744
Step=  523, Dmax= 7.8e-03 nm, Epot= -5.30469e+05 Fmax= 1.95723e+03, atom= 1744
Step=  524, Dmax= 9.3e-03 nm, Epot= -5.30494e+05 Fmax= 1.21648e+04, atom= 1744
Step=  525, Dmax= 1.1e-02 nm, Epot= -5.30575e+05 Fmax= 5.06863e+03, atom= 1744
Step=  526, Dmax= 1.3e-02 nm, Epot= -5.30522e+05 Fmax= 1.54017e+04, atom= 1744
Step=  527, Dmax= 6.7e-03 nm, Epot= -5.30601e+05 Fmax= 5.17398e+03, atom= 1744
Step=  528, Dmax= 8.0e-03 nm, Epot= -5.30620e+05 Fmax= 7.26507e+03, atom= 1744
Step=  529, Dmax= 9.6e-03 nm, Epot= -5.30645e+05 Fmax= 7.50390e+03, atom= 1744
Step=  530, Dmax= 1.2e-02 nm, Epot= -5.30651e+05 Fmax= 1.03729e+04, atom= 1744
Step=  531, Dmax= 1.4e-02 nm, Epot= -5.30672e+05 Fmax= 1.09016e+04, atom= 1744
Step=  532, Dmax= 1.7e-02 nm, Epot= -5.30654e+05 Fmax= 1.47877e+04, atom= 1744
Step=  533, Dmax= 8.3e-03 nm, Epot= -5.30746e+05 Fmax= 1.94463e+03, atom= 1744
Step=  534, Dmax= 1.0e-02 nm, Epot= -5.30764e+05 Fmax= 1.32392e+04, atom= 1744
Step=  535, Dmax= 1.2e-02 nm, Epot= -5.30857e+05 Fmax= 5.28633e+03, atom= 1744
Step=  536, Dmax= 1.4e-02 nm, Epot= -5.30784e+05 Fmax= 1.67192e+04, atom= 1744
Step=  537, Dmax= 7.2e-03 nm, Epot= -5.30881e+05 Fmax= 5.72566e+03, atom= 1744
Step=  538, Dmax= 8.6e-03 nm, Epot= -5.30900e+05 Fmax= 7.63866e+03, atom= 1744
Step=  539, Dmax= 1.0e-02 nm, Epot= -5.30921e+05 Fmax= 8.23845e+03, atom= 1744
Step=  540, Dmax= 1.2e-02 nm, Epot= -5.30926e+05 Fmax= 1.09699e+04, atom= 1744
Step=  541, Dmax= 1.5e-02 nm, Epot= -5.30942e+05 Fmax= 1.18974e+04, atom= 1744
Step=  542, Dmax= 1.8e-02 nm, Epot= -5.30920e+05 Fmax= 1.57038e+04, atom= 1744
Step=  543, Dmax= 9.0e-03 nm, Epot= -5.31027e+05 Fmax= 1.90701e+03, atom= 1744
Step=  544, Dmax= 1.1e-02 nm, Epot= -5.31037e+05 Fmax= 1.44172e+04, atom= 1744
Step=  545, Dmax= 1.3e-02 nm, Epot= -5.31145e+05 Fmax= 5.49911e+03, atom= 1744
Step=  546, Dmax= 1.5e-02 nm, Epot= -5.31049e+05 Fmax= 1.81553e+04, atom= 1744
Step=  547, Dmax= 7.7e-03 nm, Epot= -5.31167e+05 Fmax= 6.33960e+03, atom= 1744
Step=  548, Dmax= 9.3e-03 nm, Epot= -5.31184e+05 Fmax= 8.01967e+03, atom= 1744
Step=  549, Dmax= 1.1e-02 nm, Epot= -5.31202e+05 Fmax= 9.04831e+03, atom= 1744
Step=  550, Dmax= 1.3e-02 nm, Epot= -5.31206e+05 Fmax= 1.15911e+04, atom= 1744
Step=  551, Dmax= 1.6e-02 nm, Epot= -5.31215e+05 Fmax= 1.29866e+04, atom= 1744
Step=  552, Dmax= 1.9e-02 nm, Epot= -5.31190e+05 Fmax= 1.66680e+04, atom= 1744
Step=  553, Dmax= 9.6e-03 nm, Epot= -5.31313e+05 Fmax= 1.84673e+03, atom= 1744
Step=  554, Dmax= 1.2e-02 nm, Epot= -5.31314e+05 Fmax= 1.57018e+04, atom= 1744
Step=  555, Dmax= 1.4e-02 nm, Epot= -5.31440e+05 Fmax= 5.71315e+03, atom= 1744
Step=  556, Dmax= 1.7e-02 nm, Epot= -5.31316e+05 Fmax= 1.97114e+04, atom= 1744
Step=  557, Dmax= 8.3e-03 nm, Epot= -5.31459e+05 Fmax= 7.01474e+03, atom= 1744
Step=  558, Dmax= 1.0e-02 nm, Epot= -5.31476e+05 Fmax= 8.41507e+03, atom= 1744
Step=  559, Dmax= 1.2e-02 nm, Epot= -5.31490e+05 Fmax= 9.93269e+03, atom= 1744
Step=  560, Dmax= 1.4e-02 nm, Epot= -5.31493e+05 Fmax= 1.22445e+04, atom= 1744
Step=  561, Dmax= 1.7e-02 nm, Epot= -5.31494e+05 Fmax= 1.41704e+04, atom= 1744
Step=  562, Dmax= 2.1e-02 nm, Epot= -5.31467e+05 Fmax= 1.76893e+04, atom= 1744
Step=  563, Dmax= 1.0e-02 nm, Epot= -5.31608e+05 Fmax= 1.76942e+03, atom= 1744
Step=  564, Dmax= 1.2e-02 nm, Epot= -5.31599e+05 Fmax= 1.70938e+04, atom= 1744
Step=  565, Dmax= 6.2e-03 nm, Epot= -5.31648e+05 Fmax= 7.63976e+03, atom= 1744
Step=  566, Dmax= 7.5e-03 nm, Epot= -5.31690e+05 Fmax= 3.87788e+03, atom= 1744
Step=  567, Dmax= 8.9e-03 nm, Epot= -5.31693e+05 Fmax= 9.77275e+03, atom= 1744
Step=  568, Dmax= 1.1e-02 nm, Epot= -5.31739e+05 Fmax= 6.79290e+03, atom= 1744
Step=  569, Dmax= 1.3e-02 nm, Epot= -5.31714e+05 Fmax= 1.29143e+04, atom= 1744
Step=  570, Dmax= 6.4e-03 nm, Epot= -5.31776e+05 Fmax= 3.06721e+03, atom= 1744
Step=  571, Dmax= 7.7e-03 nm, Epot= -5.31789e+05 Fmax= 8.93676e+03, atom= 1744
Step=  572, Dmax= 9.3e-03 nm, Epot= -5.31835e+05 Fmax= 5.27489e+03, atom= 1744
Step=  573, Dmax= 1.1e-02 nm, Epot= -5.31818e+05 Fmax= 1.19442e+04, atom= 1744
Step=  574, Dmax= 5.6e-03 nm, Epot= -5.31864e+05 Fmax= 3.33227e+03, atom= 1744
Step=  575, Dmax= 6.7e-03 nm, Epot= -5.31884e+05 Fmax= 6.84897e+03, atom= 1744
Step=  576, Dmax= 8.0e-03 nm, Epot= -5.31915e+05 Fmax= 5.53488e+03, atom= 1744
Step=  577, Dmax= 9.6e-03 nm, Epot= -5.31921e+05 Fmax= 9.17069e+03, atom= 1744
Step=  578, Dmax= 1.2e-02 nm, Epot= -5.31950e+05 Fmax= 8.63768e+03, atom= 1744
Step=  579, Dmax= 1.4e-02 nm, Epot= -5.31938e+05 Fmax= 1.25603e+04, atom= 1744
Step=  580, Dmax= 6.9e-03 nm, Epot= -5.32000e+05 Fmax= 1.97074e+03, atom= 1744
Step=  581, Dmax= 8.3e-03 nm, Epot= -5.32022e+05 Fmax= 1.10027e+04, atom= 1744
Step=  582, Dmax= 1.0e-02 nm, Epot= -5.32090e+05 Fmax= 4.28794e+03, atom= 1744
Step=  583, Dmax= 1.2e-02 nm, Epot= -5.32050e+05 Fmax= 1.42519e+04, atom= 1744
Step=  584, Dmax= 6.0e-03 nm, Epot= -5.32114e+05 Fmax= 4.97942e+03, atom= 1744
Step=  585, Dmax= 7.2e-03 nm, Epot= -5.32134e+05 Fmax= 5.99526e+03, atom= 1744
Step=  586, Dmax= 8.6e-03 nm, Epot= -5.32153e+05 Fmax= 7.32510e+03, atom= 1744
Step=  587, Dmax= 1.0e-02 nm, Epot= -5.32170e+05 Fmax= 8.50120e+03, atom= 1744
Step=  588, Dmax= 1.2e-02 nm, Epot= -5.32177e+05 Fmax= 1.06447e+04, atom= 1744
Step=  589, Dmax= 1.5e-02 nm, Epot= -5.32185e+05 Fmax= 1.21507e+04, atom= 1744
Step=  590, Dmax= 1.8e-02 nm, Epot= -5.32169e+05 Fmax= 1.53621e+04, atom= 1744
Step=  591, Dmax= 8.9e-03 nm, Epot= -5.32272e+05 Fmax= 1.60991e+03, atom= 1744
Step=  592, Dmax= 1.1e-02 nm, Epot= -5.32290e+05 Fmax= 1.46301e+04, atom= 1744
Step=  593, Dmax= 1.3e-02 nm, Epot= -5.32400e+05 Fmax= 5.23252e+03, atom= 1744
Step=  594, Dmax= 1.5e-02 nm, Epot= -5.32299e+05 Fmax= 1.83393e+04, atom= 1744
Step=  595, Dmax= 7.7e-03 nm, Epot= -5.32419e+05 Fmax= 6.56696e+03, atom= 1744
Step=  596, Dmax= 9.3e-03 nm, Epot= -5.32437e+05 Fmax= 7.74734e+03, atom= 1744
Step=  597, Dmax= 1.1e-02 nm, Epot= -5.32450e+05 Fmax= 9.26657e+03, atom= 1744
Step=  598, Dmax= 1.3e-02 nm, Epot= -5.32456e+05 Fmax= 1.13071e+04, atom= 1744
Step=  599, Dmax= 1.6e-02 nm, Epot= -5.32458e+05 Fmax= 1.31941e+04, atom= 1744
Step=  600, Dmax= 1.9e-02 nm, Epot= -5.32438e+05 Fmax= 1.63666e+04, atom= 1744
Step=  601, Dmax= 9.6e-03 nm, Epot= -5.32558e+05 Fmax= 1.59329e+03, atom= 1744
Step=  602, Dmax= 1.2e-02 nm, Epot= -5.32564e+05 Fmax= 1.58695e+04, atom= 1744
Step=  603, Dmax= 1.4e-02 nm, Epot= -5.32692e+05 Fmax= 5.48745e+03, atom= 1744
Step=  604, Dmax= 1.7e-02 nm, Epot= -5.32562e+05 Fmax= 1.98510e+04, atom= 1744
Step=  605, Dmax= 8.3e-03 nm, Epot= -5.32707e+05 Fmax= 7.19963e+03, atom= 1744
Step=  606, Dmax= 1.0e-02 nm, Epot= -5.32725e+05 Fmax= 8.18156e+03, atom= 1744
Step=  607, Dmax= 1.2e-02 nm, Epot= -5.32733e+05 Fmax= 1.01096e+04, atom= 1744
Step=  608, Dmax= 1.4e-02 nm, Epot= -5.32738e+05 Fmax= 1.19969e+04, atom= 1744
Step=  609, Dmax= 1.7e-02 nm, Epot= -5.32732e+05 Fmax= 1.43374e+04, atom= 1744
Step=  610, Dmax= 8.6e-03 nm, Epot= -5.32822e+05 Fmax= 1.19126e+03, atom= 1744
Step=  611, Dmax= 1.0e-02 nm, Epot= -5.32865e+05 Fmax= 1.50692e+04, atom= 1744
Step=  612, Dmax= 1.2e-02 nm, Epot= -5.32984e+05 Fmax= 3.96438e+03, atom= 1744
Step=  613, Dmax= 1.5e-02 nm, Epot= -5.32876e+05 Fmax= 1.90738e+04, atom= 1744
Step=  614, Dmax= 7.4e-03 nm, Epot= -5.32996e+05 Fmax= 7.56286e+03, atom= 1744
Step=  615, Dmax= 8.9e-03 nm, Epot= -5.33026e+05 Fmax= 6.10052e+03, atom= 1744
Step=  616, Dmax= 1.1e-02 nm, Epot= -5.33021e+05 Fmax= 1.04422e+04, atom= 1744
Step=  617, Dmax= 5.4e-03 nm, Epot= -5.33058e+05 Fmax= 2.16924e+03, atom= 1744
Step=  618, Dmax= 6.4e-03 nm, Epot= -5.33083e+05 Fmax= 7.58533e+03, atom= 1744
Step=  619, Dmax= 7.7e-03 nm, Epot= -5.33120e+05 Fmax= 4.31673e+03, atom= 1744
Step=  620, Dmax= 9.2e-03 nm, Epot= -5.33118e+05 Fmax= 9.80983e+03, atom= 1744
Step=  621, Dmax= 4.6e-03 nm, Epot= -5.33145e+05 Fmax= 2.74972e+03, atom= 1744
Step=  622, Dmax= 5.5e-03 nm, Epot= -5.33166e+05 Fmax= 5.87324e+03, atom= 1744
Step=  623, Dmax= 6.7e-03 nm, Epot= -5.33193e+05 Fmax= 4.31730e+03, atom= 1744
Step=  624, Dmax= 8.0e-03 nm, Epot= -5.33203e+05 Fmax= 8.05561e+03, atom= 1744
Step=  625, Dmax= 9.6e-03 nm, Epot= -5.33233e+05 Fmax= 6.63149e+03, atom= 1744
Step=  626, Dmax= 1.2e-02 nm, Epot= -5.33223e+05 Fmax= 1.11398e+04, atom= 1744
Step=  627, Dmax= 5.8e-03 nm, Epot= -5.33268e+05 Fmax= 2.25251e+03, atom= 1744
Step=  628, Dmax= 6.9e-03 nm, Epot= -5.33289e+05 Fmax= 8.23934e+03, atom= 1744
Step=  629, Dmax= 8.3e-03 nm, Epot= -5.33330e+05 Fmax= 4.55064e+03, atom= 1744
Step=  630, Dmax= 9.9e-03 nm, Epot= -5.33320e+05 Fmax= 1.06392e+04, atom= 1744
Step=  631, Dmax= 5.0e-03 nm, Epot= -5.33354e+05 Fmax= 3.04750e+03, atom= 1744
Step=  632, Dmax= 6.0e-03 nm, Epot= -5.33373e+05 Fmax= 6.21161e+03, atom= 1744
Step=  633, Dmax= 7.2e-03 nm, Epot= -5.33400e+05 Fmax= 4.74542e+03, atom= 1744
Step=  634, Dmax= 8.6e-03 nm, Epot= -5.33406e+05 Fmax= 8.54543e+03, atom= 1744
Step=  635, Dmax= 1.0e-02 nm, Epot= -5.33436e+05 Fmax= 7.24444e+03, atom= 1744
Step=  636, Dmax= 1.2e-02 nm, Epot= -5.33421e+05 Fmax= 1.18484e+04, atom= 1744
Step=  637, Dmax= 6.2e-03 nm, Epot= -5.33474e+05 Fmax= 2.30075e+03, atom= 1744
Step=  638, Dmax= 7.4e-03 nm, Epot= -5.33490e+05 Fmax= 8.98365e+03, atom= 1744
Step=  639, Dmax= 8.9e-03 nm, Epot= -5.33537e+05 Fmax= 4.76063e+03, atom= 1744
Step=  640, Dmax= 1.1e-02 nm, Epot= -5.33518e+05 Fmax= 1.15728e+04, atom= 1744
Step=  641, Dmax= 5.3e-03 nm, Epot= -5.33561e+05 Fmax= 3.40998e+03, atom= 1744
Step=  642, Dmax= 6.4e-03 nm, Epot= -5.33577e+05 Fmax= 6.53167e+03, atom= 1744
Step=  643, Dmax= 7.7e-03 nm, Epot= -5.33604e+05 Fmax= 5.24967e+03, atom= 1744
Step=  644, Dmax= 9.2e-03 nm, Epot= -5.33606e+05 Fmax= 9.02716e+03, atom= 1744
Step=  645, Dmax= 1.1e-02 nm, Epot= -5.33635e+05 Fmax= 7.94830e+03, atom= 1744
Step=  646, Dmax= 1.3e-02 nm, Epot= -5.33616e+05 Fmax= 1.25640e+04, atom= 1744
Step=  647, Dmax= 6.6e-03 nm, Epot= -5.33678e+05 Fmax= 2.30679e+03, atom= 1744
Step=  648, Dmax= 8.0e-03 nm, Epot= -5.33690e+05 Fmax= 9.82986e+03, atom= 1744
Step=  649, Dmax= 9.6e-03 nm, Epot= -5.33742e+05 Fmax= 4.94014e+03, atom= 1744
Step=  650, Dmax= 1.1e-02 nm, Epot= -5.33712e+05 Fmax= 1.26224e+04, atom= 1744
Step=  651, Dmax= 5.7e-03 nm, Epot= -5.33766e+05 Fmax= 3.84568e+03, atom= 1744
Step=  652, Dmax= 6.9e-03 nm, Epot= -5.33780e+05 Fmax= 6.82891e+03, atom= 1744
Step=  653, Dmax= 8.3e-03 nm, Epot= -5.33806e+05 Fmax= 5.83810e+03, atom= 1744
Step=  654, Dmax= 9.9e-03 nm, Epot= -5.33806e+05 Fmax= 9.49679e+03, atom= 1744
Step=  655, Dmax= 1.2e-02 nm, Epot= -5.33832e+05 Fmax= 8.75227e+03, atom= 1744
Step=  656, Dmax= 1.4e-02 nm, Epot= -5.33810e+05 Fmax= 1.32844e+04, atom= 1744
Step=  657, Dmax= 7.1e-03 nm, Epot= -5.33882e+05 Fmax= 2.26540e+03, atom= 1744
Step=  658, Dmax= 8.6e-03 nm, Epot= -5.33887e+05 Fmax= 1.07860e+04, atom= 1744
Step=  659, Dmax= 1.0e-02 nm, Epot= -5.33948e+05 Fmax= 5.08686e+03, atom= 1744
Step=  660, Dmax= 1.2e-02 nm, Epot= -5.33905e+05 Fmax= 1.37961e+04, atom= 1744
Step=  661, Dmax= 6.2e-03 nm, Epot= -5.33971e+05 Fmax= 4.36018e+03, atom= 1744
Step=  662, Dmax= 7.4e-03 nm, Epot= -5.33983e+05 Fmax= 7.10217e+03, atom= 1744
Step=  663, Dmax= 8.9e-03 nm, Epot= -5.34007e+05 Fmax= 6.51656e+03, atom= 1744
Step=  664, Dmax= 1.1e-02 nm, Epot= -5.34005e+05 Fmax= 9.95610e+03, atom= 1744
Step=  665, Dmax= 5.3e-03 nm, Epot= -5.34040e+05 Fmax= 1.71867e+03, atom= 1744
Step=  666, Dmax= 6.4e-03 nm, Epot= -5.34069e+05 Fmax= 7.99224e+03, atom= 1744
Step=  667, Dmax= 7.7e-03 nm, Epot= -5.34109e+05 Fmax= 3.86650e+03, atom= 1744
Step=  668, Dmax= 9.2e-03 nm, Epot= -5.34102e+05 Fmax= 1.02167e+04, atom= 1744
Step=  669, Dmax= 4.6e-03 nm, Epot= -5.34131e+05 Fmax= 3.17795e+03, atom= 1744
Step=  670, Dmax= 5.5e-03 nm, Epot= -5.34149e+05 Fmax= 5.39751e+03, atom= 1744
Step=  671, Dmax= 6.6e-03 nm, Epot= -5.34171e+05 Fmax= 4.76274e+03, atom= 1744
Step=  672, Dmax= 8.0e-03 nm, Epot= -5.34181e+05 Fmax= 7.55417e+03, atom= 1744
Step=  673, Dmax= 9.6e-03 nm, Epot= -5.34204e+05 Fmax= 7.09003e+03, atom= 1744
Step=  674, Dmax= 1.1e-02 nm, Epot= -5.34199e+05 Fmax= 1.06099e+04, atom= 1744
Step=  675, Dmax= 5.7e-03 nm, Epot= -5.34240e+05 Fmax= 1.75860e+03, atom= 1744
Step=  676, Dmax= 6.9e-03 nm, Epot= -5.34266e+05 Fmax= 8.69028e+03, atom= 1744
Step=  677, Dmax= 8.3e-03 nm, Epot= -5.34311e+05 Fmax= 4.05357e+03, atom= 1744
Step=  678, Dmax= 9.9e-03 nm, Epot= -5.34295e+05 Fmax= 1.10924e+04, atom= 1744
Step=  679, Dmax= 5.0e-03 nm, Epot= -5.34332e+05 Fmax= 3.52256e+03, atom= 1744
Step=  680, Dmax= 5.9e-03 nm, Epot= -5.34348e+05 Fmax= 5.68608e+03, atom= 1744
Step=  681, Dmax= 7.1e-03 nm, Epot= -5.34370e+05 Fmax= 5.24002e+03, atom= 1744
Step=  682, Dmax= 8.6e-03 nm, Epot= -5.34377e+05 Fmax= 7.99047e+03, atom= 1744
Step=  683, Dmax= 1.0e-02 nm, Epot= -5.34399e+05 Fmax= 7.75443e+03, atom= 1744
Step=  684, Dmax= 1.2e-02 nm, Epot= -5.34390e+05 Fmax= 1.12614e+04, atom= 1744
Step=  685, Dmax= 6.2e-03 nm, Epot= -5.34440e+05 Fmax= 1.75264e+03, atom= 1744
Step=  686, Dmax= 7.4e-03 nm, Epot= -5.34461e+05 Fmax= 9.48809e+03, atom= 1744
Step=  687, Dmax= 8.9e-03 nm, Epot= -5.34513e+05 Fmax= 4.20673e+03, atom= 1744
Step=  688, Dmax= 1.1e-02 nm, Epot= -5.34487e+05 Fmax= 1.20807e+04, atom= 1744
Step=  689, Dmax= 5.3e-03 nm, Epot= -5.34533e+05 Fmax= 3.94130e+03, atom= 1744
Step=  690, Dmax= 6.4e-03 nm, Epot= -5.34548e+05 Fmax= 5.94721e+03, atom= 1744
Step=  691, Dmax= 7.7e-03 nm, Epot= -5.34568e+05 Fmax= 5.80146e+03, atom= 1744
Step=  692, Dmax= 9.2e-03 nm, Epot= -5.34574e+05 Fmax= 8.41064e+03, atom= 1744
Step=  693, Dmax= 1.1e-02 nm, Epot= -5.34593e+05 Fmax= 8.51659e+03, atom= 1744
Step=  694, Dmax= 1.3e-02 nm, Epot= -5.34583e+05 Fmax= 1.19132e+04, atom= 1744
Step=  695, Dmax= 6.6e-03 nm, Epot= -5.34640e+05 Fmax= 1.69777e+03, atom= 1744
Step=  696, Dmax= 7.9e-03 nm, Epot= -5.34659e+05 Fmax= 1.03925e+04, atom= 1744
Step=  697, Dmax= 9.5e-03 nm, Epot= -5.34718e+05 Fmax= 4.32586e+03, atom= 1744
Step=  698, Dmax= 1.1e-02 nm, Epot= -5.34680e+05 Fmax= 1.31883e+04, atom= 1744
Step=  699, Dmax= 5.7e-03 nm, Epot= -5.34737e+05 Fmax= 4.43638e+03, atom= 1744
Step=  700, Dmax= 6.9e-03 nm, Epot= -5.34752e+05 Fmax= 6.18349e+03, atom= 1744
Step=  701, Dmax= 8.2e-03 nm, Epot= -5.34770e+05 Fmax= 6.44891e+03, atom= 1744
Step=  702, Dmax= 9.9e-03 nm, Epot= -5.34775e+05 Fmax= 8.81821e+03, atom= 1744
Step=  703, Dmax= 1.2e-02 nm, Epot= -5.34790e+05 Fmax= 9.37966e+03, atom= 1744
Step=  704, Dmax= 1.4e-02 nm, Epot= -5.34778e+05 Fmax= 1.25692e+04, atom= 1744
Step=  705, Dmax= 7.1e-03 nm, Epot= -5.34844e+05 Fmax= 1.59509e+03, atom= 1744
Step=  706, Dmax= 8.5e-03 nm, Epot= -5.34860e+05 Fmax= 1.14073e+04, atom= 1744
Step=  707, Dmax= 1.0e-02 nm, Epot= -5.34929e+05 Fmax= 4.41277e+03, atom= 1744
Step=  708, Dmax= 1.2e-02 nm, Epot= -5.34876e+05 Fmax= 1.44188e+04, atom= 1744
Step=  709, Dmax= 6.2e-03 nm, Epot= -5.34947e+05 Fmax= 5.00939e+03, atom= 1744
Step=  710, Dmax= 7.4e-03 nm, Epot= -5.34962e+05 Fmax= 6.39745e+03, atom= 1744
Step=  711, Dmax= 8.9e-03 nm, Epot= -5.34976e+05 Fmax= 7.18485e+03, atom= 1744
Step=  712, Dmax= 1.1e-02 nm, Epot= -5.34982e+05 Fmax= 9.21688e+03, atom= 1744
Step=  713, Dmax= 1.3e-02 nm, Epot= -5.34991e+05 Fmax= 1.03461e+04, atom= 1744
Step=  714, Dmax= 1.5e-02 nm, Epot= -5.34979e+05 Fmax= 1.32348e+04, atom= 1744
Step=  715, Dmax= 7.7e-03 nm, Epot= -5.35055e+05 Fmax= 1.44598e+03, atom= 1744
Step=  716, Dmax= 9.2e-03 nm, Epot= -5.35071e+05 Fmax= 1.25356e+04, atom= 1744
Step=  717, Dmax= 1.1e-02 nm, Epot= -5.35152e+05 Fmax= 4.47233e+03, atom= 1744
Step=  718, Dmax= 1.3e-02 nm, Epot= -5.35080e+05 Fmax= 1.57741e+04, atom= 1744
Step=  719, Dmax= 6.6e-03 nm, Epot= -5.35168e+05 Fmax= 5.65944e+03, atom= 1744
Step=  720, Dmax= 7.9e-03 nm, Epot= -5.35182e+05 Fmax= 6.59424e+03, atom= 1744
Step=  721, Dmax= 9.5e-03 nm, Epot= -5.35193e+05 Fmax= 8.00960e+03, atom= 1744
Step=  722, Dmax= 1.1e-02 nm, Epot= -5.35200e+05 Fmax= 9.61140e+03, atom= 1744
Step=  723, Dmax= 1.4e-02 nm, Epot= -5.35201e+05 Fmax= 1.14182e+04, atom= 1744
Step=  724, Dmax= 1.6e-02 nm, Epot= -5.35191e+05 Fmax= 1.39162e+04, atom= 1744
Step=  725, Dmax= 8.2e-03 nm, Epot= -5.35277e+05 Fmax= 1.25284e+03, atom= 1744
Step=  726, Dmax= 9.9e-03 nm, Epot= -5.35296e+05 Fmax= 1.37782e+04, atom= 1744
Step=  727, Dmax= 1.2e-02 nm, Epot= -5.35394e+05 Fmax= 4.51280e+03, atom= 1744
Step=  728, Dmax= 1.4e-02 nm, Epot= -5.35300e+05 Fmax= 1.72496e+04, atom= 1744
Step=  729, Dmax= 7.1e-03 nm, Epot= -5.35406e+05 Fmax= 6.38199e+03, atom= 1744
Step=  730, Dmax= 8.5e-03 nm, Epot= -5.35423e+05 Fmax= 6.78381e+03, atom= 1744
Step=  731, Dmax= 1.0e-02 nm, Epot= -5.35427e+05 Fmax= 8.91807e+03, atom= 1744
Step=  732, Dmax= 1.2e-02 nm, Epot= -5.35437e+05 Fmax= 1.00150e+04, atom= 1744
Step=  733, Dmax= 1.5e-02 nm, Epot= -5.35428e+05 Fmax= 1.25912e+04, atom= 1744
Step=  734, Dmax= 7.4e-03 nm, Epot= -5.35496e+05 Fmax= 1.30108e+03, atom= 1744
Step=  735, Dmax= 8.8e-03 nm, Epot= -5.35517e+05 Fmax= 1.24772e+04, atom= 1744
Step=  736, Dmax= 1.1e-02 nm, Epot= -5.35599e+05 Fmax= 3.83708e+03, atom= 1744
Step=  737, Dmax= 1.3e-02 nm, Epot= -5.35528e+05 Fmax= 1.58468e+04, atom= 1744
Step=  738, Dmax= 6.4e-03 nm, Epot= -5.35612e+05 Fmax= 6.00540e+03, atom= 1744
Step=  739, Dmax= 7.6e-03 nm, Epot= -5.35632e+05 Fmax= 5.72106e+03, atom= 1744
Step=  740, Dmax= 9.2e-03 nm, Epot= -5.35635e+05 Fmax= 8.42767e+03, atom= 1744
Step=  741, Dmax= 1.1e-02 nm, Epot= -5.35653e+05 Fmax= 8.46054e+03, atom= 1744
Step=  742, Dmax= 1.3e-02 nm, Epot= -5.35640e+05 Fmax= 1.18846e+04, atom= 1744
Step=  743, Dmax= 6.6e-03 nm, Epot= -5.35699e+05 Fmax= 1.71114e+03, atom= 1744
Step=  744, Dmax= 7.9e-03 nm, Epot= -5.35711e+05 Fmax= 1.03950e+04, atom= 1744
Step=  745, Dmax= 9.5e-03 nm, Epot= -5.35769e+05 Fmax= 4.26337e+03, atom= 1744
Step=  746, Dmax= 1.1e-02 nm, Epot= -5.35727e+05 Fmax= 1.32237e+04, atom= 1744
Step=  747, Dmax= 5.7e-03 nm, Epot= -5.35786e+05 Fmax= 4.48492e+03, atom= 1744
Step=  748, Dmax= 6.8e-03 nm, Epot= -5.35799e+05 Fmax= 6.08145e+03, atom= 1744
Step=  749, Dmax= 8.2e-03 nm, Epot= -5.35816e+05 Fmax= 6.52474e+03, atom= 1744
Step=  750, Dmax= 9.9e-03 nm, Epot= -5.35820e+05 Fmax= 8.67389e+03, atom= 1744
Step=  751, Dmax= 1.2e-02 nm, Epot= -5.35832e+05 Fmax= 9.47946e+03, atom= 1744
Step=  752, Dmax= 1.4e-02 nm, Epot= -5.35821e+05 Fmax= 1.23789e+04, atom= 1744
Step=  753, Dmax= 7.1e-03 nm, Epot= -5.35886e+05 Fmax= 1.45022e+03, atom= 1744
Step=  754, Dmax= 8.5e-03 nm, Epot= -5.35902e+05 Fmax= 1.15632e+04, atom= 1744
Step=  755, Dmax= 1.0e-02 nm, Epot= -5.35972e+05 Fmax= 4.19666e+03, atom= 1744
Step=  756, Dmax= 1.2e-02 nm, Epot= -5.35914e+05 Fmax= 1.46019e+04, atom= 1744
Step=  757, Dmax= 6.1e-03 nm, Epot= -5.35987e+05 Fmax= 5.20940e+03, atom= 1744
Step=  758, Dmax= 7.4e-03 nm, Epot= -5.36002e+05 Fmax= 6.14249e+03, atom= 1744
Step=  759, Dmax= 8.8e-03 nm, Epot= -5.36012e+05 Fmax= 7.41053e+03, atom= 1744
Step=  760, Dmax= 1.1e-02 nm, Epot= -5.36020e+05 Fmax= 8.91938e+03, atom= 1744
Step=  761, Dmax= 1.3e-02 nm, Epot= -5.36023e+05 Fmax= 1.05947e+04, atom= 1744
Step=  762, Dmax= 1.5e-02 nm, Epot= -5.36016e+05 Fmax= 1.28906e+04, atom= 1744
Step=  763, Dmax= 7.6e-03 nm, Epot= -5.36089e+05 Fmax= 1.15061e+03, atom= 1744
Step=  764, Dmax= 9.2e-03 nm, Epot= -5.36116e+05 Fmax= 1.28375e+04, atom= 1744
Step=  765, Dmax= 1.1e-02 nm, Epot= -5.36201e+05 Fmax= 4.11336e+03, atom= 1744
Step=  766, Dmax= 1.3e-02 nm, Epot= -5.36123e+05 Fmax= 1.60904e+04, atom= 1744
Step=  767, Dmax= 6.6e-03 nm, Epot= -5.36214e+05 Fmax= 6.00019e+03, atom= 1744
Step=  768, Dmax= 7.9e-03 nm, Epot= -5.36230e+05 Fmax= 6.19799e+03, atom= 1744
Step=  769, Dmax= 9.5e-03 nm, Epot= -5.36235e+05 Fmax= 8.37317e+03, atom= 1744
Step=  770, Dmax= 1.1e-02 nm, Epot= -5.36247e+05 Fmax= 9.17411e+03, atom= 1744
Step=  771, Dmax= 1.4e-02 nm, Epot= -5.36239e+05 Fmax= 1.18021e+04, atom= 1744
Step=  772, Dmax= 6.8e-03 nm, Epot= -5.36298e+05 Fmax= 1.32458e+03, atom= 1744
Step=  773, Dmax= 8.2e-03 nm, Epot= -5.36318e+05 Fmax= 1.13944e+04, atom= 1744
Step=  774, Dmax= 9.8e-03 nm, Epot= -5.36386e+05 Fmax= 3.73608e+03, atom= 1744
Step=  775, Dmax= 1.2e-02 nm, Epot= -5.36331e+05 Fmax= 1.44904e+04, atom= 1744
Step=  776, Dmax= 5.9e-03 nm, Epot= -5.36401e+05 Fmax= 5.37628e+03, atom= 1744
Step=  777, Dmax= 7.1e-03 nm, Epot= -5.36417e+05 Fmax= 5.50472e+03, atom= 1744
Step=  778, Dmax= 8.5e-03 nm, Epot= -5.36424e+05 Fmax= 7.60287e+03, atom= 1744
Step=  779, Dmax= 1.0e-02 nm, Epot= -5.36438e+05 Fmax= 8.06666e+03, atom= 1744
Step=  780, Dmax= 1.2e-02 nm, Epot= -5.36433e+05 Fmax= 1.07890e+04, atom= 1744
Step=  781, Dmax= 6.1e-03 nm, Epot= -5.36480e+05 Fmax= 1.36039e+03, atom= 1744
Step=  782, Dmax= 7.3e-03 nm, Epot= -5.36504e+05 Fmax= 9.88815e+03, atom= 1744
Step=  783, Dmax= 8.8e-03 nm, Epot= -5.36558e+05 Fmax= 3.69984e+03, atom= 1744
Step=  784, Dmax= 1.1e-02 nm, Epot= -5.36524e+05 Fmax= 1.25310e+04, atom= 1744
Step=  785, Dmax= 5.3e-03 nm, Epot= -5.36574e+05 Fmax= 4.42010e+03, atom= 1744
Step=  786, Dmax= 6.3e-03 nm, Epot= -5.36589e+05 Fmax= 5.36723e+03, atom= 1744
Step=  787, Dmax= 7.6e-03 nm, Epot= -5.36602e+05 Fmax= 6.33034e+03, atom= 1744
Step=  788, Dmax= 9.1e-03 nm, Epot= -5.36611e+05 Fmax= 7.75300e+03, atom= 1744
Step=  789, Dmax= 1.1e-02 nm, Epot= -5.36618e+05 Fmax= 9.09058e+03, atom= 1744
Step=  790, Dmax= 1.3e-02 nm, Epot= -5.36616e+05 Fmax= 1.11702e+04, atom= 1744
Step=  791, Dmax= 6.6e-03 nm, Epot= -5.36668e+05 Fmax= 1.04044e+03, atom= 1744
Step=  792, Dmax= 7.9e-03 nm, Epot= -5.36708e+05 Fmax= 1.10502e+04, atom= 1744
Step=  793, Dmax= 9.5e-03 nm, Epot= -5.36774e+05 Fmax= 3.56246e+03, atom= 1744
Step=  794, Dmax= 1.1e-02 nm, Epot= -5.36725e+05 Fmax= 1.38820e+04, atom= 1744
Step=  795, Dmax= 5.7e-03 nm, Epot= -5.36788e+05 Fmax= 5.16748e+03, atom= 1744
Step=  796, Dmax= 6.8e-03 nm, Epot= -5.36804e+05 Fmax= 5.35031e+03, atom= 1744
Step=  797, Dmax= 8.2e-03 nm, Epot= -5.36812e+05 Fmax= 7.22620e+03, atom= 1744
Step=  798, Dmax= 9.8e-03 nm, Epot= -5.36825e+05 Fmax= 7.90770e+03, atom= 1744
Step=  799, Dmax= 1.2e-02 nm, Epot= -5.36823e+05 Fmax= 1.01984e+04, atom= 1744
Step=  800, Dmax= 5.9e-03 nm, Epot= -5.36865e+05 Fmax= 1.15239e+03, atom= 1744
Step=  801, Dmax= 7.1e-03 nm, Epot= -5.36898e+05 Fmax= 9.79984e+03, atom= 1744
Step=  802, Dmax= 8.5e-03 nm, Epot= -5.36951e+05 Fmax= 3.25416e+03, atom= 1744
Step=  803, Dmax= 1.0e-02 nm, Epot= -5.36919e+05 Fmax= 1.24589e+04, atom= 1744
Step=  804, Dmax= 5.1e-03 nm, Epot= -5.36966e+05 Fmax= 4.60165e+03, atom= 1744
Step=  805, Dmax= 6.1e-03 nm, Epot= -5.36982e+05 Fmax= 4.78913e+03, atom= 1744
Step=  806, Dmax= 7.3e-03 nm, Epot= -5.36992e+05 Fmax= 6.51366e+03, atom= 1744
Step=  807, Dmax= 8.8e-03 nm, Epot= -5.37006e+05 Fmax= 7.00934e+03, atom= 1744
Step=  808, Dmax= 1.1e-02 nm, Epot= -5.37007e+05 Fmax= 9.25447e+03, atom= 1744
Step=  809, Dmax= 1.3e-02 nm, Epot= -5.37015e+05 Fmax= 1.02091e+04, atom= 1744
Step=  810, Dmax= 1.5e-02 nm, Epot= -5.37000e+05 Fmax= 1.31863e+04, atom= 1744
Step=  811, Dmax= 7.6e-03 nm, Epot= -5.37076e+05 Fmax= 1.48992e+03, atom= 1744
Step=  812, Dmax= 9.1e-03 nm, Epot= -5.37078e+05 Fmax= 1.25267e+04, atom= 1744
Step=  813, Dmax= 1.1e-02 nm, Epot= -5.37158e+05 Fmax= 4.34933e+03, atom= 1744
Step=  814, Dmax= 1.3e-02 nm, Epot= -5.37079e+05 Fmax= 1.58227e+04, atom= 1744
Step=  815, Dmax= 6.6e-03 nm, Epot= -5.37169e+05 Fmax= 5.74522e+03, atom= 1744
Step=  816, Dmax= 7.9e-03 nm, Epot= -5.37183e+05 Fmax= 6.39870e+03, atom= 1744
Step=  817, Dmax= 9.5e-03 nm, Epot= -5.37189e+05 Fmax= 8.13737e+03, atom= 1744
Step=  818, Dmax= 1.1e-02 nm, Epot= -5.37197e+05 Fmax= 9.33858e+03, atom= 1744
Step=  819, Dmax= 1.4e-02 nm, Epot= -5.37191e+05 Fmax= 1.15804e+04, atom= 1744
Step=  820, Dmax= 6.8e-03 nm, Epot= -5.37249e+05 Fmax= 1.13171e+03, atom= 1744
Step=  821, Dmax= 8.2e-03 nm, Epot= -5.37275e+05 Fmax= 1.14987e+04, atom= 1744
Step=  822, Dmax= 9.8e-03 nm, Epot= -5.37345e+05 Fmax= 3.59232e+03, atom= 1744
Step=  823, Dmax= 1.2e-02 nm, Epot= -5.37287e+05 Fmax= 1.45502e+04, atom= 1744
Step=  824, Dmax= 5.9e-03 nm, Epot= -5.37357e+05 Fmax= 5.47944e+03, atom= 1744
Step=  825, Dmax= 7.1e-03 nm, Epot= -5.37374e+05 Fmax= 5.37712e+03, atom= 1744
Step=  826, Dmax= 8.5e-03 nm, Epot= -5.37379e+05 Fmax= 7.67576e+03, atom= 1744
Step=  827, Dmax= 1.0e-02 nm, Epot= -5.37393e+05 Fmax= 7.95258e+03, atom= 1744
Step=  828, Dmax= 1.2e-02 nm, Epot= -5.37385e+05 Fmax= 1.08289e+04, atom= 1744
Step=  829, Dmax= 6.1e-03 nm, Epot= -5.37433e+05 Fmax= 1.43770e+03, atom= 1744
Step=  830, Dmax= 7.3e-03 nm, Epot= -5.37450e+05 Fmax= 9.81469e+03, atom= 1744
Step=  831, Dmax= 8.8e-03 nm, Epot= -5.37502e+05 Fmax= 3.71983e+03, atom= 1744
Step=  832, Dmax= 1.1e-02 nm, Epot= -5.37466e+05 Fmax= 1.24789e+04, atom= 1744
Step=  833, Dmax= 5.3e-03 nm, Epot= -5.37517e+05 Fmax= 4.38398e+03, atom= 1744
Step=  834, Dmax= 6.3e-03 nm, Epot= -5.37531e+05 Fmax= 5.35970e+03, atom= 1744
Step=  835, Dmax= 7.6e-03 nm, Epot= -5.37543e+05 Fmax= 6.30972e+03, atom= 1744
Step=  836, Dmax= 9.1e-03 nm, Epot= -5.37550e+05 Fmax= 7.71604e+03, atom= 1744
Step=  837, Dmax= 1.1e-02 nm, Epot= -5.37557e+05 Fmax= 9.08156e+03, atom= 1744
Step=  838, Dmax= 1.3e-02 nm, Epot= -5.37554e+05 Fmax= 1.11013e+04, atom= 1744
Step=  839, Dmax= 6.6e-03 nm, Epot= -5.37606e+05 Fmax= 1.01058e+03, atom= 1744
Step=  840, Dmax= 7.9e-03 nm, Epot= -5.37642e+05 Fmax= 1.10920e+04, atom= 1744
Step=  841, Dmax= 9.4e-03 nm, Epot= -5.37708e+05 Fmax= 3.46738e+03, atom= 1744
Step=  842, Dmax= 1.1e-02 nm, Epot= -5.37656e+05 Fmax= 1.39392e+04, atom= 1744
Step=  843, Dmax= 5.7e-03 nm, Epot= -5.37720e+05 Fmax= 5.24374e+03, atom= 1744
Step=  844, Dmax= 6.8e-03 nm, Epot= -5.37736e+05 Fmax= 5.23041e+03, atom= 1744
Step=  845, Dmax= 8.2e-03 nm, Epot= -5.37742e+05 Fmax= 7.31416e+03, atom= 1744
Step=  846, Dmax= 9.8e-03 nm, Epot= -5.37755e+05 Fmax= 7.76032e+03, atom= 1744
Step=  847, Dmax= 1.2e-02 nm, Epot= -5.37750e+05 Fmax= 1.02948e+04, atom= 1744
Step=  848, Dmax= 5.9e-03 nm, Epot= -5.37794e+05 Fmax= 1.27426e+03, atom= 1744
Step=  849, Dmax= 7.1e-03 nm, Epot= -5.37816e+05 Fmax= 9.59963e+03, atom= 1744
Step=  850, Dmax= 8.5e-03 nm, Epot= -5.37867e+05 Fmax= 3.41519e+03, atom= 1744
Step=  851, Dmax= 1.0e-02 nm, Epot= -5.37834e+05 Fmax= 1.22256e+04, atom= 1744
Step=  852, Dmax= 5.1e-03 nm, Epot= -5.37881e+05 Fmax= 4.40373e+03, atom= 1744
Step=  853, Dmax= 6.1e-03 nm, Epot= -5.37895e+05 Fmax= 4.96339e+03, atom= 1744
Step=  854, Dmax= 7.3e-03 nm, Epot= -5.37906e+05 Fmax= 6.29225e+03, atom= 1744
Step=  855, Dmax= 8.8e-03 nm, Epot= -5.37916e+05 Fmax= 7.19343e+03, atom= 1744
Step=  856, Dmax= 1.1e-02 nm, Epot= -5.37920e+05 Fmax= 9.00721e+03, atom= 1744
Step=  857, Dmax= 1.3e-02 nm, Epot= -5.37923e+05 Fmax= 1.03994e+04, atom= 1744
Step=  858, Dmax= 1.5e-02 nm, Epot= -5.37911e+05 Fmax= 1.29095e+04, atom= 1744
Step=  859, Dmax= 7.6e-03 nm, Epot= -5.37985e+05 Fmax= 1.25716e+03, atom= 1744
Step=  860, Dmax= 9.1e-03 nm, Epot= -5.37992e+05 Fmax= 1.27491e+04, atom= 1744
Step=  861, Dmax= 1.1e-02 nm, Epot= -5.38075e+05 Fmax= 4.07309e+03, atom= 1744
Step=  862, Dmax= 1.3e-02 nm, Epot= -5.37993e+05 Fmax= 1.60434e+04, atom= 1744
Step=  863, Dmax= 6.5e-03 nm, Epot= -5.38085e+05 Fmax= 5.99580e+03, atom= 1744
Step=  864, Dmax= 7.9e-03 nm, Epot= -5.38100e+05 Fmax= 6.10212e+03, atom= 1744
Step=  865, Dmax= 9.4e-03 nm, Epot= -5.38102e+05 Fmax= 8.39330e+03, atom= 1744
Step=  866, Dmax= 1.1e-02 nm, Epot= -5.38112e+05 Fmax= 9.01839e+03, atom= 1744
Step=  867, Dmax= 1.4e-02 nm, Epot= -5.38101e+05 Fmax= 1.18388e+04, atom= 1744
Step=  868, Dmax= 6.8e-03 nm, Epot= -5.38161e+05 Fmax= 1.42024e+03, atom= 1744
Step=  869, Dmax= 8.1e-03 nm, Epot= -5.38169e+05 Fmax= 1.11296e+04, atom= 1744
Step=  870, Dmax= 9.8e-03 nm, Epot= -5.38233e+05 Fmax= 3.91068e+03, atom= 1744
Step=  871, Dmax= 1.2e-02 nm, Epot= -5.38176e+05 Fmax= 1.41533e+04, atom= 1744
Step=  872, Dmax= 5.9e-03 nm, Epot= -5.38246e+05 Fmax= 5.12000e+03, atom= 1744
Step=  873, Dmax= 7.0e-03 nm, Epot= -5.38259e+05 Fmax= 5.70530e+03, atom= 1744
Step=  874, Dmax= 8.4e-03 nm, Epot= -5.38266e+05 Fmax= 7.29554e+03, atom= 1744
Step=  875, Dmax= 1.0e-02 nm, Epot= -5.38275e+05 Fmax= 8.28632e+03, atom= 1744
Step=  876, Dmax= 1.2e-02 nm, Epot= -5.38272e+05 Fmax= 1.04254e+04, atom= 1744
Step=  877, Dmax= 6.1e-03 nm, Epot= -5.38317e+05 Fmax= 1.06892e+03, atom= 1744
Step=  878, Dmax= 7.3e-03 nm, Epot= -5.38347e+05 Fmax= 1.01736e+04, atom= 1744
Step=  879, Dmax= 8.8e-03 nm, Epot= -5.38403e+05 Fmax= 3.31819e+03, atom= 1744
Step=  880, Dmax= 1.1e-02 nm, Epot= -5.38364e+05 Fmax= 1.28349e+04, atom= 1744
Step=  881, Dmax= 5.3e-03 nm, Epot= -5.38416e+05 Fmax= 4.76402e+03, atom= 1744
Step=  882, Dmax= 6.3e-03 nm, Epot= -5.38431e+05 Fmax= 4.94304e+03, atom= 1744
Step=  883, Dmax= 7.6e-03 nm, Epot= -5.38439e+05 Fmax= 6.69317e+03, atom= 1744
Step=  884, Dmax= 9.1e-03 nm, Epot= -5.38450e+05 Fmax= 7.28105e+03, atom= 1744
Step=  885, Dmax= 1.1e-02 nm, Epot= -5.38450e+05 Fmax= 9.46656e+03, atom= 1744
Step=  886, Dmax= 5.4e-03 nm, Epot= -5.38485e+05 Fmax= 1.09851e+03, atom= 1744
Step=  887, Dmax= 6.5e-03 nm, Epot= -5.38515e+05 Fmax= 8.96986e+03, atom= 1744
Step=  888, Dmax= 7.8e-03 nm, Epot= -5.38561e+05 Fmax= 3.10051e+03, atom= 1744
Step=  889, Dmax= 9.4e-03 nm, Epot= -5.38536e+05 Fmax= 1.13954e+04, atom= 1744
Step=  890, Dmax= 4.7e-03 nm, Epot= -5.38575e+05 Fmax= 4.14596e+03, atom= 1744
Step=  891, Dmax= 5.6e-03 nm, Epot= -5.38589e+05 Fmax= 4.54302e+03, atom= 1744
Step=  892, Dmax= 6.8e-03 nm, Epot= -5.38599e+05 Fmax= 5.89047e+03, atom= 1744
Step=  893, Dmax= 8.1e-03 nm, Epot= -5.38611e+05 Fmax= 6.61814e+03, atom= 1744
Step=  894, Dmax= 9.8e-03 nm, Epot= -5.38614e+05 Fmax= 8.40097e+03, atom= 1744
Step=  895, Dmax= 1.2e-02 nm, Epot= -5.38620e+05 Fmax= 9.59939e+03, atom= 1744
Step=  896, Dmax= 1.4e-02 nm, Epot= -5.38610e+05 Fmax= 1.20141e+04, atom= 1744
Step=  897, Dmax= 7.0e-03 nm, Epot= -5.38674e+05 Fmax= 1.20855e+03, atom= 1744
Step=  898, Dmax= 8.4e-03 nm, Epot= -5.38686e+05 Fmax= 1.17900e+04, atom= 1744
Step=  899, Dmax= 1.0e-02 nm, Epot= -5.38758e+05 Fmax= 3.80241e+03, atom= 1744
Step=  900, Dmax= 1.2e-02 nm, Epot= -5.38691e+05 Fmax= 1.48599e+04, atom= 1744
Step=  901, Dmax= 6.1e-03 nm, Epot= -5.38768e+05 Fmax= 5.53720e+03, atom= 1744
Step=  902, Dmax= 7.3e-03 nm, Epot= -5.38782e+05 Fmax= 5.67756e+03, atom= 1744
Step=  903, Dmax= 8.7e-03 nm, Epot= -5.38786e+05 Fmax= 7.76715e+03, atom= 1744
Step=  904, Dmax= 1.0e-02 nm, Epot= -5.38796e+05 Fmax= 8.37556e+03, atom= 1744
Step=  905, Dmax= 1.3e-02 nm, Epot= -5.38789e+05 Fmax= 1.09703e+04, atom= 1744
Step=  906, Dmax= 6.3e-03 nm, Epot= -5.38840e+05 Fmax= 1.30580e+03, atom= 1744
Step=  907, Dmax= 7.6e-03 nm, Epot= -5.38854e+05 Fmax= 1.03201e+04, atom= 1744
Step=  908, Dmax= 9.1e-03 nm, Epot= -5.38911e+05 Fmax= 3.62740e+03, atom= 1744
Step=  909, Dmax= 1.1e-02 nm, Epot= -5.38865e+05 Fmax= 1.31174e+04, atom= 1744
Step=  910, Dmax= 5.4e-03 nm, Epot= -5.38923e+05 Fmax= 4.74368e+03, atom= 1744
Step=  911, Dmax= 6.5e-03 nm, Epot= -5.38936e+05 Fmax= 5.29653e+03, atom= 1744
Step=  912, Dmax= 7.8e-03 nm, Epot= -5.38944e+05 Fmax= 6.75633e+03, atom= 1744
Step=  913, Dmax= 9.4e-03 nm, Epot= -5.38953e+05 Fmax= 7.69500e+03, atom= 1744
Step=  914, Dmax= 1.1e-02 nm, Epot= -5.38952e+05 Fmax= 9.65439e+03, atom= 1744
Step=  915, Dmax= 5.6e-03 nm, Epot= -5.38990e+05 Fmax= 9.79203e+02, atom= 1744

writing lowest energy coordinates.

Steepest Descents converged to Fmax < 1000 in 916 steps
Potential Energy  = -5.3899025e+05
Maximum force     =  9.7920319e+02 on atom 1744
Norm of force     =  1.7929051e+01

GROMACS reminds you: "Safety lights are for dudes" (Ghostbusters 2016)

