
--- stderr ---
                :-) GROMACS - gmx mdrun, 2024.5-conda_forge (-:

Executable:   /usr/local/Caskroom/miniforge/base/envs/gromacs_env/bin.AVX2_256/gmx
Data prefix:  /usr/local/Caskroom/miniforge/base/envs/gromacs_env
Working dir:  /Users/laetitiaguerin/Library/CloudStorage/OneDrive-Personal/Documents/BSc_Nanobiology/Year_5/BEP/Energy_minimization/tleap_runs/O52681_D79P
Command line:
  gmx mdrun -v -deffnm O52681_D79P_minim

The current CPU can measure timings more accurately than the code in
gmx mdrun was configured to use. This might affect your simulation
speed as accurate timings are needed for load-balancing.
Please consider rebuilding gmx mdrun with the GMX_USE_RDTSCP=ON CMake option.
Reading file O52681_D79P_minim.tpr, VERSION 2024.5-conda_forge (single precision)

Using 1 MPI thread
Using 8 OpenMP threads 


Steepest Descents:
   Tolerance (Fmax)   =  1.00000e+03
   Number of steps    =        50000
Step=    0, Dmax= 1.0e-02 nm, Epot=  3.19524e+06 Fmax= 5.66995e+08, atom= 1881
Step=    1, Dmax= 1.0e-02 nm, Epot= -2.10059e+05 Fmax= 2.81498e+07, atom= 1881
Step=    2, Dmax= 1.2e-02 nm, Epot= -4.21178e+05 Fmax= 1.62878e+06, atom= 1881
Step=    3, Dmax= 1.4e-02 nm, Epot= -4.36192e+05 Fmax= 1.10499e+05, atom= 1881
Step=    4, Dmax= 1.7e-02 nm, Epot= -4.38119e+05 Fmax= 1.96144e+04, atom= 1880
Step=    5, Dmax= 2.1e-02 nm, Epot= -4.42001e+05 Fmax= 6.89669e+03, atom= 1881
Step=    6, Dmax= 2.5e-02 nm, Epot= -4.51103e+05 Fmax= 1.61592e+04, atom= 1880
Step=    7, Dmax= 3.0e-02 nm, Epot= -4.54460e+05 Fmax= 2.62899e+04, atom= 1880
Step=    8, Dmax= 3.6e-02 nm, Epot= -4.57014e+05 Fmax= 1.91629e+04, atom= 1880
Step=    9, Dmax= 4.3e-02 nm, Epot= -4.59270e+05 Fmax= 3.90036e+04, atom= 1880
Step=   10, Dmax= 5.2e-02 nm, Epot= -4.61594e+05 Fmax= 2.87355e+04, atom= 1880
Step=   11, Dmax= 6.2e-02 nm, Epot= -4.61437e+05 Fmax= 5.39051e+04, atom= 1880
Step=   12, Dmax= 3.1e-02 nm, Epot= -4.63685e+05 Fmax= 1.25208e+04, atom= 1880
Step=   13, Dmax= 3.7e-02 nm, Epot= -4.64971e+05 Fmax= 3.58049e+04, atom= 1880
Step=   14, Dmax= 4.5e-02 nm, Epot= -4.67115e+05 Fmax= 2.33772e+04, atom= 1880
Step=   15, Dmax= 5.3e-02 nm, Epot= -4.62973e+05 Fmax= 4.72073e+04, atom= 1880
Step=   16, Dmax= 2.7e-02 nm, Epot= -4.68990e+05 Fmax= 1.17902e+04, atom= 1880
Step=   17, Dmax= 3.2e-02 nm, Epot= -4.66231e+05 Fmax= 3.35710e+04, atom= 1746
Step=   18, Dmax= 1.6e-02 nm, Epot= -4.70186e+05 Fmax= 1.15156e+04, atom= 1746
Step=   19, Dmax= 1.9e-02 nm, Epot= -4.70776e+05 Fmax= 1.77758e+04, atom= 1746
Step=   20, Dmax= 2.3e-02 nm, Epot= -4.71932e+05 Fmax= 1.74275e+04, atom= 1746
Step=   21, Dmax= 2.8e-02 nm, Epot= -4.71844e+05 Fmax= 2.46382e+04, atom= 1746
Step=   22, Dmax= 1.4e-02 nm, Epot= -4.73811e+05 Fmax= 3.65950e+03, atom= 1746
Step=   23, Dmax= 1.7e-02 nm, Epot= -4.75165e+05 Fmax= 2.17711e+04, atom= 1746
Step=   24, Dmax= 2.0e-02 nm, Epot= -4.77335e+05 Fmax= 8.66801e+03, atom= 1746
Step=   25, Dmax= 2.4e-02 nm, Epot= -4.76194e+05 Fmax= 2.78839e+04, atom= 1746
Step=   26, Dmax= 1.2e-02 nm, Epot= -4.78095e+05 Fmax= 9.61454e+03, atom= 1746
Step=   27, Dmax= 1.4e-02 nm, Epot= -4.78720e+05 Fmax= 1.22891e+04, atom= 1746
Step=   28, Dmax= 1.7e-02 nm, Epot= -4.79314e+05 Fmax= 1.40244e+04, atom= 1746
Step=   29, Dmax= 2.1e-02 nm, Epot= -4.79665e+05 Fmax= 1.74753e+04, atom= 1746
Step=   30, Dmax= 2.5e-02 nm, Epot= -4.79967e+05 Fmax= 2.03270e+04, atom= 1746
Step=   31, Dmax= 3.0e-02 nm, Epot= -4.79870e+05 Fmax= 2.48656e+04, atom= 1746
Step=   32, Dmax= 1.5e-02 nm, Epot= -4.81898e+05 Fmax= 2.35744e+03, atom= 1746
Step=   33, Dmax= 1.8e-02 nm, Epot= -4.83036e+05 Fmax= 2.48848e+04, atom= 1746
Step=   34, Dmax= 2.1e-02 nm, Epot= -4.85464e+05 Fmax= 7.95991e+03, atom= 1746
Step=   35, Dmax= 2.6e-02 nm, Epot= -4.83273e+05 Fmax= 3.13191e+04, atom= 1746
Step=   36, Dmax= 1.3e-02 nm, Epot= -4.85807e+05 Fmax= 1.17177e+04, atom= 1746
Step=   37, Dmax= 1.5e-02 nm, Epot= -4.86280e+05 Fmax= 1.18665e+04, atom= 1746
Step=   38, Dmax= 1.9e-02 nm, Epot= -4.86368e+05 Fmax= 1.64129e+04, atom= 1746
Step=   39, Dmax= 2.2e-02 nm, Epot= -4.86706e+05 Fmax= 1.74690e+04, atom= 1746
Step=   40, Dmax= 2.7e-02 nm, Epot= -4.86376e+05 Fmax= 2.31387e+04, atom= 1746
Step=   41, Dmax= 1.3e-02 nm, Epot= -4.88050e+05 Fmax= 2.87305e+03, atom= 1746
Step=   42, Dmax= 1.6e-02 nm, Epot= -4.88212e+05 Fmax= 2.17158e+04, atom= 1746
Step=   43, Dmax= 1.9e-02 nm, Epot= -4.89941e+05 Fmax= 7.69936e+03, atom= 1746
Step=   44, Dmax= 2.3e-02 nm, Epot= -4.88381e+05 Fmax= 2.75006e+04, atom= 1746
Step=   45, Dmax= 1.2e-02 nm, Epot= -4.90243e+05 Fmax= 9.92229e+03, atom= 1746
Step=   46, Dmax= 1.4e-02 nm, Epot= -4.90547e+05 Fmax= 1.12004e+04, atom= 1746
Step=   47, Dmax= 1.7e-02 nm, Epot= -4.90703e+05 Fmax= 1.41495e+04, atom= 1746
Step=   48, Dmax= 2.0e-02 nm, Epot= -4.90867e+05 Fmax= 1.62359e+04, atom= 1746
Step=   49, Dmax= 2.4e-02 nm, Epot= -4.90764e+05 Fmax= 2.01747e+04, atom= 1746
Step=   50, Dmax= 1.2e-02 nm, Epot= -4.91952e+05 Fmax= 2.01427e+03, atom= 1746
Step=   51, Dmax= 1.4e-02 nm, Epot= -4.92470e+05 Fmax= 1.97874e+04, atom= 1746
Step=   52, Dmax= 1.7e-02 nm, Epot= -4.93836e+05 Fmax= 6.57879e+03, atom= 1746
Step=   53, Dmax= 2.1e-02 nm, Epot= -4.92647e+05 Fmax= 2.49573e+04, atom= 1746
Step=   54, Dmax= 1.0e-02 nm, Epot= -4.94060e+05 Fmax= 9.20209e+03, atom= 1746
Step=   55, Dmax= 1.2e-02 nm, Epot= -4.94329e+05 Fmax= 9.76782e+03, atom= 1746
Step=   56, Dmax= 1.5e-02 nm, Epot= -4.94430e+05 Fmax= 1.29449e+04, atom= 1746
Step=   57, Dmax= 1.8e-02 nm, Epot= -4.94608e+05 Fmax= 1.43243e+04, atom= 1746
Step=   58, Dmax= 2.1e-02 nm, Epot= -4.94502e+05 Fmax= 1.83397e+04, atom= 1746
Step=   59, Dmax= 1.1e-02 nm, Epot= -4.95411e+05 Fmax= 2.02545e+03, atom= 1746
Step=   60, Dmax= 1.3e-02 nm, Epot= -4.95745e+05 Fmax= 1.78155e+04, atom= 1746
Step=   61, Dmax= 1.5e-02 nm, Epot= -4.96786e+05 Fmax= 5.81695e+03, atom= 1746
Step=   62, Dmax= 1.9e-02 nm, Epot= -4.95965e+05 Fmax= 2.25190e+04, atom= 1746
Step=   63, Dmax= 9.3e-03 nm, Epot= -4.96980e+05 Fmax= 8.36750e+03, atom= 1746
Step=   64, Dmax= 1.1e-02 nm, Epot= -4.97215e+05 Fmax= 8.60339e+03, atom= 1746
Step=   65, Dmax= 1.3e-02 nm, Epot= -4.97307e+05 Fmax= 1.17974e+04, atom= 1746
Step=   66, Dmax= 1.6e-02 nm, Epot= -4.97492e+05 Fmax= 1.26327e+04, atom= 1746
Step=   67, Dmax= 1.9e-02 nm, Epot= -4.97416e+05 Fmax= 1.66864e+04, atom= 1746
Step=   68, Dmax= 9.6e-03 nm, Epot= -4.98080e+05 Fmax= 2.04914e+03, atom= 1746
Step=   69, Dmax= 1.2e-02 nm, Epot= -4.98383e+05 Fmax= 1.54569e+04, atom= 1746
Step=   70, Dmax= 1.4e-02 nm, Epot= -4.99114e+05 Fmax= 5.71173e+03, atom= 1746
Step=   71, Dmax= 1.7e-02 nm, Epot= -4.98605e+05 Fmax= 1.96246e+04, atom= 1746
Step=   72, Dmax= 8.3e-03 nm, Epot= -4.99305e+05 Fmax= 6.95650e+03, atom= 1746
Step=   73, Dmax= 1.0e-02 nm, Epot= -4.99478e+05 Fmax= 8.29692e+03, atom= 1746
Step=   74, Dmax= 1.2e-02 nm, Epot= -4.99622e+05 Fmax= 9.95502e+03, atom= 1746
Step=   75, Dmax= 1.4e-02 nm, Epot= -4.99727e+05 Fmax= 1.19805e+04, atom= 1746
Step=   76, Dmax= 1.7e-02 nm, Epot= -4.99784e+05 Fmax= 1.42933e+04, atom= 1746
Step=   77, Dmax= 2.1e-02 nm, Epot= -4.99757e+05 Fmax= 1.72235e+04, atom= 1746
Step=   78, Dmax= 1.0e-02 nm, Epot= -5.00432e+05 Fmax= 1.49898e+03, atom= 1746
Step=   79, Dmax= 1.2e-02 nm, Epot= -5.00885e+05 Fmax= 1.72657e+04, atom= 1746
Step=   80, Dmax= 1.5e-02 nm, Epot= -5.01682e+05 Fmax= 5.52864e+03, atom= 1746
Step=   81, Dmax= 1.8e-02 nm, Epot= -5.01026e+05 Fmax= 2.17502e+04, atom= 1746
Step=   82, Dmax= 8.9e-03 nm, Epot= -5.01814e+05 Fmax= 8.12046e+03, atom= 1746
Step=   83, Dmax= 1.1e-02 nm, Epot= -5.01985e+05 Fmax= 8.28411e+03, atom= 1746
Step=   84, Dmax= 1.3e-02 nm, Epot= -5.02044e+05 Fmax= 1.13619e+04, atom= 1746
Step=   85, Dmax= 1.5e-02 nm, Epot= -5.02175e+05 Fmax= 1.22249e+04, atom= 1746
Step=   86, Dmax= 1.8e-02 nm, Epot= -5.02115e+05 Fmax= 1.60445e+04, atom= 1746
Step=   87, Dmax= 9.2e-03 nm, Epot= -5.02618e+05 Fmax= 1.91606e+03, atom= 1746
Step=   88, Dmax= 1.1e-02 nm, Epot= -5.02834e+05 Fmax= 1.52230e+04, atom= 1746
Step=   89, Dmax= 1.3e-02 nm, Epot= -5.03401e+05 Fmax= 5.20193e+03, atom= 1746
Step=   90, Dmax= 1.6e-02 nm, Epot= -5.03020e+05 Fmax= 1.92916e+04, atom= 1746
Step=   91, Dmax= 8.0e-03 nm, Epot= -5.03536e+05 Fmax= 7.05628e+03, atom= 1746
Step=   92, Dmax= 9.6e-03 nm, Epot= -5.03680e+05 Fmax= 7.62120e+03, atom= 1746
Step=   93, Dmax= 1.1e-02 nm, Epot= -5.03769e+05 Fmax= 1.00121e+04, atom= 1746
Step=   94, Dmax= 1.4e-02 nm, Epot= -5.03881e+05 Fmax= 1.11245e+04, atom= 1746
Step=   95, Dmax= 1.7e-02 nm, Epot= -5.03890e+05 Fmax= 1.42289e+04, atom= 1746
Step=   96, Dmax= 2.0e-02 nm, Epot= -5.03929e+05 Fmax= 1.61793e+04, atom= 1746
Step=   97, Dmax= 2.4e-02 nm, Epot= -5.03793e+05 Fmax= 2.02295e+04, atom= 1746
Step=   98, Dmax= 1.2e-02 nm, Epot= -5.04539e+05 Fmax= 2.07346e+03, atom= 1746
Step=   99, Dmax= 1.4e-02 nm, Epot= -5.04543e+05 Fmax= 1.97556e+04, atom= 1746
Step=  100, Dmax= 1.7e-02 nm, Epot= -5.05311e+05 Fmax= 6.59351e+03, atom= 1746
Step=  101, Dmax= 2.1e-02 nm, Epot= -5.04538e+05 Fmax= 2.49940e+04, atom= 1746
Step=  102, Dmax= 1.0e-02 nm, Epot= -5.05397e+05 Fmax= 9.20864e+03, atom= 1746
Step=  103, Dmax= 1.2e-02 nm, Epot= -5.05518e+05 Fmax= 9.74821e+03, atom= 1746
Step=  104, Dmax= 1.5e-02 nm, Epot= -5.05539e+05 Fmax= 1.29912e+04, atom= 1746
Step=  105, Dmax= 1.8e-02 nm, Epot= -5.05616e+05 Fmax= 1.42617e+04, atom= 1746
Step=  106, Dmax= 2.1e-02 nm, Epot= -5.05522e+05 Fmax= 1.84391e+04, atom= 1746
Step=  107, Dmax= 1.1e-02 nm, Epot= -5.06055e+05 Fmax= 2.09952e+03, atom= 1746
Step=  108, Dmax= 1.3e-02 nm, Epot= -5.06128e+05 Fmax= 1.76888e+04, atom= 1746
Step=  109, Dmax= 1.5e-02 nm, Epot= -5.06686e+05 Fmax= 5.96649e+03, atom= 1746
Step=  110, Dmax= 1.8e-02 nm, Epot= -5.06220e+05 Fmax= 2.23151e+04, atom= 1746
Step=  111, Dmax= 9.2e-03 nm, Epot= -5.06782e+05 Fmax= 8.19354e+03, atom= 1746
Step=  112, Dmax= 1.1e-02 nm, Epot= -5.06893e+05 Fmax= 8.80084e+03, atom= 1746
Step=  113, Dmax= 1.3e-02 nm, Epot= -5.06944e+05 Fmax= 1.15715e+04, atom= 1746
Step=  114, Dmax= 1.6e-02 nm, Epot= -5.07022e+05 Fmax= 1.28881e+04, atom= 1746
Step=  115, Dmax= 1.9e-02 nm, Epot= -5.06997e+05 Fmax= 1.63980e+04, atom= 1746
Step=  116, Dmax= 9.6e-03 nm, Epot= -5.07345e+05 Fmax= 1.77959e+03, atom= 1746
Step=  117, Dmax= 1.1e-02 nm, Epot= -5.07556e+05 Fmax= 1.58239e+04, atom= 1746
Step=  118, Dmax= 1.4e-02 nm, Epot= -5.07963e+05 Fmax= 5.32545e+03, atom= 1746
Step=  119, Dmax= 1.7e-02 nm, Epot= -5.07689e+05 Fmax= 2.00794e+04, atom= 1746
Step=  120, Dmax= 8.3e-03 nm, Epot= -5.08059e+05 Fmax= 7.37835e+03, atom= 1746
Step=  121, Dmax= 9.9e-03 nm, Epot= -5.08164e+05 Fmax= 7.84248e+03, atom= 1746
Step=  122, Dmax= 1.2e-02 nm, Epot= -5.08227e+05 Fmax= 1.04422e+04, atom= 1746
Step=  123, Dmax= 1.4e-02 nm, Epot= -5.08312e+05 Fmax= 1.14552e+04, atom= 1746
Step=  124, Dmax= 1.7e-02 nm, Epot= -5.08316e+05 Fmax= 1.48509e+04, atom= 1746
Step=  125, Dmax= 2.1e-02 nm, Epot= -5.08355e+05 Fmax= 1.66203e+04, atom= 1746
Step=  126, Dmax= 2.5e-02 nm, Epot= -5.08245e+05 Fmax= 2.11819e+04, atom= 1746
Step=  127, Dmax= 1.2e-02 nm, Epot= -5.08787e+05 Fmax= 2.30127e+03, atom= 1746
Step=  128, Dmax= 1.5e-02 nm, Epot= -5.08771e+05 Fmax= 2.05279e+04, atom= 1746
Step=  129, Dmax= 7.4e-03 nm, Epot= -5.08949e+05 Fmax= 9.07923e+03, atom= 1746
Step=  130, Dmax= 8.9e-03 nm, Epot= -5.09106e+05 Fmax= 4.58015e+03, atom= 1746
Step=  131, Dmax= 1.1e-02 nm, Epot= -5.09143e+05 Fmax= 1.17782e+04, atom= 1746
Step=  132, Dmax= 1.3e-02 nm, Epot= -5.09326e+05 Fmax= 7.88348e+03, atom= 1746
Step=  133, Dmax= 1.5e-02 nm, Epot= -5.09254e+05 Fmax= 1.56525e+04, atom= 1746
Step=  134, Dmax= 7.7e-03 nm, Epot= -5.09459e+05 Fmax= 3.89391e+03, atom= 1746
Step=  135, Dmax= 9.2e-03 nm, Epot= -5.09534e+05 Fmax= 1.02668e+04, atom= 1746
Step=  136, Dmax= 1.1e-02 nm, Epot= -5.09690e+05 Fmax= 6.69037e+03, atom= 1746
Step=  137, Dmax= 1.3e-02 nm, Epot= -5.09674e+05 Fmax= 1.37005e+04, atom= 1746
Step=  138, Dmax= 6.6e-03 nm, Epot= -5.09804e+05 Fmax= 3.50291e+03, atom= 1746
Step=  139, Dmax= 8.0e-03 nm, Epot= -5.09902e+05 Fmax= 8.70938e+03, atom= 1746
Step=  140, Dmax= 9.6e-03 nm, Epot= -5.10031e+05 Fmax= 5.97952e+03, atom= 1746
Step=  141, Dmax= 1.1e-02 nm, Epot= -5.10061e+05 Fmax= 1.15998e+04, atom= 1746
Step=  142, Dmax= 1.4e-02 nm, Epot= -5.10199e+05 Fmax= 9.54249e+03, atom= 1746
Step=  143, Dmax= 1.7e-02 nm, Epot= -5.10153e+05 Fmax= 1.57475e+04, atom= 1746
Step=  144, Dmax= 8.3e-03 nm, Epot= -5.10352e+05 Fmax= 3.11642e+03, atom= 1746
Step=  145, Dmax= 9.9e-03 nm, Epot= -5.10436e+05 Fmax= 1.21228e+04, atom= 1746
Step=  146, Dmax= 1.2e-02 nm, Epot= -5.10623e+05 Fmax= 6.10673e+03, atom= 1746
Step=  147, Dmax= 1.4e-02 nm, Epot= -5.10565e+05 Fmax= 1.58302e+04, atom= 1746
Step=  148, Dmax= 7.1e-03 nm, Epot= -5.10722e+05 Fmax= 4.85859e+03, atom= 1746
Step=  149, Dmax= 8.6e-03 nm, Epot= -5.10799e+05 Fmax= 8.26420e+03, atom= 1746
Step=  150, Dmax= 1.0e-02 nm, Epot= -5.10899e+05 Fmax= 7.53031e+03, atom= 1746
Step=  151, Dmax= 1.2e-02 nm, Epot= -5.10939e+05 Fmax= 1.13617e+04, atom= 1746
Step=  152, Dmax= 1.5e-02 nm, Epot= -5.11031e+05 Fmax= 1.13674e+04, atom= 1746
Step=  153, Dmax= 1.8e-02 nm, Epot= -5.11017e+05 Fmax= 1.58068e+04, atom= 1746
Step=  154, Dmax= 8.9e-03 nm, Epot= -5.11209e+05 Fmax= 2.23882e+03, atom= 1746
Step=  155, Dmax= 1.1e-02 nm, Epot= -5.11343e+05 Fmax= 1.41708e+04, atom= 1746
Step=  156, Dmax= 1.3e-02 nm, Epot= -5.11569e+05 Fmax= 5.43293e+03, atom= 1746
Step=  157, Dmax= 1.5e-02 nm, Epot= -5.11471e+05 Fmax= 1.81742e+04, atom= 1746
Step=  158, Dmax= 7.7e-03 nm, Epot= -5.11653e+05 Fmax= 6.36798e+03, atom= 1746
Step=  159, Dmax= 9.2e-03 nm, Epot= -5.11731e+05 Fmax= 7.73753e+03, atom= 1746
Step=  160, Dmax= 1.1e-02 nm, Epot= -5.11801e+05 Fmax= 9.24904e+03, atom= 1746
Step=  161, Dmax= 1.3e-02 nm, Epot= -5.11860e+05 Fmax= 1.10560e+04, atom= 1746
Step=  162, Dmax= 1.6e-02 nm, Epot= -5.11902e+05 Fmax= 1.33796e+04, atom= 1746
Step=  163, Dmax= 1.9e-02 nm, Epot= -5.11929e+05 Fmax= 1.58196e+04, atom= 1746
Step=  164, Dmax= 2.3e-02 nm, Epot= -5.11913e+05 Fmax= 1.92978e+04, atom= 1746
Step=  165, Dmax= 1.1e-02 nm, Epot= -5.12201e+05 Fmax= 1.75678e+03, atom= 1746
Step=  166, Dmax= 1.4e-02 nm, Epot= -5.12375e+05 Fmax= 1.93437e+04, atom= 1746
Step=  167, Dmax= 1.6e-02 nm, Epot= -5.12719e+05 Fmax= 6.10652e+03, atom= 1746
Step=  168, Dmax= 2.0e-02 nm, Epot= -5.12461e+05 Fmax= 2.41311e+04, atom= 1746
Step=  169, Dmax= 9.9e-03 nm, Epot= -5.12781e+05 Fmax= 9.04653e+03, atom= 1746
Step=  170, Dmax= 1.2e-02 nm, Epot= -5.12859e+05 Fmax= 9.22647e+03, atom= 1746
Step=  171, Dmax= 1.4e-02 nm, Epot= -5.12892e+05 Fmax= 1.25927e+04, atom= 1746
Step=  172, Dmax= 1.7e-02 nm, Epot= -5.12952e+05 Fmax= 1.36801e+04, atom= 1746
Step=  173, Dmax= 2.1e-02 nm, Epot= -5.12938e+05 Fmax= 1.76927e+04, atom= 1746
Step=  174, Dmax= 1.0e-02 nm, Epot= -5.13145e+05 Fmax= 2.03631e+03, atom= 1746
Step=  175, Dmax= 1.2e-02 nm, Epot= -5.13280e+05 Fmax= 1.69756e+04, atom= 1746
Step=  176, Dmax= 1.5e-02 nm, Epot= -5.13531e+05 Fmax= 5.68674e+03, atom= 1746
Step=  177, Dmax= 1.8e-02 nm, Epot= -5.13375e+05 Fmax= 2.16150e+04, atom= 1746
Step=  178, Dmax= 8.9e-03 nm, Epot= -5.13597e+05 Fmax= 7.96525e+03, atom= 1746
Step=  179, Dmax= 1.1e-02 nm, Epot= -5.13669e+05 Fmax= 8.33163e+03, atom= 1746
Step=  180, Dmax= 1.3e-02 nm, Epot= -5.13713e+05 Fmax= 1.13044e+04, atom= 1746
Step=  181, Dmax= 1.5e-02 nm, Epot= -5.13775e+05 Fmax= 1.21483e+04, atom= 1746
Step=  182, Dmax= 1.8e-02 nm, Epot= -5.13778e+05 Fmax= 1.60837e+04, atom= 1746
Step=  183, Dmax= 2.2e-02 nm, Epot= -5.13814e+05 Fmax= 1.76238e+04, atom= 1746
Step=  184, Dmax= 2.6e-02 nm, Epot= -5.13738e+05 Fmax= 2.29178e+04, atom= 1746
Step=  185, Dmax= 1.3e-02 nm, Epot= -5.14086e+05 Fmax= 2.67135e+03, atom= 1746
Step=  186, Dmax= 1.6e-02 nm, Epot= -5.14076e+05 Fmax= 2.17055e+04, atom= 1746
Step=  187, Dmax= 7.9e-03 nm, Epot= -5.14191e+05 Fmax= 9.48084e+03, atom= 1746
Step=  188, Dmax= 9.5e-03 nm, Epot= -5.14293e+05 Fmax= 5.17856e+03, atom= 1746
Step=  189, Dmax= 1.1e-02 nm, Epot= -5.14323e+05 Fmax= 1.23254e+04, atom= 1746
Step=  190, Dmax= 1.4e-02 nm, Epot= -5.14439e+05 Fmax= 8.77004e+03, atom= 1746
Step=  191, Dmax= 1.6e-02 nm, Epot= -5.14402e+05 Fmax= 1.64290e+04, atom= 1746
Step=  192, Dmax= 8.2e-03 nm, Epot= -5.14534e+05 Fmax= 3.84092e+03, atom= 1746
Step=  193, Dmax= 9.9e-03 nm, Epot= -5.14592e+05 Fmax= 1.13789e+04, atom= 1746
Step=  194, Dmax= 1.2e-02 nm, Epot= -5.14707e+05 Fmax= 6.78430e+03, atom= 1746
Step=  195, Dmax= 1.4e-02 nm, Epot= -5.14691e+05 Fmax= 1.51062e+04, atom= 1746
Step=  196, Dmax= 7.1e-03 nm, Epot= -5.14783e+05 Fmax= 4.15826e+03, atom= 1746
Step=  197, Dmax= 8.5e-03 nm, Epot= -5.14848e+05 Fmax= 8.90436e+03, atom= 1746
Step=  198, Dmax= 1.0e-02 nm, Epot= -5.14932e+05 Fmax= 6.85748e+03, atom= 1746
Step=  199, Dmax= 1.2e-02 nm, Epot= -5.14960e+05 Fmax= 1.19614e+04, atom= 1746
Step=  200, Dmax= 1.5e-02 nm, Epot= -5.15044e+05 Fmax= 1.07159e+04, atom= 1746
Step=  201, Dmax= 1.8e-02 nm, Epot= -5.15025e+05 Fmax= 1.63642e+04, atom= 1746
Step=  202, Dmax= 8.8e-03 nm, Epot= -5.15160e+05 Fmax= 2.84166e+03, atom= 1746
Step=  203, Dmax= 1.1e-02 nm, Epot= -5.15235e+05 Fmax= 1.35452e+04, atom= 1746
Step=  204, Dmax= 1.3e-02 nm, Epot= -5.15383e+05 Fmax= 5.98503e+03, atom= 1746
Step=  205, Dmax= 1.5e-02 nm, Epot= -5.15332e+05 Fmax= 1.75644e+04, atom= 1746
Step=  206, Dmax= 7.6e-03 nm, Epot= -5.15450e+05 Fmax= 5.78633e+03, atom= 1746
Step=  207, Dmax= 9.2e-03 nm, Epot= -5.15507e+05 Fmax= 8.26131e+03, atom= 1746
Step=  208, Dmax= 1.1e-02 nm, Epot= -5.15570e+05 Fmax= 8.68420e+03, atom= 1746
Step=  209, Dmax= 1.3e-02 nm, Epot= -5.15608e+05 Fmax= 1.15456e+04, atom= 1746
Step=  210, Dmax= 1.6e-02 nm, Epot= -5.15657e+05 Fmax= 1.28281e+04, atom= 1746
Step=  211, Dmax= 1.9e-02 nm, Epot= -5.15664e+05 Fmax= 1.62714e+04, atom= 1746
Step=  212, Dmax= 2.3e-02 nm, Epot= -5.15678e+05 Fmax= 1.87523e+04, atom= 1746
Step=  213, Dmax= 2.7e-02 nm, Epot= -5.15630e+05 Fmax= 2.30239e+04, atom= 1746
Step=  214, Dmax= 1.4e-02 nm, Epot= -5.15941e+05 Fmax= 2.21148e+03, atom= 1746
Step=  215, Dmax= 1.6e-02 nm, Epot= -5.15967e+05 Fmax= 2.31265e+04, atom= 1746
Step=  216, Dmax= 2.0e-02 nm, Epot= -5.16315e+05 Fmax= 7.16991e+03, atom= 1746
Step=  217, Dmax= 2.4e-02 nm, Epot= -5.15962e+05 Fmax= 2.92616e+04, atom= 1746
Step=  218, Dmax= 1.2e-02 nm, Epot= -5.16350e+05 Fmax= 1.10693e+04, atom= 1746
Step=  219, Dmax= 1.4e-02 nm, Epot= -5.16416e+05 Fmax= 1.06867e+04, atom= 1746
Step=  220, Dmax= 1.7e-02 nm, Epot= -5.16413e+05 Fmax= 1.55133e+04, atom= 1746
Step=  221, Dmax= 8.5e-03 nm, Epot= -5.16522e+05 Fmax= 2.41293e+03, atom= 1746
Step=  222, Dmax= 1.0e-02 nm, Epot= -5.16617e+05 Fmax= 1.32302e+04, atom= 1746
Step=  223, Dmax= 1.2e-02 nm, Epot= -5.16750e+05 Fmax= 5.65943e+03, atom= 1746
Step=  224, Dmax= 1.5e-02 nm, Epot= -5.16715e+05 Fmax= 1.68728e+04, atom= 1746
Step=  225, Dmax= 7.4e-03 nm, Epot= -5.16811e+05 Fmax= 5.61480e+03, atom= 1746
Step=  226, Dmax= 8.8e-03 nm, Epot= -5.16864e+05 Fmax= 7.99460e+03, atom= 1746
Step=  227, Dmax= 1.1e-02 nm, Epot= -5.16923e+05 Fmax= 8.24344e+03, atom= 1746
Step=  228, Dmax= 1.3e-02 nm, Epot= -5.16958e+05 Fmax= 1.13352e+04, atom= 1746
Step=  229, Dmax= 1.5e-02 nm, Epot= -5.17009e+05 Fmax= 1.20354e+04, atom= 1746
Step=  230, Dmax= 1.8e-02 nm, Epot= -5.17009e+05 Fmax= 1.61137e+04, atom= 1746
Step=  231, Dmax= 2.2e-02 nm, Epot= -5.17042e+05 Fmax= 1.74802e+04, atom= 1746
Step=  232, Dmax= 2.6e-02 nm, Epot= -5.16977e+05 Fmax= 2.29404e+04, atom= 1746
Step=  233, Dmax= 1.3e-02 nm, Epot= -5.17258e+05 Fmax= 2.75405e+03, atom= 1746
Step=  234, Dmax= 1.6e-02 nm, Epot= -5.17244e+05 Fmax= 2.15090e+04, atom= 1746
Step=  235, Dmax= 7.9e-03 nm, Epot= -5.17340e+05 Fmax= 9.34380e+03, atom= 1746
Step=  236, Dmax= 9.5e-03 nm, Epot= -5.17422e+05 Fmax= 5.27267e+03, atom= 1746
Step=  237, Dmax= 1.1e-02 nm, Epot= -5.17447e+05 Fmax= 1.21649e+04, atom= 1746
Step=  238, Dmax= 1.4e-02 nm, Epot= -5.17538e+05 Fmax= 8.86808e+03, atom= 1746
Step=  239, Dmax= 1.6e-02 nm, Epot= -5.17510e+05 Fmax= 1.62414e+04, atom= 1746
Step=  240, Dmax= 8.2e-03 nm, Epot= -5.17618e+05 Fmax= 3.69821e+03, atom= 1746
Step=  241, Dmax= 9.8e-03 nm, Epot= -5.17666e+05 Fmax= 1.14879e+04, atom= 1746
Step=  242, Dmax= 1.2e-02 nm, Epot= -5.17763e+05 Fmax= 6.61281e+03, atom= 1746
Step=  243, Dmax= 1.4e-02 nm, Epot= -5.17747e+05 Fmax= 1.52186e+04, atom= 1746
Step=  244, Dmax= 7.1e-03 nm, Epot= -5.17825e+05 Fmax= 4.30026e+03, atom= 1746
Step=  245, Dmax= 8.5e-03 nm, Epot= -5.17877e+05 Fmax= 8.71238e+03, atom= 1746
Step=  246, Dmax= 1.0e-02 nm, Epot= -5.17944e+05 Fmax= 7.00380e+03, atom= 1746
Step=  247, Dmax= 1.2e-02 nm, Epot= -5.17968e+05 Fmax= 1.17475e+04, atom= 1746
Step=  248, Dmax= 1.5e-02 nm, Epot= -5.18034e+05 Fmax= 1.08615e+04, atom= 1746
Step=  249, Dmax= 1.8e-02 nm, Epot= -5.18020e+05 Fmax= 1.61251e+04, atom= 1746
Step=  250, Dmax= 8.8e-03 nm, Epot= -5.18133e+05 Fmax= 2.64910e+03, atom= 1746
Step=  251, Dmax= 1.1e-02 nm, Epot= -5.18200e+05 Fmax= 1.37082e+04, atom= 1746
Step=  252, Dmax= 1.3e-02 nm, Epot= -5.18328e+05 Fmax= 5.75781e+03, atom= 1746
Step=  253, Dmax= 1.5e-02 nm, Epot= -5.18279e+05 Fmax= 1.77301e+04, atom= 1746
Step=  254, Dmax= 7.6e-03 nm, Epot= -5.18383e+05 Fmax= 5.98315e+03, atom= 1746
Step=  255, Dmax= 9.1e-03 nm, Epot= -5.18431e+05 Fmax= 8.01417e+03, atom= 1746
Step=  256, Dmax= 1.1e-02 nm, Epot= -5.18480e+05 Fmax= 8.88264e+03, atom= 1746
Step=  257, Dmax= 1.3e-02 nm, Epot= -5.18514e+05 Fmax= 1.12771e+04, atom= 1746
Step=  258, Dmax= 1.6e-02 nm, Epot= -5.18549e+05 Fmax= 1.30231e+04, atom= 1746
Step=  259, Dmax= 1.9e-02 nm, Epot= -5.18559e+05 Fmax= 1.59781e+04, atom= 1746
Step=  260, Dmax= 2.3e-02 nm, Epot= -5.18560e+05 Fmax= 1.89370e+04, atom= 1746
Step=  261, Dmax= 2.7e-02 nm, Epot= -5.18528e+05 Fmax= 2.27012e+04, atom= 1746
Step=  262, Dmax= 1.4e-02 nm, Epot= -5.18792e+05 Fmax= 1.96095e+03, atom= 1746
Step=  263, Dmax= 1.6e-02 nm, Epot= -5.18835e+05 Fmax= 2.33231e+04, atom= 1746
Step=  264, Dmax= 2.0e-02 nm, Epot= -5.19144e+05 Fmax= 6.89667e+03, atom= 1746
Step=  265, Dmax= 2.4e-02 nm, Epot= -5.18823e+05 Fmax= 2.94287e+04, atom= 1746
Step=  266, Dmax= 1.2e-02 nm, Epot= -5.19169e+05 Fmax= 1.13012e+04, atom= 1746
Step=  267, Dmax= 1.4e-02 nm, Epot= -5.19229e+05 Fmax= 1.03854e+04, atom= 1746
Step=  268, Dmax= 1.7e-02 nm, Epot= -5.19217e+05 Fmax= 1.57391e+04, atom= 1746
Step=  269, Dmax= 8.5e-03 nm, Epot= -5.19319e+05 Fmax= 2.67721e+03, atom= 1746
Step=  270, Dmax= 1.0e-02 nm, Epot= -5.19382e+05 Fmax= 1.29047e+04, atom= 1746
Step=  271, Dmax= 1.2e-02 nm, Epot= -5.19493e+05 Fmax= 5.92160e+03, atom= 1746
Step=  272, Dmax= 1.5e-02 nm, Epot= -5.19458e+05 Fmax= 1.65332e+04, atom= 1746
Step=  273, Dmax= 7.3e-03 nm, Epot= -5.19546e+05 Fmax= 5.31391e+03, atom= 1746
Step=  274, Dmax= 8.8e-03 nm, Epot= -5.19589e+05 Fmax= 8.25571e+03, atom= 1746
Step=  275, Dmax= 1.1e-02 nm, Epot= -5.19641e+05 Fmax= 7.92668e+03, atom= 1746
Step=  276, Dmax= 1.3e-02 nm, Epot= -5.19665e+05 Fmax= 1.15928e+04, atom= 1746
Step=  277, Dmax= 1.5e-02 nm, Epot= -5.19714e+05 Fmax= 1.16991e+04, atom= 1746
Step=  278, Dmax= 1.8e-02 nm, Epot= -5.19703e+05 Fmax= 1.63624e+04, atom= 1746
Step=  279, Dmax= 9.1e-03 nm, Epot= -5.19817e+05 Fmax= 2.33499e+03, atom= 1746
Step=  280, Dmax= 1.1e-02 nm, Epot= -5.19888e+05 Fmax= 1.43983e+04, atom= 1746
Step=  281, Dmax= 1.3e-02 nm, Epot= -5.20019e+05 Fmax= 5.85068e+03, atom= 1746
Step=  282, Dmax= 1.6e-02 nm, Epot= -5.19958e+05 Fmax= 1.82729e+04, atom= 1746
Step=  283, Dmax= 7.9e-03 nm, Epot= -5.20068e+05 Fmax= 6.22164e+03, atom= 1746
Step=  284, Dmax= 9.5e-03 nm, Epot= -5.20109e+05 Fmax= 8.36479e+03, atom= 1746
Step=  285, Dmax= 1.1e-02 nm, Epot= -5.20154e+05 Fmax= 9.02559e+03, atom= 1746
Step=  286, Dmax= 1.4e-02 nm, Epot= -5.20179e+05 Fmax= 1.19526e+04, atom= 1746
Step=  287, Dmax= 1.6e-02 nm, Epot= -5.20214e+05 Fmax= 1.30764e+04, atom= 1746
Step=  288, Dmax= 2.0e-02 nm, Epot= -5.20206e+05 Fmax= 1.70764e+04, atom= 1746
Step=  289, Dmax= 9.8e-03 nm, Epot= -5.20334e+05 Fmax= 2.00694e+03, atom= 1746
Step=  290, Dmax= 1.2e-02 nm, Epot= -5.20419e+05 Fmax= 1.59691e+04, atom= 1746
Step=  291, Dmax= 1.4e-02 nm, Epot= -5.20571e+05 Fmax= 5.81254e+03, atom= 1746
Step=  292, Dmax= 1.7e-02 nm, Epot= -5.20479e+05 Fmax= 2.01059e+04, atom= 1746
Step=  293, Dmax= 8.5e-03 nm, Epot= -5.20616e+05 Fmax= 7.16199e+03, atom= 1746
Step=  294, Dmax= 1.0e-02 nm, Epot= -5.20658e+05 Fmax= 8.51588e+03, atom= 1746
Step=  295, Dmax= 1.2e-02 nm, Epot= -5.20694e+05 Fmax= 1.01750e+04, atom= 1746
Step=  296, Dmax= 1.5e-02 nm, Epot= -5.20720e+05 Fmax= 1.23697e+04, atom= 1746
Step=  297, Dmax= 1.8e-02 nm, Epot= -5.20740e+05 Fmax= 1.45268e+04, atom= 1746
Step=  298, Dmax= 2.1e-02 nm, Epot= -5.20736e+05 Fmax= 1.78707e+04, atom= 1746
Step=  299, Dmax= 1.1e-02 nm, Epot= -5.20879e+05 Fmax= 1.68426e+03, atom= 1746
Step=  300, Dmax= 1.3e-02 nm, Epot= -5.20990e+05 Fmax= 1.76258e+04, atom= 1746
Step=  301, Dmax= 1.5e-02 nm, Epot= -5.21168e+05 Fmax= 5.81630e+03, atom= 1746
Step=  302, Dmax= 1.8e-02 nm, Epot= -5.21040e+05 Fmax= 2.20209e+04, atom= 1746
Step=  303, Dmax= 9.1e-03 nm, Epot= -5.21207e+05 Fmax= 8.12711e+03, atom= 1746
Step=  304, Dmax= 1.1e-02 nm, Epot= -5.21250e+05 Fmax= 8.72715e+03, atom= 1746
Step=  305, Dmax= 1.3e-02 nm, Epot= -5.21275e+05 Fmax= 1.13616e+04, atom= 1746
Step=  306, Dmax= 1.6e-02 nm, Epot= -5.21306e+05 Fmax= 1.28677e+04, atom= 1746
Step=  307, Dmax= 1.9e-02 nm, Epot= -5.21308e+05 Fmax= 1.60348e+04, atom= 1746
Step=  308, Dmax= 2.3e-02 nm, Epot= -5.21309e+05 Fmax= 1.87733e+04, atom= 1746
Step=  309, Dmax= 2.7e-02 nm, Epot= -5.21270e+05 Fmax= 2.27274e+04, atom= 1746
Step=  310, Dmax= 1.4e-02 nm, Epot= -5.21519e+05 Fmax= 2.05344e+03, atom= 1746
Step=  311, Dmax= 1.6e-02 nm, Epot= -5.21522e+05 Fmax= 2.31824e+04, atom= 1746
Step=  312, Dmax= 2.0e-02 nm, Epot= -5.21804e+05 Fmax= 6.92794e+03, atom= 1746
Step=  313, Dmax= 2.3e-02 nm, Epot= -5.21497e+05 Fmax= 2.92838e+04, atom= 1746
Step=  314, Dmax= 1.2e-02 nm, Epot= -5.21823e+05 Fmax= 1.12073e+04, atom= 1746
Step=  315, Dmax= 1.4e-02 nm, Epot= -5.21875e+05 Fmax= 1.04033e+04, atom= 1746
Step=  316, Dmax= 1.7e-02 nm, Epot= -5.21860e+05 Fmax= 1.56368e+04, atom= 1746
Step=  317, Dmax= 8.5e-03 nm, Epot= -5.21957e+05 Fmax= 2.61665e+03, atom= 1746
Step=  318, Dmax= 1.0e-02 nm, Epot= -5.22006e+05 Fmax= 1.29035e+04, atom= 1746
Step=  319, Dmax= 1.2e-02 nm, Epot= -5.22108e+05 Fmax= 5.86293e+03, atom= 1746
Step=  320, Dmax= 1.5e-02 nm, Epot= -5.22067e+05 Fmax= 1.65115e+04, atom= 1746
Step=  321, Dmax= 7.3e-03 nm, Epot= -5.22153e+05 Fmax= 5.33232e+03, atom= 1746
Step=  322, Dmax= 8.8e-03 nm, Epot= -5.22189e+05 Fmax= 8.19667e+03, atom= 1746
Step=  323, Dmax= 1.1e-02 nm, Epot= -5.22235e+05 Fmax= 7.92949e+03, atom= 1746
Step=  324, Dmax= 1.3e-02 nm, Epot= -5.22252e+05 Fmax= 1.15293e+04, atom= 1746
Step=  325, Dmax= 1.5e-02 nm, Epot= -5.22294e+05 Fmax= 1.16833e+04, atom= 1746
Step=  326, Dmax= 1.8e-02 nm, Epot= -5.22280e+05 Fmax= 1.62894e+04, atom= 1746
Step=  327, Dmax= 9.1e-03 nm, Epot= -5.22389e+05 Fmax= 2.30634e+03, atom= 1746
Step=  328, Dmax= 1.1e-02 nm, Epot= -5.22443e+05 Fmax= 1.43592e+04, atom= 1746
Step=  329, Dmax= 1.3e-02 nm, Epot= -5.22564e+05 Fmax= 5.82455e+03, atom= 1746
Step=  330, Dmax= 1.6e-02 nm, Epot= -5.22497e+05 Fmax= 1.82133e+04, atom= 1746
Step=  331, Dmax= 7.9e-03 nm, Epot= -5.22606e+05 Fmax= 6.20508e+03, atom= 1746
Step=  332, Dmax= 9.4e-03 nm, Epot= -5.22640e+05 Fmax= 8.33692e+03, atom= 1746
Step=  333, Dmax= 1.1e-02 nm, Epot= -5.22679e+05 Fmax= 8.99350e+03, atom= 1746
Step=  334, Dmax= 1.4e-02 nm, Epot= -5.22698e+05 Fmax= 1.19192e+04, atom= 1746
Step=  335, Dmax= 1.6e-02 nm, Epot= -5.22727e+05 Fmax= 1.30251e+04, atom= 1746
Step=  336, Dmax= 2.0e-02 nm, Epot= -5.22715e+05 Fmax= 1.70319e+04, atom= 1746
Step=  337, Dmax= 9.8e-03 nm, Epot= -5.22838e+05 Fmax= 2.01005e+03, atom= 1746
Step=  338, Dmax= 1.2e-02 nm, Epot= -5.22901e+05 Fmax= 1.58927e+04, atom= 1746
Step=  339, Dmax= 1.4e-02 nm, Epot= -5.23043e+05 Fmax= 5.81742e+03, atom= 1746
Step=  340, Dmax= 1.7e-02 nm, Epot= -5.22946e+05 Fmax= 2.00097e+04, atom= 1746
Step=  341, Dmax= 8.4e-03 nm, Epot= -5.23081e+05 Fmax= 7.11135e+03, atom= 1746
Step=  342, Dmax= 1.0e-02 nm, Epot= -5.23116e+05 Fmax= 8.51822e+03, atom= 1746
Step=  343, Dmax= 1.2e-02 nm, Epot= -5.23146e+05 Fmax= 1.01085e+04, atom= 1746
Step=  344, Dmax= 1.5e-02 nm, Epot= -5.23166e+05 Fmax= 1.23654e+04, atom= 1746
Step=  345, Dmax= 1.8e-02 nm, Epot= -5.23182e+05 Fmax= 1.44406e+04, atom= 1746
Step=  346, Dmax= 2.1e-02 nm, Epot= -5.23172e+05 Fmax= 1.78537e+04, atom= 1746
Step=  347, Dmax= 1.1e-02 nm, Epot= -5.23312e+05 Fmax= 1.71847e+03, atom= 1746
Step=  348, Dmax= 1.3e-02 nm, Epot= -5.23389e+05 Fmax= 1.75121e+04, atom= 1746
Step=  349, Dmax= 1.5e-02 nm, Epot= -5.23557e+05 Fmax= 5.85025e+03, atom= 1746
Step=  350, Dmax= 1.8e-02 nm, Epot= -5.23424e+05 Fmax= 2.18921e+04, atom= 1746
Step=  351, Dmax= 9.1e-03 nm, Epot= -5.23590e+05 Fmax= 8.04455e+03, atom= 1746
Step=  352, Dmax= 1.1e-02 nm, Epot= -5.23626e+05 Fmax= 8.75654e+03, atom= 1746
Step=  353, Dmax= 1.3e-02 nm, Epot= -5.23646e+05 Fmax= 1.12633e+04, atom= 1746
Step=  354, Dmax= 1.6e-02 nm, Epot= -5.23670e+05 Fmax= 1.28893e+04, atom= 1746
Step=  355, Dmax= 1.9e-02 nm, Epot= -5.23670e+05 Fmax= 1.59163e+04, atom= 1746
Step=  356, Dmax= 9.4e-03 nm, Epot= -5.23777e+05 Fmax= 1.53889e+03, atom= 1746
Step=  357, Dmax= 1.1e-02 nm, Epot= -5.23874e+05 Fmax= 1.60604e+04, atom= 1746
Step=  358, Dmax= 1.4e-02 nm, Epot= -5.24019e+05 Fmax= 4.75249e+03, atom= 1746
Step=  359, Dmax= 1.6e-02 nm, Epot= -5.23923e+05 Fmax= 2.03824e+04, atom= 1746
Step=  360, Dmax= 8.1e-03 nm, Epot= -5.24052e+05 Fmax= 7.81953e+03, atom= 1746
Step=  361, Dmax= 9.8e-03 nm, Epot= -5.24095e+05 Fmax= 7.13307e+03, atom= 1746
Step=  362, Dmax= 1.2e-02 nm, Epot= -5.24110e+05 Fmax= 1.09287e+04, atom= 1746
Step=  363, Dmax= 1.4e-02 nm, Epot= -5.24152e+05 Fmax= 1.05989e+04, atom= 1746
Step=  364, Dmax= 1.7e-02 nm, Epot= -5.24137e+05 Fmax= 1.53583e+04, atom= 1746
Step=  365, Dmax= 8.4e-03 nm, Epot= -5.24231e+05 Fmax= 2.38099e+03, atom= 1746
Step=  366, Dmax= 1.0e-02 nm, Epot= -5.24275e+05 Fmax= 1.30574e+04, atom= 1746
Step=  367, Dmax= 1.2e-02 nm, Epot= -5.24374e+05 Fmax= 5.65742e+03, atom= 1746
Step=  368, Dmax= 1.5e-02 nm, Epot= -5.24325e+05 Fmax= 1.66291e+04, atom= 1746
Step=  369, Dmax= 7.3e-03 nm, Epot= -5.24413e+05 Fmax= 5.49423e+03, atom= 1746
Step=  370, Dmax= 8.7e-03 nm, Epot= -5.24443e+05 Fmax= 7.99960e+03, atom= 1746
Step=  371, Dmax= 1.0e-02 nm, Epot= -5.24481e+05 Fmax= 8.06851e+03, atom= 1746
Step=  372, Dmax= 1.3e-02 nm, Epot= -5.24496e+05 Fmax= 1.13344e+04, atom= 1746
Step=  373, Dmax= 1.5e-02 nm, Epot= -5.24529e+05 Fmax= 1.17988e+04, atom= 1746
Step=  374, Dmax= 1.8e-02 nm, Epot= -5.24514e+05 Fmax= 1.60898e+04, atom= 1746
Step=  375, Dmax= 9.1e-03 nm, Epot= -5.24621e+05 Fmax= 2.14898e+03, atom= 1746
Step=  376, Dmax= 1.1e-02 nm, Epot= -5.24665e+05 Fmax= 1.44374e+04, atom= 1746
Step=  377, Dmax= 1.3e-02 nm, Epot= -5.24782e+05 Fmax= 5.68660e+03, atom= 1746
Step=  378, Dmax= 1.6e-02 nm, Epot= -5.24708e+05 Fmax= 1.82626e+04, atom= 1746
Step=  379, Dmax= 7.8e-03 nm, Epot= -5.24818e+05 Fmax= 6.29902e+03, atom= 1746
Step=  380, Dmax= 9.4e-03 nm, Epot= -5.24848e+05 Fmax= 8.20099e+03, atom= 1746
Step=  381, Dmax= 1.1e-02 nm, Epot= -5.24880e+05 Fmax= 9.06930e+03, atom= 1746
Step=  382, Dmax= 1.4e-02 nm, Epot= -5.24895e+05 Fmax= 1.17805e+04, atom= 1746
Step=  383, Dmax= 1.6e-02 nm, Epot= -5.24917e+05 Fmax= 1.30800e+04, atom= 1746
Step=  384, Dmax= 1.9e-02 nm, Epot= -5.24902e+05 Fmax= 1.68841e+04, atom= 1746
Step=  385, Dmax= 9.7e-03 nm, Epot= -5.25024e+05 Fmax= 1.90914e+03, atom= 1746
Step=  386, Dmax= 1.2e-02 nm, Epot= -5.25073e+05 Fmax= 1.59109e+04, atom= 1746
Step=  387, Dmax= 1.4e-02 nm, Epot= -5.25210e+05 Fmax= 5.73385e+03, atom= 1746
Step=  388, Dmax= 1.7e-02 nm, Epot= -5.25106e+05 Fmax= 1.99994e+04, atom= 1746
Step=  389, Dmax= 8.4e-03 nm, Epot= -5.25242e+05 Fmax= 7.14860e+03, atom= 1746
Step=  390, Dmax= 1.0e-02 nm, Epot= -5.25273e+05 Fmax= 8.43489e+03, atom= 1746
Step=  391, Dmax= 1.2e-02 nm, Epot= -5.25297e+05 Fmax= 1.01279e+04, atom= 1746
Step=  392, Dmax= 1.5e-02 nm, Epot= -5.25313e+05 Fmax= 1.22776e+04, atom= 1746
Step=  393, Dmax= 1.7e-02 nm, Epot= -5.25323e+05 Fmax= 1.44386e+04, atom= 1746
Step=  394, Dmax= 2.1e-02 nm, Epot= -5.25310e+05 Fmax= 1.77554e+04, atom= 1746
Step=  395, Dmax= 1.0e-02 nm, Epot= -5.25448e+05 Fmax= 1.67062e+03, atom= 1746
Step=  396, Dmax= 1.3e-02 nm, Epot= -5.25505e+05 Fmax= 1.74698e+04, atom= 1746
Step=  397, Dmax= 1.5e-02 nm, Epot= -5.25667e+05 Fmax= 5.82006e+03, atom= 1746
Step=  398, Dmax= 1.8e-02 nm, Epot= -5.25526e+05 Fmax= 2.18226e+04, atom= 1746
Step=  399, Dmax= 9.0e-03 nm, Epot= -5.25694e+05 Fmax= 8.02529e+03, atom= 1746
Step=  400, Dmax= 1.1e-02 nm, Epot= -5.25726e+05 Fmax= 8.72608e+03, atom= 1746
Step=  401, Dmax= 1.3e-02 nm, Epot= -5.25741e+05 Fmax= 1.12254e+04, atom= 1746
Step=  402, Dmax= 1.6e-02 nm, Epot= -5.25759e+05 Fmax= 1.28537e+04, atom= 1746
Step=  403, Dmax= 1.9e-02 nm, Epot= -5.25755e+05 Fmax= 1.58559e+04, atom= 1746
Step=  404, Dmax= 9.4e-03 nm, Epot= -5.25862e+05 Fmax= 1.52630e+03, atom= 1746
Step=  405, Dmax= 1.1e-02 nm, Epot= -5.25935e+05 Fmax= 1.60409e+04, atom= 1746
Step=  406, Dmax= 1.4e-02 nm, Epot= -5.26075e+05 Fmax= 4.70394e+03, atom= 1746
Step=  407, Dmax= 1.6e-02 nm, Epot= -5.25970e+05 Fmax= 2.03602e+04, atom= 1746
Step=  408, Dmax= 8.1e-03 nm, Epot= -5.26102e+05 Fmax= 7.83286e+03, atom= 1746
Step=  409, Dmax= 9.7e-03 nm, Epot= -5.26140e+05 Fmax= 7.06866e+03, atom= 1746
Step=  410, Dmax= 1.2e-02 nm, Epot= -5.26150e+05 Fmax= 1.09398e+04, atom= 1746
Step=  411, Dmax= 1.4e-02 nm, Epot= -5.26188e+05 Fmax= 1.05153e+04, atom= 1746
Step=  412, Dmax= 1.7e-02 nm, Epot= -5.26167e+05 Fmax= 1.53635e+04, atom= 1746
Step=  413, Dmax= 8.4e-03 nm, Epot= -5.26263e+05 Fmax= 2.42486e+03, atom= 1746
Step=  414, Dmax= 1.0e-02 nm, Epot= -5.26291e+05 Fmax= 1.29526e+04, atom= 1746
Step=  415, Dmax= 1.2e-02 nm, Epot= -5.26384e+05 Fmax= 5.70296e+03, atom= 1746
Step=  416, Dmax= 1.5e-02 nm, Epot= -5.26329e+05 Fmax= 1.65052e+04, atom= 1746
Step=  417, Dmax= 7.3e-03 nm, Epot= -5.26419e+05 Fmax= 5.40949e+03, atom= 1746
Step=  418, Dmax= 8.7e-03 nm, Epot= -5.26444e+05 Fmax= 8.04583e+03, atom= 1746
Step=  419, Dmax= 1.0e-02 nm, Epot= -5.26478e+05 Fmax= 7.96754e+03, atom= 1746
Step=  420, Dmax= 1.3e-02 nm, Epot= -5.26486e+05 Fmax= 1.13780e+04, atom= 1746
Step=  421, Dmax= 1.5e-02 nm, Epot= -5.26517e+05 Fmax= 1.16778e+04, atom= 1746
Step=  422, Dmax= 1.8e-02 nm, Epot= -5.26495e+05 Fmax= 1.61260e+04, atom= 1746
Step=  423, Dmax= 9.0e-03 nm, Epot= -5.26604e+05 Fmax= 2.22715e+03, atom= 1746
Step=  424, Dmax= 1.1e-02 nm, Epot= -5.26629e+05 Fmax= 1.42936e+04, atom= 1746
Step=  425, Dmax= 1.3e-02 nm, Epot= -5.26739e+05 Fmax= 5.76520e+03, atom= 1746
Step=  426, Dmax= 1.6e-02 nm, Epot= -5.26659e+05 Fmax= 1.81011e+04, atom= 1746
Step=  427, Dmax= 7.8e-03 nm, Epot= -5.26771e+05 Fmax= 6.17867e+03, atom= 1746
Step=  428, Dmax= 9.4e-03 nm, Epot= -5.26795e+05 Fmax= 8.27941e+03, atom= 1746
Step=  429, Dmax= 1.1e-02 nm, Epot= -5.26824e+05 Fmax= 8.93224e+03, atom= 1746
Step=  430, Dmax= 1.3e-02 nm, Epot= -5.26832e+05 Fmax= 1.18554e+04, atom= 1746
Step=  431, Dmax= 1.6e-02 nm, Epot= -5.26853e+05 Fmax= 1.29224e+04, atom= 1746
Step=  432, Dmax= 1.9e-02 nm, Epot= -5.26831e+05 Fmax= 1.69506e+04, atom= 1746
Step=  433, Dmax= 9.7e-03 nm, Epot= -5.26954e+05 Fmax= 2.02000e+03, atom= 1746
Step=  434, Dmax= 1.2e-02 nm, Epot= -5.26978e+05 Fmax= 1.57312e+04, atom= 1746
Step=  435, Dmax= 1.4e-02 nm, Epot= -5.27108e+05 Fmax= 5.84078e+03, atom= 1746
Step=  436, Dmax= 1.7e-02 nm, Epot= -5.26998e+05 Fmax= 1.98056e+04, atom= 1746
Step=  437, Dmax= 8.4e-03 nm, Epot= -5.27136e+05 Fmax= 6.99704e+03, atom= 1746
Step=  438, Dmax= 1.0e-02 nm, Epot= -5.27160e+05 Fmax= 8.54030e+03, atom= 1746
Step=  439, Dmax= 1.2e-02 nm, Epot= -5.27182e+05 Fmax= 9.95942e+03, atom= 1746
Step=  440, Dmax= 1.4e-02 nm, Epot= -5.27192e+05 Fmax= 1.23786e+04, atom= 1746
Step=  441, Dmax= 1.7e-02 nm, Epot= -5.27201e+05 Fmax= 1.42489e+04, atom= 1746
Step=  442, Dmax= 2.1e-02 nm, Epot= -5.27179e+05 Fmax= 1.78464e+04, atom= 1746
Step=  443, Dmax= 1.0e-02 nm, Epot= -5.27320e+05 Fmax= 1.80956e+03, atom= 1746
Step=  444, Dmax= 1.3e-02 nm, Epot= -5.27343e+05 Fmax= 1.72598e+04, atom= 1746
Step=  445, Dmax= 1.5e-02 nm, Epot= -5.27497e+05 Fmax= 5.94682e+03, atom= 1746
Step=  446, Dmax= 1.8e-02 nm, Epot= -5.27352e+05 Fmax= 2.16071e+04, atom= 1746
Step=  447, Dmax= 9.0e-03 nm, Epot= -5.27520e+05 Fmax= 7.85185e+03, atom= 1746
Step=  448, Dmax= 1.1e-02 nm, Epot= -5.27546e+05 Fmax= 8.84823e+03, atom= 1746
Step=  449, Dmax= 1.3e-02 nm, Epot= -5.27559e+05 Fmax= 1.10358e+04, atom= 1746
Step=  450, Dmax= 1.6e-02 nm, Epot= -5.27571e+05 Fmax= 1.29692e+04, atom= 1746
Step=  451, Dmax= 1.9e-02 nm, Epot= -5.27566e+05 Fmax= 1.56453e+04, atom= 1746
Step=  452, Dmax= 9.4e-03 nm, Epot= -5.27672e+05 Fmax= 1.36432e+03, atom= 1746
Step=  453, Dmax= 1.1e-02 nm, Epot= -5.27741e+05 Fmax= 1.61991e+04, atom= 1746
Step=  454, Dmax= 1.3e-02 nm, Epot= -5.27881e+05 Fmax= 4.48579e+03, atom= 1746
Step=  455, Dmax= 1.6e-02 nm, Epot= -5.27766e+05 Fmax= 2.05152e+04, atom= 1746
Step=  456, Dmax= 8.1e-03 nm, Epot= -5.27902e+05 Fmax= 8.02335e+03, atom= 1746
Step=  457, Dmax= 9.7e-03 nm, Epot= -5.27939e+05 Fmax= 6.82959e+03, atom= 1746
Step=  458, Dmax= 1.2e-02 nm, Epot= -5.27942e+05 Fmax= 1.11301e+04, atom= 1746
Step=  459, Dmax= 1.4e-02 nm, Epot= -5.27980e+05 Fmax= 1.02553e+04, atom= 1746
Step=  460, Dmax= 1.7e-02 nm, Epot= -5.27950e+05 Fmax= 1.55485e+04, atom= 1746
Step=  461, Dmax= 8.4e-03 nm, Epot= -5.28049e+05 Fmax= 2.64682e+03, atom= 1746
Step=  462, Dmax= 1.0e-02 nm, Epot= -5.28061e+05 Fmax= 1.26770e+04, atom= 1746
Step=  463, Dmax= 1.2e-02 nm, Epot= -5.28147e+05 Fmax= 5.91886e+03, atom= 1746
Step=  464, Dmax= 1.4e-02 nm, Epot= -5.28089e+05 Fmax= 1.62143e+04, atom= 1746
Step=  465, Dmax= 7.2e-03 nm, Epot= -5.28180e+05 Fmax= 5.15594e+03, atom= 1746
Step=  466, Dmax= 8.7e-03 nm, Epot= -5.28199e+05 Fmax= 8.26352e+03, atom= 1746
Step=  467, Dmax= 1.0e-02 nm, Epot= -5.28232e+05 Fmax= 7.69649e+03, atom= 1746
Step=  468, Dmax= 1.3e-02 nm, Epot= -5.28233e+05 Fmax= 1.15940e+04, atom= 1746
Step=  469, Dmax= 1.5e-02 nm, Epot= -5.28264e+05 Fmax= 1.13859e+04, atom= 1746
Step=  470, Dmax= 1.8e-02 nm, Epot= -5.28232e+05 Fmax= 1.63360e+04, atom= 1746
Step=  471, Dmax= 9.0e-03 nm, Epot= -5.28345e+05 Fmax= 2.47702e+03, atom= 1746
Step=  472, Dmax= 1.1e-02 nm, Epot= -5.28350e+05 Fmax= 1.39882e+04, atom= 1746
Step=  473, Dmax= 1.3e-02 nm, Epot= -5.28453e+05 Fmax= 6.00389e+03, atom= 1746
Step=  474, Dmax= 1.6e-02 nm, Epot= -5.28370e+05 Fmax= 1.77833e+04, atom= 1746
Step=  475, Dmax= 7.8e-03 nm, Epot= -5.28483e+05 Fmax= 5.89976e+03, atom= 1746
Step=  476, Dmax= 9.3e-03 nm, Epot= -5.28500e+05 Fmax= 8.51805e+03, atom= 1746
Step=  477, Dmax= 1.1e-02 nm, Epot= -5.28529e+05 Fmax= 8.63642e+03, atom= 1746
Step=  478, Dmax= 1.3e-02 nm, Epot= -5.28529e+05 Fmax= 1.20909e+04, atom= 1746
Step=  479, Dmax= 1.6e-02 nm, Epot= -5.28553e+05 Fmax= 1.26057e+04, atom= 1746
Step=  480, Dmax= 1.9e-02 nm, Epot= -5.28520e+05 Fmax= 1.71783e+04, atom= 1746
Step=  481, Dmax= 9.7e-03 nm, Epot= -5.28648e+05 Fmax= 2.29105e+03, atom= 1746
Step=  482, Dmax= 1.2e-02 nm, Epot= -5.28646e+05 Fmax= 1.54026e+04, atom= 1746
Step=  483, Dmax= 5.8e-03 nm, Epot= -5.28686e+05 Fmax= 6.54595e+03, atom= 1746
Step=  484, Dmax= 7.0e-03 nm, Epot= -5.28723e+05 Fmax= 4.21428e+03, atom= 1746
Step=  485, Dmax= 8.4e-03 nm, Epot= -5.28740e+05 Fmax= 8.56025e+03, atom= 1746
Step=  486, Dmax= 1.0e-02 nm, Epot= -5.28780e+05 Fmax= 6.92062e+03, atom= 1746
Step=  487, Dmax= 1.2e-02 nm, Epot= -5.28776e+05 Fmax= 1.15060e+04, atom= 1746
Step=  488, Dmax= 6.0e-03 nm, Epot= -5.28820e+05 Fmax= 2.29878e+03, atom= 1746
Step=  489, Dmax= 7.2e-03 nm, Epot= -5.28854e+05 Fmax= 8.94115e+03, atom= 1746
Step=  490, Dmax= 8.7e-03 nm, Epot= -5.28906e+05 Fmax= 4.34547e+03, atom= 1746
Step=  491, Dmax= 1.0e-02 nm, Epot= -5.28900e+05 Fmax= 1.17588e+04, atom= 1746
Step=  492, Dmax= 5.2e-03 nm, Epot= -5.28935e+05 Fmax= 3.70428e+03, atom= 1746
Step=  493, Dmax= 6.2e-03 nm, Epot= -5.28962e+05 Fmax= 5.82440e+03, atom= 1746
Step=  494, Dmax= 7.5e-03 nm, Epot= -5.28992e+05 Fmax= 5.75298e+03, atom= 1746
Step=  495, Dmax= 9.0e-03 nm, Epot= -5.29011e+05 Fmax= 7.99840e+03, atom= 1746
Step=  496, Dmax= 1.1e-02 nm, Epot= -5.29036e+05 Fmax= 8.64853e+03, atom= 1746
Step=  497, Dmax= 1.3e-02 nm, Epot= -5.29043e+05 Fmax= 1.11695e+04, atom= 1746
Step=  498, Dmax= 1.6e-02 nm, Epot= -5.29055e+05 Fmax= 1.27613e+04, atom= 1746
Step=  499, Dmax= 1.9e-02 nm, Epot= -5.29043e+05 Fmax= 1.57600e+04, atom= 1746
Step=  500, Dmax= 9.3e-03 nm, Epot= -5.29152e+05 Fmax= 1.52497e+03, atom= 1746
Step=  501, Dmax= 1.1e-02 nm, Epot= -5.29188e+05 Fmax= 1.59682e+04, atom= 1746
Step=  502, Dmax= 1.3e-02 nm, Epot= -5.29321e+05 Fmax= 4.64270e+03, atom= 1746
Step=  503, Dmax= 1.6e-02 nm, Epot= -5.29202e+05 Fmax= 2.02859e+04, atom= 1746
Step=  504, Dmax= 8.1e-03 nm, Epot= -5.29340e+05 Fmax= 7.82621e+03, atom= 1746
Step=  505, Dmax= 9.7e-03 nm, Epot= -5.29372e+05 Fmax= 6.97433e+03, atom= 1746
Step=  506, Dmax= 1.2e-02 nm, Epot= -5.29373e+05 Fmax= 1.09311e+04, atom= 1746
Step=  507, Dmax= 1.4e-02 nm, Epot= -5.29406e+05 Fmax= 1.03825e+04, atom= 1746
Step=  508, Dmax= 1.7e-02 nm, Epot= -5.29377e+05 Fmax= 1.53429e+04, atom= 1746
Step=  509, Dmax= 8.3e-03 nm, Epot= -5.29474e+05 Fmax= 2.48035e+03, atom= 1746
Step=  510, Dmax= 1.0e-02 nm, Epot= -5.29483e+05 Fmax= 1.27773e+04, atom= 1746
Step=  511, Dmax= 1.2e-02 nm, Epot= -5.29569e+05 Fmax= 5.76351e+03, atom= 1746
Step=  512, Dmax= 1.4e-02 nm, Epot= -5.29504e+05 Fmax= 1.62913e+04, atom= 1746
Step=  513, Dmax= 7.2e-03 nm, Epot= -5.29598e+05 Fmax= 5.27206e+03, atom= 1746
Step=  514, Dmax= 8.7e-03 nm, Epot= -5.29614e+05 Fmax= 8.10892e+03, atom= 1746
Step=  515, Dmax= 1.0e-02 nm, Epot= -5.29644e+05 Fmax= 7.79700e+03, atom= 1746
Step=  516, Dmax= 1.2e-02 nm, Epot= -5.29643e+05 Fmax= 1.14365e+04, atom= 1746
Step=  517, Dmax= 6.2e-03 nm, Epot= -5.29690e+05 Fmax= 1.81896e+03, atom= 1746
Step=  518, Dmax= 7.5e-03 nm, Epot= -5.29734e+05 Fmax= 9.52001e+03, atom= 1746
Step=  519, Dmax= 9.0e-03 nm, Epot= -5.29790e+05 Fmax= 4.33359e+03, atom= 1746
Step=  520, Dmax= 1.1e-02 nm, Epot= -5.29778e+05 Fmax= 1.21123e+04, atom= 1746
Step=  521, Dmax= 5.4e-03 nm, Epot= -5.29818e+05 Fmax= 3.89358e+03, atom= 1746
Step=  522, Dmax= 6.5e-03 nm, Epot= -5.29842e+05 Fmax= 6.11917e+03, atom= 1746
Step=  523, Dmax= 7.8e-03 nm, Epot= -5.29870e+05 Fmax= 5.74653e+03, atom= 1746
Step=  524, Dmax= 9.3e-03 nm, Epot= -5.29884e+05 Fmax= 8.63790e+03, atom= 1746
Step=  525, Dmax= 1.1e-02 nm, Epot= -5.29912e+05 Fmax= 8.46199e+03, atom= 1746
Step=  526, Dmax= 1.3e-02 nm, Epot= -5.29907e+05 Fmax= 1.22090e+04, atom= 1746
Step=  527, Dmax= 6.7e-03 nm, Epot= -5.29963e+05 Fmax= 1.87274e+03, atom= 1746
Step=  528, Dmax= 8.0e-03 nm, Epot= -5.30001e+05 Fmax= 1.03197e+04, atom= 1746
Step=  529, Dmax= 9.6e-03 nm, Epot= -5.30064e+05 Fmax= 4.57093e+03, atom= 1746
Step=  530, Dmax= 1.2e-02 nm, Epot= -5.30040e+05 Fmax= 1.31105e+04, atom= 1746
Step=  531, Dmax= 5.8e-03 nm, Epot= -5.30091e+05 Fmax= 4.27476e+03, atom= 1746
Step=  532, Dmax= 6.9e-03 nm, Epot= -5.30114e+05 Fmax= 6.48245e+03, atom= 1746
Step=  533, Dmax= 8.3e-03 nm, Epot= -5.30141e+05 Fmax= 6.27470e+03, atom= 1746
Step=  534, Dmax= 1.0e-02 nm, Epot= -5.30152e+05 Fmax= 9.18211e+03, atom= 1746
Step=  535, Dmax= 1.2e-02 nm, Epot= -5.30179e+05 Fmax= 9.19975e+03, atom= 1746
Step=  536, Dmax= 1.4e-02 nm, Epot= -5.30169e+05 Fmax= 1.30124e+04, atom= 1746
Step=  537, Dmax= 7.2e-03 nm, Epot= -5.30236e+05 Fmax= 1.90604e+03, atom= 1746
Step=  538, Dmax= 8.6e-03 nm, Epot= -5.30268e+05 Fmax= 1.12041e+04, atom= 1746
Step=  539, Dmax= 1.0e-02 nm, Epot= -5.30339e+05 Fmax= 4.80113e+03, atom= 1746
Step=  540, Dmax= 1.2e-02 nm, Epot= -5.30301e+05 Fmax= 1.42081e+04, atom= 1746
Step=  541, Dmax= 6.2e-03 nm, Epot= -5.30366e+05 Fmax= 4.70968e+03, atom= 1746
Step=  542, Dmax= 7.5e-03 nm, Epot= -5.30386e+05 Fmax= 6.84762e+03, atom= 1746
Step=  543, Dmax= 9.0e-03 nm, Epot= -5.30412e+05 Fmax= 6.86726e+03, atom= 1746
Step=  544, Dmax= 1.1e-02 nm, Epot= -5.30421e+05 Fmax= 9.74075e+03, atom= 1746
Step=  545, Dmax= 1.3e-02 nm, Epot= -5.30444e+05 Fmax= 1.00185e+04, atom= 1746
Step=  546, Dmax= 1.5e-02 nm, Epot= -5.30431e+05 Fmax= 1.38485e+04, atom= 1746
Step=  547, Dmax= 7.7e-03 nm, Epot= -5.30509e+05 Fmax= 1.91550e+03, atom= 1746
Step=  548, Dmax= 9.3e-03 nm, Epot= -5.30534e+05 Fmax= 1.21815e+04, atom= 1746
Step=  549, Dmax= 1.1e-02 nm, Epot= -5.30615e+05 Fmax= 5.02281e+03, atom= 1746
Step=  550, Dmax= 1.3e-02 nm, Epot= -5.30561e+05 Fmax= 1.54129e+04, atom= 1746
Step=  551, Dmax= 6.7e-03 nm, Epot= -5.30640e+05 Fmax= 5.20245e+03, atom= 1746
Step=  552, Dmax= 8.0e-03 nm, Epot= -5.30660e+05 Fmax= 7.21434e+03, atom= 1746
Step=  553, Dmax= 9.6e-03 nm, Epot= -5.30684e+05 Fmax= 7.52962e+03, atom= 1746
Step=  554, Dmax= 1.2e-02 nm, Epot= -5.30690e+05 Fmax= 1.03156e+04, atom= 1746
Step=  555, Dmax= 1.4e-02 nm, Epot= -5.30710e+05 Fmax= 1.09233e+04, atom= 1746
Step=  556, Dmax= 1.7e-02 nm, Epot= -5.30693e+05 Fmax= 1.47211e+04, atom= 1746
Step=  557, Dmax= 8.3e-03 nm, Epot= -5.30784e+05 Fmax= 1.90047e+03, atom= 1746
Step=  558, Dmax= 1.0e-02 nm, Epot= -5.30803e+05 Fmax= 1.32566e+04, atom= 1746
Step=  559, Dmax= 1.2e-02 nm, Epot= -5.30896e+05 Fmax= 5.23752e+03, atom= 1746
Step=  560, Dmax= 1.4e-02 nm, Epot= -5.30823e+05 Fmax= 1.67310e+04, atom= 1746
Step=  561, Dmax= 7.2e-03 nm, Epot= -5.30920e+05 Fmax= 5.75585e+03, atom= 1746
Step=  562, Dmax= 8.6e-03 nm, Epot= -5.30938e+05 Fmax= 7.58448e+03, atom= 1746
Step=  563, Dmax= 1.0e-02 nm, Epot= -5.30959e+05 Fmax= 8.26596e+03, atom= 1746
Step=  564, Dmax= 1.2e-02 nm, Epot= -5.30964e+05 Fmax= 1.09084e+04, atom= 1746
Step=  565, Dmax= 1.5e-02 nm, Epot= -5.30978e+05 Fmax= 1.19204e+04, atom= 1746
Step=  566, Dmax= 1.8e-02 nm, Epot= -5.30957e+05 Fmax= 1.56327e+04, atom= 1746
Step=  567, Dmax= 8.9e-03 nm, Epot= -5.31063e+05 Fmax= 1.85966e+03, atom= 1746
Step=  568, Dmax= 1.1e-02 nm, Epot= -5.31074e+05 Fmax= 1.44352e+04, atom= 1746
Step=  569, Dmax= 1.3e-02 nm, Epot= -5.31182e+05 Fmax= 5.44778e+03, atom= 1746
Step=  570, Dmax= 1.5e-02 nm, Epot= -5.31086e+05 Fmax= 1.81665e+04, atom= 1746
Step=  571, Dmax= 7.7e-03 nm, Epot= -5.31204e+05 Fmax= 6.37120e+03, atom= 1746
Step=  572, Dmax= 9.3e-03 nm, Epot= -5.31221e+05 Fmax= 7.96260e+03, atom= 1746
Step=  573, Dmax= 1.1e-02 nm, Epot= -5.31238e+05 Fmax= 9.07663e+03, atom= 1746
Step=  574, Dmax= 1.3e-02 nm, Epot= -5.31242e+05 Fmax= 1.15261e+04, atom= 1746
Step=  575, Dmax= 1.6e-02 nm, Epot= -5.31250e+05 Fmax= 1.30105e+04, atom= 1746
Step=  576, Dmax= 1.9e-02 nm, Epot= -5.31226e+05 Fmax= 1.65925e+04, atom= 1746
Step=  577, Dmax= 9.6e-03 nm, Epot= -5.31349e+05 Fmax= 1.79738e+03, atom= 1746
Step=  578, Dmax= 1.2e-02 nm, Epot= -5.31351e+05 Fmax= 1.57197e+04, atom= 1746
Step=  579, Dmax= 1.4e-02 nm, Epot= -5.31476e+05 Fmax= 5.65964e+03, atom= 1746
Step=  580, Dmax= 1.7e-02 nm, Epot= -5.31353e+05 Fmax= 1.97215e+04, atom= 1746
Step=  581, Dmax= 8.3e-03 nm, Epot= -5.31495e+05 Fmax= 7.04706e+03, atom= 1746
Step=  582, Dmax= 1.0e-02 nm, Epot= -5.31513e+05 Fmax= 8.35550e+03, atom= 1746
Step=  583, Dmax= 1.2e-02 nm, Epot= -5.31525e+05 Fmax= 9.96155e+03, atom= 1746
Step=  584, Dmax= 1.4e-02 nm, Epot= -5.31529e+05 Fmax= 1.21769e+04, atom= 1746
Step=  585, Dmax= 1.7e-02 nm, Epot= -5.31528e+05 Fmax= 1.41941e+04, atom= 1746
Step=  586, Dmax= 8.6e-03 nm, Epot= -5.31616e+05 Fmax= 1.03105e+03, atom= 1746
Step=  587, Dmax= 1.0e-02 nm, Epot= -5.31692e+05 Fmax= 1.53089e+04, atom= 1746
Step=  588, Dmax= 1.2e-02 nm, Epot= -5.31816e+05 Fmax= 3.76085e+03, atom= 1746
Step=  589, Dmax= 1.5e-02 nm, Epot= -5.31711e+05 Fmax= 1.93207e+04, atom= 1746
Step=  590, Dmax= 7.4e-03 nm, Epot= -5.31830e+05 Fmax= 7.79349e+03, atom= 1746
Step=  591, Dmax= 8.9e-03 nm, Epot= -5.31864e+05 Fmax= 5.89074e+03, atom= 1746
Step=  592, Dmax= 1.1e-02 nm, Epot= -5.31859e+05 Fmax= 1.06828e+04, atom= 1746
Step=  593, Dmax= 5.4e-03 nm, Epot= -5.31896e+05 Fmax= 2.39478e+03, atom= 1746
Step=  594, Dmax= 6.4e-03 nm, Epot= -5.31922e+05 Fmax= 7.38047e+03, atom= 1746
Step=  595, Dmax= 7.7e-03 nm, Epot= -5.31959e+05 Fmax= 4.54164e+03, atom= 1746
Step=  596, Dmax= 9.3e-03 nm, Epot= -5.31960e+05 Fmax= 9.60635e+03, atom= 1746
Step=  597, Dmax= 1.1e-02 nm, Epot= -5.32000e+05 Fmax= 7.54044e+03, atom= 1746
Step=  598, Dmax= 1.3e-02 nm, Epot= -5.31978e+05 Fmax= 1.28667e+04, atom= 1746
Step=  599, Dmax= 6.7e-03 nm, Epot= -5.32041e+05 Fmax= 2.67116e+03, atom= 1746
Step=  600, Dmax= 8.0e-03 nm, Epot= -5.32053e+05 Fmax= 9.76902e+03, atom= 1746
Step=  601, Dmax= 9.6e-03 nm, Epot= -5.32106e+05 Fmax= 4.94715e+03, atom= 1746
Step=  602, Dmax= 1.2e-02 nm, Epot= -5.32079e+05 Fmax= 1.28822e+04, atom= 1746
Step=  603, Dmax= 5.8e-03 nm, Epot= -5.32132e+05 Fmax= 3.96475e+03, atom= 1746
Step=  604, Dmax= 6.9e-03 nm, Epot= -5.32150e+05 Fmax= 6.58872e+03, atom= 1746
Step=  605, Dmax= 8.3e-03 nm, Epot= -5.32176e+05 Fmax= 6.23036e+03, atom= 1746
Step=  606, Dmax= 1.0e-02 nm, Epot= -5.32184e+05 Fmax= 9.00002e+03, atom= 1746
Step=  607, Dmax= 1.2e-02 nm, Epot= -5.32205e+05 Fmax= 9.43182e+03, atom= 1746
Step=  608, Dmax= 1.4e-02 nm, Epot= -5.32198e+05 Fmax= 1.25143e+04, atom= 1746
Step=  609, Dmax= 7.2e-03 nm, Epot= -5.32261e+05 Fmax= 1.55246e+03, atom= 1746
Step=  610, Dmax= 8.6e-03 nm, Epot= -5.32293e+05 Fmax= 1.19247e+04, atom= 1746
Step=  611, Dmax= 1.0e-02 nm, Epot= -5.32372e+05 Fmax= 3.91060e+03, atom= 1746
Step=  612, Dmax= 1.2e-02 nm, Epot= -5.32320e+05 Fmax= 1.52933e+04, atom= 1746
Step=  613, Dmax= 6.2e-03 nm, Epot= -5.32392e+05 Fmax= 5.68990e+03, atom= 1746
Step=  614, Dmax= 7.4e-03 nm, Epot= -5.32415e+05 Fmax= 5.67950e+03, atom= 1746
Step=  615, Dmax= 8.9e-03 nm, Epot= -5.32427e+05 Fmax= 8.11067e+03, atom= 1746
Step=  616, Dmax= 1.1e-02 nm, Epot= -5.32449e+05 Fmax= 8.27733e+03, atom= 1746
Step=  617, Dmax= 1.3e-02 nm, Epot= -5.32444e+05 Fmax= 1.15395e+04, atom= 1746
Step=  618, Dmax= 6.4e-03 nm, Epot= -5.32496e+05 Fmax= 1.62997e+03, atom= 1746
Step=  619, Dmax= 7.7e-03 nm, Epot= -5.32531e+05 Fmax= 1.00304e+04, atom= 1746
Step=  620, Dmax= 9.2e-03 nm, Epot= -5.32589e+05 Fmax= 4.24449e+03, atom= 1746
Step=  621, Dmax= 1.1e-02 nm, Epot= -5.32563e+05 Fmax= 1.26958e+04, atom= 1746
Step=  622, Dmax= 5.5e-03 nm, Epot= -5.32612e+05 Fmax= 4.23023e+03, atom= 1746
Step=  623, Dmax= 6.7e-03 nm, Epot= -5.32630e+05 Fmax= 6.08213e+03, atom= 1746
Step=  624, Dmax= 8.0e-03 nm, Epot= -5.32653e+05 Fmax= 6.14275e+03, atom= 1746
Step=  625, Dmax= 9.6e-03 nm, Epot= -5.32662e+05 Fmax= 8.67429e+03, atom= 1746
Step=  626, Dmax= 1.2e-02 nm, Epot= -5.32682e+05 Fmax= 8.94405e+03, atom= 1746
Step=  627, Dmax= 1.4e-02 nm, Epot= -5.32673e+05 Fmax= 1.23492e+04, atom= 1746
Step=  628, Dmax= 6.9e-03 nm, Epot= -5.32735e+05 Fmax= 1.70219e+03, atom= 1746
Step=  629, Dmax= 8.3e-03 nm, Epot= -5.32762e+05 Fmax= 1.08441e+04, atom= 1746
Step=  630, Dmax= 9.9e-03 nm, Epot= -5.32827e+05 Fmax= 4.49807e+03, atom= 1746
Step=  631, Dmax= 1.2e-02 nm, Epot= -5.32789e+05 Fmax= 1.37179e+04, atom= 1746
Step=  632, Dmax= 6.0e-03 nm, Epot= -5.32849e+05 Fmax= 4.61575e+03, atom= 1746
Step=  633, Dmax= 7.2e-03 nm, Epot= -5.32866e+05 Fmax= 6.46251e+03, atom= 1746
Step=  634, Dmax= 8.6e-03 nm, Epot= -5.32888e+05 Fmax= 6.68209e+03, atom= 1746
Step=  635, Dmax= 1.0e-02 nm, Epot= -5.32894e+05 Fmax= 9.23743e+03, atom= 1746
Step=  636, Dmax= 1.2e-02 nm, Epot= -5.32912e+05 Fmax= 9.70286e+03, atom= 1746
Step=  637, Dmax= 1.5e-02 nm, Epot= -5.32899e+05 Fmax= 1.31758e+04, atom= 1746
Step=  638, Dmax= 7.4e-03 nm, Epot= -5.32971e+05 Fmax= 1.73678e+03, atom= 1746
Step=  639, Dmax= 8.9e-03 nm, Epot= -5.32992e+05 Fmax= 1.17614e+04, atom= 1746
Step=  640, Dmax= 1.1e-02 nm, Epot= -5.33065e+05 Fmax= 4.72850e+03, atom= 1746
Step=  641, Dmax= 1.3e-02 nm, Epot= -5.33011e+05 Fmax= 1.48588e+04, atom= 1746
Step=  642, Dmax= 6.4e-03 nm, Epot= -5.33086e+05 Fmax= 5.07206e+03, atom= 1746
Step=  643, Dmax= 7.7e-03 nm, Epot= -5.33102e+05 Fmax= 6.82833e+03, atom= 1746
Step=  644, Dmax= 9.2e-03 nm, Epot= -5.33121e+05 Fmax= 7.30481e+03, atom= 1746
Step=  645, Dmax= 1.1e-02 nm, Epot= -5.33126e+05 Fmax= 9.79908e+03, atom= 1746
Step=  646, Dmax= 1.3e-02 nm, Epot= -5.33140e+05 Fmax= 1.05620e+04, atom= 1746
Step=  647, Dmax= 1.6e-02 nm, Epot= -5.33123e+05 Fmax= 1.40190e+04, atom= 1746
Step=  648, Dmax= 8.0e-03 nm, Epot= -5.33208e+05 Fmax= 1.72977e+03, atom= 1746
Step=  649, Dmax= 9.6e-03 nm, Epot= -5.33220e+05 Fmax= 1.27897e+04, atom= 1746
Step=  650, Dmax= 1.1e-02 nm, Epot= -5.33305e+05 Fmax= 4.93524e+03, atom= 1746
Step=  651, Dmax= 1.4e-02 nm, Epot= -5.33232e+05 Fmax= 1.61246e+04, atom= 1746
Step=  652, Dmax= 6.9e-03 nm, Epot= -5.33325e+05 Fmax= 5.60351e+03, atom= 1746
Step=  653, Dmax= 8.3e-03 nm, Epot= -5.33339e+05 Fmax= 7.18056e+03, atom= 1746
Step=  654, Dmax= 9.9e-03 nm, Epot= -5.33355e+05 Fmax= 8.01488e+03, atom= 1746
Step=  655, Dmax= 1.2e-02 nm, Epot= -5.33359e+05 Fmax= 1.03611e+04, atom= 1746
Step=  656, Dmax= 1.4e-02 nm, Epot= -5.33368e+05 Fmax= 1.15259e+04, atom= 1746
Step=  657, Dmax= 1.7e-02 nm, Epot= -5.33348e+05 Fmax= 1.48833e+04, atom= 1746
Step=  658, Dmax= 8.6e-03 nm, Epot= -5.33446e+05 Fmax= 1.68162e+03, atom= 1746
Step=  659, Dmax= 1.0e-02 nm, Epot= -5.33450e+05 Fmax= 1.39340e+04, atom= 1746
Step=  660, Dmax= 1.2e-02 nm, Epot= -5.33549e+05 Fmax= 5.12121e+03, atom= 1746
Step=  661, Dmax= 1.5e-02 nm, Epot= -5.33455e+05 Fmax= 1.75201e+04, atom= 1746
Step=  662, Dmax= 7.4e-03 nm, Epot= -5.33566e+05 Fmax= 6.21064e+03, atom= 1746
Step=  663, Dmax= 8.9e-03 nm, Epot= -5.33581e+05 Fmax= 7.52373e+03, atom= 1746
Step=  664, Dmax= 1.1e-02 nm, Epot= -5.33593e+05 Fmax= 8.81330e+03, atom= 1746
Step=  665, Dmax= 1.3e-02 nm, Epot= -5.33596e+05 Fmax= 1.09300e+04, atom= 1746
Step=  666, Dmax= 1.5e-02 nm, Epot= -5.33598e+05 Fmax= 1.25967e+04, atom= 1746
Step=  667, Dmax= 1.8e-02 nm, Epot= -5.33577e+05 Fmax= 1.57757e+04, atom= 1746
Step=  668, Dmax= 9.2e-03 nm, Epot= -5.33689e+05 Fmax= 1.59518e+03, atom= 1746
Step=  669, Dmax= 1.1e-02 nm, Epot= -5.33686e+05 Fmax= 1.51969e+04, atom= 1746
Step=  670, Dmax= 5.5e-03 nm, Epot= -5.33723e+05 Fmax= 6.78576e+03, atom= 1746
Step=  671, Dmax= 6.6e-03 nm, Epot= -5.33756e+05 Fmax= 3.46456e+03, atom= 1746
Step=  672, Dmax= 8.0e-03 nm, Epot= -5.33761e+05 Fmax= 8.69133e+03, atom= 1746
Step=  673, Dmax= 9.6e-03 nm, Epot= -5.33798e+05 Fmax= 6.05248e+03, atom= 1746
Step=  674, Dmax= 1.1e-02 nm, Epot= -5.33780e+05 Fmax= 1.14972e+04, atom= 1746
Step=  675, Dmax= 5.7e-03 nm, Epot= -5.33827e+05 Fmax= 2.72739e+03, atom= 1746
Step=  676, Dmax= 6.9e-03 nm, Epot= -5.33840e+05 Fmax= 7.95366e+03, atom= 1746
Step=  677, Dmax= 8.3e-03 nm, Epot= -5.33877e+05 Fmax= 4.70103e+03, atom= 1746
Step=  678, Dmax= 9.9e-03 nm, Epot= -5.33865e+05 Fmax= 1.06220e+04, atom= 1746
Step=  679, Dmax= 5.0e-03 nm, Epot= -5.33900e+05 Fmax= 2.95852e+03, atom= 1746
Step=  680, Dmax= 5.9e-03 nm, Epot= -5.33918e+05 Fmax= 6.10896e+03, atom= 1746
Step=  681, Dmax= 7.1e-03 nm, Epot= -5.33943e+05 Fmax= 4.91107e+03, atom= 1746
Step=  682, Dmax= 8.6e-03 nm, Epot= -5.33949e+05 Fmax= 8.18499e+03, atom= 1746
Step=  683, Dmax= 1.0e-02 nm, Epot= -5.33973e+05 Fmax= 7.66385e+03, atom= 1746
Step=  684, Dmax= 1.2e-02 nm, Epot= -5.33964e+05 Fmax= 1.12155e+04, atom= 1746
Step=  685, Dmax= 6.2e-03 nm, Epot= -5.34013e+05 Fmax= 1.78294e+03, atom= 1746
Step=  686, Dmax= 7.4e-03 nm, Epot= -5.34033e+05 Fmax= 9.75004e+03, atom= 1746
Step=  687, Dmax= 8.9e-03 nm, Epot= -5.34087e+05 Fmax= 3.86477e+03, atom= 1746
Step=  688, Dmax= 1.1e-02 nm, Epot= -5.34058e+05 Fmax= 1.26262e+04, atom= 1746
Step=  689, Dmax= 5.3e-03 nm, Epot= -5.34107e+05 Fmax= 4.37859e+03, atom= 1746
Step=  690, Dmax= 6.4e-03 nm, Epot= -5.34124e+05 Fmax= 5.39587e+03, atom= 1746
Step=  691, Dmax= 7.7e-03 nm, Epot= -5.34140e+05 Fmax= 6.45448e+03, atom= 1746
Step=  692, Dmax= 9.2e-03 nm, Epot= -5.34153e+05 Fmax= 7.64022e+03, atom= 1746
Step=  693, Dmax= 1.1e-02 nm, Epot= -5.34161e+05 Fmax= 9.39667e+03, atom= 1746
Step=  694, Dmax= 1.3e-02 nm, Epot= -5.34167e+05 Fmax= 1.09070e+04, atom= 1746
Step=  695, Dmax= 1.6e-02 nm, Epot= -5.34157e+05 Fmax= 1.35835e+04, atom= 1746
Step=  696, Dmax= 7.9e-03 nm, Epot= -5.34237e+05 Fmax= 1.34049e+03, atom= 1746
Step=  697, Dmax= 9.5e-03 nm, Epot= -5.34261e+05 Fmax= 1.31263e+04, atom= 1746
Step=  698, Dmax= 1.1e-02 nm, Epot= -5.34351e+05 Fmax= 4.54577e+03, atom= 1746
Step=  699, Dmax= 1.4e-02 nm, Epot= -5.34270e+05 Fmax= 1.64537e+04, atom= 1746
Step=  700, Dmax= 6.9e-03 nm, Epot= -5.34366e+05 Fmax= 5.96511e+03, atom= 1746
Step=  701, Dmax= 8.2e-03 nm, Epot= -5.34382e+05 Fmax= 6.76769e+03, atom= 1746
Step=  702, Dmax= 9.9e-03 nm, Epot= -5.34391e+05 Fmax= 8.38706e+03, atom= 1746
Step=  703, Dmax= 1.2e-02 nm, Epot= -5.34400e+05 Fmax= 9.91843e+03, atom= 1746
Step=  704, Dmax= 1.4e-02 nm, Epot= -5.34399e+05 Fmax= 1.19077e+04, atom= 1746
Step=  705, Dmax= 7.1e-03 nm, Epot= -5.34459e+05 Fmax= 1.00708e+03, atom= 1746
Step=  706, Dmax= 8.5e-03 nm, Epot= -5.34511e+05 Fmax= 1.24312e+04, atom= 1746
Step=  707, Dmax= 1.0e-02 nm, Epot= -5.34595e+05 Fmax= 3.32689e+03, atom= 1746
Step=  708, Dmax= 1.2e-02 nm, Epot= -5.34532e+05 Fmax= 1.57361e+04, atom= 1746
Step=  709, Dmax= 6.2e-03 nm, Epot= -5.34609e+05 Fmax= 6.20794e+03, atom= 1746
Step=  710, Dmax= 7.4e-03 nm, Epot= -5.34632e+05 Fmax= 5.11070e+03, atom= 1746
Step=  711, Dmax= 8.9e-03 nm, Epot= -5.34635e+05 Fmax= 8.58026e+03, atom= 1746
Step=  712, Dmax= 1.1e-02 nm, Epot= -5.34660e+05 Fmax= 7.72458e+03, atom= 1746
Step=  713, Dmax= 1.3e-02 nm, Epot= -5.34643e+05 Fmax= 1.19510e+04, atom= 1746
Step=  714, Dmax= 6.4e-03 nm, Epot= -5.34700e+05 Fmax= 2.11172e+03, atom= 1746
Step=  715, Dmax= 7.7e-03 nm, Epot= -5.34710e+05 Fmax= 9.56025e+03, atom= 1746
Step=  716, Dmax= 9.2e-03 nm, Epot= -5.34760e+05 Fmax= 4.60782e+03, atom= 1746
Step=  717, Dmax= 1.1e-02 nm, Epot= -5.34730e+05 Fmax= 1.22664e+04, atom= 1746
Step=  718, Dmax= 5.5e-03 nm, Epot= -5.34780e+05 Fmax= 3.83367e+03, atom= 1746
Step=  719, Dmax= 6.6e-03 nm, Epot= -5.34793e+05 Fmax= 6.39497e+03, atom= 1746
Step=  720, Dmax= 7.9e-03 nm, Epot= -5.34815e+05 Fmax= 5.77256e+03, atom= 1746
Step=  721, Dmax= 9.5e-03 nm, Epot= -5.34816e+05 Fmax= 8.93017e+03, atom= 1746
Step=  722, Dmax= 1.1e-02 nm, Epot= -5.34837e+05 Fmax= 8.59621e+03, atom= 1746
Step=  723, Dmax= 1.4e-02 nm, Epot= -5.34819e+05 Fmax= 1.25406e+04, atom= 1746
Step=  724, Dmax= 6.9e-03 nm, Epot= -5.34884e+05 Fmax= 1.97151e+03, atom= 1746
Step=  725, Dmax= 8.2e-03 nm, Epot= -5.34891e+05 Fmax= 1.05773e+04, atom= 1746
Step=  726, Dmax= 9.9e-03 nm, Epot= -5.34950e+05 Fmax= 4.64965e+03, atom= 1746
Step=  727, Dmax= 1.2e-02 nm, Epot= -5.34906e+05 Fmax= 1.34927e+04, atom= 1746
Step=  728, Dmax= 5.9e-03 nm, Epot= -5.34970e+05 Fmax= 4.42669e+03, atom= 1746
Step=  729, Dmax= 7.1e-03 nm, Epot= -5.34981e+05 Fmax= 6.55784e+03, atom= 1746
Step=  730, Dmax= 8.5e-03 nm, Epot= -5.35000e+05 Fmax= 6.52362e+03, atom= 1746
Step=  731, Dmax= 1.0e-02 nm, Epot= -5.35002e+05 Fmax= 9.27035e+03, atom= 1746
Step=  732, Dmax= 1.2e-02 nm, Epot= -5.35018e+05 Fmax= 9.57002e+03, atom= 1746
Step=  733, Dmax= 1.5e-02 nm, Epot= -5.35000e+05 Fmax= 1.31380e+04, atom= 1746
Step=  734, Dmax= 7.4e-03 nm, Epot= -5.35073e+05 Fmax= 1.78416e+03, atom= 1746
Step=  735, Dmax= 8.8e-03 nm, Epot= -5.35078e+05 Fmax= 1.17084e+04, atom= 1746
Step=  736, Dmax= 1.1e-02 nm, Epot= -5.35148e+05 Fmax= 4.65953e+03, atom= 1746
Step=  737, Dmax= 1.3e-02 nm, Epot= -5.35088e+05 Fmax= 1.48453e+04, atom= 1746
Step=  738, Dmax= 6.4e-03 nm, Epot= -5.35166e+05 Fmax= 5.09979e+03, atom= 1746
Step=  739, Dmax= 7.6e-03 nm, Epot= -5.35178e+05 Fmax= 6.69881e+03, atom= 1746
Step=  740, Dmax= 9.2e-03 nm, Epot= -5.35193e+05 Fmax= 7.36539e+03, atom= 1746
Step=  741, Dmax= 1.1e-02 nm, Epot= -5.35195e+05 Fmax= 9.60243e+03, atom= 1746
Step=  742, Dmax= 1.3e-02 nm, Epot= -5.35204e+05 Fmax= 1.06502e+04, atom= 1746
Step=  743, Dmax= 1.6e-02 nm, Epot= -5.35187e+05 Fmax= 1.37464e+04, atom= 1746
Step=  744, Dmax= 7.9e-03 nm, Epot= -5.35270e+05 Fmax= 1.54994e+03, atom= 1746
Step=  745, Dmax= 9.5e-03 nm, Epot= -5.35274e+05 Fmax= 1.29558e+04, atom= 1746
Step=  746, Dmax= 1.1e-02 nm, Epot= -5.35360e+05 Fmax= 4.64247e+03, atom= 1746
Step=  747, Dmax= 1.4e-02 nm, Epot= -5.35279e+05 Fmax= 1.63252e+04, atom= 1746
Step=  748, Dmax= 6.8e-03 nm, Epot= -5.35375e+05 Fmax= 5.85115e+03, atom= 1746
Step=  749, Dmax= 8.2e-03 nm, Epot= -5.35389e+05 Fmax= 6.82409e+03, atom= 1746
Step=  750, Dmax= 9.9e-03 nm, Epot= -5.35398e+05 Fmax= 8.29679e+03, atom= 1746
Step=  751, Dmax= 1.2e-02 nm, Epot= -5.35403e+05 Fmax= 9.93316e+03, atom= 1746
Step=  752, Dmax= 1.4e-02 nm, Epot= -5.35402e+05 Fmax= 1.18371e+04, atom= 1746
Step=  753, Dmax= 7.1e-03 nm, Epot= -5.35462e+05 Fmax= 9.64513e+02, atom= 1746

writing lowest energy coordinates.

Steepest Descents converged to Fmax < 1000 in 754 steps
Potential Energy  = -5.3546175e+05
Maximum force     =  9.6451324e+02 on atom 1746
Norm of force     =  1.9684950e+01

GROMACS reminds you: "My husband was on the Internet everyday when I got the Turing award, and one day he saw a quote by someone who said 'Why did she get the award? Everyone already knows this!'" (Barbara Liskov)

