
--- stderr ---
                :-) GROMACS - gmx mdrun, 2024.5-conda_forge (-:

Executable:   /usr/local/Caskroom/miniforge/base/envs/gromacs_env/bin.AVX2_256/gmx
Data prefix:  /usr/local/Caskroom/miniforge/base/envs/gromacs_env
Working dir:  /Users/laetitiaguerin/Library/CloudStorage/OneDrive-Personal/Documents/BSc_Nanobiology/Year_5/BEP/Energy_minimization/tleap_runs/O52681_V128H
Command line:
  gmx mdrun -v -deffnm O52681_V128H_minim

The current CPU can measure timings more accurately than the code in
gmx mdrun was configured to use. This might affect your simulation
speed as accurate timings are needed for load-balancing.
Please consider rebuilding gmx mdrun with the GMX_USE_RDTSCP=ON CMake option.
Reading file O52681_V128H_minim.tpr, VERSION 2024.5-conda_forge (single precision)

Using 1 MPI thread
Using 8 OpenMP threads 


Steepest Descents:
   Tolerance (Fmax)   =  1.00000e+03
   Number of steps    =        50000
Step=    0, Dmax= 1.0e-02 nm, Epot= -4.34878e+05 Fmax= 2.13575e+05, atom= 2008
Step=    1, Dmax= 1.0e-02 nm, Epot= -4.37228e+05 Fmax= 6.06518e+04, atom= 2008
Step=    2, Dmax= 1.2e-02 nm, Epot= -4.38802e+05 Fmax= 1.53659e+04, atom= 2008
Step=    3, Dmax= 1.4e-02 nm, Epot= -4.42162e+05 Fmax= 3.76263e+03, atom= 2007
Step=    4, Dmax= 1.7e-02 nm, Epot= -4.53566e+05 Fmax= 1.87548e+04, atom= 2009
Step=    5, Dmax= 2.1e-02 nm, Epot= -4.55860e+05 Fmax= 9.57727e+03, atom= 2009
Step=    6, Dmax= 2.5e-02 nm, Epot= -4.59658e+05 Fmax= 2.43798e+04, atom= 2009
Step=    7, Dmax= 3.0e-02 nm, Epot= -4.61616e+05 Fmax= 1.52161e+04, atom= 2009
Step=    8, Dmax= 3.6e-02 nm, Epot= -4.63752e+05 Fmax= 3.41923e+04, atom= 2009
Step=    9, Dmax= 4.3e-02 nm, Epot= -4.65647e+05 Fmax= 2.25731e+04, atom= 2009
Step=   10, Dmax= 5.2e-02 nm, Epot= -4.65868e+05 Fmax= 4.72831e+04, atom= 2009
Step=   11, Dmax= 6.2e-02 nm, Epot= -4.67939e+05 Fmax= 3.09086e+04, atom= 2009
Step=   12, Dmax= 7.4e-02 nm, Epot= -4.61542e+05 Fmax= 6.19938e+04, atom= 2009
Step=   13, Dmax= 3.7e-02 nm, Epot= -4.70104e+05 Fmax= 1.45399e+04, atom= 1334
Step=   14, Dmax= 4.5e-02 nm, Epot= -4.63249e+05 Fmax= 5.30336e+04, atom= 1334
Step=   15, Dmax= 2.2e-02 nm, Epot= -4.70980e+05 Fmax= 1.95549e+04, atom= 1334
Step=   16, Dmax= 2.7e-02 nm, Epot= -4.72029e+05 Fmax= 2.09986e+04, atom= 1334
Step=   17, Dmax= 3.2e-02 nm, Epot= -4.72309e+05 Fmax= 2.78353e+04, atom= 1334
Step=   18, Dmax= 3.9e-02 nm, Epot= -4.72945e+05 Fmax= 3.02349e+04, atom= 1334
Step=   19, Dmax= 4.6e-02 nm, Epot= -4.72193e+05 Fmax= 3.93599e+04, atom= 1334
Step=   20, Dmax= 2.3e-02 nm, Epot= -4.76009e+05 Fmax= 4.83100e+03, atom= 1334
Step=   21, Dmax= 2.8e-02 nm, Epot= -4.76055e+05 Fmax= 3.69816e+04, atom= 1334
Step=   22, Dmax= 3.3e-02 nm, Epot= -4.79726e+05 Fmax= 1.40034e+04, atom= 1334
Step=   23, Dmax= 4.0e-02 nm, Epot= -4.75995e+05 Fmax= 4.63383e+04, atom= 1334
Step=   24, Dmax= 2.0e-02 nm, Epot= -4.80298e+05 Fmax= 1.62733e+04, atom= 1334
Step=   25, Dmax= 2.4e-02 nm, Epot= -4.80669e+05 Fmax= 2.03019e+04, atom= 1334
Step=   26, Dmax= 2.9e-02 nm, Epot= -4.81008e+05 Fmax= 2.32320e+04, atom= 1334
Step=   27, Dmax= 3.5e-02 nm, Epot= -4.80877e+05 Fmax= 2.91269e+04, atom= 1334
Step=   28, Dmax= 1.7e-02 nm, Epot= -4.82778e+05 Fmax= 3.07704e+03, atom= 1334
Step=   29, Dmax= 2.1e-02 nm, Epot= -4.83757e+05 Fmax= 2.79569e+04, atom= 1334
Step=   30, Dmax= 2.5e-02 nm, Epot= -4.85899e+05 Fmax= 1.01395e+04, atom= 1334
Step=   31, Dmax= 3.0e-02 nm, Epot= -4.84086e+05 Fmax= 3.50518e+04, atom= 1334
Step=   32, Dmax= 1.5e-02 nm, Epot= -4.86320e+05 Fmax= 1.25095e+04, atom= 1334
Step=   33, Dmax= 1.8e-02 nm, Epot= -4.86690e+05 Fmax= 1.48700e+04, atom= 1334
Step=   34, Dmax= 2.1e-02 nm, Epot= -4.86962e+05 Fmax= 1.77276e+04, atom= 1334
Step=   35, Dmax= 2.6e-02 nm, Epot= -4.87087e+05 Fmax= 2.15424e+04, atom= 1334
Step=   36, Dmax= 3.1e-02 nm, Epot= -4.87099e+05 Fmax= 2.52406e+04, atom= 1334
Step=   37, Dmax= 3.7e-02 nm, Epot= -4.86721e+05 Fmax= 3.09179e+04, atom= 1334
Step=   38, Dmax= 1.9e-02 nm, Epot= -4.88980e+05 Fmax= 3.00486e+03, atom= 1334
Step=   39, Dmax= 2.2e-02 nm, Epot= -4.88909e+05 Fmax= 3.04015e+04, atom= 1334
Step=   40, Dmax= 1.1e-02 nm, Epot= -4.89699e+05 Fmax= 1.35295e+04, atom= 1334
Step=   41, Dmax= 1.3e-02 nm, Epot= -4.90362e+05 Fmax= 6.89946e+03, atom= 1334
Step=   42, Dmax= 1.6e-02 nm, Epot= -4.90364e+05 Fmax= 1.74077e+04, atom= 1334
Step=   43, Dmax= 1.9e-02 nm, Epot= -4.91107e+05 Fmax= 1.19669e+04, atom= 1334
Step=   44, Dmax= 2.3e-02 nm, Epot= -4.90602e+05 Fmax= 2.30446e+04, atom= 1334
Step=   45, Dmax= 1.2e-02 nm, Epot= -4.91671e+05 Fmax= 5.55375e+03, atom= 1334
Step=   46, Dmax= 1.4e-02 nm, Epot= -4.91782e+05 Fmax= 1.57072e+04, atom= 1334
Step=   47, Dmax= 1.7e-02 nm, Epot= -4.92467e+05 Fmax= 9.56220e+03, atom= 1334
Step=   48, Dmax= 2.0e-02 nm, Epot= -4.92089e+05 Fmax= 2.09306e+04, atom= 1334
Step=   49, Dmax= 1.0e-02 nm, Epot= -4.92895e+05 Fmax= 5.69444e+03, atom= 1334
Step=   50, Dmax= 1.2e-02 nm, Epot= -4.93100e+05 Fmax= 1.24358e+04, atom= 1334
Step=   51, Dmax= 1.4e-02 nm, Epot= -4.93556e+05 Fmax= 9.51878e+03, atom= 1334
Step=   52, Dmax= 1.7e-02 nm, Epot= -4.93494e+05 Fmax= 1.66394e+04, atom= 1334
Step=   53, Dmax= 8.6e-03 nm, Epot= -4.93977e+05 Fmax= 3.56968e+03, atom= 1334
Step=   54, Dmax= 1.0e-02 nm, Epot= -4.94295e+05 Fmax= 1.23557e+04, atom= 1334
Step=   55, Dmax= 1.2e-02 nm, Epot= -4.94809e+05 Fmax= 6.52108e+03, atom= 1334
Step=   56, Dmax= 1.5e-02 nm, Epot= -4.94738e+05 Fmax= 1.63018e+04, atom= 1334
Step=   57, Dmax= 7.4e-03 nm, Epot= -4.95116e+05 Fmax= 4.89463e+03, atom= 1334
Step=   58, Dmax= 8.9e-03 nm, Epot= -4.95382e+05 Fmax= 8.64169e+03, atom= 1334
Step=   59, Dmax= 1.1e-02 nm, Epot= -4.95688e+05 Fmax= 7.77596e+03, atom= 1334
Step=   60, Dmax= 1.3e-02 nm, Epot= -4.95829e+05 Fmax= 1.17596e+04, atom= 1334
Step=   61, Dmax= 1.5e-02 nm, Epot= -4.96098e+05 Fmax= 1.18372e+04, atom= 1334
Step=   62, Dmax= 1.9e-02 nm, Epot= -4.96080e+05 Fmax= 1.62962e+04, atom= 1334
Step=   63, Dmax= 9.3e-03 nm, Epot= -4.96607e+05 Fmax= 2.24606e+03, atom= 1334
Step=   64, Dmax= 1.1e-02 nm, Epot= -4.97018e+05 Fmax= 1.49584e+04, atom= 1334
Step=   65, Dmax= 1.3e-02 nm, Epot= -4.97690e+05 Fmax= 5.36186e+03, atom= 1334
Step=   66, Dmax= 1.6e-02 nm, Epot= -4.97361e+05 Fmax= 1.91927e+04, atom= 1334
Step=   67, Dmax= 8.0e-03 nm, Epot= -4.97919e+05 Fmax= 6.92071e+03, atom= 1334
Step=   68, Dmax= 9.6e-03 nm, Epot= -4.98140e+05 Fmax= 7.66370e+03, atom= 1334
Step=   69, Dmax= 1.2e-02 nm, Epot= -4.98305e+05 Fmax= 9.98607e+03, atom= 1334
Step=   70, Dmax= 1.4e-02 nm, Epot= -4.98487e+05 Fmax= 1.10304e+04, atom= 1334
Step=   71, Dmax= 1.7e-02 nm, Epot= -4.98531e+05 Fmax= 1.43259e+04, atom= 1334
Step=   72, Dmax= 2.0e-02 nm, Epot= -4.98632e+05 Fmax= 1.59143e+04, atom= 1334
Step=   73, Dmax= 2.4e-02 nm, Epot= -4.98443e+05 Fmax= 2.04786e+04, atom= 1334
Step=   74, Dmax= 1.2e-02 nm, Epot= -4.99412e+05 Fmax= 2.32155e+03, atom= 1334
Step=   75, Dmax= 1.4e-02 nm, Epot= -4.99447e+05 Fmax= 1.92456e+04, atom= 1334
Step=   76, Dmax= 1.7e-02 nm, Epot= -5.00440e+05 Fmax= 7.07315e+03, atom= 1334
Step=   77, Dmax= 2.1e-02 nm, Epot= -4.99440e+05 Fmax= 2.42454e+04, atom= 1334
Step=   78, Dmax= 1.0e-02 nm, Epot= -5.00596e+05 Fmax= 8.60034e+03, atom= 1334
Step=   79, Dmax= 1.2e-02 nm, Epot= -5.00726e+05 Fmax= 1.03579e+04, atom= 1334
Step=   80, Dmax= 1.5e-02 nm, Epot= -5.00820e+05 Fmax= 1.22255e+04, atom= 1334
Step=   81, Dmax= 1.8e-02 nm, Epot= -5.00830e+05 Fmax= 1.50101e+04, atom= 1334
Step=   82, Dmax= 2.1e-02 nm, Epot= -5.00807e+05 Fmax= 1.74756e+04, atom= 1334
Step=   83, Dmax= 1.1e-02 nm, Epot= -5.01535e+05 Fmax= 1.32577e+03, atom= 1744
Step=   84, Dmax= 1.3e-02 nm, Epot= -5.02015e+05 Fmax= 1.81377e+04, atom= 1744
Step=   85, Dmax= 1.5e-02 nm, Epot= -5.02925e+05 Fmax= 5.51280e+03, atom= 1744
Step=   86, Dmax= 1.8e-02 nm, Epot= -5.02085e+05 Fmax= 2.27843e+04, atom= 1744
Step=   87, Dmax= 9.2e-03 nm, Epot= -5.03026e+05 Fmax= 8.65333e+03, atom= 1744
Step=   88, Dmax= 1.1e-02 nm, Epot= -5.03204e+05 Fmax= 8.35538e+03, atom= 1744
Step=   89, Dmax= 1.3e-02 nm, Epot= -5.03215e+05 Fmax= 1.20246e+04, atom= 1744
Step=   90, Dmax= 1.6e-02 nm, Epot= -5.03358e+05 Fmax= 1.24287e+04, atom= 1744
Step=   91, Dmax= 1.9e-02 nm, Epot= -5.03225e+05 Fmax= 1.68899e+04, atom= 1744
Step=   92, Dmax= 9.6e-03 nm, Epot= -5.03827e+05 Fmax= 2.23679e+03, atom= 1744
Step=   93, Dmax= 1.1e-02 nm, Epot= -5.03887e+05 Fmax= 1.55025e+04, atom= 1744
Step=   94, Dmax= 1.4e-02 nm, Epot= -5.04486e+05 Fmax= 5.67403e+03, atom= 1744
Step=   95, Dmax= 1.7e-02 nm, Epot= -5.04005e+05 Fmax= 1.97132e+04, atom= 1744
Step=   96, Dmax= 8.3e-03 nm, Epot= -5.04616e+05 Fmax= 7.03103e+03, atom= 1744
Step=   97, Dmax= 9.9e-03 nm, Epot= -5.04738e+05 Fmax= 8.18995e+03, atom= 1744
Step=   98, Dmax= 1.2e-02 nm, Epot= -5.04826e+05 Fmax= 1.00876e+04, atom= 1744
Step=   99, Dmax= 1.4e-02 nm, Epot= -5.04902e+05 Fmax= 1.18316e+04, atom= 1744
Step=  100, Dmax= 1.7e-02 nm, Epot= -5.04914e+05 Fmax= 1.44482e+04, atom= 1744
Step=  101, Dmax= 2.1e-02 nm, Epot= -5.04893e+05 Fmax= 1.70820e+04, atom= 1744
Step=  102, Dmax= 1.0e-02 nm, Epot= -5.05443e+05 Fmax= 1.33272e+03, atom= 1744
Step=  103, Dmax= 1.2e-02 nm, Epot= -5.05806e+05 Fmax= 1.78016e+04, atom= 1744
Step=  104, Dmax= 1.5e-02 nm, Epot= -5.06468e+05 Fmax= 5.05654e+03, atom= 1744
Step=  105, Dmax= 1.8e-02 nm, Epot= -5.05943e+05 Fmax= 2.21826e+04, atom= 1744
Step=  106, Dmax= 8.9e-03 nm, Epot= -5.06554e+05 Fmax= 8.59549e+03, atom= 1744
Step=  107, Dmax= 1.1e-02 nm, Epot= -5.06702e+05 Fmax= 7.80575e+03, atom= 1744
Step=  108, Dmax= 1.3e-02 nm, Epot= -5.06719e+05 Fmax= 1.18450e+04, atom= 1744
Step=  109, Dmax= 1.5e-02 nm, Epot= -5.06852e+05 Fmax= 1.17512e+04, atom= 1744
Step=  110, Dmax= 1.8e-02 nm, Epot= -5.06765e+05 Fmax= 1.65004e+04, atom= 1744
Step=  111, Dmax= 9.2e-03 nm, Epot= -5.07165e+05 Fmax= 2.39519e+03, atom= 1744
Step=  112, Dmax= 1.1e-02 nm, Epot= -5.07248e+05 Fmax= 1.45887e+04, atom= 1744
Step=  113, Dmax= 1.3e-02 nm, Epot= -5.07640e+05 Fmax= 5.79273e+03, atom= 1744
Step=  114, Dmax= 1.6e-02 nm, Epot= -5.07367e+05 Fmax= 1.86898e+04, atom= 1744
Step=  115, Dmax= 8.0e-03 nm, Epot= -5.07753e+05 Fmax= 6.44549e+03, atom= 1744
Step=  116, Dmax= 9.6e-03 nm, Epot= -5.07846e+05 Fmax= 8.23221e+03, atom= 1744
Step=  117, Dmax= 1.1e-02 nm, Epot= -5.07939e+05 Fmax= 9.39452e+03, atom= 1744
Step=  118, Dmax= 1.4e-02 nm, Epot= -5.07992e+05 Fmax= 1.17241e+04, atom= 1744
Step=  119, Dmax= 1.7e-02 nm, Epot= -5.08043e+05 Fmax= 1.36418e+04, atom= 1744
Step=  120, Dmax= 2.0e-02 nm, Epot= -5.08025e+05 Fmax= 1.67152e+04, atom= 1744
Step=  121, Dmax= 9.9e-03 nm, Epot= -5.08397e+05 Fmax= 1.56673e+03, atom= 1744
Step=  122, Dmax= 1.2e-02 nm, Epot= -5.08643e+05 Fmax= 1.66959e+04, atom= 1744
Step=  123, Dmax= 1.4e-02 nm, Epot= -5.09087e+05 Fmax= 5.24196e+03, atom= 1744
Step=  124, Dmax= 1.7e-02 nm, Epot= -5.08758e+05 Fmax= 2.11193e+04, atom= 1744
Step=  125, Dmax= 8.6e-03 nm, Epot= -5.09172e+05 Fmax= 7.94490e+03, atom= 1744
Step=  126, Dmax= 1.0e-02 nm, Epot= -5.09280e+05 Fmax= 7.83503e+03, atom= 1744
Step=  127, Dmax= 1.2e-02 nm, Epot= -5.09322e+05 Fmax= 1.11327e+04, atom= 1744
Step=  128, Dmax= 1.5e-02 nm, Epot= -5.09417e+05 Fmax= 1.15678e+04, atom= 1744
Step=  129, Dmax= 1.8e-02 nm, Epot= -5.09388e+05 Fmax= 1.57131e+04, atom= 1744
Step=  130, Dmax= 8.9e-03 nm, Epot= -5.09657e+05 Fmax= 2.07529e+03, atom= 1744
Step=  131, Dmax= 1.1e-02 nm, Epot= -5.09801e+05 Fmax= 1.43184e+04, atom= 1744
Step=  132, Dmax= 1.3e-02 nm, Epot= -5.10101e+05 Fmax= 5.37539e+03, atom= 1744
Step=  133, Dmax= 1.5e-02 nm, Epot= -5.09942e+05 Fmax= 1.81600e+04, atom= 1744
Step=  134, Dmax= 7.7e-03 nm, Epot= -5.10195e+05 Fmax= 6.40268e+03, atom= 1744
Step=  135, Dmax= 9.2e-03 nm, Epot= -5.10282e+05 Fmax= 7.76547e+03, atom= 1744
Step=  136, Dmax= 1.1e-02 nm, Epot= -5.10360e+05 Fmax= 9.18944e+03, atom= 1744
Step=  137, Dmax= 1.3e-02 nm, Epot= -5.10420e+05 Fmax= 1.12030e+04, atom= 1744
Step=  138, Dmax= 1.6e-02 nm, Epot= -5.10469e+05 Fmax= 1.31889e+04, atom= 1744
Step=  139, Dmax= 1.9e-02 nm, Epot= -5.10475e+05 Fmax= 1.61392e+04, atom= 1744
Step=  140, Dmax= 2.3e-02 nm, Epot= -5.10465e+05 Fmax= 1.89065e+04, atom= 1744
Step=  141, Dmax= 1.1e-02 nm, Epot= -5.10833e+05 Fmax= 1.43364e+03, atom= 1744
Step=  142, Dmax= 1.4e-02 nm, Epot= -5.11099e+05 Fmax= 1.97208e+04, atom= 1744
Step=  143, Dmax= 1.7e-02 nm, Epot= -5.11550e+05 Fmax= 5.66827e+03, atom= 1744
Step=  144, Dmax= 2.0e-02 nm, Epot= -5.11167e+05 Fmax= 2.48300e+04, atom= 1744
Step=  145, Dmax= 9.9e-03 nm, Epot= -5.11608e+05 Fmax= 9.60821e+03, atom= 1744
Step=  146, Dmax= 1.2e-02 nm, Epot= -5.11712e+05 Fmax= 8.62726e+03, atom= 1744
Step=  147, Dmax= 1.4e-02 nm, Epot= -5.11718e+05 Fmax= 1.33142e+04, atom= 1744
Step=  148, Dmax= 1.7e-02 nm, Epot= -5.11817e+05 Fmax= 1.29070e+04, atom= 1744
Step=  149, Dmax= 2.1e-02 nm, Epot= -5.11741e+05 Fmax= 1.86261e+04, atom= 1744
Step=  150, Dmax= 1.0e-02 nm, Epot= -5.12035e+05 Fmax= 2.86456e+03, atom= 1744
Step=  151, Dmax= 1.2e-02 nm, Epot= -5.12073e+05 Fmax= 1.60517e+04, atom= 1744
Step=  152, Dmax= 1.5e-02 nm, Epot= -5.12346e+05 Fmax= 6.70986e+03, atom= 1744
Step=  153, Dmax= 1.8e-02 nm, Epot= -5.12155e+05 Fmax= 2.04705e+04, atom= 1744
Step=  154, Dmax= 8.9e-03 nm, Epot= -5.12430e+05 Fmax= 6.89396e+03, atom= 1744
Step=  155, Dmax= 1.1e-02 nm, Epot= -5.12490e+05 Fmax= 9.48582e+03, atom= 1744
Step=  156, Dmax= 1.3e-02 nm, Epot= -5.12566e+05 Fmax= 1.00974e+04, atom= 1744
Step=  157, Dmax= 1.5e-02 nm, Epot= -5.12590e+05 Fmax= 1.34729e+04, atom= 1744
Step=  158, Dmax= 1.8e-02 nm, Epot= -5.12644e+05 Fmax= 1.46924e+04, atom= 1744
Step=  159, Dmax= 2.2e-02 nm, Epot= -5.12599e+05 Fmax= 1.91877e+04, atom= 1744
Step=  160, Dmax= 1.1e-02 nm, Epot= -5.12889e+05 Fmax= 2.25911e+03, atom= 1744
Step=  161, Dmax= 1.3e-02 nm, Epot= -5.12969e+05 Fmax= 1.80743e+04, atom= 1744
Step=  162, Dmax= 1.6e-02 nm, Epot= -5.13280e+05 Fmax= 6.43012e+03, atom= 1744
Step=  163, Dmax= 1.9e-02 nm, Epot= -5.13045e+05 Fmax= 2.27637e+04, atom= 1744
Step=  164, Dmax= 9.5e-03 nm, Epot= -5.13348e+05 Fmax= 8.18802e+03, atom= 1744
Step=  165, Dmax= 1.1e-02 nm, Epot= -5.13415e+05 Fmax= 9.42907e+03, atom= 1744
Step=  166, Dmax= 1.4e-02 nm, Epot= -5.13463e+05 Fmax= 1.16158e+04, atom= 1744
Step=  167, Dmax= 1.6e-02 nm, Epot= -5.13505e+05 Fmax= 1.37235e+04, atom= 1744
Step=  168, Dmax= 2.0e-02 nm, Epot= -5.13518e+05 Fmax= 1.65394e+04, atom= 1744
Step=  169, Dmax= 2.4e-02 nm, Epot= -5.13504e+05 Fmax= 1.98687e+04, atom= 1744
Step=  170, Dmax= 1.2e-02 nm, Epot= -5.13790e+05 Fmax= 1.68688e+03, atom= 1744
Step=  171, Dmax= 1.4e-02 nm, Epot= -5.13963e+05 Fmax= 2.01605e+04, atom= 1744
Step=  172, Dmax= 1.7e-02 nm, Epot= -5.14307e+05 Fmax= 6.25008e+03, atom= 1744
Step=  173, Dmax= 2.1e-02 nm, Epot= -5.14036e+05 Fmax= 2.50758e+04, atom= 1744
Step=  174, Dmax= 1.0e-02 nm, Epot= -5.14361e+05 Fmax= 9.45477e+03, atom= 1744
Step=  175, Dmax= 1.2e-02 nm, Epot= -5.14435e+05 Fmax= 9.49841e+03, atom= 1744
Step=  176, Dmax= 1.5e-02 nm, Epot= -5.14460e+05 Fmax= 1.31181e+04, atom= 1744
Step=  177, Dmax= 1.8e-02 nm, Epot= -5.14516e+05 Fmax= 1.41254e+04, atom= 1744
Step=  178, Dmax= 2.1e-02 nm, Epot= -5.14495e+05 Fmax= 1.83916e+04, atom= 1744
Step=  179, Dmax= 1.1e-02 nm, Epot= -5.14705e+05 Fmax= 2.16600e+03, atom= 1744
Step=  180, Dmax= 1.3e-02 nm, Epot= -5.14809e+05 Fmax= 1.75600e+04, atom= 1744
Step=  181, Dmax= 1.5e-02 nm, Epot= -5.15056e+05 Fmax= 5.93275e+03, atom= 1744
Step=  182, Dmax= 1.8e-02 nm, Epot= -5.14887e+05 Fmax= 2.23785e+04, atom= 1744
Step=  183, Dmax= 9.2e-03 nm, Epot= -5.15117e+05 Fmax= 8.22385e+03, atom= 1744
Step=  184, Dmax= 1.1e-02 nm, Epot= -5.15183e+05 Fmax= 8.66828e+03, atom= 1744
Step=  185, Dmax= 1.3e-02 nm, Epot= -5.15222e+05 Fmax= 1.16924e+04, atom= 1744
Step=  186, Dmax= 1.6e-02 nm, Epot= -5.15278e+05 Fmax= 1.26172e+04, atom= 1744
Step=  187, Dmax= 1.9e-02 nm, Epot= -5.15275e+05 Fmax= 1.66526e+04, atom= 1744
Step=  188, Dmax= 9.5e-03 nm, Epot= -5.15429e+05 Fmax= 2.02256e+03, atom= 1744
Step=  189, Dmax= 1.1e-02 nm, Epot= -5.15564e+05 Fmax= 1.54669e+04, atom= 1744
Step=  190, Dmax= 1.4e-02 nm, Epot= -5.15754e+05 Fmax= 5.67310e+03, atom= 1744
Step=  191, Dmax= 1.6e-02 nm, Epot= -5.15666e+05 Fmax= 1.95059e+04, atom= 1744
Step=  192, Dmax= 8.2e-03 nm, Epot= -5.15818e+05 Fmax= 6.93024e+03, atom= 1744
Step=  193, Dmax= 9.9e-03 nm, Epot= -5.15878e+05 Fmax= 8.28415e+03, atom= 1744
Step=  194, Dmax= 1.2e-02 nm, Epot= -5.15932e+05 Fmax= 9.86872e+03, atom= 1744
Step=  195, Dmax= 1.4e-02 nm, Epot= -5.15975e+05 Fmax= 1.20142e+04, atom= 1744
Step=  196, Dmax= 1.7e-02 nm, Epot= -5.16010e+05 Fmax= 1.41067e+04, atom= 1744
Step=  197, Dmax= 2.0e-02 nm, Epot= -5.16016e+05 Fmax= 1.73465e+04, atom= 1744
Step=  198, Dmax= 2.5e-02 nm, Epot= -5.16015e+05 Fmax= 2.01802e+04, atom= 1744
Step=  199, Dmax= 1.2e-02 nm, Epot= -5.16250e+05 Fmax= 1.47912e+03, atom= 1744
Step=  200, Dmax= 1.5e-02 nm, Epot= -5.16458e+05 Fmax= 2.13134e+04, atom= 1744
Step=  201, Dmax= 1.8e-02 nm, Epot= -5.16766e+05 Fmax= 5.90834e+03, atom= 1744
Step=  202, Dmax= 2.1e-02 nm, Epot= -5.16504e+05 Fmax= 2.68100e+04, atom= 1744
Step=  203, Dmax= 1.1e-02 nm, Epot= -5.16806e+05 Fmax= 1.04917e+04, atom= 1744
Step=  204, Dmax= 1.3e-02 nm, Epot= -5.16882e+05 Fmax= 9.04025e+03, atom= 1744
Step=  205, Dmax= 1.5e-02 nm, Epot= -5.16882e+05 Fmax= 1.44948e+04, atom= 1744
Step=  206, Dmax= 1.8e-02 nm, Epot= -5.16958e+05 Fmax= 1.35879e+04, atom= 1744
Step=  207, Dmax= 2.2e-02 nm, Epot= -5.16895e+05 Fmax= 2.02150e+04, atom= 1744
Step=  208, Dmax= 1.1e-02 nm, Epot= -5.17107e+05 Fmax= 3.32081e+03, atom= 1744
Step=  209, Dmax= 1.3e-02 nm, Epot= -5.17124e+05 Fmax= 1.69084e+04, atom= 1744
Step=  210, Dmax= 1.6e-02 nm, Epot= -5.17311e+05 Fmax= 7.48930e+03, atom= 1744
Step=  211, Dmax= 1.9e-02 nm, Epot= -5.17175e+05 Fmax= 2.16097e+04, atom= 1744
Step=  212, Dmax= 9.5e-03 nm, Epot= -5.17374e+05 Fmax= 7.07620e+03, atom= 1744
Step=  213, Dmax= 1.1e-02 nm, Epot= -5.17413e+05 Fmax= 1.04903e+04, atom= 1744
Step=  214, Dmax= 1.4e-02 nm, Epot= -5.17473e+05 Fmax= 1.04808e+04, atom= 1744
Step=  215, Dmax= 1.6e-02 nm, Epot= -5.17480e+05 Fmax= 1.47876e+04, atom= 1744
Step=  216, Dmax= 2.0e-02 nm, Epot= -5.17530e+05 Fmax= 1.53729e+04, atom= 1744
Step=  217, Dmax= 2.4e-02 nm, Epot= -5.17478e+05 Fmax= 2.09316e+04, atom= 1744
Step=  218, Dmax= 1.2e-02 nm, Epot= -5.17705e+05 Fmax= 2.79317e+03, atom= 1744
Step=  219, Dmax= 1.4e-02 nm, Epot= -5.17725e+05 Fmax= 1.89520e+04, atom= 1744
Step=  220, Dmax= 1.7e-02 nm, Epot= -5.17951e+05 Fmax= 7.29844e+03, atom= 1744
Step=  221, Dmax= 2.0e-02 nm, Epot= -5.17764e+05 Fmax= 2.39637e+04, atom= 1744
Step=  222, Dmax= 1.0e-02 nm, Epot= -5.18004e+05 Fmax= 8.35435e+03, atom= 1744
Step=  223, Dmax= 1.2e-02 nm, Epot= -5.18045e+05 Fmax= 1.05281e+04, atom= 1744
Step=  224, Dmax= 1.5e-02 nm, Epot= -5.18087e+05 Fmax= 1.20082e+04, atom= 1744
Step=  225, Dmax= 1.8e-02 nm, Epot= -5.18103e+05 Fmax= 1.51455e+04, atom= 1744
Step=  226, Dmax= 2.1e-02 nm, Epot= -5.18124e+05 Fmax= 1.72586e+04, atom= 1744
Step=  227, Dmax= 2.5e-02 nm, Epot= -5.18086e+05 Fmax= 2.17406e+04, atom= 1744
Step=  228, Dmax= 1.3e-02 nm, Epot= -5.18330e+05 Fmax= 2.26554e+03, atom= 1744
Step=  229, Dmax= 1.5e-02 nm, Epot= -5.18369e+05 Fmax= 2.11127e+04, atom= 1744
Step=  230, Dmax= 1.8e-02 nm, Epot= -5.18638e+05 Fmax= 7.15383e+03, atom= 1744
Step=  231, Dmax= 2.2e-02 nm, Epot= -5.18394e+05 Fmax= 2.64190e+04, atom= 1744
Step=  232, Dmax= 1.1e-02 nm, Epot= -5.18680e+05 Fmax= 9.66888e+03, atom= 1744
Step=  233, Dmax= 1.3e-02 nm, Epot= -5.18728e+05 Fmax= 1.06338e+04, atom= 1744
Step=  234, Dmax= 1.6e-02 nm, Epot= -5.18750e+05 Fmax= 1.35859e+04, atom= 1744
Step=  235, Dmax= 1.9e-02 nm, Epot= -5.18777e+05 Fmax= 1.55968e+04, atom= 1744
Step=  236, Dmax= 2.3e-02 nm, Epot= -5.18765e+05 Fmax= 1.92173e+04, atom= 1744
Step=  237, Dmax= 1.1e-02 nm, Epot= -5.18946e+05 Fmax= 1.85346e+03, atom= 1744
Step=  238, Dmax= 1.4e-02 nm, Epot= -5.19051e+05 Fmax= 1.93299e+04, atom= 1744
Step=  239, Dmax= 1.6e-02 nm, Epot= -5.19278e+05 Fmax= 5.86158e+03, atom= 1744
Step=  240, Dmax= 2.0e-02 nm, Epot= -5.19100e+05 Fmax= 2.44932e+04, atom= 1744
Step=  241, Dmax= 9.8e-03 nm, Epot= -5.19319e+05 Fmax= 9.32727e+03, atom= 1744
Step=  242, Dmax= 1.2e-02 nm, Epot= -5.19377e+05 Fmax= 8.77098e+03, atom= 1744
Step=  243, Dmax= 1.4e-02 nm, Epot= -5.19392e+05 Fmax= 1.30526e+04, atom= 1744
Step=  244, Dmax= 1.7e-02 nm, Epot= -5.19447e+05 Fmax= 1.29857e+04, atom= 1744
Step=  245, Dmax= 2.0e-02 nm, Epot= -5.19418e+05 Fmax= 1.83720e+04, atom= 1744
Step=  246, Dmax= 1.0e-02 nm, Epot= -5.19571e+05 Fmax= 2.69869e+03, atom= 1744
Step=  247, Dmax= 1.2e-02 nm, Epot= -5.19618e+05 Fmax= 1.60339e+04, atom= 1744
Step=  248, Dmax= 1.5e-02 nm, Epot= -5.19776e+05 Fmax= 6.60151e+03, atom= 1744
Step=  249, Dmax= 1.8e-02 nm, Epot= -5.19677e+05 Fmax= 2.03724e+04, atom= 1744
Step=  250, Dmax= 8.8e-03 nm, Epot= -5.19828e+05 Fmax= 6.89921e+03, atom= 1744
Step=  251, Dmax= 1.1e-02 nm, Epot= -5.19868e+05 Fmax= 9.40080e+03, atom= 1744
Step=  252, Dmax= 1.3e-02 nm, Epot= -5.19916e+05 Fmax= 1.00426e+04, atom= 1744
Step=  253, Dmax= 1.5e-02 nm, Epot= -5.19935e+05 Fmax= 1.34005e+04, atom= 1744
Step=  254, Dmax= 1.8e-02 nm, Epot= -5.19971e+05 Fmax= 1.45730e+04, atom= 1744
Step=  255, Dmax= 2.2e-02 nm, Epot= -5.19948e+05 Fmax= 1.91141e+04, atom= 1744
Step=  256, Dmax= 1.1e-02 nm, Epot= -5.20117e+05 Fmax= 2.28191e+03, atom= 1744
Step=  257, Dmax= 1.3e-02 nm, Epot= -5.20177e+05 Fmax= 1.78466e+04, atom= 1744
Step=  258, Dmax= 1.6e-02 nm, Epot= -5.20364e+05 Fmax= 6.50854e+03, atom= 1744
Step=  259, Dmax= 1.9e-02 nm, Epot= -5.20226e+05 Fmax= 2.24696e+04, atom= 1744
Step=  260, Dmax= 9.5e-03 nm, Epot= -5.20410e+05 Fmax= 8.00048e+03, atom= 1744
Step=  261, Dmax= 1.1e-02 nm, Epot= -5.20452e+05 Fmax= 9.52070e+03, atom= 1744
Step=  262, Dmax= 1.4e-02 nm, Epot= -5.20487e+05 Fmax= 1.13758e+04, atom= 1744
Step=  263, Dmax= 1.6e-02 nm, Epot= -5.20510e+05 Fmax= 1.38178e+04, atom= 1744
Step=  264, Dmax= 2.0e-02 nm, Epot= -5.20526e+05 Fmax= 1.62400e+04, atom= 1744
Step=  265, Dmax= 2.4e-02 nm, Epot= -5.20510e+05 Fmax= 1.99510e+04, atom= 1744
Step=  266, Dmax= 1.2e-02 nm, Epot= -5.20696e+05 Fmax= 1.87577e+03, atom= 1744
Step=  267, Dmax= 1.4e-02 nm, Epot= -5.20780e+05 Fmax= 1.97503e+04, atom= 1744
Step=  268, Dmax= 1.7e-02 nm, Epot= -5.21001e+05 Fmax= 6.47204e+03, atom= 1744
Step=  269, Dmax= 2.0e-02 nm, Epot= -5.20814e+05 Fmax= 2.46457e+04, atom= 1744
Step=  270, Dmax= 1.0e-02 nm, Epot= -5.21038e+05 Fmax= 9.12069e+03, atom= 1744
Step=  271, Dmax= 1.2e-02 nm, Epot= -5.21083e+05 Fmax= 9.71729e+03, atom= 1744
Step=  272, Dmax= 1.5e-02 nm, Epot= -5.21103e+05 Fmax= 1.27411e+04, atom= 1744
Step=  273, Dmax= 1.8e-02 nm, Epot= -5.21132e+05 Fmax= 1.43353e+04, atom= 1744
Step=  274, Dmax= 2.1e-02 nm, Epot= -5.21123e+05 Fmax= 1.79614e+04, atom= 1744
Step=  275, Dmax= 1.1e-02 nm, Epot= -5.21268e+05 Fmax= 1.84693e+03, atom= 1744
Step=  276, Dmax= 1.3e-02 nm, Epot= -5.21356e+05 Fmax= 1.78279e+04, atom= 1744
Step=  277, Dmax= 1.5e-02 nm, Epot= -5.21539e+05 Fmax= 5.51980e+03, atom= 1744
Step=  278, Dmax= 1.8e-02 nm, Epot= -5.21404e+05 Fmax= 2.26426e+04, atom= 1744
Step=  279, Dmax= 9.1e-03 nm, Epot= -5.21577e+05 Fmax= 8.56686e+03, atom= 1744
Step=  280, Dmax= 1.1e-02 nm, Epot= -5.21626e+05 Fmax= 8.21004e+03, atom= 1744
Step=  281, Dmax= 1.3e-02 nm, Epot= -5.21643e+05 Fmax= 1.20341e+04, atom= 1744
Step=  282, Dmax= 1.6e-02 nm, Epot= -5.21689e+05 Fmax= 1.21114e+04, atom= 1744
Step=  283, Dmax= 1.9e-02 nm, Epot= -5.21671e+05 Fmax= 1.69814e+04, atom= 1744
Step=  284, Dmax= 9.5e-03 nm, Epot= -5.21792e+05 Fmax= 2.43860e+03, atom= 1744
Step=  285, Dmax= 1.1e-02 nm, Epot= -5.21845e+05 Fmax= 1.49064e+04, atom= 1744
Step=  286, Dmax= 1.4e-02 nm, Epot= -5.21976e+05 Fmax= 6.08671e+03, atom= 1744
Step=  287, Dmax= 1.6e-02 nm, Epot= -5.21902e+05 Fmax= 1.89192e+04, atom= 1744
Step=  288, Dmax= 8.2e-03 nm, Epot= -5.22022e+05 Fmax= 6.42772e+03, atom= 1744
Step=  289, Dmax= 9.8e-03 nm, Epot= -5.22058e+05 Fmax= 8.69519e+03, atom= 1744
Step=  290, Dmax= 1.2e-02 nm, Epot= -5.22100e+05 Fmax= 9.33213e+03, atom= 1744
Step=  291, Dmax= 1.4e-02 nm, Epot= -5.22118e+05 Fmax= 1.24166e+04, atom= 1744
Step=  292, Dmax= 1.7e-02 nm, Epot= -5.22151e+05 Fmax= 1.35273e+04, atom= 1744
Step=  293, Dmax= 2.0e-02 nm, Epot= -5.22134e+05 Fmax= 1.77287e+04, atom= 1744
Step=  294, Dmax= 1.0e-02 nm, Epot= -5.22272e+05 Fmax= 2.10898e+03, atom= 1744
Step=  295, Dmax= 1.2e-02 nm, Epot= -5.22333e+05 Fmax= 1.65256e+04, atom= 1744
Step=  296, Dmax= 1.5e-02 nm, Epot= -5.22488e+05 Fmax= 6.05706e+03, atom= 1744
Step=  297, Dmax= 1.8e-02 nm, Epot= -5.22380e+05 Fmax= 2.08096e+04, atom= 1744
Step=  298, Dmax= 8.8e-03 nm, Epot= -5.22529e+05 Fmax= 7.39292e+03, atom= 1744
Step=  299, Dmax= 1.1e-02 nm, Epot= -5.22566e+05 Fmax= 8.86125e+03, atom= 1744
Step=  300, Dmax= 1.3e-02 nm, Epot= -5.22598e+05 Fmax= 1.05139e+04, atom= 1744
Step=  301, Dmax= 1.5e-02 nm, Epot= -5.22619e+05 Fmax= 1.28578e+04, atom= 1744
Step=  302, Dmax= 1.8e-02 nm, Epot= -5.22636e+05 Fmax= 1.50213e+04, atom= 1744
Step=  303, Dmax= 2.2e-02 nm, Epot= -5.22624e+05 Fmax= 1.85597e+04, atom= 1744
Step=  304, Dmax= 1.1e-02 nm, Epot= -5.22777e+05 Fmax= 1.78394e+03, atom= 1744
Step=  305, Dmax= 1.3e-02 nm, Epot= -5.22856e+05 Fmax= 1.82349e+04, atom= 1744
Step=  306, Dmax= 1.6e-02 nm, Epot= -5.23040e+05 Fmax= 6.06945e+03, atom= 1744
Step=  307, Dmax= 1.9e-02 nm, Epot= -5.22892e+05 Fmax= 2.27875e+04, atom= 1744
Step=  308, Dmax= 9.4e-03 nm, Epot= -5.23074e+05 Fmax= 8.38533e+03, atom= 1744
Step=  309, Dmax= 1.1e-02 nm, Epot= -5.23113e+05 Fmax= 9.08789e+03, atom= 1744
Step=  310, Dmax= 1.4e-02 nm, Epot= -5.23134e+05 Fmax= 1.17364e+04, atom= 1744
Step=  311, Dmax= 1.6e-02 nm, Epot= -5.23159e+05 Fmax= 1.33813e+04, atom= 1744
Step=  312, Dmax= 2.0e-02 nm, Epot= -5.23157e+05 Fmax= 1.65766e+04, atom= 1744
Step=  313, Dmax= 9.8e-03 nm, Epot= -5.23274e+05 Fmax= 1.62572e+03, atom= 1744
Step=  314, Dmax= 1.2e-02 nm, Epot= -5.23373e+05 Fmax= 1.66606e+04, atom= 1744
Step=  315, Dmax= 1.4e-02 nm, Epot= -5.23529e+05 Fmax= 4.98889e+03, atom= 1744
Step=  316, Dmax= 1.7e-02 nm, Epot= -5.23422e+05 Fmax= 2.11457e+04, atom= 1744
Step=  317, Dmax= 8.5e-03 nm, Epot= -5.23564e+05 Fmax= 8.08381e+03, atom= 1744
Step=  318, Dmax= 1.0e-02 nm, Epot= -5.23609e+05 Fmax= 7.47082e+03, atom= 1744
Step=  319, Dmax= 1.2e-02 nm, Epot= -5.23625e+05 Fmax= 1.13116e+04, atom= 1744
Step=  320, Dmax= 1.5e-02 nm, Epot= -5.23669e+05 Fmax= 1.10801e+04, atom= 1744
Step=  321, Dmax= 1.8e-02 nm, Epot= -5.23654e+05 Fmax= 1.59124e+04, atom= 1744
Step=  322, Dmax= 8.8e-03 nm, Epot= -5.23755e+05 Fmax= 2.41804e+03, atom= 1744
Step=  323, Dmax= 1.1e-02 nm, Epot= -5.23802e+05 Fmax= 1.36483e+04, atom= 1744
Step=  324, Dmax= 1.3e-02 nm, Epot= -5.23910e+05 Fmax= 5.81736e+03, atom= 1744
Step=  325, Dmax= 1.5e-02 nm, Epot= -5.23854e+05 Fmax= 1.73663e+04, atom= 1744
Step=  326, Dmax= 7.6e-03 nm, Epot= -5.23952e+05 Fmax= 5.78355e+03, atom= 1744
Step=  327, Dmax= 9.1e-03 nm, Epot= -5.23984e+05 Fmax= 8.24787e+03, atom= 1744
Step=  328, Dmax= 1.1e-02 nm, Epot= -5.24024e+05 Fmax= 8.46670e+03, atom= 1744
Step=  329, Dmax= 1.3e-02 nm, Epot= -5.24039e+05 Fmax= 1.17102e+04, atom= 1744
Step=  330, Dmax= 1.6e-02 nm, Epot= -5.24073e+05 Fmax= 1.23503e+04, atom= 1744
Step=  331, Dmax= 1.9e-02 nm, Epot= -5.24057e+05 Fmax= 1.66499e+04, atom= 1744
Step=  332, Dmax= 9.4e-03 nm, Epot= -5.24173e+05 Fmax= 2.15464e+03, atom= 1744
Step=  333, Dmax= 1.1e-02 nm, Epot= -5.24222e+05 Fmax= 1.51061e+04, atom= 1744
Step=  334, Dmax= 1.4e-02 nm, Epot= -5.24350e+05 Fmax= 5.82751e+03, atom= 1744
Step=  335, Dmax= 1.6e-02 nm, Epot= -5.24266e+05 Fmax= 1.90847e+04, atom= 1744
Step=  336, Dmax= 8.1e-03 nm, Epot= -5.24388e+05 Fmax= 6.64102e+03, atom= 1744
Step=  337, Dmax= 9.8e-03 nm, Epot= -5.24420e+05 Fmax= 8.43761e+03, atom= 1744
Step=  338, Dmax= 1.2e-02 nm, Epot= -5.24453e+05 Fmax= 9.52700e+03, atom= 1744
Step=  339, Dmax= 1.4e-02 nm, Epot= -5.24469e+05 Fmax= 1.21550e+04, atom= 1744
Step=  340, Dmax= 1.7e-02 nm, Epot= -5.24490e+05 Fmax= 1.37015e+04, atom= 1744
Step=  341, Dmax= 2.0e-02 nm, Epot= -5.24476e+05 Fmax= 1.74566e+04, atom= 1744
Step=  342, Dmax= 1.0e-02 nm, Epot= -5.24608e+05 Fmax= 1.88671e+03, atom= 1744
Step=  343, Dmax= 1.2e-02 nm, Epot= -5.24664e+05 Fmax= 1.66576e+04, atom= 1744
Step=  344, Dmax= 1.5e-02 nm, Epot= -5.24815e+05 Fmax= 5.86183e+03, atom= 1744
Step=  345, Dmax= 1.8e-02 nm, Epot= -5.24698e+05 Fmax= 2.09038e+04, atom= 1744
Step=  346, Dmax= 8.8e-03 nm, Epot= -5.24848e+05 Fmax= 7.53946e+03, atom= 1744
Step=  347, Dmax= 1.1e-02 nm, Epot= -5.24881e+05 Fmax= 8.66723e+03, atom= 1744
Step=  348, Dmax= 1.3e-02 nm, Epot= -5.24904e+05 Fmax= 1.06414e+04, atom= 1744
Step=  349, Dmax= 1.5e-02 nm, Epot= -5.24923e+05 Fmax= 1.26586e+04, atom= 1744
Step=  350, Dmax= 1.8e-02 nm, Epot= -5.24930e+05 Fmax= 1.51273e+04, atom= 1744
Step=  351, Dmax= 2.2e-02 nm, Epot= -5.24918e+05 Fmax= 1.83486e+04, atom= 1744
Step=  352, Dmax= 1.1e-02 nm, Epot= -5.25068e+05 Fmax= 1.62598e+03, atom= 1744
Step=  353, Dmax= 1.3e-02 nm, Epot= -5.25136e+05 Fmax= 1.82901e+04, atom= 1744
Step=  354, Dmax= 1.6e-02 nm, Epot= -5.25314e+05 Fmax= 5.94672e+03, atom= 1744
Step=  355, Dmax= 1.9e-02 nm, Epot= -5.25157e+05 Fmax= 2.27997e+04, atom= 1744
Step=  356, Dmax= 9.4e-03 nm, Epot= -5.25341e+05 Fmax= 8.45578e+03, atom= 1744
Step=  357, Dmax= 1.1e-02 nm, Epot= -5.25376e+05 Fmax= 8.96644e+03, atom= 1744
Step=  358, Dmax= 1.4e-02 nm, Epot= -5.25389e+05 Fmax= 1.17865e+04, atom= 1744
Step=  359, Dmax= 1.6e-02 nm, Epot= -5.25411e+05 Fmax= 1.32546e+04, atom= 1744
Step=  360, Dmax= 2.0e-02 nm, Epot= -5.25401e+05 Fmax= 1.66034e+04, atom= 1744
Step=  361, Dmax= 9.8e-03 nm, Epot= -5.25520e+05 Fmax= 1.70178e+03, atom= 1744
Step=  362, Dmax= 1.2e-02 nm, Epot= -5.25582e+05 Fmax= 1.65369e+04, atom= 1744
Step=  363, Dmax= 1.4e-02 nm, Epot= -5.25730e+05 Fmax= 5.03773e+03, atom= 1744
Step=  364, Dmax= 1.7e-02 nm, Epot= -5.25615e+05 Fmax= 2.10181e+04, atom= 1744
Step=  365, Dmax= 8.4e-03 nm, Epot= -5.25759e+05 Fmax= 7.99392e+03, atom= 1744
Step=  366, Dmax= 1.0e-02 nm, Epot= -5.25798e+05 Fmax= 7.50600e+03, atom= 1744
Step=  367, Dmax= 1.2e-02 nm, Epot= -5.25809e+05 Fmax= 1.12184e+04, atom= 1744
Step=  368, Dmax= 1.5e-02 nm, Epot= -5.25846e+05 Fmax= 1.10969e+04, atom= 1744
Step=  369, Dmax= 1.7e-02 nm, Epot= -5.25826e+05 Fmax= 1.58117e+04, atom= 1744
Step=  370, Dmax= 8.7e-03 nm, Epot= -5.25928e+05 Fmax= 2.35877e+03, atom= 1744
Step=  371, Dmax= 1.0e-02 nm, Epot= -5.25961e+05 Fmax= 1.36409e+04, atom= 1744
Step=  372, Dmax= 1.3e-02 nm, Epot= -5.26065e+05 Fmax= 5.76407e+03, atom= 1744
Step=  373, Dmax= 1.5e-02 nm, Epot= -5.26001e+05 Fmax= 1.73368e+04, atom= 1744
Step=  374, Dmax= 7.6e-03 nm, Epot= -5.26102e+05 Fmax= 5.79563e+03, atom= 1744
Step=  375, Dmax= 9.1e-03 nm, Epot= -5.26128e+05 Fmax= 8.19454e+03, atom= 1744
Step=  376, Dmax= 1.1e-02 nm, Epot= -5.26162e+05 Fmax= 8.46232e+03, atom= 1744
Step=  377, Dmax= 1.3e-02 nm, Epot= -5.26172e+05 Fmax= 1.16536e+04, atom= 1744
Step=  378, Dmax= 1.6e-02 nm, Epot= -5.26200e+05 Fmax= 1.23261e+04, atom= 1744
Step=  379, Dmax= 1.9e-02 nm, Epot= -5.26180e+05 Fmax= 1.65842e+04, atom= 1744
Step=  380, Dmax= 9.4e-03 nm, Epot= -5.26296e+05 Fmax= 2.13388e+03, atom= 1744
Step=  381, Dmax= 1.1e-02 nm, Epot= -5.26329e+05 Fmax= 1.50541e+04, atom= 1744
Step=  382, Dmax= 1.4e-02 nm, Epot= -5.26451e+05 Fmax= 5.81341e+03, atom= 1744
Step=  383, Dmax= 1.6e-02 nm, Epot= -5.26360e+05 Fmax= 1.90107e+04, atom= 1744
Step=  384, Dmax= 8.1e-03 nm, Epot= -5.26484e+05 Fmax= 6.61101e+03, atom= 1744
Step=  385, Dmax= 9.7e-03 nm, Epot= -5.26510e+05 Fmax= 8.42329e+03, atom= 1744
Step=  386, Dmax= 1.2e-02 nm, Epot= -5.26537e+05 Fmax= 9.47976e+03, atom= 1744
Step=  387, Dmax= 1.4e-02 nm, Epot= -5.26549e+05 Fmax= 1.21362e+04, atom= 1744
Step=  388, Dmax= 1.7e-02 nm, Epot= -5.26566e+05 Fmax= 1.36336e+04, atom= 1744
Step=  389, Dmax= 2.0e-02 nm, Epot= -5.26546e+05 Fmax= 1.74283e+04, atom= 1744
Step=  390, Dmax= 1.0e-02 nm, Epot= -5.26678e+05 Fmax= 1.90573e+03, atom= 1744
Step=  391, Dmax= 1.2e-02 nm, Epot= -5.26712e+05 Fmax= 1.65604e+04, atom= 1744
Step=  392, Dmax= 1.5e-02 nm, Epot= -5.26856e+05 Fmax= 5.88565e+03, atom= 1744
Step=  393, Dmax= 1.7e-02 nm, Epot= -5.26732e+05 Fmax= 2.07867e+04, atom= 1744
Step=  394, Dmax= 8.7e-03 nm, Epot= -5.26885e+05 Fmax= 7.46836e+03, atom= 1744
Step=  395, Dmax= 1.0e-02 nm, Epot= -5.26912e+05 Fmax= 8.68970e+03, atom= 1744
Step=  396, Dmax= 1.3e-02 nm, Epot= -5.26931e+05 Fmax= 1.05531e+04, atom= 1744
Step=  397, Dmax= 1.5e-02 nm, Epot= -5.26944e+05 Fmax= 1.26760e+04, atom= 1744
Step=  398, Dmax= 1.8e-02 nm, Epot= -5.26948e+05 Fmax= 1.50173e+04, atom= 1744
Step=  399, Dmax= 2.2e-02 nm, Epot= -5.26930e+05 Fmax= 1.83551e+04, atom= 1744
Step=  400, Dmax= 1.1e-02 nm, Epot= -5.27080e+05 Fmax= 1.68334e+03, atom= 1744
Step=  401, Dmax= 1.3e-02 nm, Epot= -5.27117e+05 Fmax= 1.81498e+04, atom= 1744
Step=  402, Dmax= 1.6e-02 nm, Epot= -5.27287e+05 Fmax= 6.00383e+03, atom= 1744
Step=  403, Dmax= 1.9e-02 nm, Epot= -5.27125e+05 Fmax= 2.26468e+04, atom= 1744
Step=  404, Dmax= 9.4e-03 nm, Epot= -5.27310e+05 Fmax= 8.34886e+03, atom= 1744
Step=  405, Dmax= 1.1e-02 nm, Epot= -5.27339e+05 Fmax= 9.02041e+03, atom= 1744
Step=  406, Dmax= 1.4e-02 nm, Epot= -5.27349e+05 Fmax= 1.16623e+04, atom= 1744
Step=  407, Dmax= 1.6e-02 nm, Epot= -5.27365e+05 Fmax= 1.33015e+04, atom= 1744
Step=  408, Dmax= 1.9e-02 nm, Epot= -5.27353e+05 Fmax= 1.64570e+04, atom= 1744
Step=  409, Dmax= 9.7e-03 nm, Epot= -5.27471e+05 Fmax= 1.60597e+03, atom= 1744
Step=  410, Dmax= 1.2e-02 nm, Epot= -5.27519e+05 Fmax= 1.66097e+04, atom= 1744
Step=  411, Dmax= 1.4e-02 nm, Epot= -5.27666e+05 Fmax= 4.89853e+03, atom= 1744
Step=  412, Dmax= 1.7e-02 nm, Epot= -5.27540e+05 Fmax= 2.10877e+04, atom= 1744
Step=  413, Dmax= 8.4e-03 nm, Epot= -5.27688e+05 Fmax= 8.10004e+03, atom= 1744
Step=  414, Dmax= 1.0e-02 nm, Epot= -5.27725e+05 Fmax= 7.34824e+03, atom= 1744
Step=  415, Dmax= 1.2e-02 nm, Epot= -5.27729e+05 Fmax= 1.13229e+04, atom= 1744
Step=  416, Dmax= 1.5e-02 nm, Epot= -5.27764e+05 Fmax= 1.09186e+04, atom= 1744
Step=  417, Dmax= 1.7e-02 nm, Epot= -5.27737e+05 Fmax= 1.59098e+04, atom= 1744
Step=  418, Dmax= 8.7e-03 nm, Epot= -5.27842e+05 Fmax= 2.49694e+03, atom= 1744
Step=  419, Dmax= 1.0e-02 nm, Epot= -5.27857e+05 Fmax= 1.34428e+04, atom= 1744
Step=  420, Dmax= 1.3e-02 nm, Epot= -5.27954e+05 Fmax= 5.89990e+03, atom= 1744
Step=  421, Dmax= 1.5e-02 nm, Epot= -5.27886e+05 Fmax= 1.71216e+04, atom= 1744
Step=  422, Dmax= 7.5e-03 nm, Epot= -5.27987e+05 Fmax= 5.61999e+03, atom= 1744
Step=  423, Dmax= 9.0e-03 nm, Epot= -5.28008e+05 Fmax= 8.33098e+03, atom= 1744
Step=  424, Dmax= 1.1e-02 nm, Epot= -5.28040e+05 Fmax= 8.26950e+03, atom= 1744
Step=  425, Dmax= 1.3e-02 nm, Epot= -5.28043e+05 Fmax= 1.17875e+04, atom= 1744
Step=  426, Dmax= 1.6e-02 nm, Epot= -5.28070e+05 Fmax= 1.21127e+04, atom= 1744
Step=  427, Dmax= 1.9e-02 nm, Epot= -5.28042e+05 Fmax= 1.67107e+04, atom= 1744
Step=  428, Dmax= 9.4e-03 nm, Epot= -5.28161e+05 Fmax= 2.30260e+03, atom= 1744
Step=  429, Dmax= 1.1e-02 nm, Epot= -5.28171e+05 Fmax= 1.48224e+04, atom= 1744
Step=  430, Dmax= 1.3e-02 nm, Epot= -5.28286e+05 Fmax= 5.97537e+03, atom= 1744
Step=  431, Dmax= 1.6e-02 nm, Epot= -5.28191e+05 Fmax= 1.87647e+04, atom= 1744
Step=  432, Dmax= 8.1e-03 nm, Epot= -5.28316e+05 Fmax= 6.40623e+03, atom= 1744
Step=  433, Dmax= 9.7e-03 nm, Epot= -5.28336e+05 Fmax= 8.58480e+03, atom= 1744
Step=  434, Dmax= 1.2e-02 nm, Epot= -5.28362e+05 Fmax= 9.25782e+03, atom= 1744
Step=  435, Dmax= 1.4e-02 nm, Epot= -5.28366e+05 Fmax= 1.22941e+04, atom= 1744
Step=  436, Dmax= 1.7e-02 nm, Epot= -5.28383e+05 Fmax= 1.33908e+04, atom= 1744
Step=  437, Dmax= 2.0e-02 nm, Epot= -5.28354e+05 Fmax= 1.75771e+04, atom= 1744
Step=  438, Dmax= 1.0e-02 nm, Epot= -5.28490e+05 Fmax= 2.10035e+03, atom= 1744
Step=  439, Dmax= 1.2e-02 nm, Epot= -5.28495e+05 Fmax= 1.63004e+04, atom= 1744
Step=  440, Dmax= 1.4e-02 nm, Epot= -5.28632e+05 Fmax= 6.06656e+03, atom= 1744
Step=  441, Dmax= 1.7e-02 nm, Epot= -5.28504e+05 Fmax= 2.05189e+04, atom= 1744
Step=  442, Dmax= 8.7e-03 nm, Epot= -5.28657e+05 Fmax= 7.24218e+03, atom= 1744
Step=  443, Dmax= 1.0e-02 nm, Epot= -5.28678e+05 Fmax= 8.86775e+03, atom= 1744
Step=  444, Dmax= 1.3e-02 nm, Epot= -5.28697e+05 Fmax= 1.03103e+04, atom= 1744
Step=  445, Dmax= 1.5e-02 nm, Epot= -5.28702e+05 Fmax= 1.28486e+04, atom= 1744
Step=  446, Dmax= 1.8e-02 nm, Epot= -5.28707e+05 Fmax= 1.47532e+04, atom= 1744
Step=  447, Dmax= 2.2e-02 nm, Epot= -5.28679e+05 Fmax= 1.85175e+04, atom= 1744
Step=  448, Dmax= 1.1e-02 nm, Epot= -5.28833e+05 Fmax= 1.89464e+03, atom= 1744
Step=  449, Dmax= 1.3e-02 nm, Epot= -5.28833e+05 Fmax= 1.78736e+04, atom= 1744
Step=  450, Dmax= 1.6e-02 nm, Epot= -5.28995e+05 Fmax= 6.18892e+03, atom= 1744
Step=  451, Dmax= 1.9e-02 nm, Epot= -5.28829e+05 Fmax= 2.23745e+04, atom= 1744
Step=  452, Dmax= 9.4e-03 nm, Epot= -5.29015e+05 Fmax= 8.11623e+03, atom= 1744
Step=  453, Dmax= 1.1e-02 nm, Epot= -5.29038e+05 Fmax= 9.19887e+03, atom= 1744
Step=  454, Dmax= 1.3e-02 nm, Epot= -5.29047e+05 Fmax= 1.14146e+04, atom= 1744
Step=  455, Dmax= 1.6e-02 nm, Epot= -5.29055e+05 Fmax= 1.34724e+04, atom= 1744
Step=  456, Dmax= 1.9e-02 nm, Epot= -5.29046e+05 Fmax= 1.61883e+04, atom= 1744
Step=  457, Dmax= 9.7e-03 nm, Epot= -5.29161e+05 Fmax= 1.38730e+03, atom= 1744
Step=  458, Dmax= 1.2e-02 nm, Epot= -5.29212e+05 Fmax= 1.68325e+04, atom= 1744
Step=  459, Dmax= 1.4e-02 nm, Epot= -5.29360e+05 Fmax= 4.61769e+03, atom= 1744
Step=  460, Dmax= 1.7e-02 nm, Epot= -5.29225e+05 Fmax= 2.13050e+04, atom= 1744
Step=  461, Dmax= 8.4e-03 nm, Epot= -5.29377e+05 Fmax= 8.35429e+03, atom= 1744
Step=  462, Dmax= 1.0e-02 nm, Epot= -5.29414e+05 Fmax= 7.04502e+03, atom= 1744
Step=  463, Dmax= 1.2e-02 nm, Epot= -5.29410e+05 Fmax= 1.15770e+04, atom= 1744
Step=  464, Dmax= 6.0e-03 nm, Epot= -5.29455e+05 Fmax= 2.26403e+03, atom= 1744
Step=  465, Dmax= 7.2e-03 nm, Epot= -5.29491e+05 Fmax= 8.74018e+03, atom= 1744
Step=  466, Dmax= 8.7e-03 nm, Epot= -5.29540e+05 Fmax= 4.66311e+03, atom= 1744
Step=  467, Dmax= 1.0e-02 nm, Epot= -5.29537e+05 Fmax= 1.12613e+04, atom= 1744
Step=  468, Dmax= 5.2e-03 nm, Epot= -5.29570e+05 Fmax= 3.30291e+03, atom= 1744
Step=  469, Dmax= 6.3e-03 nm, Epot= -5.29598e+05 Fmax= 6.39363e+03, atom= 1744
Step=  470, Dmax= 7.5e-03 nm, Epot= -5.29631e+05 Fmax= 5.09184e+03, atom= 1744
Step=  471, Dmax= 9.0e-03 nm, Epot= -5.29644e+05 Fmax= 8.83317e+03, atom= 1744
Step=  472, Dmax= 1.1e-02 nm, Epot= -5.29679e+05 Fmax= 7.71606e+03, atom= 1744
Step=  473, Dmax= 1.3e-02 nm, Epot= -5.29671e+05 Fmax= 1.22912e+04, atom= 1744
Step=  474, Dmax= 6.5e-03 nm, Epot= -5.29725e+05 Fmax= 2.28623e+03, atom= 1744
Step=  475, Dmax= 7.8e-03 nm, Epot= -5.29756e+05 Fmax= 9.54054e+03, atom= 1744
Step=  476, Dmax= 9.3e-03 nm, Epot= -5.29812e+05 Fmax= 4.86605e+03, atom= 1744
Step=  477, Dmax= 1.1e-02 nm, Epot= -5.29798e+05 Fmax= 1.22514e+04, atom= 1744
Step=  478, Dmax= 5.6e-03 nm, Epot= -5.29842e+05 Fmax= 3.69711e+03, atom= 1744
Step=  479, Dmax= 6.7e-03 nm, Epot= -5.29866e+05 Fmax= 6.71962e+03, atom= 1744
Step=  480, Dmax= 8.1e-03 nm, Epot= -5.29898e+05 Fmax= 5.62692e+03, atom= 1744
Step=  481, Dmax= 9.7e-03 nm, Epot= -5.29908e+05 Fmax= 9.33499e+03, atom= 1744
Step=  482, Dmax= 1.2e-02 nm, Epot= -5.29943e+05 Fmax= 8.45396e+03, atom= 1744
Step=  483, Dmax= 1.4e-02 nm, Epot= -5.29929e+05 Fmax= 1.30443e+04, atom= 1744
Step=  484, Dmax= 7.0e-03 nm, Epot= -5.29994e+05 Fmax= 2.29431e+03, atom= 1744
Step=  485, Dmax= 8.4e-03 nm, Epot= -5.30020e+05 Fmax= 1.04189e+04, atom= 1744
Step=  486, Dmax= 1.0e-02 nm, Epot= -5.30083e+05 Fmax= 5.06524e+03, atom= 1744
Step=  487, Dmax= 1.2e-02 nm, Epot= -5.30056e+05 Fmax= 1.33360e+04, atom= 1744
Step=  488, Dmax= 6.0e-03 nm, Epot= -5.30112e+05 Fmax= 4.14062e+03, atom= 1744
Step=  489, Dmax= 7.2e-03 nm, Epot= -5.30133e+05 Fmax= 7.04865e+03, atom= 1744
Step=  490, Dmax= 8.7e-03 nm, Epot= -5.30165e+05 Fmax= 6.22432e+03, atom= 1744
Step=  491, Dmax= 1.0e-02 nm, Epot= -5.30171e+05 Fmax= 9.85116e+03, atom= 1744
Step=  492, Dmax= 1.2e-02 nm, Epot= -5.30203e+05 Fmax= 9.27041e+03, atom= 1744
Step=  493, Dmax= 1.5e-02 nm, Epot= -5.30185e+05 Fmax= 1.38292e+04, atom= 1744
Step=  494, Dmax= 7.5e-03 nm, Epot= -5.30261e+05 Fmax= 2.27931e+03, atom= 1744
Step=  495, Dmax= 9.0e-03 nm, Epot= -5.30282e+05 Fmax= 1.13871e+04, atom= 1744
Step=  496, Dmax= 1.1e-02 nm, Epot= -5.30353e+05 Fmax= 5.25555e+03, atom= 1744
Step=  497, Dmax= 1.3e-02 nm, Epot= -5.30312e+05 Fmax= 1.45258e+04, atom= 1744
Step=  498, Dmax= 6.5e-03 nm, Epot= -5.30381e+05 Fmax= 4.64144e+03, atom= 1744
Step=  499, Dmax= 7.8e-03 nm, Epot= -5.30400e+05 Fmax= 7.37807e+03, atom= 1744
Step=  500, Dmax= 9.3e-03 nm, Epot= -5.30430e+05 Fmax= 6.89063e+03, atom= 1744
Step=  501, Dmax= 1.1e-02 nm, Epot= -5.30434e+05 Fmax= 1.03816e+04, atom= 1744
Step=  502, Dmax= 1.3e-02 nm, Epot= -5.30462e+05 Fmax= 1.01717e+04, atom= 1744
Step=  503, Dmax= 1.6e-02 nm, Epot= -5.30440e+05 Fmax= 1.46480e+04, atom= 1744
Step=  504, Dmax= 8.1e-03 nm, Epot= -5.30529e+05 Fmax= 2.23885e+03, atom= 1744
Step=  505, Dmax= 9.7e-03 nm, Epot= -5.30542e+05 Fmax= 1.24519e+04, atom= 1744
Step=  506, Dmax= 1.2e-02 nm, Epot= -5.30625e+05 Fmax= 5.43730e+03, atom= 1744
Step=  507, Dmax= 1.4e-02 nm, Epot= -5.30566e+05 Fmax= 1.58266e+04, atom= 1744
Step=  508, Dmax= 7.0e-03 nm, Epot= -5.30653e+05 Fmax= 5.20223e+03, atom= 1744
Step=  509, Dmax= 8.3e-03 nm, Epot= -5.30670e+05 Fmax= 7.71016e+03, atom= 1744
Step=  510, Dmax= 1.0e-02 nm, Epot= -5.30696e+05 Fmax= 7.62835e+03, atom= 1744
Step=  511, Dmax= 1.2e-02 nm, Epot= -5.30698e+05 Fmax= 1.09292e+04, atom= 1744
Step=  512, Dmax= 1.4e-02 nm, Epot= -5.30722e+05 Fmax= 1.11620e+04, atom= 1744
Step=  513, Dmax= 1.7e-02 nm, Epot= -5.30696e+05 Fmax= 1.55047e+04, atom= 1744
Step=  514, Dmax= 8.7e-03 nm, Epot= -5.30799e+05 Fmax= 2.17329e+03, atom= 1744
Step=  515, Dmax= 1.0e-02 nm, Epot= -5.30805e+05 Fmax= 1.36188e+04, atom= 1744
Step=  516, Dmax= 1.2e-02 nm, Epot= -5.30901e+05 Fmax= 5.61193e+03, atom= 1744
Step=  517, Dmax= 1.5e-02 nm, Epot= -5.30820e+05 Fmax= 1.72449e+04, atom= 1744
Step=  518, Dmax= 7.5e-03 nm, Epot= -5.30926e+05 Fmax= 5.82604e+03, atom= 1744
Step=  519, Dmax= 9.0e-03 nm, Epot= -5.30942e+05 Fmax= 8.04601e+03, atom= 1744
Step=  520, Dmax= 1.1e-02 nm, Epot= -5.30966e+05 Fmax= 8.44220e+03, atom= 1744
Step=  521, Dmax= 1.3e-02 nm, Epot= -5.30967e+05 Fmax= 1.14973e+04, atom= 1744
Step=  522, Dmax= 1.6e-02 nm, Epot= -5.30984e+05 Fmax= 1.22463e+04, atom= 1744
Step=  523, Dmax= 1.9e-02 nm, Epot= -5.30955e+05 Fmax= 1.64044e+04, atom= 1744
Step=  524, Dmax= 9.3e-03 nm, Epot= -5.31072e+05 Fmax= 2.08334e+03, atom= 1744
Step=  525, Dmax= 1.1e-02 nm, Epot= -5.31071e+05 Fmax= 1.48906e+04, atom= 1744
Step=  526, Dmax= 5.6e-03 nm, Epot= -5.31108e+05 Fmax= 6.39384e+03, atom= 1744
Step=  527, Dmax= 6.7e-03 nm, Epot= -5.31142e+05 Fmax= 3.95848e+03, atom= 1744
Step=  528, Dmax= 8.0e-03 nm, Epot= -5.31155e+05 Fmax= 8.31245e+03, atom= 1744
Step=  529, Dmax= 9.6e-03 nm, Epot= -5.31191e+05 Fmax= 6.57970e+03, atom= 1744
Step=  530, Dmax= 1.2e-02 nm, Epot= -5.31185e+05 Fmax= 1.11303e+04, atom= 1744
Step=  531, Dmax= 5.8e-03 nm, Epot= -5.31228e+05 Fmax= 2.28033e+03, atom= 1744
Step=  532, Dmax= 6.9e-03 nm, Epot= -5.31254e+05 Fmax= 8.54037e+03, atom= 1744
Step=  533, Dmax= 8.3e-03 nm, Epot= -5.31301e+05 Fmax= 4.23064e+03, atom= 1744
Step=  534, Dmax= 1.0e-02 nm, Epot= -5.31293e+05 Fmax= 1.12653e+04, atom= 1744
Step=  535, Dmax= 5.0e-03 nm, Epot= -5.31327e+05 Fmax= 3.51537e+03, atom= 1744
Step=  536, Dmax= 6.0e-03 nm, Epot= -5.31350e+05 Fmax= 5.63743e+03, atom= 1744
Step=  537, Dmax= 7.2e-03 nm, Epot= -5.31376e+05 Fmax= 5.50110e+03, atom= 1744
Step=  538, Dmax= 8.6e-03 nm, Epot= -5.31392e+05 Fmax= 7.71398e+03, atom= 1744
Step=  539, Dmax= 1.0e-02 nm, Epot= -5.31414e+05 Fmax= 8.29967e+03, atom= 1744
Step=  540, Dmax= 1.2e-02 nm, Epot= -5.31419e+05 Fmax= 1.07508e+04, atom= 1744
Step=  541, Dmax= 1.5e-02 nm, Epot= -5.31430e+05 Fmax= 1.22687e+04, atom= 1744
Step=  542, Dmax= 1.8e-02 nm, Epot= -5.31417e+05 Fmax= 1.51554e+04, atom= 1744
Step=  543, Dmax= 9.0e-03 nm, Epot= -5.31518e+05 Fmax= 1.46624e+03, atom= 1744
Step=  544, Dmax= 1.1e-02 nm, Epot= -5.31544e+05 Fmax= 1.53944e+04, atom= 1744
Step=  545, Dmax= 1.3e-02 nm, Epot= -5.31668e+05 Fmax= 4.42068e+03, atom= 1744
Step=  546, Dmax= 1.5e-02 nm, Epot= -5.31554e+05 Fmax= 1.95674e+04, atom= 1744
Step=  547, Dmax= 7.7e-03 nm, Epot= -5.31683e+05 Fmax= 7.57705e+03, atom= 1744
Step=  548, Dmax= 9.3e-03 nm, Epot= -5.31712e+05 Fmax= 6.65011e+03, atom= 1744
Step=  549, Dmax= 1.1e-02 nm, Epot= -5.31711e+05 Fmax= 1.05757e+04, atom= 1744
Step=  550, Dmax= 5.6e-03 nm, Epot= -5.31749e+05 Fmax= 1.96087e+03, atom= 1744
Step=  551, Dmax= 6.7e-03 nm, Epot= -5.31782e+05 Fmax= 8.18108e+03, atom= 1744
Step=  552, Dmax= 8.0e-03 nm, Epot= -5.31826e+05 Fmax= 4.21623e+03, atom= 1744
Step=  553, Dmax= 9.6e-03 nm, Epot= -5.31823e+05 Fmax= 1.04898e+04, atom= 1744
Step=  554, Dmax= 4.8e-03 nm, Epot= -5.31852e+05 Fmax= 3.14003e+03, atom= 1744
Step=  555, Dmax= 5.8e-03 nm, Epot= -5.31875e+05 Fmax= 5.83499e+03, atom= 1744
Step=  556, Dmax= 6.9e-03 nm, Epot= -5.31902e+05 Fmax= 4.77552e+03, atom= 1744
Step=  557, Dmax= 8.3e-03 nm, Epot= -5.31914e+05 Fmax= 8.10852e+03, atom= 1744
Step=  558, Dmax= 1.0e-02 nm, Epot= -5.31944e+05 Fmax= 7.18504e+03, atom= 1744
Step=  559, Dmax= 1.2e-02 nm, Epot= -5.31938e+05 Fmax= 1.13230e+04, atom= 1744
Step=  560, Dmax= 6.0e-03 nm, Epot= -5.31984e+05 Fmax= 2.06759e+03, atom= 1744
Step=  561, Dmax= 7.2e-03 nm, Epot= -5.32012e+05 Fmax= 8.84089e+03, atom= 1744
Step=  562, Dmax= 8.6e-03 nm, Epot= -5.32060e+05 Fmax= 4.48316e+03, atom= 1744
Step=  563, Dmax= 1.0e-02 nm, Epot= -5.32049e+05 Fmax= 1.13289e+04, atom= 1744
Step=  564, Dmax= 5.2e-03 nm, Epot= -5.32086e+05 Fmax= 3.42651e+03, atom= 1744
Step=  565, Dmax= 6.2e-03 nm, Epot= -5.32106e+05 Fmax= 6.21514e+03, atom= 1744
Step=  566, Dmax= 7.5e-03 nm, Epot= -5.32134e+05 Fmax= 5.19296e+03, atom= 1744
Step=  567, Dmax= 8.9e-03 nm, Epot= -5.32143e+05 Fmax= 8.65028e+03, atom= 1744
Step=  568, Dmax= 1.1e-02 nm, Epot= -5.32173e+05 Fmax= 7.79125e+03, atom= 1744
Step=  569, Dmax= 1.3e-02 nm, Epot= -5.32161e+05 Fmax= 1.20960e+04, atom= 1744
Step=  570, Dmax= 6.4e-03 nm, Epot= -5.32216e+05 Fmax= 2.15140e+03, atom= 1744
Step=  571, Dmax= 7.7e-03 nm, Epot= -5.32239e+05 Fmax= 9.58151e+03, atom= 1744
Step=  572, Dmax= 9.3e-03 nm, Epot= -5.32292e+05 Fmax= 4.73837e+03, atom= 1744
Step=  573, Dmax= 1.1e-02 nm, Epot= -5.32271e+05 Fmax= 1.22635e+04, atom= 1744
Step=  574, Dmax= 5.6e-03 nm, Epot= -5.32318e+05 Fmax= 3.76671e+03, atom= 1744
Step=  575, Dmax= 6.7e-03 nm, Epot= -5.32337e+05 Fmax= 6.58917e+03, atom= 1744
Step=  576, Dmax= 8.0e-03 nm, Epot= -5.32364e+05 Fmax= 5.67665e+03, atom= 1744
Step=  577, Dmax= 9.6e-03 nm, Epot= -5.32369e+05 Fmax= 9.19626e+03, atom= 1744
Step=  578, Dmax= 1.2e-02 nm, Epot= -5.32398e+05 Fmax= 8.47874e+03, atom= 1744
Step=  579, Dmax= 1.4e-02 nm, Epot= -5.32382e+05 Fmax= 1.28895e+04, atom= 1744
Step=  580, Dmax= 6.9e-03 nm, Epot= -5.32447e+05 Fmax= 2.20437e+03, atom= 1744
Step=  581, Dmax= 8.3e-03 nm, Epot= -5.32464e+05 Fmax= 1.04146e+04, atom= 1744
Step=  582, Dmax= 1.0e-02 nm, Epot= -5.32524e+05 Fmax= 4.97475e+03, atom= 1744
Step=  583, Dmax= 1.2e-02 nm, Epot= -5.32491e+05 Fmax= 1.33052e+04, atom= 1744
Step=  584, Dmax= 6.0e-03 nm, Epot= -5.32549e+05 Fmax= 4.17044e+03, atom= 1744
Step=  585, Dmax= 7.2e-03 nm, Epot= -5.32566e+05 Fmax= 6.95231e+03, atom= 1744
Step=  586, Dmax= 8.6e-03 nm, Epot= -5.32593e+05 Fmax= 6.23492e+03, atom= 1744
Step=  587, Dmax= 1.0e-02 nm, Epot= -5.32595e+05 Fmax= 9.74337e+03, atom= 1744
Step=  588, Dmax= 1.2e-02 nm, Epot= -5.32622e+05 Fmax= 9.25702e+03, atom= 1744
Step=  589, Dmax= 1.5e-02 nm, Epot= -5.32601e+05 Fmax= 1.37013e+04, atom= 1744
Step=  590, Dmax= 7.4e-03 nm, Epot= -5.32678e+05 Fmax= 2.22156e+03, atom= 1744
Step=  591, Dmax= 8.9e-03 nm, Epot= -5.32688e+05 Fmax= 1.13489e+04, atom= 1744
Step=  592, Dmax= 1.1e-02 nm, Epot= -5.32757e+05 Fmax= 5.19109e+03, atom= 1744
Step=  593, Dmax= 1.3e-02 nm, Epot= -5.32710e+05 Fmax= 1.44624e+04, atom= 1744
Step=  594, Dmax= 6.4e-03 nm, Epot= -5.32782e+05 Fmax= 4.64205e+03, atom= 1744
Step=  595, Dmax= 7.7e-03 nm, Epot= -5.32796e+05 Fmax= 7.30473e+03, atom= 1744
Step=  596, Dmax= 9.3e-03 nm, Epot= -5.32822e+05 Fmax= 6.87329e+03, atom= 1744
Step=  597, Dmax= 1.1e-02 nm, Epot= -5.32822e+05 Fmax= 1.02927e+04, atom= 1744
Step=  598, Dmax= 1.3e-02 nm, Epot= -5.32846e+05 Fmax= 1.01315e+04, atom= 1744
Step=  599, Dmax= 1.6e-02 nm, Epot= -5.32821e+05 Fmax= 1.45346e+04, atom= 1744
Step=  600, Dmax= 8.0e-03 nm, Epot= -5.32910e+05 Fmax= 2.20213e+03, atom= 1744
Step=  601, Dmax= 9.6e-03 nm, Epot= -5.32913e+05 Fmax= 1.23900e+04, atom= 1744
Step=  602, Dmax= 1.2e-02 nm, Epot= -5.32992e+05 Fmax= 5.38757e+03, atom= 1744
Step=  603, Dmax= 1.4e-02 nm, Epot= -5.32928e+05 Fmax= 1.57419e+04, atom= 1744
Step=  604, Dmax= 6.9e-03 nm, Epot= -5.33016e+05 Fmax= 5.18472e+03, atom= 1744
Step=  605, Dmax= 8.3e-03 nm, Epot= -5.33029e+05 Fmax= 7.64786e+03, atom= 1744
Step=  606, Dmax= 1.0e-02 nm, Epot= -5.33051e+05 Fmax= 7.59463e+03, atom= 1744
Step=  607, Dmax= 1.2e-02 nm, Epot= -5.33050e+05 Fmax= 1.08477e+04, atom= 1744
Step=  608, Dmax= 6.0e-03 nm, Epot= -5.33094e+05 Fmax= 1.62573e+03, atom= 1744
Step=  609, Dmax= 7.2e-03 nm, Epot= -5.33131e+05 Fmax= 9.21491e+03, atom= 1744
Step=  610, Dmax= 8.6e-03 nm, Epot= -5.33181e+05 Fmax= 4.06709e+03, atom= 1744
Step=  611, Dmax= 1.0e-02 nm, Epot= -5.33166e+05 Fmax= 1.16880e+04, atom= 1744
Step=  612, Dmax= 5.2e-03 nm, Epot= -5.33205e+05 Fmax= 3.81402e+03, atom= 1744
Step=  613, Dmax= 6.2e-03 nm, Epot= -5.33224e+05 Fmax= 5.78754e+03, atom= 1744
Step=  614, Dmax= 7.4e-03 nm, Epot= -5.33247e+05 Fmax= 5.58273e+03, atom= 1744
Step=  615, Dmax= 8.9e-03 nm, Epot= -5.33257e+05 Fmax= 8.20938e+03, atom= 1744
Step=  616, Dmax= 1.1e-02 nm, Epot= -5.33281e+05 Fmax= 8.17946e+03, atom= 1744
Step=  617, Dmax= 1.3e-02 nm, Epot= -5.33274e+05 Fmax= 1.16392e+04, atom= 1744
Step=  618, Dmax= 6.4e-03 nm, Epot= -5.33326e+05 Fmax= 1.72903e+03, atom= 1744
Step=  619, Dmax= 7.7e-03 nm, Epot= -5.33356e+05 Fmax= 9.93960e+03, atom= 1744
Step=  620, Dmax= 9.2e-03 nm, Epot= -5.33413e+05 Fmax= 4.33492e+03, atom= 1744
Step=  621, Dmax= 1.1e-02 nm, Epot= -5.33386e+05 Fmax= 1.26085e+04, atom= 1744
Step=  622, Dmax= 5.5e-03 nm, Epot= -5.33436e+05 Fmax= 4.14123e+03, atom= 1744
Step=  623, Dmax= 6.7e-03 nm, Epot= -5.33453e+05 Fmax= 6.17286e+03, atom= 1744
Step=  624, Dmax= 8.0e-03 nm, Epot= -5.33476e+05 Fmax= 6.05335e+03, atom= 1744
Step=  625, Dmax= 9.6e-03 nm, Epot= -5.33484e+05 Fmax= 8.76492e+03, atom= 1744
Step=  626, Dmax= 1.2e-02 nm, Epot= -5.33505e+05 Fmax= 8.85505e+03, atom= 1744
Step=  627, Dmax= 1.4e-02 nm, Epot= -5.33495e+05 Fmax= 1.24391e+04, atom= 1744
Step=  628, Dmax= 6.9e-03 nm, Epot= -5.33557e+05 Fmax= 1.79161e+03, atom= 1744
Step=  629, Dmax= 8.3e-03 nm, Epot= -5.33580e+05 Fmax= 1.07647e+04, atom= 1744
Step=  630, Dmax= 9.9e-03 nm, Epot= -5.33644e+05 Fmax= 4.57669e+03, atom= 1744
Step=  631, Dmax= 1.2e-02 nm, Epot= -5.33605e+05 Fmax= 1.36435e+04, atom= 1744
Step=  632, Dmax= 6.0e-03 nm, Epot= -5.33666e+05 Fmax= 4.53868e+03, atom= 1744
Step=  633, Dmax= 7.2e-03 nm, Epot= -5.33682e+05 Fmax= 6.54021e+03, atom= 1744
Step=  634, Dmax= 8.6e-03 nm, Epot= -5.33704e+05 Fmax= 6.60616e+03, atom= 1744
Step=  635, Dmax= 1.0e-02 nm, Epot= -5.33709e+05 Fmax= 9.31384e+03, atom= 1744
Step=  636, Dmax= 1.2e-02 nm, Epot= -5.33728e+05 Fmax= 9.62841e+03, atom= 1744
Step=  637, Dmax= 1.5e-02 nm, Epot= -5.33714e+05 Fmax= 1.32504e+04, atom= 1744
Step=  638, Dmax= 7.4e-03 nm, Epot= -5.33787e+05 Fmax= 1.81146e+03, atom= 1744
Step=  639, Dmax= 8.9e-03 nm, Epot= -5.33802e+05 Fmax= 1.16963e+04, atom= 1744
Step=  640, Dmax= 1.1e-02 nm, Epot= -5.33876e+05 Fmax= 4.79234e+03, atom= 1744
Step=  641, Dmax= 1.3e-02 nm, Epot= -5.33821e+05 Fmax= 1.47989e+04, atom= 1744
Step=  642, Dmax= 6.4e-03 nm, Epot= -5.33897e+05 Fmax= 5.01001e+03, atom= 1744
Step=  643, Dmax= 7.7e-03 nm, Epot= -5.33911e+05 Fmax= 6.89031e+03, atom= 1744
Step=  644, Dmax= 9.2e-03 nm, Epot= -5.33931e+05 Fmax= 7.24467e+03, atom= 1744
Step=  645, Dmax= 1.1e-02 nm, Epot= -5.33934e+05 Fmax= 9.85885e+03, atom= 1744
Step=  646, Dmax= 1.3e-02 nm, Epot= -5.33950e+05 Fmax= 1.05041e+04, atom= 1744
Step=  647, Dmax= 1.6e-02 nm, Epot= -5.33932e+05 Fmax= 1.40767e+04, atom= 1744
Step=  648, Dmax= 8.0e-03 nm, Epot= -5.34017e+05 Fmax= 1.78776e+03, atom= 1744
Step=  649, Dmax= 9.6e-03 nm, Epot= -5.34026e+05 Fmax= 1.27409e+04, atom= 1744
Step=  650, Dmax= 1.1e-02 nm, Epot= -5.34110e+05 Fmax= 4.98284e+03, atom= 1744
Step=  651, Dmax= 1.4e-02 nm, Epot= -5.34038e+05 Fmax= 1.60812e+04, atom= 1744
Step=  652, Dmax= 6.9e-03 nm, Epot= -5.34130e+05 Fmax= 5.55774e+03, atom= 1744
Step=  653, Dmax= 8.3e-03 nm, Epot= -5.34144e+05 Fmax= 7.22583e+03, atom= 1744
Step=  654, Dmax= 9.9e-03 nm, Epot= -5.34160e+05 Fmax= 7.97140e+03, atom= 1744
Step=  655, Dmax= 1.2e-02 nm, Epot= -5.34163e+05 Fmax= 1.04043e+04, atom= 1744
Step=  656, Dmax= 1.4e-02 nm, Epot= -5.34173e+05 Fmax= 1.14847e+04, atom= 1744
Step=  657, Dmax= 1.7e-02 nm, Epot= -5.34152e+05 Fmax= 1.49239e+04, atom= 1744
Step=  658, Dmax= 8.6e-03 nm, Epot= -5.34250e+05 Fmax= 1.72260e+03, atom= 1744
Step=  659, Dmax= 1.0e-02 nm, Epot= -5.34252e+05 Fmax= 1.39020e+04, atom= 1744
Step=  660, Dmax= 1.2e-02 nm, Epot= -5.34350e+05 Fmax= 5.15186e+03, atom= 1744
Step=  661, Dmax= 1.5e-02 nm, Epot= -5.34256e+05 Fmax= 1.74940e+04, atom= 1744
Step=  662, Dmax= 7.4e-03 nm, Epot= -5.34368e+05 Fmax= 6.18201e+03, atom= 1744
Step=  663, Dmax= 8.9e-03 nm, Epot= -5.34382e+05 Fmax= 7.55149e+03, atom= 1744
Step=  664, Dmax= 1.1e-02 nm, Epot= -5.34394e+05 Fmax= 8.78748e+03, atom= 1744
Step=  665, Dmax= 1.3e-02 nm, Epot= -5.34396e+05 Fmax= 1.09549e+04, atom= 1744
Step=  666, Dmax= 1.5e-02 nm, Epot= -5.34399e+05 Fmax= 1.25740e+04, atom= 1744
Step=  667, Dmax= 1.8e-02 nm, Epot= -5.34377e+05 Fmax= 1.57977e+04, atom= 1744
Step=  668, Dmax= 9.2e-03 nm, Epot= -5.34489e+05 Fmax= 1.61755e+03, atom= 1744
Step=  669, Dmax= 1.1e-02 nm, Epot= -5.34485e+05 Fmax= 1.51832e+04, atom= 1744
Step=  670, Dmax= 5.5e-03 nm, Epot= -5.34522e+05 Fmax= 6.76800e+03, atom= 1744
Step=  671, Dmax= 6.6e-03 nm, Epot= -5.34555e+05 Fmax= 3.48153e+03, atom= 1744
Step=  672, Dmax= 8.0e-03 nm, Epot= -5.34559e+05 Fmax= 8.67738e+03, atom= 1744
Step=  673, Dmax= 9.6e-03 nm, Epot= -5.34596e+05 Fmax= 6.06580e+03, atom= 1744
Step=  674, Dmax= 1.1e-02 nm, Epot= -5.34578e+05 Fmax= 1.14868e+04, atom= 1744
Step=  675, Dmax= 5.7e-03 nm, Epot= -5.34626e+05 Fmax= 2.71550e+03, atom= 1744
Step=  676, Dmax= 6.9e-03 nm, Epot= -5.34638e+05 Fmax= 7.96402e+03, atom= 1744
Step=  677, Dmax= 8.3e-03 nm, Epot= -5.34675e+05 Fmax= 4.69225e+03, atom= 1744
Step=  678, Dmax= 9.9e-03 nm, Epot= -5.34663e+05 Fmax= 1.06290e+04, atom= 1744
Step=  679, Dmax= 5.0e-03 nm, Epot= -5.34698e+05 Fmax= 2.96670e+03, atom= 1744
Step=  680, Dmax= 5.9e-03 nm, Epot= -5.34716e+05 Fmax= 6.10354e+03, atom= 1744
Step=  681, Dmax= 7.1e-03 nm, Epot= -5.34741e+05 Fmax= 4.91569e+03, atom= 1744
Step=  682, Dmax= 8.6e-03 nm, Epot= -5.34746e+05 Fmax= 8.18274e+03, atom= 1744
Step=  683, Dmax= 1.0e-02 nm, Epot= -5.34770e+05 Fmax= 7.66497e+03, atom= 1744
Step=  684, Dmax= 1.2e-02 nm, Epot= -5.34761e+05 Fmax= 1.12169e+04, atom= 1744
Step=  685, Dmax= 6.2e-03 nm, Epot= -5.34811e+05 Fmax= 1.78290e+03, atom= 1744
Step=  686, Dmax= 7.4e-03 nm, Epot= -5.34829e+05 Fmax= 9.74556e+03, atom= 1744
Step=  687, Dmax= 8.9e-03 nm, Epot= -5.34883e+05 Fmax= 3.87061e+03, atom= 1744
Step=  688, Dmax= 1.1e-02 nm, Epot= -5.34854e+05 Fmax= 1.26171e+04, atom= 1744
Step=  689, Dmax= 5.3e-03 nm, Epot= -5.34903e+05 Fmax= 4.37112e+03, atom= 1744
Step=  690, Dmax= 6.4e-03 nm, Epot= -5.34920e+05 Fmax= 5.40506e+03, atom= 1744
Step=  691, Dmax= 7.7e-03 nm, Epot= -5.34936e+05 Fmax= 6.44356e+03, atom= 1744
Step=  692, Dmax= 9.2e-03 nm, Epot= -5.34949e+05 Fmax= 7.65339e+03, atom= 1744
Step=  693, Dmax= 1.1e-02 nm, Epot= -5.34957e+05 Fmax= 9.38192e+03, atom= 1744
Step=  694, Dmax= 1.3e-02 nm, Epot= -5.34963e+05 Fmax= 1.09241e+04, atom= 1744
Step=  695, Dmax= 1.6e-02 nm, Epot= -5.34953e+05 Fmax= 1.35649e+04, atom= 1744
Step=  696, Dmax= 7.9e-03 nm, Epot= -5.35033e+05 Fmax= 1.32301e+03, atom= 1744
Step=  697, Dmax= 9.5e-03 nm, Epot= -5.35057e+05 Fmax= 1.31498e+04, atom= 1744
Step=  698, Dmax= 1.1e-02 nm, Epot= -5.35147e+05 Fmax= 4.52223e+03, atom= 1744
Step=  699, Dmax= 1.4e-02 nm, Epot= -5.35066e+05 Fmax= 1.64811e+04, atom= 1744
Step=  700, Dmax= 6.9e-03 nm, Epot= -5.35162e+05 Fmax= 5.99062e+03, atom= 1744
Step=  701, Dmax= 8.2e-03 nm, Epot= -5.35179e+05 Fmax= 6.74067e+03, atom= 1744
Step=  702, Dmax= 9.9e-03 nm, Epot= -5.35187e+05 Fmax= 8.41646e+03, atom= 1744
Step=  703, Dmax= 1.2e-02 nm, Epot= -5.35196e+05 Fmax= 9.88761e+03, atom= 1744
Step=  704, Dmax= 1.4e-02 nm, Epot= -5.35194e+05 Fmax= 1.19410e+04, atom= 1744
Step=  705, Dmax= 7.1e-03 nm, Epot= -5.35255e+05 Fmax= 1.03920e+03, atom= 1744
Step=  706, Dmax= 8.5e-03 nm, Epot= -5.35303e+05 Fmax= 1.23797e+04, atom= 1744
Step=  707, Dmax= 1.0e-02 nm, Epot= -5.35386e+05 Fmax= 3.37884e+03, atom= 1744
Step=  708, Dmax= 1.2e-02 nm, Epot= -5.35323e+05 Fmax= 1.56781e+04, atom= 1744
Step=  709, Dmax= 6.2e-03 nm, Epot= -5.35399e+05 Fmax= 6.15234e+03, atom= 1744
Step=  710, Dmax= 7.4e-03 nm, Epot= -5.35423e+05 Fmax= 5.16790e+03, atom= 1744
Step=  711, Dmax= 8.9e-03 nm, Epot= -5.35425e+05 Fmax= 8.51994e+03, atom= 1744
Step=  712, Dmax= 1.1e-02 nm, Epot= -5.35449e+05 Fmax= 7.78677e+03, atom= 1744
Step=  713, Dmax= 1.3e-02 nm, Epot= -5.35434e+05 Fmax= 1.18864e+04, atom= 1744
Step=  714, Dmax= 6.4e-03 nm, Epot= -5.35490e+05 Fmax= 2.04848e+03, atom= 1744
Step=  715, Dmax= 7.7e-03 nm, Epot= -5.35500e+05 Fmax= 9.62620e+03, atom= 1744
Step=  716, Dmax= 9.2e-03 nm, Epot= -5.35551e+05 Fmax= 4.54096e+03, atom= 1744
Step=  717, Dmax= 1.1e-02 nm, Epot= -5.35520e+05 Fmax= 1.23364e+04, atom= 1744
Step=  718, Dmax= 5.5e-03 nm, Epot= -5.35571e+05 Fmax= 3.90210e+03, atom= 1744
Step=  719, Dmax= 6.6e-03 nm, Epot= -5.35584e+05 Fmax= 6.32354e+03, atom= 1744
Step=  720, Dmax= 7.9e-03 nm, Epot= -5.35605e+05 Fmax= 5.84550e+03, atom= 1744
Step=  721, Dmax= 9.5e-03 nm, Epot= -5.35607e+05 Fmax= 8.85473e+03, atom= 1744
Step=  722, Dmax= 1.1e-02 nm, Epot= -5.35627e+05 Fmax= 8.67350e+03, atom= 1744
Step=  723, Dmax= 1.4e-02 nm, Epot= -5.35611e+05 Fmax= 1.24609e+04, atom= 1744
Step=  724, Dmax= 6.9e-03 nm, Epot= -5.35675e+05 Fmax= 1.89328e+03, atom= 1744
Step=  725, Dmax= 8.2e-03 nm, Epot= -5.35683e+05 Fmax= 1.06583e+04, atom= 1744
Step=  726, Dmax= 9.9e-03 nm, Epot= -5.35743e+05 Fmax= 4.56838e+03, atom= 1744
Step=  727, Dmax= 1.2e-02 nm, Epot= -5.35698e+05 Fmax= 1.35768e+04, atom= 1744
Step=  728, Dmax= 5.9e-03 nm, Epot= -5.35761e+05 Fmax= 4.50957e+03, atom= 1744
Step=  729, Dmax= 7.1e-03 nm, Epot= -5.35774e+05 Fmax= 6.47242e+03, atom= 1744
Step=  730, Dmax= 8.5e-03 nm, Epot= -5.35792e+05 Fmax= 6.61106e+03, atom= 1744
Step=  731, Dmax= 1.0e-02 nm, Epot= -5.35794e+05 Fmax= 9.18094e+03, atom= 1744
Step=  732, Dmax= 1.2e-02 nm, Epot= -5.35808e+05 Fmax= 9.66184e+03, atom= 1744
Step=  733, Dmax= 1.5e-02 nm, Epot= -5.35792e+05 Fmax= 1.30442e+04, atom= 1744
Step=  734, Dmax= 7.4e-03 nm, Epot= -5.35865e+05 Fmax= 1.69153e+03, atom= 1744
Step=  735, Dmax= 8.8e-03 nm, Epot= -5.35871e+05 Fmax= 1.18030e+04, atom= 1744
Step=  736, Dmax= 1.1e-02 nm, Epot= -5.35944e+05 Fmax= 4.56514e+03, atom= 1744
Step=  737, Dmax= 1.3e-02 nm, Epot= -5.35881e+05 Fmax= 1.49429e+04, atom= 1744
Step=  738, Dmax= 6.4e-03 nm, Epot= -5.35960e+05 Fmax= 5.19596e+03, atom= 1744
Step=  739, Dmax= 7.6e-03 nm, Epot= -5.35973e+05 Fmax= 6.60055e+03, atom= 1744
Step=  740, Dmax= 9.2e-03 nm, Epot= -5.35986e+05 Fmax= 7.46587e+03, atom= 1744
Step=  741, Dmax= 1.1e-02 nm, Epot= -5.35990e+05 Fmax= 9.49969e+03, atom= 1744
Step=  742, Dmax= 1.3e-02 nm, Epot= -5.35996e+05 Fmax= 1.07553e+04, atom= 1744
Step=  743, Dmax= 1.6e-02 nm, Epot= -5.35982e+05 Fmax= 1.36392e+04, atom= 1744
Step=  744, Dmax= 7.9e-03 nm, Epot= -5.36064e+05 Fmax= 1.44441e+03, atom= 1744
Step=  745, Dmax= 9.5e-03 nm, Epot= -5.36073e+05 Fmax= 1.30626e+04, atom= 1744
Step=  746, Dmax= 1.1e-02 nm, Epot= -5.36160e+05 Fmax= 4.53784e+03, atom= 1744
Step=  747, Dmax= 1.4e-02 nm, Epot= -5.36076e+05 Fmax= 1.64326e+04, atom= 1744
Step=  748, Dmax= 6.8e-03 nm, Epot= -5.36174e+05 Fmax= 5.95751e+03, atom= 1744
Step=  749, Dmax= 8.2e-03 nm, Epot= -5.36188e+05 Fmax= 6.71632e+03, atom= 1744
Step=  750, Dmax= 9.9e-03 nm, Epot= -5.36195e+05 Fmax= 8.40698e+03, atom= 1744
Step=  751, Dmax= 1.2e-02 nm, Epot= -5.36202e+05 Fmax= 9.82164e+03, atom= 1744
Step=  752, Dmax= 1.4e-02 nm, Epot= -5.36199e+05 Fmax= 1.19512e+04, atom= 1744
Step=  753, Dmax= 7.1e-03 nm, Epot= -5.36260e+05 Fmax= 1.07707e+03, atom= 1744
Step=  754, Dmax= 8.5e-03 nm, Epot= -5.36297e+05 Fmax= 1.22018e+04, atom= 1744
Step=  755, Dmax= 1.0e-02 nm, Epot= -5.36376e+05 Fmax= 3.51309e+03, atom= 1744
Step=  756, Dmax= 1.2e-02 nm, Epot= -5.36311e+05 Fmax= 1.54396e+04, atom= 1744
Step=  757, Dmax= 6.1e-03 nm, Epot= -5.36388e+05 Fmax= 5.96532e+03, atom= 1744
Step=  758, Dmax= 7.4e-03 nm, Epot= -5.36408e+05 Fmax= 5.32993e+03, atom= 1744
Step=  759, Dmax= 8.8e-03 nm, Epot= -5.36412e+05 Fmax= 8.29348e+03, atom= 1744
Step=  760, Dmax= 1.1e-02 nm, Epot= -5.36431e+05 Fmax= 7.97263e+03, atom= 1744
Step=  761, Dmax= 1.3e-02 nm, Epot= -5.36417e+05 Fmax= 1.16173e+04, atom= 1744
Step=  762, Dmax= 6.4e-03 nm, Epot= -5.36472e+05 Fmax= 1.82177e+03, atom= 1744
Step=  763, Dmax= 7.6e-03 nm, Epot= -5.36483e+05 Fmax= 9.84781e+03, atom= 1744
Step=  764, Dmax= 9.2e-03 nm, Epot= -5.36535e+05 Fmax= 4.26393e+03, atom= 1744
Step=  765, Dmax= 1.1e-02 nm, Epot= -5.36499e+05 Fmax= 1.25812e+04, atom= 1744
Step=  766, Dmax= 5.5e-03 nm, Epot= -5.36553e+05 Fmax= 4.16317e+03, atom= 1744
Step=  767, Dmax= 6.6e-03 nm, Epot= -5.36565e+05 Fmax= 6.00979e+03, atom= 1744
Step=  768, Dmax= 7.9e-03 nm, Epot= -5.36582e+05 Fmax= 6.13176e+03, atom= 1744
Step=  769, Dmax= 9.5e-03 nm, Epot= -5.36586e+05 Fmax= 8.50183e+03, atom= 1744
Step=  770, Dmax= 1.1e-02 nm, Epot= -5.36599e+05 Fmax= 8.98192e+03, atom= 1744
Step=  771, Dmax= 1.4e-02 nm, Epot= -5.36588e+05 Fmax= 1.20655e+04, atom= 1744
Step=  772, Dmax= 6.8e-03 nm, Epot= -5.36649e+05 Fmax= 1.54193e+03, atom= 1744
Step=  773, Dmax= 8.2e-03 nm, Epot= -5.36661e+05 Fmax= 1.10020e+04, atom= 1744
Step=  774, Dmax= 9.8e-03 nm, Epot= -5.36726e+05 Fmax= 4.16900e+03, atom= 1744
Step=  775, Dmax= 1.2e-02 nm, Epot= -5.36674e+05 Fmax= 1.39397e+04, atom= 1744
Step=  776, Dmax= 5.9e-03 nm, Epot= -5.36741e+05 Fmax= 4.89087e+03, atom= 1744
Step=  777, Dmax= 7.1e-03 nm, Epot= -5.36754e+05 Fmax= 6.03788e+03, atom= 1744
Step=  778, Dmax= 8.5e-03 nm, Epot= -5.36767e+05 Fmax= 7.01519e+03, atom= 1744
Step=  779, Dmax= 1.0e-02 nm, Epot= -5.36773e+05 Fmax= 8.70766e+03, atom= 1744
Step=  780, Dmax= 1.2e-02 nm, Epot= -5.36779e+05 Fmax= 1.00863e+04, atom= 1744
Step=  781, Dmax= 1.5e-02 nm, Epot= -5.36771e+05 Fmax= 1.25283e+04, atom= 1744
Step=  782, Dmax= 7.3e-03 nm, Epot= -5.36839e+05 Fmax= 1.22269e+03, atom= 1744
Step=  783, Dmax= 8.8e-03 nm, Epot= -5.36860e+05 Fmax= 1.22621e+04, atom= 1744
Step=  784, Dmax= 1.1e-02 nm, Epot= -5.36939e+05 Fmax= 4.05350e+03, atom= 1744
Step=  785, Dmax= 1.3e-02 nm, Epot= -5.36869e+05 Fmax= 1.54099e+04, atom= 1744
Step=  786, Dmax= 6.3e-03 nm, Epot= -5.36952e+05 Fmax= 5.68736e+03, atom= 1744
Step=  787, Dmax= 7.6e-03 nm, Epot= -5.36967e+05 Fmax= 6.05598e+03, atom= 1744
Step=  788, Dmax= 9.1e-03 nm, Epot= -5.36973e+05 Fmax= 7.97719e+03, atom= 1744
Step=  789, Dmax= 1.1e-02 nm, Epot= -5.36984e+05 Fmax= 8.91792e+03, atom= 1744
Step=  790, Dmax= 1.3e-02 nm, Epot= -5.36979e+05 Fmax= 1.12845e+04, atom= 1744
Step=  791, Dmax= 6.6e-03 nm, Epot= -5.37033e+05 Fmax= 1.19284e+03, atom= 1744
Step=  792, Dmax= 7.9e-03 nm, Epot= -5.37059e+05 Fmax= 1.10541e+04, atom= 1744
Step=  793, Dmax= 9.5e-03 nm, Epot= -5.37125e+05 Fmax= 3.51757e+03, atom= 1744
Step=  794, Dmax= 1.1e-02 nm, Epot= -5.37075e+05 Fmax= 1.40313e+04, atom= 1744
Step=  795, Dmax= 5.7e-03 nm, Epot= -5.37138e+05 Fmax= 5.25635e+03, atom= 1744
Step=  796, Dmax= 6.8e-03 nm, Epot= -5.37155e+05 Fmax= 5.22328e+03, atom= 1744
Step=  797, Dmax= 8.2e-03 nm, Epot= -5.37162e+05 Fmax= 7.39760e+03, atom= 1744
Step=  798, Dmax= 9.8e-03 nm, Epot= -5.37177e+05 Fmax= 7.69291e+03, atom= 1744
Step=  799, Dmax= 1.2e-02 nm, Epot= -5.37172e+05 Fmax= 1.04634e+04, atom= 1744
Step=  800, Dmax= 5.9e-03 nm, Epot= -5.37216e+05 Fmax= 1.38449e+03, atom= 1744
Step=  801, Dmax= 7.1e-03 nm, Epot= -5.37238e+05 Fmax= 9.45272e+03, atom= 1744
Step=  802, Dmax= 8.5e-03 nm, Epot= -5.37288e+05 Fmax= 3.62910e+03, atom= 1744
Step=  803, Dmax= 1.0e-02 nm, Epot= -5.37258e+05 Fmax= 1.20039e+04, atom= 1744
Step=  804, Dmax= 5.1e-03 nm, Epot= -5.37303e+05 Fmax= 4.19125e+03, atom= 1744
Step=  805, Dmax= 6.1e-03 nm, Epot= -5.37317e+05 Fmax= 5.23234e+03, atom= 1744
Step=  806, Dmax= 7.3e-03 nm, Epot= -5.37331e+05 Fmax= 6.03322e+03, atom= 1744
Step=  807, Dmax= 8.8e-03 nm, Epot= -5.37340e+05 Fmax= 7.52665e+03, atom= 1744
Step=  808, Dmax= 1.1e-02 nm, Epot= -5.37348e+05 Fmax= 8.69445e+03, atom= 1744
Step=  809, Dmax= 1.3e-02 nm, Epot= -5.37346e+05 Fmax= 1.08149e+04, atom= 1744
Step=  810, Dmax= 6.3e-03 nm, Epot= -5.37394e+05 Fmax= 1.06056e+03, atom= 1744
Step=  811, Dmax= 7.6e-03 nm, Epot= -5.37431e+05 Fmax= 1.05882e+04, atom= 1744
Step=  812, Dmax= 9.1e-03 nm, Epot= -5.37492e+05 Fmax= 3.47981e+03, atom= 1744
Step=  813, Dmax= 1.1e-02 nm, Epot= -5.37449e+05 Fmax= 1.33226e+04, atom= 1744
Step=  814, Dmax= 5.5e-03 nm, Epot= -5.37506e+05 Fmax= 4.92766e+03, atom= 1744
Step=  815, Dmax= 6.6e-03 nm, Epot= -5.37522e+05 Fmax= 5.19904e+03, atom= 1744
Step=  816, Dmax= 7.9e-03 nm, Epot= -5.37530e+05 Fmax= 6.91208e+03, atom= 1744
Step=  817, Dmax= 9.5e-03 nm, Epot= -5.37542e+05 Fmax= 7.66000e+03, atom= 1744
Step=  818, Dmax= 1.1e-02 nm, Epot= -5.37542e+05 Fmax= 9.77684e+03, atom= 1744
Step=  819, Dmax= 5.7e-03 nm, Epot= -5.37580e+05 Fmax= 1.06494e+03, atom= 1744
Step=  820, Dmax= 6.8e-03 nm, Epot= -5.37617e+05 Fmax= 9.48058e+03, atom= 1744
Step=  821, Dmax= 8.2e-03 nm, Epot= -5.37668e+05 Fmax= 3.09005e+03, atom= 1744
Step=  822, Dmax= 9.8e-03 nm, Epot= -5.37640e+05 Fmax= 1.20397e+04, atom= 1744
Step=  823, Dmax= 4.9e-03 nm, Epot= -5.37683e+05 Fmax= 4.47426e+03, atom= 1744
Step=  824, Dmax= 5.9e-03 nm, Epot= -5.37699e+05 Fmax= 4.56921e+03, atom= 1744
Step=  825, Dmax= 7.1e-03 nm, Epot= -5.37708e+05 Fmax= 6.31410e+03, atom= 1744
Step=  826, Dmax= 8.5e-03 nm, Epot= -5.37723e+05 Fmax= 6.70887e+03, atom= 1744
Step=  827, Dmax= 1.0e-02 nm, Epot= -5.37724e+05 Fmax= 8.95192e+03, atom= 1744
Step=  828, Dmax= 1.2e-02 nm, Epot= -5.37733e+05 Fmax= 9.79238e+03, atom= 1744
Step=  829, Dmax= 1.5e-02 nm, Epot= -5.37718e+05 Fmax= 1.27371e+04, atom= 1744
Step=  830, Dmax= 7.3e-03 nm, Epot= -5.37789e+05 Fmax= 1.47340e+03, atom= 1744
Step=  831, Dmax= 8.8e-03 nm, Epot= -5.37792e+05 Fmax= 1.20243e+04, atom= 1744
Step=  832, Dmax= 1.1e-02 nm, Epot= -5.37866e+05 Fmax= 4.22409e+03, atom= 1744
Step=  833, Dmax= 1.3e-02 nm, Epot= -5.37796e+05 Fmax= 1.52025e+04, atom= 1744
Step=  834, Dmax= 6.3e-03 nm, Epot= -5.37879e+05 Fmax= 5.49719e+03, atom= 1744
Step=  835, Dmax= 7.6e-03 nm, Epot= -5.37892e+05 Fmax= 6.19608e+03, atom= 1744
Step=  836, Dmax= 9.1e-03 nm, Epot= -5.37898e+05 Fmax= 7.80228e+03, atom= 1744
Step=  837, Dmax= 1.1e-02 nm, Epot= -5.37906e+05 Fmax= 9.02614e+03, atom= 1744
Step=  838, Dmax= 1.3e-02 nm, Epot= -5.37902e+05 Fmax= 1.11198e+04, atom= 1744
Step=  839, Dmax= 6.6e-03 nm, Epot= -5.37955e+05 Fmax= 1.05674e+03, atom= 1744
Step=  840, Dmax= 7.9e-03 nm, Epot= -5.37985e+05 Fmax= 1.11064e+04, atom= 1744
Step=  841, Dmax= 9.4e-03 nm, Epot= -5.38051e+05 Fmax= 3.42565e+03, atom= 1744
Step=  842, Dmax= 1.1e-02 nm, Epot= -5.37999e+05 Fmax= 1.40447e+04, atom= 1744
Step=  843, Dmax= 5.7e-03 nm, Epot= -5.38063e+05 Fmax= 5.30983e+03, atom= 1744
Step=  844, Dmax= 6.8e-03 nm, Epot= -5.38080e+05 Fmax= 5.14456e+03, atom= 1744
Step=  845, Dmax= 8.2e-03 nm, Epot= -5.38085e+05 Fmax= 7.42450e+03, atom= 1744
Step=  846, Dmax= 9.8e-03 nm, Epot= -5.38099e+05 Fmax= 7.62581e+03, atom= 1744
Step=  847, Dmax= 1.2e-02 nm, Epot= -5.38092e+05 Fmax= 1.04605e+04, atom= 1744
Step=  848, Dmax= 5.9e-03 nm, Epot= -5.38136e+05 Fmax= 1.41671e+03, atom= 1744
Step=  849, Dmax= 7.1e-03 nm, Epot= -5.38153e+05 Fmax= 9.41782e+03, atom= 1744
Step=  850, Dmax= 8.5e-03 nm, Epot= -5.38202e+05 Fmax= 3.61447e+03, atom= 1744
Step=  851, Dmax= 1.0e-02 nm, Epot= -5.38171e+05 Fmax= 1.19844e+04, atom= 1744
Step=  852, Dmax= 5.1e-03 nm, Epot= -5.38217e+05 Fmax= 4.18895e+03, atom= 1744
Step=  853, Dmax= 6.1e-03 nm, Epot= -5.38230e+05 Fmax= 5.19386e+03, atom= 1744
Step=  854, Dmax= 7.3e-03 nm, Epot= -5.38242e+05 Fmax= 6.04305e+03, atom= 1744
Step=  855, Dmax= 8.8e-03 nm, Epot= -5.38250e+05 Fmax= 7.46309e+03, atom= 1744
Step=  856, Dmax= 1.1e-02 nm, Epot= -5.38257e+05 Fmax= 8.71264e+03, atom= 1744
Step=  857, Dmax= 1.3e-02 nm, Epot= -5.38254e+05 Fmax= 1.07237e+04, atom= 1744
Step=  858, Dmax= 6.3e-03 nm, Epot= -5.38303e+05 Fmax= 1.00619e+03, atom= 1744
Step=  859, Dmax= 7.6e-03 nm, Epot= -5.38337e+05 Fmax= 1.06454e+04, atom= 1744
Step=  860, Dmax= 9.1e-03 nm, Epot= -5.38398e+05 Fmax= 3.37243e+03, atom= 1744
Step=  861, Dmax= 1.1e-02 nm, Epot= -5.38352e+05 Fmax= 1.33902e+04, atom= 1744
Step=  862, Dmax= 5.5e-03 nm, Epot= -5.38411e+05 Fmax= 5.01597e+03, atom= 1744
Step=  863, Dmax= 6.5e-03 nm, Epot= -5.38426e+05 Fmax= 5.06985e+03, atom= 1744
Step=  864, Dmax= 7.9e-03 nm, Epot= -5.38432e+05 Fmax= 7.00936e+03, atom= 1744
Step=  865, Dmax= 9.4e-03 nm, Epot= -5.38445e+05 Fmax= 7.50720e+03, atom= 1744
Step=  866, Dmax= 1.1e-02 nm, Epot= -5.38442e+05 Fmax= 9.87995e+03, atom= 1744
Step=  867, Dmax= 5.7e-03 nm, Epot= -5.38481e+05 Fmax= 1.19272e+03, atom= 1744
Step=  868, Dmax= 6.8e-03 nm, Epot= -5.38507e+05 Fmax= 9.28087e+03, atom= 1744
Step=  869, Dmax= 8.1e-03 nm, Epot= -5.38555e+05 Fmax= 3.25152e+03, atom= 1744
Step=  870, Dmax= 9.8e-03 nm, Epot= -5.38526e+05 Fmax= 1.18111e+04, atom= 1744
Step=  871, Dmax= 4.9e-03 nm, Epot= -5.38568e+05 Fmax= 4.27829e+03, atom= 1744
Step=  872, Dmax= 5.9e-03 nm, Epot= -5.38582e+05 Fmax= 4.74108e+03, atom= 1744
Step=  873, Dmax= 7.0e-03 nm, Epot= -5.38592e+05 Fmax= 6.09819e+03, atom= 1744
Step=  874, Dmax= 8.4e-03 nm, Epot= -5.38604e+05 Fmax= 6.88788e+03, atom= 1744
Step=  875, Dmax= 1.0e-02 nm, Epot= -5.38606e+05 Fmax= 8.71378e+03, atom= 1744
Step=  876, Dmax= 1.2e-02 nm, Epot= -5.38611e+05 Fmax= 9.97461e+03, atom= 1744
Step=  877, Dmax= 1.5e-02 nm, Epot= -5.38600e+05 Fmax= 1.24736e+04, atom= 1744
Step=  878, Dmax= 7.3e-03 nm, Epot= -5.38669e+05 Fmax= 1.25075e+03, atom= 1744
Step=  879, Dmax= 8.8e-03 nm, Epot= -5.38676e+05 Fmax= 1.22310e+04, atom= 1744
Step=  880, Dmax= 1.1e-02 nm, Epot= -5.38754e+05 Fmax= 3.96568e+03, atom= 1744
Step=  881, Dmax= 1.3e-02 nm, Epot= -5.38679e+05 Fmax= 1.54062e+04, atom= 1744
Step=  882, Dmax= 6.3e-03 nm, Epot= -5.38764e+05 Fmax= 5.72946e+03, atom= 1744
Step=  883, Dmax= 7.6e-03 nm, Epot= -5.38778e+05 Fmax= 5.92069e+03, atom= 1744
Step=  884, Dmax= 9.1e-03 nm, Epot= -5.38781e+05 Fmax= 8.03756e+03, atom= 1744
Step=  885, Dmax= 1.1e-02 nm, Epot= -5.38790e+05 Fmax= 8.73001e+03, atom= 1744
Step=  886, Dmax= 1.3e-02 nm, Epot= -5.38781e+05 Fmax= 1.13557e+04, atom= 1744
Step=  887, Dmax= 6.5e-03 nm, Epot= -5.38836e+05 Fmax= 1.32224e+03, atom= 1744
Step=  888, Dmax= 7.8e-03 nm, Epot= -5.38848e+05 Fmax= 1.07666e+04, atom= 1744
Step=  889, Dmax= 9.4e-03 nm, Epot= -5.38909e+05 Fmax= 3.71630e+03, atom= 1744
Step=  890, Dmax= 1.1e-02 nm, Epot= -5.38857e+05 Fmax= 1.36811e+04, atom= 1744
Step=  891, Dmax= 5.6e-03 nm, Epot= -5.38921e+05 Fmax= 4.98120e+03, atom= 1744
Step=  892, Dmax= 6.8e-03 nm, Epot= -5.38934e+05 Fmax= 5.44255e+03, atom= 1744
Step=  893, Dmax= 8.1e-03 nm, Epot= -5.38941e+05 Fmax= 7.07804e+03, atom= 1744
Step=  894, Dmax= 9.8e-03 nm, Epot= -5.38950e+05 Fmax= 7.92620e+03, atom= 1744
Step=  895, Dmax= 1.2e-02 nm, Epot= -5.38947e+05 Fmax= 1.00941e+04, atom= 1744
Step=  896, Dmax= 5.9e-03 nm, Epot= -5.38990e+05 Fmax= 1.08348e+03, atom= 1744
Step=  897, Dmax= 7.0e-03 nm, Epot= -5.39017e+05 Fmax= 9.73582e+03, atom= 1744
Step=  898, Dmax= 8.4e-03 nm, Epot= -5.39069e+05 Fmax= 3.25515e+03, atom= 1744
Step=  899, Dmax= 1.0e-02 nm, Epot= -5.39034e+05 Fmax= 1.22986e+04, atom= 1744
Step=  900, Dmax= 5.1e-03 nm, Epot= -5.39081e+05 Fmax= 4.52658e+03, atom= 1744
Step=  901, Dmax= 6.1e-03 nm, Epot= -5.39095e+05 Fmax= 4.82151e+03, atom= 1744
Step=  902, Dmax= 7.3e-03 nm, Epot= -5.39104e+05 Fmax= 6.38256e+03, atom= 1744
Step=  903, Dmax= 8.7e-03 nm, Epot= -5.39115e+05 Fmax= 7.07484e+03, atom= 1744
Step=  904, Dmax= 1.0e-02 nm, Epot= -5.39115e+05 Fmax= 9.05195e+03, atom= 1744
Step=  905, Dmax= 1.3e-02 nm, Epot= -5.39119e+05 Fmax= 1.03160e+04, atom= 1744
Step=  906, Dmax= 1.5e-02 nm, Epot= -5.39105e+05 Fmax= 1.28829e+04, atom= 1744
Step=  907, Dmax= 7.6e-03 nm, Epot= -5.39180e+05 Fmax= 1.29822e+03, atom= 1744
Step=  908, Dmax= 9.1e-03 nm, Epot= -5.39180e+05 Fmax= 1.26582e+04, atom= 1744
Step=  909, Dmax= 1.1e-02 nm, Epot= -5.39261e+05 Fmax= 4.08211e+03, atom= 1744
Step=  910, Dmax= 1.3e-02 nm, Epot= -5.39177e+05 Fmax= 1.60169e+04, atom= 1744
Step=  911, Dmax= 6.5e-03 nm, Epot= -5.39269e+05 Fmax= 5.96773e+03, atom= 1744
Step=  912, Dmax= 7.8e-03 nm, Epot= -5.39283e+05 Fmax= 6.07777e+03, atom= 1744
Step=  913, Dmax= 9.4e-03 nm, Epot= -5.39284e+05 Fmax= 8.38666e+03, atom= 1744
Step=  914, Dmax= 1.1e-02 nm, Epot= -5.39294e+05 Fmax= 8.94797e+03, atom= 1744
Step=  915, Dmax= 1.4e-02 nm, Epot= -5.39280e+05 Fmax= 1.18668e+04, atom= 1744
Step=  916, Dmax= 6.8e-03 nm, Epot= -5.39342e+05 Fmax= 1.45931e+03, atom= 1744
Step=  917, Dmax= 8.1e-03 nm, Epot= -5.39344e+05 Fmax= 1.10485e+04, atom= 1744
Step=  918, Dmax= 9.7e-03 nm, Epot= -5.39407e+05 Fmax= 3.95870e+03, atom= 1744
Step=  919, Dmax= 1.2e-02 nm, Epot= -5.39349e+05 Fmax= 1.40151e+04, atom= 1744
Step=  920, Dmax= 5.8e-03 nm, Epot= -5.39418e+05 Fmax= 5.03406e+03, atom= 1744
Step=  921, Dmax= 7.0e-03 nm, Epot= -5.39430e+05 Fmax= 5.76429e+03, atom= 1744
Step=  922, Dmax= 8.4e-03 nm, Epot= -5.39437e+05 Fmax= 7.18129e+03, atom= 1744
Step=  923, Dmax= 1.0e-02 nm, Epot= -5.39444e+05 Fmax= 8.36415e+03, atom= 1744
Step=  924, Dmax= 1.2e-02 nm, Epot= -5.39441e+05 Fmax= 1.02651e+04, atom= 1744
Step=  925, Dmax= 6.1e-03 nm, Epot= -5.39486e+05 Fmax= 9.58901e+02, atom= 1744

writing lowest energy coordinates.

Steepest Descents converged to Fmax < 1000 in 926 steps
Potential Energy  = -5.3948612e+05
Maximum force     =  9.5890131e+02 on atom 1744
Norm of force     =  1.7675240e+01

GROMACS reminds you: "It's Unacceptable That Chocolate Makes You Fat" (MI 3)

