
--- stderr ---
                :-) GROMACS - gmx mdrun, 2024.5-conda_forge (-:

Executable:   /usr/local/Caskroom/miniforge/base/envs/gromacs_env/bin.AVX2_256/gmx
Data prefix:  /usr/local/Caskroom/miniforge/base/envs/gromacs_env
Working dir:  /Users/laetitiaguerin/Library/CloudStorage/OneDrive-Personal/Documents/BSc_Nanobiology/Year_5/BEP/Energy_minimization/tleap_runs/P0A3C7_A46S
Command line:
  gmx mdrun -v -deffnm P0A3C7_A46S_minim

The current CPU can measure timings more accurately than the code in
gmx mdrun was configured to use. This might affect your simulation
speed as accurate timings are needed for load-balancing.
Please consider rebuilding gmx mdrun with the GMX_USE_RDTSCP=ON CMake option.
Reading file P0A3C7_A46S_minim.tpr, VERSION 2024.5-conda_forge (single precision)

Using 1 MPI thread
Using 8 OpenMP threads 


Steepest Descents:
   Tolerance (Fmax)   =  1.00000e+03
   Number of steps    =        50000
Step=    0, Dmax= 1.0e-02 nm, Epot= -2.26388e+05 Fmax= 3.53497e+03, atom= 689
Step=    1, Dmax= 1.0e-02 nm, Epot= -2.31717e+05 Fmax= 7.55931e+03, atom= 689
Step=    2, Dmax= 1.2e-02 nm, Epot= -2.34190e+05 Fmax= 7.20854e+03, atom= 689
Step=    3, Dmax= 1.4e-02 nm, Epot= -2.36305e+05 Fmax= 1.10594e+04, atom= 654
Step=    4, Dmax= 1.7e-02 nm, Epot= -2.37841e+05 Fmax= 1.22052e+04, atom= 654
Step=    5, Dmax= 2.1e-02 nm, Epot= -2.38660e+05 Fmax= 1.61403e+04, atom= 654
Step=    6, Dmax= 2.5e-02 nm, Epot= -2.39247e+05 Fmax= 2.05441e+04, atom= 366
Step=    7, Dmax= 3.0e-02 nm, Epot= -2.39899e+05 Fmax= 2.48669e+04, atom= 366
Step=    8, Dmax= 3.6e-02 nm, Epot= -2.40272e+05 Fmax= 2.93631e+04, atom= 366
Step=    9, Dmax= 4.3e-02 nm, Epot= -2.39976e+05 Fmax= 3.54135e+04, atom= 366
Step=   10, Dmax= 2.1e-02 nm, Epot= -2.44605e+05 Fmax= 3.32670e+03, atom= 1257
Step=   11, Dmax= 2.6e-02 nm, Epot= -2.45301e+05 Fmax= 3.67200e+04, atom= 1257
Step=   12, Dmax= 3.1e-02 nm, Epot= -2.49353e+05 Fmax= 1.09802e+04, atom= 1257
Step=   13, Dmax= 3.7e-02 nm, Epot= -2.45112e+05 Fmax= 4.59139e+04, atom= 1257
Step=   14, Dmax= 1.9e-02 nm, Epot= -2.49556e+05 Fmax= 1.76319e+04, atom= 1257
Step=   15, Dmax= 2.2e-02 nm, Epot= -2.50188e+05 Fmax= 1.63955e+04, atom= 1257
Step=   16, Dmax= 2.7e-02 nm, Epot= -2.49909e+05 Fmax= 2.46061e+04, atom= 1257
Step=   17, Dmax= 1.3e-02 nm, Epot= -2.51216e+05 Fmax= 4.13524e+03, atom= 1257
Step=   18, Dmax= 1.6e-02 nm, Epot= -2.51616e+05 Fmax= 2.02139e+04, atom= 1257
Step=   19, Dmax= 1.9e-02 nm, Epot= -2.52801e+05 Fmax= 9.39952e+03, atom= 1257
Step=   20, Dmax= 2.3e-02 nm, Epot= -2.52112e+05 Fmax= 2.57944e+04, atom= 1257
Step=   21, Dmax= 1.2e-02 nm, Epot= -2.53257e+05 Fmax= 8.20823e+03, atom= 1257
Step=   22, Dmax= 1.4e-02 nm, Epot= -2.53530e+05 Fmax= 1.31863e+04, atom= 1257
Step=   23, Dmax= 1.7e-02 nm, Epot= -2.53974e+05 Fmax= 1.22046e+04, atom= 1257
Step=   24, Dmax= 2.0e-02 nm, Epot= -2.53988e+05 Fmax= 1.85113e+04, atom= 1257
Step=   25, Dmax= 2.4e-02 nm, Epot= -2.54393e+05 Fmax= 1.80210e+04, atom= 1257
Step=   26, Dmax= 2.9e-02 nm, Epot= -2.53989e+05 Fmax= 2.60179e+04, atom= 1257
Step=   27, Dmax= 1.4e-02 nm, Epot= -2.55369e+05 Fmax= 4.04260e+03, atom= 1257
Step=   28, Dmax= 1.7e-02 nm, Epot= -2.55387e+05 Fmax= 2.20812e+04, atom= 1257
Step=   29, Dmax= 2.1e-02 nm, Epot= -2.56538e+05 Fmax= 9.76954e+03, atom= 1257
Step=   30, Dmax= 2.5e-02 nm, Epot= -2.55570e+05 Fmax= 2.80556e+04, atom= 1257
Step=   31, Dmax= 1.2e-02 nm, Epot= -2.56862e+05 Fmax= 9.15945e+03, atom= 1257
Step=   32, Dmax= 1.5e-02 nm, Epot= -2.57006e+05 Fmax= 1.38356e+04, atom= 1257
Step=   33, Dmax= 1.8e-02 nm, Epot= -2.57313e+05 Fmax= 1.34599e+04, atom= 1257
Step=   34, Dmax= 2.1e-02 nm, Epot= -2.57234e+05 Fmax= 1.95454e+04, atom= 1257
Step=   35, Dmax= 1.1e-02 nm, Epot= -2.57866e+05 Fmax= 3.06088e+03, atom= 1257
Step=   36, Dmax= 1.3e-02 nm, Epot= -2.58206e+05 Fmax= 1.63595e+04, atom= 1257
Step=   37, Dmax= 1.5e-02 nm, Epot= -2.58839e+05 Fmax= 7.45576e+03, atom= 1257
Step=   38, Dmax= 1.9e-02 nm, Epot= -2.58553e+05 Fmax= 2.07820e+04, atom= 1257
Step=   39, Dmax= 9.3e-03 nm, Epot= -2.59098e+05 Fmax= 6.67030e+03, atom= 1257
Step=   40, Dmax= 1.1e-02 nm, Epot= -2.59283e+05 Fmax= 1.05530e+04, atom= 1257
Step=   41, Dmax= 1.3e-02 nm, Epot= -2.59540e+05 Fmax= 9.83125e+03, atom= 1257
Step=   42, Dmax= 1.6e-02 nm, Epot= -2.59597e+05 Fmax= 1.48876e+04, atom= 1257
Step=   43, Dmax= 1.9e-02 nm, Epot= -2.59841e+05 Fmax= 1.44735e+04, atom= 1257
Step=   44, Dmax= 2.3e-02 nm, Epot= -2.59685e+05 Fmax= 2.09906e+04, atom= 1257
Step=   45, Dmax= 1.2e-02 nm, Epot= -2.60358e+05 Fmax= 3.27950e+03, atom= 1257
Step=   46, Dmax= 1.4e-02 nm, Epot= -2.60504e+05 Fmax= 1.76427e+04, atom= 1257
Step=   47, Dmax= 1.7e-02 nm, Epot= -2.61109e+05 Fmax= 7.95280e+03, atom= 1257
Step=   48, Dmax= 2.0e-02 nm, Epot= -2.60713e+05 Fmax= 2.24212e+04, atom= 1257
Step=   49, Dmax= 1.0e-02 nm, Epot= -2.61319e+05 Fmax= 7.24374e+03, atom= 1257
Step=   50, Dmax= 1.2e-02 nm, Epot= -2.61442e+05 Fmax= 1.12551e+04, atom= 1257
Step=   51, Dmax= 1.4e-02 nm, Epot= -2.61650e+05 Fmax= 1.06675e+04, atom= 1257
Step=   52, Dmax= 1.7e-02 nm, Epot= -2.61654e+05 Fmax= 1.58862e+04, atom= 1257
Step=   53, Dmax= 2.1e-02 nm, Epot= -2.61846e+05 Fmax= 1.56790e+04, atom= 1257
Step=   54, Dmax= 2.5e-02 nm, Epot= -2.61645e+05 Fmax= 2.24127e+04, atom= 1257
Step=   55, Dmax= 1.2e-02 nm, Epot= -2.62352e+05 Fmax= 3.39336e+03, atom= 1257
Step=   56, Dmax= 1.5e-02 nm, Epot= -2.62371e+05 Fmax= 1.91254e+04, atom= 1257
Step=   57, Dmax= 1.8e-02 nm, Epot= -2.62973e+05 Fmax= 8.38405e+03, atom= 1257
Step=   58, Dmax= 2.1e-02 nm, Epot= -2.62479e+05 Fmax= 2.42798e+04, atom= 1257
Step=   59, Dmax= 1.1e-02 nm, Epot= -2.63144e+05 Fmax= 7.96022e+03, atom= 1257
Step=   60, Dmax= 1.3e-02 nm, Epot= -2.63229e+05 Fmax= 1.19079e+04, atom= 1257
Step=   61, Dmax= 1.5e-02 nm, Epot= -2.63394e+05 Fmax= 1.16646e+04, atom= 1257
Step=   62, Dmax= 1.9e-02 nm, Epot= -2.63367e+05 Fmax= 1.68583e+04, atom= 1257
Step=   63, Dmax= 9.3e-03 nm, Epot= -2.63689e+05 Fmax= 2.60725e+03, atom= 1257
Step=   64, Dmax= 1.1e-02 nm, Epot= -2.63907e+05 Fmax= 1.41370e+04, atom= 1257
Step=   65, Dmax= 1.3e-02 nm, Epot= -2.64249e+05 Fmax= 6.42582e+03, atom= 1257
Step=   66, Dmax= 1.6e-02 nm, Epot= -2.64125e+05 Fmax= 1.79476e+04, atom= 1257
Step=   67, Dmax= 8.0e-03 nm, Epot= -2.64398e+05 Fmax= 5.76621e+03, atom= 1257
Step=   68, Dmax= 9.6e-03 nm, Epot= -2.64514e+05 Fmax= 9.11028e+03, atom= 1257
Step=   69, Dmax= 1.2e-02 nm, Epot= -2.64664e+05 Fmax= 8.48537e+03, atom= 1257
Step=   70, Dmax= 1.4e-02 nm, Epot= -2.64714e+05 Fmax= 1.28663e+04, atom= 1257
Step=   71, Dmax= 1.7e-02 nm, Epot= -2.64860e+05 Fmax= 1.24884e+04, atom= 1257
Step=   72, Dmax= 2.0e-02 nm, Epot= -2.64796e+05 Fmax= 1.81571e+04, atom= 1257
Step=   73, Dmax= 1.0e-02 nm, Epot= -2.65144e+05 Fmax= 2.84621e+03, atom= 1257
Step=   74, Dmax= 1.2e-02 nm, Epot= -2.65276e+05 Fmax= 1.51993e+04, atom= 1257
Step=   75, Dmax= 1.4e-02 nm, Epot= -2.65611e+05 Fmax= 6.89815e+03, atom= 1257
Step=   76, Dmax= 1.7e-02 nm, Epot= -2.65435e+05 Fmax= 1.93198e+04, atom= 1257
Step=   77, Dmax= 8.6e-03 nm, Epot= -2.65741e+05 Fmax= 6.21755e+03, atom= 1257
Step=   78, Dmax= 1.0e-02 nm, Epot= -2.65831e+05 Fmax= 9.76064e+03, atom= 1257
Step=   79, Dmax= 1.2e-02 nm, Epot= -2.65963e+05 Fmax= 9.16260e+03, atom= 1257
Step=   80, Dmax= 1.5e-02 nm, Epot= -2.65986e+05 Fmax= 1.37745e+04, atom= 1257
Step=   81, Dmax= 1.8e-02 nm, Epot= -2.66112e+05 Fmax= 1.34844e+04, atom= 1257
Step=   82, Dmax= 2.1e-02 nm, Epot= -2.66023e+05 Fmax= 1.94352e+04, atom= 1257
Step=   83, Dmax= 1.1e-02 nm, Epot= -2.66396e+05 Fmax= 2.99026e+03, atom= 1257
Step=   84, Dmax= 1.3e-02 nm, Epot= -2.66467e+05 Fmax= 1.64343e+04, atom= 1257
Step=   85, Dmax= 1.5e-02 nm, Epot= -2.66805e+05 Fmax= 7.31365e+03, atom= 1257
Step=   86, Dmax= 1.8e-02 nm, Epot= -2.66576e+05 Fmax= 2.08812e+04, atom= 1257
Step=   87, Dmax= 9.2e-03 nm, Epot= -2.66919e+05 Fmax= 6.79230e+03, atom= 1257
Step=   88, Dmax= 1.1e-02 nm, Epot= -2.66989e+05 Fmax= 1.03690e+04, atom= 1257
Step=   89, Dmax= 1.3e-02 nm, Epot= -2.67102e+05 Fmax= 9.97857e+03, atom= 1257
Step=   90, Dmax= 1.6e-02 nm, Epot= -2.67107e+05 Fmax= 1.46611e+04, atom= 1257
Step=   91, Dmax= 1.9e-02 nm, Epot= -2.67211e+05 Fmax= 1.46406e+04, atom= 1257
Step=   92, Dmax= 2.3e-02 nm, Epot= -2.67102e+05 Fmax= 2.07192e+04, atom= 1257
Step=   93, Dmax= 1.1e-02 nm, Epot= -2.67503e+05 Fmax= 3.05881e+03, atom= 1257
Step=   94, Dmax= 1.4e-02 nm, Epot= -2.67522e+05 Fmax= 1.78390e+04, atom= 1257
Step=   95, Dmax= 1.7e-02 nm, Epot= -2.67874e+05 Fmax= 7.68513e+03, atom= 1257
Step=   96, Dmax= 2.0e-02 nm, Epot= -2.67588e+05 Fmax= 2.26311e+04, atom= 1257
Step=   97, Dmax= 9.9e-03 nm, Epot= -2.67973e+05 Fmax= 7.48412e+03, atom= 1257
Step=   98, Dmax= 1.2e-02 nm, Epot= -2.68027e+05 Fmax= 1.09487e+04, atom= 1257
Step=   99, Dmax= 1.4e-02 nm, Epot= -2.68122e+05 Fmax= 1.09279e+04, atom= 1257
Step=  100, Dmax= 1.7e-02 nm, Epot= -2.68114e+05 Fmax= 1.55405e+04, atom= 1257
Step=  101, Dmax= 8.6e-03 nm, Epot= -2.68298e+05 Fmax= 2.31361e+03, atom= 1257
Step=  102, Dmax= 1.0e-02 nm, Epot= -2.68447e+05 Fmax= 1.32155e+04, atom= 1257
Step=  103, Dmax= 1.2e-02 nm, Epot= -2.68654e+05 Fmax= 5.86177e+03, atom= 1257
Step=  104, Dmax= 1.5e-02 nm, Epot= -2.68585e+05 Fmax= 1.67530e+04, atom= 1257
Step=  105, Dmax= 7.4e-03 nm, Epot= -2.68745e+05 Fmax= 5.45046e+03, atom= 1257
Step=  106, Dmax= 8.9e-03 nm, Epot= -2.68819e+05 Fmax= 8.34913e+03, atom= 1257
Step=  107, Dmax= 1.1e-02 nm, Epot= -2.68911e+05 Fmax= 7.97640e+03, atom= 1257
Step=  108, Dmax= 1.3e-02 nm, Epot= -2.68947e+05 Fmax= 1.18332e+04, atom= 1257
Step=  109, Dmax= 1.5e-02 nm, Epot= -2.69035e+05 Fmax= 1.16943e+04, atom= 1257
Step=  110, Dmax= 1.8e-02 nm, Epot= -2.69005e+05 Fmax= 1.67453e+04, atom= 1257
Step=  111, Dmax= 9.2e-03 nm, Epot= -2.69211e+05 Fmax= 2.53393e+03, atom= 1257
Step=  112, Dmax= 1.1e-02 nm, Epot= -2.69312e+05 Fmax= 1.41983e+04, atom= 1257
Step=  113, Dmax= 1.3e-02 nm, Epot= -2.69522e+05 Fmax= 6.30327e+03, atom= 1257
Step=  114, Dmax= 1.6e-02 nm, Epot= -2.69420e+05 Fmax= 1.80205e+04, atom= 1257
Step=  115, Dmax= 8.0e-03 nm, Epot= -2.69605e+05 Fmax= 5.86445e+03, atom= 1257
Step=  116, Dmax= 9.6e-03 nm, Epot= -2.69666e+05 Fmax= 8.95901e+03, atom= 1257
Step=  117, Dmax= 1.1e-02 nm, Epot= -2.69749e+05 Fmax= 8.59686e+03, atom= 1257
Step=  118, Dmax= 1.4e-02 nm, Epot= -2.69772e+05 Fmax= 1.26856e+04, atom= 1257
Step=  119, Dmax= 1.7e-02 nm, Epot= -2.69850e+05 Fmax= 1.26082e+04, atom= 1257
Step=  120, Dmax= 2.0e-02 nm, Epot= -2.69804e+05 Fmax= 1.79445e+04, atom= 1257
Step=  121, Dmax= 9.9e-03 nm, Epot= -2.70032e+05 Fmax= 2.67906e+03, atom= 1257
Step=  122, Dmax= 1.2e-02 nm, Epot= -2.70096e+05 Fmax= 1.53295e+04, atom= 1257
Step=  123, Dmax= 1.4e-02 nm, Epot= -2.70314e+05 Fmax= 6.70377e+03, atom= 1257
Step=  124, Dmax= 1.7e-02 nm, Epot= -2.70176e+05 Fmax= 1.94526e+04, atom= 1257
Step=  125, Dmax= 8.6e-03 nm, Epot= -2.70390e+05 Fmax= 6.38185e+03, atom= 1257
Step=  126, Dmax= 1.0e-02 nm, Epot= -2.70440e+05 Fmax= 9.54112e+03, atom= 1257
Step=  127, Dmax= 1.2e-02 nm, Epot= -2.70515e+05 Fmax= 9.33544e+03, atom= 1257
Step=  128, Dmax= 1.5e-02 nm, Epot= -2.70525e+05 Fmax= 1.35287e+04, atom= 1257
Step=  129, Dmax= 1.8e-02 nm, Epot= -2.70593e+05 Fmax= 1.36606e+04, atom= 1257
Step=  130, Dmax= 2.1e-02 nm, Epot= -2.70532e+05 Fmax= 1.91599e+04, atom= 1257
Step=  131, Dmax= 1.1e-02 nm, Epot= -2.70784e+05 Fmax= 2.76409e+03, atom= 1257
Step=  132, Dmax= 1.3e-02 nm, Epot= -2.70816e+05 Fmax= 1.66090e+04, atom= 1257
Step=  133, Dmax= 1.5e-02 nm, Epot= -2.71048e+05 Fmax= 7.07213e+03, atom= 1257
Step=  134, Dmax= 1.8e-02 nm, Epot= -2.70869e+05 Fmax= 2.10512e+04, atom= 1257
Step=  135, Dmax= 9.2e-03 nm, Epot= -2.71116e+05 Fmax= 6.99906e+03, atom= 1257
Step=  136, Dmax= 1.1e-02 nm, Epot= -2.71158e+05 Fmax= 1.01052e+04, atom= 1257
Step=  137, Dmax= 1.3e-02 nm, Epot= -2.71223e+05 Fmax= 1.01895e+04, atom= 1257
Step=  138, Dmax= 1.6e-02 nm, Epot= -2.71224e+05 Fmax= 1.43735e+04, atom= 1257
Step=  139, Dmax= 1.9e-02 nm, Epot= -2.71279e+05 Fmax= 1.48506e+04, atom= 1257
Step=  140, Dmax= 2.3e-02 nm, Epot= -2.71206e+05 Fmax= 2.04041e+04, atom= 1257
Step=  141, Dmax= 1.1e-02 nm, Epot= -2.71484e+05 Fmax= 2.79590e+03, atom= 1257
Step=  142, Dmax= 1.4e-02 nm, Epot= -2.71484e+05 Fmax= 1.80385e+04, atom= 1257
Step=  143, Dmax= 6.9e-03 nm, Epot= -2.71568e+05 Fmax= 7.60255e+03, atom= 1257
Step=  144, Dmax= 8.3e-03 nm, Epot= -2.71646e+05 Fmax= 5.16086e+03, atom= 1257
Step=  145, Dmax= 9.9e-03 nm, Epot= -2.71684e+05 Fmax= 9.93544e+03, atom= 1257
Step=  146, Dmax= 1.2e-02 nm, Epot= -2.71765e+05 Fmax= 8.41569e+03, atom= 1257
Step=  147, Dmax= 1.4e-02 nm, Epot= -2.71763e+05 Fmax= 1.33811e+04, atom= 1257
Step=  148, Dmax= 7.1e-03 nm, Epot= -2.71853e+05 Fmax= 2.48836e+03, atom= 1257
Step=  149, Dmax= 8.6e-03 nm, Epot= -2.71934e+05 Fmax= 1.09119e+04, atom= 1257
Step=  150, Dmax= 1.0e-02 nm, Epot= -2.72048e+05 Fmax= 4.81748e+03, atom= 1257
Step=  151, Dmax= 1.2e-02 nm, Epot= -2.72036e+05 Fmax= 1.43083e+04, atom= 1257
Step=  152, Dmax= 6.2e-03 nm, Epot= -2.72109e+05 Fmax= 4.74442e+03, atom= 1257
Step=  153, Dmax= 7.4e-03 nm, Epot= -2.72166e+05 Fmax= 6.52131e+03, atom= 1257
Step=  154, Dmax= 8.9e-03 nm, Epot= -2.72222e+05 Fmax= 7.21611e+03, atom= 1257
Step=  155, Dmax= 1.1e-02 nm, Epot= -2.72267e+05 Fmax= 9.05396e+03, atom= 1257
Step=  156, Dmax= 1.3e-02 nm, Epot= -2.72309e+05 Fmax= 1.06813e+04, atom= 1257
Step=  157, Dmax= 1.5e-02 nm, Epot= -2.72337e+05 Fmax= 1.27738e+04, atom= 1257
Step=  158, Dmax= 1.8e-02 nm, Epot= -2.72347e+05 Fmax= 1.55707e+04, atom= 1257
Step=  159, Dmax= 2.2e-02 nm, Epot= -2.72344e+05 Fmax= 1.81832e+04, atom= 1257
Step=  160, Dmax= 1.1e-02 nm, Epot= -2.72548e+05 Fmax= 1.34557e+03, atom= 1257
Step=  161, Dmax= 1.3e-02 nm, Epot= -2.72713e+05 Fmax= 1.96891e+04, atom= 1257
Step=  162, Dmax= 1.6e-02 nm, Epot= -2.72996e+05 Fmax= 4.78837e+03, atom= 1257
Step=  163, Dmax= 1.9e-02 nm, Epot= -2.72762e+05 Fmax= 2.47611e+04, atom= 1257
Step=  164, Dmax= 9.5e-03 nm, Epot= -2.73027e+05 Fmax= 1.00231e+04, atom= 1257
Step=  165, Dmax= 1.1e-02 nm, Epot= -2.73103e+05 Fmax= 7.50845e+03, atom= 1257
Step=  166, Dmax= 1.4e-02 nm, Epot= -2.73091e+05 Fmax= 1.37309e+04, atom= 1257
Step=  167, Dmax= 6.9e-03 nm, Epot= -2.73173e+05 Fmax= 3.11323e+03, atom= 1257
Step=  168, Dmax= 8.2e-03 nm, Epot= -2.73228e+05 Fmax= 9.39423e+03, atom= 1257
Step=  169, Dmax= 9.9e-03 nm, Epot= -2.73306e+05 Fmax= 5.88578e+03, atom= 1257
Step=  170, Dmax= 1.2e-02 nm, Epot= -2.73310e+05 Fmax= 1.22293e+04, atom= 1257
Step=  171, Dmax= 1.4e-02 nm, Epot= -2.73394e+05 Fmax= 9.73578e+03, atom= 1257
Step=  172, Dmax= 1.7e-02 nm, Epot= -2.73348e+05 Fmax= 1.63935e+04, atom= 1257
Step=  173, Dmax= 8.5e-03 nm, Epot= -2.73483e+05 Fmax= 3.33937e+03, atom= 1257
Step=  174, Dmax= 1.0e-02 nm, Epot= -2.73508e+05 Fmax= 1.26369e+04, atom= 1257
Step=  175, Dmax= 1.2e-02 nm, Epot= -2.73623e+05 Fmax= 6.21686e+03, atom= 1257
Step=  176, Dmax= 1.5e-02 nm, Epot= -2.73562e+05 Fmax= 1.66429e+04, atom= 1257
Step=  177, Dmax= 7.4e-03 nm, Epot= -2.73677e+05 Fmax= 5.21233e+03, atom= 1257
Step=  178, Dmax= 8.9e-03 nm, Epot= -2.73715e+05 Fmax= 8.29639e+03, atom= 1257
Step=  179, Dmax= 1.1e-02 nm, Epot= -2.73766e+05 Fmax= 8.13560e+03, atom= 1257
Step=  180, Dmax= 1.3e-02 nm, Epot= -2.73784e+05 Fmax= 1.13670e+04, atom= 1257
Step=  181, Dmax= 1.5e-02 nm, Epot= -2.73823e+05 Fmax= 1.22450e+04, atom= 1257
Step=  182, Dmax= 1.8e-02 nm, Epot= -2.73812e+05 Fmax= 1.58534e+04, atom= 1257
Step=  183, Dmax= 9.2e-03 nm, Epot= -2.73943e+05 Fmax= 1.82190e+03, atom= 1257
Step=  184, Dmax= 1.1e-02 nm, Epot= -2.74018e+05 Fmax= 1.55567e+04, atom= 1257
Step=  185, Dmax= 1.3e-02 nm, Epot= -2.74185e+05 Fmax= 4.74749e+03, atom= 1257
Step=  186, Dmax= 1.6e-02 nm, Epot= -2.74074e+05 Fmax= 1.98905e+04, atom= 1257
Step=  187, Dmax= 7.9e-03 nm, Epot= -2.74224e+05 Fmax= 7.57513e+03, atom= 1257
Step=  188, Dmax= 9.5e-03 nm, Epot= -2.74273e+05 Fmax= 6.98732e+03, atom= 1257
Step=  189, Dmax= 1.1e-02 nm, Epot= -2.74291e+05 Fmax= 1.06975e+04, atom= 1257
Step=  190, Dmax= 1.4e-02 nm, Epot= -2.74341e+05 Fmax= 1.02935e+04, atom= 1257
Step=  191, Dmax= 1.6e-02 nm, Epot= -2.74322e+05 Fmax= 1.50975e+04, atom= 1257
Step=  192, Dmax= 8.2e-03 nm, Epot= -2.74431e+05 Fmax= 2.40607e+03, atom= 1257
Step=  193, Dmax= 9.9e-03 nm, Epot= -2.74480e+05 Fmax= 1.25180e+04, atom= 1257
Step=  194, Dmax= 1.2e-02 nm, Epot= -2.74589e+05 Fmax= 5.77477e+03, atom= 1257
Step=  195, Dmax= 1.4e-02 nm, Epot= -2.74537e+05 Fmax= 1.59185e+04, atom= 1257
Step=  196, Dmax= 7.1e-03 nm, Epot= -2.74635e+05 Fmax= 5.07624e+03, atom= 1257
Step=  197, Dmax= 8.5e-03 nm, Epot= -2.74668e+05 Fmax= 8.16075e+03, atom= 1257
Step=  198, Dmax= 1.0e-02 nm, Epot= -2.74715e+05 Fmax= 7.49700e+03, atom= 1257
Step=  199, Dmax= 1.2e-02 nm, Epot= -2.74725e+05 Fmax= 1.15045e+04, atom= 1257
Step=  200, Dmax= 1.5e-02 nm, Epot= -2.74772e+05 Fmax= 1.10606e+04, atom= 1257
Step=  201, Dmax= 1.8e-02 nm, Epot= -2.74742e+05 Fmax= 1.62204e+04, atom= 1257
Step=  202, Dmax= 8.8e-03 nm, Epot= -2.74869e+05 Fmax= 2.58595e+03, atom= 1257
Step=  203, Dmax= 1.1e-02 nm, Epot= -2.74898e+05 Fmax= 1.34721e+04, atom= 1257
Step=  204, Dmax= 1.3e-02 nm, Epot= -2.75016e+05 Fmax= 6.18723e+03, atom= 1257
Step=  205, Dmax= 1.5e-02 nm, Epot= -2.74942e+05 Fmax= 1.71388e+04, atom= 1257
Step=  206, Dmax= 7.6e-03 nm, Epot= -2.75060e+05 Fmax= 5.48111e+03, atom= 1257
Step=  207, Dmax= 9.2e-03 nm, Epot= -2.75086e+05 Fmax= 8.73972e+03, atom= 1257
Step=  208, Dmax= 1.1e-02 nm, Epot= -2.75132e+05 Fmax= 8.09530e+03, atom= 1257
Step=  209, Dmax= 1.3e-02 nm, Epot= -2.75134e+05 Fmax= 1.23204e+04, atom= 1257
Step=  210, Dmax= 1.6e-02 nm, Epot= -2.75179e+05 Fmax= 1.19363e+04, atom= 1257
Step=  211, Dmax= 1.9e-02 nm, Epot= -2.75136e+05 Fmax= 1.73732e+04, atom= 1257
Step=  212, Dmax= 9.5e-03 nm, Epot= -2.75284e+05 Fmax= 2.72641e+03, atom= 1257
Step=  213, Dmax= 1.1e-02 nm, Epot= -2.75294e+05 Fmax= 1.45487e+04, atom= 1257
Step=  214, Dmax= 1.4e-02 nm, Epot= -2.75422e+05 Fmax= 6.57930e+03, atom= 1257
Step=  215, Dmax= 1.6e-02 nm, Epot= -2.75324e+05 Fmax= 1.85008e+04, atom= 1257
Step=  216, Dmax= 8.2e-03 nm, Epot= -2.75465e+05 Fmax= 5.96729e+03, atom= 1257
Step=  217, Dmax= 9.9e-03 nm, Epot= -2.75486e+05 Fmax= 9.30914e+03, atom= 1257
Step=  218, Dmax= 1.2e-02 nm, Epot= -2.75529e+05 Fmax= 8.79035e+03, atom= 1257
Step=  219, Dmax= 1.4e-02 nm, Epot= -2.75524e+05 Fmax= 1.31434e+04, atom= 1257
Step=  220, Dmax= 7.1e-03 nm, Epot= -2.75596e+05 Fmax= 2.17902e+03, atom= 1257
Step=  221, Dmax= 8.5e-03 nm, Epot= -2.75650e+05 Fmax= 1.06615e+04, atom= 1257
Step=  222, Dmax= 1.0e-02 nm, Epot= -2.75730e+05 Fmax= 5.13266e+03, atom= 1257
Step=  223, Dmax= 1.2e-02 nm, Epot= -2.75709e+05 Fmax= 1.35658e+04, atom= 1257
Step=  224, Dmax= 6.1e-03 nm, Epot= -2.75769e+05 Fmax= 4.21944e+03, atom= 1257
Step=  225, Dmax= 7.4e-03 nm, Epot= -2.75802e+05 Fmax= 7.22543e+03, atom= 1257
Step=  226, Dmax= 8.8e-03 nm, Epot= -2.75844e+05 Fmax= 6.27484e+03, atom= 1257
Step=  227, Dmax= 1.1e-02 nm, Epot= -2.75858e+05 Fmax= 1.01446e+04, atom= 1257
Step=  228, Dmax= 1.3e-02 nm, Epot= -2.75902e+05 Fmax= 9.32009e+03, atom= 1257
Step=  229, Dmax= 1.5e-02 nm, Epot= -2.75885e+05 Fmax= 1.42502e+04, atom= 1257
Step=  230, Dmax= 7.6e-03 nm, Epot= -2.75972e+05 Fmax= 2.46791e+03, atom= 1257
Step=  231, Dmax= 9.2e-03 nm, Epot= -2.76009e+05 Fmax= 1.13685e+04, atom= 1257
Step=  232, Dmax= 1.1e-02 nm, Epot= -2.76092e+05 Fmax= 5.60446e+03, atom= 1257
Step=  233, Dmax= 1.3e-02 nm, Epot= -2.76057e+05 Fmax= 1.45079e+04, atom= 1257
Step=  234, Dmax= 6.6e-03 nm, Epot= -2.76132e+05 Fmax= 4.45513e+03, atom= 1257
Step=  235, Dmax= 7.9e-03 nm, Epot= -2.76159e+05 Fmax= 7.84113e+03, atom= 1257
Step=  236, Dmax= 9.5e-03 nm, Epot= -2.76201e+05 Fmax= 6.67690e+03, atom= 1257
Step=  237, Dmax= 1.1e-02 nm, Epot= -2.76208e+05 Fmax= 1.09653e+04, atom= 1257
Step=  238, Dmax= 1.4e-02 nm, Epot= -2.76253e+05 Fmax= 9.96178e+03, atom= 1257
Step=  239, Dmax= 1.6e-02 nm, Epot= -2.76223e+05 Fmax= 1.53633e+04, atom= 1257
Step=  240, Dmax= 8.2e-03 nm, Epot= -2.76328e+05 Fmax= 2.70447e+03, atom= 1257
Step=  241, Dmax= 9.8e-03 nm, Epot= -2.76349e+05 Fmax= 1.21905e+04, atom= 1257
Step=  242, Dmax= 1.2e-02 nm, Epot= -2.76438e+05 Fmax= 6.04926e+03, atom= 1257
Step=  243, Dmax= 1.4e-02 nm, Epot= -2.76386e+05 Fmax= 1.55794e+04, atom= 1257
Step=  244, Dmax= 7.1e-03 nm, Epot= -2.76477e+05 Fmax= 4.76924e+03, atom= 1257
Step=  245, Dmax= 8.5e-03 nm, Epot= -2.76499e+05 Fmax= 8.44023e+03, atom= 1257
Step=  246, Dmax= 1.0e-02 nm, Epot= -2.76542e+05 Fmax= 7.17043e+03, atom= 1257
Step=  247, Dmax= 1.2e-02 nm, Epot= -2.76540e+05 Fmax= 1.17845e+04, atom= 1257
Step=  248, Dmax= 6.1e-03 nm, Epot= -2.76591e+05 Fmax= 2.30780e+03, atom= 1257
Step=  249, Dmax= 7.3e-03 nm, Epot= -2.76636e+05 Fmax= 8.77712e+03, atom= 1257
Step=  250, Dmax= 8.8e-03 nm, Epot= -2.76692e+05 Fmax= 4.86231e+03, atom= 1257
Step=  251, Dmax= 1.1e-02 nm, Epot= -2.76692e+05 Fmax= 1.12611e+04, atom= 1257
Step=  252, Dmax= 5.3e-03 nm, Epot= -2.76728e+05 Fmax= 3.20128e+03, atom= 1257
Step=  253, Dmax= 6.3e-03 nm, Epot= -2.76762e+05 Fmax= 6.71001e+03, atom= 1257
Step=  254, Dmax= 7.6e-03 nm, Epot= -2.76802e+05 Fmax= 4.93188e+03, atom= 1257
Step=  255, Dmax= 9.1e-03 nm, Epot= -2.76818e+05 Fmax= 9.26743e+03, atom= 1257
Step=  256, Dmax= 1.1e-02 nm, Epot= -2.76864e+05 Fmax= 7.52213e+03, atom= 1257
Step=  257, Dmax= 1.3e-02 nm, Epot= -2.76850e+05 Fmax= 1.28482e+04, atom= 1257
Step=  258, Dmax= 6.6e-03 nm, Epot= -2.76914e+05 Fmax= 2.66405e+03, atom= 1257
Step=  259, Dmax= 7.9e-03 nm, Epot= -2.76946e+05 Fmax= 9.28230e+03, atom= 1257
Step=  260, Dmax= 9.5e-03 nm, Epot= -2.77004e+05 Fmax= 5.37511e+03, atom= 1257
Step=  261, Dmax= 1.1e-02 nm, Epot= -2.76995e+05 Fmax= 1.19702e+04, atom= 1257
Step=  262, Dmax= 5.7e-03 nm, Epot= -2.77040e+05 Fmax= 3.30006e+03, atom= 1257
Step=  263, Dmax= 6.8e-03 nm, Epot= -2.77070e+05 Fmax= 7.35090e+03, atom= 1257
Step=  264, Dmax= 8.2e-03 nm, Epot= -2.77112e+05 Fmax= 5.17022e+03, atom= 1257
Step=  265, Dmax= 9.8e-03 nm, Epot= -2.77120e+05 Fmax= 1.00878e+04, atom= 1257
Step=  266, Dmax= 1.2e-02 nm, Epot= -2.77169e+05 Fmax= 7.96559e+03, atom= 1257
Step=  267, Dmax= 1.4e-02 nm, Epot= -2.77144e+05 Fmax= 1.39228e+04, atom= 1257
Step=  268, Dmax= 7.1e-03 nm, Epot= -2.77221e+05 Fmax= 2.97990e+03, atom= 1257
Step=  269, Dmax= 8.5e-03 nm, Epot= -2.77244e+05 Fmax= 9.88315e+03, atom= 1257
Step=  270, Dmax= 1.0e-02 nm, Epot= -2.77304e+05 Fmax= 5.86773e+03, atom= 1257
Step=  271, Dmax= 1.2e-02 nm, Epot= -2.77284e+05 Fmax= 1.27879e+04, atom= 1257
Step=  272, Dmax= 6.1e-03 nm, Epot= -2.77341e+05 Fmax= 3.46314e+03, atom= 1257
Step=  273, Dmax= 7.3e-03 nm, Epot= -2.77365e+05 Fmax= 7.97989e+03, atom= 1257
Step=  274, Dmax= 8.8e-03 nm, Epot= -2.77410e+05 Fmax= 5.48527e+03, atom= 1257
Step=  275, Dmax= 1.1e-02 nm, Epot= -2.77410e+05 Fmax= 1.09086e+04, atom= 1257
Step=  276, Dmax= 5.3e-03 nm, Epot= -2.77446e+05 Fmax= 2.71136e+03, atom= 1257
Step=  277, Dmax= 6.3e-03 nm, Epot= -2.77480e+05 Fmax= 6.87516e+03, atom= 1257
Step=  278, Dmax= 7.6e-03 nm, Epot= -2.77520e+05 Fmax= 4.91077e+03, atom= 1257
Step=  279, Dmax= 9.1e-03 nm, Epot= -2.77533e+05 Fmax= 8.99884e+03, atom= 1257
Step=  280, Dmax= 1.1e-02 nm, Epot= -2.77573e+05 Fmax= 7.93990e+03, atom= 1257
Step=  281, Dmax= 1.3e-02 nm, Epot= -2.77566e+05 Fmax= 1.21507e+04, atom= 1257
Step=  282, Dmax= 6.6e-03 nm, Epot= -2.77623e+05 Fmax= 2.11048e+03, atom= 1257
Step=  283, Dmax= 7.9e-03 nm, Epot= -2.77658e+05 Fmax= 1.03044e+04, atom= 1257
Step=  284, Dmax= 9.5e-03 nm, Epot= -2.77726e+05 Fmax= 4.19311e+03, atom= 1257
Step=  285, Dmax= 1.1e-02 nm, Epot= -2.77703e+05 Fmax= 1.34832e+04, atom= 1257
Step=  286, Dmax= 5.7e-03 nm, Epot= -2.77756e+05 Fmax= 4.64411e+03, atom= 1257
Step=  287, Dmax= 6.8e-03 nm, Epot= -2.77784e+05 Fmax= 5.73418e+03, atom= 1257
Step=  288, Dmax= 8.2e-03 nm, Epot= -2.77809e+05 Fmax= 6.95337e+03, atom= 1257
Step=  289, Dmax= 9.8e-03 nm, Epot= -2.77832e+05 Fmax= 8.03861e+03, atom= 1257
Step=  290, Dmax= 1.2e-02 nm, Epot= -2.77846e+05 Fmax= 1.01808e+04, atom= 1257
Step=  291, Dmax= 1.4e-02 nm, Epot= -2.77863e+05 Fmax= 1.14388e+04, atom= 1257
Step=  292, Dmax= 1.7e-02 nm, Epot= -2.77852e+05 Fmax= 1.47246e+04, atom= 1257
Step=  293, Dmax= 8.5e-03 nm, Epot= -2.77948e+05 Fmax= 1.64949e+03, atom= 1257
Step=  294, Dmax= 1.0e-02 nm, Epot= -2.77992e+05 Fmax= 1.35782e+04, atom= 1257
Step=  295, Dmax= 1.2e-02 nm, Epot= -2.78095e+05 Fmax= 5.28950e+03, atom= 1257
Step=  296, Dmax= 1.5e-02 nm, Epot= -2.78018e+05 Fmax= 1.70365e+04, atom= 1257
Step=  297, Dmax= 7.3e-03 nm, Epot= -2.78122e+05 Fmax= 5.88030e+03, atom= 1257
Step=  298, Dmax= 8.8e-03 nm, Epot= -2.78143e+05 Fmax= 7.75885e+03, atom= 1257
Step=  299, Dmax= 1.1e-02 nm, Epot= -2.78167e+05 Fmax= 8.36628e+03, atom= 1257
Step=  300, Dmax= 1.3e-02 nm, Epot= -2.78172e+05 Fmax= 1.12156e+04, atom= 1257
Step=  301, Dmax= 1.5e-02 nm, Epot= -2.78191e+05 Fmax= 1.20287e+04, atom= 1257
Step=  302, Dmax= 1.8e-02 nm, Epot= -2.78166e+05 Fmax= 1.60854e+04, atom= 1257
Step=  303, Dmax= 9.1e-03 nm, Epot= -2.78282e+05 Fmax= 2.03668e+03, atom= 1257
Step=  304, Dmax= 1.1e-02 nm, Epot= -2.78293e+05 Fmax= 1.44120e+04, atom= 1257
Step=  305, Dmax= 1.3e-02 nm, Epot= -2.78404e+05 Fmax= 5.86151e+03, atom= 1257
Step=  306, Dmax= 1.6e-02 nm, Epot= -2.78306e+05 Fmax= 1.81531e+04, atom= 1257
Step=  307, Dmax= 7.9e-03 nm, Epot= -2.78431e+05 Fmax= 6.15290e+03, atom= 1257
Step=  308, Dmax= 9.4e-03 nm, Epot= -2.78447e+05 Fmax= 8.50289e+03, atom= 1257
Step=  309, Dmax= 1.1e-02 nm, Epot= -2.78471e+05 Fmax= 8.83651e+03, atom= 1257
Step=  310, Dmax= 1.4e-02 nm, Epot= -2.78468e+05 Fmax= 1.22049e+04, atom= 1257
Step=  311, Dmax= 6.8e-03 nm, Epot= -2.78528e+05 Fmax= 1.68676e+03, atom= 1257
Step=  312, Dmax= 8.2e-03 nm, Epot= -2.78574e+05 Fmax= 1.05227e+04, atom= 1257
Step=  313, Dmax= 9.8e-03 nm, Epot= -2.78641e+05 Fmax= 4.63043e+03, atom= 1257
Step=  314, Dmax= 1.2e-02 nm, Epot= -2.78613e+05 Fmax= 1.32657e+04, atom= 1257
Step=  315, Dmax= 5.9e-03 nm, Epot= -2.78669e+05 Fmax= 4.32033e+03, atom= 1257
Step=  316, Dmax= 7.0e-03 nm, Epot= -2.78691e+05 Fmax= 6.66146e+03, atom= 1257
Step=  317, Dmax= 8.5e-03 nm, Epot= -2.78719e+05 Fmax= 6.26764e+03, atom= 1257
Step=  318, Dmax= 1.0e-02 nm, Epot= -2.78728e+05 Fmax= 9.48650e+03, atom= 1257
Step=  319, Dmax= 1.2e-02 nm, Epot= -2.78757e+05 Fmax= 9.16287e+03, atom= 1257
Step=  320, Dmax= 1.5e-02 nm, Epot= -2.78740e+05 Fmax= 1.34504e+04, atom= 1257
Step=  321, Dmax= 7.3e-03 nm, Epot= -2.78815e+05 Fmax= 2.14638e+03, atom= 1257
Step=  322, Dmax= 8.8e-03 nm, Epot= -2.78838e+05 Fmax= 1.10575e+04, atom= 1257
Step=  323, Dmax= 1.1e-02 nm, Epot= -2.78908e+05 Fmax= 5.22598e+03, atom= 1257
Step=  324, Dmax= 1.3e-02 nm, Epot= -2.78868e+05 Fmax= 1.40310e+04, atom= 1257
Step=  325, Dmax= 6.3e-03 nm, Epot= -2.78936e+05 Fmax= 4.40558e+03, atom= 1257
Step=  326, Dmax= 7.6e-03 nm, Epot= -2.78954e+05 Fmax= 7.39750e+03, atom= 1257
Step=  327, Dmax= 9.1e-03 nm, Epot= -2.78984e+05 Fmax= 6.50905e+03, atom= 1257
Step=  328, Dmax= 1.1e-02 nm, Epot= -2.78985e+05 Fmax= 1.04215e+04, atom= 1257
Step=  329, Dmax= 1.3e-02 nm, Epot= -2.79018e+05 Fmax= 9.63141e+03, atom= 1257
Step=  330, Dmax= 1.6e-02 nm, Epot= -2.78989e+05 Fmax= 1.46677e+04, atom= 1257
Step=  331, Dmax= 7.9e-03 nm, Epot= -2.79080e+05 Fmax= 2.52151e+03, atom= 1257
Step=  332, Dmax= 9.4e-03 nm, Epot= -2.79087e+05 Fmax= 1.17160e+04, atom= 1257
Step=  333, Dmax= 1.1e-02 nm, Epot= -2.79161e+05 Fmax= 5.78220e+03, atom= 1257
Step=  334, Dmax= 1.4e-02 nm, Epot= -2.79109e+05 Fmax= 1.49322e+04, atom= 1257
Step=  335, Dmax= 6.8e-03 nm, Epot= -2.79190e+05 Fmax= 4.57860e+03, atom= 1257
Step=  336, Dmax= 8.1e-03 nm, Epot= -2.79203e+05 Fmax= 8.10488e+03, atom= 1257
Step=  337, Dmax= 9.8e-03 nm, Epot= -2.79236e+05 Fmax= 6.85061e+03, atom= 1257
Step=  338, Dmax= 1.2e-02 nm, Epot= -2.79229e+05 Fmax= 1.13419e+04, atom= 1257
Step=  339, Dmax= 5.9e-03 nm, Epot= -2.79275e+05 Fmax= 2.24633e+03, atom= 1257
Step=  340, Dmax= 7.0e-03 nm, Epot= -2.79304e+05 Fmax= 8.35206e+03, atom= 1257
Step=  341, Dmax= 8.4e-03 nm, Epot= -2.79348e+05 Fmax= 4.73588e+03, atom= 1257
Step=  342, Dmax= 1.0e-02 nm, Epot= -2.79342e+05 Fmax= 1.07031e+04, atom= 1257
Step=  343, Dmax= 5.1e-03 nm, Epot= -2.79376e+05 Fmax= 2.98526e+03, atom= 1257
Step=  344, Dmax= 6.1e-03 nm, Epot= -2.79399e+05 Fmax= 6.54272e+03, atom= 1257
Step=  345, Dmax= 7.3e-03 nm, Epot= -2.79431e+05 Fmax= 4.60869e+03, atom= 1257
Step=  346, Dmax= 8.8e-03 nm, Epot= -2.79438e+05 Fmax= 9.02898e+03, atom= 1257
Step=  347, Dmax= 1.1e-02 nm, Epot= -2.79476e+05 Fmax= 7.05800e+03, atom= 1257
Step=  348, Dmax= 1.3e-02 nm, Epot= -2.79457e+05 Fmax= 1.24958e+04, atom= 1257
Step=  349, Dmax= 6.3e-03 nm, Epot= -2.79516e+05 Fmax= 2.71946e+03, atom= 1257
Step=  350, Dmax= 7.6e-03 nm, Epot= -2.79534e+05 Fmax= 8.71593e+03, atom= 1257
Step=  351, Dmax= 9.1e-03 nm, Epot= -2.79579e+05 Fmax= 5.34965e+03, atom= 1257
Step=  352, Dmax= 1.1e-02 nm, Epot= -2.79567e+05 Fmax= 1.12642e+04, atom= 1257
Step=  353, Dmax= 5.4e-03 nm, Epot= -2.79608e+05 Fmax= 2.95942e+03, atom= 1257
Step=  354, Dmax= 6.5e-03 nm, Epot= -2.79628e+05 Fmax= 7.28656e+03, atom= 1257
Step=  355, Dmax= 7.8e-03 nm, Epot= -2.79664e+05 Fmax= 4.70943e+03, atom= 1257
Step=  356, Dmax= 9.4e-03 nm, Epot= -2.79664e+05 Fmax= 9.94901e+03, atom= 1257
Step=  357, Dmax= 4.7e-03 nm, Epot= -2.79692e+05 Fmax= 2.61935e+03, atom= 1257
Step=  358, Dmax= 5.6e-03 nm, Epot= -2.79718e+05 Fmax= 5.90948e+03, atom= 1257
Step=  359, Dmax= 6.8e-03 nm, Epot= -2.79747e+05 Fmax= 4.62280e+03, atom= 1257
Step=  360, Dmax= 8.1e-03 nm, Epot= -2.79760e+05 Fmax= 7.76330e+03, atom= 1257
Step=  361, Dmax= 9.8e-03 nm, Epot= -2.79787e+05 Fmax= 7.36774e+03, atom= 1257
Step=  362, Dmax= 1.2e-02 nm, Epot= -2.79787e+05 Fmax= 1.05343e+04, atom= 1257
Step=  363, Dmax= 5.9e-03 nm, Epot= -2.79828e+05 Fmax= 1.58675e+03, atom= 1257
Step=  364, Dmax= 7.0e-03 nm, Epot= -2.79866e+05 Fmax= 9.60273e+03, atom= 1257
Step=  365, Dmax= 8.4e-03 nm, Epot= -2.79923e+05 Fmax= 3.31843e+03, atom= 1257
Step=  366, Dmax= 1.0e-02 nm, Epot= -2.79907e+05 Fmax= 1.25197e+04, atom= 1257
Step=  367, Dmax= 5.1e-03 nm, Epot= -2.79947e+05 Fmax= 4.60020e+03, atom= 1257
Step=  368, Dmax= 6.1e-03 nm, Epot= -2.79971e+05 Fmax= 4.64569e+03, atom= 1257
Step=  369, Dmax= 7.3e-03 nm, Epot= -2.79989e+05 Fmax= 6.70549e+03, atom= 1257
Step=  370, Dmax= 8.7e-03 nm, Epot= -2.80012e+05 Fmax= 6.65410e+03, atom= 1257
Step=  371, Dmax= 1.0e-02 nm, Epot= -2.80017e+05 Fmax= 9.63099e+03, atom= 1257
Step=  372, Dmax= 1.3e-02 nm, Epot= -2.80040e+05 Fmax= 9.64151e+03, atom= 1257
Step=  373, Dmax= 1.5e-02 nm, Epot= -2.80021e+05 Fmax= 1.37335e+04, atom= 1257
Step=  374, Dmax= 7.6e-03 nm, Epot= -2.80100e+05 Fmax= 2.04921e+03, atom= 1257
Step=  375, Dmax= 9.1e-03 nm, Epot= -2.80115e+05 Fmax= 1.15654e+04, atom= 1257
Step=  376, Dmax= 1.1e-02 nm, Epot= -2.80187e+05 Fmax= 5.27012e+03, atom= 1257
Step=  377, Dmax= 1.3e-02 nm, Epot= -2.80136e+05 Fmax= 1.46249e+04, atom= 1257
Step=  378, Dmax= 6.5e-03 nm, Epot= -2.80212e+05 Fmax= 4.68069e+03, atom= 1257
Step=  379, Dmax= 7.8e-03 nm, Epot= -2.80225e+05 Fmax= 7.52112e+03, atom= 1257
Step=  380, Dmax= 9.4e-03 nm, Epot= -2.80251e+05 Fmax= 6.84893e+03, atom= 1257
Step=  381, Dmax= 1.1e-02 nm, Epot= -2.80248e+05 Fmax= 1.06536e+04, atom= 1257
Step=  382, Dmax= 5.6e-03 nm, Epot= -2.80289e+05 Fmax= 1.90304e+03, atom= 1257
Step=  383, Dmax= 6.8e-03 nm, Epot= -2.80320e+05 Fmax= 8.23215e+03, atom= 1257
Step=  384, Dmax= 8.1e-03 nm, Epot= -2.80362e+05 Fmax= 4.36014e+03, atom= 1257
Step=  385, Dmax= 9.7e-03 nm, Epot= -2.80356e+05 Fmax= 1.04635e+04, atom= 1257
Step=  386, Dmax= 4.9e-03 nm, Epot= -2.80387e+05 Fmax= 3.05323e+03, atom= 1257
Step=  387, Dmax= 5.8e-03 nm, Epot= -2.80407e+05 Fmax= 6.11425e+03, atom= 1257
Step=  388, Dmax= 7.0e-03 nm, Epot= -2.80435e+05 Fmax= 4.59841e+03, atom= 1257
Step=  389, Dmax= 8.4e-03 nm, Epot= -2.80442e+05 Fmax= 8.52463e+03, atom= 1257
Step=  390, Dmax= 1.0e-02 nm, Epot= -2.80475e+05 Fmax= 6.93508e+03, atom= 1257
Step=  391, Dmax= 1.2e-02 nm, Epot= -2.80460e+05 Fmax= 1.18793e+04, atom= 1257
Step=  392, Dmax= 6.1e-03 nm, Epot= -2.80512e+05 Fmax= 2.47285e+03, atom= 1257
Step=  393, Dmax= 7.3e-03 nm, Epot= -2.80530e+05 Fmax= 8.49014e+03, atom= 1257
Step=  394, Dmax= 8.7e-03 nm, Epot= -2.80572e+05 Fmax= 5.04288e+03, atom= 1257
Step=  395, Dmax= 1.0e-02 nm, Epot= -2.80560e+05 Fmax= 1.09153e+04, atom= 1257
Step=  396, Dmax= 5.2e-03 nm, Epot= -2.80598e+05 Fmax= 2.93805e+03, atom= 1257
Step=  397, Dmax= 6.3e-03 nm, Epot= -2.80616e+05 Fmax= 6.92555e+03, atom= 1257
Step=  398, Dmax= 7.5e-03 nm, Epot= -2.80648e+05 Fmax= 4.60070e+03, atom= 1257
Step=  399, Dmax= 9.0e-03 nm, Epot= -2.80648e+05 Fmax= 9.50777e+03, atom= 1257
Step=  400, Dmax= 4.5e-03 nm, Epot= -2.80673e+05 Fmax= 2.45335e+03, atom= 1257
Step=  401, Dmax= 5.4e-03 nm, Epot= -2.80698e+05 Fmax= 5.72676e+03, atom= 1257
Step=  402, Dmax= 6.5e-03 nm, Epot= -2.80725e+05 Fmax= 4.40945e+03, atom= 1257
Step=  403, Dmax= 7.8e-03 nm, Epot= -2.80736e+05 Fmax= 7.48674e+03, atom= 1257
Step=  404, Dmax= 9.4e-03 nm, Epot= -2.80762e+05 Fmax= 7.07331e+03, atom= 1257
Step=  405, Dmax= 1.1e-02 nm, Epot= -2.80761e+05 Fmax= 1.01303e+04, atom= 1257
Step=  406, Dmax= 5.6e-03 nm, Epot= -2.80799e+05 Fmax= 1.53148e+03, atom= 1257
Step=  407, Dmax= 6.8e-03 nm, Epot= -2.80833e+05 Fmax= 9.26110e+03, atom= 1257
Step=  408, Dmax= 8.1e-03 nm, Epot= -2.80885e+05 Fmax= 3.15717e+03, atom= 1257
Step=  409, Dmax= 9.7e-03 nm, Epot= -2.80870e+05 Fmax= 1.20992e+04, atom= 1257
Step=  410, Dmax= 4.9e-03 nm, Epot= -2.80907e+05 Fmax= 4.47057e+03, atom= 1257
Step=  411, Dmax= 5.8e-03 nm, Epot= -2.80929e+05 Fmax= 4.41128e+03, atom= 1257
Step=  412, Dmax= 7.0e-03 nm, Epot= -2.80944e+05 Fmax= 6.51802e+03, atom= 1257
Step=  413, Dmax= 8.4e-03 nm, Epot= -2.80967e+05 Fmax= 6.31997e+03, atom= 1257
Step=  414, Dmax= 1.0e-02 nm, Epot= -2.80970e+05 Fmax= 9.35417e+03, atom= 1257
Step=  415, Dmax= 1.2e-02 nm, Epot= -2.80993e+05 Fmax= 9.17065e+03, atom= 1257
Step=  416, Dmax= 1.5e-02 nm, Epot= -2.80973e+05 Fmax= 1.33224e+04, atom= 1257
Step=  417, Dmax= 7.3e-03 nm, Epot= -2.81047e+05 Fmax= 2.07866e+03, atom= 1257
Step=  418, Dmax= 8.7e-03 nm, Epot= -2.81058e+05 Fmax= 1.09974e+04, atom= 1257
Step=  419, Dmax= 1.0e-02 nm, Epot= -2.81122e+05 Fmax= 5.19872e+03, atom= 1257
Step=  420, Dmax= 1.3e-02 nm, Epot= -2.81076e+05 Fmax= 1.39196e+04, atom= 1257
Step=  421, Dmax= 6.3e-03 nm, Epot= -2.81145e+05 Fmax= 4.36322e+03, atom= 1257
Step=  422, Dmax= 7.5e-03 nm, Epot= -2.81156e+05 Fmax= 7.38759e+03, atom= 1257
Step=  423, Dmax= 9.0e-03 nm, Epot= -2.81183e+05 Fmax= 6.42367e+03, atom= 1257
Step=  424, Dmax= 1.1e-02 nm, Epot= -2.81177e+05 Fmax= 1.04237e+04, atom= 1257
Step=  425, Dmax= 5.4e-03 nm, Epot= -2.81216e+05 Fmax= 2.00063e+03, atom= 1257
Step=  426, Dmax= 6.5e-03 nm, Epot= -2.81241e+05 Fmax= 7.74331e+03, atom= 1257
Step=  427, Dmax= 7.8e-03 nm, Epot= -2.81278e+05 Fmax= 4.37417e+03, atom= 1257
Step=  428, Dmax= 9.4e-03 nm, Epot= -2.81273e+05 Fmax= 9.87132e+03, atom= 1257
Step=  429, Dmax= 4.7e-03 nm, Epot= -2.81301e+05 Fmax= 2.74978e+03, atom= 1257
Step=  430, Dmax= 5.6e-03 nm, Epot= -2.81320e+05 Fmax= 6.09168e+03, atom= 1257
Step=  431, Dmax= 6.7e-03 nm, Epot= -2.81347e+05 Fmax= 4.20411e+03, atom= 1257
Step=  432, Dmax= 8.1e-03 nm, Epot= -2.81353e+05 Fmax= 8.43727e+03, atom= 1257
Step=  433, Dmax= 9.7e-03 nm, Epot= -2.81385e+05 Fmax= 6.42300e+03, atom= 1257
Step=  434, Dmax= 1.2e-02 nm, Epot= -2.81368e+05 Fmax= 1.16888e+04, atom= 1257
Step=  435, Dmax= 5.8e-03 nm, Epot= -2.81418e+05 Fmax= 2.63340e+03, atom= 1257
Step=  436, Dmax= 7.0e-03 nm, Epot= -2.81432e+05 Fmax= 7.91018e+03, atom= 1257
Step=  437, Dmax= 8.4e-03 nm, Epot= -2.81468e+05 Fmax= 5.11322e+03, atom= 1257
Step=  438, Dmax= 1.0e-02 nm, Epot= -2.81460e+05 Fmax= 1.02259e+04, atom= 1257
Step=  439, Dmax= 5.0e-03 nm, Epot= -2.81494e+05 Fmax= 2.55788e+03, atom= 1257
Step=  440, Dmax= 6.0e-03 nm, Epot= -2.81511e+05 Fmax= 6.96293e+03, atom= 1257
Step=  441, Dmax= 7.2e-03 nm, Epot= -2.81543e+05 Fmax= 4.11673e+03, atom= 1257
Step=  442, Dmax= 8.7e-03 nm, Epot= -2.81541e+05 Fmax= 9.47815e+03, atom= 1257
Step=  443, Dmax= 4.3e-03 nm, Epot= -2.81565e+05 Fmax= 2.68052e+03, atom= 1257
Step=  444, Dmax= 5.2e-03 nm, Epot= -2.81586e+05 Fmax= 5.19181e+03, atom= 1257
Step=  445, Dmax= 6.3e-03 nm, Epot= -2.81608e+05 Fmax= 4.56945e+03, atom= 1257
Step=  446, Dmax= 7.5e-03 nm, Epot= -2.81621e+05 Fmax= 6.86774e+03, atom= 1257
Step=  447, Dmax= 9.0e-03 nm, Epot= -2.81640e+05 Fmax= 7.14763e+03, atom= 1257
Step=  448, Dmax= 1.1e-02 nm, Epot= -2.81645e+05 Fmax= 9.39055e+03, atom= 1257
Step=  449, Dmax= 1.3e-02 nm, Epot= -2.81654e+05 Fmax= 1.07347e+04, atom= 1257
Step=  450, Dmax= 1.6e-02 nm, Epot= -2.81647e+05 Fmax= 1.31225e+04, atom= 1257
Step=  451, Dmax= 7.8e-03 nm, Epot= -2.81722e+05 Fmax= 1.20391e+03, atom= 1257
Step=  452, Dmax= 9.4e-03 nm, Epot= -2.81749e+05 Fmax= 1.39319e+04, atom= 1257
Step=  453, Dmax= 1.1e-02 nm, Epot= -2.81852e+05 Fmax= 3.30969e+03, atom= 1257
Step=  454, Dmax= 1.3e-02 nm, Epot= -2.81763e+05 Fmax= 1.78017e+04, atom= 1257
Step=  455, Dmax= 6.7e-03 nm, Epot= -2.81863e+05 Fmax= 7.25353e+03, atom= 1257
Step=  456, Dmax= 8.1e-03 nm, Epot= -2.81893e+05 Fmax= 5.09922e+03, atom= 1257
Step=  457, Dmax= 9.7e-03 nm, Epot= -2.81886e+05 Fmax= 1.00131e+04, atom= 1257
Step=  458, Dmax= 4.8e-03 nm, Epot= -2.81918e+05 Fmax= 2.45701e+03, atom= 1257
Step=  459, Dmax= 5.8e-03 nm, Epot= -2.81937e+05 Fmax= 6.29891e+03, atom= 1257
Step=  460, Dmax= 7.0e-03 nm, Epot= -2.81964e+05 Fmax= 4.56015e+03, atom= 1257
Step=  461, Dmax= 8.4e-03 nm, Epot= -2.81969e+05 Fmax= 8.18536e+03, atom= 1257
Step=  462, Dmax= 1.0e-02 nm, Epot= -2.81995e+05 Fmax= 7.41411e+03, atom= 1257
Step=  463, Dmax= 1.2e-02 nm, Epot= -2.81985e+05 Fmax= 1.10199e+04, atom= 1257
Step=  464, Dmax= 6.0e-03 nm, Epot= -2.82032e+05 Fmax= 1.80623e+03, atom= 1257
Step=  465, Dmax= 7.2e-03 nm, Epot= -2.82049e+05 Fmax= 9.71727e+03, atom= 1257
Step=  466, Dmax= 8.7e-03 nm, Epot= -2.82102e+05 Fmax= 3.58941e+03, atom= 1257
Step=  467, Dmax= 1.0e-02 nm, Epot= -2.82073e+05 Fmax= 1.27391e+04, atom= 1257
Step=  468, Dmax= 5.2e-03 nm, Epot= -2.82121e+05 Fmax= 4.57455e+03, atom= 1257
Step=  469, Dmax= 6.3e-03 nm, Epot= -2.82139e+05 Fmax= 4.93946e+03, atom= 1257
Step=  470, Dmax= 7.5e-03 nm, Epot= -2.82152e+05 Fmax= 6.76417e+03, atom= 1257
Step=  471, Dmax= 9.0e-03 nm, Epot= -2.82170e+05 Fmax= 6.99108e+03, atom= 1257
Step=  472, Dmax= 1.1e-02 nm, Epot= -2.82171e+05 Fmax= 9.79797e+03, atom= 1257
Step=  473, Dmax= 1.3e-02 nm, Epot= -2.82187e+05 Fmax= 1.00510e+04, atom= 1257
Step=  474, Dmax= 1.6e-02 nm, Epot= -2.82163e+05 Fmax= 1.40429e+04, atom= 1257
Step=  475, Dmax= 7.8e-03 nm, Epot= -2.82248e+05 Fmax= 2.00063e+03, atom= 1257
Step=  476, Dmax= 9.3e-03 nm, Epot= -2.82248e+05 Fmax= 1.19791e+04, atom= 1257
Step=  477, Dmax= 4.7e-03 nm, Epot= -2.82272e+05 Fmax= 4.98368e+03, atom= 1257
Step=  478, Dmax= 5.6e-03 nm, Epot= -2.82295e+05 Fmax= 3.75216e+03, atom= 1257
Step=  479, Dmax= 6.7e-03 nm, Epot= -2.82308e+05 Fmax= 6.44610e+03, atom= 1257
Step=  480, Dmax= 8.1e-03 nm, Epot= -2.82329e+05 Fmax= 6.09975e+03, atom= 1257
Step=  481, Dmax= 9.7e-03 nm, Epot= -2.82333e+05 Fmax= 8.67094e+03, atom= 1257
Step=  482, Dmax= 1.2e-02 nm, Epot= -2.82348e+05 Fmax= 9.34527e+03, atom= 1257
Step=  483, Dmax= 1.4e-02 nm, Epot= -2.82340e+05 Fmax= 1.19811e+04, atom= 1257
Step=  484, Dmax= 7.0e-03 nm, Epot= -2.82401e+05 Fmax= 1.32408e+03, atom= 1257
Step=  485, Dmax= 8.4e-03 nm, Epot= -2.82423e+05 Fmax= 1.21631e+04, atom= 1257
Step=  486, Dmax= 1.0e-02 nm, Epot= -2.82502e+05 Fmax= 3.23968e+03, atom= 1257
Step=  487, Dmax= 1.2e-02 nm, Epot= -2.82441e+05 Fmax= 1.56630e+04, atom= 1257
Step=  488, Dmax= 6.0e-03 nm, Epot= -2.82516e+05 Fmax= 6.21437e+03, atom= 1257
Step=  489, Dmax= 7.2e-03 nm, Epot= -2.82540e+05 Fmax= 4.81750e+03, atom= 1257
Step=  490, Dmax= 8.7e-03 nm, Epot= -2.82541e+05 Fmax= 8.71190e+03, atom= 1257
Step=  491, Dmax= 1.0e-02 nm, Epot= -2.82569e+05 Fmax= 7.21196e+03, atom= 1257
Step=  492, Dmax= 1.2e-02 nm, Epot= -2.82548e+05 Fmax= 1.21811e+04, atom= 1257
Step=  493, Dmax= 6.2e-03 nm, Epot= -2.82606e+05 Fmax= 2.48572e+03, atom= 1257
Step=  494, Dmax= 7.5e-03 nm, Epot= -2.82613e+05 Fmax= 8.79102e+03, atom= 1257
Step=  495, Dmax= 9.0e-03 nm, Epot= -2.82654e+05 Fmax= 5.15857e+03, atom= 1257
Step=  496, Dmax= 1.1e-02 nm, Epot= -2.82633e+05 Fmax= 1.12752e+04, atom= 1257
Step=  497, Dmax= 5.4e-03 nm, Epot= -2.82678e+05 Fmax= 3.05981e+03, atom= 1257
Step=  498, Dmax= 6.5e-03 nm, Epot= -2.82688e+05 Fmax= 7.11149e+03, atom= 1257
Step=  499, Dmax= 7.8e-03 nm, Epot= -2.82717e+05 Fmax= 4.76062e+03, atom= 1257
Step=  500, Dmax= 9.3e-03 nm, Epot= -2.82710e+05 Fmax= 9.78427e+03, atom= 1257
Step=  501, Dmax= 4.7e-03 nm, Epot= -2.82740e+05 Fmax= 2.51196e+03, atom= 1257
Step=  502, Dmax= 5.6e-03 nm, Epot= -2.82757e+05 Fmax= 5.90684e+03, atom= 1257
Step=  503, Dmax= 6.7e-03 nm, Epot= -2.82781e+05 Fmax= 4.54212e+03, atom= 1257
Step=  504, Dmax= 8.1e-03 nm, Epot= -2.82787e+05 Fmax= 7.70945e+03, atom= 1257
Step=  505, Dmax= 9.7e-03 nm, Epot= -2.82809e+05 Fmax= 7.29782e+03, atom= 1257
Step=  506, Dmax= 1.2e-02 nm, Epot= -2.82803e+05 Fmax= 1.04237e+04, atom= 1257
Step=  507, Dmax= 5.8e-03 nm, Epot= -2.82845e+05 Fmax= 1.56578e+03, atom= 1257
Step=  508, Dmax= 7.0e-03 nm, Epot= -2.82865e+05 Fmax= 9.57334e+03, atom= 1257
Step=  509, Dmax= 8.3e-03 nm, Epot= -2.82917e+05 Fmax= 3.22056e+03, atom= 1257
Step=  510, Dmax= 1.0e-02 nm, Epot= -2.82889e+05 Fmax= 1.25104e+04, atom= 1257
Step=  511, Dmax= 5.0e-03 nm, Epot= -2.82934e+05 Fmax= 4.64489e+03, atom= 1257
Step=  512, Dmax= 6.0e-03 nm, Epot= -2.82952e+05 Fmax= 4.50480e+03, atom= 1257
Step=  513, Dmax= 7.2e-03 nm, Epot= -2.82963e+05 Fmax= 6.76184e+03, atom= 1257
Step=  514, Dmax= 8.7e-03 nm, Epot= -2.82982e+05 Fmax= 6.46436e+03, atom= 1257
Step=  515, Dmax= 1.0e-02 nm, Epot= -2.82980e+05 Fmax= 9.69019e+03, atom= 1257
Step=  516, Dmax= 5.2e-03 nm, Epot= -2.83013e+05 Fmax= 1.61345e+03, atom= 1257
Step=  517, Dmax= 6.2e-03 nm, Epot= -2.83040e+05 Fmax= 7.65082e+03, atom= 1257
Step=  518, Dmax= 7.5e-03 nm, Epot= -2.83075e+05 Fmax= 3.96979e+03, atom= 1257
Step=  519, Dmax= 9.0e-03 nm, Epot= -2.83068e+05 Fmax= 9.66209e+03, atom= 1257
Step=  520, Dmax= 4.5e-03 nm, Epot= -2.83094e+05 Fmax= 2.84699e+03, atom= 1257
Step=  521, Dmax= 5.4e-03 nm, Epot= -2.83110e+05 Fmax= 5.62713e+03, atom= 1257
Step=  522, Dmax= 6.5e-03 nm, Epot= -2.83132e+05 Fmax= 4.23186e+03, atom= 1257
Step=  523, Dmax= 7.8e-03 nm, Epot= -2.83136e+05 Fmax= 7.88853e+03, atom= 1257
Step=  524, Dmax= 9.3e-03 nm, Epot= -2.83163e+05 Fmax= 6.34726e+03, atom= 1257
Step=  525, Dmax= 1.1e-02 nm, Epot= -2.83148e+05 Fmax= 1.10191e+04, atom= 1257
Step=  526, Dmax= 5.6e-03 nm, Epot= -2.83193e+05 Fmax= 2.33681e+03, atom= 1257
Step=  527, Dmax= 6.7e-03 nm, Epot= -2.83205e+05 Fmax= 7.73654e+03, atom= 1257
Step=  528, Dmax= 8.0e-03 nm, Epot= -2.83239e+05 Fmax= 4.75123e+03, atom= 1257
Step=  529, Dmax= 9.6e-03 nm, Epot= -2.83228e+05 Fmax= 9.93774e+03, atom= 1257
Step=  530, Dmax= 4.8e-03 nm, Epot= -2.83260e+05 Fmax= 2.59436e+03, atom= 1257
Step=  531, Dmax= 5.8e-03 nm, Epot= -2.83274e+05 Fmax= 6.53126e+03, atom= 1257
Step=  532, Dmax= 6.9e-03 nm, Epot= -2.83301e+05 Fmax= 4.08253e+03, atom= 1257
Step=  533, Dmax= 8.3e-03 nm, Epot= -2.83298e+05 Fmax= 8.95095e+03, atom= 1257
Step=  534, Dmax= 4.2e-03 nm, Epot= -2.83321e+05 Fmax= 2.43415e+03, atom= 1257
Step=  535, Dmax= 5.0e-03 nm, Epot= -2.83339e+05 Fmax= 5.09406e+03, atom= 1257
Step=  536, Dmax= 6.0e-03 nm, Epot= -2.83359e+05 Fmax= 4.26445e+03, atom= 1257
Step=  537, Dmax= 7.2e-03 nm, Epot= -2.83368e+05 Fmax= 6.68876e+03, atom= 1257
Step=  538, Dmax= 8.6e-03 nm, Epot= -2.83387e+05 Fmax= 6.74803e+03, atom= 1257
Step=  539, Dmax= 1.0e-02 nm, Epot= -2.83388e+05 Fmax= 9.09840e+03, atom= 1257
Step=  540, Dmax= 1.2e-02 nm, Epot= -2.83397e+05 Fmax= 1.01958e+04, atom= 1257
Step=  541, Dmax= 1.5e-02 nm, Epot= -2.83388e+05 Fmax= 1.26701e+04, atom= 1257
Step=  542, Dmax= 7.5e-03 nm, Epot= -2.83458e+05 Fmax= 1.24537e+03, atom= 1257
Step=  543, Dmax= 9.0e-03 nm, Epot= -2.83470e+05 Fmax= 1.32269e+04, atom= 1257
Step=  544, Dmax= 1.1e-02 nm, Epot= -2.83562e+05 Fmax= 3.29298e+03, atom= 1257
Step=  545, Dmax= 1.3e-02 nm, Epot= -2.83478e+05 Fmax= 1.69358e+04, atom= 1257
Step=  546, Dmax= 6.5e-03 nm, Epot= -2.83571e+05 Fmax= 6.82697e+03, atom= 1257
Step=  547, Dmax= 7.7e-03 nm, Epot= -2.83596e+05 Fmax= 5.01005e+03, atom= 1257
Step=  548, Dmax= 9.3e-03 nm, Epot= -2.83590e+05 Fmax= 9.47166e+03, atom= 1257
Step=  549, Dmax= 4.6e-03 nm, Epot= -2.83619e+05 Fmax= 2.23112e+03, atom= 1257
Step=  550, Dmax= 5.6e-03 nm, Epot= -2.83636e+05 Fmax= 6.14875e+03, atom= 1257
Step=  551, Dmax= 6.7e-03 nm, Epot= -2.83661e+05 Fmax= 4.25799e+03, atom= 1257
Step=  552, Dmax= 8.0e-03 nm, Epot= -2.83663e+05 Fmax= 7.95465e+03, atom= 1257
Step=  553, Dmax= 9.6e-03 nm, Epot= -2.83687e+05 Fmax= 6.99524e+03, atom= 1257
Step=  554, Dmax= 1.2e-02 nm, Epot= -2.83676e+05 Fmax= 1.06736e+04, atom= 1257
Step=  555, Dmax= 5.8e-03 nm, Epot= -2.83720e+05 Fmax= 1.84182e+03, atom= 1257
Step=  556, Dmax= 6.9e-03 nm, Epot= -2.83731e+05 Fmax= 9.17731e+03, atom= 1257
Step=  557, Dmax= 8.3e-03 nm, Epot= -2.83778e+05 Fmax= 3.57635e+03, atom= 1257
Step=  558, Dmax= 1.0e-02 nm, Epot= -2.83750e+05 Fmax= 1.20578e+04, atom= 1257
Step=  559, Dmax= 5.0e-03 nm, Epot= -2.83794e+05 Fmax= 4.24082e+03, atom= 1257
Step=  560, Dmax= 6.0e-03 nm, Epot= -2.83810e+05 Fmax= 4.87705e+03, atom= 1257
Step=  561, Dmax= 7.2e-03 nm, Epot= -2.83822e+05 Fmax= 6.33275e+03, atom= 1257
Step=  562, Dmax= 8.6e-03 nm, Epot= -2.83835e+05 Fmax= 6.85215e+03, atom= 1257
Step=  563, Dmax= 1.0e-02 nm, Epot= -2.83837e+05 Fmax= 9.23181e+03, atom= 1257
Step=  564, Dmax= 1.2e-02 nm, Epot= -2.83849e+05 Fmax= 9.79634e+03, atom= 1257
Step=  565, Dmax= 1.5e-02 nm, Epot= -2.83829e+05 Fmax= 1.32903e+04, atom= 1257
Step=  566, Dmax= 7.5e-03 nm, Epot= -2.83905e+05 Fmax= 1.75186e+03, atom= 1257
Step=  567, Dmax= 8.9e-03 nm, Epot= -2.83906e+05 Fmax= 1.16268e+04, atom= 1257
Step=  568, Dmax= 1.1e-02 nm, Epot= -2.83974e+05 Fmax= 5.00437e+03, atom= 1257
Step=  569, Dmax= 1.3e-02 nm, Epot= -2.83912e+05 Fmax= 1.46358e+04, atom= 1257
Step=  570, Dmax= 6.4e-03 nm, Epot= -2.83991e+05 Fmax= 4.81866e+03, atom= 1257
Step=  571, Dmax= 7.7e-03 nm, Epot= -2.83998e+05 Fmax= 7.22893e+03, atom= 1257
Step=  572, Dmax= 9.3e-03 nm, Epot= -2.84016e+05 Fmax= 6.96057e+03, atom= 1257
Step=  573, Dmax= 1.1e-02 nm, Epot= -2.84009e+05 Fmax= 1.03216e+04, atom= 1257
Step=  574, Dmax= 5.6e-03 nm, Epot= -2.84050e+05 Fmax= 1.68216e+03, atom= 1257
Step=  575, Dmax= 6.7e-03 nm, Epot= -2.84068e+05 Fmax= 8.29355e+03, atom= 1257
Step=  576, Dmax= 8.0e-03 nm, Epot= -2.84107e+05 Fmax= 4.14106e+03, atom= 1257
Step=  577, Dmax= 9.6e-03 nm, Epot= -2.84090e+05 Fmax= 1.04958e+04, atom= 1257
Step=  578, Dmax= 4.8e-03 nm, Epot= -2.84125e+05 Fmax= 3.17838e+03, atom= 1257
Step=  579, Dmax= 5.8e-03 nm, Epot= -2.84137e+05 Fmax= 5.86428e+03, atom= 1257
Step=  580, Dmax= 6.9e-03 nm, Epot= -2.84157e+05 Fmax= 4.71508e+03, atom= 1257
Step=  581, Dmax= 8.3e-03 nm, Epot= -2.84158e+05 Fmax= 8.23434e+03, atom= 1257
Step=  582, Dmax= 1.0e-02 nm, Epot= -2.84182e+05 Fmax= 7.03495e+03, atom= 1257
Step=  583, Dmax= 1.2e-02 nm, Epot= -2.84163e+05 Fmax= 1.15347e+04, atom= 1257
Step=  584, Dmax= 6.0e-03 nm, Epot= -2.84216e+05 Fmax= 2.25164e+03, atom= 1257
Step=  585, Dmax= 7.2e-03 nm, Epot= -2.84222e+05 Fmax= 8.56597e+03, atom= 1257
Step=  586, Dmax= 8.6e-03 nm, Epot= -2.84260e+05 Fmax= 4.79316e+03, atom= 1257
Step=  587, Dmax= 1.0e-02 nm, Epot= -2.84239e+05 Fmax= 1.09710e+04, atom= 1257
Step=  588, Dmax= 5.2e-03 nm, Epot= -2.84281e+05 Fmax= 3.09022e+03, atom= 1257
Step=  589, Dmax= 6.2e-03 nm, Epot= -2.84290e+05 Fmax= 6.62918e+03, atom= 1257
Step=  590, Dmax= 7.4e-03 nm, Epot= -2.84314e+05 Fmax= 4.75683e+03, atom= 1257
Step=  591, Dmax= 8.9e-03 nm, Epot= -2.84308e+05 Fmax= 9.15598e+03, atom= 1257
Step=  592, Dmax= 4.5e-03 nm, Epot= -2.84335e+05 Fmax= 2.19992e+03, atom= 1257
Step=  593, Dmax= 5.4e-03 nm, Epot= -2.84351e+05 Fmax= 5.87475e+03, atom= 1257
Step=  594, Dmax= 6.4e-03 nm, Epot= -2.84374e+05 Fmax= 4.12359e+03, atom= 1257
Step=  595, Dmax= 7.7e-03 nm, Epot= -2.84376e+05 Fmax= 7.62985e+03, atom= 1257
Step=  596, Dmax= 9.3e-03 nm, Epot= -2.84399e+05 Fmax= 6.73518e+03, atom= 1257
Step=  597, Dmax= 1.1e-02 nm, Epot= -2.84389e+05 Fmax= 1.02629e+04, atom= 1257
Step=  598, Dmax= 5.6e-03 nm, Epot= -2.84430e+05 Fmax= 1.76611e+03, atom= 1257
Step=  599, Dmax= 6.7e-03 nm, Epot= -2.84442e+05 Fmax= 8.80267e+03, atom= 1257
Step=  600, Dmax= 8.0e-03 nm, Epot= -2.84485e+05 Fmax= 3.46455e+03, atom= 1257
Step=  601, Dmax= 9.6e-03 nm, Epot= -2.84460e+05 Fmax= 1.15436e+04, atom= 1257
Step=  602, Dmax= 4.8e-03 nm, Epot= -2.84500e+05 Fmax= 4.03970e+03, atom= 1257
Step=  603, Dmax= 5.8e-03 nm, Epot= -2.84515e+05 Fmax= 4.73511e+03, atom= 1257
Step=  604, Dmax= 6.9e-03 nm, Epot= -2.84526e+05 Fmax= 6.02946e+03, atom= 1257
Step=  605, Dmax= 8.3e-03 nm, Epot= -2.84539e+05 Fmax= 6.65551e+03, atom= 1257
Step=  606, Dmax= 1.0e-02 nm, Epot= -2.84542e+05 Fmax= 8.79459e+03, atom= 1257
Step=  607, Dmax= 1.2e-02 nm, Epot= -2.84552e+05 Fmax= 9.50881e+03, atom= 1257
Step=  608, Dmax= 1.4e-02 nm, Epot= -2.84537e+05 Fmax= 1.26741e+04, atom= 1257
Step=  609, Dmax= 7.2e-03 nm, Epot= -2.84606e+05 Fmax= 1.58752e+03, atom= 1257
Step=  610, Dmax= 8.6e-03 nm, Epot= -2.84610e+05 Fmax= 1.12911e+04, atom= 1257
Step=  611, Dmax= 1.0e-02 nm, Epot= -2.84675e+05 Fmax= 4.68983e+03, atom= 1257
Step=  612, Dmax= 1.2e-02 nm, Epot= -2.84617e+05 Fmax= 1.42093e+04, atom= 1257
Step=  613, Dmax= 6.2e-03 nm, Epot= -2.84690e+05 Fmax= 4.76229e+03, atom= 1257
Step=  614, Dmax= 7.4e-03 nm, Epot= -2.84698e+05 Fmax= 6.80294e+03, atom= 1257
Step=  615, Dmax= 8.9e-03 nm, Epot= -2.84714e+05 Fmax= 6.84766e+03, atom= 1257
Step=  616, Dmax= 1.1e-02 nm, Epot= -2.84710e+05 Fmax= 9.75035e+03, atom= 1257
Step=  617, Dmax= 5.4e-03 nm, Epot= -2.84746e+05 Fmax= 1.45310e+03, atom= 1257
Step=  618, Dmax= 6.4e-03 nm, Epot= -2.84768e+05 Fmax= 8.14060e+03, atom= 1257
Step=  619, Dmax= 7.7e-03 nm, Epot= -2.84806e+05 Fmax= 3.80382e+03, atom= 1257
Step=  620, Dmax= 9.2e-03 nm, Epot= -2.84789e+05 Fmax= 1.02814e+04, atom= 1257
Step=  621, Dmax= 4.6e-03 nm, Epot= -2.84822e+05 Fmax= 3.23965e+03, atom= 1257
Step=  622, Dmax= 5.5e-03 nm, Epot= -2.84834e+05 Fmax= 5.42952e+03, atom= 1257
Step=  623, Dmax= 6.7e-03 nm, Epot= -2.84852e+05 Fmax= 4.74889e+03, atom= 1257
Step=  624, Dmax= 8.0e-03 nm, Epot= -2.84855e+05 Fmax= 7.67765e+03, atom= 1257
Step=  625, Dmax= 9.6e-03 nm, Epot= -2.84875e+05 Fmax= 7.01042e+03, atom= 1257
Step=  626, Dmax= 1.2e-02 nm, Epot= -2.84861e+05 Fmax= 1.08212e+04, atom= 1257
Step=  627, Dmax= 5.8e-03 nm, Epot= -2.84907e+05 Fmax= 1.90742e+03, atom= 1257
Step=  628, Dmax= 6.9e-03 nm, Epot= -2.84917e+05 Fmax= 8.49414e+03, atom= 1257
Step=  629, Dmax= 8.3e-03 nm, Epot= -2.84956e+05 Fmax= 4.33724e+03, atom= 1257
Step=  630, Dmax= 9.9e-03 nm, Epot= -2.84934e+05 Fmax= 1.08304e+04, atom= 1257
Step=  631, Dmax= 5.0e-03 nm, Epot= -2.84974e+05 Fmax= 3.24756e+03, atom= 1257
Step=  632, Dmax= 6.0e-03 nm, Epot= -2.84983e+05 Fmax= 6.06476e+03, atom= 1257
Step=  633, Dmax= 7.2e-03 nm, Epot= -2.85003e+05 Fmax= 4.88826e+03, atom= 1257
Step=  634, Dmax= 8.6e-03 nm, Epot= -2.85001e+05 Fmax= 8.45958e+03, atom= 1257
Step=  635, Dmax= 4.3e-03 nm, Epot= -2.85024e+05 Fmax= 1.78629e+03, atom= 1257
Step=  636, Dmax= 5.2e-03 nm, Epot= -2.85043e+05 Fmax= 5.97180e+03, atom= 1257
Step=  637, Dmax= 6.2e-03 nm, Epot= -2.85067e+05 Fmax= 3.62526e+03, atom= 1257
Step=  638, Dmax= 7.4e-03 nm, Epot= -2.85068e+05 Fmax= 7.68187e+03, atom= 1257
Step=  639, Dmax= 8.9e-03 nm, Epot= -2.85093e+05 Fmax= 6.11196e+03, atom= 1257
Step=  640, Dmax= 1.1e-02 nm, Epot= -2.85080e+05 Fmax= 1.02401e+04, atom= 1257
Step=  641, Dmax= 5.3e-03 nm, Epot= -2.85120e+05 Fmax= 2.06597e+03, atom= 1257
Step=  642, Dmax= 6.4e-03 nm, Epot= -2.85128e+05 Fmax= 8.01099e+03, atom= 1257
Step=  643, Dmax= 7.7e-03 nm, Epot= -2.85163e+05 Fmax= 3.78649e+03, atom= 1257
Step=  644, Dmax= 9.2e-03 nm, Epot= -2.85144e+05 Fmax= 1.05907e+04, atom= 1257
Step=  645, Dmax= 4.6e-03 nm, Epot= -2.85179e+05 Fmax= 3.40244e+03, atom= 1257
Step=  646, Dmax= 5.5e-03 nm, Epot= -2.85192e+05 Fmax= 5.03489e+03, atom= 1257
Step=  647, Dmax= 6.6e-03 nm, Epot= -2.85206e+05 Fmax= 5.28931e+03, atom= 1257
Step=  648, Dmax= 8.0e-03 nm, Epot= -2.85214e+05 Fmax= 6.91092e+03, atom= 1257
Step=  649, Dmax= 9.6e-03 nm, Epot= -2.85224e+05 Fmax= 7.91912e+03, atom= 1257
Step=  650, Dmax= 1.1e-02 nm, Epot= -2.85224e+05 Fmax= 9.68539e+03, atom= 1257
Step=  651, Dmax= 1.4e-02 nm, Epot= -2.85221e+05 Fmax= 1.16195e+04, atom= 1257
Step=  652, Dmax= 6.9e-03 nm, Epot= -2.85279e+05 Fmax= 9.73021e+02, atom= 1257

writing lowest energy coordinates.

Steepest Descents converged to Fmax < 1000 in 653 steps
Potential Energy  = -2.8527944e+05
Maximum force     =  9.7302051e+02 on atom 1257
Norm of force     =  2.4750527e+01

GROMACS reminds you: "Expertise is not inherently good." (Joe Jordan)

