-I: Adding /usr/local/Caskroom/miniforge/base/envs/ambertools_env/dat/leap/prep to search path.
-I: Adding /usr/local/Caskroom/miniforge/base/envs/ambertools_env/dat/leap/lib to search path.
-I: Adding /usr/local/Caskroom/miniforge/base/envs/ambertools_env/dat/leap/parm to search path.
-I: Adding /usr/local/Caskroom/miniforge/base/envs/ambertools_env/dat/leap/cmd to search path.
-f: Source tleap.in.

Welcome to LEaP!
(no leaprc in search path)
Sourcing: ./tleap.in
----- Source: /usr/local/Caskroom/miniforge/base/envs/ambertools_env/dat/leap/cmd/leaprc.protein.ff19SB
----- Source of /usr/local/Caskroom/miniforge/base/envs/ambertools_env/dat/leap/cmd/leaprc.protein.ff19SB done
Log file: ./leap.log
Loading parameters: /usr/local/Caskroom/miniforge/base/envs/ambertools_env/dat/leap/parm/parm19.dat
Reading title:
PARM99 + frcmod.ff99SB + frcmod.parmbsc0 + OL3 for RNA + ff19SB
Loading parameters: /usr/local/Caskroom/miniforge/base/envs/ambertools_env/dat/leap/parm/frcmod.ff19SB
Reading force field modification type file (frcmod)
Reading title:
ff19SB AA-specific backbone CMAPs for protein 07/25/2019
Loading library: /usr/local/Caskroom/miniforge/base/envs/ambertools_env/dat/leap/lib/amino19.lib
Loading library: /usr/local/Caskroom/miniforge/base/envs/ambertools_env/dat/leap/lib/aminoct12.lib
Loading library: /usr/local/Caskroom/miniforge/base/envs/ambertools_env/dat/leap/lib/aminont12.lib
----- Source: /usr/local/Caskroom/miniforge/base/envs/ambertools_env/dat/leap/cmd/leaprc.water.opc
----- Source of /usr/local/Caskroom/miniforge/base/envs/ambertools_env/dat/leap/cmd/leaprc.water.opc done
Loading library: /usr/local/Caskroom/miniforge/base/envs/ambertools_env/dat/leap/lib/atomic_ions.lib
Loading library: /usr/local/Caskroom/miniforge/base/envs/ambertools_env/dat/leap/lib/solvents.lib
Loading parameters: /usr/local/Caskroom/miniforge/base/envs/ambertools_env/dat/leap/parm/frcmod.opc
Reading force field modification type file (frcmod)
Reading title:
Parameters for OPC water (JPCL, 2014, 5 (21), pp 3863-3871)
Loading parameters: /usr/local/Caskroom/miniforge/base/envs/ambertools_env/dat/leap/parm/frcmod.ionslm_126_opc
Reading force field modification type file (frcmod)
Reading title:
Li/Merz ion parameters of atomic ions for the OPC water model (12-6 set)
Loading parameters: /usr/local/Caskroom/miniforge/base/envs/ambertools_env/dat/leap/parm/frcmod.ionslm_126_opc
Reading force field modification type file (frcmod)
Reading title:
Li/Merz ion parameters of atomic ions for the OPC water model (12-6 set)
Loading PDB file: ./P0A3C7_A46S_pqr.pdb
  total atoms in file: 759
  Leap added 706 missing atoms according to residue templates:
       706 H / lone pairs
Checking 'X'....

/usr/local/Caskroom/miniforge/base/envs/ambertools_env/bin/teLeap: Warning!
The unperturbed charge of the unit (-16.000000) is not zero.
Checking parameters for unit 'X'.
Checking for bond parameters.
Checking for angle parameters.
check:  Warnings: 1
Unit is OK.
  Solute vdw bounding box:              33.027 37.785 39.602
  Total bounding box for atom centers:  53.027 57.785 59.602
  Solvent unit box:                     18.865 18.478 19.006
  Total vdw box size:                   56.386 61.094 63.047 angstroms.
  Volume: 217186.295 A^3 
  Total mass 101107.984 amu,  Density 0.773 g/cc
  Added 5011 residues.
Adding 16 counter ions to "X". 4995 solvent molecules will remain.
0: Placed Na+ in X at (24.44, 6.11, -14.39).
0: Placed Na+ in X at (-19.20, 4.04, 26.66).
0: Placed Na+ in X at (-20.44, 22.31, 2.72).
0: Placed Na+ in X at (8.86, -17.73, -5.15).
0: Placed Na+ in X at (-14.15, 0.15, 25.39).
0: Placed Na+ in X at (-3.39, 17.32, -0.02).
0: Placed Na+ in X at (-21.37, 21.03, -2.74).
0: Placed Na+ in X at (25.46, -21.35, -27.06).
0: Placed Na+ in X at (17.68, 19.45, -23.60).
0: Placed Na+ in X at (-0.60, 9.96, -18.68).
0: Placed Na+ in X at (13.99, -15.42, 20.18).
0: Placed Na+ in X at (-15.83, -11.81, -25.65).
0: Placed Na+ in X at (-14.92, -13.87, 27.27).
0: Placed Na+ in X at (0.46, 16.83, -21.72).
0: Placed Na+ in X at (-14.66, 25.85, 17.70).
0: Placed Na+ in X at (-8.78, 2.65, 28.53).
 0.000000 0 1 0
0 Cl- ion required to neutralize.
Checking Unit.

/usr/local/Caskroom/miniforge/base/envs/ambertools_env/bin/teLeap: Note.
Ignoring the warnings from Unit Checking.

Building topology.
Building atom parameters.
Building bond parameters.
Building angle parameters.
Building proper torsion parameters.
Building improper torsion parameters.
 total 290 improper torsions applied
Building H-Bond parameters.
Incorporating Non-Bonded adjustments.
Not Marking per-residue atom chain types.
Marking per-residue atom chain types.
  (Residues lacking connect0/connect1 - 
   these don't have chain types marked:

	res	total affected

	CTYR	1
	NMET	1
  )
 (no restraints)
Writing pdb file: P0A3C7_A46S_tleap.pdb
   printing CRYST1 record to PDB file with box info

/usr/local/Caskroom/miniforge/base/envs/ambertools_env/bin/teLeap: Warning!
 Converting N-terminal residue name to PDB format: NMET -> MET

/usr/local/Caskroom/miniforge/base/envs/ambertools_env/bin/teLeap: Warning!
 Converting C-terminal residue name to PDB format: CTYR -> TYR
	Quit

Exiting LEaP: Errors = 0; Warnings = 3; Notes = 1.

--- stderr ---
