
--- stderr ---
                :-) GROMACS - gmx mdrun, 2024.5-conda_forge (-:

Executable:   /usr/local/Caskroom/miniforge/base/envs/gromacs_env/bin.AVX2_256/gmx
Data prefix:  /usr/local/Caskroom/miniforge/base/envs/gromacs_env
Working dir:  /Users/laetitiaguerin/Library/CloudStorage/OneDrive-Personal/Documents/BSc_Nanobiology/Year_5/BEP/Energy_minimization/tleap_runs/O52681_V128R
Command line:
  gmx mdrun -v -deffnm O52681_V128R_minim

The current CPU can measure timings more accurately than the code in
gmx mdrun was configured to use. This might affect your simulation
speed as accurate timings are needed for load-balancing.
Please consider rebuilding gmx mdrun with the GMX_USE_RDTSCP=ON CMake option.
Reading file O52681_V128R_minim.tpr, VERSION 2024.5-conda_forge (single precision)

Using 1 MPI thread
Using 8 OpenMP threads 


Steepest Descents:
   Tolerance (Fmax)   =  1.00000e+03
   Number of steps    =        50000
Step=    0, Dmax= 1.0e-02 nm, Epot= -4.37086e+05 Fmax= 6.53235e+04, atom= 1931
Step=    1, Dmax= 1.0e-02 nm, Epot= -4.38833e+05 Fmax= 1.77212e+04, atom= 1931
Step=    2, Dmax= 1.2e-02 nm, Epot= -4.41551e+05 Fmax= 5.35632e+03, atom= 1916
Step=    3, Dmax= 1.4e-02 nm, Epot= -4.49143e+05 Fmax= 5.82687e+03, atom= 2014
Step=    4, Dmax= 1.7e-02 nm, Epot= -4.55123e+05 Fmax= 1.71154e+04, atom= 2013
Step=    5, Dmax= 2.1e-02 nm, Epot= -4.57455e+05 Fmax= 1.12884e+04, atom= 2013
Step=    6, Dmax= 2.5e-02 nm, Epot= -4.60482e+05 Fmax= 2.41330e+04, atom= 2013
Step=    7, Dmax= 3.0e-02 nm, Epot= -4.62448e+05 Fmax= 1.68577e+04, atom= 2013
Step=    8, Dmax= 3.6e-02 nm, Epot= -4.64383e+05 Fmax= 3.38049e+04, atom= 2013
Step=    9, Dmax= 4.3e-02 nm, Epot= -4.66230e+05 Fmax= 2.52690e+04, atom= 2013
Step=   10, Dmax= 5.2e-02 nm, Epot= -4.67036e+05 Fmax= 4.75465e+04, atom= 2013
Step=   11, Dmax= 6.2e-02 nm, Epot= -4.68892e+05 Fmax= 3.75441e+04, atom= 2013
Step=   12, Dmax= 7.4e-02 nm, Epot= -4.68229e+05 Fmax= 6.74101e+04, atom= 2013
Step=   13, Dmax= 3.7e-02 nm, Epot= -4.70998e+05 Fmax= 1.23529e+04, atom= 2013
Step=   14, Dmax= 4.5e-02 nm, Epot= -4.72011e+05 Fmax= 4.73680e+04, atom= 2013
Step=   15, Dmax= 5.3e-02 nm, Epot= -4.74410e+05 Fmax= 2.56728e+04, atom= 2013
Step=   16, Dmax= 6.4e-02 nm, Epot= -4.73157e+05 Fmax= 4.03842e+04, atom= 2014
Step=   17, Dmax= 3.2e-02 nm, Epot= -4.75579e+05 Fmax= 1.80889e+04, atom= 2013
Step=   18, Dmax= 3.9e-02 nm, Epot= -4.76092e+05 Fmax= 3.57752e+04, atom= 2013
Step=   19, Dmax= 4.6e-02 nm, Epot= -4.77322e+05 Fmax= 2.75883e+04, atom= 2013
Step=   20, Dmax= 5.5e-02 nm, Epot= -4.76640e+05 Fmax= 5.00673e+04, atom= 2013
Step=   21, Dmax= 2.8e-02 nm, Epot= -4.78652e+05 Fmax= 1.00861e+04, atom= 2013
Step=   22, Dmax= 3.3e-02 nm, Epot= -4.78886e+05 Fmax= 3.46621e+04, atom= 2013
Step=   23, Dmax= 4.0e-02 nm, Epot= -4.80544e+05 Fmax= 2.00277e+04, atom= 2013
Step=   24, Dmax= 4.8e-02 nm, Epot= -4.77820e+05 Fmax= 4.57080e+04, atom= 2013
Step=   25, Dmax= 2.4e-02 nm, Epot= -4.81493e+05 Fmax= 1.27274e+04, atom= 2013
Step=   26, Dmax= 2.9e-02 nm, Epot= -4.80727e+05 Fmax= 2.72439e+04, atom= 2013
Step=   27, Dmax= 1.4e-02 nm, Epot= -4.82290e+05 Fmax= 8.03130e+03, atom= 1334
Step=   28, Dmax= 1.7e-02 nm, Epot= -4.82588e+05 Fmax= 1.82262e+04, atom= 1334
Step=   29, Dmax= 2.1e-02 nm, Epot= -4.83568e+05 Fmax= 1.34624e+04, atom= 1334
Step=   30, Dmax= 2.5e-02 nm, Epot= -4.83388e+05 Fmax= 2.43370e+04, atom= 1334
Step=   31, Dmax= 1.2e-02 nm, Epot= -4.84361e+05 Fmax= 5.46224e+03, atom= 1334
Step=   32, Dmax= 1.5e-02 nm, Epot= -4.84905e+05 Fmax= 1.74842e+04, atom= 1334
Step=   33, Dmax= 1.8e-02 nm, Epot= -4.85799e+05 Fmax= 9.80912e+03, atom= 1334
Step=   34, Dmax= 2.1e-02 nm, Epot= -4.85709e+05 Fmax= 2.30957e+04, atom= 1334
Step=   35, Dmax= 1.1e-02 nm, Epot= -4.86350e+05 Fmax= 6.65338e+03, atom= 1334
Step=   36, Dmax= 1.3e-02 nm, Epot= -4.86826e+05 Fmax= 1.29453e+04, atom= 1334
Step=   37, Dmax= 1.5e-02 nm, Epot= -4.87384e+05 Fmax= 1.07433e+04, atom= 1334
Step=   38, Dmax= 1.9e-02 nm, Epot= -4.87599e+05 Fmax= 1.75080e+04, atom= 1334
Step=   39, Dmax= 2.2e-02 nm, Epot= -4.88116e+05 Fmax= 1.65198e+04, atom= 1334
Step=   40, Dmax= 2.7e-02 nm, Epot= -4.88014e+05 Fmax= 2.40874e+04, atom= 1334
Step=   41, Dmax= 1.3e-02 nm, Epot= -4.88928e+05 Fmax= 3.82332e+03, atom= 1334
Step=   42, Dmax= 1.6e-02 nm, Epot= -4.89441e+05 Fmax= 2.09015e+04, atom= 1334
Step=   43, Dmax= 1.9e-02 nm, Epot= -4.90464e+05 Fmax= 8.47465e+03, atom= 1334
Step=   44, Dmax= 2.3e-02 nm, Epot= -4.89975e+05 Fmax= 2.68994e+04, atom= 1334
Step=   45, Dmax= 1.2e-02 nm, Epot= -4.90849e+05 Fmax= 9.22326e+03, atom= 1334
Step=   46, Dmax= 1.4e-02 nm, Epot= -4.91176e+05 Fmax= 1.18737e+04, atom= 1334
Step=   47, Dmax= 1.7e-02 nm, Epot= -4.91493e+05 Fmax= 1.35743e+04, atom= 1334
Step=   48, Dmax= 2.0e-02 nm, Epot= -4.91705e+05 Fmax= 1.67960e+04, atom= 1334
Step=   49, Dmax= 2.4e-02 nm, Epot= -4.91883e+05 Fmax= 1.97430e+04, atom= 1334
Step=   50, Dmax= 2.9e-02 nm, Epot= -4.91904e+05 Fmax= 2.38682e+04, atom= 1334
Step=   51, Dmax= 3.4e-02 nm, Epot= -4.91790e+05 Fmax= 2.84575e+04, atom= 1334
Step=   52, Dmax= 1.7e-02 nm, Epot= -4.93207e+05 Fmax= 2.43473e+03, atom= 1334
Step=   53, Dmax= 2.1e-02 nm, Epot= -4.93726e+05 Fmax= 2.86965e+04, atom= 1334
Step=   54, Dmax= 2.5e-02 nm, Epot= -4.95345e+05 Fmax= 9.48751e+03, atom= 1334
Step=   55, Dmax= 3.0e-02 nm, Epot= -4.93768e+05 Fmax= 3.57363e+04, atom= 1334
Step=   56, Dmax= 1.5e-02 nm, Epot= -4.95528e+05 Fmax= 1.32193e+04, atom= 1334
Step=   57, Dmax= 1.8e-02 nm, Epot= -4.95775e+05 Fmax= 1.41566e+04, atom= 1334
Step=   58, Dmax= 2.1e-02 nm, Epot= -4.95825e+05 Fmax= 1.84847e+04, atom= 1334
Step=   59, Dmax= 2.6e-02 nm, Epot= -4.95946e+05 Fmax= 2.07760e+04, atom= 1334
Step=   60, Dmax= 3.1e-02 nm, Epot= -4.95768e+05 Fmax= 2.60529e+04, atom= 1334
Step=   61, Dmax= 1.5e-02 nm, Epot= -4.96890e+05 Fmax= 2.72001e+03, atom= 1334
Step=   62, Dmax= 1.9e-02 nm, Epot= -4.97003e+05 Fmax= 2.59545e+04, atom= 1334
Step=   63, Dmax= 2.2e-02 nm, Epot= -4.98282e+05 Fmax= 8.08233e+03, atom= 1334
Step=   64, Dmax= 2.7e-02 nm, Epot= -4.97048e+05 Fmax= 3.27242e+04, atom= 1334
Step=   65, Dmax= 1.3e-02 nm, Epot= -4.98425e+05 Fmax= 1.23645e+04, atom= 1334
Step=   66, Dmax= 1.6e-02 nm, Epot= -4.98667e+05 Fmax= 1.20312e+04, atom= 1334
Step=   67, Dmax= 1.9e-02 nm, Epot= -4.98667e+05 Fmax= 1.73371e+04, atom= 1334
Step=   68, Dmax= 9.6e-03 nm, Epot= -4.99058e+05 Fmax= 2.66651e+03, atom= 1334
Step=   69, Dmax= 1.2e-02 nm, Epot= -4.99420e+05 Fmax= 1.47993e+04, atom= 1334
Step=   70, Dmax= 1.4e-02 nm, Epot= -4.99895e+05 Fmax= 6.38214e+03, atom= 1334
Step=   71, Dmax= 1.7e-02 nm, Epot= -4.99755e+05 Fmax= 1.88763e+04, atom= 1334
Step=   72, Dmax= 8.3e-03 nm, Epot= -5.00109e+05 Fmax= 6.25033e+03, atom= 1334
Step=   73, Dmax= 1.0e-02 nm, Epot= -5.00292e+05 Fmax= 9.02868e+03, atom= 1334
Step=   74, Dmax= 1.2e-02 nm, Epot= -5.00494e+05 Fmax= 9.17922e+03, atom= 1334
Step=   75, Dmax= 1.4e-02 nm, Epot= -5.00600e+05 Fmax= 1.27824e+04, atom= 1334
Step=   76, Dmax= 1.7e-02 nm, Epot= -5.00774e+05 Fmax= 1.34273e+04, atom= 1334
Step=   77, Dmax= 2.1e-02 nm, Epot= -5.00746e+05 Fmax= 1.81177e+04, atom= 1334
Step=   78, Dmax= 1.0e-02 nm, Epot= -5.01200e+05 Fmax= 2.36766e+03, atom= 1334
Step=   79, Dmax= 1.2e-02 nm, Epot= -5.01515e+05 Fmax= 1.63732e+04, atom= 1334
Step=   80, Dmax= 1.5e-02 nm, Epot= -5.02043e+05 Fmax= 6.39936e+03, atom= 1334
Step=   81, Dmax= 1.8e-02 nm, Epot= -5.01752e+05 Fmax= 2.07440e+04, atom= 1334
Step=   82, Dmax= 8.9e-03 nm, Epot= -5.02220e+05 Fmax= 7.17855e+03, atom= 1334
Step=   83, Dmax= 1.1e-02 nm, Epot= -5.02369e+05 Fmax= 9.23683e+03, atom= 1334
Step=   84, Dmax= 1.3e-02 nm, Epot= -5.02520e+05 Fmax= 1.03309e+04, atom= 1334
Step=   85, Dmax= 1.5e-02 nm, Epot= -5.02603e+05 Fmax= 1.32627e+04, atom= 1334
Step=   86, Dmax= 1.8e-02 nm, Epot= -5.02705e+05 Fmax= 1.48988e+04, atom= 1334
Step=   87, Dmax= 2.2e-02 nm, Epot= -5.02659e+05 Fmax= 1.89822e+04, atom= 1334
Step=   88, Dmax= 1.1e-02 nm, Epot= -5.03184e+05 Fmax= 2.07250e+03, atom= 1334
Step=   89, Dmax= 1.3e-02 nm, Epot= -5.03452e+05 Fmax= 1.80357e+04, atom= 1334
Step=   90, Dmax= 1.6e-02 nm, Epot= -5.04056e+05 Fmax= 6.45334e+03, atom= 1334
Step=   91, Dmax= 1.9e-02 nm, Epot= -5.03587e+05 Fmax= 2.27176e+04, atom= 1334
Step=   92, Dmax= 9.6e-03 nm, Epot= -5.04194e+05 Fmax= 8.14401e+03, atom= 1334
Step=   93, Dmax= 1.1e-02 nm, Epot= -5.04323e+05 Fmax= 9.49317e+03, atom= 1334
Step=   94, Dmax= 1.4e-02 nm, Epot= -5.04419e+05 Fmax= 1.15376e+04, atom= 1334
Step=   95, Dmax= 1.7e-02 nm, Epot= -5.04489e+05 Fmax= 1.38086e+04, atom= 1334
Step=   96, Dmax= 2.0e-02 nm, Epot= -5.04511e+05 Fmax= 1.64495e+04, atom= 1334
Step=   97, Dmax= 2.4e-02 nm, Epot= -5.04452e+05 Fmax= 1.99376e+04, atom= 1334
Step=   98, Dmax= 1.2e-02 nm, Epot= -5.05066e+05 Fmax= 1.78695e+03, atom= 1334
Step=   99, Dmax= 1.4e-02 nm, Epot= -5.05277e+05 Fmax= 1.98901e+04, atom= 1744
Step=  100, Dmax= 1.7e-02 nm, Epot= -5.05992e+05 Fmax= 6.53875e+03, atom= 1744
Step=  101, Dmax= 2.1e-02 nm, Epot= -5.05335e+05 Fmax= 2.49941e+04, atom= 1744
Step=  102, Dmax= 1.0e-02 nm, Epot= -5.06087e+05 Fmax= 9.26171e+03, atom= 1744
Step=  103, Dmax= 1.2e-02 nm, Epot= -5.06214e+05 Fmax= 9.70192e+03, atom= 1744
Step=  104, Dmax= 1.5e-02 nm, Epot= -5.06248e+05 Fmax= 1.30267e+04, atom= 1744
Step=  105, Dmax= 1.8e-02 nm, Epot= -5.06336e+05 Fmax= 1.42537e+04, atom= 1744
Step=  106, Dmax= 2.1e-02 nm, Epot= -5.06266e+05 Fmax= 1.84047e+04, atom= 1744
Step=  107, Dmax= 1.1e-02 nm, Epot= -5.06740e+05 Fmax= 2.10873e+03, atom= 1744
Step=  108, Dmax= 1.3e-02 nm, Epot= -5.06871e+05 Fmax= 1.75125e+04, atom= 1744
Step=  109, Dmax= 1.5e-02 nm, Epot= -5.07382e+05 Fmax= 6.08590e+03, atom= 1744
Step=  110, Dmax= 1.8e-02 nm, Epot= -5.06966e+05 Fmax= 2.22377e+04, atom= 1744
Step=  111, Dmax= 9.2e-03 nm, Epot= -5.07485e+05 Fmax= 8.07690e+03, atom= 1744
Step=  112, Dmax= 1.1e-02 nm, Epot= -5.07594e+05 Fmax= 8.90887e+03, atom= 1744
Step=  113, Dmax= 1.3e-02 nm, Epot= -5.07657e+05 Fmax= 1.14802e+04, atom= 1744
Step=  114, Dmax= 1.6e-02 nm, Epot= -5.07733e+05 Fmax= 1.29493e+04, atom= 1744
Step=  115, Dmax= 1.9e-02 nm, Epot= -5.07722e+05 Fmax= 1.63813e+04, atom= 1744
Step=  116, Dmax= 9.6e-03 nm, Epot= -5.08049e+05 Fmax= 1.72239e+03, atom= 1744
Step=  117, Dmax= 1.1e-02 nm, Epot= -5.08298e+05 Fmax= 1.59903e+04, atom= 1744
Step=  118, Dmax= 1.4e-02 nm, Epot= -5.08698e+05 Fmax= 5.21750e+03, atom= 1744
Step=  119, Dmax= 1.7e-02 nm, Epot= -5.08460e+05 Fmax= 2.01182e+04, atom= 1744
Step=  120, Dmax= 8.3e-03 nm, Epot= -5.08798e+05 Fmax= 7.46685e+03, atom= 1744
Step=  121, Dmax= 9.9e-03 nm, Epot= -5.08908e+05 Fmax= 7.77404e+03, atom= 1744
Step=  122, Dmax= 1.2e-02 nm, Epot= -5.08973e+05 Fmax= 1.04816e+04, atom= 1744
Step=  123, Dmax= 1.4e-02 nm, Epot= -5.09063e+05 Fmax= 1.14534e+04, atom= 1744
Step=  124, Dmax= 1.7e-02 nm, Epot= -5.09075e+05 Fmax= 1.48010e+04, atom= 1744
Step=  125, Dmax= 2.1e-02 nm, Epot= -5.09114e+05 Fmax= 1.67417e+04, atom= 1744
Step=  126, Dmax= 2.5e-02 nm, Epot= -5.09029e+05 Fmax= 2.09620e+04, atom= 1744
Step=  127, Dmax= 1.2e-02 nm, Epot= -5.09532e+05 Fmax= 2.16437e+03, atom= 1744
Step=  128, Dmax= 1.5e-02 nm, Epot= -5.09573e+05 Fmax= 2.05596e+04, atom= 1744
Step=  129, Dmax= 1.8e-02 nm, Epot= -5.10110e+05 Fmax= 6.73346e+03, atom= 1744
Step=  130, Dmax= 2.1e-02 nm, Epot= -5.09591e+05 Fmax= 2.60475e+04, atom= 1744
Step=  131, Dmax= 1.1e-02 nm, Epot= -5.10177e+05 Fmax= 9.66688e+03, atom= 1744
Step=  132, Dmax= 1.3e-02 nm, Epot= -5.10273e+05 Fmax= 9.95793e+03, atom= 1744
Step=  133, Dmax= 1.5e-02 nm, Epot= -5.10291e+05 Fmax= 1.36291e+04, atom= 1744
Step=  134, Dmax= 1.8e-02 nm, Epot= -5.10364e+05 Fmax= 1.45877e+04, atom= 1744
Step=  135, Dmax= 2.2e-02 nm, Epot= -5.10293e+05 Fmax= 1.93174e+04, atom= 1744
Step=  136, Dmax= 1.1e-02 nm, Epot= -5.10666e+05 Fmax= 2.37467e+03, atom= 1744
Step=  137, Dmax= 1.3e-02 nm, Epot= -5.10727e+05 Fmax= 1.80470e+04, atom= 1744
Step=  138, Dmax= 1.6e-02 nm, Epot= -5.11113e+05 Fmax= 6.47096e+03, atom= 1744
Step=  139, Dmax= 1.9e-02 nm, Epot= -5.10806e+05 Fmax= 2.27905e+04, atom= 1744
Step=  140, Dmax= 9.6e-03 nm, Epot= -5.11194e+05 Fmax= 8.17975e+03, atom= 1744
Step=  141, Dmax= 1.1e-02 nm, Epot= -5.11272e+05 Fmax= 9.44348e+03, atom= 1744
Step=  142, Dmax= 1.4e-02 nm, Epot= -5.11328e+05 Fmax= 1.16413e+04, atom= 1744
Step=  143, Dmax= 1.7e-02 nm, Epot= -5.11375e+05 Fmax= 1.37154e+04, atom= 1744
Step=  144, Dmax= 2.0e-02 nm, Epot= -5.11386e+05 Fmax= 1.65986e+04, atom= 1744
Step=  145, Dmax= 2.4e-02 nm, Epot= -5.11365e+05 Fmax= 1.98420e+04, atom= 1744
Step=  146, Dmax= 1.2e-02 nm, Epot= -5.11724e+05 Fmax= 1.64463e+03, atom= 1744
Step=  147, Dmax= 1.4e-02 nm, Epot= -5.11923e+05 Fmax= 2.03068e+04, atom= 1744
Step=  148, Dmax= 1.7e-02 nm, Epot= -5.12351e+05 Fmax= 6.13926e+03, atom= 1744
Step=  149, Dmax= 2.1e-02 nm, Epot= -5.12002e+05 Fmax= 2.52473e+04, atom= 1744
Step=  150, Dmax= 1.0e-02 nm, Epot= -5.12411e+05 Fmax= 9.59818e+03, atom= 1744
Step=  151, Dmax= 1.2e-02 nm, Epot= -5.12501e+05 Fmax= 9.37263e+03, atom= 1744
Step=  152, Dmax= 1.5e-02 nm, Epot= -5.12523e+05 Fmax= 1.32867e+04, atom= 1744
Step=  153, Dmax= 1.8e-02 nm, Epot= -5.12594e+05 Fmax= 1.39859e+04, atom= 1744
Step=  154, Dmax= 2.1e-02 nm, Epot= -5.12555e+05 Fmax= 1.85875e+04, atom= 1744
Step=  155, Dmax= 1.1e-02 nm, Epot= -5.12819e+05 Fmax= 2.33332e+03, atom= 1744
Step=  156, Dmax= 1.3e-02 nm, Epot= -5.12908e+05 Fmax= 1.73740e+04, atom= 1744
Step=  157, Dmax= 1.5e-02 nm, Epot= -5.13199e+05 Fmax= 6.15332e+03, atom= 1744
Step=  158, Dmax= 1.8e-02 nm, Epot= -5.12989e+05 Fmax= 2.21744e+04, atom= 1744
Step=  159, Dmax= 9.2e-03 nm, Epot= -5.13271e+05 Fmax= 8.00963e+03, atom= 1744
Step=  160, Dmax= 1.1e-02 nm, Epot= -5.13343e+05 Fmax= 8.91444e+03, atom= 1744
Step=  161, Dmax= 1.3e-02 nm, Epot= -5.13392e+05 Fmax= 1.14648e+04, atom= 1744
Step=  162, Dmax= 1.6e-02 nm, Epot= -5.13447e+05 Fmax= 1.28881e+04, atom= 1744
Step=  163, Dmax= 1.9e-02 nm, Epot= -5.13451e+05 Fmax= 1.64146e+04, atom= 1744
Step=  164, Dmax= 2.3e-02 nm, Epot= -5.13470e+05 Fmax= 1.85791e+04, atom= 1744
Step=  165, Dmax= 2.7e-02 nm, Epot= -5.13384e+05 Fmax= 2.34955e+04, atom= 1744
Step=  166, Dmax= 1.4e-02 nm, Epot= -5.13806e+05 Fmax= 2.48918e+03, atom= 1744
Step=  167, Dmax= 1.6e-02 nm, Epot= -5.13778e+05 Fmax= 2.28559e+04, atom= 1744
Step=  168, Dmax= 8.2e-03 nm, Epot= -5.13925e+05 Fmax= 1.01338e+04, atom= 1744
Step=  169, Dmax= 9.9e-03 nm, Epot= -5.14047e+05 Fmax= 5.08897e+03, atom= 1744
Step=  170, Dmax= 1.2e-02 nm, Epot= -5.14067e+05 Fmax= 1.30907e+04, atom= 1744
Step=  171, Dmax= 1.4e-02 nm, Epot= -5.14207e+05 Fmax= 8.81082e+03, atom= 1744
Step=  172, Dmax= 1.7e-02 nm, Epot= -5.14141e+05 Fmax= 1.73583e+04, atom= 1744
Step=  173, Dmax= 8.5e-03 nm, Epot= -5.14312e+05 Fmax= 4.28626e+03, atom= 1744
Step=  174, Dmax= 1.0e-02 nm, Epot= -5.14361e+05 Fmax= 1.15053e+04, atom= 1744
Step=  175, Dmax= 1.2e-02 nm, Epot= -5.14484e+05 Fmax= 7.35571e+03, atom= 1744
Step=  176, Dmax= 1.5e-02 nm, Epot= -5.14458e+05 Fmax= 1.53632e+04, atom= 1744
Step=  177, Dmax= 7.4e-03 nm, Epot= -5.14572e+05 Fmax= 4.00136e+03, atom= 1744
Step=  178, Dmax= 8.9e-03 nm, Epot= -5.14640e+05 Fmax= 9.56818e+03, atom= 1744
Step=  179, Dmax= 1.1e-02 nm, Epot= -5.14739e+05 Fmax= 6.79440e+03, atom= 1744
Step=  180, Dmax= 1.3e-02 nm, Epot= -5.14755e+05 Fmax= 1.27507e+04, atom= 1744
Step=  181, Dmax= 1.5e-02 nm, Epot= -5.14859e+05 Fmax= 1.07922e+04, atom= 1744
Step=  182, Dmax= 1.8e-02 nm, Epot= -5.14814e+05 Fmax= 1.73282e+04, atom= 1744
Step=  183, Dmax= 9.2e-03 nm, Epot= -5.14986e+05 Fmax= 3.28654e+03, atom= 1744
Step=  184, Dmax= 1.1e-02 nm, Epot= -5.15040e+05 Fmax= 1.37083e+04, atom= 1744
Step=  185, Dmax= 1.3e-02 nm, Epot= -5.15201e+05 Fmax= 6.57068e+03, atom= 1744
Step=  186, Dmax= 1.6e-02 nm, Epot= -5.15130e+05 Fmax= 1.78671e+04, atom= 1744
Step=  187, Dmax= 7.9e-03 nm, Epot= -5.15276e+05 Fmax= 5.64494e+03, atom= 1744
Step=  188, Dmax= 9.5e-03 nm, Epot= -5.15332e+05 Fmax= 8.94484e+03, atom= 1744
Step=  189, Dmax= 1.1e-02 nm, Epot= -5.15406e+05 Fmax= 8.64523e+03, atom= 1744
Step=  190, Dmax= 1.4e-02 nm, Epot= -5.15434e+05 Fmax= 1.23633e+04, atom= 1744
Step=  191, Dmax= 1.6e-02 nm, Epot= -5.15495e+05 Fmax= 1.29395e+04, atom= 1744
Step=  192, Dmax= 2.0e-02 nm, Epot= -5.15481e+05 Fmax= 1.72753e+04, atom= 1744
Step=  193, Dmax= 9.9e-03 nm, Epot= -5.15653e+05 Fmax= 2.19459e+03, atom= 1744
Step=  194, Dmax= 1.2e-02 nm, Epot= -5.15759e+05 Fmax= 1.61155e+04, atom= 1744
Step=  195, Dmax= 1.4e-02 nm, Epot= -5.15965e+05 Fmax= 5.69991e+03, atom= 1744
Step=  196, Dmax= 1.7e-02 nm, Epot= -5.15847e+05 Fmax= 2.05995e+04, atom= 1744
Step=  197, Dmax= 8.5e-03 nm, Epot= -5.16026e+05 Fmax= 7.44898e+03, atom= 1744
Step=  198, Dmax= 1.0e-02 nm, Epot= -5.16088e+05 Fmax= 8.23952e+03, atom= 1744
Step=  199, Dmax= 1.2e-02 nm, Epot= -5.16134e+05 Fmax= 1.06752e+04, atom= 1744
Step=  200, Dmax= 1.5e-02 nm, Epot= -5.16185e+05 Fmax= 1.19076e+04, atom= 1744
Step=  201, Dmax= 1.8e-02 nm, Epot= -5.16198e+05 Fmax= 1.52889e+04, atom= 1744
Step=  202, Dmax= 2.1e-02 nm, Epot= -5.16225e+05 Fmax= 1.71766e+04, atom= 1744
Step=  203, Dmax= 2.5e-02 nm, Epot= -5.16175e+05 Fmax= 2.18834e+04, atom= 1744
Step=  204, Dmax= 1.3e-02 nm, Epot= -5.16462e+05 Fmax= 2.37615e+03, atom= 1744
Step=  205, Dmax= 1.5e-02 nm, Epot= -5.16490e+05 Fmax= 2.10738e+04, atom= 1744
Step=  206, Dmax= 1.8e-02 nm, Epot= -5.16796e+05 Fmax= 7.22917e+03, atom= 1744
Step=  207, Dmax= 2.2e-02 nm, Epot= -5.16518e+05 Fmax= 2.64135e+04, atom= 1744
Step=  208, Dmax= 1.1e-02 nm, Epot= -5.16843e+05 Fmax= 9.62665e+03, atom= 1744
Step=  209, Dmax= 1.3e-02 nm, Epot= -5.16896e+05 Fmax= 1.07027e+04, atom= 1744
Step=  210, Dmax= 1.6e-02 nm, Epot= -5.16922e+05 Fmax= 1.35617e+04, atom= 1744
Step=  211, Dmax= 1.9e-02 nm, Epot= -5.16951e+05 Fmax= 1.56634e+04, atom= 1744
Step=  212, Dmax= 2.3e-02 nm, Epot= -5.16939e+05 Fmax= 1.92123e+04, atom= 1744
Step=  213, Dmax= 1.1e-02 nm, Epot= -5.17143e+05 Fmax= 1.81828e+03, atom= 1744
Step=  214, Dmax= 1.4e-02 nm, Epot= -5.17268e+05 Fmax= 1.93740e+04, atom= 1744
Step=  215, Dmax= 1.6e-02 nm, Epot= -5.17523e+05 Fmax= 5.86410e+03, atom= 1744
Step=  216, Dmax= 2.0e-02 nm, Epot= -5.17322e+05 Fmax= 2.45316e+04, atom= 1744
Step=  217, Dmax= 9.9e-03 nm, Epot= -5.17568e+05 Fmax= 9.34629e+03, atom= 1744
Step=  218, Dmax= 1.2e-02 nm, Epot= -5.17633e+05 Fmax= 8.78661e+03, atom= 1744
Step=  219, Dmax= 1.4e-02 nm, Epot= -5.17650e+05 Fmax= 1.30688e+04, atom= 1744
Step=  220, Dmax= 1.7e-02 nm, Epot= -5.17710e+05 Fmax= 1.30167e+04, atom= 1744
Step=  221, Dmax= 2.0e-02 nm, Epot= -5.17678e+05 Fmax= 1.83891e+04, atom= 1744
Step=  222, Dmax= 1.0e-02 nm, Epot= -5.17848e+05 Fmax= 2.69157e+03, atom= 1744
Step=  223, Dmax= 1.2e-02 nm, Epot= -5.17900e+05 Fmax= 1.60878e+04, atom= 1744
Step=  224, Dmax= 1.5e-02 nm, Epot= -5.18076e+05 Fmax= 6.58373e+03, atom= 1744
Step=  225, Dmax= 1.8e-02 nm, Epot= -5.17967e+05 Fmax= 2.04435e+04, atom= 1744
Step=  226, Dmax= 8.8e-03 nm, Epot= -5.18133e+05 Fmax= 6.94351e+03, atom= 1744
Step=  227, Dmax= 1.1e-02 nm, Epot= -5.18177e+05 Fmax= 9.37897e+03, atom= 1744
Step=  228, Dmax= 1.3e-02 nm, Epot= -5.18229e+05 Fmax= 1.01009e+04, atom= 1744
Step=  229, Dmax= 1.5e-02 nm, Epot= -5.18250e+05 Fmax= 1.33769e+04, atom= 1744
Step=  230, Dmax= 1.8e-02 nm, Epot= -5.18289e+05 Fmax= 1.46469e+04, atom= 1744
Step=  231, Dmax= 2.2e-02 nm, Epot= -5.18265e+05 Fmax= 1.90922e+04, atom= 1744
Step=  232, Dmax= 1.1e-02 nm, Epot= -5.18449e+05 Fmax= 2.23447e+03, atom= 1744
Step=  233, Dmax= 1.3e-02 nm, Epot= -5.18520e+05 Fmax= 1.79455e+04, atom= 1744
Step=  234, Dmax= 1.6e-02 nm, Epot= -5.18725e+05 Fmax= 6.45156e+03, atom= 1744
Step=  235, Dmax= 1.9e-02 nm, Epot= -5.18575e+05 Fmax= 2.25817e+04, atom= 1744
Step=  236, Dmax= 9.5e-03 nm, Epot= -5.18775e+05 Fmax= 8.08568e+03, atom= 1744
Step=  237, Dmax= 1.1e-02 nm, Epot= -5.18821e+05 Fmax= 9.46164e+03, atom= 1744
Step=  238, Dmax= 1.4e-02 nm, Epot= -5.18859e+05 Fmax= 1.14736e+04, atom= 1744
Step=  239, Dmax= 1.6e-02 nm, Epot= -5.18887e+05 Fmax= 1.37587e+04, atom= 1744
Step=  240, Dmax= 2.0e-02 nm, Epot= -5.18901e+05 Fmax= 1.63529e+04, atom= 1744
Step=  241, Dmax= 2.4e-02 nm, Epot= -5.18887e+05 Fmax= 1.98957e+04, atom= 1744
Step=  242, Dmax= 1.2e-02 nm, Epot= -5.19087e+05 Fmax= 1.79253e+03, atom= 1744
Step=  243, Dmax= 1.4e-02 nm, Epot= -5.19195e+05 Fmax= 1.98888e+04, atom= 1744
Step=  244, Dmax= 1.7e-02 nm, Epot= -5.19435e+05 Fmax= 6.38594e+03, atom= 1744
Step=  245, Dmax= 2.0e-02 nm, Epot= -5.19238e+05 Fmax= 2.47845e+04, atom= 1744
Step=  246, Dmax= 1.0e-02 nm, Epot= -5.19476e+05 Fmax= 9.23602e+03, atom= 1744
Step=  247, Dmax= 1.2e-02 nm, Epot= -5.19526e+05 Fmax= 9.63234e+03, atom= 1744
Step=  248, Dmax= 1.5e-02 nm, Epot= -5.19547e+05 Fmax= 1.28677e+04, atom= 1744
Step=  249, Dmax= 1.8e-02 nm, Epot= -5.19583e+05 Fmax= 1.42523e+04, atom= 1744
Step=  250, Dmax= 2.1e-02 nm, Epot= -5.19571e+05 Fmax= 1.81021e+04, atom= 1744
Step=  251, Dmax= 1.1e-02 nm, Epot= -5.19726e+05 Fmax= 1.95826e+03, atom= 1744
Step=  252, Dmax= 1.3e-02 nm, Epot= -5.19817e+05 Fmax= 1.77232e+04, atom= 1744
Step=  253, Dmax= 1.5e-02 nm, Epot= -5.20008e+05 Fmax= 5.66054e+03, atom= 1744
Step=  254, Dmax= 1.8e-02 nm, Epot= -5.19872e+05 Fmax= 2.25377e+04, atom= 1744
Step=  255, Dmax= 9.1e-03 nm, Epot= -5.20051e+05 Fmax= 8.44229e+03, atom= 1744
Step=  256, Dmax= 1.1e-02 nm, Epot= -5.20103e+05 Fmax= 8.36418e+03, atom= 1744
Step=  257, Dmax= 1.3e-02 nm, Epot= -5.20126e+05 Fmax= 1.19088e+04, atom= 1744
Step=  258, Dmax= 1.6e-02 nm, Epot= -5.20173e+05 Fmax= 1.22793e+04, atom= 1744
Step=  259, Dmax= 1.9e-02 nm, Epot= -5.20161e+05 Fmax= 1.68582e+04, atom= 1744
Step=  260, Dmax= 9.5e-03 nm, Epot= -5.20286e+05 Fmax= 2.29338e+03, atom= 1744
Step=  261, Dmax= 1.1e-02 nm, Epot= -5.20358e+05 Fmax= 1.50903e+04, atom= 1744
Step=  262, Dmax= 1.4e-02 nm, Epot= -5.20500e+05 Fmax= 5.94063e+03, atom= 1744
Step=  263, Dmax= 1.6e-02 nm, Epot= -5.20425e+05 Fmax= 1.91115e+04, atom= 1744
Step=  264, Dmax= 8.2e-03 nm, Epot= -5.20548e+05 Fmax= 6.59738e+03, atom= 1744
Step=  265, Dmax= 9.8e-03 nm, Epot= -5.20591e+05 Fmax= 8.54779e+03, atom= 1744
Step=  266, Dmax= 1.2e-02 nm, Epot= -5.20634e+05 Fmax= 9.51243e+03, atom= 1744
Step=  267, Dmax= 1.4e-02 nm, Epot= -5.20659e+05 Fmax= 1.22694e+04, atom= 1744
Step=  268, Dmax= 1.7e-02 nm, Epot= -5.20691e+05 Fmax= 1.37210e+04, atom= 1744
Step=  269, Dmax= 2.0e-02 nm, Epot= -5.20682e+05 Fmax= 1.75846e+04, atom= 1744
Step=  270, Dmax= 1.0e-02 nm, Epot= -5.20821e+05 Fmax= 1.94062e+03, atom= 1744
Step=  271, Dmax= 1.2e-02 nm, Epot= -5.20912e+05 Fmax= 1.67337e+04, atom= 1744
Step=  272, Dmax= 1.5e-02 nm, Epot= -5.21078e+05 Fmax= 5.89373e+03, atom= 1744
Step=  273, Dmax= 1.8e-02 nm, Epot= -5.20969e+05 Fmax= 2.10192e+04, atom= 1744
Step=  274, Dmax= 8.8e-03 nm, Epot= -5.21122e+05 Fmax= 7.58097e+03, atom= 1744
Step=  275, Dmax= 1.1e-02 nm, Epot= -5.21165e+05 Fmax= 8.69898e+03, atom= 1744
Step=  276, Dmax= 1.3e-02 nm, Epot= -5.21197e+05 Fmax= 1.07117e+04, atom= 1744
Step=  277, Dmax= 1.5e-02 nm, Epot= -5.21226e+05 Fmax= 1.26974e+04, atom= 1744
Step=  278, Dmax= 1.8e-02 nm, Epot= -5.21240e+05 Fmax= 1.52314e+04, atom= 1744
Step=  279, Dmax= 2.2e-02 nm, Epot= -5.21237e+05 Fmax= 1.84040e+04, atom= 1744
Step=  280, Dmax= 1.1e-02 nm, Epot= -5.21392e+05 Fmax= 1.60219e+03, atom= 1744
Step=  281, Dmax= 1.3e-02 nm, Epot= -5.21515e+05 Fmax= 1.84543e+04, atom= 1744
Step=  282, Dmax= 1.6e-02 nm, Epot= -5.21709e+05 Fmax= 5.90570e+03, atom= 1744
Step=  283, Dmax= 1.9e-02 nm, Epot= -5.21561e+05 Fmax= 2.29927e+04, atom= 1744
Step=  284, Dmax= 9.5e-03 nm, Epot= -5.21746e+05 Fmax= 8.57436e+03, atom= 1744
Step=  285, Dmax= 1.1e-02 nm, Epot= -5.21792e+05 Fmax= 8.92888e+03, atom= 1744
Step=  286, Dmax= 1.4e-02 nm, Epot= -5.21813e+05 Fmax= 1.19335e+04, atom= 1744
Step=  287, Dmax= 1.6e-02 nm, Epot= -5.21846e+05 Fmax= 1.32256e+04, atom= 1744
Step=  288, Dmax= 2.0e-02 nm, Epot= -5.21841e+05 Fmax= 1.67858e+04, atom= 1744
Step=  289, Dmax= 9.8e-03 nm, Epot= -5.21964e+05 Fmax= 1.80728e+03, atom= 1744
Step=  290, Dmax= 1.2e-02 nm, Epot= -5.22056e+05 Fmax= 1.64765e+04, atom= 1744
Step=  291, Dmax= 1.4e-02 nm, Epot= -5.22215e+05 Fmax= 5.20352e+03, atom= 1744
Step=  292, Dmax= 1.7e-02 nm, Epot= -5.22113e+05 Fmax= 2.09612e+04, atom= 1744
Step=  293, Dmax= 8.5e-03 nm, Epot= -5.22254e+05 Fmax= 7.88141e+03, atom= 1744
Step=  294, Dmax= 1.0e-02 nm, Epot= -5.22301e+05 Fmax= 7.69969e+03, atom= 1744
Step=  295, Dmax= 1.2e-02 nm, Epot= -5.22324e+05 Fmax= 1.11083e+04, atom= 1744
Step=  296, Dmax= 1.5e-02 nm, Epot= -5.22367e+05 Fmax= 1.13220e+04, atom= 1744
Step=  297, Dmax= 1.8e-02 nm, Epot= -5.22359e+05 Fmax= 1.57111e+04, atom= 1744
Step=  298, Dmax= 8.8e-03 nm, Epot= -5.22460e+05 Fmax= 2.19671e+03, atom= 1744
Step=  299, Dmax= 1.1e-02 nm, Epot= -5.22528e+05 Fmax= 1.39004e+04, atom= 1744
Step=  300, Dmax= 1.3e-02 nm, Epot= -5.22645e+05 Fmax= 5.60095e+03, atom= 1744
Step=  301, Dmax= 1.5e-02 nm, Epot= -5.22592e+05 Fmax= 1.76239e+04, atom= 1744
Step=  302, Dmax= 7.6e-03 nm, Epot= -5.22689e+05 Fmax= 6.02121e+03, atom= 1744
Step=  303, Dmax= 9.1e-03 nm, Epot= -5.22727e+05 Fmax= 8.02988e+03, atom= 1744
Step=  304, Dmax= 1.1e-02 nm, Epot= -5.22767e+05 Fmax= 8.71469e+03, atom= 1744
Step=  305, Dmax= 1.3e-02 nm, Epot= -5.22790e+05 Fmax= 1.14923e+04, atom= 1744
Step=  306, Dmax= 1.6e-02 nm, Epot= -5.22822e+05 Fmax= 1.26111e+04, atom= 1744
Step=  307, Dmax= 1.9e-02 nm, Epot= -5.22816e+05 Fmax= 1.64339e+04, atom= 1744
Step=  308, Dmax= 9.4e-03 nm, Epot= -5.22930e+05 Fmax= 1.91716e+03, atom= 1744
Step=  309, Dmax= 1.1e-02 nm, Epot= -5.23010e+05 Fmax= 1.53747e+04, atom= 1744
Step=  310, Dmax= 1.4e-02 nm, Epot= -5.23147e+05 Fmax= 5.60089e+03, atom= 1744
Step=  311, Dmax= 1.6e-02 nm, Epot= -5.23065e+05 Fmax= 1.93534e+04, atom= 1744
Step=  312, Dmax= 8.2e-03 nm, Epot= -5.23187e+05 Fmax= 6.88996e+03, atom= 1744
Step=  313, Dmax= 9.8e-03 nm, Epot= -5.23225e+05 Fmax= 8.21170e+03, atom= 1744
Step=  314, Dmax= 1.2e-02 nm, Epot= -5.23258e+05 Fmax= 9.78530e+03, atom= 1744
Step=  315, Dmax= 1.4e-02 nm, Epot= -5.23282e+05 Fmax= 1.19300e+04, atom= 1744
Step=  316, Dmax= 1.7e-02 nm, Epot= -5.23301e+05 Fmax= 1.39723e+04, atom= 1744
Step=  317, Dmax= 2.0e-02 nm, Epot= -5.23297e+05 Fmax= 1.72352e+04, atom= 1744
Step=  318, Dmax= 1.0e-02 nm, Epot= -5.23426e+05 Fmax= 1.64188e+03, atom= 1744
Step=  319, Dmax= 1.2e-02 nm, Epot= -5.23525e+05 Fmax= 1.69321e+04, atom= 1744
Step=  320, Dmax= 1.5e-02 nm, Epot= -5.23685e+05 Fmax= 5.63834e+03, atom= 1744
Step=  321, Dmax= 1.8e-02 nm, Epot= -5.23571e+05 Fmax= 2.11668e+04, atom= 1744
Step=  322, Dmax= 8.8e-03 nm, Epot= -5.23721e+05 Fmax= 7.78580e+03, atom= 1744
Step=  323, Dmax= 1.1e-02 nm, Epot= -5.23760e+05 Fmax= 8.44747e+03, atom= 1744
Step=  324, Dmax= 1.3e-02 nm, Epot= -5.23784e+05 Fmax= 1.08960e+04, atom= 1744
Step=  325, Dmax= 1.5e-02 nm, Epot= -5.23811e+05 Fmax= 1.24415e+04, atom= 1744
Step=  326, Dmax= 1.8e-02 nm, Epot= -5.23815e+05 Fmax= 1.53936e+04, atom= 1744
Step=  327, Dmax= 2.2e-02 nm, Epot= -5.23813e+05 Fmax= 1.81363e+04, atom= 1744
Step=  328, Dmax= 1.1e-02 nm, Epot= -5.23960e+05 Fmax= 1.38923e+03, atom= 1744
Step=  329, Dmax= 1.3e-02 nm, Epot= -5.24088e+05 Fmax= 1.85469e+04, atom= 1744
Step=  330, Dmax= 1.6e-02 nm, Epot= -5.24274e+05 Fmax= 5.75352e+03, atom= 1744
Step=  331, Dmax= 1.9e-02 nm, Epot= -5.24121e+05 Fmax= 2.30240e+04, atom= 1744
Step=  332, Dmax= 9.4e-03 nm, Epot= -5.24304e+05 Fmax= 8.67192e+03, atom= 1744
Step=  333, Dmax= 1.1e-02 nm, Epot= -5.24345e+05 Fmax= 8.78213e+03, atom= 1744
Step=  334, Dmax= 1.4e-02 nm, Epot= -5.24359e+05 Fmax= 1.20085e+04, atom= 1744
Step=  335, Dmax= 1.6e-02 nm, Epot= -5.24388e+05 Fmax= 1.30746e+04, atom= 1744
Step=  336, Dmax= 2.0e-02 nm, Epot= -5.24376e+05 Fmax= 1.68369e+04, atom= 1744
Step=  337, Dmax= 9.8e-03 nm, Epot= -5.24497e+05 Fmax= 1.90781e+03, atom= 1744
Step=  338, Dmax= 1.2e-02 nm, Epot= -5.24556e+05 Fmax= 1.63262e+04, atom= 1744
Step=  339, Dmax= 1.4e-02 nm, Epot= -5.24704e+05 Fmax= 5.27858e+03, atom= 1744
Step=  340, Dmax= 1.7e-02 nm, Epot= -5.24597e+05 Fmax= 2.08053e+04, atom= 1744
Step=  341, Dmax= 8.4e-03 nm, Epot= -5.24737e+05 Fmax= 7.76411e+03, atom= 1744
Step=  342, Dmax= 1.0e-02 nm, Epot= -5.24777e+05 Fmax= 7.76196e+03, atom= 1744
Step=  343, Dmax= 1.2e-02 nm, Epot= -5.24794e+05 Fmax= 1.09869e+04, atom= 1744
Step=  344, Dmax= 1.5e-02 nm, Epot= -5.24831e+05 Fmax= 1.13666e+04, atom= 1744
Step=  345, Dmax= 1.8e-02 nm, Epot= -5.24820e+05 Fmax= 1.55811e+04, atom= 1744
Step=  346, Dmax= 8.8e-03 nm, Epot= -5.24918e+05 Fmax= 2.10968e+03, atom= 1744
Step=  347, Dmax= 1.1e-02 nm, Epot= -5.24973e+05 Fmax= 1.39179e+04, atom= 1744
Step=  348, Dmax= 1.3e-02 nm, Epot= -5.25085e+05 Fmax= 5.52302e+03, atom= 1744
Step=  349, Dmax= 1.5e-02 nm, Epot= -5.25024e+05 Fmax= 1.76177e+04, atom= 1744
Step=  350, Dmax= 7.6e-03 nm, Epot= -5.25123e+05 Fmax= 6.05745e+03, atom= 1744
Step=  351, Dmax= 9.1e-03 nm, Epot= -5.25155e+05 Fmax= 7.95179e+03, atom= 1744
Step=  352, Dmax= 1.1e-02 nm, Epot= -5.25189e+05 Fmax= 8.73493e+03, atom= 1744
Step=  353, Dmax= 1.3e-02 nm, Epot= -5.25207e+05 Fmax= 1.14099e+04, atom= 1744
Step=  354, Dmax= 1.6e-02 nm, Epot= -5.25233e+05 Fmax= 1.26120e+04, atom= 1744
Step=  355, Dmax= 1.9e-02 nm, Epot= -5.25223e+05 Fmax= 1.63422e+04, atom= 1744
Step=  356, Dmax= 9.4e-03 nm, Epot= -5.25335e+05 Fmax= 1.87085e+03, atom= 1744
Step=  357, Dmax= 1.1e-02 nm, Epot= -5.25397e+05 Fmax= 1.53448e+04, atom= 1744
Step=  358, Dmax= 1.4e-02 nm, Epot= -5.25527e+05 Fmax= 5.56495e+03, atom= 1744
Step=  359, Dmax= 1.6e-02 nm, Epot= -5.25439e+05 Fmax= 1.92995e+04, atom= 1744
Step=  360, Dmax= 8.1e-03 nm, Epot= -5.25562e+05 Fmax= 6.88166e+03, atom= 1744
Step=  361, Dmax= 9.8e-03 nm, Epot= -5.25594e+05 Fmax= 8.17471e+03, atom= 1744
Step=  362, Dmax= 1.2e-02 nm, Epot= -5.25621e+05 Fmax= 9.76055e+03, atom= 1744
Step=  363, Dmax= 1.4e-02 nm, Epot= -5.25641e+05 Fmax= 1.18879e+04, atom= 1744
Step=  364, Dmax= 1.7e-02 nm, Epot= -5.25654e+05 Fmax= 1.39273e+04, atom= 1744
Step=  365, Dmax= 2.0e-02 nm, Epot= -5.25646e+05 Fmax= 1.71822e+04, atom= 1744
Step=  366, Dmax= 1.0e-02 nm, Epot= -5.25773e+05 Fmax= 1.63758e+03, atom= 1744
Step=  367, Dmax= 1.2e-02 nm, Epot= -5.25846e+05 Fmax= 1.68535e+04, atom= 1744
Step=  368, Dmax= 1.5e-02 nm, Epot= -5.25999e+05 Fmax= 5.64343e+03, atom= 1744
Step=  369, Dmax= 1.7e-02 nm, Epot= -5.25878e+05 Fmax= 2.10677e+04, atom= 1744
Step=  370, Dmax= 8.7e-03 nm, Epot= -5.26029e+05 Fmax= 7.73336e+03, atom= 1744
Step=  371, Dmax= 1.0e-02 nm, Epot= -5.26062e+05 Fmax= 8.45074e+03, atom= 1744
Step=  372, Dmax= 1.3e-02 nm, Epot= -5.26081e+05 Fmax= 1.08265e+04, atom= 1744
Step=  373, Dmax= 1.5e-02 nm, Epot= -5.26102e+05 Fmax= 1.24390e+04, atom= 1744
Step=  374, Dmax= 1.8e-02 nm, Epot= -5.26103e+05 Fmax= 1.53028e+04, atom= 1744
Step=  375, Dmax= 2.2e-02 nm, Epot= -5.26096e+05 Fmax= 1.81221e+04, atom= 1744
Step=  376, Dmax= 1.1e-02 nm, Epot= -5.26241e+05 Fmax= 1.42673e+03, atom= 1744
Step=  377, Dmax= 1.3e-02 nm, Epot= -5.26329e+05 Fmax= 1.84231e+04, atom= 1744
Step=  378, Dmax= 1.6e-02 nm, Epot= -5.26508e+05 Fmax= 5.79318e+03, atom= 1744
Step=  379, Dmax= 1.9e-02 nm, Epot= -5.26348e+05 Fmax= 2.28892e+04, atom= 1744
Step=  380, Dmax= 9.4e-03 nm, Epot= -5.26532e+05 Fmax= 8.58290e+03, atom= 1744
Step=  381, Dmax= 1.1e-02 nm, Epot= -5.26567e+05 Fmax= 8.81709e+03, atom= 1744
Step=  382, Dmax= 1.4e-02 nm, Epot= -5.26577e+05 Fmax= 1.19025e+04, atom= 1744
Step=  383, Dmax= 1.6e-02 nm, Epot= -5.26600e+05 Fmax= 1.31023e+04, atom= 1744
Step=  384, Dmax= 1.9e-02 nm, Epot= -5.26585e+05 Fmax= 1.67089e+04, atom= 1744
Step=  385, Dmax= 9.7e-03 nm, Epot= -5.26705e+05 Fmax= 1.83025e+03, atom= 1744
Step=  386, Dmax= 1.2e-02 nm, Epot= -5.26748e+05 Fmax= 1.63719e+04, atom= 1744
Step=  387, Dmax= 1.4e-02 nm, Epot= -5.26892e+05 Fmax= 5.16423e+03, atom= 1744
Step=  388, Dmax= 1.7e-02 nm, Epot= -5.26776e+05 Fmax= 2.08478e+04, atom= 1744
Step=  389, Dmax= 8.4e-03 nm, Epot= -5.26919e+05 Fmax= 7.84334e+03, atom= 1744
Step=  390, Dmax= 1.0e-02 nm, Epot= -5.26955e+05 Fmax= 7.63026e+03, atom= 1744
Step=  391, Dmax= 1.2e-02 nm, Epot= -5.26967e+05 Fmax= 1.10636e+04, atom= 1744
Step=  392, Dmax= 1.5e-02 nm, Epot= -5.26999e+05 Fmax= 1.12152e+04, atom= 1744
Step=  393, Dmax= 1.7e-02 nm, Epot= -5.26982e+05 Fmax= 1.56506e+04, atom= 1744
Step=  394, Dmax= 8.7e-03 nm, Epot= -5.27082e+05 Fmax= 2.21954e+03, atom= 1744
Step=  395, Dmax= 1.0e-02 nm, Epot= -5.27115e+05 Fmax= 1.37463e+04, atom= 1744
Step=  396, Dmax= 1.3e-02 nm, Epot= -5.27220e+05 Fmax= 5.63097e+03, atom= 1744
Step=  397, Dmax= 1.5e-02 nm, Epot= -5.27153e+05 Fmax= 1.74300e+04, atom= 1744
Step=  398, Dmax= 7.5e-03 nm, Epot= -5.27253e+05 Fmax= 5.90917e+03, atom= 1744
Step=  399, Dmax= 9.0e-03 nm, Epot= -5.27279e+05 Fmax= 8.05946e+03, atom= 1744
Step=  400, Dmax= 1.1e-02 nm, Epot= -5.27310e+05 Fmax= 8.57007e+03, atom= 1744
Step=  401, Dmax= 1.3e-02 nm, Epot= -5.27321e+05 Fmax= 1.15146e+04, atom= 1744
Step=  402, Dmax= 1.6e-02 nm, Epot= -5.27345e+05 Fmax= 1.24267e+04, atom= 1744
Step=  403, Dmax= 1.9e-02 nm, Epot= -5.27327e+05 Fmax= 1.64389e+04, atom= 1744
Step=  404, Dmax= 9.4e-03 nm, Epot= -5.27442e+05 Fmax= 2.01094e+03, atom= 1744
Step=  405, Dmax= 1.1e-02 nm, Epot= -5.27475e+05 Fmax= 1.51400e+04, atom= 1744
Step=  406, Dmax= 1.4e-02 nm, Epot= -5.27598e+05 Fmax= 5.69833e+03, atom= 1744
Step=  407, Dmax= 1.6e-02 nm, Epot= -5.27503e+05 Fmax= 1.90823e+04, atom= 1744
Step=  408, Dmax= 8.1e-03 nm, Epot= -5.27628e+05 Fmax= 6.70486e+03, atom= 1744
Step=  409, Dmax= 9.7e-03 nm, Epot= -5.27654e+05 Fmax= 8.30699e+03, atom= 1744
Step=  410, Dmax= 1.2e-02 nm, Epot= -5.27678e+05 Fmax= 9.56698e+03, atom= 1744
Step=  411, Dmax= 1.4e-02 nm, Epot= -5.27690e+05 Fmax= 1.20161e+04, atom= 1744
Step=  412, Dmax= 1.7e-02 nm, Epot= -5.27703e+05 Fmax= 1.37129e+04, atom= 1744
Step=  413, Dmax= 2.0e-02 nm, Epot= -5.27686e+05 Fmax= 1.73012e+04, atom= 1744
Step=  414, Dmax= 1.0e-02 nm, Epot= -5.27816e+05 Fmax= 1.80284e+03, atom= 1744
Step=  415, Dmax= 1.2e-02 nm, Epot= -5.27850e+05 Fmax= 1.66219e+04, atom= 1744
Step=  416, Dmax= 1.5e-02 nm, Epot= -5.27995e+05 Fmax= 5.79377e+03, atom= 1744
Step=  417, Dmax= 1.7e-02 nm, Epot= -5.27868e+05 Fmax= 2.08314e+04, atom= 1744
Step=  418, Dmax= 8.7e-03 nm, Epot= -5.28021e+05 Fmax= 7.53760e+03, atom= 1744
Step=  419, Dmax= 1.0e-02 nm, Epot= -5.28048e+05 Fmax= 8.59694e+03, atom= 1744
Step=  420, Dmax= 1.3e-02 nm, Epot= -5.28064e+05 Fmax= 1.06147e+04, atom= 1744
Step=  421, Dmax= 1.5e-02 nm, Epot= -5.28078e+05 Fmax= 1.25792e+04, atom= 1744
Step=  422, Dmax= 1.8e-02 nm, Epot= -5.28078e+05 Fmax= 1.50704e+04, atom= 1744
Step=  423, Dmax= 2.2e-02 nm, Epot= -5.28061e+05 Fmax= 1.82512e+04, atom= 1744
Step=  424, Dmax= 1.1e-02 nm, Epot= -5.28210e+05 Fmax= 1.60515e+03, atom= 1744
Step=  425, Dmax= 1.3e-02 nm, Epot= -5.28247e+05 Fmax= 1.81815e+04, atom= 1744
Step=  426, Dmax= 1.6e-02 nm, Epot= -5.28417e+05 Fmax= 5.93980e+03, atom= 1744
Step=  427, Dmax= 1.9e-02 nm, Epot= -5.28252e+05 Fmax= 2.26594e+04, atom= 1744
Step=  428, Dmax= 9.4e-03 nm, Epot= -5.28438e+05 Fmax= 8.38883e+03, atom= 1744
Step=  429, Dmax= 1.1e-02 nm, Epot= -5.28467e+05 Fmax= 8.95544e+03, atom= 1744
Step=  430, Dmax= 1.3e-02 nm, Epot= -5.28474e+05 Fmax= 1.16940e+04, atom= 1744
Step=  431, Dmax= 1.6e-02 nm, Epot= -5.28489e+05 Fmax= 1.32324e+04, atom= 1744
Step=  432, Dmax= 1.9e-02 nm, Epot= -5.28475e+05 Fmax= 1.64800e+04, atom= 1744
Step=  433, Dmax= 9.7e-03 nm, Epot= -5.28594e+05 Fmax= 1.65143e+03, atom= 1744
Step=  434, Dmax= 1.2e-02 nm, Epot= -5.28631e+05 Fmax= 1.65354e+04, atom= 1744
Step=  435, Dmax= 1.4e-02 nm, Epot= -5.28775e+05 Fmax= 4.93743e+03, atom= 1744
Step=  436, Dmax= 1.7e-02 nm, Epot= -5.28648e+05 Fmax= 2.10091e+04, atom= 1744
Step=  437, Dmax= 8.4e-03 nm, Epot= -5.28796e+05 Fmax= 8.03986e+03, atom= 1744
Step=  438, Dmax= 1.0e-02 nm, Epot= -5.28831e+05 Fmax= 7.38325e+03, atom= 1744
Step=  439, Dmax= 1.2e-02 nm, Epot= -5.28834e+05 Fmax= 1.12588e+04, atom= 1744
Step=  440, Dmax= 1.4e-02 nm, Epot= -5.28867e+05 Fmax= 1.09475e+04, atom= 1744
Step=  441, Dmax= 1.7e-02 nm, Epot= -5.28840e+05 Fmax= 1.58398e+04, atom= 1744
Step=  442, Dmax= 8.7e-03 nm, Epot= -5.28944e+05 Fmax= 2.44709e+03, atom= 1744
Step=  443, Dmax= 1.0e-02 nm, Epot= -5.28957e+05 Fmax= 1.34634e+04, atom= 1744
Step=  444, Dmax= 1.3e-02 nm, Epot= -5.29053e+05 Fmax= 5.85001e+03, atom= 1744
Step=  445, Dmax= 1.5e-02 nm, Epot= -5.28983e+05 Fmax= 1.71338e+04, atom= 1744
Step=  446, Dmax= 7.5e-03 nm, Epot= -5.29085e+05 Fmax= 5.65110e+03, atom= 1744
Step=  447, Dmax= 9.0e-03 nm, Epot= -5.29104e+05 Fmax= 8.27926e+03, atom= 1744
Step=  448, Dmax= 1.1e-02 nm, Epot= -5.29134e+05 Fmax= 8.29491e+03, atom= 1744
Step=  449, Dmax= 1.3e-02 nm, Epot= -5.29137e+05 Fmax= 1.17318e+04, atom= 1744
Step=  450, Dmax= 1.6e-02 nm, Epot= -5.29162e+05 Fmax= 1.21309e+04, atom= 1744
Step=  451, Dmax= 1.9e-02 nm, Epot= -5.29134e+05 Fmax= 1.66487e+04, atom= 1744
Step=  452, Dmax= 9.4e-03 nm, Epot= -5.29252e+05 Fmax= 2.26272e+03, atom= 1744
Step=  453, Dmax= 1.1e-02 nm, Epot= -5.29260e+05 Fmax= 1.48308e+04, atom= 1744
Step=  454, Dmax= 1.3e-02 nm, Epot= -5.29374e+05 Fmax= 5.93575e+03, atom= 1744
Step=  455, Dmax= 1.6e-02 nm, Epot= -5.29277e+05 Fmax= 1.87642e+04, atom= 1744
Step=  456, Dmax= 8.1e-03 nm, Epot= -5.29402e+05 Fmax= 6.42598e+03, atom= 1744
Step=  457, Dmax= 9.7e-03 nm, Epot= -5.29422e+05 Fmax= 8.54253e+03, atom= 1744
Step=  458, Dmax= 1.2e-02 nm, Epot= -5.29446e+05 Fmax= 9.27202e+03, atom= 1744
Step=  459, Dmax= 1.4e-02 nm, Epot= -5.29449e+05 Fmax= 1.22473e+04, atom= 1744
Step=  460, Dmax= 1.7e-02 nm, Epot= -5.29464e+05 Fmax= 1.33977e+04, atom= 1744
Step=  461, Dmax= 2.0e-02 nm, Epot= -5.29435e+05 Fmax= 1.75233e+04, atom= 1744
Step=  462, Dmax= 1.0e-02 nm, Epot= -5.29570e+05 Fmax= 2.06992e+03, atom= 1744
Step=  463, Dmax= 1.2e-02 nm, Epot= -5.29571e+05 Fmax= 1.62972e+04, atom= 1744
Step=  464, Dmax= 1.4e-02 nm, Epot= -5.29707e+05 Fmax= 6.03624e+03, atom= 1744
Step=  465, Dmax= 1.7e-02 nm, Epot= -5.29578e+05 Fmax= 2.05063e+04, atom= 1744
Step=  466, Dmax= 8.7e-03 nm, Epot= -5.29731e+05 Fmax= 7.25111e+03, atom= 1744
Step=  467, Dmax= 1.0e-02 nm, Epot= -5.29751e+05 Fmax= 8.83464e+03, atom= 1744
Step=  468, Dmax= 1.3e-02 nm, Epot= -5.29768e+05 Fmax= 1.03134e+04, atom= 1744
Step=  469, Dmax= 1.5e-02 nm, Epot= -5.29772e+05 Fmax= 1.28106e+04, atom= 1744
Step=  470, Dmax= 1.8e-02 nm, Epot= -5.29776e+05 Fmax= 1.47487e+04, atom= 1744
Step=  471, Dmax= 2.2e-02 nm, Epot= -5.29747e+05 Fmax= 1.84717e+04, atom= 1744
Step=  472, Dmax= 1.1e-02 nm, Epot= -5.29901e+05 Fmax= 1.87379e+03, atom= 1744
Step=  473, Dmax= 1.3e-02 nm, Epot= -5.29896e+05 Fmax= 1.78585e+04, atom= 1744
Step=  474, Dmax= 6.5e-03 nm, Epot= -5.29947e+05 Fmax= 7.96733e+03, atom= 1744
Step=  475, Dmax= 7.8e-03 nm, Epot= -5.29993e+05 Fmax= 4.04221e+03, atom= 1744
Step=  476, Dmax= 9.3e-03 nm, Epot= -5.30000e+05 Fmax= 1.02122e+04, atom= 1744
Step=  477, Dmax= 1.1e-02 nm, Epot= -5.30052e+05 Fmax= 7.06262e+03, atom= 1744
Step=  478, Dmax= 1.3e-02 nm, Epot= -5.30027e+05 Fmax= 1.35056e+04, atom= 1744
Step=  479, Dmax= 6.7e-03 nm, Epot= -5.30092e+05 Fmax= 3.22870e+03, atom= 1744
Step=  480, Dmax= 8.1e-03 nm, Epot= -5.30110e+05 Fmax= 9.27749e+03, atom= 1744
Step=  481, Dmax= 9.7e-03 nm, Epot= -5.30160e+05 Fmax= 5.55333e+03, atom= 1744
Step=  482, Dmax= 1.2e-02 nm, Epot= -5.30145e+05 Fmax= 1.23961e+04, atom= 1744
Step=  483, Dmax= 5.8e-03 nm, Epot= -5.30193e+05 Fmax= 3.41884e+03, atom= 1744
Step=  484, Dmax= 7.0e-03 nm, Epot= -5.30217e+05 Fmax= 7.21263e+03, atom= 1744
Step=  485, Dmax= 8.4e-03 nm, Epot= -5.30252e+05 Fmax= 5.69965e+03, atom= 1744
Step=  486, Dmax= 1.0e-02 nm, Epot= -5.30260e+05 Fmax= 9.64943e+03, atom= 1744
Step=  487, Dmax= 1.2e-02 nm, Epot= -5.30294e+05 Fmax= 8.92117e+03, atom= 1744
Step=  488, Dmax= 1.4e-02 nm, Epot= -5.30281e+05 Fmax= 1.31981e+04, atom= 1744
Step=  489, Dmax= 7.2e-03 nm, Epot= -5.30349e+05 Fmax= 2.14926e+03, atom= 1744
Step=  490, Dmax= 8.7e-03 nm, Epot= -5.30375e+05 Fmax= 1.13528e+04, atom= 1744
Step=  491, Dmax= 1.0e-02 nm, Epot= -5.30448e+05 Fmax= 4.60114e+03, atom= 1744
Step=  492, Dmax= 1.2e-02 nm, Epot= -5.30408e+05 Fmax= 1.47214e+04, atom= 1744
Step=  493, Dmax= 6.2e-03 nm, Epot= -5.30475e+05 Fmax= 5.05725e+03, atom= 1744
Step=  494, Dmax= 7.5e-03 nm, Epot= -5.30499e+05 Fmax= 6.39677e+03, atom= 1744
Step=  495, Dmax= 9.0e-03 nm, Epot= -5.30522e+05 Fmax= 7.49028e+03, atom= 1744
Step=  496, Dmax= 1.1e-02 nm, Epot= -5.30539e+05 Fmax= 9.02437e+03, atom= 1744
Step=  497, Dmax= 1.3e-02 nm, Epot= -5.30551e+05 Fmax= 1.09403e+04, atom= 1744
Step=  498, Dmax= 1.6e-02 nm, Epot= -5.30558e+05 Fmax= 1.28420e+04, atom= 1744
Step=  499, Dmax= 1.9e-02 nm, Epot= -5.30546e+05 Fmax= 1.58486e+04, atom= 1744
Step=  500, Dmax= 9.3e-03 nm, Epot= -5.30656e+05 Fmax= 1.50967e+03, atom= 1744
Step=  501, Dmax= 1.1e-02 nm, Epot= -5.30694e+05 Fmax= 1.54435e+04, atom= 1744
Step=  502, Dmax= 1.3e-02 nm, Epot= -5.30818e+05 Fmax= 5.28657e+03, atom= 1744
Step=  503, Dmax= 1.6e-02 nm, Epot= -5.30708e+05 Fmax= 1.93037e+04, atom= 1744
Step=  504, Dmax= 8.1e-03 nm, Epot= -5.30839e+05 Fmax= 7.02576e+03, atom= 1744
Step=  505, Dmax= 9.7e-03 nm, Epot= -5.30862e+05 Fmax= 7.90304e+03, atom= 1744
Step=  506, Dmax= 1.2e-02 nm, Epot= -5.30874e+05 Fmax= 9.84906e+03, atom= 1744
Step=  507, Dmax= 1.4e-02 nm, Epot= -5.30885e+05 Fmax= 1.16084e+04, atom= 1744
Step=  508, Dmax= 1.7e-02 nm, Epot= -5.30884e+05 Fmax= 1.39518e+04, atom= 1744
Step=  509, Dmax= 8.3e-03 nm, Epot= -5.30967e+05 Fmax= 1.19076e+03, atom= 1744
Step=  510, Dmax= 1.0e-02 nm, Epot= -5.31036e+05 Fmax= 1.45829e+04, atom= 1744
Step=  511, Dmax= 1.2e-02 nm, Epot= -5.31150e+05 Fmax= 3.88403e+03, atom= 1744
Step=  512, Dmax= 1.4e-02 nm, Epot= -5.31064e+05 Fmax= 1.84817e+04, atom= 1744
Step=  513, Dmax= 7.2e-03 nm, Epot= -5.31170e+05 Fmax= 7.30487e+03, atom= 1744
Step=  514, Dmax= 8.7e-03 nm, Epot= -5.31203e+05 Fmax= 5.95335e+03, atom= 1744
Step=  515, Dmax= 1.0e-02 nm, Epot= -5.31206e+05 Fmax= 1.01046e+04, atom= 1744
Step=  516, Dmax= 1.2e-02 nm, Epot= -5.31241e+05 Fmax= 8.99210e+03, atom= 1744
Step=  517, Dmax= 1.5e-02 nm, Epot= -5.31216e+05 Fmax= 1.40758e+04, atom= 1744
Step=  518, Dmax= 7.5e-03 nm, Epot= -5.31295e+05 Fmax= 2.54104e+03, atom= 1744
Step=  519, Dmax= 9.0e-03 nm, Epot= -5.31308e+05 Fmax= 1.11207e+04, atom= 1744
Step=  520, Dmax= 1.1e-02 nm, Epot= -5.31375e+05 Fmax= 5.49421e+03, atom= 1744
Step=  521, Dmax= 1.3e-02 nm, Epot= -5.31335e+05 Fmax= 1.42622e+04, atom= 1744
Step=  522, Dmax= 6.5e-03 nm, Epot= -5.31404e+05 Fmax= 4.39027e+03, atom= 1744
Step=  523, Dmax= 7.8e-03 nm, Epot= -5.31420e+05 Fmax= 7.61354e+03, atom= 1744
Step=  524, Dmax= 9.3e-03 nm, Epot= -5.31452e+05 Fmax= 6.63514e+03, atom= 1744
Step=  525, Dmax= 1.1e-02 nm, Epot= -5.31451e+05 Fmax= 1.06124e+04, atom= 1744
Step=  526, Dmax= 5.6e-03 nm, Epot= -5.31489e+05 Fmax= 1.98736e+03, atom= 1744
Step=  527, Dmax= 6.7e-03 nm, Epot= -5.31524e+05 Fmax= 8.17622e+03, atom= 1744
Step=  528, Dmax= 8.0e-03 nm, Epot= -5.31569e+05 Fmax= 4.23994e+03, atom= 1744
Step=  529, Dmax= 9.6e-03 nm, Epot= -5.31567e+05 Fmax= 1.04920e+04, atom= 1744
Step=  530, Dmax= 4.8e-03 nm, Epot= -5.31595e+05 Fmax= 3.12932e+03, atom= 1744
Step=  531, Dmax= 5.8e-03 nm, Epot= -5.31620e+05 Fmax= 5.85874e+03, atom= 1744
Step=  532, Dmax= 6.9e-03 nm, Epot= -5.31649e+05 Fmax= 4.77022e+03, atom= 1744
Step=  533, Dmax= 8.3e-03 nm, Epot= -5.31662e+05 Fmax= 8.13288e+03, atom= 1744
Step=  534, Dmax= 1.0e-02 nm, Epot= -5.31693e+05 Fmax= 7.18680e+03, atom= 1744
Step=  535, Dmax= 1.2e-02 nm, Epot= -5.31688e+05 Fmax= 1.13494e+04, atom= 1744
Step=  536, Dmax= 6.0e-03 nm, Epot= -5.31734e+05 Fmax= 2.07986e+03, atom= 1744
Step=  537, Dmax= 7.2e-03 nm, Epot= -5.31764e+05 Fmax= 8.85100e+03, atom= 1744
Step=  538, Dmax= 8.6e-03 nm, Epot= -5.31813e+05 Fmax= 4.49331e+03, atom= 1744
Step=  539, Dmax= 1.0e-02 nm, Epot= -5.31803e+05 Fmax= 1.13470e+04, atom= 1744
Step=  540, Dmax= 5.2e-03 nm, Epot= -5.31839e+05 Fmax= 3.43079e+03, atom= 1744
Step=  541, Dmax= 6.2e-03 nm, Epot= -5.31862e+05 Fmax= 6.22400e+03, atom= 1744
Step=  542, Dmax= 7.5e-03 nm, Epot= -5.31891e+05 Fmax= 5.20370e+03, atom= 1744
Step=  543, Dmax= 9.0e-03 nm, Epot= -5.31901e+05 Fmax= 8.65967e+03, atom= 1744
Step=  544, Dmax= 1.1e-02 nm, Epot= -5.31931e+05 Fmax= 7.80932e+03, atom= 1744
Step=  545, Dmax= 1.3e-02 nm, Epot= -5.31921e+05 Fmax= 1.21081e+04, atom= 1744
Step=  546, Dmax= 6.5e-03 nm, Epot= -5.31976e+05 Fmax= 2.14814e+03, atom= 1744
Step=  547, Dmax= 7.7e-03 nm, Epot= -5.32001e+05 Fmax= 9.60800e+03, atom= 1744
Step=  548, Dmax= 9.3e-03 nm, Epot= -5.32056e+05 Fmax= 4.73350e+03, atom= 1744
Step=  549, Dmax= 1.1e-02 nm, Epot= -5.32036e+05 Fmax= 1.22979e+04, atom= 1744
Step=  550, Dmax= 5.6e-03 nm, Epot= -5.32082e+05 Fmax= 3.78652e+03, atom= 1744
Step=  551, Dmax= 6.7e-03 nm, Epot= -5.32102e+05 Fmax= 6.58357e+03, atom= 1744
Step=  552, Dmax= 8.0e-03 nm, Epot= -5.32130e+05 Fmax= 5.70290e+03, atom= 1744
Step=  553, Dmax= 9.6e-03 nm, Epot= -5.32137e+05 Fmax= 9.19161e+03, atom= 1744
Step=  554, Dmax= 1.2e-02 nm, Epot= -5.32166e+05 Fmax= 8.51291e+03, atom= 1744
Step=  555, Dmax= 1.4e-02 nm, Epot= -5.32151e+05 Fmax= 1.28877e+04, atom= 1744
Step=  556, Dmax= 6.9e-03 nm, Epot= -5.32216e+05 Fmax= 2.18664e+03, atom= 1744
Step=  557, Dmax= 8.3e-03 nm, Epot= -5.32235e+05 Fmax= 1.04555e+04, atom= 1744
Step=  558, Dmax= 1.0e-02 nm, Epot= -5.32297e+05 Fmax= 4.95801e+03, atom= 1744
Step=  559, Dmax= 1.2e-02 nm, Epot= -5.32265e+05 Fmax= 1.33532e+04, atom= 1744
Step=  560, Dmax= 6.0e-03 nm, Epot= -5.32323e+05 Fmax= 4.20297e+03, atom= 1744
Step=  561, Dmax= 7.2e-03 nm, Epot= -5.32340e+05 Fmax= 6.93556e+03, atom= 1744
Step=  562, Dmax= 8.6e-03 nm, Epot= -5.32368e+05 Fmax= 6.27394e+03, atom= 1744
Step=  563, Dmax= 1.0e-02 nm, Epot= -5.32372e+05 Fmax= 9.72841e+03, atom= 1744
Step=  564, Dmax= 1.2e-02 nm, Epot= -5.32399e+05 Fmax= 9.30333e+03, atom= 1744
Step=  565, Dmax= 1.5e-02 nm, Epot= -5.32379e+05 Fmax= 1.36903e+04, atom= 1744
Step=  566, Dmax= 7.5e-03 nm, Epot= -5.32455e+05 Fmax= 2.19335e+03, atom= 1744
Step=  567, Dmax= 8.9e-03 nm, Epot= -5.32469e+05 Fmax= 1.14004e+04, atom= 1744
Step=  568, Dmax= 1.1e-02 nm, Epot= -5.32538e+05 Fmax= 5.16596e+03, atom= 1744
Step=  569, Dmax= 1.3e-02 nm, Epot= -5.32492e+05 Fmax= 1.45202e+04, atom= 1744
Step=  570, Dmax= 6.4e-03 nm, Epot= -5.32564e+05 Fmax= 4.68352e+03, atom= 1744
Step=  571, Dmax= 7.7e-03 nm, Epot= -5.32579e+05 Fmax= 7.28115e+03, atom= 1744
Step=  572, Dmax= 9.3e-03 nm, Epot= -5.32605e+05 Fmax= 6.92009e+03, atom= 1744
Step=  573, Dmax= 1.1e-02 nm, Epot= -5.32606e+05 Fmax= 1.02725e+04, atom= 1744
Step=  574, Dmax= 1.3e-02 nm, Epot= -5.32631e+05 Fmax= 1.01849e+04, atom= 1744
Step=  575, Dmax= 1.6e-02 nm, Epot= -5.32607e+05 Fmax= 1.45201e+04, atom= 1744
Step=  576, Dmax= 8.0e-03 nm, Epot= -5.32695e+05 Fmax= 2.16809e+03, atom= 1744
Step=  577, Dmax= 9.6e-03 nm, Epot= -5.32702e+05 Fmax= 1.24478e+04, atom= 1744
Step=  578, Dmax= 1.2e-02 nm, Epot= -5.32782e+05 Fmax= 5.35845e+03, atom= 1744
Step=  579, Dmax= 1.4e-02 nm, Epot= -5.32718e+05 Fmax= 1.58051e+04, atom= 1744
Step=  580, Dmax= 6.9e-03 nm, Epot= -5.32806e+05 Fmax= 5.23093e+03, atom= 1744
Step=  581, Dmax= 8.3e-03 nm, Epot= -5.32821e+05 Fmax= 7.62142e+03, atom= 1744
Step=  582, Dmax= 1.0e-02 nm, Epot= -5.32843e+05 Fmax= 7.64560e+03, atom= 1744
Step=  583, Dmax= 1.2e-02 nm, Epot= -5.32843e+05 Fmax= 1.08257e+04, atom= 1744
Step=  584, Dmax= 6.0e-03 nm, Epot= -5.32886e+05 Fmax= 1.58932e+03, atom= 1744
Step=  585, Dmax= 7.2e-03 nm, Epot= -5.32926e+05 Fmax= 9.26572e+03, atom= 1744
Step=  586, Dmax= 8.6e-03 nm, Epot= -5.32978e+05 Fmax= 4.03805e+03, atom= 1744
Step=  587, Dmax= 1.0e-02 nm, Epot= -5.32963e+05 Fmax= 1.17416e+04, atom= 1744
Step=  588, Dmax= 5.2e-03 nm, Epot= -5.33002e+05 Fmax= 3.85543e+03, atom= 1744
Step=  589, Dmax= 6.2e-03 nm, Epot= -5.33022e+05 Fmax= 5.76085e+03, atom= 1744
Step=  590, Dmax= 7.4e-03 nm, Epot= -5.33046e+05 Fmax= 5.62756e+03, atom= 1744
Step=  591, Dmax= 8.9e-03 nm, Epot= -5.33057e+05 Fmax= 8.18632e+03, atom= 1744
Step=  592, Dmax= 1.1e-02 nm, Epot= -5.33080e+05 Fmax= 8.22895e+03, atom= 1744
Step=  593, Dmax= 1.3e-02 nm, Epot= -5.33074e+05 Fmax= 1.16215e+04, atom= 1744
Step=  594, Dmax= 6.4e-03 nm, Epot= -5.33127e+05 Fmax= 1.69548e+03, atom= 1744
Step=  595, Dmax= 7.7e-03 nm, Epot= -5.33160e+05 Fmax= 9.98874e+03, atom= 1744
Step=  596, Dmax= 9.3e-03 nm, Epot= -5.33217e+05 Fmax= 4.30955e+03, atom= 1744
Step=  597, Dmax= 1.1e-02 nm, Epot= -5.33192e+05 Fmax= 1.26599e+04, atom= 1744
Step=  598, Dmax= 5.6e-03 nm, Epot= -5.33240e+05 Fmax= 4.17975e+03, atom= 1744
Step=  599, Dmax= 6.7e-03 nm, Epot= -5.33259e+05 Fmax= 6.15075e+03, atom= 1744
Step=  600, Dmax= 8.0e-03 nm, Epot= -5.33282e+05 Fmax= 6.09451e+03, atom= 1744
Step=  601, Dmax= 9.6e-03 nm, Epot= -5.33290e+05 Fmax= 8.74756e+03, atom= 1744
Step=  602, Dmax= 1.2e-02 nm, Epot= -5.33312e+05 Fmax= 8.89990e+03, atom= 1744
Step=  603, Dmax= 1.4e-02 nm, Epot= -5.33302e+05 Fmax= 1.24292e+04, atom= 1744
Step=  604, Dmax= 6.9e-03 nm, Epot= -5.33364e+05 Fmax= 1.76428e+03, atom= 1744
Step=  605, Dmax= 8.3e-03 nm, Epot= -5.33390e+05 Fmax= 1.08078e+04, atom= 1744
Step=  606, Dmax= 1.0e-02 nm, Epot= -5.33454e+05 Fmax= 4.55948e+03, atom= 1744
Step=  607, Dmax= 1.2e-02 nm, Epot= -5.33417e+05 Fmax= 1.36879e+04, atom= 1744
Step=  608, Dmax= 6.0e-03 nm, Epot= -5.33477e+05 Fmax= 4.56944e+03, atom= 1744
Step=  609, Dmax= 7.2e-03 nm, Epot= -5.33494e+05 Fmax= 6.52769e+03, atom= 1744
Step=  610, Dmax= 8.6e-03 nm, Epot= -5.33516e+05 Fmax= 6.63889e+03, atom= 1744
Step=  611, Dmax= 1.0e-02 nm, Epot= -5.33523e+05 Fmax= 9.30777e+03, atom= 1744
Step=  612, Dmax= 1.2e-02 nm, Epot= -5.33542e+05 Fmax= 9.66388e+03, atom= 1744
Step=  613, Dmax= 1.5e-02 nm, Epot= -5.33528e+05 Fmax= 1.32532e+04, atom= 1744
Step=  614, Dmax= 7.4e-03 nm, Epot= -5.33601e+05 Fmax= 1.79511e+03, atom= 1744
Step=  615, Dmax= 8.9e-03 nm, Epot= -5.33620e+05 Fmax= 1.17296e+04, atom= 1744
Step=  616, Dmax= 1.1e-02 nm, Epot= -5.33694e+05 Fmax= 4.78717e+03, atom= 1744
Step=  617, Dmax= 1.3e-02 nm, Epot= -5.33640e+05 Fmax= 1.48331e+04, atom= 1744
Step=  618, Dmax= 6.4e-03 nm, Epot= -5.33715e+05 Fmax= 5.02967e+03, atom= 1744
Step=  619, Dmax= 7.7e-03 nm, Epot= -5.33730e+05 Fmax= 6.89111e+03, atom= 1744
Step=  620, Dmax= 9.2e-03 nm, Epot= -5.33751e+05 Fmax= 7.26554e+03, atom= 1744
Step=  621, Dmax= 1.1e-02 nm, Epot= -5.33755e+05 Fmax= 9.86736e+03, atom= 1744
Step=  622, Dmax= 1.3e-02 nm, Epot= -5.33771e+05 Fmax= 1.05268e+04, atom= 1744
Step=  623, Dmax= 1.6e-02 nm, Epot= -5.33754e+05 Fmax= 1.40953e+04, atom= 1744
Step=  624, Dmax= 8.0e-03 nm, Epot= -5.33839e+05 Fmax= 1.78587e+03, atom= 1744
Step=  625, Dmax= 9.6e-03 nm, Epot= -5.33850e+05 Fmax= 1.27608e+04, atom= 1744
Step=  626, Dmax= 1.2e-02 nm, Epot= -5.33935e+05 Fmax= 4.99319e+03, atom= 1744
Step=  627, Dmax= 1.4e-02 nm, Epot= -5.33864e+05 Fmax= 1.61016e+04, atom= 1744
Step=  628, Dmax= 6.9e-03 nm, Epot= -5.33955e+05 Fmax= 5.56267e+03, atom= 1744
Step=  629, Dmax= 8.3e-03 nm, Epot= -5.33970e+05 Fmax= 7.24362e+03, atom= 1744
Step=  630, Dmax= 9.9e-03 nm, Epot= -5.33988e+05 Fmax= 7.97658e+03, atom= 1744
Step=  631, Dmax= 1.2e-02 nm, Epot= -5.33991e+05 Fmax= 1.04309e+04, atom= 1744
Step=  632, Dmax= 1.4e-02 nm, Epot= -5.34002e+05 Fmax= 1.14917e+04, atom= 1744
Step=  633, Dmax= 1.7e-02 nm, Epot= -5.33982e+05 Fmax= 1.49620e+04, atom= 1744
Step=  634, Dmax= 8.6e-03 nm, Epot= -5.34080e+05 Fmax= 1.73812e+03, atom= 1744
Step=  635, Dmax= 1.0e-02 nm, Epot= -5.34085e+05 Fmax= 1.39061e+04, atom= 1744
Step=  636, Dmax= 1.2e-02 nm, Epot= -5.34183e+05 Fmax= 5.17976e+03, atom= 1744
Step=  637, Dmax= 1.5e-02 nm, Epot= -5.34091e+05 Fmax= 1.74989e+04, atom= 1744
Step=  638, Dmax= 7.4e-03 nm, Epot= -5.34202e+05 Fmax= 6.17047e+03, atom= 1744
Step=  639, Dmax= 8.9e-03 nm, Epot= -5.34216e+05 Fmax= 7.58805e+03, atom= 1744
Step=  640, Dmax= 1.1e-02 nm, Epot= -5.34230e+05 Fmax= 8.77561e+03, atom= 1744
Step=  641, Dmax= 1.3e-02 nm, Epot= -5.34233e+05 Fmax= 1.10017e+04, atom= 1744
Step=  642, Dmax= 1.5e-02 nm, Epot= -5.34237e+05 Fmax= 1.25627e+04, atom= 1744
Step=  643, Dmax= 1.8e-02 nm, Epot= -5.34215e+05 Fmax= 1.58580e+04, atom= 1744
Step=  644, Dmax= 9.2e-03 nm, Epot= -5.34327e+05 Fmax= 1.65334e+03, atom= 1744
Step=  645, Dmax= 1.1e-02 nm, Epot= -5.34326e+05 Fmax= 1.51685e+04, atom= 1744
Step=  646, Dmax= 5.5e-03 nm, Epot= -5.34362e+05 Fmax= 6.74320e+03, atom= 1744
Step=  647, Dmax= 6.6e-03 nm, Epot= -5.34395e+05 Fmax= 3.52485e+03, atom= 1744
Step=  648, Dmax= 8.0e-03 nm, Epot= -5.34401e+05 Fmax= 8.65083e+03, atom= 1744
Step=  649, Dmax= 9.6e-03 nm, Epot= -5.34439e+05 Fmax= 6.11890e+03, atom= 1744
Step=  650, Dmax= 1.1e-02 nm, Epot= -5.34422e+05 Fmax= 1.14591e+04, atom= 1744
Step=  651, Dmax= 5.7e-03 nm, Epot= -5.34469e+05 Fmax= 2.67493e+03, atom= 1744
Step=  652, Dmax= 6.9e-03 nm, Epot= -5.34483e+05 Fmax= 8.02864e+03, atom= 1744
Step=  653, Dmax= 8.3e-03 nm, Epot= -5.34521e+05 Fmax= 4.64632e+03, atom= 1744
Step=  654, Dmax= 9.9e-03 nm, Epot= -5.34511e+05 Fmax= 1.07055e+04, atom= 1744
Step=  655, Dmax= 5.0e-03 nm, Epot= -5.34546e+05 Fmax= 3.02796e+03, atom= 1744
Step=  656, Dmax= 6.0e-03 nm, Epot= -5.34564e+05 Fmax= 6.05431e+03, atom= 1744
Step=  657, Dmax= 7.1e-03 nm, Epot= -5.34589e+05 Fmax= 4.98576e+03, atom= 1744
Step=  658, Dmax= 8.6e-03 nm, Epot= -5.34597e+05 Fmax= 8.13100e+03, atom= 1744
Step=  659, Dmax= 1.0e-02 nm, Epot= -5.34621e+05 Fmax= 7.74595e+03, atom= 1744
Step=  660, Dmax= 1.2e-02 nm, Epot= -5.34614e+05 Fmax= 1.11637e+04, atom= 1744
Step=  661, Dmax= 6.2e-03 nm, Epot= -5.34662e+05 Fmax= 1.71580e+03, atom= 1744
Step=  662, Dmax= 7.4e-03 nm, Epot= -5.34687e+05 Fmax= 9.84762e+03, atom= 1744
Step=  663, Dmax= 8.9e-03 nm, Epot= -5.34742e+05 Fmax= 3.78939e+03, atom= 1744
Step=  664, Dmax= 1.1e-02 nm, Epot= -5.34714e+05 Fmax= 1.27352e+04, atom= 1744
Step=  665, Dmax= 5.3e-03 nm, Epot= -5.34762e+05 Fmax= 4.47063e+03, atom= 1744
Step=  666, Dmax= 6.4e-03 nm, Epot= -5.34781e+05 Fmax= 5.31906e+03, atom= 1744
Step=  667, Dmax= 7.7e-03 nm, Epot= -5.34798e+05 Fmax= 6.55362e+03, atom= 1744
Step=  668, Dmax= 9.2e-03 nm, Epot= -5.34813e+05 Fmax= 7.56361e+03, atom= 1744
Step=  669, Dmax= 1.1e-02 nm, Epot= -5.34820e+05 Fmax= 9.50422e+03, atom= 1744
Step=  670, Dmax= 1.3e-02 nm, Epot= -5.34829e+05 Fmax= 1.08321e+04, atom= 1744
Step=  671, Dmax= 1.6e-02 nm, Epot= -5.34817e+05 Fmax= 1.37015e+04, atom= 1744
Step=  672, Dmax= 8.0e-03 nm, Epot= -5.34899e+05 Fmax= 1.43681e+03, atom= 1744
Step=  673, Dmax= 9.6e-03 nm, Epot= -5.34921e+05 Fmax= 1.30586e+04, atom= 1744
Step=  674, Dmax= 1.1e-02 nm, Epot= -5.35010e+05 Fmax= 4.64125e+03, atom= 1744
Step=  675, Dmax= 1.4e-02 nm, Epot= -5.34932e+05 Fmax= 1.63930e+04, atom= 1744
Step=  676, Dmax= 6.9e-03 nm, Epot= -5.35026e+05 Fmax= 5.88618e+03, atom= 1744
Step=  677, Dmax= 8.3e-03 nm, Epot= -5.35043e+05 Fmax= 6.86973e+03, atom= 1744
Step=  678, Dmax= 9.9e-03 nm, Epot= -5.35054e+05 Fmax= 8.30859e+03, atom= 1744
Step=  679, Dmax= 1.2e-02 nm, Epot= -5.35061e+05 Fmax= 1.00301e+04, atom= 1744
Step=  680, Dmax= 1.4e-02 nm, Epot= -5.35063e+05 Fmax= 1.18304e+04, atom= 1744
Step=  681, Dmax= 1.7e-02 nm, Epot= -5.35051e+05 Fmax= 1.45281e+04, atom= 1744
Step=  682, Dmax= 8.6e-03 nm, Epot= -5.35145e+05 Fmax= 1.35325e+03, atom= 1744
Step=  683, Dmax= 1.0e-02 nm, Epot= -5.35163e+05 Fmax= 1.42340e+04, atom= 1744
Step=  684, Dmax= 1.2e-02 nm, Epot= -5.35267e+05 Fmax= 4.79749e+03, atom= 1744
Step=  685, Dmax= 1.5e-02 nm, Epot= -5.35166e+05 Fmax= 1.78153e+04, atom= 1744
Step=  686, Dmax= 7.4e-03 nm, Epot= -5.35281e+05 Fmax= 6.52304e+03, atom= 1744
Step=  687, Dmax= 8.9e-03 nm, Epot= -5.35298e+05 Fmax= 7.18205e+03, atom= 1744
Step=  688, Dmax= 1.1e-02 nm, Epot= -5.35304e+05 Fmax= 9.13786e+03, atom= 1744
Step=  689, Dmax= 1.3e-02 nm, Epot= -5.35312e+05 Fmax= 1.05654e+04, atom= 1744
Step=  690, Dmax= 1.5e-02 nm, Epot= -5.35306e+05 Fmax= 1.29338e+04, atom= 1744
Step=  691, Dmax= 7.7e-03 nm, Epot= -5.35378e+05 Fmax= 1.19890e+03, atom= 1744
Step=  692, Dmax= 9.2e-03 nm, Epot= -5.35411e+05 Fmax= 1.32147e+04, atom= 1744
Step=  693, Dmax= 1.1e-02 nm, Epot= -5.35503e+05 Fmax= 3.75241e+03, atom= 1744
Step=  694, Dmax= 1.3e-02 nm, Epot= -5.35423e+05 Fmax= 1.67557e+04, atom= 1744
Step=  695, Dmax= 6.6e-03 nm, Epot= -5.35516e+05 Fmax= 6.50400e+03, atom= 1744
Step=  696, Dmax= 7.9e-03 nm, Epot= -5.35539e+05 Fmax= 5.68488e+03, atom= 1744
Step=  697, Dmax= 9.5e-03 nm, Epot= -5.35540e+05 Fmax= 9.04746e+03, atom= 1744
Step=  698, Dmax= 1.1e-02 nm, Epot= -5.35563e+05 Fmax= 8.50888e+03, atom= 1744
Step=  699, Dmax= 1.4e-02 nm, Epot= -5.35544e+05 Fmax= 1.26663e+04, atom= 1744
Step=  700, Dmax= 6.9e-03 nm, Epot= -5.35609e+05 Fmax= 2.07774e+03, atom= 1744
Step=  701, Dmax= 8.2e-03 nm, Epot= -5.35616e+05 Fmax= 1.04936e+04, atom= 1744
Step=  702, Dmax= 9.9e-03 nm, Epot= -5.35675e+05 Fmax= 4.75919e+03, atom= 1744
Step=  703, Dmax= 1.2e-02 nm, Epot= -5.35633e+05 Fmax= 1.34125e+04, atom= 1744
Step=  704, Dmax= 5.9e-03 nm, Epot= -5.35695e+05 Fmax= 4.33185e+03, atom= 1744
Step=  705, Dmax= 7.1e-03 nm, Epot= -5.35708e+05 Fmax= 6.67362e+03, atom= 1744
Step=  706, Dmax= 8.5e-03 nm, Epot= -5.35728e+05 Fmax= 6.42860e+03, atom= 1744
Step=  707, Dmax= 1.0e-02 nm, Epot= -5.35728e+05 Fmax= 9.39439e+03, atom= 1744
Step=  708, Dmax= 1.2e-02 nm, Epot= -5.35746e+05 Fmax= 9.47636e+03, atom= 1744
Step=  709, Dmax= 1.5e-02 nm, Epot= -5.35727e+05 Fmax= 1.32721e+04, atom= 1744
Step=  710, Dmax= 7.4e-03 nm, Epot= -5.35801e+05 Fmax= 1.89806e+03, atom= 1744
Step=  711, Dmax= 8.9e-03 nm, Epot= -5.35805e+05 Fmax= 1.16167e+04, atom= 1744
Step=  712, Dmax= 1.1e-02 nm, Epot= -5.35874e+05 Fmax= 4.77812e+03, atom= 1744
Step=  713, Dmax= 1.3e-02 nm, Epot= -5.35816e+05 Fmax= 1.47578e+04, atom= 1744
Step=  714, Dmax= 6.4e-03 nm, Epot= -5.35893e+05 Fmax= 4.99629e+03, atom= 1744
Step=  715, Dmax= 7.7e-03 nm, Epot= -5.35904e+05 Fmax= 6.82440e+03, atom= 1744
Step=  716, Dmax= 9.2e-03 nm, Epot= -5.35921e+05 Fmax= 7.26217e+03, atom= 1744
Step=  717, Dmax= 1.1e-02 nm, Epot= -5.35922e+05 Fmax= 9.73676e+03, atom= 1744
Step=  718, Dmax= 1.3e-02 nm, Epot= -5.35934e+05 Fmax= 1.05484e+04, atom= 1744
Step=  719, Dmax= 1.6e-02 nm, Epot= -5.35915e+05 Fmax= 1.38915e+04, atom= 1744
Step=  720, Dmax= 7.9e-03 nm, Epot= -5.35999e+05 Fmax= 1.67301e+03, atom= 1744
Step=  721, Dmax= 9.5e-03 nm, Epot= -5.36000e+05 Fmax= 1.28565e+04, atom= 1744
Step=  722, Dmax= 1.1e-02 nm, Epot= -5.36085e+05 Fmax= 4.76994e+03, atom= 1744
Step=  723, Dmax= 1.4e-02 nm, Epot= -5.36005e+05 Fmax= 1.62318e+04, atom= 1744
Step=  724, Dmax= 6.9e-03 nm, Epot= -5.36100e+05 Fmax= 5.73995e+03, atom= 1744
Step=  725, Dmax= 8.2e-03 nm, Epot= -5.36114e+05 Fmax= 6.95848e+03, atom= 1744
Step=  726, Dmax= 9.9e-03 nm, Epot= -5.36124e+05 Fmax= 8.18612e+03, atom= 1744
Step=  727, Dmax= 1.2e-02 nm, Epot= -5.36128e+05 Fmax= 1.00770e+04, atom= 1744
Step=  728, Dmax= 1.4e-02 nm, Epot= -5.36130e+05 Fmax= 1.17278e+04, atom= 1744
Step=  729, Dmax= 1.7e-02 nm, Epot= -5.36114e+05 Fmax= 1.45292e+04, atom= 1744
Step=  730, Dmax= 8.5e-03 nm, Epot= -5.36208e+05 Fmax= 1.40491e+03, atom= 1744
Step=  731, Dmax= 1.0e-02 nm, Epot= -5.36212e+05 Fmax= 1.42139e+04, atom= 1744
Step=  732, Dmax= 1.2e-02 nm, Epot= -5.36315e+05 Fmax= 4.74348e+03, atom= 1744
Step=  733, Dmax= 1.5e-02 nm, Epot= -5.36210e+05 Fmax= 1.78295e+04, atom= 1744
Step=  734, Dmax= 7.4e-03 nm, Epot= -5.36326e+05 Fmax= 6.55680e+03, atom= 1744
Step=  735, Dmax= 8.8e-03 nm, Epot= -5.36342e+05 Fmax= 7.08778e+03, atom= 1744
Step=  736, Dmax= 1.1e-02 nm, Epot= -5.36345e+05 Fmax= 9.19453e+03, atom= 1744
Step=  737, Dmax= 1.3e-02 nm, Epot= -5.36353e+05 Fmax= 1.04284e+04, atom= 1744
Step=  738, Dmax= 1.5e-02 nm, Epot= -5.36343e+05 Fmax= 1.30096e+04, atom= 1744
Step=  739, Dmax= 7.6e-03 nm, Epot= -5.36417e+05 Fmax= 1.30506e+03, atom= 1744
Step=  740, Dmax= 9.2e-03 nm, Epot= -5.36433e+05 Fmax= 1.29635e+04, atom= 1744
Step=  741, Dmax= 1.1e-02 nm, Epot= -5.36520e+05 Fmax= 3.95455e+03, atom= 1744
Step=  742, Dmax= 1.3e-02 nm, Epot= -5.36439e+05 Fmax= 1.64437e+04, atom= 1744
Step=  743, Dmax= 6.6e-03 nm, Epot= -5.36532e+05 Fmax= 6.24543e+03, atom= 1744
Step=  744, Dmax= 7.9e-03 nm, Epot= -5.36551e+05 Fmax= 5.91518e+03, atom= 1744
Step=  745, Dmax= 9.5e-03 nm, Epot= -5.36553e+05 Fmax= 8.74867e+03, atom= 1744
Step=  746, Dmax= 1.1e-02 nm, Epot= -5.36570e+05 Fmax= 8.76259e+03, atom= 1744
Step=  747, Dmax= 1.4e-02 nm, Epot= -5.36555e+05 Fmax= 1.23242e+04, atom= 1744
Step=  748, Dmax= 6.8e-03 nm, Epot= -5.36618e+05 Fmax= 1.78029e+03, atom= 1744
Step=  749, Dmax= 8.2e-03 nm, Epot= -5.36626e+05 Fmax= 1.07842e+04, atom= 1744
Step=  750, Dmax= 9.9e-03 nm, Epot= -5.36687e+05 Fmax= 4.41080e+03, atom= 1744
Step=  751, Dmax= 1.2e-02 nm, Epot= -5.36639e+05 Fmax= 1.37250e+04, atom= 1744
Step=  752, Dmax= 5.9e-03 nm, Epot= -5.36704e+05 Fmax= 4.66224e+03, atom= 1744
Step=  753, Dmax= 7.1e-03 nm, Epot= -5.36716e+05 Fmax= 6.28791e+03, atom= 1744
Step=  754, Dmax= 8.5e-03 nm, Epot= -5.36731e+05 Fmax= 6.78446e+03, atom= 1744
Step=  755, Dmax= 1.0e-02 nm, Epot= -5.36735e+05 Fmax= 8.96788e+03, atom= 1744
Step=  756, Dmax= 1.2e-02 nm, Epot= -5.36745e+05 Fmax= 9.85420e+03, atom= 1744
Step=  757, Dmax= 1.5e-02 nm, Epot= -5.36732e+05 Fmax= 1.28016e+04, atom= 1744
Step=  758, Dmax= 7.4e-03 nm, Epot= -5.36803e+05 Fmax= 1.47437e+03, atom= 1744
Step=  759, Dmax= 8.8e-03 nm, Epot= -5.36813e+05 Fmax= 1.20315e+04, atom= 1744
Step=  760, Dmax= 1.1e-02 nm, Epot= -5.36888e+05 Fmax= 4.30655e+03, atom= 1744
Step=  761, Dmax= 1.3e-02 nm, Epot= -5.36821e+05 Fmax= 1.51880e+04, atom= 1744
Step=  762, Dmax= 6.4e-03 nm, Epot= -5.36902e+05 Fmax= 5.44827e+03, atom= 1744
Step=  763, Dmax= 7.6e-03 nm, Epot= -5.36916e+05 Fmax= 6.31711e+03, atom= 1744
Step=  764, Dmax= 9.2e-03 nm, Epot= -5.36925e+05 Fmax= 7.73639e+03, atom= 1744
Step=  765, Dmax= 1.1e-02 nm, Epot= -5.36932e+05 Fmax= 9.18930e+03, atom= 1744
Step=  766, Dmax= 1.3e-02 nm, Epot= -5.36933e+05 Fmax= 1.10431e+04, atom= 1744
Step=  767, Dmax= 1.6e-02 nm, Epot= -5.36924e+05 Fmax= 1.32991e+04, atom= 1744
Step=  768, Dmax= 7.9e-03 nm, Epot= -5.37003e+05 Fmax= 1.13135e+03, atom= 1744
Step=  769, Dmax= 9.5e-03 nm, Epot= -5.37026e+05 Fmax= 1.33856e+04, atom= 1744
Step=  770, Dmax= 1.1e-02 nm, Epot= -5.37119e+05 Fmax= 4.19060e+03, atom= 1744
Step=  771, Dmax= 1.4e-02 nm, Epot= -5.37029e+05 Fmax= 1.67580e+04, atom= 1744
Step=  772, Dmax= 6.8e-03 nm, Epot= -5.37129e+05 Fmax= 6.29726e+03, atom= 1744
Step=  773, Dmax= 8.2e-03 nm, Epot= -5.37146e+05 Fmax= 6.34658e+03, atom= 1744
Step=  774, Dmax= 9.8e-03 nm, Epot= -5.37148e+05 Fmax= 8.76240e+03, atom= 1744
Step=  775, Dmax= 1.2e-02 nm, Epot= -5.37160e+05 Fmax= 9.42588e+03, atom= 1744
Step=  776, Dmax= 1.4e-02 nm, Epot= -5.37148e+05 Fmax= 1.23222e+04, atom= 1744
Step=  777, Dmax= 7.1e-03 nm, Epot= -5.37213e+05 Fmax= 1.45962e+03, atom= 1744
Step=  778, Dmax= 8.5e-03 nm, Epot= -5.37222e+05 Fmax= 1.17079e+04, atom= 1744
Step=  779, Dmax= 1.0e-02 nm, Epot= -5.37294e+05 Fmax= 3.97923e+03, atom= 1744
Step=  780, Dmax= 1.2e-02 nm, Epot= -5.37231e+05 Fmax= 1.49081e+04, atom= 1744
Step=  781, Dmax= 6.1e-03 nm, Epot= -5.37308e+05 Fmax= 5.46349e+03, atom= 1744
Step=  782, Dmax= 7.3e-03 nm, Epot= -5.37323e+05 Fmax= 5.81936e+03, atom= 1744
Step=  783, Dmax= 8.8e-03 nm, Epot= -5.37329e+05 Fmax= 7.76575e+03, atom= 1744
Step=  784, Dmax= 1.1e-02 nm, Epot= -5.37342e+05 Fmax= 8.48069e+03, atom= 1744
Step=  785, Dmax= 1.3e-02 nm, Epot= -5.37335e+05 Fmax= 1.10631e+04, atom= 1744
Step=  786, Dmax= 6.3e-03 nm, Epot= -5.37386e+05 Fmax= 1.29071e+03, atom= 1744
Step=  787, Dmax= 7.6e-03 nm, Epot= -5.37410e+05 Fmax= 1.03792e+04, atom= 1744
Step=  788, Dmax= 9.1e-03 nm, Epot= -5.37468e+05 Fmax= 3.70820e+03, atom= 1744
Step=  789, Dmax= 1.1e-02 nm, Epot= -5.37427e+05 Fmax= 1.31220e+04, atom= 1744
Step=  790, Dmax= 5.5e-03 nm, Epot= -5.37483e+05 Fmax= 4.71249e+03, atom= 1744
Step=  791, Dmax= 6.6e-03 nm, Epot= -5.37498e+05 Fmax= 5.43183e+03, atom= 1744
Step=  792, Dmax= 7.9e-03 nm, Epot= -5.37508e+05 Fmax= 6.69770e+03, atom= 1744
Step=  793, Dmax= 9.5e-03 nm, Epot= -5.37518e+05 Fmax= 7.89976e+03, atom= 1744
Step=  794, Dmax= 1.1e-02 nm, Epot= -5.37522e+05 Fmax= 9.56388e+03, atom= 1744
Step=  795, Dmax= 1.4e-02 nm, Epot= -5.37520e+05 Fmax= 1.14370e+04, atom= 1744
Step=  796, Dmax= 6.8e-03 nm, Epot= -5.37576e+05 Fmax= 9.38089e+02, atom= 1744

writing lowest energy coordinates.

Steepest Descents converged to Fmax < 1000 in 797 steps
Potential Energy  = -5.3757650e+05
Maximum force     =  9.3808948e+02 on atom 1744
Norm of force     =  1.8801676e+01

GROMACS reminds you: "Your Proposal is Accepted" (Men In Black)

