2025-04-03 16:58:19,498 INFO:main.py:240:print_splash_screen:PDB2PQR v3.6.2: biomolecular structure conversion software.
2025-04-03 16:58:19,499 INFO:main.py:242:print_splash_screen:Please cite:  Jurrus E, et al.  Improvements to the APBS biomolecular solvation software suite.  Protein Sci 27 112-128 (2018).
2025-04-03 16:58:19,499 INFO:main.py:242:print_splash_screen:Please cite:  Dolinsky TJ, et al.  PDB2PQR: expanding and upgrading automated preparation of biomolecular structures for molecular simulations. Nucleic Acids Res 35 W522-W525 (2007).
2025-04-03 16:58:19,499 INFO:main.py:768:main_driver:Checking and transforming input arguments.
2025-04-03 16:58:19,499 INFO:main.py:772:main_driver:Loading topology files.
2025-04-03 16:58:19,574 INFO:main.py:774:main_driver:Loading molecule: FeS_mutant_structures/O52681_V128A_Structure.pdb
2025-04-03 16:58:19,582 INFO:main.py:779:main_driver:Setting up molecule.
2025-04-03 16:58:19,592 INFO:main.py:417:setup_molecule:Created biomolecule object with 161 residues and 1260 atoms.
2025-04-03 16:58:19,592 INFO:main.py:783:main_driver:Setting termini states for biomolecule chains.
2025-04-03 16:58:19,597 INFO:main.py:613:non_trivial:Loading forcefield.
2025-04-03 16:58:19,612 INFO:main.py:617:non_trivial:Loading hydrogen topology definitions.
2025-04-03 16:58:19,615 INFO:main.py:468:is_repairable:This biomolecule is clean.  No repair needed.
2025-04-03 16:58:19,615 INFO:main.py:632:non_trivial:Updating disulfide bridges.
2025-04-03 16:58:19,615 INFO:main.py:635:non_trivial:Debumping biomolecule.
2025-04-03 16:58:19,660 INFO:main.py:658:non_trivial:Adding hydrogens to biomolecule.
2025-04-03 16:58:19,860 INFO:main.py:661:non_trivial:Debumping biomolecule (again).
2025-04-03 16:58:20,052 INFO:main.py:663:non_trivial:Optimizing hydrogen bonds
2025-04-03 16:58:20,420 INFO:main.py:675:non_trivial:Applying force field to biomolecule states.
2025-04-03 16:58:20,423 INFO:main.py:722:non_trivial:Regenerating headers.
2025-04-03 16:58:20,424 INFO:main.py:747:non_trivial:Regenerating PDB lines.
2025-04-03 16:58:20,438 WARNING:main.py:320:print_pqr:Ignoring 391 header lines in output.
2025-04-03 16:59:00,670 INFO:main.py:240:print_splash_screen:PDB2PQR v3.6.2: biomolecular structure conversion software.
2025-04-03 16:59:00,671 INFO:main.py:242:print_splash_screen:Please cite:  Jurrus E, et al.  Improvements to the APBS biomolecular solvation software suite.  Protein Sci 27 112-128 (2018).
2025-04-03 16:59:00,671 INFO:main.py:242:print_splash_screen:Please cite:  Dolinsky TJ, et al.  PDB2PQR: expanding and upgrading automated preparation of biomolecular structures for molecular simulations. Nucleic Acids Res 35 W522-W525 (2007).
2025-04-03 16:59:00,671 INFO:main.py:768:main_driver:Checking and transforming input arguments.
2025-04-03 16:59:00,672 INFO:main.py:772:main_driver:Loading topology files.
2025-04-03 16:59:00,729 INFO:main.py:774:main_driver:Loading molecule: FeS_mutant_structures/O52681_V128A_Structure.pdb
2025-04-03 16:59:00,735 INFO:main.py:779:main_driver:Setting up molecule.
2025-04-03 16:59:00,744 INFO:main.py:417:setup_molecule:Created biomolecule object with 161 residues and 1260 atoms.
2025-04-03 16:59:00,744 INFO:main.py:783:main_driver:Setting termini states for biomolecule chains.
2025-04-03 16:59:00,748 INFO:main.py:613:non_trivial:Loading forcefield.
2025-04-03 16:59:00,759 INFO:main.py:617:non_trivial:Loading hydrogen topology definitions.
2025-04-03 16:59:00,761 INFO:main.py:468:is_repairable:This biomolecule is clean.  No repair needed.
2025-04-03 16:59:00,761 INFO:main.py:632:non_trivial:Updating disulfide bridges.
2025-04-03 16:59:00,762 INFO:main.py:635:non_trivial:Debumping biomolecule.
2025-04-03 16:59:00,804 INFO:main.py:658:non_trivial:Adding hydrogens to biomolecule.
2025-04-03 16:59:01,000 INFO:main.py:661:non_trivial:Debumping biomolecule (again).
2025-04-03 16:59:01,188 INFO:main.py:663:non_trivial:Optimizing hydrogen bonds
2025-04-03 16:59:01,537 INFO:main.py:675:non_trivial:Applying force field to biomolecule states.
2025-04-03 16:59:01,540 INFO:main.py:722:non_trivial:Regenerating headers.
2025-04-03 16:59:01,540 INFO:main.py:747:non_trivial:Regenerating PDB lines.
2025-04-03 16:59:01,555 WARNING:main.py:320:print_pqr:Ignoring 391 header lines in output.
