2025-04-03 16:59:49,403 INFO:main.py:240:print_splash_screen:PDB2PQR v3.6.2: biomolecular structure conversion software.
2025-04-03 16:59:49,404 INFO:main.py:242:print_splash_screen:Please cite:  Jurrus E, et al.  Improvements to the APBS biomolecular solvation software suite.  Protein Sci 27 112-128 (2018).
2025-04-03 16:59:49,404 INFO:main.py:242:print_splash_screen:Please cite:  Dolinsky TJ, et al.  PDB2PQR: expanding and upgrading automated preparation of biomolecular structures for molecular simulations. Nucleic Acids Res 35 W522-W525 (2007).
2025-04-03 16:59:49,404 INFO:main.py:768:main_driver:Checking and transforming input arguments.
2025-04-03 16:59:49,405 INFO:main.py:772:main_driver:Loading topology files.
2025-04-03 16:59:49,511 INFO:main.py:774:main_driver:Loading molecule: FeS_mutant_structures/P00214_C21A_Structure.pdb
2025-04-03 16:59:49,517 INFO:main.py:779:main_driver:Setting up molecule.
2025-04-03 16:59:49,527 INFO:main.py:417:setup_molecule:Created biomolecule object with 107 residues and 848 atoms.
2025-04-03 16:59:49,527 INFO:main.py:783:main_driver:Setting termini states for biomolecule chains.
2025-04-03 16:59:49,536 INFO:main.py:613:non_trivial:Loading forcefield.
2025-04-03 16:59:49,561 INFO:main.py:617:non_trivial:Loading hydrogen topology definitions.
2025-04-03 16:59:49,564 INFO:main.py:468:is_repairable:This biomolecule is clean.  No repair needed.
2025-04-03 16:59:49,564 INFO:main.py:632:non_trivial:Updating disulfide bridges.
2025-04-03 16:59:49,565 INFO:main.py:635:non_trivial:Debumping biomolecule.
2025-04-03 16:59:49,629 INFO:main.py:658:non_trivial:Adding hydrogens to biomolecule.
2025-04-03 16:59:49,833 INFO:main.py:661:non_trivial:Debumping biomolecule (again).
2025-04-03 16:59:50,172 INFO:main.py:663:non_trivial:Optimizing hydrogen bonds
2025-04-03 16:59:50,562 INFO:main.py:675:non_trivial:Applying force field to biomolecule states.
2025-04-03 16:59:50,566 INFO:main.py:722:non_trivial:Regenerating headers.
2025-04-03 16:59:50,567 INFO:main.py:747:non_trivial:Regenerating PDB lines.
2025-04-03 16:59:50,581 WARNING:main.py:320:print_pqr:Ignoring 392 header lines in output.
2025-04-03 16:59:51,287 INFO:main.py:240:print_splash_screen:PDB2PQR v3.6.2: biomolecular structure conversion software.
2025-04-03 16:59:51,288 INFO:main.py:242:print_splash_screen:Please cite:  Jurrus E, et al.  Improvements to the APBS biomolecular solvation software suite.  Protein Sci 27 112-128 (2018).
2025-04-03 16:59:51,288 INFO:main.py:242:print_splash_screen:Please cite:  Dolinsky TJ, et al.  PDB2PQR: expanding and upgrading automated preparation of biomolecular structures for molecular simulations. Nucleic Acids Res 35 W522-W525 (2007).
2025-04-03 16:59:51,288 INFO:main.py:768:main_driver:Checking and transforming input arguments.
2025-04-03 16:59:51,288 INFO:main.py:772:main_driver:Loading topology files.
2025-04-03 16:59:51,346 INFO:main.py:774:main_driver:Loading molecule: FeS_mutant_structures/P00214_C21A_Structure.pdb
2025-04-03 16:59:51,350 INFO:main.py:779:main_driver:Setting up molecule.
2025-04-03 16:59:51,357 INFO:main.py:417:setup_molecule:Created biomolecule object with 107 residues and 848 atoms.
2025-04-03 16:59:51,357 INFO:main.py:783:main_driver:Setting termini states for biomolecule chains.
2025-04-03 16:59:51,360 INFO:main.py:613:non_trivial:Loading forcefield.
2025-04-03 16:59:51,371 INFO:main.py:617:non_trivial:Loading hydrogen topology definitions.
2025-04-03 16:59:51,372 INFO:main.py:468:is_repairable:This biomolecule is clean.  No repair needed.
2025-04-03 16:59:51,372 INFO:main.py:632:non_trivial:Updating disulfide bridges.
2025-04-03 16:59:51,373 INFO:main.py:635:non_trivial:Debumping biomolecule.
2025-04-03 16:59:51,400 INFO:main.py:658:non_trivial:Adding hydrogens to biomolecule.
2025-04-03 16:59:51,545 INFO:main.py:661:non_trivial:Debumping biomolecule (again).
2025-04-03 16:59:51,687 INFO:main.py:663:non_trivial:Optimizing hydrogen bonds
2025-04-03 16:59:51,871 INFO:main.py:675:non_trivial:Applying force field to biomolecule states.
2025-04-03 16:59:51,873 INFO:main.py:722:non_trivial:Regenerating headers.
2025-04-03 16:59:51,874 INFO:main.py:747:non_trivial:Regenerating PDB lines.
2025-04-03 16:59:51,886 WARNING:main.py:320:print_pqr:Ignoring 392 header lines in output.
