2025-04-03 16:59:44,954 INFO:main.py:240:print_splash_screen:PDB2PQR v3.6.2: biomolecular structure conversion software.
2025-04-03 16:59:44,954 INFO:main.py:242:print_splash_screen:Please cite:  Jurrus E, et al.  Improvements to the APBS biomolecular solvation software suite.  Protein Sci 27 112-128 (2018).
2025-04-03 16:59:44,954 INFO:main.py:242:print_splash_screen:Please cite:  Dolinsky TJ, et al.  PDB2PQR: expanding and upgrading automated preparation of biomolecular structures for molecular simulations. Nucleic Acids Res 35 W522-W525 (2007).
2025-04-03 16:59:44,954 INFO:main.py:768:main_driver:Checking and transforming input arguments.
2025-04-03 16:59:44,955 INFO:main.py:772:main_driver:Loading topology files.
2025-04-03 16:59:45,011 INFO:main.py:774:main_driver:Loading molecule: FeS_mutant_structures/P00208_D13G_V14G_Structure.pdb
2025-04-03 16:59:45,017 INFO:main.py:779:main_driver:Setting up molecule.
2025-04-03 16:59:45,022 INFO:main.py:417:setup_molecule:Created biomolecule object with 83 residues and 626 atoms.
2025-04-03 16:59:45,022 INFO:main.py:783:main_driver:Setting termini states for biomolecule chains.
2025-04-03 16:59:45,024 INFO:main.py:613:non_trivial:Loading forcefield.
2025-04-03 16:59:45,037 INFO:main.py:617:non_trivial:Loading hydrogen topology definitions.
2025-04-03 16:59:45,038 INFO:main.py:468:is_repairable:This biomolecule is clean.  No repair needed.
2025-04-03 16:59:45,038 INFO:main.py:632:non_trivial:Updating disulfide bridges.
2025-04-03 16:59:45,039 INFO:main.py:635:non_trivial:Debumping biomolecule.
2025-04-03 16:59:45,061 INFO:main.py:658:non_trivial:Adding hydrogens to biomolecule.
2025-04-03 16:59:45,148 INFO:main.py:661:non_trivial:Debumping biomolecule (again).
2025-04-03 16:59:45,236 INFO:main.py:663:non_trivial:Optimizing hydrogen bonds
2025-04-03 16:59:45,493 INFO:main.py:675:non_trivial:Applying force field to biomolecule states.
2025-04-03 16:59:45,495 INFO:main.py:722:non_trivial:Regenerating headers.
2025-04-03 16:59:45,495 INFO:main.py:747:non_trivial:Regenerating PDB lines.
2025-04-03 16:59:45,502 WARNING:main.py:320:print_pqr:Ignoring 392 header lines in output.
2025-04-03 16:59:45,994 INFO:main.py:240:print_splash_screen:PDB2PQR v3.6.2: biomolecular structure conversion software.
2025-04-03 16:59:45,994 INFO:main.py:242:print_splash_screen:Please cite:  Jurrus E, et al.  Improvements to the APBS biomolecular solvation software suite.  Protein Sci 27 112-128 (2018).
2025-04-03 16:59:45,994 INFO:main.py:242:print_splash_screen:Please cite:  Dolinsky TJ, et al.  PDB2PQR: expanding and upgrading automated preparation of biomolecular structures for molecular simulations. Nucleic Acids Res 35 W522-W525 (2007).
2025-04-03 16:59:45,994 INFO:main.py:768:main_driver:Checking and transforming input arguments.
2025-04-03 16:59:45,994 INFO:main.py:772:main_driver:Loading topology files.
2025-04-03 16:59:46,053 INFO:main.py:774:main_driver:Loading molecule: FeS_mutant_structures/P00208_D13G_V14G_Structure.pdb
2025-04-03 16:59:46,057 INFO:main.py:779:main_driver:Setting up molecule.
2025-04-03 16:59:46,061 INFO:main.py:417:setup_molecule:Created biomolecule object with 83 residues and 626 atoms.
2025-04-03 16:59:46,061 INFO:main.py:783:main_driver:Setting termini states for biomolecule chains.
2025-04-03 16:59:46,064 INFO:main.py:613:non_trivial:Loading forcefield.
2025-04-03 16:59:46,075 INFO:main.py:617:non_trivial:Loading hydrogen topology definitions.
2025-04-03 16:59:46,076 INFO:main.py:468:is_repairable:This biomolecule is clean.  No repair needed.
2025-04-03 16:59:46,077 INFO:main.py:632:non_trivial:Updating disulfide bridges.
2025-04-03 16:59:46,077 INFO:main.py:635:non_trivial:Debumping biomolecule.
2025-04-03 16:59:46,096 INFO:main.py:658:non_trivial:Adding hydrogens to biomolecule.
2025-04-03 16:59:46,182 INFO:main.py:661:non_trivial:Debumping biomolecule (again).
2025-04-03 16:59:46,278 INFO:main.py:663:non_trivial:Optimizing hydrogen bonds
2025-04-03 16:59:46,585 INFO:main.py:675:non_trivial:Applying force field to biomolecule states.
2025-04-03 16:59:46,587 INFO:main.py:722:non_trivial:Regenerating headers.
2025-04-03 16:59:46,587 INFO:main.py:747:non_trivial:Regenerating PDB lines.
2025-04-03 16:59:46,594 WARNING:main.py:320:print_pqr:Ignoring 392 header lines in output.
