2025-04-03 16:59:40,806 INFO:main.py:240:print_splash_screen:PDB2PQR v3.6.2: biomolecular structure conversion software.
2025-04-03 16:59:40,806 INFO:main.py:242:print_splash_screen:Please cite:  Jurrus E, et al.  Improvements to the APBS biomolecular solvation software suite.  Protein Sci 27 112-128 (2018).
2025-04-03 16:59:40,806 INFO:main.py:242:print_splash_screen:Please cite:  Dolinsky TJ, et al.  PDB2PQR: expanding and upgrading automated preparation of biomolecular structures for molecular simulations. Nucleic Acids Res 35 W522-W525 (2007).
2025-04-03 16:59:40,806 INFO:main.py:768:main_driver:Checking and transforming input arguments.
2025-04-03 16:59:40,806 INFO:main.py:772:main_driver:Loading topology files.
2025-04-03 16:59:40,864 INFO:main.py:774:main_driver:Loading molecule: FeS_mutant_structures/P00208_C58S_Structure.pdb
2025-04-03 16:59:40,869 INFO:main.py:779:main_driver:Setting up molecule.
2025-04-03 16:59:40,874 INFO:main.py:417:setup_molecule:Created biomolecule object with 83 residues and 633 atoms.
2025-04-03 16:59:40,874 INFO:main.py:783:main_driver:Setting termini states for biomolecule chains.
2025-04-03 16:59:40,876 INFO:main.py:613:non_trivial:Loading forcefield.
2025-04-03 16:59:40,887 INFO:main.py:617:non_trivial:Loading hydrogen topology definitions.
2025-04-03 16:59:40,889 INFO:main.py:468:is_repairable:This biomolecule is clean.  No repair needed.
2025-04-03 16:59:40,889 INFO:main.py:632:non_trivial:Updating disulfide bridges.
2025-04-03 16:59:40,889 INFO:main.py:635:non_trivial:Debumping biomolecule.
2025-04-03 16:59:40,908 INFO:main.py:658:non_trivial:Adding hydrogens to biomolecule.
2025-04-03 16:59:41,003 INFO:main.py:661:non_trivial:Debumping biomolecule (again).
2025-04-03 16:59:41,098 INFO:main.py:663:non_trivial:Optimizing hydrogen bonds
2025-04-03 16:59:41,354 INFO:main.py:675:non_trivial:Applying force field to biomolecule states.
2025-04-03 16:59:41,355 INFO:main.py:722:non_trivial:Regenerating headers.
2025-04-03 16:59:41,356 INFO:main.py:747:non_trivial:Regenerating PDB lines.
2025-04-03 16:59:41,362 WARNING:main.py:320:print_pqr:Ignoring 392 header lines in output.
2025-04-03 16:59:41,847 INFO:main.py:240:print_splash_screen:PDB2PQR v3.6.2: biomolecular structure conversion software.
2025-04-03 16:59:41,848 INFO:main.py:242:print_splash_screen:Please cite:  Jurrus E, et al.  Improvements to the APBS biomolecular solvation software suite.  Protein Sci 27 112-128 (2018).
2025-04-03 16:59:41,848 INFO:main.py:242:print_splash_screen:Please cite:  Dolinsky TJ, et al.  PDB2PQR: expanding and upgrading automated preparation of biomolecular structures for molecular simulations. Nucleic Acids Res 35 W522-W525 (2007).
2025-04-03 16:59:41,848 INFO:main.py:768:main_driver:Checking and transforming input arguments.
2025-04-03 16:59:41,848 INFO:main.py:772:main_driver:Loading topology files.
2025-04-03 16:59:41,903 INFO:main.py:774:main_driver:Loading molecule: FeS_mutant_structures/P00208_C58S_Structure.pdb
2025-04-03 16:59:41,906 INFO:main.py:779:main_driver:Setting up molecule.
2025-04-03 16:59:41,910 INFO:main.py:417:setup_molecule:Created biomolecule object with 83 residues and 633 atoms.
2025-04-03 16:59:41,910 INFO:main.py:783:main_driver:Setting termini states for biomolecule chains.
2025-04-03 16:59:41,913 INFO:main.py:613:non_trivial:Loading forcefield.
2025-04-03 16:59:41,924 INFO:main.py:617:non_trivial:Loading hydrogen topology definitions.
2025-04-03 16:59:41,925 INFO:main.py:468:is_repairable:This biomolecule is clean.  No repair needed.
2025-04-03 16:59:41,925 INFO:main.py:632:non_trivial:Updating disulfide bridges.
2025-04-03 16:59:41,926 INFO:main.py:635:non_trivial:Debumping biomolecule.
2025-04-03 16:59:41,946 INFO:main.py:658:non_trivial:Adding hydrogens to biomolecule.
2025-04-03 16:59:42,033 INFO:main.py:661:non_trivial:Debumping biomolecule (again).
2025-04-03 16:59:42,133 INFO:main.py:663:non_trivial:Optimizing hydrogen bonds
2025-04-03 16:59:42,388 INFO:main.py:675:non_trivial:Applying force field to biomolecule states.
2025-04-03 16:59:42,389 INFO:main.py:722:non_trivial:Regenerating headers.
2025-04-03 16:59:42,390 INFO:main.py:747:non_trivial:Regenerating PDB lines.
2025-04-03 16:59:42,397 WARNING:main.py:320:print_pqr:Ignoring 392 header lines in output.
