2025-04-03 17:00:07,789 INFO:main.py:240:print_splash_screen:PDB2PQR v3.6.2: biomolecular structure conversion software.
2025-04-03 17:00:07,789 INFO:main.py:242:print_splash_screen:Please cite:  Jurrus E, et al.  Improvements to the APBS biomolecular solvation software suite.  Protein Sci 27 112-128 (2018).
2025-04-03 17:00:07,790 INFO:main.py:242:print_splash_screen:Please cite:  Dolinsky TJ, et al.  PDB2PQR: expanding and upgrading automated preparation of biomolecular structures for molecular simulations. Nucleic Acids Res 35 W522-W525 (2007).
2025-04-03 17:00:07,790 INFO:main.py:768:main_driver:Checking and transforming input arguments.
2025-04-03 17:00:07,790 INFO:main.py:772:main_driver:Loading topology files.
2025-04-03 17:00:07,847 INFO:main.py:774:main_driver:Loading molecule: FeS_mutant_structures/P0A3C7_A46S_Structure.pdb
2025-04-03 17:00:07,852 INFO:main.py:779:main_driver:Setting up molecule.
2025-04-03 17:00:07,857 INFO:main.py:417:setup_molecule:Created biomolecule object with 99 residues and 759 atoms.
2025-04-03 17:00:07,858 INFO:main.py:783:main_driver:Setting termini states for biomolecule chains.
2025-04-03 17:00:07,860 INFO:main.py:613:non_trivial:Loading forcefield.
2025-04-03 17:00:07,871 INFO:main.py:617:non_trivial:Loading hydrogen topology definitions.
2025-04-03 17:00:07,872 INFO:main.py:468:is_repairable:This biomolecule is clean.  No repair needed.
2025-04-03 17:00:07,872 INFO:main.py:632:non_trivial:Updating disulfide bridges.
2025-04-03 17:00:07,873 INFO:main.py:635:non_trivial:Debumping biomolecule.
2025-04-03 17:00:07,897 INFO:main.py:658:non_trivial:Adding hydrogens to biomolecule.
2025-04-03 17:00:08,010 INFO:main.py:661:non_trivial:Debumping biomolecule (again).
2025-04-03 17:00:08,125 INFO:main.py:663:non_trivial:Optimizing hydrogen bonds
2025-04-03 17:00:08,375 INFO:main.py:675:non_trivial:Applying force field to biomolecule states.
2025-04-03 17:00:08,377 INFO:main.py:722:non_trivial:Regenerating headers.
2025-04-03 17:00:08,378 INFO:main.py:747:non_trivial:Regenerating PDB lines.
2025-04-03 17:00:08,387 WARNING:main.py:320:print_pqr:Ignoring 392 header lines in output.
