2025-04-03 16:59:56,316 INFO:main.py:240:print_splash_screen:PDB2PQR v3.6.2: biomolecular structure conversion software.
2025-04-03 16:59:56,316 INFO:main.py:242:print_splash_screen:Please cite:  Jurrus E, et al.  Improvements to the APBS biomolecular solvation software suite.  Protein Sci 27 112-128 (2018).
2025-04-03 16:59:56,316 INFO:main.py:242:print_splash_screen:Please cite:  Dolinsky TJ, et al.  PDB2PQR: expanding and upgrading automated preparation of biomolecular structures for molecular simulations. Nucleic Acids Res 35 W522-W525 (2007).
2025-04-03 16:59:56,316 INFO:main.py:768:main_driver:Checking and transforming input arguments.
2025-04-03 16:59:56,316 INFO:main.py:772:main_driver:Loading topology files.
2025-04-03 16:59:56,378 INFO:main.py:774:main_driver:Loading molecule: FeS_mutant_structures/P18187_P238C_Structure.pdb
2025-04-03 16:59:56,391 INFO:main.py:779:main_driver:Setting up molecule.
2025-04-03 16:59:56,423 INFO:main.py:417:setup_molecule:Created biomolecule object with 314 residues and 2357 atoms.
2025-04-03 16:59:56,423 INFO:main.py:783:main_driver:Setting termini states for biomolecule chains.
2025-04-03 16:59:56,432 INFO:main.py:613:non_trivial:Loading forcefield.
2025-04-03 16:59:56,443 INFO:main.py:617:non_trivial:Loading hydrogen topology definitions.
2025-04-03 16:59:56,446 INFO:main.py:468:is_repairable:This biomolecule is clean.  No repair needed.
2025-04-03 16:59:56,447 INFO:main.py:632:non_trivial:Updating disulfide bridges.
2025-04-03 16:59:56,448 INFO:main.py:635:non_trivial:Debumping biomolecule.
2025-04-03 16:59:56,512 INFO:main.py:658:non_trivial:Adding hydrogens to biomolecule.
2025-04-03 16:59:56,839 INFO:main.py:661:non_trivial:Debumping biomolecule (again).
2025-04-03 16:59:57,204 INFO:main.py:663:non_trivial:Optimizing hydrogen bonds
2025-04-03 16:59:57,898 INFO:main.py:675:non_trivial:Applying force field to biomolecule states.
2025-04-03 16:59:57,903 INFO:main.py:722:non_trivial:Regenerating headers.
2025-04-03 16:59:57,904 INFO:main.py:747:non_trivial:Regenerating PDB lines.
2025-04-03 16:59:57,928 WARNING:main.py:320:print_pqr:Ignoring 391 header lines in output.
2025-04-03 16:59:58,418 INFO:main.py:240:print_splash_screen:PDB2PQR v3.6.2: biomolecular structure conversion software.
2025-04-03 16:59:58,419 INFO:main.py:242:print_splash_screen:Please cite:  Jurrus E, et al.  Improvements to the APBS biomolecular solvation software suite.  Protein Sci 27 112-128 (2018).
2025-04-03 16:59:58,419 INFO:main.py:242:print_splash_screen:Please cite:  Dolinsky TJ, et al.  PDB2PQR: expanding and upgrading automated preparation of biomolecular structures for molecular simulations. Nucleic Acids Res 35 W522-W525 (2007).
2025-04-03 16:59:58,419 INFO:main.py:768:main_driver:Checking and transforming input arguments.
2025-04-03 16:59:58,419 INFO:main.py:772:main_driver:Loading topology files.
2025-04-03 16:59:58,475 INFO:main.py:774:main_driver:Loading molecule: FeS_mutant_structures/P18187_P238C_Structure.pdb
2025-04-03 16:59:58,485 INFO:main.py:779:main_driver:Setting up molecule.
2025-04-03 16:59:58,511 INFO:main.py:417:setup_molecule:Created biomolecule object with 314 residues and 2357 atoms.
2025-04-03 16:59:58,512 INFO:main.py:783:main_driver:Setting termini states for biomolecule chains.
2025-04-03 16:59:58,520 INFO:main.py:613:non_trivial:Loading forcefield.
2025-04-03 16:59:58,533 INFO:main.py:617:non_trivial:Loading hydrogen topology definitions.
2025-04-03 16:59:58,536 INFO:main.py:468:is_repairable:This biomolecule is clean.  No repair needed.
2025-04-03 16:59:58,536 INFO:main.py:632:non_trivial:Updating disulfide bridges.
2025-04-03 16:59:58,537 INFO:main.py:635:non_trivial:Debumping biomolecule.
2025-04-03 16:59:58,606 INFO:main.py:658:non_trivial:Adding hydrogens to biomolecule.
2025-04-03 16:59:58,992 INFO:main.py:661:non_trivial:Debumping biomolecule (again).
2025-04-03 16:59:59,384 INFO:main.py:663:non_trivial:Optimizing hydrogen bonds
2025-04-03 17:00:00,133 INFO:main.py:675:non_trivial:Applying force field to biomolecule states.
2025-04-03 17:00:00,138 INFO:main.py:722:non_trivial:Regenerating headers.
2025-04-03 17:00:00,140 INFO:main.py:747:non_trivial:Regenerating PDB lines.
2025-04-03 17:00:00,166 WARNING:main.py:320:print_pqr:Ignoring 391 header lines in output.
2025-04-03 17:00:00,669 INFO:main.py:240:print_splash_screen:PDB2PQR v3.6.2: biomolecular structure conversion software.
2025-04-03 17:00:00,669 INFO:main.py:242:print_splash_screen:Please cite:  Jurrus E, et al.  Improvements to the APBS biomolecular solvation software suite.  Protein Sci 27 112-128 (2018).
2025-04-03 17:00:00,670 INFO:main.py:242:print_splash_screen:Please cite:  Dolinsky TJ, et al.  PDB2PQR: expanding and upgrading automated preparation of biomolecular structures for molecular simulations. Nucleic Acids Res 35 W522-W525 (2007).
2025-04-03 17:00:00,670 INFO:main.py:768:main_driver:Checking and transforming input arguments.
2025-04-03 17:00:00,670 INFO:main.py:772:main_driver:Loading topology files.
2025-04-03 17:00:00,728 INFO:main.py:774:main_driver:Loading molecule: FeS_mutant_structures/P18187_P238C_Structure.pdb
2025-04-03 17:00:00,739 INFO:main.py:779:main_driver:Setting up molecule.
2025-04-03 17:00:00,764 INFO:main.py:417:setup_molecule:Created biomolecule object with 314 residues and 2357 atoms.
2025-04-03 17:00:00,764 INFO:main.py:783:main_driver:Setting termini states for biomolecule chains.
2025-04-03 17:00:00,772 INFO:main.py:613:non_trivial:Loading forcefield.
2025-04-03 17:00:00,782 INFO:main.py:617:non_trivial:Loading hydrogen topology definitions.
2025-04-03 17:00:00,785 INFO:main.py:468:is_repairable:This biomolecule is clean.  No repair needed.
2025-04-03 17:00:00,785 INFO:main.py:632:non_trivial:Updating disulfide bridges.
2025-04-03 17:00:00,786 INFO:main.py:635:non_trivial:Debumping biomolecule.
2025-04-03 17:00:00,856 INFO:main.py:658:non_trivial:Adding hydrogens to biomolecule.
2025-04-03 17:00:01,191 INFO:main.py:661:non_trivial:Debumping biomolecule (again).
2025-04-03 17:00:01,542 INFO:main.py:663:non_trivial:Optimizing hydrogen bonds
2025-04-03 17:00:02,275 INFO:main.py:675:non_trivial:Applying force field to biomolecule states.
2025-04-03 17:00:02,281 INFO:main.py:722:non_trivial:Regenerating headers.
2025-04-03 17:00:02,282 INFO:main.py:747:non_trivial:Regenerating PDB lines.
2025-04-03 17:00:02,307 WARNING:main.py:320:print_pqr:Ignoring 391 header lines in output.
