
--- stderr ---
                :-) GROMACS - gmx mdrun, 2024.5-conda_forge (-:

Executable:   /usr/local/Caskroom/miniforge/base/envs/gromacs_env/bin.AVX2_256/gmx
Data prefix:  /usr/local/Caskroom/miniforge/base/envs/gromacs_env
Working dir:  /Users/laetitiaguerin/Library/CloudStorage/OneDrive-Personal/Documents/BSc_Nanobiology/Year_5/BEP/Energy_minimization/tleap_runs/O52681_V128A
Command line:
  gmx mdrun -v -deffnm O52681_V128A_minim

The current CPU can measure timings more accurately than the code in
gmx mdrun was configured to use. This might affect your simulation
speed as accurate timings are needed for load-balancing.
Please consider rebuilding gmx mdrun with the GMX_USE_RDTSCP=ON CMake option.
Reading file O52681_V128A_minim.tpr, VERSION 2024.5-conda_forge (single precision)

Using 1 MPI thread
Using 8 OpenMP threads 


Steepest Descents:
   Tolerance (Fmax)   =  1.00000e+03
   Number of steps    =        50000
Step=    0, Dmax= 1.0e-02 nm, Epot= -4.38533e+05 Fmax= 3.26084e+03, atom= 51
Step=    1, Dmax= 1.0e-02 nm, Epot= -4.47197e+05 Fmax= 4.30052e+03, atom= 1996
Step=    2, Dmax= 1.2e-02 nm, Epot= -4.50870e+05 Fmax= 1.17041e+04, atom= 1334
Step=    3, Dmax= 1.4e-02 nm, Epot= -4.55076e+05 Fmax= 1.00396e+04, atom= 1334
Step=    4, Dmax= 1.7e-02 nm, Epot= -4.56884e+05 Fmax= 1.60433e+04, atom= 1334
Step=    5, Dmax= 2.1e-02 nm, Epot= -4.59438e+05 Fmax= 1.57394e+04, atom= 1334
Step=    6, Dmax= 2.5e-02 nm, Epot= -4.60644e+05 Fmax= 2.20433e+04, atom= 1334
Step=    7, Dmax= 3.0e-02 nm, Epot= -4.62420e+05 Fmax= 2.35268e+04, atom= 1334
Step=    8, Dmax= 3.6e-02 nm, Epot= -4.62896e+05 Fmax= 3.06737e+04, atom= 1334
Step=    9, Dmax= 4.3e-02 nm, Epot= -4.63777e+05 Fmax= 3.43636e+04, atom= 1334
Step=   10, Dmax= 5.2e-02 nm, Epot= -4.63059e+05 Fmax= 4.27789e+04, atom= 1334
Step=   11, Dmax= 2.6e-02 nm, Epot= -4.68606e+05 Fmax= 4.64072e+03, atom= 1334
Step=   12, Dmax= 3.1e-02 nm, Epot= -4.69152e+05 Fmax= 4.32318e+04, atom= 1334
Step=   13, Dmax= 3.7e-02 nm, Epot= -4.74717e+05 Fmax= 1.39034e+04, atom= 1334
Step=   14, Dmax= 4.5e-02 nm, Epot= -4.69230e+05 Fmax= 5.38775e+04, atom= 1334
Step=   15, Dmax= 2.2e-02 nm, Epot= -4.75226e+05 Fmax= 2.02085e+04, atom= 1334
Step=   16, Dmax= 2.7e-02 nm, Epot= -4.76047e+05 Fmax= 2.04806e+04, atom= 1334
Step=   17, Dmax= 3.2e-02 nm, Epot= -4.75956e+05 Fmax= 2.83693e+04, atom= 1334
Step=   18, Dmax= 1.6e-02 nm, Epot= -4.77655e+05 Fmax= 4.01117e+03, atom= 1334
Step=   19, Dmax= 1.9e-02 nm, Epot= -4.78808e+05 Fmax= 2.52536e+04, atom= 1334
Step=   20, Dmax= 2.3e-02 nm, Epot= -4.80725e+05 Fmax= 1.01427e+04, atom= 1334
Step=   21, Dmax= 2.8e-02 nm, Epot= -4.79672e+05 Fmax= 3.20171e+04, atom= 1334
Step=   22, Dmax= 1.4e-02 nm, Epot= -4.81371e+05 Fmax= 1.09555e+04, atom= 1334
Step=   23, Dmax= 1.7e-02 nm, Epot= -4.81881e+05 Fmax= 1.45359e+04, atom= 1334
Step=   24, Dmax= 2.0e-02 nm, Epot= -4.82420e+05 Fmax= 1.58539e+04, atom= 1334
Step=   25, Dmax= 2.4e-02 nm, Epot= -4.82650e+05 Fmax= 2.07504e+04, atom= 1334
Step=   26, Dmax= 2.9e-02 nm, Epot= -4.83000e+05 Fmax= 2.28968e+04, atom= 1334
Step=   27, Dmax= 3.5e-02 nm, Epot= -4.82730e+05 Fmax= 2.95187e+04, atom= 1334
Step=   28, Dmax= 1.7e-02 nm, Epot= -4.84646e+05 Fmax= 3.42527e+03, atom= 1334
Step=   29, Dmax= 2.1e-02 nm, Epot= -4.85143e+05 Fmax= 2.78791e+04, atom= 1334
Step=   30, Dmax= 2.5e-02 nm, Epot= -4.87171e+05 Fmax= 1.02316e+04, atom= 1334
Step=   31, Dmax= 3.0e-02 nm, Epot= -4.85398e+05 Fmax= 3.50489e+04, atom= 1334
Step=   32, Dmax= 1.5e-02 nm, Epot= -4.87559e+05 Fmax= 1.24510e+04, atom= 1334
Step=   33, Dmax= 1.8e-02 nm, Epot= -4.87889e+05 Fmax= 1.49477e+04, atom= 1334
Step=   34, Dmax= 2.1e-02 nm, Epot= -4.88141e+05 Fmax= 1.77017e+04, atom= 1334
Step=   35, Dmax= 2.6e-02 nm, Epot= -4.88241e+05 Fmax= 2.16111e+04, atom= 1334
Step=   36, Dmax= 3.1e-02 nm, Epot= -4.88252e+05 Fmax= 2.52491e+04, atom= 1334
Step=   37, Dmax= 3.7e-02 nm, Epot= -4.87881e+05 Fmax= 3.09872e+04, atom= 1334
Step=   38, Dmax= 1.9e-02 nm, Epot= -4.90032e+05 Fmax= 3.03004e+03, atom= 1334
Step=   39, Dmax= 2.2e-02 nm, Epot= -4.89935e+05 Fmax= 3.04938e+04, atom= 1334
Step=   40, Dmax= 1.1e-02 nm, Epot= -4.90691e+05 Fmax= 1.35642e+04, atom= 1334
Step=   41, Dmax= 1.3e-02 nm, Epot= -4.91313e+05 Fmax= 6.89070e+03, atom= 1334
Step=   42, Dmax= 1.6e-02 nm, Epot= -4.91318e+05 Fmax= 1.74608e+04, atom= 1334
Step=   43, Dmax= 1.9e-02 nm, Epot= -4.92016e+05 Fmax= 1.19535e+04, atom= 1334
Step=   44, Dmax= 2.3e-02 nm, Epot= -4.91555e+05 Fmax= 2.31164e+04, atom= 1334
Step=   45, Dmax= 1.2e-02 nm, Epot= -4.92540e+05 Fmax= 5.59542e+03, atom= 1334
Step=   46, Dmax= 1.4e-02 nm, Epot= -4.92657e+05 Fmax= 1.56915e+04, atom= 1334
Step=   47, Dmax= 1.7e-02 nm, Epot= -4.93289e+05 Fmax= 9.61698e+03, atom= 1334
Step=   48, Dmax= 2.0e-02 nm, Epot= -4.92966e+05 Fmax= 2.09181e+04, atom= 1334
Step=   49, Dmax= 1.0e-02 nm, Epot= -4.93690e+05 Fmax= 5.66017e+03, atom= 1334
Step=   50, Dmax= 1.2e-02 nm, Epot= -4.93896e+05 Fmax= 1.25003e+04, atom= 1334
Step=   51, Dmax= 1.4e-02 nm, Epot= -4.94325e+05 Fmax= 9.48534e+03, atom= 1334
Step=   52, Dmax= 1.7e-02 nm, Epot= -4.94284e+05 Fmax= 1.67146e+04, atom= 1334
Step=   53, Dmax= 8.6e-03 nm, Epot= -4.94714e+05 Fmax= 3.62275e+03, atom= 1334
Step=   54, Dmax= 1.0e-02 nm, Epot= -4.95028e+05 Fmax= 1.23242e+04, atom= 1334
Step=   55, Dmax= 1.2e-02 nm, Epot= -4.95498e+05 Fmax= 6.58046e+03, atom= 1334
Step=   56, Dmax= 1.5e-02 nm, Epot= -4.95466e+05 Fmax= 1.62758e+04, atom= 1334
Step=   57, Dmax= 7.4e-03 nm, Epot= -4.95788e+05 Fmax= 4.85126e+03, atom= 1334
Step=   58, Dmax= 8.9e-03 nm, Epot= -4.96050e+05 Fmax= 8.70502e+03, atom= 1334
Step=   59, Dmax= 1.1e-02 nm, Epot= -4.96341e+05 Fmax= 7.73684e+03, atom= 1334
Step=   60, Dmax= 1.3e-02 nm, Epot= -4.96489e+05 Fmax= 1.18280e+04, atom= 1334
Step=   61, Dmax= 1.5e-02 nm, Epot= -4.96751e+05 Fmax= 1.18043e+04, atom= 1334
Step=   62, Dmax= 1.9e-02 nm, Epot= -4.96756e+05 Fmax= 1.63717e+04, atom= 1334
Step=   63, Dmax= 2.2e-02 nm, Epot= -4.96924e+05 Fmax= 1.75640e+04, atom= 1334
Step=   64, Dmax= 2.7e-02 nm, Epot= -4.96696e+05 Fmax= 2.29218e+04, atom= 1334
Step=   65, Dmax= 1.3e-02 nm, Epot= -4.97750e+05 Fmax= 2.72789e+03, atom= 1334
Step=   66, Dmax= 1.6e-02 nm, Epot= -4.97735e+05 Fmax= 2.20368e+04, atom= 1334
Step=   67, Dmax= 8.0e-03 nm, Epot= -4.98097e+05 Fmax= 9.61066e+03, atom= 1334
Step=   68, Dmax= 9.6e-03 nm, Epot= -4.98426e+05 Fmax= 5.01166e+03, atom= 1334
Step=   69, Dmax= 1.2e-02 nm, Epot= -4.98522e+05 Fmax= 1.27051e+04, atom= 1334
Step=   70, Dmax= 1.4e-02 nm, Epot= -4.98913e+05 Fmax= 8.35662e+03, atom= 1334
Step=   71, Dmax= 1.7e-02 nm, Epot= -4.98751e+05 Fmax= 1.70672e+04, atom= 1334
Step=   72, Dmax= 8.3e-03 nm, Epot= -4.99198e+05 Fmax= 4.36090e+03, atom= 1334
Step=   73, Dmax= 1.0e-02 nm, Epot= -4.99359e+05 Fmax= 1.07362e+04, atom= 1334
Step=   74, Dmax= 1.2e-02 nm, Epot= -4.99673e+05 Fmax= 7.56567e+03, atom= 1334
Step=   75, Dmax= 1.4e-02 nm, Epot= -4.99648e+05 Fmax= 1.42316e+04, atom= 1334
Step=   76, Dmax= 7.2e-03 nm, Epot= -4.99927e+05 Fmax= 3.33723e+03, atom= 1334
Step=   77, Dmax= 8.6e-03 nm, Epot= -5.00142e+05 Fmax= 9.93048e+03, atom= 1334
Step=   78, Dmax= 1.0e-02 nm, Epot= -5.00445e+05 Fmax= 5.79096e+03, atom= 1334
Step=   79, Dmax= 1.2e-02 nm, Epot= -5.00460e+05 Fmax= 1.32337e+04, atom= 1334
Step=   80, Dmax= 1.5e-02 nm, Epot= -5.00816e+05 Fmax= 9.40431e+03, atom= 1334
Step=   81, Dmax= 1.8e-02 nm, Epot= -5.00586e+05 Fmax= 1.79017e+04, atom= 1334
Step=   82, Dmax= 8.9e-03 nm, Epot= -5.01114e+05 Fmax= 4.25735e+03, atom= 1334
Step=   83, Dmax= 1.1e-02 nm, Epot= -5.01202e+05 Fmax= 1.19681e+04, atom= 1334
Step=   84, Dmax= 1.3e-02 nm, Epot= -5.01543e+05 Fmax= 7.69533e+03, atom= 1334
Step=   85, Dmax= 1.5e-02 nm, Epot= -5.01406e+05 Fmax= 1.57320e+04, atom= 1334
Step=   86, Dmax= 7.7e-03 nm, Epot= -5.01778e+05 Fmax= 4.02286e+03, atom= 1334
Step=   87, Dmax= 9.2e-03 nm, Epot= -5.01906e+05 Fmax= 1.02124e+04, atom= 1334
Step=   88, Dmax= 1.1e-02 nm, Epot= -5.02183e+05 Fmax= 6.68339e+03, atom= 1334
Step=   89, Dmax= 1.3e-02 nm, Epot= -5.02137e+05 Fmax= 1.37444e+04, atom= 1334
Step=   90, Dmax= 6.7e-03 nm, Epot= -5.02389e+05 Fmax= 3.53414e+03, atom= 1334
Step=   91, Dmax= 8.0e-03 nm, Epot= -5.02556e+05 Fmax= 8.56375e+03, atom= 1334
Step=   92, Dmax= 9.6e-03 nm, Epot= -5.02783e+05 Fmax= 6.13595e+03, atom= 1334
Step=   93, Dmax= 1.1e-02 nm, Epot= -5.02823e+05 Fmax= 1.13464e+04, atom= 1334
Step=   94, Dmax= 1.4e-02 nm, Epot= -5.03053e+05 Fmax= 9.78788e+03, atom= 1334
Step=   95, Dmax= 1.7e-02 nm, Epot= -5.02951e+05 Fmax= 1.54068e+04, atom= 1334
Step=   96, Dmax= 8.3e-03 nm, Epot= -5.03351e+05 Fmax= 2.81802e+03, atom= 1334
Step=   97, Dmax= 9.9e-03 nm, Epot= -5.03464e+05 Fmax= 1.25366e+04, atom= 1334
Step=   98, Dmax= 1.2e-02 nm, Epot= -5.03852e+05 Fmax= 5.64087e+03, atom= 1334
Step=   99, Dmax= 1.4e-02 nm, Epot= -5.03644e+05 Fmax= 1.63362e+04, atom= 1334
Step=  100, Dmax= 7.2e-03 nm, Epot= -5.04013e+05 Fmax= 5.35010e+03, atom= 1334
Step=  101, Dmax= 8.6e-03 nm, Epot= -5.04135e+05 Fmax= 7.69260e+03, atom= 1334
Step=  102, Dmax= 1.0e-02 nm, Epot= -5.04279e+05 Fmax= 8.10997e+03, atom= 1334
Step=  103, Dmax= 1.2e-02 nm, Epot= -5.04346e+05 Fmax= 1.07001e+04, atom= 1334
Step=  104, Dmax= 1.5e-02 nm, Epot= -5.04441e+05 Fmax= 1.20119e+04, atom= 1334
Step=  105, Dmax= 1.8e-02 nm, Epot= -5.04420e+05 Fmax= 1.50723e+04, atom= 1334
Step=  106, Dmax= 8.9e-03 nm, Epot= -5.04837e+05 Fmax= 1.54692e+03, atom= 1334
Step=  107, Dmax= 1.1e-02 nm, Epot= -5.05107e+05 Fmax= 1.51028e+04, atom= 1334
Step=  108, Dmax= 1.3e-02 nm, Epot= -5.05656e+05 Fmax= 4.47194e+03, atom= 1334
Step=  109, Dmax= 1.5e-02 nm, Epot= -5.05250e+05 Fmax= 1.91778e+04, atom= 1334
Step=  110, Dmax= 7.7e-03 nm, Epot= -5.05763e+05 Fmax= 7.36158e+03, atom= 1334
Step=  111, Dmax= 9.2e-03 nm, Epot= -5.05913e+05 Fmax= 6.68499e+03, atom= 1334
Step=  112, Dmax= 1.1e-02 nm, Epot= -5.05949e+05 Fmax= 1.03093e+04, atom= 1334
Step=  113, Dmax= 1.3e-02 nm, Epot= -5.06095e+05 Fmax= 1.00386e+04, atom= 1744
Step=  114, Dmax= 1.6e-02 nm, Epot= -5.06025e+05 Fmax= 1.44159e+04, atom= 1744
Step=  115, Dmax= 8.0e-03 nm, Epot= -5.06386e+05 Fmax= 2.18979e+03, atom= 1744
Step=  116, Dmax= 9.6e-03 nm, Epot= -5.06506e+05 Fmax= 1.25284e+04, atom= 1744
Step=  117, Dmax= 1.1e-02 nm, Epot= -5.06870e+05 Fmax= 5.11270e+03, atom= 1744
Step=  118, Dmax= 1.4e-02 nm, Epot= -5.06668e+05 Fmax= 1.60180e+04, atom= 1744
Step=  119, Dmax= 6.9e-03 nm, Epot= -5.06993e+05 Fmax= 5.45948e+03, atom= 1744
Step=  120, Dmax= 8.3e-03 nm, Epot= -5.07095e+05 Fmax= 7.23284e+03, atom= 1744
Step=  121, Dmax= 9.9e-03 nm, Epot= -5.07204e+05 Fmax= 7.98386e+03, atom= 1744
Step=  122, Dmax= 1.2e-02 nm, Epot= -5.07265e+05 Fmax= 1.02933e+04, atom= 1744
Step=  123, Dmax= 1.4e-02 nm, Epot= -5.07342e+05 Fmax= 1.15989e+04, atom= 1744
Step=  124, Dmax= 1.7e-02 nm, Epot= -5.07329e+05 Fmax= 1.46995e+04, atom= 1744
Step=  125, Dmax= 8.6e-03 nm, Epot= -5.07661e+05 Fmax= 1.55454e+03, atom= 1744
Step=  126, Dmax= 1.0e-02 nm, Epot= -5.07909e+05 Fmax= 1.42781e+04, atom= 1744
Step=  127, Dmax= 1.2e-02 nm, Epot= -5.08305e+05 Fmax= 4.72223e+03, atom= 1744
Step=  128, Dmax= 1.5e-02 nm, Epot= -5.08073e+05 Fmax= 1.79751e+04, atom= 1744
Step=  129, Dmax= 7.4e-03 nm, Epot= -5.08406e+05 Fmax= 6.63871e+03, atom= 1744
Step=  130, Dmax= 8.9e-03 nm, Epot= -5.08514e+05 Fmax= 7.02375e+03, atom= 1744
Step=  131, Dmax= 1.1e-02 nm, Epot= -5.08584e+05 Fmax= 9.33168e+03, atom= 1744
Step=  132, Dmax= 1.3e-02 nm, Epot= -5.08671e+05 Fmax= 1.03319e+04, atom= 1744
Step=  133, Dmax= 1.5e-02 nm, Epot= -5.08689e+05 Fmax= 1.31988e+04, atom= 1744
Step=  134, Dmax= 1.8e-02 nm, Epot= -5.08726e+05 Fmax= 1.50843e+04, atom= 1744
Step=  135, Dmax= 2.2e-02 nm, Epot= -5.08655e+05 Fmax= 1.87286e+04, atom= 1744
Step=  136, Dmax= 1.1e-02 nm, Epot= -5.09139e+05 Fmax= 1.86216e+03, atom= 1744
Step=  137, Dmax= 1.3e-02 nm, Epot= -5.09219e+05 Fmax= 1.85393e+04, atom= 1744
Step=  138, Dmax= 1.6e-02 nm, Epot= -5.09743e+05 Fmax= 5.91399e+03, atom= 1744
Step=  139, Dmax= 1.9e-02 nm, Epot= -5.09259e+05 Fmax= 2.34821e+04, atom= 1744
Step=  140, Dmax= 9.6e-03 nm, Epot= -5.09811e+05 Fmax= 8.79172e+03, atom= 1744
Step=  141, Dmax= 1.1e-02 nm, Epot= -5.09913e+05 Fmax= 8.79219e+03, atom= 1744
Step=  142, Dmax= 1.4e-02 nm, Epot= -5.09931e+05 Fmax= 1.23562e+04, atom= 1744
Step=  143, Dmax= 1.7e-02 nm, Epot= -5.10014e+05 Fmax= 1.29359e+04, atom= 1744
Step=  144, Dmax= 2.0e-02 nm, Epot= -5.09945e+05 Fmax= 1.74707e+04, atom= 1744
Step=  145, Dmax= 9.9e-03 nm, Epot= -5.10296e+05 Fmax= 2.27241e+03, atom= 1744
Step=  146, Dmax= 1.2e-02 nm, Epot= -5.10364e+05 Fmax= 1.59912e+04, atom= 1744
Step=  147, Dmax= 1.4e-02 nm, Epot= -5.10718e+05 Fmax= 5.97164e+03, atom= 1744
Step=  148, Dmax= 1.7e-02 nm, Epot= -5.10457e+05 Fmax= 2.02484e+04, atom= 1744
Step=  149, Dmax= 8.6e-03 nm, Epot= -5.10803e+05 Fmax= 7.15252e+03, atom= 1744
Step=  150, Dmax= 1.0e-02 nm, Epot= -5.10879e+05 Fmax= 8.64599e+03, atom= 1744
Step=  151, Dmax= 1.2e-02 nm, Epot= -5.10946e+05 Fmax= 1.02468e+04, atom= 1744
Step=  152, Dmax= 1.5e-02 nm, Epot= -5.10990e+05 Fmax= 1.24867e+04, atom= 1744
Step=  153, Dmax= 1.8e-02 nm, Epot= -5.11019e+05 Fmax= 1.46880e+04, atom= 1744
Step=  154, Dmax= 2.1e-02 nm, Epot= -5.10997e+05 Fmax= 1.79942e+04, atom= 1744
Step=  155, Dmax= 1.1e-02 nm, Epot= -5.11326e+05 Fmax= 1.66592e+03, atom= 1744
Step=  156, Dmax= 1.3e-02 nm, Epot= -5.11505e+05 Fmax= 1.79601e+04, atom= 1744
Step=  157, Dmax= 1.5e-02 nm, Epot= -5.11888e+05 Fmax= 5.70371e+03, atom= 1744
Step=  158, Dmax= 1.8e-02 nm, Epot= -5.11601e+05 Fmax= 2.24420e+04, atom= 1744
Step=  159, Dmax= 9.2e-03 nm, Epot= -5.11956e+05 Fmax= 8.39595e+03, atom= 1744
Step=  160, Dmax= 1.1e-02 nm, Epot= -5.12041e+05 Fmax= 8.60366e+03, atom= 1744
Step=  161, Dmax= 1.3e-02 nm, Epot= -5.12078e+05 Fmax= 1.17004e+04, atom= 1744
Step=  162, Dmax= 1.6e-02 nm, Epot= -5.12143e+05 Fmax= 1.27469e+04, atom= 1744
Step=  163, Dmax= 1.9e-02 nm, Epot= -5.12130e+05 Fmax= 1.64546e+04, atom= 1744
Step=  164, Dmax= 9.5e-03 nm, Epot= -5.12355e+05 Fmax= 1.87841e+03, atom= 1744
Step=  165, Dmax= 1.1e-02 nm, Epot= -5.12509e+05 Fmax= 1.58164e+04, atom= 1744
Step=  166, Dmax= 1.4e-02 nm, Epot= -5.12782e+05 Fmax= 5.26862e+03, atom= 1744
Step=  167, Dmax= 1.6e-02 nm, Epot= -5.12619e+05 Fmax= 2.01386e+04, atom= 1744
Step=  168, Dmax= 8.2e-03 nm, Epot= -5.12855e+05 Fmax= 7.43569e+03, atom= 1744
Step=  169, Dmax= 9.9e-03 nm, Epot= -5.12934e+05 Fmax= 7.72756e+03, atom= 1744
Step=  170, Dmax= 1.2e-02 nm, Epot= -5.12982e+05 Fmax= 1.05454e+04, atom= 1744
Step=  171, Dmax= 1.4e-02 nm, Epot= -5.13052e+05 Fmax= 1.12797e+04, atom= 1744
Step=  172, Dmax= 1.7e-02 nm, Epot= -5.13056e+05 Fmax= 1.49963e+04, atom= 1744
Step=  173, Dmax= 2.1e-02 nm, Epot= -5.13100e+05 Fmax= 1.63816e+04, atom= 1744
Step=  174, Dmax= 2.5e-02 nm, Epot= -5.13021e+05 Fmax= 2.13644e+04, atom= 1744
Step=  175, Dmax= 1.2e-02 nm, Epot= -5.13387e+05 Fmax= 2.50932e+03, atom= 1744
Step=  176, Dmax= 1.5e-02 nm, Epot= -5.13389e+05 Fmax= 2.01588e+04, atom= 1744
Step=  177, Dmax= 1.8e-02 nm, Epot= -5.13755e+05 Fmax= 7.16615e+03, atom= 1744
Step=  178, Dmax= 2.1e-02 nm, Epot= -5.13422e+05 Fmax= 2.53586e+04, atom= 1744
Step=  179, Dmax= 1.1e-02 nm, Epot= -5.13815e+05 Fmax= 9.12472e+03, atom= 1744
Step=  180, Dmax= 1.3e-02 nm, Epot= -5.13875e+05 Fmax= 1.05117e+04, atom= 1744
Step=  181, Dmax= 1.5e-02 nm, Epot= -5.13912e+05 Fmax= 1.29379e+04, atom= 1744
Step=  182, Dmax= 1.8e-02 nm, Epot= -5.13940e+05 Fmax= 1.52983e+04, atom= 1744
Step=  183, Dmax= 2.2e-02 nm, Epot= -5.13935e+05 Fmax= 1.84097e+04, atom= 1744
Step=  184, Dmax= 1.1e-02 nm, Epot= -5.14174e+05 Fmax= 1.59689e+03, atom= 1744
Step=  185, Dmax= 1.3e-02 nm, Epot= -5.14365e+05 Fmax= 1.88760e+04, atom= 1744
Step=  186, Dmax= 1.6e-02 nm, Epot= -5.14671e+05 Fmax= 5.51908e+03, atom= 1744
Step=  187, Dmax= 1.9e-02 nm, Epot= -5.14440e+05 Fmax= 2.38525e+04, atom= 1744
Step=  188, Dmax= 9.5e-03 nm, Epot= -5.14724e+05 Fmax= 9.18268e+03, atom= 1744
Step=  189, Dmax= 1.1e-02 nm, Epot= -5.14804e+05 Fmax= 8.34250e+03, atom= 1744
Step=  190, Dmax= 1.4e-02 nm, Epot= -5.14823e+05 Fmax= 1.27779e+04, atom= 1744
Step=  191, Dmax= 1.6e-02 nm, Epot= -5.14900e+05 Fmax= 1.24332e+04, atom= 1744
Step=  192, Dmax= 2.0e-02 nm, Epot= -5.14859e+05 Fmax= 1.79181e+04, atom= 1744
Step=  193, Dmax= 9.9e-03 nm, Epot= -5.15056e+05 Fmax= 2.74658e+03, atom= 1744
Step=  194, Dmax= 1.2e-02 nm, Epot= -5.15116e+05 Fmax= 1.54025e+04, atom= 1744
Step=  195, Dmax= 1.4e-02 nm, Epot= -5.15311e+05 Fmax= 6.49992e+03, atom= 1744
Step=  196, Dmax= 1.7e-02 nm, Epot= -5.15198e+05 Fmax= 1.96210e+04, atom= 1744
Step=  197, Dmax= 8.5e-03 nm, Epot= -5.15380e+05 Fmax= 6.57279e+03, atom= 1744
Step=  198, Dmax= 1.0e-02 nm, Epot= -5.15432e+05 Fmax= 9.19887e+03, atom= 1744
Step=  199, Dmax= 1.2e-02 nm, Epot= -5.15496e+05 Fmax= 9.62616e+03, atom= 1744
Step=  200, Dmax= 1.5e-02 nm, Epot= -5.15521e+05 Fmax= 1.30613e+04, atom= 1744
Step=  201, Dmax= 1.8e-02 nm, Epot= -5.15572e+05 Fmax= 1.40224e+04, atom= 1744
Step=  202, Dmax= 2.1e-02 nm, Epot= -5.15545e+05 Fmax= 1.85855e+04, atom= 1744
Step=  203, Dmax= 1.1e-02 nm, Epot= -5.15749e+05 Fmax= 2.29071e+03, atom= 1744
Step=  204, Dmax= 1.3e-02 nm, Epot= -5.15831e+05 Fmax= 1.72112e+04, atom= 1744
Step=  205, Dmax= 1.5e-02 nm, Epot= -5.16055e+05 Fmax= 6.35546e+03, atom= 1744
Step=  206, Dmax= 1.8e-02 nm, Epot= -5.15903e+05 Fmax= 2.17057e+04, atom= 1744
Step=  207, Dmax= 9.2e-03 nm, Epot= -5.16114e+05 Fmax= 7.69297e+03, atom= 1744
Step=  208, Dmax= 1.1e-02 nm, Epot= -5.16168e+05 Fmax= 9.26198e+03, atom= 1744
Step=  209, Dmax= 1.3e-02 nm, Epot= -5.16216e+05 Fmax= 1.09693e+04, atom= 1744
Step=  210, Dmax= 1.6e-02 nm, Epot= -5.16248e+05 Fmax= 1.34143e+04, atom= 1744
Step=  211, Dmax= 1.9e-02 nm, Epot= -5.16273e+05 Fmax= 1.56876e+04, atom= 1744
Step=  212, Dmax= 2.3e-02 nm, Epot= -5.16260e+05 Fmax= 1.93476e+04, atom= 1744
Step=  213, Dmax= 1.1e-02 nm, Epot= -5.16472e+05 Fmax= 1.84714e+03, atom= 1744
Step=  214, Dmax= 1.4e-02 nm, Epot= -5.16598e+05 Fmax= 1.91074e+04, atom= 1744
Step=  215, Dmax= 1.6e-02 nm, Epot= -5.16853e+05 Fmax= 6.26737e+03, atom= 1744
Step=  216, Dmax= 2.0e-02 nm, Epot= -5.16661e+05 Fmax= 2.38643e+04, atom= 1744
Step=  217, Dmax= 9.9e-03 nm, Epot= -5.16903e+05 Fmax= 8.82930e+03, atom= 1744
Step=  218, Dmax= 1.2e-02 nm, Epot= -5.16960e+05 Fmax= 9.40193e+03, atom= 1744
Step=  219, Dmax= 1.4e-02 nm, Epot= -5.16991e+05 Fmax= 1.23410e+04, atom= 1744
Step=  220, Dmax= 1.7e-02 nm, Epot= -5.17032e+05 Fmax= 1.38673e+04, atom= 1744
Step=  221, Dmax= 2.0e-02 nm, Epot= -5.17030e+05 Fmax= 1.74028e+04, atom= 1744
Step=  222, Dmax= 1.0e-02 nm, Epot= -5.17186e+05 Fmax= 1.79831e+03, atom= 1744
Step=  223, Dmax= 1.2e-02 nm, Epot= -5.17323e+05 Fmax= 1.72329e+04, atom= 1744
Step=  224, Dmax= 1.5e-02 nm, Epot= -5.17527e+05 Fmax= 5.36489e+03, atom= 1744
Step=  225, Dmax= 1.8e-02 nm, Epot= -5.17401e+05 Fmax= 2.18911e+04, atom= 1744
Step=  226, Dmax= 8.8e-03 nm, Epot= -5.17578e+05 Fmax= 8.26777e+03, atom= 1744
Step=  227, Dmax= 1.1e-02 nm, Epot= -5.17639e+05 Fmax= 7.97343e+03, atom= 1744
Step=  228, Dmax= 1.3e-02 nm, Epot= -5.17669e+05 Fmax= 1.16206e+04, atom= 1744
Step=  229, Dmax= 1.5e-02 nm, Epot= -5.17725e+05 Fmax= 1.17551e+04, atom= 1744
Step=  230, Dmax= 1.8e-02 nm, Epot= -5.17717e+05 Fmax= 1.64074e+04, atom= 1744
Step=  231, Dmax= 9.2e-03 nm, Epot= -5.17842e+05 Fmax= 2.32897e+03, atom= 1744
Step=  232, Dmax= 1.1e-02 nm, Epot= -5.17931e+05 Fmax= 1.44658e+04, atom= 1744
Step=  233, Dmax= 1.3e-02 nm, Epot= -5.18077e+05 Fmax= 5.85459e+03, atom= 1744
Step=  234, Dmax= 1.6e-02 nm, Epot= -5.18015e+05 Fmax= 1.83545e+04, atom= 1744
Step=  235, Dmax= 7.9e-03 nm, Epot= -5.18133e+05 Fmax= 6.26079e+03, atom= 1744
Step=  236, Dmax= 9.5e-03 nm, Epot= -5.18182e+05 Fmax= 8.37635e+03, atom= 1744
Step=  237, Dmax= 1.1e-02 nm, Epot= -5.18234e+05 Fmax= 9.07567e+03, atom= 1744
Step=  238, Dmax= 1.4e-02 nm, Epot= -5.18265e+05 Fmax= 1.19760e+04, atom= 1744
Step=  239, Dmax= 1.6e-02 nm, Epot= -5.18307e+05 Fmax= 1.31409e+04, atom= 1744
Step=  240, Dmax= 2.0e-02 nm, Epot= -5.18302e+05 Fmax= 1.71174e+04, atom= 1744
Step=  241, Dmax= 9.8e-03 nm, Epot= -5.18439e+05 Fmax= 1.99529e+03, atom= 1744
Step=  242, Dmax= 1.2e-02 nm, Epot= -5.18547e+05 Fmax= 1.60474e+04, atom= 1744
Step=  243, Dmax= 1.4e-02 nm, Epot= -5.18715e+05 Fmax= 5.81224e+03, atom= 1744
Step=  244, Dmax= 1.7e-02 nm, Epot= -5.18623e+05 Fmax= 2.01974e+04, atom= 1744
Step=  245, Dmax= 8.5e-03 nm, Epot= -5.18766e+05 Fmax= 7.20816e+03, atom= 1744
Step=  246, Dmax= 1.0e-02 nm, Epot= -5.18815e+05 Fmax= 8.52459e+03, atom= 1744
Step=  247, Dmax= 1.2e-02 nm, Epot= -5.18857e+05 Fmax= 1.02321e+04, atom= 1744
Step=  248, Dmax= 1.5e-02 nm, Epot= -5.18890e+05 Fmax= 1.23915e+04, atom= 1744
Step=  249, Dmax= 1.8e-02 nm, Epot= -5.18915e+05 Fmax= 1.45994e+04, atom= 1744
Step=  250, Dmax= 2.1e-02 nm, Epot= -5.18915e+05 Fmax= 1.79113e+04, atom= 1744
Step=  251, Dmax= 1.1e-02 nm, Epot= -5.19066e+05 Fmax= 1.66886e+03, atom= 1744
Step=  252, Dmax= 1.3e-02 nm, Epot= -5.19206e+05 Fmax= 1.77124e+04, atom= 1744
Step=  253, Dmax= 1.5e-02 nm, Epot= -5.19400e+05 Fmax= 5.81508e+03, atom= 1744
Step=  254, Dmax= 1.8e-02 nm, Epot= -5.19272e+05 Fmax= 2.21188e+04, atom= 1744
Step=  255, Dmax= 9.1e-03 nm, Epot= -5.19445e+05 Fmax= 8.17729e+03, atom= 1744
Step=  256, Dmax= 1.1e-02 nm, Epot= -5.19494e+05 Fmax= 8.73628e+03, atom= 1744
Step=  257, Dmax= 1.3e-02 nm, Epot= -5.19525e+05 Fmax= 1.14231e+04, atom= 1744
Step=  258, Dmax= 1.6e-02 nm, Epot= -5.19562e+05 Fmax= 1.28916e+04, atom= 1744
Step=  259, Dmax= 1.9e-02 nm, Epot= -5.19568e+05 Fmax= 1.61123e+04, atom= 1744
Step=  260, Dmax= 2.3e-02 nm, Epot= -5.19573e+05 Fmax= 1.88179e+04, atom= 1744
Step=  261, Dmax= 2.7e-02 nm, Epot= -5.19535e+05 Fmax= 2.28270e+04, atom= 1744
Step=  262, Dmax= 1.4e-02 nm, Epot= -5.19796e+05 Fmax= 2.08099e+03, atom= 1744
Step=  263, Dmax= 1.6e-02 nm, Epot= -5.19818e+05 Fmax= 2.32422e+04, atom= 1744
Step=  264, Dmax= 2.0e-02 nm, Epot= -5.20118e+05 Fmax= 6.97118e+03, atom= 1744
Step=  265, Dmax= 2.4e-02 nm, Epot= -5.19804e+05 Fmax= 2.93670e+04, atom= 1744
Step=  266, Dmax= 1.2e-02 nm, Epot= -5.20142e+05 Fmax= 1.12270e+04, atom= 1744
Step=  267, Dmax= 1.4e-02 nm, Epot= -5.20199e+05 Fmax= 1.04590e+04, atom= 1744
Step=  268, Dmax= 1.7e-02 nm, Epot= -5.20189e+05 Fmax= 1.56720e+04, atom= 1744
Step=  269, Dmax= 8.5e-03 nm, Epot= -5.20287e+05 Fmax= 2.60626e+03, atom= 1744
Step=  270, Dmax= 1.0e-02 nm, Epot= -5.20351e+05 Fmax= 1.29687e+04, atom= 1744
Step=  271, Dmax= 1.2e-02 nm, Epot= -5.20460e+05 Fmax= 5.86425e+03, atom= 1744
Step=  272, Dmax= 1.5e-02 nm, Epot= -5.20425e+05 Fmax= 1.65886e+04, atom= 1744
Step=  273, Dmax= 7.3e-03 nm, Epot= -5.20511e+05 Fmax= 5.37017e+03, atom= 1744
Step=  274, Dmax= 8.8e-03 nm, Epot= -5.20553e+05 Fmax= 8.20584e+03, atom= 1744
Step=  275, Dmax= 1.1e-02 nm, Epot= -5.20604e+05 Fmax= 7.97700e+03, atom= 1744
Step=  276, Dmax= 1.3e-02 nm, Epot= -5.20626e+05 Fmax= 1.15497e+04, atom= 1744
Step=  277, Dmax= 1.5e-02 nm, Epot= -5.20674e+05 Fmax= 1.17440e+04, atom= 1744
Step=  278, Dmax= 1.8e-02 nm, Epot= -5.20664e+05 Fmax= 1.63265e+04, atom= 1744
Step=  279, Dmax= 9.1e-03 nm, Epot= -5.20775e+05 Fmax= 2.29451e+03, atom= 1744
Step=  280, Dmax= 1.1e-02 nm, Epot= -5.20845e+05 Fmax= 1.44304e+04, atom= 1744
Step=  281, Dmax= 1.3e-02 nm, Epot= -5.20974e+05 Fmax= 5.82488e+03, atom= 1744
Step=  282, Dmax= 1.6e-02 nm, Epot= -5.20912e+05 Fmax= 1.82972e+04, atom= 1744
Step=  283, Dmax= 7.9e-03 nm, Epot= -5.21020e+05 Fmax= 6.24677e+03, atom= 1744
Step=  284, Dmax= 9.5e-03 nm, Epot= -5.21061e+05 Fmax= 8.34599e+03, atom= 1744
Step=  285, Dmax= 1.1e-02 nm, Epot= -5.21104e+05 Fmax= 9.04526e+03, atom= 1744
Step=  286, Dmax= 1.4e-02 nm, Epot= -5.21128e+05 Fmax= 1.19406e+04, atom= 1744
Step=  287, Dmax= 1.6e-02 nm, Epot= -5.21162e+05 Fmax= 1.30909e+04, atom= 1744
Step=  288, Dmax= 2.0e-02 nm, Epot= -5.21154e+05 Fmax= 1.70710e+04, atom= 1744
Step=  289, Dmax= 9.8e-03 nm, Epot= -5.21280e+05 Fmax= 1.99716e+03, atom= 1744
Step=  290, Dmax= 1.2e-02 nm, Epot= -5.21362e+05 Fmax= 1.59695e+04, atom= 1744
Step=  291, Dmax= 1.4e-02 nm, Epot= -5.21511e+05 Fmax= 5.81843e+03, atom= 1744
Step=  292, Dmax= 1.7e-02 nm, Epot= -5.21420e+05 Fmax= 2.00993e+04, atom= 1744
Step=  293, Dmax= 8.5e-03 nm, Epot= -5.21554e+05 Fmax= 7.15559e+03, atom= 1744
Step=  294, Dmax= 1.0e-02 nm, Epot= -5.21594e+05 Fmax= 8.52854e+03, atom= 1744
Step=  295, Dmax= 1.2e-02 nm, Epot= -5.21629e+05 Fmax= 1.01634e+04, atom= 1744
Step=  296, Dmax= 1.5e-02 nm, Epot= -5.21655e+05 Fmax= 1.23889e+04, atom= 1744
Step=  297, Dmax= 1.8e-02 nm, Epot= -5.21674e+05 Fmax= 1.45105e+04, atom= 1744
Step=  298, Dmax= 2.1e-02 nm, Epot= -5.21669e+05 Fmax= 1.78964e+04, atom= 1744
Step=  299, Dmax= 1.1e-02 nm, Epot= -5.21810e+05 Fmax= 1.70531e+03, atom= 1744
Step=  300, Dmax= 1.3e-02 nm, Epot= -5.21913e+05 Fmax= 1.75939e+04, atom= 1744
Step=  301, Dmax= 1.5e-02 nm, Epot= -5.22087e+05 Fmax= 5.85256e+03, atom= 1744
Step=  302, Dmax= 1.8e-02 nm, Epot= -5.21960e+05 Fmax= 2.19857e+04, atom= 1744
Step=  303, Dmax= 9.1e-03 nm, Epot= -5.22125e+05 Fmax= 8.09091e+03, atom= 1744
Step=  304, Dmax= 1.1e-02 nm, Epot= -5.22166e+05 Fmax= 8.76929e+03, atom= 1744
Step=  305, Dmax= 1.3e-02 nm, Epot= -5.22191e+05 Fmax= 1.13206e+04, atom= 1744
Step=  306, Dmax= 1.6e-02 nm, Epot= -5.22220e+05 Fmax= 1.29164e+04, atom= 1744
Step=  307, Dmax= 1.9e-02 nm, Epot= -5.22222e+05 Fmax= 1.59895e+04, atom= 1744
Step=  308, Dmax= 2.3e-02 nm, Epot= -5.22220e+05 Fmax= 1.88285e+04, atom= 1744
Step=  309, Dmax= 1.1e-02 nm, Epot= -5.22380e+05 Fmax= 1.44012e+03, atom= 1744
Step=  310, Dmax= 1.4e-02 nm, Epot= -5.22512e+05 Fmax= 1.92749e+04, atom= 1744
Step=  311, Dmax= 1.6e-02 nm, Epot= -5.22715e+05 Fmax= 5.97292e+03, atom= 1744
Step=  312, Dmax= 2.0e-02 nm, Epot= -5.22546e+05 Fmax= 2.39107e+04, atom= 1744
Step=  313, Dmax= 9.8e-03 nm, Epot= -5.22746e+05 Fmax= 9.01005e+03, atom= 1744
Step=  314, Dmax= 1.2e-02 nm, Epot= -5.22789e+05 Fmax= 9.11847e+03, atom= 1744
Step=  315, Dmax= 1.4e-02 nm, Epot= -5.22803e+05 Fmax= 1.24743e+04, atom= 1744
Step=  316, Dmax= 1.7e-02 nm, Epot= -5.22833e+05 Fmax= 1.35756e+04, atom= 1744
Step=  317, Dmax= 2.0e-02 nm, Epot= -5.22820e+05 Fmax= 1.74850e+04, atom= 1744
Step=  318, Dmax= 1.0e-02 nm, Epot= -5.22952e+05 Fmax= 1.98455e+03, atom= 1744
Step=  319, Dmax= 1.2e-02 nm, Epot= -5.23011e+05 Fmax= 1.69504e+04, atom= 1744
Step=  320, Dmax= 1.5e-02 nm, Epot= -5.23170e+05 Fmax= 5.48942e+03, atom= 1744
Step=  321, Dmax= 1.8e-02 nm, Epot= -5.23051e+05 Fmax= 2.15994e+04, atom= 1744
Step=  322, Dmax= 8.8e-03 nm, Epot= -5.23205e+05 Fmax= 8.05615e+03, atom= 1744
Step=  323, Dmax= 1.1e-02 nm, Epot= -5.23247e+05 Fmax= 8.06998e+03, atom= 1744
Step=  324, Dmax= 1.3e-02 nm, Epot= -5.23265e+05 Fmax= 1.14016e+04, atom= 1744
Step=  325, Dmax= 1.5e-02 nm, Epot= -5.23303e+05 Fmax= 1.18136e+04, atom= 1744
Step=  326, Dmax= 1.8e-02 nm, Epot= -5.23291e+05 Fmax= 1.61708e+04, atom= 1744
Step=  327, Dmax= 9.1e-03 nm, Epot= -5.23398e+05 Fmax= 2.18169e+03, atom= 1744
Step=  328, Dmax= 1.1e-02 nm, Epot= -5.23454e+05 Fmax= 1.44697e+04, atom= 1744
Step=  329, Dmax= 1.3e-02 nm, Epot= -5.23574e+05 Fmax= 5.72325e+03, atom= 1744
Step=  330, Dmax= 1.6e-02 nm, Epot= -5.23506e+05 Fmax= 1.83112e+04, atom= 1744
Step=  331, Dmax= 7.9e-03 nm, Epot= -5.23614e+05 Fmax= 6.30460e+03, atom= 1744
Step=  332, Dmax= 9.4e-03 nm, Epot= -5.23648e+05 Fmax= 8.24464e+03, atom= 1744
Step=  333, Dmax= 1.1e-02 nm, Epot= -5.23684e+05 Fmax= 9.08623e+03, atom= 1744
Step=  334, Dmax= 1.4e-02 nm, Epot= -5.23702e+05 Fmax= 1.18348e+04, atom= 1744
Step=  335, Dmax= 1.6e-02 nm, Epot= -5.23729e+05 Fmax= 1.31119e+04, atom= 1744
Step=  336, Dmax= 2.0e-02 nm, Epot= -5.23717e+05 Fmax= 1.69553e+04, atom= 1744
Step=  337, Dmax= 9.8e-03 nm, Epot= -5.23839e+05 Fmax= 1.92864e+03, atom= 1744
Step=  338, Dmax= 1.2e-02 nm, Epot= -5.23902e+05 Fmax= 1.59581e+04, atom= 1744
Step=  339, Dmax= 1.4e-02 nm, Epot= -5.24043e+05 Fmax= 5.76150e+03, atom= 1744
Step=  340, Dmax= 1.7e-02 nm, Epot= -5.23945e+05 Fmax= 2.00622e+04, atom= 1744
Step=  341, Dmax= 8.4e-03 nm, Epot= -5.24079e+05 Fmax= 7.16602e+03, atom= 1744
Step=  342, Dmax= 1.0e-02 nm, Epot= -5.24113e+05 Fmax= 8.47115e+03, atom= 1744
Step=  343, Dmax= 1.2e-02 nm, Epot= -5.24141e+05 Fmax= 1.01561e+04, atom= 1744
Step=  344, Dmax= 1.5e-02 nm, Epot= -5.24161e+05 Fmax= 1.23262e+04, atom= 1744
Step=  345, Dmax= 1.8e-02 nm, Epot= -5.24174e+05 Fmax= 1.44822e+04, atom= 1744
Step=  346, Dmax= 2.1e-02 nm, Epot= -5.24164e+05 Fmax= 1.78223e+04, atom= 1744
Step=  347, Dmax= 1.1e-02 nm, Epot= -5.24303e+05 Fmax= 1.68220e+03, atom= 1744
Step=  348, Dmax= 1.3e-02 nm, Epot= -5.24377e+05 Fmax= 1.75295e+04, atom= 1744
Step=  349, Dmax= 1.5e-02 nm, Epot= -5.24543e+05 Fmax= 5.84153e+03, atom= 1744
Step=  350, Dmax= 1.8e-02 nm, Epot= -5.24408e+05 Fmax= 2.18978e+04, atom= 1744
Step=  351, Dmax= 9.1e-03 nm, Epot= -5.24574e+05 Fmax= 8.05231e+03, atom= 1744
Step=  352, Dmax= 1.1e-02 nm, Epot= -5.24609e+05 Fmax= 8.75638e+03, atom= 1744
Step=  353, Dmax= 1.3e-02 nm, Epot= -5.24627e+05 Fmax= 1.12644e+04, atom= 1744
Step=  354, Dmax= 1.6e-02 nm, Epot= -5.24650e+05 Fmax= 1.28971e+04, atom= 1744
Step=  355, Dmax= 1.9e-02 nm, Epot= -5.24648e+05 Fmax= 1.59115e+04, atom= 1744
Step=  356, Dmax= 9.4e-03 nm, Epot= -5.24754e+05 Fmax= 1.53257e+03, atom= 1744
Step=  357, Dmax= 1.1e-02 nm, Epot= -5.24845e+05 Fmax= 1.60917e+04, atom= 1744
Step=  358, Dmax= 1.4e-02 nm, Epot= -5.24989e+05 Fmax= 4.72447e+03, atom= 1744
Step=  359, Dmax= 1.6e-02 nm, Epot= -5.24890e+05 Fmax= 2.04245e+04, atom= 1744
Step=  360, Dmax= 8.1e-03 nm, Epot= -5.25020e+05 Fmax= 7.85505e+03, atom= 1744
Step=  361, Dmax= 9.8e-03 nm, Epot= -5.25061e+05 Fmax= 7.09821e+03, atom= 1744
Step=  362, Dmax= 1.2e-02 nm, Epot= -5.25075e+05 Fmax= 1.09719e+04, atom= 1744
Step=  363, Dmax= 1.4e-02 nm, Epot= -5.25116e+05 Fmax= 1.05575e+04, atom= 1744
Step=  364, Dmax= 1.7e-02 nm, Epot= -5.25099e+05 Fmax= 1.54098e+04, atom= 1744
Step=  365, Dmax= 8.4e-03 nm, Epot= -5.25193e+05 Fmax= 2.42695e+03, atom= 1744
Step=  366, Dmax= 1.0e-02 nm, Epot= -5.25231e+05 Fmax= 1.30053e+04, atom= 1744
Step=  367, Dmax= 1.2e-02 nm, Epot= -5.25328e+05 Fmax= 5.71487e+03, atom= 1744
Step=  368, Dmax= 1.5e-02 nm, Epot= -5.25277e+05 Fmax= 1.65710e+04, atom= 1744
Step=  369, Dmax= 7.3e-03 nm, Epot= -5.25365e+05 Fmax= 5.43629e+03, atom= 1744
Step=  370, Dmax= 8.7e-03 nm, Epot= -5.25394e+05 Fmax= 8.06479e+03, atom= 1744
Step=  371, Dmax= 1.0e-02 nm, Epot= -5.25431e+05 Fmax= 8.00439e+03, atom= 1744
Step=  372, Dmax= 1.3e-02 nm, Epot= -5.25443e+05 Fmax= 1.14069e+04, atom= 1744
Step=  373, Dmax= 1.5e-02 nm, Epot= -5.25476e+05 Fmax= 1.17282e+04, atom= 1744
Step=  374, Dmax= 1.8e-02 nm, Epot= -5.25458e+05 Fmax= 1.61704e+04, atom= 1744
Step=  375, Dmax= 9.1e-03 nm, Epot= -5.25566e+05 Fmax= 2.22448e+03, atom= 1744
Step=  376, Dmax= 1.1e-02 nm, Epot= -5.25602e+05 Fmax= 1.43554e+04, atom= 1744
Step=  377, Dmax= 1.3e-02 nm, Epot= -5.25716e+05 Fmax= 5.77308e+03, atom= 1744
Step=  378, Dmax= 1.6e-02 nm, Epot= -5.25640e+05 Fmax= 1.81761e+04, atom= 1744
Step=  379, Dmax= 7.8e-03 nm, Epot= -5.25751e+05 Fmax= 6.21227e+03, atom= 1744
Step=  380, Dmax= 9.4e-03 nm, Epot= -5.25778e+05 Fmax= 8.29508e+03, atom= 1744
Step=  381, Dmax= 1.1e-02 nm, Epot= -5.25810e+05 Fmax= 8.97594e+03, atom= 1744
Step=  382, Dmax= 1.4e-02 nm, Epot= -5.25822e+05 Fmax= 1.18824e+04, atom= 1744
Step=  383, Dmax= 1.6e-02 nm, Epot= -5.25845e+05 Fmax= 1.29808e+04, atom= 1744
Step=  384, Dmax= 1.9e-02 nm, Epot= -5.25826e+05 Fmax= 1.69942e+04, atom= 1744
Step=  385, Dmax= 9.7e-03 nm, Epot= -5.25950e+05 Fmax= 2.01272e+03, atom= 1744
Step=  386, Dmax= 1.2e-02 nm, Epot= -5.25986e+05 Fmax= 1.58017e+04, atom= 1744
Step=  387, Dmax= 1.4e-02 nm, Epot= -5.26119e+05 Fmax= 5.84550e+03, atom= 1744
Step=  388, Dmax= 1.7e-02 nm, Epot= -5.26014e+05 Fmax= 1.98897e+04, atom= 1744
Step=  389, Dmax= 8.4e-03 nm, Epot= -5.26151e+05 Fmax= 7.03720e+03, atom= 1744
Step=  390, Dmax= 1.0e-02 nm, Epot= -5.26179e+05 Fmax= 8.55291e+03, atom= 1744
Step=  391, Dmax= 1.2e-02 nm, Epot= -5.26203e+05 Fmax= 1.00106e+04, atom= 1744
Step=  392, Dmax= 1.5e-02 nm, Epot= -5.26216e+05 Fmax= 1.24033e+04, atom= 1744
Step=  393, Dmax= 1.7e-02 nm, Epot= -5.26227e+05 Fmax= 1.43156e+04, atom= 1744
Step=  394, Dmax= 2.1e-02 nm, Epot= -5.26208e+05 Fmax= 1.78890e+04, atom= 1744
Step=  395, Dmax= 1.0e-02 nm, Epot= -5.26349e+05 Fmax= 1.79774e+03, atom= 1744
Step=  396, Dmax= 1.3e-02 nm, Epot= -5.26387e+05 Fmax= 1.73401e+04, atom= 1744
Step=  397, Dmax= 1.5e-02 nm, Epot= -5.26544e+05 Fmax= 5.94798e+03, atom= 1744
Step=  398, Dmax= 1.8e-02 nm, Epot= -5.26405e+05 Fmax= 2.17009e+04, atom= 1744
Step=  399, Dmax= 9.0e-03 nm, Epot= -5.26571e+05 Fmax= 7.89834e+03, atom= 1744
Step=  400, Dmax= 1.1e-02 nm, Epot= -5.26600e+05 Fmax= 8.85869e+03, atom= 1744
Step=  401, Dmax= 1.3e-02 nm, Epot= -5.26616e+05 Fmax= 1.10939e+04, atom= 1744
Step=  402, Dmax= 1.6e-02 nm, Epot= -5.26630e+05 Fmax= 1.29930e+04, atom= 1744
Step=  403, Dmax= 1.9e-02 nm, Epot= -5.26628e+05 Fmax= 1.57196e+04, atom= 1744
Step=  404, Dmax= 9.4e-03 nm, Epot= -5.26734e+05 Fmax= 1.38914e+03, atom= 1744
Step=  405, Dmax= 1.1e-02 nm, Epot= -5.26816e+05 Fmax= 1.62269e+04, atom= 1744
Step=  406, Dmax= 1.4e-02 nm, Epot= -5.26958e+05 Fmax= 4.52720e+03, atom= 1744
Step=  407, Dmax= 1.6e-02 nm, Epot= -5.26849e+05 Fmax= 2.05571e+04, atom= 1744
Step=  408, Dmax= 8.1e-03 nm, Epot= -5.26983e+05 Fmax= 8.02307e+03, atom= 1744
Step=  409, Dmax= 9.7e-03 nm, Epot= -5.27022e+05 Fmax= 6.88067e+03, atom= 1744
Step=  410, Dmax= 1.2e-02 nm, Epot= -5.27028e+05 Fmax= 1.11394e+04, atom= 1744
Step=  411, Dmax= 1.4e-02 nm, Epot= -5.27068e+05 Fmax= 1.03190e+04, atom= 1744
Step=  412, Dmax= 1.7e-02 nm, Epot= -5.27042e+05 Fmax= 1.55719e+04, atom= 1744
Step=  413, Dmax= 8.4e-03 nm, Epot= -5.27140e+05 Fmax= 2.62680e+03, atom= 1744
Step=  414, Dmax= 1.0e-02 nm, Epot= -5.27160e+05 Fmax= 1.27504e+04, atom= 1744
Step=  415, Dmax= 1.2e-02 nm, Epot= -5.27249e+05 Fmax= 5.90940e+03, atom= 1744
Step=  416, Dmax= 1.5e-02 nm, Epot= -5.27194e+05 Fmax= 1.63002e+04, atom= 1744
Step=  417, Dmax= 7.3e-03 nm, Epot= -5.27283e+05 Fmax= 5.20354e+03, atom= 1744
Step=  418, Dmax= 8.7e-03 nm, Epot= -5.27305e+05 Fmax= 8.26102e+03, atom= 1744
Step=  419, Dmax= 1.0e-02 nm, Epot= -5.27341e+05 Fmax= 7.75368e+03, atom= 1744
Step=  420, Dmax= 1.3e-02 nm, Epot= -5.27344e+05 Fmax= 1.16020e+04, atom= 1744
Step=  421, Dmax= 1.5e-02 nm, Epot= -5.27378e+05 Fmax= 1.14567e+04, atom= 1744
Step=  422, Dmax= 1.8e-02 nm, Epot= -5.27350e+05 Fmax= 1.63586e+04, atom= 1744
Step=  423, Dmax= 9.0e-03 nm, Epot= -5.27462e+05 Fmax= 2.45358e+03, atom= 1744
Step=  424, Dmax= 1.1e-02 nm, Epot= -5.27475e+05 Fmax= 1.40687e+04, atom= 1744
Step=  425, Dmax= 1.3e-02 nm, Epot= -5.27580e+05 Fmax= 5.99234e+03, atom= 1744
Step=  426, Dmax= 1.6e-02 nm, Epot= -5.27501e+05 Fmax= 1.78765e+04, atom= 1744
Step=  427, Dmax= 7.8e-03 nm, Epot= -5.27612e+05 Fmax= 5.95211e+03, atom= 1744
Step=  428, Dmax= 9.4e-03 nm, Epot= -5.27633e+05 Fmax= 8.51433e+03, atom= 1744
Step=  429, Dmax= 1.1e-02 nm, Epot= -5.27664e+05 Fmax= 8.69877e+03, atom= 1744
Step=  430, Dmax= 1.3e-02 nm, Epot= -5.27667e+05 Fmax= 1.20984e+04, atom= 1744
Step=  431, Dmax= 1.6e-02 nm, Epot= -5.27692e+05 Fmax= 1.26825e+04, atom= 1744
Step=  432, Dmax= 1.9e-02 nm, Epot= -5.27662e+05 Fmax= 1.72021e+04, atom= 1744
Step=  433, Dmax= 9.7e-03 nm, Epot= -5.27789e+05 Fmax= 2.26497e+03, atom= 1744
Step=  434, Dmax= 1.2e-02 nm, Epot= -5.27797e+05 Fmax= 1.54893e+04, atom= 1744
Step=  435, Dmax= 1.4e-02 nm, Epot= -5.27922e+05 Fmax= 6.08191e+03, atom= 1744
Step=  436, Dmax= 1.7e-02 nm, Epot= -5.27813e+05 Fmax= 1.95693e+04, atom= 1744
Step=  437, Dmax= 8.4e-03 nm, Epot= -5.27950e+05 Fmax= 6.75696e+03, atom= 1744
Step=  438, Dmax= 1.0e-02 nm, Epot= -5.27971e+05 Fmax= 8.78748e+03, atom= 1744
Step=  439, Dmax= 1.2e-02 nm, Epot= -5.27995e+05 Fmax= 9.71384e+03, atom= 1744
Step=  440, Dmax= 1.4e-02 nm, Epot= -5.27999e+05 Fmax= 1.26334e+04, atom= 1744
Step=  441, Dmax= 1.7e-02 nm, Epot= -5.28012e+05 Fmax= 1.39973e+04, atom= 1744
Step=  442, Dmax= 2.1e-02 nm, Epot= -5.27983e+05 Fmax= 1.81096e+04, atom= 1744
Step=  443, Dmax= 1.0e-02 nm, Epot= -5.28128e+05 Fmax= 2.06530e+03, atom= 1744
Step=  444, Dmax= 1.3e-02 nm, Epot= -5.28129e+05 Fmax= 1.70123e+04, atom= 1744
Step=  445, Dmax= 1.5e-02 nm, Epot= -5.28277e+05 Fmax= 6.18838e+03, atom= 1744
Step=  446, Dmax= 1.8e-02 nm, Epot= -5.28134e+05 Fmax= 2.13751e+04, atom= 1744
Step=  447, Dmax= 9.0e-03 nm, Epot= -5.28301e+05 Fmax= 7.61181e+03, atom= 1744
Step=  448, Dmax= 1.1e-02 nm, Epot= -5.28323e+05 Fmax= 9.09353e+03, atom= 1744
Step=  449, Dmax= 1.3e-02 nm, Epot= -5.28339e+05 Fmax= 1.07923e+04, atom= 1744
Step=  450, Dmax= 1.6e-02 nm, Epot= -5.28344e+05 Fmax= 1.32210e+04, atom= 1744
Step=  451, Dmax= 1.9e-02 nm, Epot= -5.28345e+05 Fmax= 1.53971e+04, atom= 1744
Step=  452, Dmax= 2.2e-02 nm, Epot= -5.28315e+05 Fmax= 1.90967e+04, atom= 1744
Step=  453, Dmax= 1.1e-02 nm, Epot= -5.28480e+05 Fmax= 1.86472e+03, atom= 1744
Step=  454, Dmax= 1.3e-02 nm, Epot= -5.28476e+05 Fmax= 1.86300e+04, atom= 1744
Step=  455, Dmax= 6.7e-03 nm, Epot= -5.28532e+05 Fmax= 8.35251e+03, atom= 1744
Step=  456, Dmax= 8.1e-03 nm, Epot= -5.28580e+05 Fmax= 4.12120e+03, atom= 1744
Step=  457, Dmax= 9.7e-03 nm, Epot= -5.28586e+05 Fmax= 1.06826e+04, atom= 1744
Step=  458, Dmax= 1.2e-02 nm, Epot= -5.28643e+05 Fmax= 7.25779e+03, atom= 1744
Step=  459, Dmax= 1.4e-02 nm, Epot= -5.28612e+05 Fmax= 1.41031e+04, atom= 1744
Step=  460, Dmax= 7.0e-03 nm, Epot= -5.28685e+05 Fmax= 3.43049e+03, atom= 1744
Step=  461, Dmax= 8.4e-03 nm, Epot= -5.28702e+05 Fmax= 9.55351e+03, atom= 1744
Step=  462, Dmax= 1.0e-02 nm, Epot= -5.28754e+05 Fmax= 5.84890e+03, atom= 1744
Step=  463, Dmax= 1.2e-02 nm, Epot= -5.28737e+05 Fmax= 1.27891e+04, atom= 1744
Step=  464, Dmax= 6.0e-03 nm, Epot= -5.28789e+05 Fmax= 3.46770e+03, atom= 1744
Step=  465, Dmax= 7.2e-03 nm, Epot= -5.28814e+05 Fmax= 7.57410e+03, atom= 1744
Step=  466, Dmax= 8.7e-03 nm, Epot= -5.28852e+05 Fmax= 5.83510e+03, atom= 1744
Step=  467, Dmax= 1.0e-02 nm, Epot= -5.28858e+05 Fmax= 1.01060e+04, atom= 1744
Step=  468, Dmax= 1.3e-02 nm, Epot= -5.28896e+05 Fmax= 9.17889e+03, atom= 1744
Step=  469, Dmax= 1.5e-02 nm, Epot= -5.28879e+05 Fmax= 1.37921e+04, atom= 1744
Step=  470, Dmax= 7.5e-03 nm, Epot= -5.28954e+05 Fmax= 2.31826e+03, atom= 1744
Step=  471, Dmax= 9.0e-03 nm, Epot= -5.28976e+05 Fmax= 1.16943e+04, atom= 1744
Step=  472, Dmax= 1.1e-02 nm, Epot= -5.29053e+05 Fmax= 4.87455e+03, atom= 1744
Step=  473, Dmax= 1.3e-02 nm, Epot= -5.29010e+05 Fmax= 1.51876e+04, atom= 1744
Step=  474, Dmax= 6.5e-03 nm, Epot= -5.29082e+05 Fmax= 5.15332e+03, atom= 1744
Step=  475, Dmax= 7.8e-03 nm, Epot= -5.29106e+05 Fmax= 6.74244e+03, atom= 1744
Step=  476, Dmax= 9.3e-03 nm, Epot= -5.29131e+05 Fmax= 7.67829e+03, atom= 1744
Step=  477, Dmax= 1.1e-02 nm, Epot= -5.29147e+05 Fmax= 9.47245e+03, atom= 1744
Step=  478, Dmax= 1.3e-02 nm, Epot= -5.29161e+05 Fmax= 1.12593e+04, atom= 1744
Step=  479, Dmax= 1.6e-02 nm, Epot= -5.29165e+05 Fmax= 1.34375e+04, atom= 1744
Step=  480, Dmax= 1.9e-02 nm, Epot= -5.29154e+05 Fmax= 1.63540e+04, atom= 1744
Step=  481, Dmax= 9.7e-03 nm, Epot= -5.29272e+05 Fmax= 1.46646e+03, atom= 1744
Step=  482, Dmax= 1.2e-02 nm, Epot= -5.29317e+05 Fmax= 1.61325e+04, atom= 1744
Step=  483, Dmax= 1.4e-02 nm, Epot= -5.29452e+05 Fmax= 5.40635e+03, atom= 1744
Step=  484, Dmax= 1.7e-02 nm, Epot= -5.29330e+05 Fmax= 2.01253e+04, atom= 1744
Step=  485, Dmax= 8.4e-03 nm, Epot= -5.29473e+05 Fmax= 7.38030e+03, atom= 1744
Step=  486, Dmax= 1.0e-02 nm, Epot= -5.29497e+05 Fmax= 8.12487e+03, atom= 1744
Step=  487, Dmax= 1.2e-02 nm, Epot= -5.29509e+05 Fmax= 1.03113e+04, atom= 1744
Step=  488, Dmax= 1.4e-02 nm, Epot= -5.29522e+05 Fmax= 1.19723e+04, atom= 1744
Step=  489, Dmax= 1.7e-02 nm, Epot= -5.29517e+05 Fmax= 1.45703e+04, atom= 1744
Step=  490, Dmax= 8.7e-03 nm, Epot= -5.29608e+05 Fmax= 1.31957e+03, atom= 1744
Step=  491, Dmax= 1.0e-02 nm, Epot= -5.29668e+05 Fmax= 1.50349e+04, atom= 1744
Step=  492, Dmax= 1.2e-02 nm, Epot= -5.29788e+05 Fmax= 4.14206e+03, atom= 1744
Step=  493, Dmax= 1.5e-02 nm, Epot= -5.29692e+05 Fmax= 1.90794e+04, atom= 1744
Step=  494, Dmax= 7.5e-03 nm, Epot= -5.29808e+05 Fmax= 7.47367e+03, atom= 1744
Step=  495, Dmax= 9.0e-03 nm, Epot= -5.29841e+05 Fmax= 6.29502e+03, atom= 1744
Step=  496, Dmax= 1.1e-02 nm, Epot= -5.29844e+05 Fmax= 1.03789e+04, atom= 1744
Step=  497, Dmax= 1.3e-02 nm, Epot= -5.29879e+05 Fmax= 9.45282e+03, atom= 1744
Step=  498, Dmax= 1.6e-02 nm, Epot= -5.29854e+05 Fmax= 1.45006e+04, atom= 1744
Step=  499, Dmax= 7.8e-03 nm, Epot= -5.29939e+05 Fmax= 2.52344e+03, atom= 1744
Step=  500, Dmax= 9.3e-03 nm, Epot= -5.29952e+05 Fmax= 1.16625e+04, atom= 1744
Step=  501, Dmax= 1.1e-02 nm, Epot= -5.30025e+05 Fmax= 5.59367e+03, atom= 1744
Step=  502, Dmax= 1.3e-02 nm, Epot= -5.29979e+05 Fmax= 1.49232e+04, atom= 1744
Step=  503, Dmax= 6.7e-03 nm, Epot= -5.30055e+05 Fmax= 4.67153e+03, atom= 1744
Step=  504, Dmax= 8.1e-03 nm, Epot= -5.30072e+05 Fmax= 7.79257e+03, atom= 1744
Step=  505, Dmax= 9.7e-03 nm, Epot= -5.30103e+05 Fmax= 7.00504e+03, atom= 1744
Step=  506, Dmax= 1.2e-02 nm, Epot= -5.30104e+05 Fmax= 1.09050e+04, atom= 1744
Step=  507, Dmax= 1.4e-02 nm, Epot= -5.30135e+05 Fmax= 1.04082e+04, atom= 1744
Step=  508, Dmax= 1.7e-02 nm, Epot= -5.30105e+05 Fmax= 1.53264e+04, atom= 1744
Step=  509, Dmax= 8.3e-03 nm, Epot= -5.30204e+05 Fmax= 2.45978e+03, atom= 1744
Step=  510, Dmax= 1.0e-02 nm, Epot= -5.30209e+05 Fmax= 1.27869e+04, atom= 1744
Step=  511, Dmax= 1.2e-02 nm, Epot= -5.30294e+05 Fmax= 5.76145e+03, atom= 1744
Step=  512, Dmax= 1.4e-02 nm, Epot= -5.30229e+05 Fmax= 1.62918e+04, atom= 1744
Step=  513, Dmax= 7.2e-03 nm, Epot= -5.30323e+05 Fmax= 5.27334e+03, atom= 1744
Step=  514, Dmax= 8.7e-03 nm, Epot= -5.30338e+05 Fmax= 8.11586e+03, atom= 1744
Step=  515, Dmax= 1.0e-02 nm, Epot= -5.30366e+05 Fmax= 7.79081e+03, atom= 1744
Step=  516, Dmax= 1.2e-02 nm, Epot= -5.30365e+05 Fmax= 1.14519e+04, atom= 1744
Step=  517, Dmax= 6.2e-03 nm, Epot= -5.30412e+05 Fmax= 1.82970e+03, atom= 1744
Step=  518, Dmax= 7.5e-03 nm, Epot= -5.30452e+05 Fmax= 9.50175e+03, atom= 1744
Step=  519, Dmax= 9.0e-03 nm, Epot= -5.30508e+05 Fmax= 4.35745e+03, atom= 1744
Step=  520, Dmax= 1.1e-02 nm, Epot= -5.30494e+05 Fmax= 1.20873e+04, atom= 1744
Step=  521, Dmax= 5.4e-03 nm, Epot= -5.30535e+05 Fmax= 3.86897e+03, atom= 1744
Step=  522, Dmax= 6.5e-03 nm, Epot= -5.30558e+05 Fmax= 6.15075e+03, atom= 1744
Step=  523, Dmax= 7.8e-03 nm, Epot= -5.30586e+05 Fmax= 5.71541e+03, atom= 1744
Step=  524, Dmax= 9.3e-03 nm, Epot= -5.30598e+05 Fmax= 8.67682e+03, atom= 1744
Step=  525, Dmax= 1.1e-02 nm, Epot= -5.30625e+05 Fmax= 8.42505e+03, atom= 1744
Step=  526, Dmax= 1.3e-02 nm, Epot= -5.30619e+05 Fmax= 1.22553e+04, atom= 1744
Step=  527, Dmax= 6.7e-03 nm, Epot= -5.30676e+05 Fmax= 1.91446e+03, atom= 1744
Step=  528, Dmax= 8.0e-03 nm, Epot= -5.30710e+05 Fmax= 1.02744e+04, atom= 1744
Step=  529, Dmax= 9.6e-03 nm, Epot= -5.30771e+05 Fmax= 4.62162e+03, atom= 1744
Step=  530, Dmax= 1.2e-02 nm, Epot= -5.30746e+05 Fmax= 1.30602e+04, atom= 1744
Step=  531, Dmax= 5.8e-03 nm, Epot= -5.30798e+05 Fmax= 4.22412e+03, atom= 1744
Step=  532, Dmax= 6.9e-03 nm, Epot= -5.30819e+05 Fmax= 6.54039e+03, atom= 1744
Step=  533, Dmax= 8.3e-03 nm, Epot= -5.30846e+05 Fmax= 6.21763e+03, atom= 1744
Step=  534, Dmax= 1.0e-02 nm, Epot= -5.30855e+05 Fmax= 9.24678e+03, atom= 1744
Step=  535, Dmax= 1.2e-02 nm, Epot= -5.30881e+05 Fmax= 9.13765e+03, atom= 1744
Step=  536, Dmax= 1.4e-02 nm, Epot= -5.30870e+05 Fmax= 1.30840e+04, atom= 1744
Step=  537, Dmax= 7.2e-03 nm, Epot= -5.30938e+05 Fmax= 1.97275e+03, atom= 1744
Step=  538, Dmax= 8.6e-03 nm, Epot= -5.30964e+05 Fmax= 1.11372e+04, atom= 1744
Step=  539, Dmax= 1.0e-02 nm, Epot= -5.31033e+05 Fmax= 4.87315e+03, atom= 1744
Step=  540, Dmax= 1.2e-02 nm, Epot= -5.30995e+05 Fmax= 1.41379e+04, atom= 1744
Step=  541, Dmax= 6.2e-03 nm, Epot= -5.31060e+05 Fmax= 4.63834e+03, atom= 1744
Step=  542, Dmax= 7.5e-03 nm, Epot= -5.31078e+05 Fmax= 6.92564e+03, atom= 1744
Step=  543, Dmax= 9.0e-03 nm, Epot= -5.31105e+05 Fmax= 6.79105e+03, atom= 1744
Step=  544, Dmax= 1.1e-02 nm, Epot= -5.31111e+05 Fmax= 9.82483e+03, atom= 1744
Step=  545, Dmax= 1.3e-02 nm, Epot= -5.31135e+05 Fmax= 9.93778e+03, atom= 1744
Step=  546, Dmax= 1.5e-02 nm, Epot= -5.31118e+05 Fmax= 1.39385e+04, atom= 1744
Step=  547, Dmax= 7.7e-03 nm, Epot= -5.31198e+05 Fmax= 2.00072e+03, atom= 1744
Step=  548, Dmax= 9.3e-03 nm, Epot= -5.31218e+05 Fmax= 1.20983e+04, atom= 1744
Step=  549, Dmax= 1.1e-02 nm, Epot= -5.31296e+05 Fmax= 5.11001e+03, atom= 1744
Step=  550, Dmax= 1.3e-02 nm, Epot= -5.31242e+05 Fmax= 1.53290e+04, atom= 1744
Step=  551, Dmax= 6.7e-03 nm, Epot= -5.31321e+05 Fmax= 5.11676e+03, atom= 1744
Step=  552, Dmax= 8.0e-03 nm, Epot= -5.31339e+05 Fmax= 7.30631e+03, atom= 1744
Step=  553, Dmax= 9.6e-03 nm, Epot= -5.31363e+05 Fmax= 7.44014e+03, atom= 1744
Step=  554, Dmax= 1.2e-02 nm, Epot= -5.31367e+05 Fmax= 1.04124e+04, atom= 1744
Step=  555, Dmax= 1.4e-02 nm, Epot= -5.31388e+05 Fmax= 1.08307e+04, atom= 1744
Step=  556, Dmax= 1.7e-02 nm, Epot= -5.31367e+05 Fmax= 1.48227e+04, atom= 1744
Step=  557, Dmax= 8.3e-03 nm, Epot= -5.31460e+05 Fmax= 1.99767e+03, atom= 1744
Step=  558, Dmax= 1.0e-02 nm, Epot= -5.31472e+05 Fmax= 1.31635e+04, atom= 1744
Step=  559, Dmax= 1.2e-02 nm, Epot= -5.31562e+05 Fmax= 5.33425e+03, atom= 1744
Step=  560, Dmax= 1.4e-02 nm, Epot= -5.31489e+05 Fmax= 1.66390e+04, atom= 1744
Step=  561, Dmax= 7.2e-03 nm, Epot= -5.31586e+05 Fmax= 5.66115e+03, atom= 1744
Step=  562, Dmax= 8.6e-03 nm, Epot= -5.31603e+05 Fmax= 7.68529e+03, atom= 1744
Step=  563, Dmax= 1.0e-02 nm, Epot= -5.31624e+05 Fmax= 8.16831e+03, atom= 1744
Step=  564, Dmax= 1.2e-02 nm, Epot= -5.31626e+05 Fmax= 1.10135e+04, atom= 1744
Step=  565, Dmax= 1.5e-02 nm, Epot= -5.31642e+05 Fmax= 1.18201e+04, atom= 1744
Step=  566, Dmax= 1.8e-02 nm, Epot= -5.31618e+05 Fmax= 1.57420e+04, atom= 1744
Step=  567, Dmax= 8.9e-03 nm, Epot= -5.31725e+05 Fmax= 1.96417e+03, atom= 1744
Step=  568, Dmax= 1.1e-02 nm, Epot= -5.31728e+05 Fmax= 1.43375e+04, atom= 1744
Step=  569, Dmax= 1.3e-02 nm, Epot= -5.31834e+05 Fmax= 5.54822e+03, atom= 1744
Step=  570, Dmax= 1.5e-02 nm, Epot= -5.31737e+05 Fmax= 1.80727e+04, atom= 1744
Step=  571, Dmax= 7.7e-03 nm, Epot= -5.31855e+05 Fmax= 6.27330e+03, atom= 1744
Step=  572, Dmax= 9.3e-03 nm, Epot= -5.31871e+05 Fmax= 8.06559e+03, atom= 1744
Step=  573, Dmax= 1.1e-02 nm, Epot= -5.31889e+05 Fmax= 8.97762e+03, atom= 1744
Step=  574, Dmax= 1.3e-02 nm, Epot= -5.31890e+05 Fmax= 1.16321e+04, atom= 1744
Step=  575, Dmax= 1.6e-02 nm, Epot= -5.31899e+05 Fmax= 1.29099e+04, atom= 1744
Step=  576, Dmax= 1.9e-02 nm, Epot= -5.31872e+05 Fmax= 1.67018e+04, atom= 1744
Step=  577, Dmax= 9.6e-03 nm, Epot= -5.31996e+05 Fmax= 1.90214e+03, atom= 1744
Step=  578, Dmax= 1.2e-02 nm, Epot= -5.31989e+05 Fmax= 1.56247e+04, atom= 1744
Step=  579, Dmax= 5.8e-03 nm, Epot= -5.32031e+05 Fmax= 6.84756e+03, atom= 1744
Step=  580, Dmax= 6.9e-03 nm, Epot= -5.32066e+05 Fmax= 3.85367e+03, atom= 1744
Step=  581, Dmax= 8.3e-03 nm, Epot= -5.32075e+05 Fmax= 8.82724e+03, atom= 1744
Step=  582, Dmax= 1.0e-02 nm, Epot= -5.32114e+05 Fmax= 6.56561e+03, atom= 1744
Step=  583, Dmax= 1.2e-02 nm, Epot= -5.32100e+05 Fmax= 1.17405e+04, atom= 1744
Step=  584, Dmax= 6.0e-03 nm, Epot= -5.32149e+05 Fmax= 2.59293e+03, atom= 1744
Step=  585, Dmax= 7.2e-03 nm, Epot= -5.32168e+05 Fmax= 8.57812e+03, atom= 1744
Step=  586, Dmax= 8.6e-03 nm, Epot= -5.32212e+05 Fmax= 4.62324e+03, atom= 1744
Step=  587, Dmax= 1.0e-02 nm, Epot= -5.32200e+05 Fmax= 1.13861e+04, atom= 1744
Step=  588, Dmax= 5.2e-03 nm, Epot= -5.32238e+05 Fmax= 3.37958e+03, atom= 1744
Step=  589, Dmax= 6.2e-03 nm, Epot= -5.32259e+05 Fmax= 6.07921e+03, atom= 1744
Step=  590, Dmax= 7.4e-03 nm, Epot= -5.32286e+05 Fmax= 5.43056e+03, atom= 1744
Step=  591, Dmax= 8.9e-03 nm, Epot= -5.32297e+05 Fmax= 8.22933e+03, atom= 1744
Step=  592, Dmax= 1.1e-02 nm, Epot= -5.32321e+05 Fmax= 8.32040e+03, atom= 1744
Step=  593, Dmax= 1.3e-02 nm, Epot= -5.32318e+05 Fmax= 1.13725e+04, atom= 1744
Step=  594, Dmax= 6.4e-03 nm, Epot= -5.32368e+05 Fmax= 1.53416e+03, atom= 1744
Step=  595, Dmax= 7.7e-03 nm, Epot= -5.32407e+05 Fmax= 1.05686e+04, atom= 1744
Step=  596, Dmax= 9.3e-03 nm, Epot= -5.32472e+05 Fmax= 3.63685e+03, atom= 1744
Step=  597, Dmax= 1.1e-02 nm, Epot= -5.32442e+05 Fmax= 1.36088e+04, atom= 1744
Step=  598, Dmax= 5.6e-03 nm, Epot= -5.32494e+05 Fmax= 4.98406e+03, atom= 1744
Step=  599, Dmax= 6.7e-03 nm, Epot= -5.32517e+05 Fmax= 5.21173e+03, atom= 1744
Step=  600, Dmax= 8.0e-03 nm, Epot= -5.32533e+05 Fmax= 7.17148e+03, atom= 1744
Step=  601, Dmax= 9.6e-03 nm, Epot= -5.32554e+05 Fmax= 7.53102e+03, atom= 1744
Step=  602, Dmax= 1.2e-02 nm, Epot= -5.32558e+05 Fmax= 1.02635e+04, atom= 1744
Step=  603, Dmax= 1.4e-02 nm, Epot= -5.32575e+05 Fmax= 1.09157e+04, atom= 1744
Step=  604, Dmax= 1.7e-02 nm, Epot= -5.32555e+05 Fmax= 1.46547e+04, atom= 1744
Step=  605, Dmax= 8.3e-03 nm, Epot= -5.32647e+05 Fmax= 1.87102e+03, atom= 1744
Step=  606, Dmax= 1.0e-02 nm, Epot= -5.32657e+05 Fmax= 1.32392e+04, atom= 1744
Step=  607, Dmax= 1.2e-02 nm, Epot= -5.32748e+05 Fmax= 5.20066e+03, atom= 1744
Step=  608, Dmax= 1.4e-02 nm, Epot= -5.32670e+05 Fmax= 1.67058e+04, atom= 1744
Step=  609, Dmax= 7.2e-03 nm, Epot= -5.32770e+05 Fmax= 5.76153e+03, atom= 1744
Step=  610, Dmax= 8.6e-03 nm, Epot= -5.32785e+05 Fmax= 7.53932e+03, atom= 1744
Step=  611, Dmax= 1.0e-02 nm, Epot= -5.32803e+05 Fmax= 8.26655e+03, atom= 1744
Step=  612, Dmax= 1.2e-02 nm, Epot= -5.32806e+05 Fmax= 1.08512e+04, atom= 1744
Step=  613, Dmax= 1.5e-02 nm, Epot= -5.32817e+05 Fmax= 1.19134e+04, atom= 1744
Step=  614, Dmax= 1.8e-02 nm, Epot= -5.32794e+05 Fmax= 1.55580e+04, atom= 1744
Step=  615, Dmax= 8.9e-03 nm, Epot= -5.32900e+05 Fmax= 1.82610e+03, atom= 1744
Step=  616, Dmax= 1.1e-02 nm, Epot= -5.32902e+05 Fmax= 1.44222e+04, atom= 1744
Step=  617, Dmax= 1.3e-02 nm, Epot= -5.33008e+05 Fmax= 5.40128e+03, atom= 1744
Step=  618, Dmax= 1.5e-02 nm, Epot= -5.32906e+05 Fmax= 1.81490e+04, atom= 1744
Step=  619, Dmax= 7.7e-03 nm, Epot= -5.33026e+05 Fmax= 6.38559e+03, atom= 1744
Step=  620, Dmax= 9.2e-03 nm, Epot= -5.33041e+05 Fmax= 7.90424e+03, atom= 1744
Step=  621, Dmax= 1.1e-02 nm, Epot= -5.33056e+05 Fmax= 9.08857e+03, atom= 1744
Step=  622, Dmax= 1.3e-02 nm, Epot= -5.33057e+05 Fmax= 1.14515e+04, atom= 1744
Step=  623, Dmax= 1.6e-02 nm, Epot= -5.33062e+05 Fmax= 1.30178e+04, atom= 1744
Step=  624, Dmax= 1.9e-02 nm, Epot= -5.33036e+05 Fmax= 1.64959e+04, atom= 1744
Step=  625, Dmax= 9.6e-03 nm, Epot= -5.33158e+05 Fmax= 1.74544e+03, atom= 1744
Step=  626, Dmax= 1.2e-02 nm, Epot= -5.33150e+05 Fmax= 1.57261e+04, atom= 1744
Step=  627, Dmax= 5.8e-03 nm, Epot= -5.33193e+05 Fmax= 6.97436e+03, atom= 1744
Step=  628, Dmax= 6.9e-03 nm, Epot= -5.33227e+05 Fmax= 3.69023e+03, atom= 1744
Step=  629, Dmax= 8.3e-03 nm, Epot= -5.33233e+05 Fmax= 8.95399e+03, atom= 1744
Step=  630, Dmax= 9.9e-03 nm, Epot= -5.33272e+05 Fmax= 6.38578e+03, atom= 1744
Step=  631, Dmax= 1.2e-02 nm, Epot= -5.33253e+05 Fmax= 1.18678e+04, atom= 1744
Step=  632, Dmax= 6.0e-03 nm, Epot= -5.33305e+05 Fmax= 2.74637e+03, atom= 1744
Step=  633, Dmax= 7.2e-03 nm, Epot= -5.33318e+05 Fmax= 8.37280e+03, atom= 1744
Step=  634, Dmax= 8.6e-03 nm, Epot= -5.33359e+05 Fmax= 4.78984e+03, atom= 1744
Step=  635, Dmax= 1.0e-02 nm, Epot= -5.33346e+05 Fmax= 1.11566e+04, atom= 1744
Step=  636, Dmax= 5.2e-03 nm, Epot= -5.33384e+05 Fmax= 3.18125e+03, atom= 1744
Step=  637, Dmax= 6.2e-03 nm, Epot= -5.33403e+05 Fmax= 6.25040e+03, atom= 1744
Step=  638, Dmax= 7.4e-03 nm, Epot= -5.33429e+05 Fmax= 5.21699e+03, atom= 1744
Step=  639, Dmax= 8.9e-03 nm, Epot= -5.33436e+05 Fmax= 8.40426e+03, atom= 1744
Step=  640, Dmax= 1.1e-02 nm, Epot= -5.33461e+05 Fmax= 8.08600e+03, atom= 1744
Step=  641, Dmax= 1.3e-02 nm, Epot= -5.33453e+05 Fmax= 1.15501e+04, atom= 1744
Step=  642, Dmax= 6.4e-03 nm, Epot= -5.33505e+05 Fmax= 1.73997e+03, atom= 1744
Step=  643, Dmax= 7.7e-03 nm, Epot= -5.33529e+05 Fmax= 1.02776e+04, atom= 1744
Step=  644, Dmax= 9.2e-03 nm, Epot= -5.33589e+05 Fmax= 3.88465e+03, atom= 1744
Step=  645, Dmax= 1.1e-02 nm, Epot= -5.33557e+05 Fmax= 1.32816e+04, atom= 1744
Step=  646, Dmax= 5.5e-03 nm, Epot= -5.33610e+05 Fmax= 4.69608e+03, atom= 1744
Step=  647, Dmax= 6.6e-03 nm, Epot= -5.33629e+05 Fmax= 5.47065e+03, atom= 1744
Step=  648, Dmax= 8.0e-03 nm, Epot= -5.33646e+05 Fmax= 6.86216e+03, atom= 1744
Step=  649, Dmax= 9.6e-03 nm, Epot= -5.33661e+05 Fmax= 7.79815e+03, atom= 1744
Step=  650, Dmax= 1.1e-02 nm, Epot= -5.33668e+05 Fmax= 9.92946e+03, atom= 1744
Step=  651, Dmax= 1.4e-02 nm, Epot= -5.33677e+05 Fmax= 1.11882e+04, atom= 1744
Step=  652, Dmax= 1.7e-02 nm, Epot= -5.33662e+05 Fmax= 1.42909e+04, atom= 1744
Step=  653, Dmax= 8.3e-03 nm, Epot= -5.33751e+05 Fmax= 1.55389e+03, atom= 1744
Step=  654, Dmax= 9.9e-03 nm, Epot= -5.33767e+05 Fmax= 1.35039e+04, atom= 1744
Step=  655, Dmax= 1.2e-02 nm, Epot= -5.33861e+05 Fmax= 4.87926e+03, atom= 1744
Step=  656, Dmax= 1.4e-02 nm, Epot= -5.33776e+05 Fmax= 1.69640e+04, atom= 1744
Step=  657, Dmax= 7.1e-03 nm, Epot= -5.33878e+05 Fmax= 6.05283e+03, atom= 1744
Step=  658, Dmax= 8.6e-03 nm, Epot= -5.33894e+05 Fmax= 7.19655e+03, atom= 1744
Step=  659, Dmax= 1.0e-02 nm, Epot= -5.33906e+05 Fmax= 8.56520e+03, atom= 1744
Step=  660, Dmax= 1.2e-02 nm, Epot= -5.33912e+05 Fmax= 1.04812e+04, atom= 1744
Step=  661, Dmax= 1.5e-02 nm, Epot= -5.33915e+05 Fmax= 1.22187e+04, atom= 1744
Step=  662, Dmax= 1.8e-02 nm, Epot= -5.33899e+05 Fmax= 1.51551e+04, atom= 1744
Step=  663, Dmax= 8.9e-03 nm, Epot= -5.34001e+05 Fmax= 1.47332e+03, atom= 1744
Step=  664, Dmax= 1.1e-02 nm, Epot= -5.34011e+05 Fmax= 1.47189e+04, atom= 1744
Step=  665, Dmax= 1.3e-02 nm, Epot= -5.34121e+05 Fmax= 5.04725e+03, atom= 1744
Step=  666, Dmax= 1.5e-02 nm, Epot= -5.34011e+05 Fmax= 1.84349e+04, atom= 1744
Step=  667, Dmax= 7.7e-03 nm, Epot= -5.34135e+05 Fmax= 6.70859e+03, atom= 1744
Step=  668, Dmax= 9.2e-03 nm, Epot= -5.34152e+05 Fmax= 7.52650e+03, atom= 1744
Step=  669, Dmax= 1.1e-02 nm, Epot= -5.34159e+05 Fmax= 9.42032e+03, atom= 1744
Step=  670, Dmax= 1.3e-02 nm, Epot= -5.34166e+05 Fmax= 1.10433e+04, atom= 1744
Step=  671, Dmax= 1.6e-02 nm, Epot= -5.34159e+05 Fmax= 1.33572e+04, atom= 1744
Step=  672, Dmax= 8.0e-03 nm, Epot= -5.34237e+05 Fmax= 1.17367e+03, atom= 1744
Step=  673, Dmax= 9.6e-03 nm, Epot= -5.34273e+05 Fmax= 1.38210e+04, atom= 1744
Step=  674, Dmax= 1.1e-02 nm, Epot= -5.34373e+05 Fmax= 3.80331e+03, atom= 1744
Step=  675, Dmax= 1.4e-02 nm, Epot= -5.34285e+05 Fmax= 1.75024e+04, atom= 1744
Step=  676, Dmax= 6.9e-03 nm, Epot= -5.34386e+05 Fmax= 6.85380e+03, atom= 1744
Step=  677, Dmax= 8.3e-03 nm, Epot= -5.34411e+05 Fmax= 5.80465e+03, atom= 1744
Step=  678, Dmax= 9.9e-03 nm, Epot= -5.34410e+05 Fmax= 9.49951e+03, atom= 1744
Step=  679, Dmax= 5.0e-03 nm, Epot= -5.34440e+05 Fmax= 1.84583e+03, atom= 1744
Step=  680, Dmax= 5.9e-03 nm, Epot= -5.34466e+05 Fmax= 7.19754e+03, atom= 1744
Step=  681, Dmax= 7.1e-03 nm, Epot= -5.34500e+05 Fmax= 3.81504e+03, atom= 1744
Step=  682, Dmax= 8.6e-03 nm, Epot= -5.34499e+05 Fmax= 9.27781e+03, atom= 1744
Step=  683, Dmax= 4.3e-03 nm, Epot= -5.34521e+05 Fmax= 2.73383e+03, atom= 1744
Step=  684, Dmax= 5.1e-03 nm, Epot= -5.34541e+05 Fmax= 5.23156e+03, atom= 1744
Step=  685, Dmax= 6.2e-03 nm, Epot= -5.34564e+05 Fmax= 4.21143e+03, atom= 1744
Step=  686, Dmax= 7.4e-03 nm, Epot= -5.34574e+05 Fmax= 7.22843e+03, atom= 1744
Step=  687, Dmax= 8.9e-03 nm, Epot= -5.34598e+05 Fmax= 6.37965e+03, atom= 1744
Step=  688, Dmax= 1.1e-02 nm, Epot= -5.34595e+05 Fmax= 1.00601e+04, atom= 1744
Step=  689, Dmax= 5.3e-03 nm, Epot= -5.34630e+05 Fmax= 1.83909e+03, atom= 1744
Step=  690, Dmax= 6.4e-03 nm, Epot= -5.34655e+05 Fmax= 7.88718e+03, atom= 1744
Step=  691, Dmax= 7.7e-03 nm, Epot= -5.34693e+05 Fmax= 3.94699e+03, atom= 1744
Step=  692, Dmax= 9.2e-03 nm, Epot= -5.34685e+05 Fmax= 1.01317e+04, atom= 1744
Step=  693, Dmax= 4.6e-03 nm, Epot= -5.34714e+05 Fmax= 3.09536e+03, atom= 1744
Step=  694, Dmax= 5.5e-03 nm, Epot= -5.34731e+05 Fmax= 5.45664e+03, atom= 1744
Step=  695, Dmax= 6.6e-03 nm, Epot= -5.34754e+05 Fmax= 4.69703e+03, atom= 1744
Step=  696, Dmax= 7.9e-03 nm, Epot= -5.34762e+05 Fmax= 7.59034e+03, atom= 1744
Step=  697, Dmax= 9.5e-03 nm, Epot= -5.34785e+05 Fmax= 7.04041e+03, atom= 1744
Step=  698, Dmax= 1.1e-02 nm, Epot= -5.34779e+05 Fmax= 1.06216e+04, atom= 1744
Step=  699, Dmax= 5.7e-03 nm, Epot= -5.34821e+05 Fmax= 1.78939e+03, atom= 1744
Step=  700, Dmax= 6.9e-03 nm, Epot= -5.34843e+05 Fmax= 8.67116e+03, atom= 1744
Step=  701, Dmax= 8.2e-03 nm, Epot= -5.34887e+05 Fmax= 4.04597e+03, atom= 1744
Step=  702, Dmax= 9.9e-03 nm, Epot= -5.34871e+05 Fmax= 1.10935e+04, atom= 1744
Step=  703, Dmax= 4.9e-03 nm, Epot= -5.34907e+05 Fmax= 3.52701e+03, atom= 1744
Step=  704, Dmax= 5.9e-03 nm, Epot= -5.34924e+05 Fmax= 5.65547e+03, atom= 1744
Step=  705, Dmax= 7.1e-03 nm, Epot= -5.34945e+05 Fmax= 5.26234e+03, atom= 1744
Step=  706, Dmax= 8.5e-03 nm, Epot= -5.34952e+05 Fmax= 7.93577e+03, atom= 1744
Step=  707, Dmax= 1.0e-02 nm, Epot= -5.34972e+05 Fmax= 7.79380e+03, atom= 1744
Step=  708, Dmax= 1.2e-02 nm, Epot= -5.34964e+05 Fmax= 1.11810e+04, atom= 1744
Step=  709, Dmax= 6.2e-03 nm, Epot= -5.35013e+05 Fmax= 1.69271e+03, atom= 1744
Step=  710, Dmax= 7.4e-03 nm, Epot= -5.35034e+05 Fmax= 9.55690e+03, atom= 1744
Step=  711, Dmax= 8.9e-03 nm, Epot= -5.35086e+05 Fmax= 4.11015e+03, atom= 1744
Step=  712, Dmax= 1.1e-02 nm, Epot= -5.35058e+05 Fmax= 1.21692e+04, atom= 1744
Step=  713, Dmax= 5.3e-03 nm, Epot= -5.35105e+05 Fmax= 4.03367e+03, atom= 1744
Step=  714, Dmax= 6.4e-03 nm, Epot= -5.35120e+05 Fmax= 5.82677e+03, atom= 1744
Step=  715, Dmax= 7.7e-03 nm, Epot= -5.35139e+05 Fmax= 5.91237e+03, atom= 1744
Step=  716, Dmax= 9.2e-03 nm, Epot= -5.35146e+05 Fmax= 8.26498e+03, atom= 1744
Step=  717, Dmax= 1.1e-02 nm, Epot= -5.35162e+05 Fmax= 8.64531e+03, atom= 1744
Step=  718, Dmax= 1.3e-02 nm, Epot= -5.35153e+05 Fmax= 1.17404e+04, atom= 1744
Step=  719, Dmax= 6.6e-03 nm, Epot= -5.35210e+05 Fmax= 1.54696e+03, atom= 1744
Step=  720, Dmax= 7.9e-03 nm, Epot= -5.35231e+05 Fmax= 1.05498e+04, atom= 1744
Step=  721, Dmax= 9.5e-03 nm, Epot= -5.35292e+05 Fmax= 4.14004e+03, atom= 1744
Step=  722, Dmax= 1.1e-02 nm, Epot= -5.35251e+05 Fmax= 1.33637e+04, atom= 1744
Step=  723, Dmax= 5.7e-03 nm, Epot= -5.35310e+05 Fmax= 4.61721e+03, atom= 1744
Step=  724, Dmax= 6.9e-03 nm, Epot= -5.35325e+05 Fmax= 5.97355e+03, atom= 1744
Step=  725, Dmax= 8.2e-03 nm, Epot= -5.35341e+05 Fmax= 6.64830e+03, atom= 1744
Step=  726, Dmax= 9.9e-03 nm, Epot= -5.35348e+05 Fmax= 8.58248e+03, atom= 1744
Step=  727, Dmax= 1.2e-02 nm, Epot= -5.35358e+05 Fmax= 9.59680e+03, atom= 1744
Step=  728, Dmax= 1.4e-02 nm, Epot= -5.35350e+05 Fmax= 1.23050e+04, atom= 1744
Step=  729, Dmax= 7.1e-03 nm, Epot= -5.35414e+05 Fmax= 1.35491e+03, atom= 1744
Step=  730, Dmax= 8.5e-03 nm, Epot= -5.35440e+05 Fmax= 1.16514e+04, atom= 1744
Step=  731, Dmax= 1.0e-02 nm, Epot= -5.35512e+05 Fmax= 4.14110e+03, atom= 1744
Step=  732, Dmax= 1.2e-02 nm, Epot= -5.35455e+05 Fmax= 1.46773e+04, atom= 1744
Step=  733, Dmax= 6.1e-03 nm, Epot= -5.35528e+05 Fmax= 5.27551e+03, atom= 1744
Step=  734, Dmax= 7.4e-03 nm, Epot= -5.35544e+05 Fmax= 6.10138e+03, atom= 1744
Step=  735, Dmax= 8.8e-03 nm, Epot= -5.35555e+05 Fmax= 7.46956e+03, atom= 1744
Step=  736, Dmax= 1.1e-02 nm, Epot= -5.35564e+05 Fmax= 8.89393e+03, atom= 1744
Step=  737, Dmax= 1.3e-02 nm, Epot= -5.35567e+05 Fmax= 1.06484e+04, atom= 1744
Step=  738, Dmax= 1.5e-02 nm, Epot= -5.35562e+05 Fmax= 1.28830e+04, atom= 1744
Step=  739, Dmax= 7.6e-03 nm, Epot= -5.35634e+05 Fmax= 1.12009e+03, atom= 1744
Step=  740, Dmax= 9.2e-03 nm, Epot= -5.35670e+05 Fmax= 1.28604e+04, atom= 1744
Step=  741, Dmax= 1.1e-02 nm, Epot= -5.35756e+05 Fmax= 4.12413e+03, atom= 1744
Step=  742, Dmax= 1.3e-02 nm, Epot= -5.35680e+05 Fmax= 1.61029e+04, atom= 1744
Step=  743, Dmax= 6.6e-03 nm, Epot= -5.35769e+05 Fmax= 6.00117e+03, atom= 1744
Step=  744, Dmax= 7.9e-03 nm, Epot= -5.35786e+05 Fmax= 6.22312e+03, atom= 1744
Step=  745, Dmax= 9.5e-03 nm, Epot= -5.35793e+05 Fmax= 8.36828e+03, atom= 1744
Step=  746, Dmax= 1.1e-02 nm, Epot= -5.35805e+05 Fmax= 9.21407e+03, atom= 1744
Step=  747, Dmax= 1.4e-02 nm, Epot= -5.35798e+05 Fmax= 1.17939e+04, atom= 1744
Step=  748, Dmax= 6.8e-03 nm, Epot= -5.35857e+05 Fmax= 1.30043e+03, atom= 1744
Step=  749, Dmax= 8.2e-03 nm, Epot= -5.35882e+05 Fmax= 1.14642e+04, atom= 1744
Step=  750, Dmax= 9.9e-03 nm, Epot= -5.35953e+05 Fmax= 3.69025e+03, atom= 1744
Step=  751, Dmax= 1.2e-02 nm, Epot= -5.35898e+05 Fmax= 1.45790e+04, atom= 1744
Step=  752, Dmax= 5.9e-03 nm, Epot= -5.35967e+05 Fmax= 5.44358e+03, atom= 1744
Step=  753, Dmax= 7.1e-03 nm, Epot= -5.35985e+05 Fmax= 5.45235e+03, atom= 1744
Step=  754, Dmax= 8.5e-03 nm, Epot= -5.35993e+05 Fmax= 7.68321e+03, atom= 1744
Step=  755, Dmax= 1.0e-02 nm, Epot= -5.36008e+05 Fmax= 8.00950e+03, atom= 1744
Step=  756, Dmax= 1.2e-02 nm, Epot= -5.36003e+05 Fmax= 1.08838e+04, atom= 1744
Step=  757, Dmax= 6.1e-03 nm, Epot= -5.36051e+05 Fmax= 1.43647e+03, atom= 1744
Step=  758, Dmax= 7.4e-03 nm, Epot= -5.36075e+05 Fmax= 9.81814e+03, atom= 1744
Step=  759, Dmax= 8.8e-03 nm, Epot= -5.36129e+05 Fmax= 3.79496e+03, atom= 1744
Step=  760, Dmax= 1.1e-02 nm, Epot= -5.36097e+05 Fmax= 1.24569e+04, atom= 1744
Step=  761, Dmax= 5.3e-03 nm, Epot= -5.36146e+05 Fmax= 4.33530e+03, atom= 1744
Step=  762, Dmax= 6.4e-03 nm, Epot= -5.36161e+05 Fmax= 5.47341e+03, atom= 1744
Step=  763, Dmax= 7.6e-03 nm, Epot= -5.36175e+05 Fmax= 6.24079e+03, atom= 1744
Step=  764, Dmax= 9.2e-03 nm, Epot= -5.36184e+05 Fmax= 7.87125e+03, atom= 1744
Step=  765, Dmax= 1.1e-02 nm, Epot= -5.36194e+05 Fmax= 8.99763e+03, atom= 1744
Step=  766, Dmax= 1.3e-02 nm, Epot= -5.36191e+05 Fmax= 1.13027e+04, atom= 1744
Step=  767, Dmax= 6.6e-03 nm, Epot= -5.36244e+05 Fmax= 1.15295e+03, atom= 1744
Step=  768, Dmax= 7.9e-03 nm, Epot= -5.36280e+05 Fmax= 1.09444e+04, atom= 1744
Step=  769, Dmax= 9.5e-03 nm, Epot= -5.36344e+05 Fmax= 3.69332e+03, atom= 1744
Step=  770, Dmax= 1.1e-02 nm, Epot= -5.36299e+05 Fmax= 1.37759e+04, atom= 1744
Step=  771, Dmax= 5.7e-03 nm, Epot= -5.36360e+05 Fmax= 5.04821e+03, atom= 1744
Step=  772, Dmax= 6.8e-03 nm, Epot= -5.36376e+05 Fmax= 5.49096e+03, atom= 1744
Step=  773, Dmax= 8.2e-03 nm, Epot= -5.36386e+05 Fmax= 7.10325e+03, atom= 1744
Step=  774, Dmax= 9.8e-03 nm, Epot= -5.36398e+05 Fmax= 8.06027e+03, atom= 1744
Step=  775, Dmax= 1.2e-02 nm, Epot= -5.36400e+05 Fmax= 1.00734e+04, atom= 1744
Step=  776, Dmax= 1.4e-02 nm, Epot= -5.36400e+05 Fmax= 1.17394e+04, atom= 1744
Step=  777, Dmax= 1.7e-02 nm, Epot= -5.36386e+05 Fmax= 1.43471e+04, atom= 1744
Step=  778, Dmax= 8.5e-03 nm, Epot= -5.36478e+05 Fmax= 1.32438e+03, atom= 1744
Step=  779, Dmax= 1.0e-02 nm, Epot= -5.36480e+05 Fmax= 1.44667e+04, atom= 1744
Step=  780, Dmax= 1.2e-02 nm, Epot= -5.36586e+05 Fmax= 4.37484e+03, atom= 1744
Step=  781, Dmax= 1.5e-02 nm, Epot= -5.36474e+05 Fmax= 1.82818e+04, atom= 1744
Step=  782, Dmax= 7.3e-03 nm, Epot= -5.36594e+05 Fmax= 6.95744e+03, atom= 1744
Step=  783, Dmax= 8.8e-03 nm, Epot= -5.36614e+05 Fmax= 6.58880e+03, atom= 1744
Step=  784, Dmax= 1.1e-02 nm, Epot= -5.36610e+05 Fmax= 9.70847e+03, atom= 1744
Step=  785, Dmax= 5.3e-03 nm, Epot= -5.36645e+05 Fmax= 1.55817e+03, atom= 1744
Step=  786, Dmax= 6.3e-03 nm, Epot= -5.36668e+05 Fmax= 8.17496e+03, atom= 1744
Step=  787, Dmax= 7.6e-03 nm, Epot= -5.36708e+05 Fmax= 3.56079e+03, atom= 1744
Step=  788, Dmax= 9.1e-03 nm, Epot= -5.36693e+05 Fmax= 1.04733e+04, atom= 1744
Step=  789, Dmax= 4.6e-03 nm, Epot= -5.36725e+05 Fmax= 3.45906e+03, atom= 1744
Step=  790, Dmax= 5.5e-03 nm, Epot= -5.36740e+05 Fmax= 4.99713e+03, atom= 1744
Step=  791, Dmax= 6.6e-03 nm, Epot= -5.36757e+05 Fmax= 5.11445e+03, atom= 1744
Step=  792, Dmax= 7.9e-03 nm, Epot= -5.36766e+05 Fmax= 7.05467e+03, atom= 1744
Step=  793, Dmax= 9.5e-03 nm, Epot= -5.36780e+05 Fmax= 7.50527e+03, atom= 1744
Step=  794, Dmax= 1.1e-02 nm, Epot= -5.36778e+05 Fmax= 1.00052e+04, atom= 1744
Step=  795, Dmax= 5.7e-03 nm, Epot= -5.36818e+05 Fmax= 1.24935e+03, atom= 1744
Step=  796, Dmax= 6.8e-03 nm, Epot= -5.36849e+05 Fmax= 9.21294e+03, atom= 1744
Step=  797, Dmax= 8.2e-03 nm, Epot= -5.36897e+05 Fmax= 3.40464e+03, atom= 1744
Step=  798, Dmax= 9.8e-03 nm, Epot= -5.36873e+05 Fmax= 1.16805e+04, atom= 1744
Step=  799, Dmax= 4.9e-03 nm, Epot= -5.36914e+05 Fmax= 4.14159e+03, atom= 1744
Step=  800, Dmax= 5.9e-03 nm, Epot= -5.36929e+05 Fmax= 4.94544e+03, atom= 1744
Step=  801, Dmax= 7.1e-03 nm, Epot= -5.36942e+05 Fmax= 5.92449e+03, atom= 1744
Step=  802, Dmax= 8.5e-03 nm, Epot= -5.36953e+05 Fmax= 7.15261e+03, atom= 1744
Step=  803, Dmax= 1.0e-02 nm, Epot= -5.36962e+05 Fmax= 8.49806e+03, atom= 1744
Step=  804, Dmax= 1.2e-02 nm, Epot= -5.36963e+05 Fmax= 1.03190e+04, atom= 1744
Step=  805, Dmax= 1.5e-02 nm, Epot= -5.36961e+05 Fmax= 1.22010e+04, atom= 1744
Step=  806, Dmax= 7.3e-03 nm, Epot= -5.37026e+05 Fmax= 9.55387e+02, atom= 1744

writing lowest energy coordinates.

Steepest Descents converged to Fmax < 1000 in 807 steps
Potential Energy  = -5.3702581e+05
Maximum force     =  9.5538672e+02 on atom 1744
Norm of force     =  1.9082638e+01

GROMACS reminds you: "It was something to at least have a choice of nightmares" (Joseph Conrad)

