
--- stderr ---
                :-) GROMACS - gmx mdrun, 2024.5-conda_forge (-:

Executable:   /usr/local/Caskroom/miniforge/base/envs/gromacs_env/bin.AVX2_256/gmx
Data prefix:  /usr/local/Caskroom/miniforge/base/envs/gromacs_env
Working dir:  /Users/laetitiaguerin/Library/CloudStorage/OneDrive-Personal/Documents/BSc_Nanobiology/Year_5/BEP/Energy_minimization/tleap_runs/O52681_V128E
Command line:
  gmx mdrun -v -deffnm O52681_V128E_minim

The current CPU can measure timings more accurately than the code in
gmx mdrun was configured to use. This might affect your simulation
speed as accurate timings are needed for load-balancing.
Please consider rebuilding gmx mdrun with the GMX_USE_RDTSCP=ON CMake option.
Reading file O52681_V128E_minim.tpr, VERSION 2024.5-conda_forge (single precision)

Using 1 MPI thread
Using 8 OpenMP threads 


Steepest Descents:
   Tolerance (Fmax)   =  1.00000e+03
   Number of steps    =        50000
Step=    0, Dmax= 1.0e-02 nm, Epot= -4.38707e+05 Fmax= 1.35553e+04, atom= 2009
Step=    1, Dmax= 1.0e-02 nm, Epot= -4.41332e+05 Fmax= 2.66539e+03, atom= 51
Step=    2, Dmax= 1.2e-02 nm, Epot= -4.53173e+05 Fmax= 6.36261e+03, atom= 2008
Step=    3, Dmax= 1.4e-02 nm, Epot= -4.57220e+05 Fmax= 1.51098e+04, atom= 2008
Step=    4, Dmax= 1.7e-02 nm, Epot= -4.59194e+05 Fmax= 1.06522e+04, atom= 2008
Step=    5, Dmax= 2.1e-02 nm, Epot= -4.61837e+05 Fmax= 2.08442e+04, atom= 2008
Step=    6, Dmax= 2.5e-02 nm, Epot= -4.63480e+05 Fmax= 1.63714e+04, atom= 2008
Step=    7, Dmax= 3.0e-02 nm, Epot= -4.65370e+05 Fmax= 2.86892e+04, atom= 2008
Step=    8, Dmax= 3.6e-02 nm, Epot= -4.66855e+05 Fmax= 2.46536e+04, atom= 2008
Step=    9, Dmax= 4.3e-02 nm, Epot= -4.68097e+05 Fmax= 3.95648e+04, atom= 2008
Step=   10, Dmax= 5.2e-02 nm, Epot= -4.69441e+05 Fmax= 3.62845e+04, atom= 2008
Step=   11, Dmax= 6.2e-02 nm, Epot= -4.69943e+05 Fmax= 5.43843e+04, atom= 2008
Step=   12, Dmax= 7.4e-02 nm, Epot= -4.71087e+05 Fmax= 5.13328e+04, atom= 2008
Step=   13, Dmax= 8.9e-02 nm, Epot= -4.70424e+05 Fmax= 6.09700e+04, atom= 2008
Step=   14, Dmax= 4.5e-02 nm, Epot= -4.73478e+05 Fmax= 1.22701e+04, atom= 2008
Step=   15, Dmax= 5.3e-02 nm, Epot= -4.73643e+05 Fmax= 6.67133e+04, atom= 2008
Step=   16, Dmax= 6.4e-02 nm, Epot= -4.76814e+05 Fmax= 2.85894e+04, atom= 2008
Step=   17, Dmax= 7.7e-02 nm, Epot= -4.73453e+05 Fmax= 7.78729e+04, atom= 2008
Step=   18, Dmax= 3.9e-02 nm, Epot= -4.77680e+05 Fmax= 2.73477e+04, atom= 2008
Step=   19, Dmax= 4.6e-02 nm, Epot= -4.77872e+05 Fmax= 4.05504e+04, atom= 2008
Step=   20, Dmax= 5.5e-02 nm, Epot= -4.78568e+05 Fmax= 3.96289e+04, atom= 2008
Step=   21, Dmax= 6.7e-02 nm, Epot= -4.77643e+05 Fmax= 5.62737e+04, atom= 2008
Step=   22, Dmax= 3.3e-02 nm, Epot= -4.80466e+05 Fmax= 9.03680e+03, atom= 2008
Step=   23, Dmax= 4.0e-02 nm, Epot= -4.79914e+05 Fmax= 4.94465e+04, atom= 2008
Step=   24, Dmax= 2.0e-02 nm, Epot= -4.81242e+05 Fmax= 1.96803e+04, atom= 2008
Step=   25, Dmax= 2.4e-02 nm, Epot= -4.82004e+05 Fmax= 1.60377e+04, atom= 2008
Step=   26, Dmax= 2.9e-02 nm, Epot= -4.82214e+05 Fmax= 2.63014e+04, atom= 2008
Step=   27, Dmax= 3.5e-02 nm, Epot= -4.82858e+05 Fmax= 2.50611e+04, atom= 2008
Step=   28, Dmax= 4.1e-02 nm, Epot= -4.82413e+05 Fmax= 3.57934e+04, atom= 2008
Step=   29, Dmax= 2.1e-02 nm, Epot= -4.84136e+05 Fmax= 5.56975e+03, atom= 2008
Step=   30, Dmax= 2.5e-02 nm, Epot= -4.84150e+05 Fmax= 3.24567e+04, atom= 2008
Step=   31, Dmax= 3.0e-02 nm, Epot= -4.86166e+05 Fmax= 1.22370e+04, atom= 2008
Step=   32, Dmax= 3.6e-02 nm, Epot= -4.83956e+05 Fmax= 4.17918e+04, atom= 2008
Step=   33, Dmax= 1.8e-02 nm, Epot= -4.86581e+05 Fmax= 1.47157e+04, atom= 2008
Step=   34, Dmax= 2.1e-02 nm, Epot= -4.86906e+05 Fmax= 1.72412e+04, atom= 2008
Step=   35, Dmax= 2.6e-02 nm, Epot= -4.87039e+05 Fmax= 2.14695e+04, atom= 2008
Step=   36, Dmax= 3.1e-02 nm, Epot= -4.87109e+05 Fmax= 2.44803e+04, atom= 2008
Step=   37, Dmax= 3.7e-02 nm, Epot= -4.86605e+05 Fmax= 3.08730e+04, atom= 2008
Step=   38, Dmax= 1.9e-02 nm, Epot= -4.88844e+05 Fmax= 3.66041e+03, atom= 1334
Step=   39, Dmax= 2.2e-02 nm, Epot= -4.88603e+05 Fmax= 2.98706e+04, atom= 1334
Step=   40, Dmax= 1.1e-02 nm, Epot= -4.89452e+05 Fmax= 1.29947e+04, atom= 1334
Step=   41, Dmax= 1.3e-02 nm, Epot= -4.90071e+05 Fmax= 7.47644e+03, atom= 1334
Step=   42, Dmax= 1.6e-02 nm, Epot= -4.90162e+05 Fmax= 1.68207e+04, atom= 1334
Step=   43, Dmax= 1.9e-02 nm, Epot= -4.90820e+05 Fmax= 1.26061e+04, atom= 1334
Step=   44, Dmax= 2.3e-02 nm, Epot= -4.90507e+05 Fmax= 2.24088e+04, atom= 1334
Step=   45, Dmax= 1.2e-02 nm, Epot= -4.91413e+05 Fmax= 4.91778e+03, atom= 1334
Step=   46, Dmax= 1.4e-02 nm, Epot= -4.91629e+05 Fmax= 1.64501e+04, atom= 1334
Step=   47, Dmax= 1.7e-02 nm, Epot= -4.92360e+05 Fmax= 8.83590e+03, atom= 1334
Step=   48, Dmax= 2.0e-02 nm, Epot= -4.92042e+05 Fmax= 2.17586e+04, atom= 1334
Step=   49, Dmax= 1.0e-02 nm, Epot= -4.92752e+05 Fmax= 6.46890e+03, atom= 1334
Step=   50, Dmax= 1.2e-02 nm, Epot= -4.93014e+05 Fmax= 1.16556e+04, atom= 1334
Step=   51, Dmax= 1.4e-02 nm, Epot= -4.93401e+05 Fmax= 1.03553e+04, atom= 1334
Step=   52, Dmax= 1.7e-02 nm, Epot= -4.93486e+05 Fmax= 1.58015e+04, atom= 1334
Step=   53, Dmax= 2.1e-02 nm, Epot= -4.93812e+05 Fmax= 1.58103e+04, atom= 1334
Step=   54, Dmax= 2.5e-02 nm, Epot= -4.93662e+05 Fmax= 2.18253e+04, atom= 1334
Step=   55, Dmax= 1.2e-02 nm, Epot= -4.94542e+05 Fmax= 3.04388e+03, atom= 1334
Step=   56, Dmax= 1.5e-02 nm, Epot= -4.94809e+05 Fmax= 2.00744e+04, atom= 1334
Step=   57, Dmax= 1.8e-02 nm, Epot= -4.95779e+05 Fmax= 7.16411e+03, atom= 1334
Step=   58, Dmax= 2.1e-02 nm, Epot= -4.95094e+05 Fmax= 2.57672e+04, atom= 1334
Step=   59, Dmax= 1.1e-02 nm, Epot= -4.96029e+05 Fmax= 9.31133e+03, atom= 1334
Step=   60, Dmax= 1.3e-02 nm, Epot= -4.96279e+05 Fmax= 1.02235e+04, atom= 1334
Step=   61, Dmax= 1.5e-02 nm, Epot= -4.96433e+05 Fmax= 1.34409e+04, atom= 1334
Step=   62, Dmax= 1.9e-02 nm, Epot= -4.96632e+05 Fmax= 1.46988e+04, atom= 1334
Step=   63, Dmax= 2.2e-02 nm, Epot= -4.96606e+05 Fmax= 1.92642e+04, atom= 1334
Step=   64, Dmax= 1.1e-02 nm, Epot= -4.97239e+05 Fmax= 2.31159e+03, atom= 1334
Step=   65, Dmax= 1.3e-02 nm, Epot= -4.97714e+05 Fmax= 1.76366e+04, atom= 1334
Step=   66, Dmax= 1.6e-02 nm, Epot= -4.98440e+05 Fmax= 6.89845e+03, atom= 1334
Step=   67, Dmax= 1.9e-02 nm, Epot= -4.98009e+05 Fmax= 2.22092e+04, atom= 1334
Step=   68, Dmax= 9.6e-03 nm, Epot= -4.98666e+05 Fmax= 7.66463e+03, atom= 1334
Step=   69, Dmax= 1.2e-02 nm, Epot= -4.98851e+05 Fmax= 1.00431e+04, atom= 1334
Step=   70, Dmax= 1.4e-02 nm, Epot= -4.99048e+05 Fmax= 1.09622e+04, atom= 1334
Step=   71, Dmax= 1.7e-02 nm, Epot= -4.99130e+05 Fmax= 1.44627e+04, atom= 1334
Step=   72, Dmax= 2.0e-02 nm, Epot= -4.99273e+05 Fmax= 1.57792e+04, atom= 1334
Step=   73, Dmax= 2.4e-02 nm, Epot= -4.99159e+05 Fmax= 2.06975e+04, atom= 1334
Step=   74, Dmax= 1.2e-02 nm, Epot= -4.99904e+05 Fmax= 2.49557e+03, atom= 1334
Step=   75, Dmax= 1.4e-02 nm, Epot= -5.00111e+05 Fmax= 1.89773e+04, atom= 1334
Step=   76, Dmax= 1.7e-02 nm, Epot= -5.00882e+05 Fmax= 7.38550e+03, atom= 1334
Step=   77, Dmax= 2.1e-02 nm, Epot= -5.00247e+05 Fmax= 2.39050e+04, atom= 1334
Step=   78, Dmax= 1.0e-02 nm, Epot= -5.01066e+05 Fmax= 8.27146e+03, atom= 1334
Step=   79, Dmax= 1.2e-02 nm, Epot= -5.01199e+05 Fmax= 1.07471e+04, atom= 1334
Step=   80, Dmax= 1.5e-02 nm, Epot= -5.01351e+05 Fmax= 1.18304e+04, atom= 1334
Step=   81, Dmax= 1.8e-02 nm, Epot= -5.01373e+05 Fmax= 1.54762e+04, atom= 1334
Step=   82, Dmax= 2.1e-02 nm, Epot= -5.01461e+05 Fmax= 1.70178e+04, atom= 1334
Step=   83, Dmax= 2.6e-02 nm, Epot= -5.01264e+05 Fmax= 2.21478e+04, atom= 1334
Step=   84, Dmax= 1.3e-02 nm, Epot= -5.02152e+05 Fmax= 2.61057e+03, atom= 1334
Step=   85, Dmax= 1.5e-02 nm, Epot= -5.02122e+05 Fmax= 2.04905e+04, atom= 1334
Step=   86, Dmax= 7.7e-03 nm, Epot= -5.02416e+05 Fmax= 8.90014e+03, atom= 1334
Step=   87, Dmax= 9.2e-03 nm, Epot= -5.02667e+05 Fmax= 5.29034e+03, atom= 1334
Step=   88, Dmax= 1.1e-02 nm, Epot= -5.02732e+05 Fmax= 1.15002e+04, atom= 1334
Step=   89, Dmax= 1.3e-02 nm, Epot= -5.03000e+05 Fmax= 8.90402e+03, atom= 1334
Step=   90, Dmax= 1.6e-02 nm, Epot= -5.02906e+05 Fmax= 1.53396e+04, atom= 1334
Step=   91, Dmax= 8.0e-03 nm, Epot= -5.03259e+05 Fmax= 3.22599e+03, atom= 1744
Step=   92, Dmax= 9.6e-03 nm, Epot= -5.03389e+05 Fmax= 1.16182e+04, atom= 1334
Step=   93, Dmax= 1.1e-02 nm, Epot= -5.03721e+05 Fmax= 5.90481e+03, atom= 1744
Step=   94, Dmax= 1.4e-02 nm, Epot= -5.03605e+05 Fmax= 1.52648e+04, atom= 1334
Step=   95, Dmax= 6.9e-03 nm, Epot= -5.03897e+05 Fmax= 4.69534e+03, atom= 1334
Step=   96, Dmax= 8.3e-03 nm, Epot= -5.04032e+05 Fmax= 7.94769e+03, atom= 1744
Step=   97, Dmax= 9.9e-03 nm, Epot= -5.04208e+05 Fmax= 7.27481e+03, atom= 1744
Step=   98, Dmax= 1.2e-02 nm, Epot= -5.04272e+05 Fmax= 1.10049e+04, atom= 1744
Step=   99, Dmax= 1.4e-02 nm, Epot= -5.04434e+05 Fmax= 1.09136e+04, atom= 1744
Step=  100, Dmax= 1.7e-02 nm, Epot= -5.04392e+05 Fmax= 1.53682e+04, atom= 1744
Step=  101, Dmax= 8.6e-03 nm, Epot= -5.04754e+05 Fmax= 2.24360e+03, atom= 1744
Step=  102, Dmax= 1.0e-02 nm, Epot= -5.04954e+05 Fmax= 1.35087e+04, atom= 1744
Step=  103, Dmax= 1.2e-02 nm, Epot= -5.05350e+05 Fmax= 5.44760e+03, atom= 1744
Step=  104, Dmax= 1.5e-02 nm, Epot= -5.05157e+05 Fmax= 1.72948e+04, atom= 1744
Step=  105, Dmax= 7.4e-03 nm, Epot= -5.05493e+05 Fmax= 5.92097e+03, atom= 1744
Step=  106, Dmax= 8.9e-03 nm, Epot= -5.05616e+05 Fmax= 7.73588e+03, atom= 1744
Step=  107, Dmax= 1.1e-02 nm, Epot= -5.05742e+05 Fmax= 8.64269e+03, atom= 1744
Step=  108, Dmax= 1.3e-02 nm, Epot= -5.05822e+05 Fmax= 1.10054e+04, atom= 1744
Step=  109, Dmax= 1.5e-02 nm, Epot= -5.05910e+05 Fmax= 1.25715e+04, atom= 1744
Step=  110, Dmax= 1.8e-02 nm, Epot= -5.05915e+05 Fmax= 1.56753e+04, atom= 1744
Step=  111, Dmax= 2.2e-02 nm, Epot= -5.05918e+05 Fmax= 1.82266e+04, atom= 1744
Step=  112, Dmax= 2.7e-02 nm, Epot= -5.05783e+05 Fmax= 2.23168e+04, atom= 1744
Step=  113, Dmax= 1.3e-02 nm, Epot= -5.06562e+05 Fmax= 2.11439e+03, atom= 1744
Step=  114, Dmax= 1.6e-02 nm, Epot= -5.06530e+05 Fmax= 2.22543e+04, atom= 1744
Step=  115, Dmax= 8.0e-03 nm, Epot= -5.06793e+05 Fmax= 9.99926e+03, atom= 1744
Step=  116, Dmax= 9.6e-03 nm, Epot= -5.07019e+05 Fmax= 4.67458e+03, atom= 1744
Step=  117, Dmax= 1.1e-02 nm, Epot= -5.07030e+05 Fmax= 1.29489e+04, atom= 1744
Step=  118, Dmax= 1.4e-02 nm, Epot= -5.07298e+05 Fmax= 8.17234e+03, atom= 1744
Step=  119, Dmax= 1.7e-02 nm, Epot= -5.07137e+05 Fmax= 1.71868e+04, atom= 1744
Step=  120, Dmax= 8.3e-03 nm, Epot= -5.07471e+05 Fmax= 4.50472e+03, atom= 1744
Step=  121, Dmax= 9.9e-03 nm, Epot= -5.07538e+05 Fmax= 1.07237e+04, atom= 1744
Step=  122, Dmax= 1.2e-02 nm, Epot= -5.07735e+05 Fmax= 7.54884e+03, atom= 1744
Step=  123, Dmax= 1.4e-02 nm, Epot= -5.07690e+05 Fmax= 1.43524e+04, atom= 1744
Step=  124, Dmax= 7.1e-03 nm, Epot= -5.07894e+05 Fmax= 3.41017e+03, atom= 1744
Step=  125, Dmax= 8.6e-03 nm, Epot= -5.08007e+05 Fmax= 9.74206e+03, atom= 1744
Step=  126, Dmax= 1.0e-02 nm, Epot= -5.08192e+05 Fmax= 6.03546e+03, atom= 1744
Step=  127, Dmax= 1.2e-02 nm, Epot= -5.08192e+05 Fmax= 1.29163e+04, atom= 1744
Step=  128, Dmax= 1.5e-02 nm, Epot= -5.08400e+05 Fmax= 9.78276e+03, atom= 1744
Step=  129, Dmax= 1.8e-02 nm, Epot= -5.08269e+05 Fmax= 1.74869e+04, atom= 1744
Step=  130, Dmax= 8.9e-03 nm, Epot= -5.08597e+05 Fmax= 3.85181e+03, atom= 1744
Step=  131, Dmax= 1.1e-02 nm, Epot= -5.08649e+05 Fmax= 1.25205e+04, atom= 1744
Step=  132, Dmax= 1.3e-02 nm, Epot= -5.08886e+05 Fmax= 7.13784e+03, atom= 1744
Step=  133, Dmax= 1.5e-02 nm, Epot= -5.08781e+05 Fmax= 1.64027e+04, atom= 1744
Step=  134, Dmax= 7.7e-03 nm, Epot= -5.09019e+05 Fmax= 4.64173e+03, atom= 1744
Step=  135, Dmax= 9.2e-03 nm, Epot= -5.09101e+05 Fmax= 9.51063e+03, atom= 1744
Step=  136, Dmax= 1.1e-02 nm, Epot= -5.09247e+05 Fmax= 7.44676e+03, atom= 1744
Step=  137, Dmax= 1.3e-02 nm, Epot= -5.09255e+05 Fmax= 1.29344e+04, atom= 1744
Step=  138, Dmax= 1.6e-02 nm, Epot= -5.09406e+05 Fmax= 1.14599e+04, atom= 1744
Step=  139, Dmax= 1.9e-02 nm, Epot= -5.09310e+05 Fmax= 1.78577e+04, atom= 1744
Step=  140, Dmax= 9.6e-03 nm, Epot= -5.09630e+05 Fmax= 3.20093e+03, atom= 1744
Step=  141, Dmax= 1.1e-02 nm, Epot= -5.09685e+05 Fmax= 1.44041e+04, atom= 1744
Step=  142, Dmax= 1.4e-02 nm, Epot= -5.09962e+05 Fmax= 6.74671e+03, atom= 1744
Step=  143, Dmax= 1.7e-02 nm, Epot= -5.09803e+05 Fmax= 1.85546e+04, atom= 1744
Step=  144, Dmax= 8.3e-03 nm, Epot= -5.10074e+05 Fmax= 5.91444e+03, atom= 1744
Step=  145, Dmax= 9.9e-03 nm, Epot= -5.10148e+05 Fmax= 9.30884e+03, atom= 1744
Step=  146, Dmax= 1.2e-02 nm, Epot= -5.10258e+05 Fmax= 8.91669e+03, atom= 1744
Step=  147, Dmax= 1.4e-02 nm, Epot= -5.10283e+05 Fmax= 1.29986e+04, atom= 1744
Step=  148, Dmax= 1.7e-02 nm, Epot= -5.10380e+05 Fmax= 1.32167e+04, atom= 1744
Step=  149, Dmax= 2.1e-02 nm, Epot= -5.10322e+05 Fmax= 1.82980e+04, atom= 1744
Step=  150, Dmax= 1.0e-02 nm, Epot= -5.10632e+05 Fmax= 2.54710e+03, atom= 1744
Step=  151, Dmax= 1.2e-02 nm, Epot= -5.10718e+05 Fmax= 1.63876e+04, atom= 1744
Step=  152, Dmax= 1.5e-02 nm, Epot= -5.11036e+05 Fmax= 6.37711e+03, atom= 1744
Step=  153, Dmax= 1.8e-02 nm, Epot= -5.10829e+05 Fmax= 2.08104e+04, atom= 1744
Step=  154, Dmax= 8.9e-03 nm, Epot= -5.11128e+05 Fmax= 7.23119e+03, atom= 1744
Step=  155, Dmax= 1.1e-02 nm, Epot= -5.11205e+05 Fmax= 9.14437e+03, atom= 1744
Step=  156, Dmax= 1.3e-02 nm, Epot= -5.11282e+05 Fmax= 1.04441e+04, atom= 1744
Step=  157, Dmax= 1.5e-02 nm, Epot= -5.11326e+05 Fmax= 1.31203e+04, atom= 1744
Step=  158, Dmax= 1.8e-02 nm, Epot= -5.11373e+05 Fmax= 1.50510e+04, atom= 1744
Step=  159, Dmax= 2.2e-02 nm, Epot= -5.11352e+05 Fmax= 1.88231e+04, atom= 1744
Step=  160, Dmax= 1.1e-02 nm, Epot= -5.11652e+05 Fmax= 1.89983e+03, atom= 1744
Step=  161, Dmax= 1.3e-02 nm, Epot= -5.11826e+05 Fmax= 1.84645e+04, atom= 1744
Step=  162, Dmax= 1.6e-02 nm, Epot= -5.12177e+05 Fmax= 6.05905e+03, atom= 1744
Step=  163, Dmax= 1.9e-02 nm, Epot= -5.11933e+05 Fmax= 2.31351e+04, atom= 1744
Step=  164, Dmax= 9.5e-03 nm, Epot= -5.12252e+05 Fmax= 8.56404e+03, atom= 1744
Step=  165, Dmax= 1.1e-02 nm, Epot= -5.12336e+05 Fmax= 9.05451e+03, atom= 1744
Step=  166, Dmax= 1.4e-02 nm, Epot= -5.12383e+05 Fmax= 1.19980e+04, atom= 1744
Step=  167, Dmax= 1.6e-02 nm, Epot= -5.12447e+05 Fmax= 1.33416e+04, atom= 1744
Step=  168, Dmax= 2.0e-02 nm, Epot= -5.12449e+05 Fmax= 1.69310e+04, atom= 1744
Step=  169, Dmax= 2.4e-02 nm, Epot= -5.12462e+05 Fmax= 1.94781e+04, atom= 1744
Step=  170, Dmax= 2.8e-02 nm, Epot= -5.12383e+05 Fmax= 2.39645e+04, atom= 1744
Step=  171, Dmax= 1.4e-02 nm, Epot= -5.12840e+05 Fmax= 2.32711e+03, atom= 1744
Step=  172, Dmax= 1.7e-02 nm, Epot= -5.12837e+05 Fmax= 2.39681e+04, atom= 1744
Step=  173, Dmax= 8.5e-03 nm, Epot= -5.12987e+05 Fmax= 1.07372e+04, atom= 1744
Step=  174, Dmax= 1.0e-02 nm, Epot= -5.13126e+05 Fmax= 4.98688e+03, atom= 1744
Step=  175, Dmax= 1.2e-02 nm, Epot= -5.13142e+05 Fmax= 1.39717e+04, atom= 1744
Step=  176, Dmax= 1.5e-02 nm, Epot= -5.13310e+05 Fmax= 8.66481e+03, atom= 1744
Step=  177, Dmax= 1.8e-02 nm, Epot= -5.13216e+05 Fmax= 1.85802e+04, atom= 1744
Step=  178, Dmax= 8.9e-03 nm, Epot= -5.13418e+05 Fmax= 4.95500e+03, atom= 1744
Step=  179, Dmax= 1.1e-02 nm, Epot= -5.13467e+05 Fmax= 1.13410e+04, atom= 1744
Step=  180, Dmax= 1.3e-02 nm, Epot= -5.13588e+05 Fmax= 8.28355e+03, atom= 1744
Step=  181, Dmax= 1.5e-02 nm, Epot= -5.13571e+05 Fmax= 1.51723e+04, atom= 1744
Step=  182, Dmax= 7.7e-03 nm, Epot= -5.13691e+05 Fmax= 3.45496e+03, atom= 1744
Step=  183, Dmax= 9.2e-03 nm, Epot= -5.13774e+05 Fmax= 1.07017e+04, atom= 1744
Step=  184, Dmax= 1.1e-02 nm, Epot= -5.13897e+05 Fmax= 6.20308e+03, atom= 1744
Step=  185, Dmax= 1.3e-02 nm, Epot= -5.13900e+05 Fmax= 1.41646e+04, atom= 1744
Step=  186, Dmax= 1.6e-02 nm, Epot= -5.14044e+05 Fmax= 1.01579e+04, atom= 1744
Step=  187, Dmax= 1.9e-02 nm, Epot= -5.13954e+05 Fmax= 1.91207e+04, atom= 1744
Step=  188, Dmax= 9.5e-03 nm, Epot= -5.14166e+05 Fmax= 4.48089e+03, atom= 1744
Step=  189, Dmax= 1.1e-02 nm, Epot= -5.14203e+05 Fmax= 1.30321e+04, atom= 1744
Step=  190, Dmax= 1.4e-02 nm, Epot= -5.14346e+05 Fmax= 8.06762e+03, atom= 1744
Step=  191, Dmax= 1.6e-02 nm, Epot= -5.14293e+05 Fmax= 1.71391e+04, atom= 1744
Step=  192, Dmax= 8.2e-03 nm, Epot= -5.14440e+05 Fmax= 4.54734e+03, atom= 1744
Step=  193, Dmax= 9.9e-03 nm, Epot= -5.14499e+05 Fmax= 1.06643e+04, atom= 1744
Step=  194, Dmax= 1.2e-02 nm, Epot= -5.14606e+05 Fmax= 7.50147e+03, atom= 1744
Step=  195, Dmax= 1.4e-02 nm, Epot= -5.14605e+05 Fmax= 1.43846e+04, atom= 1744
Step=  196, Dmax= 7.1e-03 nm, Epot= -5.14694e+05 Fmax= 3.43992e+03, atom= 1744
Step=  197, Dmax= 8.5e-03 nm, Epot= -5.14778e+05 Fmax= 9.62353e+03, atom= 1744
Step=  198, Dmax= 1.0e-02 nm, Epot= -5.14879e+05 Fmax= 6.14127e+03, atom= 1744
Step=  199, Dmax= 1.2e-02 nm, Epot= -5.14904e+05 Fmax= 1.26811e+04, atom= 1744
Step=  200, Dmax= 1.5e-02 nm, Epot= -5.15014e+05 Fmax= 1.00017e+04, atom= 1744
Step=  201, Dmax= 1.8e-02 nm, Epot= -5.14976e+05 Fmax= 1.70867e+04, atom= 1744
Step=  202, Dmax= 8.8e-03 nm, Epot= -5.15126e+05 Fmax= 3.55862e+03, atom= 1744
Step=  203, Dmax= 1.1e-02 nm, Epot= -5.15187e+05 Fmax= 1.28131e+04, atom= 1744
Step=  204, Dmax= 1.3e-02 nm, Epot= -5.15325e+05 Fmax= 6.71729e+03, atom= 1744
Step=  205, Dmax= 1.5e-02 nm, Epot= -5.15286e+05 Fmax= 1.68234e+04, atom= 1744
Step=  206, Dmax= 7.6e-03 nm, Epot= -5.15402e+05 Fmax= 5.05010e+03, atom= 1744
Step=  207, Dmax= 9.2e-03 nm, Epot= -5.15464e+05 Fmax= 8.99846e+03, atom= 1744
Step=  208, Dmax= 1.1e-02 nm, Epot= -5.15543e+05 Fmax= 7.94777e+03, atom= 1744
Step=  209, Dmax= 1.3e-02 nm, Epot= -5.15573e+05 Fmax= 1.22865e+04, atom= 1744
Step=  210, Dmax= 1.6e-02 nm, Epot= -5.15647e+05 Fmax= 1.20916e+04, atom= 1744
Step=  211, Dmax= 1.9e-02 nm, Epot= -5.15634e+05 Fmax= 1.70161e+04, atom= 1744
Step=  212, Dmax= 9.5e-03 nm, Epot= -5.15784e+05 Fmax= 2.48471e+03, atom= 1744
Step=  213, Dmax= 1.1e-02 nm, Epot= -5.15881e+05 Fmax= 1.51497e+04, atom= 1744
Step=  214, Dmax= 1.4e-02 nm, Epot= -5.16058e+05 Fmax= 5.85589e+03, atom= 1744
Step=  215, Dmax= 1.6e-02 nm, Epot= -5.15980e+05 Fmax= 1.94733e+04, atom= 1744
Step=  216, Dmax= 8.2e-03 nm, Epot= -5.16124e+05 Fmax= 6.80602e+03, atom= 1744
Step=  217, Dmax= 9.9e-03 nm, Epot= -5.16185e+05 Fmax= 8.30121e+03, atom= 1744
Step=  218, Dmax= 1.2e-02 nm, Epot= -5.16241e+05 Fmax= 9.91898e+03, atom= 1744
Step=  219, Dmax= 1.4e-02 nm, Epot= -5.16287e+05 Fmax= 1.18320e+04, atom= 1744
Step=  220, Dmax= 1.7e-02 nm, Epot= -5.16319e+05 Fmax= 1.43694e+04, atom= 1744
Step=  221, Dmax= 2.0e-02 nm, Epot= -5.16340e+05 Fmax= 1.69074e+04, atom= 1744
Step=  222, Dmax= 2.5e-02 nm, Epot= -5.16322e+05 Fmax= 2.07305e+04, atom= 1744
Step=  223, Dmax= 1.2e-02 nm, Epot= -5.16560e+05 Fmax= 1.93438e+03, atom= 1744
Step=  224, Dmax= 1.5e-02 nm, Epot= -5.16680e+05 Fmax= 2.06309e+04, atom= 1744
Step=  225, Dmax= 1.8e-02 nm, Epot= -5.16962e+05 Fmax= 6.66040e+03, atom= 1744
Step=  226, Dmax= 2.1e-02 nm, Epot= -5.16736e+05 Fmax= 2.57247e+04, atom= 1744
Step=  227, Dmax= 1.1e-02 nm, Epot= -5.17012e+05 Fmax= 9.57146e+03, atom= 1744
Step=  228, Dmax= 1.3e-02 nm, Epot= -5.17072e+05 Fmax= 1.00226e+04, atom= 1744
Step=  229, Dmax= 1.5e-02 nm, Epot= -5.17098e+05 Fmax= 1.33509e+04, atom= 1744
Step=  230, Dmax= 1.8e-02 nm, Epot= -5.17141e+05 Fmax= 1.48123e+04, atom= 1744
Step=  231, Dmax= 2.2e-02 nm, Epot= -5.17130e+05 Fmax= 1.87906e+04, atom= 1744
Step=  232, Dmax= 1.1e-02 nm, Epot= -5.17308e+05 Fmax= 2.02585e+03, atom= 1744
Step=  233, Dmax= 1.3e-02 nm, Epot= -5.17423e+05 Fmax= 1.83977e+04, atom= 1744
Step=  234, Dmax= 1.6e-02 nm, Epot= -5.17645e+05 Fmax= 5.89515e+03, atom= 1744
Step=  235, Dmax= 1.9e-02 nm, Epot= -5.17493e+05 Fmax= 2.33852e+04, atom= 1744
Step=  236, Dmax= 9.5e-03 nm, Epot= -5.17697e+05 Fmax= 8.74993e+03, atom= 1744
Step=  237, Dmax= 1.1e-02 nm, Epot= -5.17758e+05 Fmax= 8.71106e+03, atom= 1744
Step=  238, Dmax= 1.4e-02 nm, Epot= -5.17787e+05 Fmax= 1.23424e+04, atom= 1744
Step=  239, Dmax= 1.6e-02 nm, Epot= -5.17842e+05 Fmax= 1.27835e+04, atom= 1744
Step=  240, Dmax= 2.0e-02 nm, Epot= -5.17831e+05 Fmax= 1.74750e+04, atom= 1744
Step=  241, Dmax= 9.8e-03 nm, Epot= -5.17972e+05 Fmax= 2.35046e+03, atom= 1744
Step=  242, Dmax= 1.2e-02 nm, Epot= -5.18063e+05 Fmax= 1.57236e+04, atom= 1744
Step=  243, Dmax= 1.4e-02 nm, Epot= -5.18227e+05 Fmax= 6.12315e+03, atom= 1744
Step=  244, Dmax= 1.7e-02 nm, Epot= -5.18146e+05 Fmax= 1.99042e+04, atom= 1744
Step=  245, Dmax= 8.5e-03 nm, Epot= -5.18285e+05 Fmax= 6.90385e+03, atom= 1744
Step=  246, Dmax= 1.0e-02 nm, Epot= -5.18335e+05 Fmax= 8.82409e+03, atom= 1744
Step=  247, Dmax= 1.2e-02 nm, Epot= -5.18385e+05 Fmax= 9.93821e+03, atom= 1744
Step=  248, Dmax= 1.5e-02 nm, Epot= -5.18417e+05 Fmax= 1.26831e+04, atom= 1744
Step=  249, Dmax= 1.8e-02 nm, Epot= -5.18454e+05 Fmax= 1.43134e+04, atom= 1744
Step=  250, Dmax= 2.1e-02 nm, Epot= -5.18448e+05 Fmax= 1.81967e+04, atom= 1744
Step=  251, Dmax= 1.1e-02 nm, Epot= -5.18602e+05 Fmax= 1.95251e+03, atom= 1744
Step=  252, Dmax= 1.3e-02 nm, Epot= -5.18722e+05 Fmax= 1.74639e+04, atom= 1744
Step=  253, Dmax= 1.5e-02 nm, Epot= -5.18912e+05 Fmax= 6.04649e+03, atom= 1744
Step=  254, Dmax= 1.8e-02 nm, Epot= -5.18794e+05 Fmax= 2.19107e+04, atom= 1744
Step=  255, Dmax= 9.1e-03 nm, Epot= -5.18963e+05 Fmax= 7.95306e+03, atom= 1744
Step=  256, Dmax= 1.1e-02 nm, Epot= -5.19014e+05 Fmax= 8.95517e+03, atom= 1744
Step=  257, Dmax= 1.3e-02 nm, Epot= -5.19052e+05 Fmax= 1.12093e+04, atom= 1744
Step=  258, Dmax= 1.6e-02 nm, Epot= -5.19088e+05 Fmax= 1.31027e+04, atom= 1744
Step=  259, Dmax= 1.9e-02 nm, Epot= -5.19104e+05 Fmax= 1.59063e+04, atom= 1744
Step=  260, Dmax= 2.3e-02 nm, Epot= -5.19106e+05 Fmax= 1.90234e+04, atom= 1744
Step=  261, Dmax= 2.7e-02 nm, Epot= -5.19081e+05 Fmax= 2.26274e+04, atom= 1744
Step=  262, Dmax= 1.4e-02 nm, Epot= -5.19336e+05 Fmax= 1.88144e+03, atom= 1744
Step=  263, Dmax= 1.6e-02 nm, Epot= -5.19410e+05 Fmax= 2.34274e+04, atom= 1744
Step=  264, Dmax= 2.0e-02 nm, Epot= -5.19718e+05 Fmax= 6.81110e+03, atom= 1744
Step=  265, Dmax= 2.4e-02 nm, Epot= -5.19410e+05 Fmax= 2.95252e+04, atom= 1744
Step=  266, Dmax= 1.2e-02 nm, Epot= -5.19745e+05 Fmax= 1.13974e+04, atom= 1744
Step=  267, Dmax= 1.4e-02 nm, Epot= -5.19809e+05 Fmax= 1.02977e+04, atom= 1744
Step=  268, Dmax= 1.7e-02 nm, Epot= -5.19799e+05 Fmax= 1.58381e+04, atom= 1744
Step=  269, Dmax= 8.5e-03 nm, Epot= -5.19897e+05 Fmax= 2.77074e+03, atom= 1744
Step=  270, Dmax= 1.0e-02 nm, Epot= -5.19963e+05 Fmax= 1.28153e+04, atom= 1744
Step=  271, Dmax= 1.2e-02 nm, Epot= -5.20072e+05 Fmax= 6.01683e+03, atom= 1744
Step=  272, Dmax= 1.5e-02 nm, Epot= -5.20045e+05 Fmax= 1.64450e+04, atom= 1744
Step=  273, Dmax= 7.3e-03 nm, Epot= -5.20127e+05 Fmax= 5.22193e+03, atom= 1744
Step=  274, Dmax= 8.8e-03 nm, Epot= -5.20173e+05 Fmax= 8.35348e+03, atom= 1744
Step=  275, Dmax= 1.1e-02 nm, Epot= -5.20228e+05 Fmax= 7.83397e+03, atom= 1744
Step=  276, Dmax= 1.3e-02 nm, Epot= -5.20254e+05 Fmax= 1.16931e+04, atom= 1744
Step=  277, Dmax= 1.5e-02 nm, Epot= -5.20307e+05 Fmax= 1.16058e+04, atom= 1744
Step=  278, Dmax= 1.8e-02 nm, Epot= -5.20297e+05 Fmax= 1.64661e+04, atom= 1744
Step=  279, Dmax= 9.1e-03 nm, Epot= -5.20409e+05 Fmax= 2.43330e+03, atom= 1744
Step=  280, Dmax= 1.1e-02 nm, Epot= -5.20482e+05 Fmax= 1.43053e+04, atom= 1744
Step=  281, Dmax= 1.3e-02 nm, Epot= -5.20610e+05 Fmax= 5.94840e+03, atom= 1744
Step=  282, Dmax= 1.6e-02 nm, Epot= -5.20556e+05 Fmax= 1.81829e+04, atom= 1744
Step=  283, Dmax= 7.9e-03 nm, Epot= -5.20661e+05 Fmax= 6.12764e+03, atom= 1744
Step=  284, Dmax= 9.5e-03 nm, Epot= -5.20704e+05 Fmax= 8.46434e+03, atom= 1744
Step=  285, Dmax= 1.1e-02 nm, Epot= -5.20752e+05 Fmax= 8.93144e+03, atom= 1744
Step=  286, Dmax= 1.4e-02 nm, Epot= -5.20778e+05 Fmax= 1.20547e+04, atom= 1744
Step=  287, Dmax= 1.6e-02 nm, Epot= -5.20817e+05 Fmax= 1.29821e+04, atom= 1744
Step=  288, Dmax= 2.0e-02 nm, Epot= -5.20809e+05 Fmax= 1.71816e+04, atom= 1744
Step=  289, Dmax= 9.8e-03 nm, Epot= -5.20935e+05 Fmax= 2.10610e+03, atom= 1744
Step=  290, Dmax= 1.2e-02 nm, Epot= -5.21021e+05 Fmax= 1.58772e+04, atom= 1744
Step=  291, Dmax= 1.4e-02 nm, Epot= -5.21170e+05 Fmax= 5.90858e+03, atom= 1744
Step=  292, Dmax= 1.7e-02 nm, Epot= -5.21086e+05 Fmax= 2.00194e+04, atom= 1744
Step=  293, Dmax= 8.5e-03 nm, Epot= -5.21217e+05 Fmax= 7.06968e+03, atom= 1744
Step=  294, Dmax= 1.0e-02 nm, Epot= -5.21260e+05 Fmax= 8.61363e+03, atom= 1744
Step=  295, Dmax= 1.2e-02 nm, Epot= -5.21299e+05 Fmax= 1.00828e+04, atom= 1744
Step=  296, Dmax= 1.5e-02 nm, Epot= -5.21326e+05 Fmax= 1.24699e+04, atom= 1744
Step=  297, Dmax= 1.8e-02 nm, Epot= -5.21351e+05 Fmax= 1.44348e+04, atom= 1744
Step=  298, Dmax= 2.1e-02 nm, Epot= -5.21346e+05 Fmax= 1.79739e+04, atom= 1744
Step=  299, Dmax= 1.1e-02 nm, Epot= -5.21487e+05 Fmax= 1.78127e+03, atom= 1744
Step=  300, Dmax= 1.3e-02 nm, Epot= -5.21595e+05 Fmax= 1.75392e+04, atom= 1744
Step=  301, Dmax= 1.5e-02 nm, Epot= -5.21770e+05 Fmax= 5.90453e+03, atom= 1744
Step=  302, Dmax= 1.8e-02 nm, Epot= -5.21650e+05 Fmax= 2.19461e+04, atom= 1744
Step=  303, Dmax= 9.1e-03 nm, Epot= -5.21812e+05 Fmax= 8.04349e+03, atom= 1744
Step=  304, Dmax= 1.1e-02 nm, Epot= -5.21856e+05 Fmax= 8.81567e+03, atom= 1744
Step=  305, Dmax= 1.3e-02 nm, Epot= -5.21884e+05 Fmax= 1.12789e+04, atom= 1744
Step=  306, Dmax= 1.6e-02 nm, Epot= -5.21915e+05 Fmax= 1.29585e+04, atom= 1744
Step=  307, Dmax= 1.9e-02 nm, Epot= -5.21922e+05 Fmax= 1.59528e+04, atom= 1744
Step=  308, Dmax= 2.3e-02 nm, Epot= -5.21922e+05 Fmax= 1.88670e+04, atom= 1744
Step=  309, Dmax= 1.1e-02 nm, Epot= -5.22081e+05 Fmax= 1.47742e+03, atom= 1744
Step=  310, Dmax= 1.4e-02 nm, Epot= -5.22225e+05 Fmax= 1.92636e+04, atom= 1744
Step=  311, Dmax= 1.6e-02 nm, Epot= -5.22429e+05 Fmax= 5.98285e+03, atom= 1744
Step=  312, Dmax= 2.0e-02 nm, Epot= -5.22266e+05 Fmax= 2.39134e+04, atom= 1744
Step=  313, Dmax= 9.8e-03 nm, Epot= -5.22463e+05 Fmax= 9.00479e+03, atom= 1744
Step=  314, Dmax= 1.2e-02 nm, Epot= -5.22509e+05 Fmax= 9.12296e+03, atom= 1744
Step=  315, Dmax= 1.4e-02 nm, Epot= -5.22526e+05 Fmax= 1.24745e+04, atom= 1744
Step=  316, Dmax= 1.7e-02 nm, Epot= -5.22560e+05 Fmax= 1.35759e+04, atom= 1744
Step=  317, Dmax= 2.0e-02 nm, Epot= -5.22549e+05 Fmax= 1.74905e+04, atom= 1744
Step=  318, Dmax= 1.0e-02 nm, Epot= -5.22679e+05 Fmax= 1.98662e+03, atom= 1744
Step=  319, Dmax= 1.2e-02 nm, Epot= -5.22751e+05 Fmax= 1.69402e+04, atom= 1744
Step=  320, Dmax= 1.5e-02 nm, Epot= -5.22911e+05 Fmax= 5.50294e+03, atom= 1744
Step=  321, Dmax= 1.8e-02 nm, Epot= -5.22799e+05 Fmax= 2.15838e+04, atom= 1744
Step=  322, Dmax= 8.8e-03 nm, Epot= -5.22950e+05 Fmax= 8.04182e+03, atom= 1744
Step=  323, Dmax= 1.1e-02 nm, Epot= -5.22994e+05 Fmax= 8.08791e+03, atom= 1744
Step=  324, Dmax= 1.3e-02 nm, Epot= -5.23016e+05 Fmax= 1.13835e+04, atom= 1744
Step=  325, Dmax= 1.5e-02 nm, Epot= -5.23056e+05 Fmax= 1.18364e+04, atom= 1744
Step=  326, Dmax= 1.8e-02 nm, Epot= -5.23047e+05 Fmax= 1.61492e+04, atom= 1744
Step=  327, Dmax= 9.1e-03 nm, Epot= -5.23152e+05 Fmax= 2.15950e+03, atom= 1744
Step=  328, Dmax= 1.1e-02 nm, Epot= -5.23220e+05 Fmax= 1.45018e+04, atom= 1744
Step=  329, Dmax= 1.3e-02 nm, Epot= -5.23342e+05 Fmax= 5.69311e+03, atom= 1744
Step=  330, Dmax= 1.6e-02 nm, Epot= -5.23279e+05 Fmax= 1.83480e+04, atom= 1744
Step=  331, Dmax= 7.9e-03 nm, Epot= -5.23384e+05 Fmax= 6.33836e+03, atom= 1744
Step=  332, Dmax= 9.4e-03 nm, Epot= -5.23421e+05 Fmax= 8.21045e+03, atom= 1744
Step=  333, Dmax= 1.1e-02 nm, Epot= -5.23459e+05 Fmax= 9.12433e+03, atom= 1744
Step=  334, Dmax= 1.4e-02 nm, Epot= -5.23481e+05 Fmax= 1.17970e+04, atom= 1744
Step=  335, Dmax= 1.6e-02 nm, Epot= -5.23509e+05 Fmax= 1.31547e+04, atom= 1744
Step=  336, Dmax= 2.0e-02 nm, Epot= -5.23502e+05 Fmax= 1.69136e+04, atom= 1744
Step=  337, Dmax= 9.8e-03 nm, Epot= -5.23622e+05 Fmax= 1.88701e+03, atom= 1744
Step=  338, Dmax= 1.2e-02 nm, Epot= -5.23700e+05 Fmax= 1.60095e+04, atom= 1744
Step=  339, Dmax= 1.4e-02 nm, Epot= -5.23844e+05 Fmax= 5.71383e+03, atom= 1744
Step=  340, Dmax= 1.7e-02 nm, Epot= -5.23750e+05 Fmax= 2.01161e+04, atom= 1744
Step=  341, Dmax= 8.4e-03 nm, Epot= -5.23882e+05 Fmax= 7.21695e+03, atom= 1744
Step=  342, Dmax= 1.0e-02 nm, Epot= -5.23918e+05 Fmax= 8.41994e+03, atom= 1744
Step=  343, Dmax= 1.2e-02 nm, Epot= -5.23948e+05 Fmax= 1.02114e+04, atom= 1744
Step=  344, Dmax= 1.5e-02 nm, Epot= -5.23972e+05 Fmax= 1.22715e+04, atom= 1744
Step=  345, Dmax= 1.8e-02 nm, Epot= -5.23986e+05 Fmax= 1.45422e+04, atom= 1744
Step=  346, Dmax= 2.1e-02 nm, Epot= -5.23981e+05 Fmax= 1.77644e+04, atom= 1744
Step=  347, Dmax= 1.1e-02 nm, Epot= -5.24117e+05 Fmax= 1.62399e+03, atom= 1744
Step=  348, Dmax= 1.3e-02 nm, Epot= -5.24212e+05 Fmax= 1.75974e+04, atom= 1744
Step=  349, Dmax= 1.5e-02 nm, Epot= -5.24380e+05 Fmax= 5.78018e+03, atom= 1744
Step=  350, Dmax= 1.8e-02 nm, Epot= -5.24251e+05 Fmax= 2.19634e+04, atom= 1744
Step=  351, Dmax= 9.1e-03 nm, Epot= -5.24414e+05 Fmax= 8.11697e+03, atom= 1744
Step=  352, Dmax= 1.1e-02 nm, Epot= -5.24452e+05 Fmax= 8.69265e+03, atom= 1744
Step=  353, Dmax= 1.3e-02 nm, Epot= -5.24472e+05 Fmax= 1.13326e+04, atom= 1744
Step=  354, Dmax= 1.6e-02 nm, Epot= -5.24498e+05 Fmax= 1.28302e+04, atom= 1744
Step=  355, Dmax= 1.9e-02 nm, Epot= -5.24497e+05 Fmax= 1.59840e+04, atom= 1744
Step=  356, Dmax= 9.4e-03 nm, Epot= -5.24603e+05 Fmax= 1.60149e+03, atom= 1744
Step=  357, Dmax= 1.1e-02 nm, Epot= -5.24698e+05 Fmax= 1.60042e+04, atom= 1744
Step=  358, Dmax= 1.4e-02 nm, Epot= -5.24841e+05 Fmax= 4.81215e+03, atom= 1744
Step=  359, Dmax= 1.6e-02 nm, Epot= -5.24749e+05 Fmax= 2.03311e+04, atom= 1744
Step=  360, Dmax= 8.1e-03 nm, Epot= -5.24875e+05 Fmax= 7.76340e+03, atom= 1744
Step=  361, Dmax= 9.8e-03 nm, Epot= -5.24918e+05 Fmax= 7.19233e+03, atom= 1744
Step=  362, Dmax= 1.2e-02 nm, Epot= -5.24935e+05 Fmax= 1.08759e+04, atom= 1744
Step=  363, Dmax= 1.4e-02 nm, Epot= -5.24976e+05 Fmax= 1.06572e+04, atom= 1744
Step=  364, Dmax= 1.7e-02 nm, Epot= -5.24964e+05 Fmax= 1.53095e+04, atom= 1744
Step=  365, Dmax= 8.4e-03 nm, Epot= -5.25056e+05 Fmax= 2.32716e+03, atom= 1744
Step=  366, Dmax= 1.0e-02 nm, Epot= -5.25104e+05 Fmax= 1.31105e+04, atom= 1744
Step=  367, Dmax= 1.2e-02 nm, Epot= -5.25204e+05 Fmax= 5.61191e+03, atom= 1744
Step=  368, Dmax= 1.5e-02 nm, Epot= -5.25157e+05 Fmax= 1.66793e+04, atom= 1744
Step=  369, Dmax= 7.3e-03 nm, Epot= -5.25244e+05 Fmax= 5.54194e+03, atom= 1744
Step=  370, Dmax= 8.7e-03 nm, Epot= -5.25275e+05 Fmax= 7.95740e+03, atom= 1744
Step=  371, Dmax= 1.0e-02 nm, Epot= -5.25313e+05 Fmax= 8.11463e+03, atom= 1744
Step=  372, Dmax= 1.3e-02 nm, Epot= -5.25329e+05 Fmax= 1.12958e+04, atom= 1744
Step=  373, Dmax= 1.5e-02 nm, Epot= -5.25362e+05 Fmax= 1.18437e+04, atom= 1744
Step=  374, Dmax= 1.8e-02 nm, Epot= -5.25349e+05 Fmax= 1.60551e+04, atom= 1744
Step=  375, Dmax= 9.1e-03 nm, Epot= -5.25454e+05 Fmax= 2.10932e+03, atom= 1744
Step=  376, Dmax= 1.1e-02 nm, Epot= -5.25504e+05 Fmax= 1.44757e+04, atom= 1744
Step=  377, Dmax= 1.3e-02 nm, Epot= -5.25621e+05 Fmax= 5.65669e+03, atom= 1744
Step=  378, Dmax= 1.6e-02 nm, Epot= -5.25548e+05 Fmax= 1.82977e+04, atom= 1744
Step=  379, Dmax= 7.8e-03 nm, Epot= -5.25657e+05 Fmax= 6.33124e+03, atom= 1744
Step=  380, Dmax= 9.4e-03 nm, Epot= -5.25688e+05 Fmax= 8.17519e+03, atom= 1744
Step=  381, Dmax= 1.1e-02 nm, Epot= -5.25720e+05 Fmax= 9.09940e+03, atom= 1744
Step=  382, Dmax= 1.4e-02 nm, Epot= -5.25736e+05 Fmax= 1.17584e+04, atom= 1744
Step=  383, Dmax= 1.6e-02 nm, Epot= -5.25759e+05 Fmax= 1.31090e+04, atom= 1744
Step=  384, Dmax= 1.9e-02 nm, Epot= -5.25746e+05 Fmax= 1.68662e+04, atom= 1744
Step=  385, Dmax= 9.7e-03 nm, Epot= -5.25866e+05 Fmax= 1.88583e+03, atom= 1744
Step=  386, Dmax= 1.2e-02 nm, Epot= -5.25920e+05 Fmax= 1.59329e+04, atom= 1744
Step=  387, Dmax= 1.4e-02 nm, Epot= -5.26057e+05 Fmax= 5.72052e+03, atom= 1744
Step=  388, Dmax= 1.7e-02 nm, Epot= -5.25954e+05 Fmax= 2.00183e+04, atom= 1744
Step=  389, Dmax= 8.4e-03 nm, Epot= -5.26089e+05 Fmax= 7.16452e+03, atom= 1744
Step=  390, Dmax= 1.0e-02 nm, Epot= -5.26120e+05 Fmax= 8.42563e+03, atom= 1744
Step=  391, Dmax= 1.2e-02 nm, Epot= -5.26145e+05 Fmax= 1.01419e+04, atom= 1744
Step=  392, Dmax= 1.5e-02 nm, Epot= -5.26162e+05 Fmax= 1.22721e+04, atom= 1744
Step=  393, Dmax= 1.7e-02 nm, Epot= -5.26172e+05 Fmax= 1.44516e+04, atom= 1744
Step=  394, Dmax= 2.1e-02 nm, Epot= -5.26160e+05 Fmax= 1.77543e+04, atom= 1744
Step=  395, Dmax= 1.0e-02 nm, Epot= -5.26297e+05 Fmax= 1.66344e+03, atom= 1744
Step=  396, Dmax= 1.3e-02 nm, Epot= -5.26358e+05 Fmax= 1.74758e+04, atom= 1744
Step=  397, Dmax= 1.5e-02 nm, Epot= -5.26519e+05 Fmax= 5.82266e+03, atom= 1744
Step=  398, Dmax= 1.8e-02 nm, Epot= -5.26381e+05 Fmax= 2.18265e+04, atom= 1744
Step=  399, Dmax= 9.0e-03 nm, Epot= -5.26547e+05 Fmax= 8.02620e+03, atom= 1744
Step=  400, Dmax= 1.1e-02 nm, Epot= -5.26579e+05 Fmax= 8.73188e+03, atom= 1744
Step=  401, Dmax= 1.3e-02 nm, Epot= -5.26595e+05 Fmax= 1.12248e+04, atom= 1744
Step=  402, Dmax= 1.6e-02 nm, Epot= -5.26614e+05 Fmax= 1.28631e+04, atom= 1744
Step=  403, Dmax= 1.9e-02 nm, Epot= -5.26610e+05 Fmax= 1.58547e+04, atom= 1744
Step=  404, Dmax= 9.4e-03 nm, Epot= -5.26716e+05 Fmax= 1.52075e+03, atom= 1744
Step=  405, Dmax= 1.1e-02 nm, Epot= -5.26792e+05 Fmax= 1.60610e+04, atom= 1744
Step=  406, Dmax= 1.4e-02 nm, Epot= -5.26933e+05 Fmax= 4.68975e+03, atom= 1744
Step=  407, Dmax= 1.6e-02 nm, Epot= -5.26829e+05 Fmax= 2.03852e+04, atom= 1744
Step=  408, Dmax= 8.1e-03 nm, Epot= -5.26960e+05 Fmax= 7.85312e+03, atom= 1744
Step=  409, Dmax= 9.7e-03 nm, Epot= -5.26999e+05 Fmax= 7.05221e+03, atom= 1744
Step=  410, Dmax= 1.2e-02 nm, Epot= -5.27009e+05 Fmax= 1.09636e+04, atom= 1744
Step=  411, Dmax= 1.4e-02 nm, Epot= -5.27047e+05 Fmax= 1.04975e+04, atom= 1744
Step=  412, Dmax= 1.7e-02 nm, Epot= -5.27027e+05 Fmax= 1.53908e+04, atom= 1744
Step=  413, Dmax= 8.4e-03 nm, Epot= -5.27122e+05 Fmax= 2.44751e+03, atom= 1744
Step=  414, Dmax= 1.0e-02 nm, Epot= -5.27151e+05 Fmax= 1.29319e+04, atom= 1744
Step=  415, Dmax= 1.2e-02 nm, Epot= -5.27244e+05 Fmax= 5.73049e+03, atom= 1744
Step=  416, Dmax= 1.5e-02 nm, Epot= -5.27190e+05 Fmax= 1.64832e+04, atom= 1744
Step=  417, Dmax= 7.3e-03 nm, Epot= -5.27279e+05 Fmax= 5.38431e+03, atom= 1744
Step=  418, Dmax= 8.7e-03 nm, Epot= -5.27304e+05 Fmax= 8.07696e+03, atom= 1744
Step=  419, Dmax= 1.0e-02 nm, Epot= -5.27339e+05 Fmax= 7.94038e+03, atom= 1744
Step=  420, Dmax= 1.3e-02 nm, Epot= -5.27348e+05 Fmax= 1.14126e+04, atom= 1744
Step=  421, Dmax= 1.5e-02 nm, Epot= -5.27379e+05 Fmax= 1.16494e+04, atom= 1744
Step=  422, Dmax= 1.8e-02 nm, Epot= -5.27357e+05 Fmax= 1.61642e+04, atom= 1744
Step=  423, Dmax= 9.0e-03 nm, Epot= -5.27465e+05 Fmax= 2.26072e+03, atom= 1744
Step=  424, Dmax= 1.1e-02 nm, Epot= -5.27491e+05 Fmax= 1.42625e+04, atom= 1744
Step=  425, Dmax= 1.3e-02 nm, Epot= -5.27600e+05 Fmax= 5.80271e+03, atom= 1744
Step=  426, Dmax= 1.6e-02 nm, Epot= -5.27522e+05 Fmax= 1.80694e+04, atom= 1744
Step=  427, Dmax= 7.8e-03 nm, Epot= -5.27633e+05 Fmax= 6.14389e+03, atom= 1744
Step=  428, Dmax= 9.4e-03 nm, Epot= -5.27657e+05 Fmax= 8.32031e+03, atom= 1744
Step=  429, Dmax= 1.1e-02 nm, Epot= -5.27686e+05 Fmax= 8.89558e+03, atom= 1744
Step=  430, Dmax= 1.3e-02 nm, Epot= -5.27694e+05 Fmax= 1.19000e+04, atom= 1744
Step=  431, Dmax= 1.6e-02 nm, Epot= -5.27716e+05 Fmax= 1.28845e+04, atom= 1744
Step=  432, Dmax= 1.9e-02 nm, Epot= -5.27694e+05 Fmax= 1.69993e+04, atom= 1744
Step=  433, Dmax= 9.7e-03 nm, Epot= -5.27818e+05 Fmax= 2.06342e+03, atom= 1744
Step=  434, Dmax= 1.2e-02 nm, Epot= -5.27840e+05 Fmax= 1.56906e+04, atom= 1744
Step=  435, Dmax= 1.4e-02 nm, Epot= -5.27970e+05 Fmax= 5.88737e+03, atom= 1744
Step=  436, Dmax= 1.7e-02 nm, Epot= -5.27861e+05 Fmax= 1.97662e+04, atom= 1744
Step=  437, Dmax= 8.4e-03 nm, Epot= -5.27999e+05 Fmax= 6.95350e+03, atom= 1744
Step=  438, Dmax= 1.0e-02 nm, Epot= -5.28022e+05 Fmax= 8.59000e+03, atom= 1744
Step=  439, Dmax= 1.2e-02 nm, Epot= -5.28045e+05 Fmax= 9.91454e+03, atom= 1744
Step=  440, Dmax= 1.4e-02 nm, Epot= -5.28054e+05 Fmax= 1.24317e+04, atom= 1744
Step=  441, Dmax= 1.7e-02 nm, Epot= -5.28064e+05 Fmax= 1.42032e+04, atom= 1744
Step=  442, Dmax= 2.1e-02 nm, Epot= -5.28042e+05 Fmax= 1.79035e+04, atom= 1744
Step=  443, Dmax= 1.0e-02 nm, Epot= -5.28183e+05 Fmax= 1.86044e+03, atom= 1744
Step=  444, Dmax= 1.3e-02 nm, Epot= -5.28204e+05 Fmax= 1.72134e+04, atom= 1744
Step=  445, Dmax= 1.5e-02 nm, Epot= -5.28357e+05 Fmax= 5.99810e+03, atom= 1744
Step=  446, Dmax= 1.8e-02 nm, Epot= -5.28214e+05 Fmax= 2.15644e+04, atom= 1744
Step=  447, Dmax= 9.0e-03 nm, Epot= -5.28381e+05 Fmax= 7.80377e+03, atom= 1744
Step=  448, Dmax= 1.1e-02 nm, Epot= -5.28406e+05 Fmax= 8.90205e+03, atom= 1744
Step=  449, Dmax= 1.3e-02 nm, Epot= -5.28421e+05 Fmax= 1.09871e+04, atom= 1744
Step=  450, Dmax= 1.6e-02 nm, Epot= -5.28431e+05 Fmax= 1.30265e+04, atom= 1744
Step=  451, Dmax= 1.9e-02 nm, Epot= -5.28428e+05 Fmax= 1.55955e+04, atom= 1744
Step=  452, Dmax= 9.4e-03 nm, Epot= -5.28533e+05 Fmax= 1.31094e+03, atom= 1744
Step=  453, Dmax= 1.1e-02 nm, Epot= -5.28611e+05 Fmax= 1.62783e+04, atom= 1744
Step=  454, Dmax= 1.3e-02 nm, Epot= -5.28753e+05 Fmax= 4.41510e+03, atom= 1744
Step=  455, Dmax= 1.6e-02 nm, Epot= -5.28639e+05 Fmax= 2.05981e+04, atom= 1744
Step=  456, Dmax= 8.1e-03 nm, Epot= -5.28774e+05 Fmax= 8.10198e+03, atom= 1744
Step=  457, Dmax= 9.7e-03 nm, Epot= -5.28812e+05 Fmax= 6.75508e+03, atom= 1744
Step=  458, Dmax= 1.2e-02 nm, Epot= -5.28814e+05 Fmax= 1.12129e+04, atom= 1744
Step=  459, Dmax= 1.4e-02 nm, Epot= -5.28854e+05 Fmax= 1.01785e+04, atom= 1744
Step=  460, Dmax= 1.7e-02 nm, Epot= -5.28823e+05 Fmax= 1.56352e+04, atom= 1744
Step=  461, Dmax= 8.4e-03 nm, Epot= -5.28922e+05 Fmax= 2.72862e+03, atom= 1744
Step=  462, Dmax= 1.0e-02 nm, Epot= -5.28934e+05 Fmax= 1.25993e+04, atom= 1744
Step=  463, Dmax= 1.2e-02 nm, Epot= -5.29018e+05 Fmax= 6.00222e+03, atom= 1744
Step=  464, Dmax= 1.4e-02 nm, Epot= -5.28962e+05 Fmax= 1.61369e+04, atom= 1744
Step=  465, Dmax= 7.2e-03 nm, Epot= -5.29052e+05 Fmax= 5.07531e+03, atom= 1744
Step=  466, Dmax= 8.7e-03 nm, Epot= -5.29070e+05 Fmax= 8.35068e+03, atom= 1744
Step=  467, Dmax= 1.0e-02 nm, Epot= -5.29105e+05 Fmax= 7.61339e+03, atom= 1744
Step=  468, Dmax= 1.3e-02 nm, Epot= -5.29104e+05 Fmax= 1.16853e+04, atom= 1744
Step=  469, Dmax= 6.3e-03 nm, Epot= -5.29152e+05 Fmax= 2.03494e+03, atom= 1744
Step=  470, Dmax= 7.5e-03 nm, Epot= -5.29196e+05 Fmax= 9.36531e+03, atom= 1744
Step=  471, Dmax= 9.0e-03 nm, Epot= -5.29252e+05 Fmax= 4.53387e+03, atom= 1744
Step=  472, Dmax= 1.1e-02 nm, Epot= -5.29246e+05 Fmax= 1.19773e+04, atom= 1744
Step=  473, Dmax= 5.4e-03 nm, Epot= -5.29283e+05 Fmax= 3.72558e+03, atom= 1744
Step=  474, Dmax= 6.5e-03 nm, Epot= -5.29311e+05 Fmax= 6.32139e+03, atom= 1744
Step=  475, Dmax= 7.8e-03 nm, Epot= -5.29344e+05 Fmax= 5.58855e+03, atom= 1744
Step=  476, Dmax= 9.3e-03 nm, Epot= -5.29359e+05 Fmax= 8.84504e+03, atom= 1744
Step=  477, Dmax= 1.1e-02 nm, Epot= -5.29392e+05 Fmax= 8.31669e+03, atom= 1744
Step=  478, Dmax= 1.3e-02 nm, Epot= -5.29387e+05 Fmax= 1.24245e+04, atom= 1744
Step=  479, Dmax= 6.7e-03 nm, Epot= -5.29444e+05 Fmax= 2.05301e+03, atom= 1744
Step=  480, Dmax= 8.1e-03 nm, Epot= -5.29484e+05 Fmax= 1.02011e+04, atom= 1744
Step=  481, Dmax= 9.7e-03 nm, Epot= -5.29547e+05 Fmax= 4.73861e+03, atom= 1744
Step=  482, Dmax= 1.2e-02 nm, Epot= -5.29529e+05 Fmax= 1.30113e+04, atom= 1744
Step=  483, Dmax= 5.8e-03 nm, Epot= -5.29577e+05 Fmax= 4.14110e+03, atom= 1744
Step=  484, Dmax= 7.0e-03 nm, Epot= -5.29602e+05 Fmax= 6.65267e+03, atom= 1744
Step=  485, Dmax= 8.4e-03 nm, Epot= -5.29634e+05 Fmax= 6.15129e+03, atom= 1744
Step=  486, Dmax= 1.0e-02 nm, Epot= -5.29646e+05 Fmax= 9.35753e+03, atom= 1744
Step=  487, Dmax= 1.2e-02 nm, Epot= -5.29678e+05 Fmax= 9.09000e+03, atom= 1744
Step=  488, Dmax= 1.4e-02 nm, Epot= -5.29668e+05 Fmax= 1.31973e+04, atom= 1744
Step=  489, Dmax= 7.2e-03 nm, Epot= -5.29735e+05 Fmax= 2.05323e+03, atom= 1744
Step=  490, Dmax= 8.7e-03 nm, Epot= -5.29770e+05 Fmax= 1.11199e+04, atom= 1744
Step=  491, Dmax= 1.0e-02 nm, Epot= -5.29842e+05 Fmax= 4.93815e+03, atom= 1744
Step=  492, Dmax= 1.2e-02 nm, Epot= -5.29809e+05 Fmax= 1.41429e+04, atom= 1744
Step=  493, Dmax= 6.2e-03 nm, Epot= -5.29871e+05 Fmax= 4.60811e+03, atom= 1744
Step=  494, Dmax= 7.5e-03 nm, Epot= -5.29894e+05 Fmax= 6.98772e+03, atom= 1744
Step=  495, Dmax= 9.0e-03 nm, Epot= -5.29923e+05 Fmax= 6.77658e+03, atom= 1744
Step=  496, Dmax= 1.1e-02 nm, Epot= -5.29934e+05 Fmax= 9.88740e+03, atom= 1744
Step=  497, Dmax= 1.3e-02 nm, Epot= -5.29961e+05 Fmax= 9.94184e+03, atom= 1744
Step=  498, Dmax= 1.6e-02 nm, Epot= -5.29948e+05 Fmax= 1.40055e+04, atom= 1744
Step=  499, Dmax= 7.8e-03 nm, Epot= -5.30027e+05 Fmax= 2.03269e+03, atom= 1744
Step=  500, Dmax= 9.3e-03 nm, Epot= -5.30056e+05 Fmax= 1.21283e+04, atom= 1744
Step=  501, Dmax= 1.1e-02 nm, Epot= -5.30137e+05 Fmax= 5.13272e+03, atom= 1744
Step=  502, Dmax= 1.3e-02 nm, Epot= -5.30088e+05 Fmax= 1.53788e+04, atom= 1744
Step=  503, Dmax= 6.7e-03 nm, Epot= -5.30166e+05 Fmax= 5.13011e+03, atom= 1744
Step=  504, Dmax= 8.1e-03 nm, Epot= -5.30186e+05 Fmax= 7.32795e+03, atom= 1744
Step=  505, Dmax= 9.7e-03 nm, Epot= -5.30214e+05 Fmax= 7.46898e+03, atom= 1744
Step=  506, Dmax= 1.2e-02 nm, Epot= -5.30222e+05 Fmax= 1.04360e+04, atom= 1744
Step=  507, Dmax= 1.4e-02 nm, Epot= -5.30245e+05 Fmax= 1.08774e+04, atom= 1744
Step=  508, Dmax= 1.7e-02 nm, Epot= -5.30228e+05 Fmax= 1.48534e+04, atom= 1744
Step=  509, Dmax= 8.3e-03 nm, Epot= -5.30320e+05 Fmax= 1.98985e+03, atom= 1744
Step=  510, Dmax= 1.0e-02 nm, Epot= -5.30343e+05 Fmax= 1.32325e+04, atom= 1744
Step=  511, Dmax= 1.2e-02 nm, Epot= -5.30437e+05 Fmax= 5.32303e+03, atom= 1744
Step=  512, Dmax= 1.4e-02 nm, Epot= -5.30368e+05 Fmax= 1.67252e+04, atom= 1744
Step=  513, Dmax= 7.2e-03 nm, Epot= -5.30463e+05 Fmax= 5.70991e+03, atom= 1744
Step=  514, Dmax= 8.7e-03 nm, Epot= -5.30483e+05 Fmax= 7.67466e+03, atom= 1744
Step=  515, Dmax= 1.0e-02 nm, Epot= -5.30507e+05 Fmax= 8.23142e+03, atom= 1744
Step=  516, Dmax= 1.2e-02 nm, Epot= -5.30513e+05 Fmax= 1.10075e+04, atom= 1744
Step=  517, Dmax= 1.5e-02 nm, Epot= -5.30532e+05 Fmax= 1.19006e+04, atom= 1744
Step=  518, Dmax= 1.8e-02 nm, Epot= -5.30511e+05 Fmax= 1.57458e+04, atom= 1744
Step=  519, Dmax= 9.0e-03 nm, Epot= -5.30617e+05 Fmax= 1.92625e+03, atom= 1744
Step=  520, Dmax= 1.1e-02 nm, Epot= -5.30633e+05 Fmax= 1.44360e+04, atom= 1744
Step=  521, Dmax= 1.3e-02 nm, Epot= -5.30742e+05 Fmax= 5.51362e+03, atom= 1744
Step=  522, Dmax= 1.6e-02 nm, Epot= -5.30649e+05 Fmax= 1.81851e+04, atom= 1744
Step=  523, Dmax= 7.8e-03 nm, Epot= -5.30766e+05 Fmax= 6.34747e+03, atom= 1744
Step=  524, Dmax= 9.3e-03 nm, Epot= -5.30785e+05 Fmax= 8.03425e+03, atom= 1744
Step=  525, Dmax= 1.1e-02 nm, Epot= -5.30805e+05 Fmax= 9.06434e+03, atom= 1744
Step=  526, Dmax= 1.3e-02 nm, Epot= -5.30810e+05 Fmax= 1.16083e+04, atom= 1744
Step=  527, Dmax= 1.6e-02 nm, Epot= -5.30821e+05 Fmax= 1.30126e+04, atom= 1744
Step=  528, Dmax= 1.9e-02 nm, Epot= -5.30798e+05 Fmax= 1.66910e+04, atom= 1744
Step=  529, Dmax= 9.6e-03 nm, Epot= -5.30920e+05 Fmax= 1.84559e+03, atom= 1744
Step=  530, Dmax= 1.2e-02 nm, Epot= -5.30928e+05 Fmax= 1.57407e+04, atom= 1744
Step=  531, Dmax= 1.4e-02 nm, Epot= -5.31055e+05 Fmax= 5.71091e+03, atom= 1744
Step=  532, Dmax= 1.7e-02 nm, Epot= -5.30935e+05 Fmax= 1.97592e+04, atom= 1744
Step=  533, Dmax= 8.3e-03 nm, Epot= -5.31076e+05 Fmax= 7.03978e+03, atom= 1744
Step=  534, Dmax= 1.0e-02 nm, Epot= -5.31096e+05 Fmax= 8.41478e+03, atom= 1744
Step=  535, Dmax= 1.2e-02 nm, Epot= -5.31110e+05 Fmax= 9.96535e+03, atom= 1744
Step=  536, Dmax= 1.4e-02 nm, Epot= -5.31115e+05 Fmax= 1.22482e+04, atom= 1744
Step=  537, Dmax= 1.7e-02 nm, Epot= -5.31117e+05 Fmax= 1.42125e+04, atom= 1744
Step=  538, Dmax= 2.1e-02 nm, Epot= -5.31091e+05 Fmax= 1.77002e+04, atom= 1744
Step=  539, Dmax= 1.0e-02 nm, Epot= -5.31232e+05 Fmax= 1.75439e+03, atom= 1744
Step=  540, Dmax= 1.2e-02 nm, Epot= -5.31231e+05 Fmax= 1.71457e+04, atom= 1744
Step=  541, Dmax= 6.2e-03 nm, Epot= -5.31276e+05 Fmax= 7.67266e+03, atom= 1744
Step=  542, Dmax= 7.5e-03 nm, Epot= -5.31319e+05 Fmax= 3.86424e+03, atom= 1744
Step=  543, Dmax= 9.0e-03 nm, Epot= -5.31324e+05 Fmax= 9.81033e+03, atom= 1744
Step=  544, Dmax= 1.1e-02 nm, Epot= -5.31373e+05 Fmax= 6.78267e+03, atom= 1744
Step=  545, Dmax= 1.3e-02 nm, Epot= -5.31349e+05 Fmax= 1.29591e+04, atom= 1744
Step=  546, Dmax= 6.5e-03 nm, Epot= -5.31410e+05 Fmax= 3.09449e+03, atom= 1744
Step=  547, Dmax= 7.7e-03 nm, Epot= -5.31426e+05 Fmax= 8.92768e+03, atom= 1744
Step=  548, Dmax= 9.3e-03 nm, Epot= -5.31472e+05 Fmax= 5.30819e+03, atom= 1744
Step=  549, Dmax= 1.1e-02 nm, Epot= -5.31457e+05 Fmax= 1.19384e+04, atom= 1744
Step=  550, Dmax= 5.6e-03 nm, Epot= -5.31502e+05 Fmax= 3.31302e+03, atom= 1744
Step=  551, Dmax= 6.7e-03 nm, Epot= -5.31524e+05 Fmax= 6.88564e+03, atom= 1744
Step=  552, Dmax= 8.0e-03 nm, Epot= -5.31556e+05 Fmax= 5.51906e+03, atom= 1744
Step=  553, Dmax= 9.6e-03 nm, Epot= -5.31563e+05 Fmax= 9.21158e+03, atom= 1744
Step=  554, Dmax= 1.2e-02 nm, Epot= -5.31594e+05 Fmax= 8.62703e+03, atom= 1744
Step=  555, Dmax= 1.4e-02 nm, Epot= -5.31582e+05 Fmax= 1.26073e+04, atom= 1744
Step=  556, Dmax= 6.9e-03 nm, Epot= -5.31645e+05 Fmax= 1.99937e+03, atom= 1744
Step=  557, Dmax= 8.3e-03 nm, Epot= -5.31670e+05 Fmax= 1.09924e+04, atom= 1744
Step=  558, Dmax= 1.0e-02 nm, Epot= -5.31738e+05 Fmax= 4.32352e+03, atom= 1744
Step=  559, Dmax= 1.2e-02 nm, Epot= -5.31701e+05 Fmax= 1.42465e+04, atom= 1744
Step=  560, Dmax= 6.0e-03 nm, Epot= -5.31762e+05 Fmax= 4.95885e+03, atom= 1744
Step=  561, Dmax= 7.2e-03 nm, Epot= -5.31785e+05 Fmax= 6.03378e+03, atom= 1744
Step=  562, Dmax= 8.6e-03 nm, Epot= -5.31805e+05 Fmax= 7.30876e+03, atom= 1744
Step=  563, Dmax= 1.0e-02 nm, Epot= -5.31822e+05 Fmax= 8.54353e+03, atom= 1744
Step=  564, Dmax= 1.2e-02 nm, Epot= -5.31831e+05 Fmax= 1.06349e+04, atom= 1744
Step=  565, Dmax= 1.5e-02 nm, Epot= -5.31840e+05 Fmax= 1.21985e+04, atom= 1744
Step=  566, Dmax= 1.8e-02 nm, Epot= -5.31826e+05 Fmax= 1.53610e+04, atom= 1744
Step=  567, Dmax= 8.9e-03 nm, Epot= -5.31928e+05 Fmax= 1.58598e+03, atom= 1744
Step=  568, Dmax= 1.1e-02 nm, Epot= -5.31954e+05 Fmax= 1.46770e+04, atom= 1744
Step=  569, Dmax= 1.3e-02 nm, Epot= -5.32065e+05 Fmax= 5.22160e+03, atom= 1744
Step=  570, Dmax= 1.5e-02 nm, Epot= -5.31966e+05 Fmax= 1.83873e+04, atom= 1744
Step=  571, Dmax= 7.7e-03 nm, Epot= -5.32085e+05 Fmax= 6.59665e+03, atom= 1744
Step=  572, Dmax= 9.3e-03 nm, Epot= -5.32104e+05 Fmax= 7.74316e+03, atom= 1744
Step=  573, Dmax= 1.1e-02 nm, Epot= -5.32118e+05 Fmax= 9.29839e+03, atom= 1744
Step=  574, Dmax= 1.3e-02 nm, Epot= -5.32126e+05 Fmax= 1.13114e+04, atom= 1744
Step=  575, Dmax= 1.6e-02 nm, Epot= -5.32128e+05 Fmax= 1.32304e+04, atom= 1744
Step=  576, Dmax= 1.9e-02 nm, Epot= -5.32110e+05 Fmax= 1.63818e+04, atom= 1744
Step=  577, Dmax= 9.6e-03 nm, Epot= -5.32229e+05 Fmax= 1.58331e+03, atom= 1744
Step=  578, Dmax= 1.2e-02 nm, Epot= -5.32243e+05 Fmax= 1.59022e+04, atom= 1744
Step=  579, Dmax= 1.4e-02 nm, Epot= -5.32372e+05 Fmax= 5.49375e+03, atom= 1744
Step=  580, Dmax= 1.7e-02 nm, Epot= -5.32244e+05 Fmax= 1.98836e+04, atom= 1744
Step=  581, Dmax= 8.3e-03 nm, Epot= -5.32389e+05 Fmax= 7.21294e+03, atom= 1744
Step=  582, Dmax= 1.0e-02 nm, Epot= -5.32408e+05 Fmax= 8.19657e+03, atom= 1744
Step=  583, Dmax= 1.2e-02 nm, Epot= -5.32417e+05 Fmax= 1.01239e+04, atom= 1744
Step=  584, Dmax= 1.4e-02 nm, Epot= -5.32423e+05 Fmax= 1.20224e+04, atom= 1744
Step=  585, Dmax= 1.7e-02 nm, Epot= -5.32418e+05 Fmax= 1.43547e+04, atom= 1744
Step=  586, Dmax= 8.6e-03 nm, Epot= -5.32508e+05 Fmax= 1.18740e+03, atom= 1744
Step=  587, Dmax= 1.0e-02 nm, Epot= -5.32559e+05 Fmax= 1.51142e+04, atom= 1744
Step=  588, Dmax= 1.2e-02 nm, Epot= -5.32679e+05 Fmax= 3.94999e+03, atom= 1744
Step=  589, Dmax= 1.5e-02 nm, Epot= -5.32574e+05 Fmax= 1.91355e+04, atom= 1744
Step=  590, Dmax= 7.4e-03 nm, Epot= -5.32694e+05 Fmax= 7.60098e+03, atom= 1744
Step=  591, Dmax= 8.9e-03 nm, Epot= -5.32725e+05 Fmax= 6.08353e+03, atom= 1744
Step=  592, Dmax= 1.1e-02 nm, Epot= -5.32721e+05 Fmax= 1.04909e+04, atom= 1744
Step=  593, Dmax= 5.4e-03 nm, Epot= -5.32757e+05 Fmax= 2.20238e+03, atom= 1744
Step=  594, Dmax= 6.4e-03 nm, Epot= -5.32785e+05 Fmax= 7.56440e+03, atom= 1744
Step=  595, Dmax= 7.7e-03 nm, Epot= -5.32823e+05 Fmax= 4.36053e+03, atom= 1744
Step=  596, Dmax= 9.3e-03 nm, Epot= -5.32824e+05 Fmax= 9.78634e+03, atom= 1744
Step=  597, Dmax= 1.1e-02 nm, Epot= -5.32866e+05 Fmax= 7.36469e+03, atom= 1744
Step=  598, Dmax= 1.3e-02 nm, Epot= -5.32840e+05 Fmax= 1.30454e+04, atom= 1744
Step=  599, Dmax= 6.7e-03 nm, Epot= -5.32905e+05 Fmax= 2.84816e+03, atom= 1744
Step=  600, Dmax= 8.0e-03 nm, Epot= -5.32915e+05 Fmax= 9.58832e+03, atom= 1744
Step=  601, Dmax= 9.6e-03 nm, Epot= -5.32966e+05 Fmax= 5.12966e+03, atom= 1744
Step=  602, Dmax= 1.2e-02 nm, Epot= -5.32939e+05 Fmax= 1.27006e+04, atom= 1744
Step=  603, Dmax= 5.8e-03 nm, Epot= -5.32992e+05 Fmax= 3.78312e+03, atom= 1744
Step=  604, Dmax= 6.9e-03 nm, Epot= -5.33009e+05 Fmax= 6.76874e+03, atom= 1744
Step=  605, Dmax= 8.3e-03 nm, Epot= -5.33036e+05 Fmax= 6.05261e+03, atom= 1744
Step=  606, Dmax= 1.0e-02 nm, Epot= -5.33042e+05 Fmax= 9.17900e+03, atom= 1744
Step=  607, Dmax= 1.2e-02 nm, Epot= -5.33065e+05 Fmax= 9.25691e+03, atom= 1744
Step=  608, Dmax= 1.4e-02 nm, Epot= -5.33054e+05 Fmax= 1.26932e+04, atom= 1744
Step=  609, Dmax= 7.2e-03 nm, Epot= -5.33121e+05 Fmax= 1.72906e+03, atom= 1744
Step=  610, Dmax= 8.6e-03 nm, Epot= -5.33143e+05 Fmax= 1.17284e+04, atom= 1744
Step=  611, Dmax= 1.0e-02 nm, Epot= -5.33219e+05 Fmax= 4.10788e+03, atom= 1744
Step=  612, Dmax= 1.2e-02 nm, Epot= -5.33168e+05 Fmax= 1.50931e+04, atom= 1744
Step=  613, Dmax= 6.2e-03 nm, Epot= -5.33239e+05 Fmax= 5.49045e+03, atom= 1744
Step=  614, Dmax= 7.4e-03 nm, Epot= -5.33261e+05 Fmax= 5.87868e+03, atom= 1744
Step=  615, Dmax= 8.9e-03 nm, Epot= -5.33274e+05 Fmax= 7.91261e+03, atom= 1744
Step=  616, Dmax= 1.1e-02 nm, Epot= -5.33293e+05 Fmax= 8.47798e+03, atom= 1744
Step=  617, Dmax= 1.3e-02 nm, Epot= -5.33292e+05 Fmax= 1.13420e+04, atom= 1744
Step=  618, Dmax= 6.4e-03 nm, Epot= -5.33342e+05 Fmax= 1.43136e+03, atom= 1744
Step=  619, Dmax= 7.7e-03 nm, Epot= -5.33386e+05 Fmax= 1.02059e+04, atom= 1744
Step=  620, Dmax= 9.2e-03 nm, Epot= -5.33446e+05 Fmax= 4.07480e+03, atom= 1744
Step=  621, Dmax= 1.1e-02 nm, Epot= -5.33420e+05 Fmax= 1.28637e+04, atom= 1744
Step=  622, Dmax= 5.5e-03 nm, Epot= -5.33469e+05 Fmax= 4.39951e+03, atom= 1744
Step=  623, Dmax= 6.7e-03 nm, Epot= -5.33488e+05 Fmax= 5.91395e+03, atom= 1744
Step=  624, Dmax= 8.0e-03 nm, Epot= -5.33509e+05 Fmax= 6.31249e+03, atom= 1744
Step=  625, Dmax= 9.6e-03 nm, Epot= -5.33520e+05 Fmax= 8.50729e+03, atom= 1744
Step=  626, Dmax= 1.2e-02 nm, Epot= -5.33538e+05 Fmax= 9.11446e+03, atom= 1744
Step=  627, Dmax= 1.4e-02 nm, Epot= -5.33532e+05 Fmax= 1.21832e+04, atom= 1744
Step=  628, Dmax= 6.9e-03 nm, Epot= -5.33592e+05 Fmax= 1.53454e+03, atom= 1744
Step=  629, Dmax= 8.3e-03 nm, Epot= -5.33627e+05 Fmax= 1.09941e+04, atom= 1744
Step=  630, Dmax= 9.9e-03 nm, Epot= -5.33694e+05 Fmax= 4.35426e+03, atom= 1744
Step=  631, Dmax= 1.2e-02 nm, Epot= -5.33654e+05 Fmax= 1.38623e+04, atom= 1744
Step=  632, Dmax= 6.0e-03 nm, Epot= -5.33715e+05 Fmax= 4.75986e+03, atom= 1744
Step=  633, Dmax= 7.2e-03 nm, Epot= -5.33733e+05 Fmax= 6.31983e+03, atom= 1744
Step=  634, Dmax= 8.6e-03 nm, Epot= -5.33753e+05 Fmax= 6.82707e+03, atom= 1744
Step=  635, Dmax= 1.0e-02 nm, Epot= -5.33762e+05 Fmax= 9.09527e+03, atom= 1744
Step=  636, Dmax= 1.2e-02 nm, Epot= -5.33778e+05 Fmax= 9.84931e+03, atom= 1744
Step=  637, Dmax= 1.5e-02 nm, Epot= -5.33768e+05 Fmax= 1.30337e+04, atom= 1744
Step=  638, Dmax= 7.4e-03 nm, Epot= -5.33838e+05 Fmax= 1.59316e+03, atom= 1744
Step=  639, Dmax= 8.9e-03 nm, Epot= -5.33865e+05 Fmax= 1.18920e+04, atom= 1744
Step=  640, Dmax= 1.1e-02 nm, Epot= -5.33941e+05 Fmax= 4.60429e+03, atom= 1744
Step=  641, Dmax= 1.3e-02 nm, Epot= -5.33886e+05 Fmax= 1.49848e+04, atom= 1744
Step=  642, Dmax= 6.4e-03 nm, Epot= -5.33961e+05 Fmax= 5.19732e+03, atom= 1744
Step=  643, Dmax= 7.7e-03 nm, Epot= -5.33978e+05 Fmax= 6.70509e+03, atom= 1744
Step=  644, Dmax= 9.2e-03 nm, Epot= -5.33996e+05 Fmax= 7.43100e+03, atom= 1744
Step=  645, Dmax= 1.1e-02 nm, Epot= -5.34003e+05 Fmax= 9.67593e+03, atom= 1744
Step=  646, Dmax= 1.3e-02 nm, Epot= -5.34015e+05 Fmax= 1.06904e+04, atom= 1744
Step=  647, Dmax= 1.6e-02 nm, Epot= -5.34002e+05 Fmax= 1.38954e+04, atom= 1744
Step=  648, Dmax= 8.0e-03 nm, Epot= -5.34085e+05 Fmax= 1.60445e+03, atom= 1744
Step=  649, Dmax= 9.6e-03 nm, Epot= -5.34104e+05 Fmax= 1.29056e+04, atom= 1744
Step=  650, Dmax= 1.1e-02 nm, Epot= -5.34191e+05 Fmax= 4.82614e+03, atom= 1744
Step=  651, Dmax= 1.4e-02 nm, Epot= -5.34118e+05 Fmax= 1.62372e+04, atom= 1744
Step=  652, Dmax= 6.9e-03 nm, Epot= -5.34210e+05 Fmax= 5.71451e+03, atom= 1744
Step=  653, Dmax= 8.3e-03 nm, Epot= -5.34226e+05 Fmax= 7.07197e+03, atom= 1744
Step=  654, Dmax= 9.9e-03 nm, Epot= -5.34241e+05 Fmax= 8.12743e+03, atom= 1744
Step=  655, Dmax= 1.2e-02 nm, Epot= -5.34247e+05 Fmax= 1.02521e+04, atom= 1744
Step=  656, Dmax= 1.4e-02 nm, Epot= -5.34254e+05 Fmax= 1.16408e+04, atom= 1744
Step=  657, Dmax= 1.7e-02 nm, Epot= -5.34238e+05 Fmax= 1.47734e+04, atom= 1744
Step=  658, Dmax= 8.6e-03 nm, Epot= -5.34334e+05 Fmax= 1.56983e+03, atom= 1744
Step=  659, Dmax= 1.0e-02 nm, Epot= -5.34347e+05 Fmax= 1.40392e+04, atom= 1744
Step=  660, Dmax= 1.2e-02 nm, Epot= -5.34448e+05 Fmax= 5.02338e+03, atom= 1744
Step=  661, Dmax= 1.5e-02 nm, Epot= -5.34353e+05 Fmax= 1.76225e+04, atom= 1744
Step=  662, Dmax= 7.4e-03 nm, Epot= -5.34464e+05 Fmax= 6.31150e+03, atom= 1744
Step=  663, Dmax= 8.9e-03 nm, Epot= -5.34481e+05 Fmax= 7.42544e+03, atom= 1744
Step=  664, Dmax= 1.1e-02 nm, Epot= -5.34492e+05 Fmax= 8.91628e+03, atom= 1744
Step=  665, Dmax= 1.3e-02 nm, Epot= -5.34497e+05 Fmax= 1.08308e+04, atom= 1744
Step=  666, Dmax= 1.5e-02 nm, Epot= -5.34498e+05 Fmax= 1.27024e+04, atom= 1744
Step=  667, Dmax= 1.8e-02 nm, Epot= -5.34480e+05 Fmax= 1.56754e+04, atom= 1744
Step=  668, Dmax= 9.2e-03 nm, Epot= -5.34590e+05 Fmax= 1.49312e+03, atom= 1744
Step=  669, Dmax= 1.1e-02 nm, Epot= -5.34597e+05 Fmax= 1.52942e+04, atom= 1744
Step=  670, Dmax= 1.3e-02 nm, Epot= -5.34714e+05 Fmax= 5.20365e+03, atom= 1744
Step=  671, Dmax= 1.6e-02 nm, Epot= -5.34594e+05 Fmax= 1.91401e+04, atom= 1744
Step=  672, Dmax= 8.0e-03 nm, Epot= -5.34728e+05 Fmax= 6.98479e+03, atom= 1744
Step=  673, Dmax= 9.6e-03 nm, Epot= -5.34745e+05 Fmax= 7.77456e+03, atom= 1744
Step=  674, Dmax= 1.1e-02 nm, Epot= -5.34751e+05 Fmax= 9.79553e+03, atom= 1744
Step=  675, Dmax= 1.4e-02 nm, Epot= -5.34757e+05 Fmax= 1.14209e+04, atom= 1744
Step=  676, Dmax= 1.7e-02 nm, Epot= -5.34749e+05 Fmax= 1.38748e+04, atom= 1744
Step=  677, Dmax= 8.3e-03 nm, Epot= -5.34833e+05 Fmax= 1.24509e+03, atom= 1744
Step=  678, Dmax= 9.9e-03 nm, Epot= -5.34862e+05 Fmax= 1.42943e+04, atom= 1744
Step=  679, Dmax= 1.2e-02 nm, Epot= -5.34969e+05 Fmax= 3.97885e+03, atom= 1744
Step=  680, Dmax= 1.4e-02 nm, Epot= -5.34870e+05 Fmax= 1.81102e+04, atom= 1744
Step=  681, Dmax= 7.1e-03 nm, Epot= -5.34980e+05 Fmax= 7.07042e+03, atom= 1744
Step=  682, Dmax= 8.6e-03 nm, Epot= -5.35006e+05 Fmax= 6.05352e+03, atom= 1744
Step=  683, Dmax= 1.0e-02 nm, Epot= -5.35003e+05 Fmax= 9.81384e+03, atom= 1744
Step=  684, Dmax= 5.1e-03 nm, Epot= -5.35036e+05 Fmax= 1.87862e+03, atom= 1744
Step=  685, Dmax= 6.2e-03 nm, Epot= -5.35062e+05 Fmax= 7.49571e+03, atom= 1744
Step=  686, Dmax= 7.4e-03 nm, Epot= -5.35098e+05 Fmax= 3.92296e+03, atom= 1744
Step=  687, Dmax= 8.9e-03 nm, Epot= -5.35095e+05 Fmax= 9.65065e+03, atom= 1744
Step=  688, Dmax= 4.4e-03 nm, Epot= -5.35120e+05 Fmax= 2.86664e+03, atom= 1744
Step=  689, Dmax= 5.3e-03 nm, Epot= -5.35139e+05 Fmax= 5.39184e+03, atom= 1744
Step=  690, Dmax= 6.4e-03 nm, Epot= -5.35162e+05 Fmax= 4.39818e+03, atom= 1744
Step=  691, Dmax= 7.7e-03 nm, Epot= -5.35172e+05 Fmax= 7.46281e+03, atom= 1744
Step=  692, Dmax= 9.2e-03 nm, Epot= -5.35197e+05 Fmax= 6.64565e+03, atom= 1744
Step=  693, Dmax= 1.1e-02 nm, Epot= -5.35191e+05 Fmax= 1.03994e+04, atom= 1744
Step=  694, Dmax= 5.5e-03 nm, Epot= -5.35231e+05 Fmax= 1.87556e+03, atom= 1744
Step=  695, Dmax= 6.6e-03 nm, Epot= -5.35254e+05 Fmax= 8.20656e+03, atom= 1744
Step=  696, Dmax= 7.9e-03 nm, Epot= -5.35295e+05 Fmax= 4.06402e+03, atom= 1744
Step=  697, Dmax= 9.5e-03 nm, Epot= -5.35284e+05 Fmax= 1.05317e+04, atom= 1744
Step=  698, Dmax= 4.8e-03 nm, Epot= -5.35316e+05 Fmax= 3.23690e+03, atom= 1744
Step=  699, Dmax= 5.7e-03 nm, Epot= -5.35333e+05 Fmax= 5.63072e+03, atom= 1744
Step=  700, Dmax= 6.9e-03 nm, Epot= -5.35356e+05 Fmax= 4.89606e+03, atom= 1744
Step=  701, Dmax= 8.2e-03 nm, Epot= -5.35364e+05 Fmax= 7.84425e+03, atom= 1744
Step=  702, Dmax= 9.9e-03 nm, Epot= -5.35386e+05 Fmax= 7.32382e+03, atom= 1744
Step=  703, Dmax= 1.2e-02 nm, Epot= -5.35378e+05 Fmax= 1.09888e+04, atom= 1744
Step=  704, Dmax= 5.9e-03 nm, Epot= -5.35424e+05 Fmax= 1.83129e+03, atom= 1744
Step=  705, Dmax= 7.1e-03 nm, Epot= -5.35445e+05 Fmax= 9.01186e+03, atom= 1744
Step=  706, Dmax= 8.5e-03 nm, Epot= -5.35492e+05 Fmax= 4.17476e+03, atom= 1744
Step=  707, Dmax= 1.0e-02 nm, Epot= -5.35472e+05 Fmax= 1.15203e+04, atom= 1744
Step=  708, Dmax= 5.1e-03 nm, Epot= -5.35513e+05 Fmax= 3.67646e+03, atom= 1744
Step=  709, Dmax= 6.2e-03 nm, Epot= -5.35528e+05 Fmax= 5.84517e+03, atom= 1744
Step=  710, Dmax= 7.4e-03 nm, Epot= -5.35550e+05 Fmax= 5.47368e+03, atom= 1744
Step=  711, Dmax= 8.9e-03 nm, Epot= -5.35555e+05 Fmax= 8.21138e+03, atom= 1744
Step=  712, Dmax= 1.1e-02 nm, Epot= -5.35576e+05 Fmax= 8.09573e+03, atom= 1744
Step=  713, Dmax= 1.3e-02 nm, Epot= -5.35566e+05 Fmax= 1.15784e+04, atom= 1744
Step=  714, Dmax= 6.4e-03 nm, Epot= -5.35619e+05 Fmax= 1.74055e+03, atom= 1744
Step=  715, Dmax= 7.7e-03 nm, Epot= -5.35638e+05 Fmax= 9.92021e+03, atom= 1744
Step=  716, Dmax= 9.2e-03 nm, Epot= -5.35693e+05 Fmax= 4.25154e+03, atom= 1744
Step=  717, Dmax= 1.1e-02 nm, Epot= -5.35660e+05 Fmax= 1.26249e+04, atom= 1744
Step=  718, Dmax= 5.5e-03 nm, Epot= -5.35712e+05 Fmax= 4.19110e+03, atom= 1744
Step=  719, Dmax= 6.6e-03 nm, Epot= -5.35727e+05 Fmax= 6.03365e+03, atom= 1744
Step=  720, Dmax= 7.9e-03 nm, Epot= -5.35746e+05 Fmax= 6.13669e+03, atom= 1744
Step=  721, Dmax= 9.5e-03 nm, Epot= -5.35751e+05 Fmax= 8.56401e+03, atom= 1744
Step=  722, Dmax= 1.1e-02 nm, Epot= -5.35767e+05 Fmax= 8.96706e+03, atom= 1744
Step=  723, Dmax= 1.4e-02 nm, Epot= -5.35756e+05 Fmax= 1.21697e+04, atom= 1744
Step=  724, Dmax= 6.9e-03 nm, Epot= -5.35818e+05 Fmax= 1.60110e+03, atom= 1744
Step=  725, Dmax= 8.2e-03 nm, Epot= -5.35836e+05 Fmax= 1.09378e+04, atom= 1744
Step=  726, Dmax= 9.9e-03 nm, Epot= -5.35900e+05 Fmax= 4.29448e+03, atom= 1744
Step=  727, Dmax= 1.2e-02 nm, Epot= -5.35854e+05 Fmax= 1.38514e+04, atom= 1744
Step=  728, Dmax= 5.9e-03 nm, Epot= -5.35918e+05 Fmax= 4.78391e+03, atom= 1744
Step=  729, Dmax= 7.1e-03 nm, Epot= -5.35932e+05 Fmax= 6.19779e+03, atom= 1744
Step=  730, Dmax= 8.5e-03 nm, Epot= -5.35948e+05 Fmax= 6.88769e+03, atom= 1744
Step=  731, Dmax= 1.0e-02 nm, Epot= -5.35954e+05 Fmax= 8.90504e+03, atom= 1744
Step=  732, Dmax= 1.2e-02 nm, Epot= -5.35965e+05 Fmax= 9.94111e+03, atom= 1744
Step=  733, Dmax= 1.5e-02 nm, Epot= -5.35954e+05 Fmax= 1.27674e+04, atom= 1744
Step=  734, Dmax= 7.4e-03 nm, Epot= -5.36024e+05 Fmax= 1.41433e+03, atom= 1744
Step=  735, Dmax= 8.8e-03 nm, Epot= -5.36044e+05 Fmax= 1.20673e+04, atom= 1744
Step=  736, Dmax= 1.1e-02 nm, Epot= -5.36120e+05 Fmax= 4.30858e+03, atom= 1744
Step=  737, Dmax= 1.3e-02 nm, Epot= -5.36056e+05 Fmax= 1.51998e+04, atom= 1744
Step=  738, Dmax= 6.4e-03 nm, Epot= -5.36136e+05 Fmax= 5.45342e+03, atom= 1744
Step=  739, Dmax= 7.6e-03 nm, Epot= -5.36152e+05 Fmax= 6.34386e+03, atom= 1744
Step=  740, Dmax= 9.2e-03 nm, Epot= -5.36162e+05 Fmax= 7.72541e+03, atom= 1744
Step=  741, Dmax= 1.1e-02 nm, Epot= -5.36170e+05 Fmax= 9.24199e+03, atom= 1744
Step=  742, Dmax= 1.3e-02 nm, Epot= -5.36173e+05 Fmax= 1.10176e+04, atom= 1744
Step=  743, Dmax= 1.6e-02 nm, Epot= -5.36165e+05 Fmax= 1.33798e+04, atom= 1744
Step=  744, Dmax= 7.9e-03 nm, Epot= -5.36243e+05 Fmax= 1.18460e+03, atom= 1744
Step=  745, Dmax= 9.5e-03 nm, Epot= -5.36271e+05 Fmax= 1.33076e+04, atom= 1744
Step=  746, Dmax= 1.1e-02 nm, Epot= -5.36362e+05 Fmax= 4.30480e+03, atom= 1744
Step=  747, Dmax= 1.4e-02 nm, Epot= -5.36278e+05 Fmax= 1.66637e+04, atom= 1744
Step=  748, Dmax= 6.8e-03 nm, Epot= -5.36375e+05 Fmax= 6.19201e+03, atom= 1744
Step=  749, Dmax= 8.2e-03 nm, Epot= -5.36393e+05 Fmax= 6.48422e+03, atom= 1744
Step=  750, Dmax= 9.9e-03 nm, Epot= -5.36397e+05 Fmax= 8.64283e+03, atom= 1744
Step=  751, Dmax= 1.2e-02 nm, Epot= -5.36408e+05 Fmax= 9.58813e+03, atom= 1744
Step=  752, Dmax= 1.4e-02 nm, Epot= -5.36400e+05 Fmax= 1.21903e+04, atom= 1744
Step=  753, Dmax= 7.1e-03 nm, Epot= -5.36463e+05 Fmax= 1.31257e+03, atom= 1744
Step=  754, Dmax= 8.5e-03 nm, Epot= -5.36486e+05 Fmax= 1.19329e+04, atom= 1744
Step=  755, Dmax= 1.0e-02 nm, Epot= -5.36561e+05 Fmax= 3.77991e+03, atom= 1744
Step=  756, Dmax= 1.2e-02 nm, Epot= -5.36499e+05 Fmax= 1.51664e+04, atom= 1744
Step=  757, Dmax= 6.1e-03 nm, Epot= -5.36575e+05 Fmax= 5.69329e+03, atom= 1744
Step=  758, Dmax= 7.4e-03 nm, Epot= -5.36594e+05 Fmax= 5.60314e+03, atom= 1744
Step=  759, Dmax= 8.8e-03 nm, Epot= -5.36599e+05 Fmax= 8.01839e+03, atom= 1744
Step=  760, Dmax= 1.1e-02 nm, Epot= -5.36616e+05 Fmax= 8.25030e+03, atom= 1744
Step=  761, Dmax= 1.3e-02 nm, Epot= -5.36607e+05 Fmax= 1.13399e+04, atom= 1744
Step=  762, Dmax= 6.4e-03 nm, Epot= -5.36659e+05 Fmax= 1.54419e+03, atom= 1744
Step=  763, Dmax= 7.6e-03 nm, Epot= -5.36678e+05 Fmax= 1.01227e+04, atom= 1744
Step=  764, Dmax= 9.2e-03 nm, Epot= -5.36734e+05 Fmax= 3.99302e+03, atom= 1744
Step=  765, Dmax= 1.1e-02 nm, Epot= -5.36697e+05 Fmax= 1.28548e+04, atom= 1744
Step=  766, Dmax= 5.5e-03 nm, Epot= -5.36751e+05 Fmax= 4.43573e+03, atom= 1744
Step=  767, Dmax= 6.6e-03 nm, Epot= -5.36765e+05 Fmax= 5.73606e+03, atom= 1744
Step=  768, Dmax= 7.9e-03 nm, Epot= -5.36780e+05 Fmax= 6.40839e+03, atom= 1744
Step=  769, Dmax= 9.5e-03 nm, Epot= -5.36787e+05 Fmax= 8.22498e+03, atom= 1744
Step=  770, Dmax= 1.1e-02 nm, Epot= -5.36797e+05 Fmax= 9.26269e+03, atom= 1744
Step=  771, Dmax= 1.4e-02 nm, Epot= -5.36791e+05 Fmax= 1.17861e+04, atom= 1744
Step=  772, Dmax= 6.8e-03 nm, Epot= -5.36850e+05 Fmax= 1.26242e+03, atom= 1744
Step=  773, Dmax= 8.2e-03 nm, Epot= -5.36876e+05 Fmax= 1.12780e+04, atom= 1744
Step=  774, Dmax= 9.8e-03 nm, Epot= -5.36944e+05 Fmax= 3.89950e+03, atom= 1744
Step=  775, Dmax= 1.2e-02 nm, Epot= -5.36891e+05 Fmax= 1.42111e+04, atom= 1744
Step=  776, Dmax= 5.9e-03 nm, Epot= -5.36959e+05 Fmax= 5.16268e+03, atom= 1744
Step=  777, Dmax= 7.1e-03 nm, Epot= -5.36974e+05 Fmax= 5.76639e+03, atom= 1744
Step=  778, Dmax= 8.5e-03 nm, Epot= -5.36984e+05 Fmax= 7.29001e+03, atom= 1744
Step=  779, Dmax= 1.0e-02 nm, Epot= -5.36995e+05 Fmax= 8.43360e+03, atom= 1744
Step=  780, Dmax= 1.2e-02 nm, Epot= -5.36996e+05 Fmax= 1.03653e+04, atom= 1744
Step=  781, Dmax= 1.5e-02 nm, Epot= -5.36994e+05 Fmax= 1.22514e+04, atom= 1744
Step=  782, Dmax= 7.3e-03 nm, Epot= -5.37059e+05 Fmax= 9.45758e+02, atom= 1744

writing lowest energy coordinates.

Steepest Descents converged to Fmax < 1000 in 783 steps
Potential Energy  = -5.3705900e+05
Maximum force     =  9.4575781e+02 on atom 1744
Norm of force     =  1.9293542e+01

GROMACS reminds you: "Science and everyday life cannot and should not be separated." (Rosalind Franklin)

