
--- stderr ---
                :-) GROMACS - gmx mdrun, 2024.5-conda_forge (-:

Executable:   /usr/local/Caskroom/miniforge/base/envs/gromacs_env/bin.AVX2_256/gmx
Data prefix:  /usr/local/Caskroom/miniforge/base/envs/gromacs_env
Working dir:  /Users/laetitiaguerin/Library/CloudStorage/OneDrive-Personal/Documents/BSc_Nanobiology/Year_5/BEP/Energy_minimization/tleap_runs/O52681_V128M
Command line:
  gmx mdrun -v -deffnm O52681_V128M_minim

The current CPU can measure timings more accurately than the code in
gmx mdrun was configured to use. This might affect your simulation
speed as accurate timings are needed for load-balancing.
Please consider rebuilding gmx mdrun with the GMX_USE_RDTSCP=ON CMake option.
Reading file O52681_V128M_minim.tpr, VERSION 2024.5-conda_forge (single precision)

Using 1 MPI thread
Using 8 OpenMP threads 


Steepest Descents:
   Tolerance (Fmax)   =  1.00000e+03
   Number of steps    =        50000
Step=    0, Dmax= 1.0e-02 nm, Epot= -4.23458e+05 Fmax= 6.58195e+05, atom= 2010
Step=    1, Dmax= 1.0e-02 nm, Epot= -4.34764e+05 Fmax= 1.34642e+05, atom= 2008
Step=    2, Dmax= 1.2e-02 nm, Epot= -4.37738e+05 Fmax= 2.87850e+04, atom= 2010
Step=    3, Dmax= 1.4e-02 nm, Epot= -4.40124e+05 Fmax= 5.83801e+03, atom= 1928
Step=    4, Dmax= 1.7e-02 nm, Epot= -4.48553e+05 Fmax= 2.78177e+03, atom= 1928
Step=    5, Dmax= 2.1e-02 nm, Epot= -4.58472e+05 Fmax= 1.52856e+04, atom= 1928
Step=    6, Dmax= 2.5e-02 nm, Epot= -4.61794e+05 Fmax= 1.17124e+04, atom= 1685
Step=    7, Dmax= 3.0e-02 nm, Epot= -4.51975e+05 Fmax= 2.91039e+04, atom= 1334
Step=    8, Dmax= 1.5e-02 nm, Epot= -4.64941e+05 Fmax= 9.68013e+03, atom= 1334
Step=    9, Dmax= 1.8e-02 nm, Epot= -4.65086e+05 Fmax= 1.78477e+04, atom= 1334
Step=   10, Dmax= 2.1e-02 nm, Epot= -4.67842e+05 Fmax= 1.48967e+04, atom= 1334
Step=   11, Dmax= 2.6e-02 nm, Epot= -4.67725e+05 Fmax= 2.46163e+04, atom= 1334
Step=   12, Dmax= 1.3e-02 nm, Epot= -4.69977e+05 Fmax= 4.85637e+03, atom= 1334
Step=   13, Dmax= 1.5e-02 nm, Epot= -4.71604e+05 Fmax= 1.86183e+04, atom= 1334
Step=   14, Dmax= 1.9e-02 nm, Epot= -4.73268e+05 Fmax= 9.85411e+03, atom= 1334
Step=   15, Dmax= 2.2e-02 nm, Epot= -4.73598e+05 Fmax= 2.40345e+04, atom= 1334
Step=   16, Dmax= 2.7e-02 nm, Epot= -4.75221e+05 Fmax= 1.68198e+04, atom= 1334
Step=   17, Dmax= 3.2e-02 nm, Epot= -4.74584e+05 Fmax= 3.18558e+04, atom= 1334
Step=   18, Dmax= 1.6e-02 nm, Epot= -4.76442e+05 Fmax= 7.56778e+03, atom= 1334
Step=   19, Dmax= 1.9e-02 nm, Epot= -4.76998e+05 Fmax= 2.20140e+04, atom= 1334
Step=   20, Dmax= 2.3e-02 nm, Epot= -4.78383e+05 Fmax= 1.31657e+04, atom= 1334
Step=   21, Dmax= 2.8e-02 nm, Epot= -4.77951e+05 Fmax= 2.92280e+04, atom= 1334
Step=   22, Dmax= 1.4e-02 nm, Epot= -4.79251e+05 Fmax= 8.05263e+03, atom= 1334
Step=   23, Dmax= 1.7e-02 nm, Epot= -4.79834e+05 Fmax= 1.72142e+04, atom= 1334
Step=   24, Dmax= 2.0e-02 nm, Epot= -4.80726e+05 Fmax= 1.33297e+04, atom= 1334
Step=   25, Dmax= 2.4e-02 nm, Epot= -4.80799e+05 Fmax= 2.30779e+04, atom= 1334
Step=   26, Dmax= 2.9e-02 nm, Epot= -4.81641e+05 Fmax= 2.07451e+04, atom= 1334
Step=   27, Dmax= 3.5e-02 nm, Epot= -4.81085e+05 Fmax= 3.14834e+04, atom= 1334
Step=   28, Dmax= 1.7e-02 nm, Epot= -4.82954e+05 Fmax= 5.45135e+03, atom= 1334
Step=   29, Dmax= 2.1e-02 nm, Epot= -4.83131e+05 Fmax= 2.64195e+04, atom= 1334
Step=   30, Dmax= 2.5e-02 nm, Epot= -4.84813e+05 Fmax= 1.14511e+04, atom= 1334
Step=   31, Dmax= 3.0e-02 nm, Epot= -4.83532e+05 Fmax= 3.41227e+04, atom= 1334
Step=   32, Dmax= 1.5e-02 nm, Epot= -4.85351e+05 Fmax= 1.13546e+04, atom= 1334
Step=   33, Dmax= 1.8e-02 nm, Epot= -4.85692e+05 Fmax= 1.58389e+04, atom= 1334
Step=   34, Dmax= 2.1e-02 nm, Epot= -4.86130e+05 Fmax= 1.69576e+04, atom= 1334
Step=   35, Dmax= 2.6e-02 nm, Epot= -4.86226e+05 Fmax= 2.21627e+04, atom= 1334
Step=   36, Dmax= 3.1e-02 nm, Epot= -4.86437e+05 Fmax= 2.48607e+04, atom= 1334
Step=   37, Dmax= 3.7e-02 nm, Epot= -4.86114e+05 Fmax= 3.11807e+04, atom= 1334
Step=   38, Dmax= 1.9e-02 nm, Epot= -4.88060e+05 Fmax= 3.30887e+03, atom= 1334
Step=   39, Dmax= 2.2e-02 nm, Epot= -4.88168e+05 Fmax= 3.10770e+04, atom= 1334
Step=   40, Dmax= 2.7e-02 nm, Epot= -4.90363e+05 Fmax= 9.85582e+03, atom= 1334
Step=   41, Dmax= 3.2e-02 nm, Epot= -4.88196e+05 Fmax= 3.91012e+04, atom= 1334
Step=   42, Dmax= 1.6e-02 nm, Epot= -4.90587e+05 Fmax= 1.47003e+04, atom= 1334
Step=   43, Dmax= 1.9e-02 nm, Epot= -4.90964e+05 Fmax= 1.45916e+04, atom= 1334
Step=   44, Dmax= 2.3e-02 nm, Epot= -4.90950e+05 Fmax= 2.06527e+04, atom= 1334
Step=   45, Dmax= 1.2e-02 nm, Epot= -4.91627e+05 Fmax= 3.05505e+03, atom= 1334
Step=   46, Dmax= 1.4e-02 nm, Epot= -4.92195e+05 Fmax= 1.79252e+04, atom= 1334
Step=   47, Dmax= 1.7e-02 nm, Epot= -4.92994e+05 Fmax= 7.52327e+03, atom= 1334
Step=   48, Dmax= 2.0e-02 nm, Epot= -4.92687e+05 Fmax= 2.28038e+04, atom= 1334
Step=   49, Dmax= 1.0e-02 nm, Epot= -4.93322e+05 Fmax= 7.64621e+03, atom= 1334
Step=   50, Dmax= 1.2e-02 nm, Epot= -4.93592e+05 Fmax= 1.07058e+04, atom= 1334
Step=   51, Dmax= 1.4e-02 nm, Epot= -4.93892e+05 Fmax= 1.11573e+04, atom= 1334
Step=   52, Dmax= 1.7e-02 nm, Epot= -4.94039e+05 Fmax= 1.52136e+04, atom= 1334
Step=   53, Dmax= 2.1e-02 nm, Epot= -4.94280e+05 Fmax= 1.62419e+04, atom= 1334
Step=   54, Dmax= 2.5e-02 nm, Epot= -4.94208e+05 Fmax= 2.16067e+04, atom= 1334
Step=   55, Dmax= 1.2e-02 nm, Epot= -4.94981e+05 Fmax= 2.72266e+03, atom= 1334
Step=   56, Dmax= 1.5e-02 nm, Epot= -4.95402e+05 Fmax= 1.97667e+04, atom= 1334
Step=   57, Dmax= 1.8e-02 nm, Epot= -4.96266e+05 Fmax= 7.60070e+03, atom= 1334
Step=   58, Dmax= 2.1e-02 nm, Epot= -4.95698e+05 Fmax= 2.49831e+04, atom= 1334
Step=   59, Dmax= 1.1e-02 nm, Epot= -4.96516e+05 Fmax= 8.70281e+03, atom= 1334
Step=   60, Dmax= 1.3e-02 nm, Epot= -4.96722e+05 Fmax= 1.10166e+04, atom= 1334
Step=   61, Dmax= 1.5e-02 nm, Epot= -4.96926e+05 Fmax= 1.24760e+04, atom= 1334
Step=   62, Dmax= 1.9e-02 nm, Epot= -4.97024e+05 Fmax= 1.58528e+04, atom= 1334
Step=   63, Dmax= 2.2e-02 nm, Epot= -4.97141e+05 Fmax= 1.79378e+04, atom= 1334
Step=   64, Dmax= 2.7e-02 nm, Epot= -4.97029e+05 Fmax= 2.27034e+04, atom= 1334
Step=   65, Dmax= 1.3e-02 nm, Epot= -4.97912e+05 Fmax= 2.43783e+03, atom= 1334
Step=   66, Dmax= 1.6e-02 nm, Epot= -4.98176e+05 Fmax= 2.16869e+04, atom= 1334
Step=   67, Dmax= 1.9e-02 nm, Epot= -4.99142e+05 Fmax= 7.74913e+03, atom= 1334
Step=   68, Dmax= 2.3e-02 nm, Epot= -4.98291e+05 Fmax= 2.72648e+04, atom= 1334
Step=   69, Dmax= 1.2e-02 nm, Epot= -4.99320e+05 Fmax= 9.77986e+03, atom= 1334
Step=   70, Dmax= 1.4e-02 nm, Epot= -4.99488e+05 Fmax= 1.14071e+04, atom= 1334
Step=   71, Dmax= 1.7e-02 nm, Epot= -4.99600e+05 Fmax= 1.38403e+04, atom= 1334
Step=   72, Dmax= 2.0e-02 nm, Epot= -4.99669e+05 Fmax= 1.65889e+04, atom= 1334
Step=   73, Dmax= 2.4e-02 nm, Epot= -4.99664e+05 Fmax= 1.97100e+04, atom= 1334
Step=   74, Dmax= 1.2e-02 nm, Epot= -5.00315e+05 Fmax= 1.60547e+03, atom= 1334
Step=   75, Dmax= 1.4e-02 nm, Epot= -5.00849e+05 Fmax= 2.07329e+04, atom= 1334
Step=   76, Dmax= 1.7e-02 nm, Epot= -5.01741e+05 Fmax= 5.60873e+03, atom= 1334
Step=   77, Dmax= 2.1e-02 nm, Epot= -5.01017e+05 Fmax= 2.60310e+04, atom= 1334
Step=   78, Dmax= 1.0e-02 nm, Epot= -5.01860e+05 Fmax= 1.02502e+04, atom= 1334
Step=   79, Dmax= 1.2e-02 nm, Epot= -5.02083e+05 Fmax= 8.62366e+03, atom= 1334
Step=   80, Dmax= 1.5e-02 nm, Epot= -5.02081e+05 Fmax= 1.41481e+04, atom= 1334
Step=   81, Dmax= 7.4e-03 nm, Epot= -5.02330e+05 Fmax= 2.76875e+03, atom= 1334
Step=   82, Dmax= 8.9e-03 nm, Epot= -5.02558e+05 Fmax= 1.07226e+04, atom= 1334
Step=   83, Dmax= 1.1e-02 nm, Epot= -5.02848e+05 Fmax= 5.67395e+03, atom= 1334
Step=   84, Dmax= 1.3e-02 nm, Epot= -5.02837e+05 Fmax= 1.38433e+04, atom= 1334
Step=   85, Dmax= 6.4e-03 nm, Epot= -5.03024e+05 Fmax= 4.08716e+03, atom= 1334
Step=   86, Dmax= 7.7e-03 nm, Epot= -5.03185e+05 Fmax= 7.76919e+03, atom= 1334
Step=   87, Dmax= 9.2e-03 nm, Epot= -5.03373e+05 Fmax= 6.30504e+03, atom= 1334
Step=   88, Dmax= 1.1e-02 nm, Epot= -5.03452e+05 Fmax= 1.07222e+04, atom= 1334
Step=   89, Dmax= 1.3e-02 nm, Epot= -5.03648e+05 Fmax= 9.55152e+03, atom= 1334
Step=   90, Dmax= 1.6e-02 nm, Epot= -5.03604e+05 Fmax= 1.49060e+04, atom= 1334
Step=   91, Dmax= 8.0e-03 nm, Epot= -5.03911e+05 Fmax= 2.68568e+03, atom= 1334
Step=   92, Dmax= 9.6e-03 nm, Epot= -5.04088e+05 Fmax= 1.18019e+04, atom= 1334
Step=   93, Dmax= 1.1e-02 nm, Epot= -5.04405e+05 Fmax= 5.81766e+03, atom= 1334
Step=   94, Dmax= 1.4e-02 nm, Epot= -5.04303e+05 Fmax= 1.51573e+04, atom= 1334
Step=   95, Dmax= 6.9e-03 nm, Epot= -5.04565e+05 Fmax= 4.67231e+03, atom= 1334
Step=   96, Dmax= 8.3e-03 nm, Epot= -5.04688e+05 Fmax= 8.06047e+03, atom= 1334
Step=   97, Dmax= 9.9e-03 nm, Epot= -5.04855e+05 Fmax= 7.06598e+03, atom= 1334
Step=   98, Dmax= 1.2e-02 nm, Epot= -5.04900e+05 Fmax= 1.12242e+04, atom= 1334
Step=   99, Dmax= 1.4e-02 nm, Epot= -5.05066e+05 Fmax= 1.05632e+04, atom= 1334
Step=  100, Dmax= 1.7e-02 nm, Epot= -5.04985e+05 Fmax= 1.57084e+04, atom= 1334
Step=  101, Dmax= 8.6e-03 nm, Epot= -5.05360e+05 Fmax= 2.58323e+03, atom= 1334
Step=  102, Dmax= 1.0e-02 nm, Epot= -5.05477e+05 Fmax= 1.29817e+04, atom= 1334
Step=  103, Dmax= 1.2e-02 nm, Epot= -5.05838e+05 Fmax= 5.95234e+03, atom= 1334
Step=  104, Dmax= 1.5e-02 nm, Epot= -5.05626e+05 Fmax= 1.65929e+04, atom= 1334
Step=  105, Dmax= 7.4e-03 nm, Epot= -5.05982e+05 Fmax= 5.32314e+03, atom= 1334
Step=  106, Dmax= 8.9e-03 nm, Epot= -5.06076e+05 Fmax= 8.35041e+03, atom= 1334
Step=  107, Dmax= 1.1e-02 nm, Epot= -5.06219e+05 Fmax= 7.90797e+03, atom= 1334
Step=  108, Dmax= 1.3e-02 nm, Epot= -5.06237e+05 Fmax= 1.17379e+04, atom= 1334
Step=  109, Dmax= 1.5e-02 nm, Epot= -5.06367e+05 Fmax= 1.16762e+04, atom= 1334
Step=  110, Dmax= 1.8e-02 nm, Epot= -5.06251e+05 Fmax= 1.65421e+04, atom= 1334
Step=  111, Dmax= 9.2e-03 nm, Epot= -5.06707e+05 Fmax= 2.44712e+03, atom= 1334
Step=  112, Dmax= 1.1e-02 nm, Epot= -5.06752e+05 Fmax= 1.45700e+04, atom= 1744
Step=  113, Dmax= 1.3e-02 nm, Epot= -5.07188e+05 Fmax= 5.85433e+03, atom= 1744
Step=  114, Dmax= 1.6e-02 nm, Epot= -5.06863e+05 Fmax= 1.85940e+04, atom= 1744
Step=  115, Dmax= 8.0e-03 nm, Epot= -5.07307e+05 Fmax= 6.38004e+03, atom= 1744
Step=  116, Dmax= 9.6e-03 nm, Epot= -5.07397e+05 Fmax= 8.31152e+03, atom= 1744
Step=  117, Dmax= 1.1e-02 nm, Epot= -5.07496e+05 Fmax= 9.29624e+03, atom= 1744
Step=  118, Dmax= 1.4e-02 nm, Epot= -5.07538e+05 Fmax= 1.18556e+04, atom= 1744
Step=  119, Dmax= 1.7e-02 nm, Epot= -5.07595e+05 Fmax= 1.34698e+04, atom= 1744
Step=  120, Dmax= 2.0e-02 nm, Epot= -5.07547e+05 Fmax= 1.69537e+04, atom= 1744
Step=  121, Dmax= 9.9e-03 nm, Epot= -5.07980e+05 Fmax= 1.75061e+03, atom= 1744
Step=  122, Dmax= 1.2e-02 nm, Epot= -5.08142e+05 Fmax= 1.65862e+04, atom= 1744
Step=  123, Dmax= 1.4e-02 nm, Epot= -5.08623e+05 Fmax= 5.41839e+03, atom= 1744
Step=  124, Dmax= 1.7e-02 nm, Epot= -5.08257e+05 Fmax= 2.08419e+04, atom= 1744
Step=  125, Dmax= 8.6e-03 nm, Epot= -5.08712e+05 Fmax= 7.73056e+03, atom= 1744
Step=  126, Dmax= 1.0e-02 nm, Epot= -5.08818e+05 Fmax= 8.08288e+03, atom= 1744
Step=  127, Dmax= 1.2e-02 nm, Epot= -5.08868e+05 Fmax= 1.08439e+04, atom= 1744
Step=  128, Dmax= 1.5e-02 nm, Epot= -5.08949e+05 Fmax= 1.19102e+04, atom= 1744
Step=  129, Dmax= 1.8e-02 nm, Epot= -5.08935e+05 Fmax= 1.53098e+04, atom= 1744
Step=  130, Dmax= 8.9e-03 nm, Epot= -5.09219e+05 Fmax= 1.71960e+03, atom= 1744
Step=  131, Dmax= 1.1e-02 nm, Epot= -5.09426e+05 Fmax= 1.47037e+04, atom= 1744
Step=  132, Dmax= 1.3e-02 nm, Epot= -5.09768e+05 Fmax= 4.94353e+03, atom= 1744
Step=  133, Dmax= 1.5e-02 nm, Epot= -5.09568e+05 Fmax= 1.86947e+04, atom= 1744
Step=  134, Dmax= 7.7e-03 nm, Epot= -5.09860e+05 Fmax= 6.87584e+03, atom= 1744
Step=  135, Dmax= 9.2e-03 nm, Epot= -5.09958e+05 Fmax= 7.26043e+03, atom= 1744
Step=  136, Dmax= 1.1e-02 nm, Epot= -5.10022e+05 Fmax= 9.74741e+03, atom= 1744
Step=  137, Dmax= 1.3e-02 nm, Epot= -5.10105e+05 Fmax= 1.05971e+04, atom= 1744
Step=  138, Dmax= 1.6e-02 nm, Epot= -5.10118e+05 Fmax= 1.38696e+04, atom= 1744
Step=  139, Dmax= 1.9e-02 nm, Epot= -5.10166e+05 Fmax= 1.53824e+04, atom= 1744
Step=  140, Dmax= 2.3e-02 nm, Epot= -5.10083e+05 Fmax= 1.97818e+04, atom= 1744
Step=  141, Dmax= 1.1e-02 nm, Epot= -5.10523e+05 Fmax= 2.21373e+03, atom= 1744
Step=  142, Dmax= 1.4e-02 nm, Epot= -5.10556e+05 Fmax= 1.89466e+04, atom= 1744
Step=  143, Dmax= 1.7e-02 nm, Epot= -5.11007e+05 Fmax= 6.50244e+03, atom= 1744
Step=  144, Dmax= 2.0e-02 nm, Epot= -5.10612e+05 Fmax= 2.38243e+04, atom= 1744
Step=  145, Dmax= 9.9e-03 nm, Epot= -5.11079e+05 Fmax= 8.68593e+03, atom= 1744
Step=  146, Dmax= 1.2e-02 nm, Epot= -5.11160e+05 Fmax= 9.60037e+03, atom= 1744
Step=  147, Dmax= 1.4e-02 nm, Epot= -5.11199e+05 Fmax= 1.22610e+04, atom= 1744
Step=  148, Dmax= 1.7e-02 nm, Epot= -5.11248e+05 Fmax= 1.40418e+04, atom= 1744
Step=  149, Dmax= 2.1e-02 nm, Epot= -5.11232e+05 Fmax= 1.73876e+04, atom= 1744
Step=  150, Dmax= 1.0e-02 nm, Epot= -5.11518e+05 Fmax= 1.70448e+03, atom= 1744
Step=  151, Dmax= 1.2e-02 nm, Epot= -5.11704e+05 Fmax= 1.73193e+04, atom= 1744
Step=  152, Dmax= 1.5e-02 nm, Epot= -5.12050e+05 Fmax= 5.39809e+03, atom= 1744
Step=  153, Dmax= 1.8e-02 nm, Epot= -5.11802e+05 Fmax= 2.19467e+04, atom= 1744
Step=  154, Dmax= 8.9e-03 nm, Epot= -5.12120e+05 Fmax= 8.28057e+03, atom= 1744
Step=  155, Dmax= 1.1e-02 nm, Epot= -5.12209e+05 Fmax= 8.05266e+03, atom= 1744
Step=  156, Dmax= 1.3e-02 nm, Epot= -5.12245e+05 Fmax= 1.16146e+04, atom= 1744
Step=  157, Dmax= 1.5e-02 nm, Epot= -5.12325e+05 Fmax= 1.18858e+04, atom= 1744
Step=  158, Dmax= 1.8e-02 nm, Epot= -5.12302e+05 Fmax= 1.63908e+04, atom= 1744
Step=  159, Dmax= 9.2e-03 nm, Epot= -5.12513e+05 Fmax= 2.25542e+03, atom= 1744
Step=  160, Dmax= 1.1e-02 nm, Epot= -5.12628e+05 Fmax= 1.46754e+04, atom= 1744
Step=  161, Dmax= 1.3e-02 nm, Epot= -5.12862e+05 Fmax= 5.73395e+03, atom= 1744
Step=  162, Dmax= 1.6e-02 nm, Epot= -5.12744e+05 Fmax= 1.86178e+04, atom= 1744
Step=  163, Dmax= 7.9e-03 nm, Epot= -5.12942e+05 Fmax= 6.45297e+03, atom= 1744
Step=  164, Dmax= 9.5e-03 nm, Epot= -5.13011e+05 Fmax= 8.23775e+03, atom= 1744
Step=  165, Dmax= 1.1e-02 nm, Epot= -5.13081e+05 Fmax= 9.31088e+03, atom= 1744
Step=  166, Dmax= 1.4e-02 nm, Epot= -5.13126e+05 Fmax= 1.18260e+04, atom= 1744
Step=  167, Dmax= 1.6e-02 nm, Epot= -5.13176e+05 Fmax= 1.34238e+04, atom= 1744
Step=  168, Dmax= 2.0e-02 nm, Epot= -5.13172e+05 Fmax= 1.69651e+04, atom= 1744
Step=  169, Dmax= 9.9e-03 nm, Epot= -5.13381e+05 Fmax= 1.77882e+03, atom= 1744
Step=  170, Dmax= 1.2e-02 nm, Epot= -5.13559e+05 Fmax= 1.64078e+04, atom= 1744
Step=  171, Dmax= 1.4e-02 nm, Epot= -5.13816e+05 Fmax= 5.56276e+03, atom= 1744
Step=  172, Dmax= 1.7e-02 nm, Epot= -5.13670e+05 Fmax= 2.05899e+04, atom= 1744
Step=  173, Dmax= 8.5e-03 nm, Epot= -5.13885e+05 Fmax= 7.53161e+03, atom= 1744
Step=  174, Dmax= 1.0e-02 nm, Epot= -5.13956e+05 Fmax= 8.26794e+03, atom= 1744
Step=  175, Dmax= 1.2e-02 nm, Epot= -5.14007e+05 Fmax= 1.05916e+04, atom= 1744
Step=  176, Dmax= 1.5e-02 nm, Epot= -5.14062e+05 Fmax= 1.21323e+04, atom= 1744
Step=  177, Dmax= 1.8e-02 nm, Epot= -5.14083e+05 Fmax= 1.50009e+04, atom= 1744
Step=  178, Dmax= 2.1e-02 nm, Epot= -5.14097e+05 Fmax= 1.76587e+04, atom= 1744
Step=  179, Dmax= 2.6e-02 nm, Epot= -5.14064e+05 Fmax= 2.13119e+04, atom= 1744
Step=  180, Dmax= 1.3e-02 nm, Epot= -5.14384e+05 Fmax= 1.88972e+03, atom= 1744
Step=  181, Dmax= 1.5e-02 nm, Epot= -5.14484e+05 Fmax= 2.17486e+04, atom= 1744
Step=  182, Dmax= 1.8e-02 nm, Epot= -5.14860e+05 Fmax= 6.49858e+03, atom= 1744
Step=  183, Dmax= 2.2e-02 nm, Epot= -5.14510e+05 Fmax= 2.74708e+04, atom= 1744
Step=  184, Dmax= 1.1e-02 nm, Epot= -5.14903e+05 Fmax= 1.05107e+04, atom= 1744
Step=  185, Dmax= 1.3e-02 nm, Epot= -5.14983e+05 Fmax= 9.77382e+03, atom= 1744
Step=  186, Dmax= 1.6e-02 nm, Epot= -5.14983e+05 Fmax= 1.46561e+04, atom= 1744
Step=  187, Dmax= 1.9e-02 nm, Epot= -5.15056e+05 Fmax= 1.45092e+04, atom= 1744
Step=  188, Dmax= 2.3e-02 nm, Epot= -5.14985e+05 Fmax= 2.05839e+04, atom= 1744
Step=  189, Dmax= 1.1e-02 nm, Epot= -5.15249e+05 Fmax= 3.04666e+03, atom= 1744
Step=  190, Dmax= 1.4e-02 nm, Epot= -5.15262e+05 Fmax= 1.79880e+04, atom= 1744
Step=  191, Dmax= 1.6e-02 nm, Epot= -5.15506e+05 Fmax= 7.36235e+03, atom= 1744
Step=  192, Dmax= 2.0e-02 nm, Epot= -5.15313e+05 Fmax= 2.28668e+04, atom= 1744
Step=  193, Dmax= 9.9e-03 nm, Epot= -5.15572e+05 Fmax= 7.77038e+03, atom= 1744
Step=  194, Dmax= 1.2e-02 nm, Epot= -5.15618e+05 Fmax= 1.04708e+04, atom= 1744
Step=  195, Dmax= 1.4e-02 nm, Epot= -5.15676e+05 Fmax= 1.13145e+04, atom= 1744
Step=  196, Dmax= 1.7e-02 nm, Epot= -5.15689e+05 Fmax= 1.49245e+04, atom= 1744
Step=  197, Dmax= 2.0e-02 nm, Epot= -5.15726e+05 Fmax= 1.64014e+04, atom= 1744
Step=  198, Dmax= 2.5e-02 nm, Epot= -5.15676e+05 Fmax= 2.12939e+04, atom= 1744
Step=  199, Dmax= 1.2e-02 nm, Epot= -5.15949e+05 Fmax= 2.46509e+03, atom= 1744
Step=  200, Dmax= 1.5e-02 nm, Epot= -5.15982e+05 Fmax= 2.01466e+04, atom= 1744
Step=  201, Dmax= 1.8e-02 nm, Epot= -5.16269e+05 Fmax= 7.14514e+03, atom= 1744
Step=  202, Dmax= 2.1e-02 nm, Epot= -5.16020e+05 Fmax= 2.53229e+04, atom= 1744
Step=  203, Dmax= 1.1e-02 nm, Epot= -5.16321e+05 Fmax= 9.11737e+03, atom= 1744
Step=  204, Dmax= 1.3e-02 nm, Epot= -5.16373e+05 Fmax= 1.04971e+04, atom= 1744
Step=  205, Dmax= 1.5e-02 nm, Epot= -5.16408e+05 Fmax= 1.29145e+04, atom= 1744
Step=  206, Dmax= 1.8e-02 nm, Epot= -5.16434e+05 Fmax= 1.52870e+04, atom= 1744
Step=  207, Dmax= 2.2e-02 nm, Epot= -5.16436e+05 Fmax= 1.83691e+04, atom= 1744
Step=  208, Dmax= 2.6e-02 nm, Epot= -5.16407e+05 Fmax= 2.21272e+04, atom= 1744
Step=  209, Dmax= 1.3e-02 nm, Epot= -5.16692e+05 Fmax= 1.91235e+03, atom= 1744
Step=  210, Dmax= 1.6e-02 nm, Epot= -5.16776e+05 Fmax= 2.23857e+04, atom= 1744
Step=  211, Dmax= 1.9e-02 nm, Epot= -5.17105e+05 Fmax= 7.03090e+03, atom= 1744
Step=  212, Dmax= 2.3e-02 nm, Epot= -5.16802e+05 Fmax= 2.78095e+04, atom= 1744
Step=  213, Dmax= 1.1e-02 nm, Epot= -5.17145e+05 Fmax= 1.04439e+04, atom= 1744
Step=  214, Dmax= 1.4e-02 nm, Epot= -5.17205e+05 Fmax= 1.06540e+04, atom= 1744
Step=  215, Dmax= 1.6e-02 nm, Epot= -5.17216e+05 Fmax= 1.45068e+04, atom= 1744
Step=  216, Dmax= 2.0e-02 nm, Epot= -5.17256e+05 Fmax= 1.58077e+04, atom= 1744
Step=  217, Dmax= 2.4e-02 nm, Epot= -5.17222e+05 Fmax= 2.03515e+04, atom= 1744
Step=  218, Dmax= 1.2e-02 nm, Epot= -5.17442e+05 Fmax= 2.31682e+03, atom= 1744
Step=  219, Dmax= 1.4e-02 nm, Epot= -5.17495e+05 Fmax= 1.96527e+04, atom= 1744
Step=  220, Dmax= 1.7e-02 nm, Epot= -5.17743e+05 Fmax= 6.49844e+03, atom= 1744
Step=  221, Dmax= 2.0e-02 nm, Epot= -5.17533e+05 Fmax= 2.50119e+04, atom= 1744
Step=  222, Dmax= 1.0e-02 nm, Epot= -5.17788e+05 Fmax= 9.26097e+03, atom= 1744
Step=  223, Dmax= 1.2e-02 nm, Epot= -5.17845e+05 Fmax= 9.53620e+03, atom= 1744
Step=  224, Dmax= 1.5e-02 nm, Epot= -5.17866e+05 Fmax= 1.31229e+04, atom= 1744
Step=  225, Dmax= 1.8e-02 nm, Epot= -5.17913e+05 Fmax= 1.39211e+04, atom= 1744
Step=  226, Dmax= 2.1e-02 nm, Epot= -5.17889e+05 Fmax= 1.86403e+04, atom= 1744
Step=  227, Dmax= 1.1e-02 nm, Epot= -5.18060e+05 Fmax= 2.36770e+03, atom= 1744
Step=  228, Dmax= 1.3e-02 nm, Epot= -5.18130e+05 Fmax= 1.71027e+04, atom= 1744
Step=  229, Dmax= 1.5e-02 nm, Epot= -5.18318e+05 Fmax= 6.42531e+03, atom= 1744
Step=  230, Dmax= 1.8e-02 nm, Epot= -5.18193e+05 Fmax= 2.15921e+04, atom= 1744
Step=  231, Dmax= 9.2e-03 nm, Epot= -5.18371e+05 Fmax= 7.60030e+03, atom= 1744
Step=  232, Dmax= 1.1e-02 nm, Epot= -5.18418e+05 Fmax= 9.33017e+03, atom= 1744
Step=  233, Dmax= 1.3e-02 nm, Epot= -5.18460e+05 Fmax= 1.08688e+04, atom= 1744
Step=  234, Dmax= 1.6e-02 nm, Epot= -5.18487e+05 Fmax= 1.34793e+04, atom= 1744
Step=  235, Dmax= 1.9e-02 nm, Epot= -5.18512e+05 Fmax= 1.55771e+04, atom= 1744
Step=  236, Dmax= 2.3e-02 nm, Epot= -5.18497e+05 Fmax= 1.94067e+04, atom= 1744
Step=  237, Dmax= 1.1e-02 nm, Epot= -5.18683e+05 Fmax= 1.93105e+03, atom= 1744
Step=  238, Dmax= 1.4e-02 nm, Epot= -5.18782e+05 Fmax= 1.89844e+04, atom= 1744
Step=  239, Dmax= 1.6e-02 nm, Epot= -5.19002e+05 Fmax= 6.34475e+03, atom= 1744
Step=  240, Dmax= 2.0e-02 nm, Epot= -5.18834e+05 Fmax= 2.37437e+04, atom= 1744
Step=  241, Dmax= 9.8e-03 nm, Epot= -5.19047e+05 Fmax= 8.72763e+03, atom= 1744
Step=  242, Dmax= 1.2e-02 nm, Epot= -5.19096e+05 Fmax= 9.47601e+03, atom= 1744
Step=  243, Dmax= 1.4e-02 nm, Epot= -5.19124e+05 Fmax= 1.22323e+04, atom= 1744
Step=  244, Dmax= 1.7e-02 nm, Epot= -5.19158e+05 Fmax= 1.39368e+04, atom= 1744
Step=  245, Dmax= 2.0e-02 nm, Epot= -5.19159e+05 Fmax= 1.72844e+04, atom= 1744
Step=  246, Dmax= 2.4e-02 nm, Epot= -5.19154e+05 Fmax= 2.03017e+04, atom= 1744
Step=  247, Dmax= 1.2e-02 nm, Epot= -5.19356e+05 Fmax= 1.53685e+03, atom= 1744
Step=  248, Dmax= 1.5e-02 nm, Epot= -5.19508e+05 Fmax= 2.09129e+04, atom= 1744
Step=  249, Dmax= 1.8e-02 nm, Epot= -5.19761e+05 Fmax= 6.38224e+03, atom= 1744
Step=  250, Dmax= 2.1e-02 nm, Epot= -5.19546e+05 Fmax= 2.58994e+04, atom= 1744
Step=  251, Dmax= 1.1e-02 nm, Epot= -5.19797e+05 Fmax= 9.81181e+03, atom= 1744
Step=  252, Dmax= 1.3e-02 nm, Epot= -5.19850e+05 Fmax= 9.76643e+03, atom= 1744
Step=  253, Dmax= 1.5e-02 nm, Epot= -5.19863e+05 Fmax= 1.35647e+04, atom= 1744
Step=  254, Dmax= 1.8e-02 nm, Epot= -5.19902e+05 Fmax= 1.45647e+04, atom= 1744
Step=  255, Dmax= 2.2e-02 nm, Epot= -5.19879e+05 Fmax= 1.89817e+04, atom= 1744
Step=  256, Dmax= 1.1e-02 nm, Epot= -5.20045e+05 Fmax= 2.24431e+03, atom= 1744
Step=  257, Dmax= 1.3e-02 nm, Epot= -5.20102e+05 Fmax= 1.81609e+04, atom= 1744
Step=  258, Dmax= 1.6e-02 nm, Epot= -5.20294e+05 Fmax= 6.08209e+03, atom= 1744
Step=  259, Dmax= 1.9e-02 nm, Epot= -5.20146e+05 Fmax= 2.31545e+04, atom= 1744
Step=  260, Dmax= 9.5e-03 nm, Epot= -5.20336e+05 Fmax= 8.53775e+03, atom= 1744
Step=  261, Dmax= 1.1e-02 nm, Epot= -5.20384e+05 Fmax= 8.88819e+03, atom= 1744
Step=  262, Dmax= 1.4e-02 nm, Epot= -5.20407e+05 Fmax= 1.21331e+04, atom= 1744
Step=  263, Dmax= 1.6e-02 nm, Epot= -5.20447e+05 Fmax= 1.29467e+04, atom= 1744
Step=  264, Dmax= 2.0e-02 nm, Epot= -5.20436e+05 Fmax= 1.72655e+04, atom= 1744
Step=  265, Dmax= 9.8e-03 nm, Epot= -5.20565e+05 Fmax= 2.16484e+03, atom= 1744
Step=  266, Dmax= 1.2e-02 nm, Epot= -5.20642e+05 Fmax= 1.58571e+04, atom= 1744
Step=  267, Dmax= 1.4e-02 nm, Epot= -5.20792e+05 Fmax= 5.96152e+03, atom= 1744
Step=  268, Dmax= 1.7e-02 nm, Epot= -5.20704e+05 Fmax= 2.00114e+04, atom= 1744
Step=  269, Dmax= 8.5e-03 nm, Epot= -5.20838e+05 Fmax= 7.03921e+03, atom= 1744
Step=  270, Dmax= 1.0e-02 nm, Epot= -5.20880e+05 Fmax= 8.66874e+03, atom= 1744
Step=  271, Dmax= 1.2e-02 nm, Epot= -5.20918e+05 Fmax= 1.00591e+04, atom= 1744
Step=  272, Dmax= 1.5e-02 nm, Epot= -5.20944e+05 Fmax= 1.25298e+04, atom= 1744
Step=  273, Dmax= 1.8e-02 nm, Epot= -5.20969e+05 Fmax= 1.44193e+04, atom= 1744
Step=  274, Dmax= 2.1e-02 nm, Epot= -5.20962e+05 Fmax= 1.80417e+04, atom= 1744
Step=  275, Dmax= 1.1e-02 nm, Epot= -5.21106e+05 Fmax= 1.82297e+03, atom= 1744
Step=  276, Dmax= 1.3e-02 nm, Epot= -5.21204e+05 Fmax= 1.75339e+04, atom= 1744
Step=  277, Dmax= 1.5e-02 nm, Epot= -5.21380e+05 Fmax= 5.94571e+03, atom= 1744
Step=  278, Dmax= 1.8e-02 nm, Epot= -5.21256e+05 Fmax= 2.19534e+04, atom= 1744
Step=  279, Dmax= 9.1e-03 nm, Epot= -5.21421e+05 Fmax= 8.02608e+03, atom= 1744
Step=  280, Dmax= 1.1e-02 nm, Epot= -5.21464e+05 Fmax= 8.85984e+03, atom= 1744
Step=  281, Dmax= 1.3e-02 nm, Epot= -5.21492e+05 Fmax= 1.12683e+04, atom= 1744
Step=  282, Dmax= 1.6e-02 nm, Epot= -5.21521e+05 Fmax= 1.30082e+04, atom= 1744
Step=  283, Dmax= 1.9e-02 nm, Epot= -5.21528e+05 Fmax= 1.59507e+04, atom= 1744
Step=  284, Dmax= 2.3e-02 nm, Epot= -5.21525e+05 Fmax= 1.89257e+04, atom= 1744
Step=  285, Dmax= 1.1e-02 nm, Epot= -5.21687e+05 Fmax= 1.50755e+03, atom= 1744
Step=  286, Dmax= 1.4e-02 nm, Epot= -5.21820e+05 Fmax= 1.92737e+04, atom= 1744
Step=  287, Dmax= 1.6e-02 nm, Epot= -5.22026e+05 Fmax= 6.01112e+03, atom= 1744
Step=  288, Dmax= 2.0e-02 nm, Epot= -5.21859e+05 Fmax= 2.39380e+04, atom= 1744
Step=  289, Dmax= 9.8e-03 nm, Epot= -5.22060e+05 Fmax= 9.00233e+03, atom= 1744
Step=  290, Dmax= 1.2e-02 nm, Epot= -5.22105e+05 Fmax= 9.15449e+03, atom= 1744
Step=  291, Dmax= 1.4e-02 nm, Epot= -5.22121e+05 Fmax= 1.24789e+04, atom= 1744
Step=  292, Dmax= 1.7e-02 nm, Epot= -5.22154e+05 Fmax= 1.36139e+04, atom= 1744
Step=  293, Dmax= 2.0e-02 nm, Epot= -5.22142e+05 Fmax= 1.75038e+04, atom= 1744
Step=  294, Dmax= 1.0e-02 nm, Epot= -5.22274e+05 Fmax= 1.97453e+03, atom= 1744
Step=  295, Dmax= 1.2e-02 nm, Epot= -5.22344e+05 Fmax= 1.69830e+04, atom= 1744
Step=  296, Dmax= 1.5e-02 nm, Epot= -5.22506e+05 Fmax= 5.49804e+03, atom= 1744
Step=  297, Dmax= 1.8e-02 nm, Epot= -5.22391e+05 Fmax= 2.16331e+04, atom= 1744
Step=  298, Dmax= 8.8e-03 nm, Epot= -5.22544e+05 Fmax= 8.06940e+03, atom= 1744
Step=  299, Dmax= 1.1e-02 nm, Epot= -5.22588e+05 Fmax= 8.08745e+03, atom= 1744
Step=  300, Dmax= 1.3e-02 nm, Epot= -5.22609e+05 Fmax= 1.14158e+04, atom= 1744
Step=  301, Dmax= 1.5e-02 nm, Epot= -5.22649e+05 Fmax= 1.18427e+04, atom= 1744
Step=  302, Dmax= 1.8e-02 nm, Epot= -5.22638e+05 Fmax= 1.61887e+04, atom= 1744
Step=  303, Dmax= 9.1e-03 nm, Epot= -5.22745e+05 Fmax= 2.17592e+03, atom= 1744
Step=  304, Dmax= 1.1e-02 nm, Epot= -5.22810e+05 Fmax= 1.45145e+04, atom= 1744
Step=  305, Dmax= 1.3e-02 nm, Epot= -5.22933e+05 Fmax= 5.71341e+03, atom= 1744
Step=  306, Dmax= 1.6e-02 nm, Epot= -5.22868e+05 Fmax= 1.83683e+04, atom= 1744
Step=  307, Dmax= 7.9e-03 nm, Epot= -5.22975e+05 Fmax= 6.33815e+03, atom= 1744
Step=  308, Dmax= 9.4e-03 nm, Epot= -5.23011e+05 Fmax= 8.23430e+03, atom= 1744
Step=  309, Dmax= 1.1e-02 nm, Epot= -5.23049e+05 Fmax= 9.12953e+03, atom= 1744
Step=  310, Dmax= 1.4e-02 nm, Epot= -5.23070e+05 Fmax= 1.18258e+04, atom= 1744
Step=  311, Dmax= 1.6e-02 nm, Epot= -5.23098e+05 Fmax= 1.31674e+04, atom= 1744
Step=  312, Dmax= 2.0e-02 nm, Epot= -5.23090e+05 Fmax= 1.69506e+04, atom= 1744
Step=  313, Dmax= 9.8e-03 nm, Epot= -5.23211e+05 Fmax= 1.89882e+03, atom= 1744
Step=  314, Dmax= 1.2e-02 nm, Epot= -5.23286e+05 Fmax= 1.60294e+04, atom= 1744
Step=  315, Dmax= 1.4e-02 nm, Epot= -5.23430e+05 Fmax= 5.72962e+03, atom= 1744
Step=  316, Dmax= 1.7e-02 nm, Epot= -5.23335e+05 Fmax= 2.01439e+04, atom= 1744
Step=  317, Dmax= 8.5e-03 nm, Epot= -5.23468e+05 Fmax= 7.22328e+03, atom= 1744
Step=  318, Dmax= 1.0e-02 nm, Epot= -5.23505e+05 Fmax= 8.43917e+03, atom= 1744
Step=  319, Dmax= 1.2e-02 nm, Epot= -5.23535e+05 Fmax= 1.02236e+04, atom= 1744
Step=  320, Dmax= 1.5e-02 nm, Epot= -5.23558e+05 Fmax= 1.22964e+04, atom= 1744
Step=  321, Dmax= 1.8e-02 nm, Epot= -5.23572e+05 Fmax= 1.45618e+04, atom= 1744
Step=  322, Dmax= 2.1e-02 nm, Epot= -5.23565e+05 Fmax= 1.77976e+04, atom= 1744
Step=  323, Dmax= 1.1e-02 nm, Epot= -5.23703e+05 Fmax= 1.63081e+03, atom= 1744
Step=  324, Dmax= 1.3e-02 nm, Epot= -5.23796e+05 Fmax= 1.76245e+04, atom= 1744
Step=  325, Dmax= 1.5e-02 nm, Epot= -5.23965e+05 Fmax= 5.79144e+03, atom= 1744
Step=  326, Dmax= 1.8e-02 nm, Epot= -5.23834e+05 Fmax= 2.19989e+04, atom= 1744
Step=  327, Dmax= 9.1e-03 nm, Epot= -5.23998e+05 Fmax= 8.12913e+03, atom= 1744
Step=  328, Dmax= 1.1e-02 nm, Epot= -5.24036e+05 Fmax= 8.70776e+03, atom= 1744
Step=  329, Dmax= 1.3e-02 nm, Epot= -5.24056e+05 Fmax= 1.13511e+04, atom= 1744
Step=  330, Dmax= 1.6e-02 nm, Epot= -5.24082e+05 Fmax= 1.28513e+04, atom= 1744
Step=  331, Dmax= 1.9e-02 nm, Epot= -5.24080e+05 Fmax= 1.60109e+04, atom= 1744
Step=  332, Dmax= 9.4e-03 nm, Epot= -5.24187e+05 Fmax= 1.60450e+03, atom= 1744
Step=  333, Dmax= 1.1e-02 nm, Epot= -5.24281e+05 Fmax= 1.60287e+04, atom= 1744
Step=  334, Dmax= 1.4e-02 nm, Epot= -5.24424e+05 Fmax= 4.82244e+03, atom= 1744
Step=  335, Dmax= 1.6e-02 nm, Epot= -5.24331e+05 Fmax= 2.03614e+04, atom= 1744
Step=  336, Dmax= 8.1e-03 nm, Epot= -5.24458e+05 Fmax= 7.77357e+03, atom= 1744
Step=  337, Dmax= 9.8e-03 nm, Epot= -5.24501e+05 Fmax= 7.20746e+03, atom= 1744
Step=  338, Dmax= 1.2e-02 nm, Epot= -5.24518e+05 Fmax= 1.08901e+04, atom= 1744
Step=  339, Dmax= 1.4e-02 nm, Epot= -5.24559e+05 Fmax= 1.06789e+04, atom= 1744
Step=  340, Dmax= 1.7e-02 nm, Epot= -5.24547e+05 Fmax= 1.53301e+04, atom= 1744
Step=  341, Dmax= 8.4e-03 nm, Epot= -5.24639e+05 Fmax= 2.32677e+03, atom= 1744
Step=  342, Dmax= 1.0e-02 nm, Epot= -5.24687e+05 Fmax= 1.31375e+04, atom= 1744
Step=  343, Dmax= 1.2e-02 nm, Epot= -5.24787e+05 Fmax= 5.61579e+03, atom= 1744
Step=  344, Dmax= 1.5e-02 nm, Epot= -5.24739e+05 Fmax= 1.67130e+04, atom= 1744
Step=  345, Dmax= 7.3e-03 nm, Epot= -5.24827e+05 Fmax= 5.55678e+03, atom= 1744
Step=  346, Dmax= 8.8e-03 nm, Epot= -5.24858e+05 Fmax= 7.96450e+03, atom= 1744
Step=  347, Dmax= 1.1e-02 nm, Epot= -5.24896e+05 Fmax= 8.13457e+03, atom= 1744
Step=  348, Dmax= 1.3e-02 nm, Epot= -5.24912e+05 Fmax= 1.13077e+04, atom= 1744
Step=  349, Dmax= 1.5e-02 nm, Epot= -5.24945e+05 Fmax= 1.18704e+04, atom= 1744
Step=  350, Dmax= 1.8e-02 nm, Epot= -5.24932e+05 Fmax= 1.60740e+04, atom= 1744
Step=  351, Dmax= 9.1e-03 nm, Epot= -5.25038e+05 Fmax= 2.10553e+03, atom= 1744
Step=  352, Dmax= 1.1e-02 nm, Epot= -5.25088e+05 Fmax= 1.45083e+04, atom= 1744
Step=  353, Dmax= 1.3e-02 nm, Epot= -5.25205e+05 Fmax= 5.65737e+03, atom= 1744
Step=  354, Dmax= 1.6e-02 nm, Epot= -5.25132e+05 Fmax= 1.83373e+04, atom= 1744
Step=  355, Dmax= 7.8e-03 nm, Epot= -5.25242e+05 Fmax= 6.35094e+03, atom= 1744
Step=  356, Dmax= 9.4e-03 nm, Epot= -5.25273e+05 Fmax= 8.17884e+03, atom= 1744
Step=  357, Dmax= 1.1e-02 nm, Epot= -5.25304e+05 Fmax= 9.12476e+03, atom= 1744
Step=  358, Dmax= 1.4e-02 nm, Epot= -5.25320e+05 Fmax= 1.17672e+04, atom= 1744
Step=  359, Dmax= 1.6e-02 nm, Epot= -5.25343e+05 Fmax= 1.31416e+04, atom= 1744
Step=  360, Dmax= 2.0e-02 nm, Epot= -5.25330e+05 Fmax= 1.68827e+04, atom= 1744
Step=  361, Dmax= 9.8e-03 nm, Epot= -5.25451e+05 Fmax= 1.87772e+03, atom= 1744
Step=  362, Dmax= 1.2e-02 nm, Epot= -5.25505e+05 Fmax= 1.59715e+04, atom= 1744
Step=  363, Dmax= 1.4e-02 nm, Epot= -5.25644e+05 Fmax= 5.71823e+03, atom= 1744
Step=  364, Dmax= 1.7e-02 nm, Epot= -5.25540e+05 Fmax= 2.00636e+04, atom= 1744
Step=  365, Dmax= 8.4e-03 nm, Epot= -5.25676e+05 Fmax= 7.18869e+03, atom= 1744
Step=  366, Dmax= 1.0e-02 nm, Epot= -5.25707e+05 Fmax= 8.42692e+03, atom= 1744
Step=  367, Dmax= 1.2e-02 nm, Epot= -5.25732e+05 Fmax= 1.01717e+04, atom= 1744
Step=  368, Dmax= 1.5e-02 nm, Epot= -5.25749e+05 Fmax= 1.22791e+04, atom= 1744
Step=  369, Dmax= 1.7e-02 nm, Epot= -5.25759e+05 Fmax= 1.44895e+04, atom= 1744
Step=  370, Dmax= 2.1e-02 nm, Epot= -5.25747e+05 Fmax= 1.77688e+04, atom= 1744
Step=  371, Dmax= 1.0e-02 nm, Epot= -5.25885e+05 Fmax= 1.65202e+03, atom= 1744
Step=  372, Dmax= 1.3e-02 nm, Epot= -5.25948e+05 Fmax= 1.75200e+04, atom= 1744
Step=  373, Dmax= 1.5e-02 nm, Epot= -5.26110e+05 Fmax= 5.81807e+03, atom= 1744
Step=  374, Dmax= 1.8e-02 nm, Epot= -5.25971e+05 Fmax= 2.18769e+04, atom= 1744
Step=  375, Dmax= 9.1e-03 nm, Epot= -5.26137e+05 Fmax= 8.05401e+03, atom= 1744
Step=  376, Dmax= 1.1e-02 nm, Epot= -5.26170e+05 Fmax= 8.73152e+03, atom= 1744
Step=  377, Dmax= 1.3e-02 nm, Epot= -5.26186e+05 Fmax= 1.12586e+04, atom= 1744
Step=  378, Dmax= 1.6e-02 nm, Epot= -5.26205e+05 Fmax= 1.28688e+04, atom= 1744
Step=  379, Dmax= 1.9e-02 nm, Epot= -5.26200e+05 Fmax= 1.58968e+04, atom= 1744
Step=  380, Dmax= 9.4e-03 nm, Epot= -5.26308e+05 Fmax= 1.53886e+03, atom= 1744
Step=  381, Dmax= 1.1e-02 nm, Epot= -5.26383e+05 Fmax= 1.60676e+04, atom= 1744
Step=  382, Dmax= 1.4e-02 nm, Epot= -5.26523e+05 Fmax= 4.71730e+03, atom= 1744
Step=  383, Dmax= 1.6e-02 nm, Epot= -5.26419e+05 Fmax= 2.03971e+04, atom= 1744
Step=  384, Dmax= 8.1e-03 nm, Epot= -5.26551e+05 Fmax= 7.84499e+03, atom= 1744
Step=  385, Dmax= 9.7e-03 nm, Epot= -5.26590e+05 Fmax= 7.08528e+03, atom= 1744
Step=  386, Dmax= 1.2e-02 nm, Epot= -5.26599e+05 Fmax= 1.09596e+04, atom= 1744
Step=  387, Dmax= 1.4e-02 nm, Epot= -5.26638e+05 Fmax= 1.05374e+04, atom= 1744
Step=  388, Dmax= 1.7e-02 nm, Epot= -5.26618e+05 Fmax= 1.53929e+04, atom= 1744
Step=  389, Dmax= 8.4e-03 nm, Epot= -5.26713e+05 Fmax= 2.42858e+03, atom= 1744
Step=  390, Dmax= 1.0e-02 nm, Epot= -5.26743e+05 Fmax= 1.29773e+04, atom= 1744
Step=  391, Dmax= 1.2e-02 nm, Epot= -5.26837e+05 Fmax= 5.71557e+03, atom= 1744
Step=  392, Dmax= 1.5e-02 nm, Epot= -5.26783e+05 Fmax= 1.65355e+04, atom= 1744
Step=  393, Dmax= 7.3e-03 nm, Epot= -5.26873e+05 Fmax= 5.41811e+03, atom= 1744
Step=  394, Dmax= 8.7e-03 nm, Epot= -5.26898e+05 Fmax= 8.06461e+03, atom= 1744
Step=  395, Dmax= 1.0e-02 nm, Epot= -5.26933e+05 Fmax= 7.97956e+03, atom= 1744
Step=  396, Dmax= 1.3e-02 nm, Epot= -5.26942e+05 Fmax= 1.14050e+04, atom= 1744
Step=  397, Dmax= 1.5e-02 nm, Epot= -5.26972e+05 Fmax= 1.16955e+04, atom= 1744
Step=  398, Dmax= 1.8e-02 nm, Epot= -5.26951e+05 Fmax= 1.61635e+04, atom= 1744
Step=  399, Dmax= 9.0e-03 nm, Epot= -5.27060e+05 Fmax= 2.23726e+03, atom= 1744
Step=  400, Dmax= 1.1e-02 nm, Epot= -5.27087e+05 Fmax= 1.43141e+04, atom= 1744
Step=  401, Dmax= 1.3e-02 nm, Epot= -5.27197e+05 Fmax= 5.78469e+03, atom= 1744
Step=  402, Dmax= 1.6e-02 nm, Epot= -5.27118e+05 Fmax= 1.81279e+04, atom= 1744
Step=  403, Dmax= 7.8e-03 nm, Epot= -5.27230e+05 Fmax= 6.18196e+03, atom= 1744
Step=  404, Dmax= 9.4e-03 nm, Epot= -5.27255e+05 Fmax= 8.30546e+03, atom= 1744
Step=  405, Dmax= 1.1e-02 nm, Epot= -5.27284e+05 Fmax= 8.93933e+03, atom= 1744
Step=  406, Dmax= 1.4e-02 nm, Epot= -5.27293e+05 Fmax= 1.18899e+04, atom= 1744
Step=  407, Dmax= 1.6e-02 nm, Epot= -5.27314e+05 Fmax= 1.29360e+04, atom= 1744
Step=  408, Dmax= 1.9e-02 nm, Epot= -5.27292e+05 Fmax= 1.69965e+04, atom= 1744
Step=  409, Dmax= 9.7e-03 nm, Epot= -5.27416e+05 Fmax= 2.03646e+03, atom= 1744
Step=  410, Dmax= 1.2e-02 nm, Epot= -5.27441e+05 Fmax= 1.57478e+04, atom= 1744
Step=  411, Dmax= 1.4e-02 nm, Epot= -5.27572e+05 Fmax= 5.86658e+03, atom= 1744
Step=  412, Dmax= 1.7e-02 nm, Epot= -5.27463e+05 Fmax= 1.98295e+04, atom= 1744
Step=  413, Dmax= 8.4e-03 nm, Epot= -5.27601e+05 Fmax= 6.99598e+03, atom= 1744
Step=  414, Dmax= 1.0e-02 nm, Epot= -5.27626e+05 Fmax= 8.57260e+03, atom= 1744
Step=  415, Dmax= 1.2e-02 nm, Epot= -5.27648e+05 Fmax= 9.96311e+03, atom= 1744
Step=  416, Dmax= 1.5e-02 nm, Epot= -5.27658e+05 Fmax= 1.24194e+04, atom= 1744
Step=  417, Dmax= 1.7e-02 nm, Epot= -5.27667e+05 Fmax= 1.42600e+04, atom= 1744
Step=  418, Dmax= 2.1e-02 nm, Epot= -5.27646e+05 Fmax= 1.78990e+04, atom= 1744
Step=  419, Dmax= 1.0e-02 nm, Epot= -5.27787e+05 Fmax= 1.83003e+03, atom= 1744
Step=  420, Dmax= 1.3e-02 nm, Epot= -5.27811e+05 Fmax= 1.72755e+04, atom= 1744
Step=  421, Dmax= 1.5e-02 nm, Epot= -5.27965e+05 Fmax= 5.97638e+03, atom= 1744
Step=  422, Dmax= 1.8e-02 nm, Epot= -5.27821e+05 Fmax= 2.16318e+04, atom= 1744
Step=  423, Dmax= 9.0e-03 nm, Epot= -5.27989e+05 Fmax= 7.84870e+03, atom= 1744
Step=  424, Dmax= 1.1e-02 nm, Epot= -5.28015e+05 Fmax= 8.88471e+03, atom= 1744
Step=  425, Dmax= 1.3e-02 nm, Epot= -5.28030e+05 Fmax= 1.10380e+04, atom= 1744
Step=  426, Dmax= 1.6e-02 nm, Epot= -5.28041e+05 Fmax= 1.30148e+04, atom= 1744
Step=  427, Dmax= 1.9e-02 nm, Epot= -5.28037e+05 Fmax= 1.56553e+04, atom= 1744
Step=  428, Dmax= 9.4e-03 nm, Epot= -5.28143e+05 Fmax= 1.34656e+03, atom= 1744
Step=  429, Dmax= 1.1e-02 nm, Epot= -5.28218e+05 Fmax= 1.62607e+04, atom= 1744
Step=  430, Dmax= 1.3e-02 nm, Epot= -5.28359e+05 Fmax= 4.46574e+03, atom= 1744
Step=  431, Dmax= 1.6e-02 nm, Epot= -5.28245e+05 Fmax= 2.05861e+04, atom= 1744
Step=  432, Dmax= 8.1e-03 nm, Epot= -5.28381e+05 Fmax= 8.06944e+03, atom= 1744
Step=  433, Dmax= 9.7e-03 nm, Epot= -5.28418e+05 Fmax= 6.81267e+03, atom= 1744
Step=  434, Dmax= 1.2e-02 nm, Epot= -5.28420e+05 Fmax= 1.11836e+04, atom= 1744
Step=  435, Dmax= 1.4e-02 nm, Epot= -5.28460e+05 Fmax= 1.02434e+04, atom= 1744
Step=  436, Dmax= 1.7e-02 nm, Epot= -5.28430e+05 Fmax= 1.56116e+04, atom= 1744
Step=  437, Dmax= 8.4e-03 nm, Epot= -5.28529e+05 Fmax= 2.68456e+03, atom= 1744
Step=  438, Dmax= 1.0e-02 nm, Epot= -5.28542e+05 Fmax= 1.26691e+04, atom= 1744
Step=  439, Dmax= 1.2e-02 nm, Epot= -5.28628e+05 Fmax= 5.96344e+03, atom= 1744
Step=  440, Dmax= 1.4e-02 nm, Epot= -5.28571e+05 Fmax= 1.62130e+04, atom= 1744
Step=  441, Dmax= 7.2e-03 nm, Epot= -5.28661e+05 Fmax= 5.13289e+03, atom= 1744
Step=  442, Dmax= 8.7e-03 nm, Epot= -5.28680e+05 Fmax= 8.31412e+03, atom= 1744
Step=  443, Dmax= 1.0e-02 nm, Epot= -5.28715e+05 Fmax= 7.67680e+03, atom= 1744
Step=  444, Dmax= 1.3e-02 nm, Epot= -5.28715e+05 Fmax= 1.16526e+04, atom= 1744
Step=  445, Dmax= 1.5e-02 nm, Epot= -5.28748e+05 Fmax= 1.13721e+04, atom= 1744
Step=  446, Dmax= 1.8e-02 nm, Epot= -5.28716e+05 Fmax= 1.64044e+04, atom= 1744
Step=  447, Dmax= 9.0e-03 nm, Epot= -5.28829e+05 Fmax= 2.51839e+03, atom= 1744
Step=  448, Dmax= 1.1e-02 nm, Epot= -5.28835e+05 Fmax= 1.39789e+04, atom= 1744
Step=  449, Dmax= 1.3e-02 nm, Epot= -5.28937e+05 Fmax= 6.05208e+03, atom= 1744
Step=  450, Dmax= 1.6e-02 nm, Epot= -5.28855e+05 Fmax= 1.77814e+04, atom= 1744
Step=  451, Dmax= 7.8e-03 nm, Epot= -5.28968e+05 Fmax= 5.87447e+03, atom= 1744
Step=  452, Dmax= 9.4e-03 nm, Epot= -5.28986e+05 Fmax= 8.57244e+03, atom= 1744
Step=  453, Dmax= 1.1e-02 nm, Epot= -5.29015e+05 Fmax= 8.61497e+03, atom= 1744
Step=  454, Dmax= 1.3e-02 nm, Epot= -5.29015e+05 Fmax= 1.21538e+04, atom= 1744
Step=  455, Dmax= 6.7e-03 nm, Epot= -5.29069e+05 Fmax= 1.76938e+03, atom= 1744
Step=  456, Dmax= 8.1e-03 nm, Epot= -5.29121e+05 Fmax= 1.04870e+04, atom= 1744
Step=  457, Dmax= 9.7e-03 nm, Epot= -5.29188e+05 Fmax= 4.47840e+03, atom= 1744
Step=  458, Dmax= 1.2e-02 nm, Epot= -5.29168e+05 Fmax= 1.32963e+04, atom= 1744
Step=  459, Dmax= 5.8e-03 nm, Epot= -5.29218e+05 Fmax= 4.41392e+03, atom= 1744
Step=  460, Dmax= 7.0e-03 nm, Epot= -5.29243e+05 Fmax= 6.39298e+03, atom= 1744
Step=  461, Dmax= 8.4e-03 nm, Epot= -5.29273e+05 Fmax= 6.43051e+03, atom= 1744
Step=  462, Dmax= 1.0e-02 nm, Epot= -5.29288e+05 Fmax= 9.09999e+03, atom= 1744
Step=  463, Dmax= 1.2e-02 nm, Epot= -5.29315e+05 Fmax= 9.37734e+03, atom= 1744
Step=  464, Dmax= 1.4e-02 nm, Epot= -5.29311e+05 Fmax= 1.29436e+04, atom= 1744
Step=  465, Dmax= 7.2e-03 nm, Epot= -5.29376e+05 Fmax= 1.78348e+03, atom= 1744
Step=  466, Dmax= 8.7e-03 nm, Epot= -5.29422e+05 Fmax= 1.13929e+04, atom= 1744
Step=  467, Dmax= 1.0e-02 nm, Epot= -5.29497e+05 Fmax= 4.69418e+03, atom= 1744
Step=  468, Dmax= 1.3e-02 nm, Epot= -5.29463e+05 Fmax= 1.44138e+04, atom= 1744
Step=  469, Dmax= 6.3e-03 nm, Epot= -5.29526e+05 Fmax= 4.86579e+03, atom= 1744
Step=  470, Dmax= 7.5e-03 nm, Epot= -5.29550e+05 Fmax= 6.74609e+03, atom= 1744
Step=  471, Dmax= 9.0e-03 nm, Epot= -5.29578e+05 Fmax= 7.03991e+03, atom= 1744
Step=  472, Dmax= 1.1e-02 nm, Epot= -5.29591e+05 Fmax= 9.64899e+03, atom= 1744
Step=  473, Dmax= 1.3e-02 nm, Epot= -5.29614e+05 Fmax= 1.02124e+04, atom= 1744
Step=  474, Dmax= 1.6e-02 nm, Epot= -5.29606e+05 Fmax= 1.37724e+04, atom= 1744
Step=  475, Dmax= 7.8e-03 nm, Epot= -5.29682e+05 Fmax= 1.78105e+03, atom= 1744
Step=  476, Dmax= 9.3e-03 nm, Epot= -5.29723e+05 Fmax= 1.23842e+04, atom= 1744
Step=  477, Dmax= 1.1e-02 nm, Epot= -5.29808e+05 Fmax= 4.90926e+03, atom= 1744
Step=  478, Dmax= 1.3e-02 nm, Epot= -5.29757e+05 Fmax= 1.56316e+04, atom= 1744
Step=  479, Dmax= 6.7e-03 nm, Epot= -5.29836e+05 Fmax= 5.36875e+03, atom= 1744
Step=  480, Dmax= 8.1e-03 nm, Epot= -5.29858e+05 Fmax= 7.10773e+03, atom= 1744
Step=  481, Dmax= 9.7e-03 nm, Epot= -5.29883e+05 Fmax= 7.71233e+03, atom= 1744
Step=  482, Dmax= 1.2e-02 nm, Epot= -5.29894e+05 Fmax= 1.02205e+04, atom= 1744
Step=  483, Dmax= 1.4e-02 nm, Epot= -5.29913e+05 Fmax= 1.11277e+04, atom= 1744
Step=  484, Dmax= 1.7e-02 nm, Epot= -5.29901e+05 Fmax= 1.46444e+04, atom= 1744
Step=  485, Dmax= 8.4e-03 nm, Epot= -5.29991e+05 Fmax= 1.76051e+03, atom= 1744
Step=  486, Dmax= 1.0e-02 nm, Epot= -5.30025e+05 Fmax= 1.34679e+04, atom= 1744
Step=  487, Dmax= 1.2e-02 nm, Epot= -5.30122e+05 Fmax= 5.12340e+03, atom= 1744
Step=  488, Dmax= 1.4e-02 nm, Epot= -5.30052e+05 Fmax= 1.69565e+04, atom= 1744
Step=  489, Dmax= 7.2e-03 nm, Epot= -5.30148e+05 Fmax= 5.92635e+03, atom= 1744
Step=  490, Dmax= 8.7e-03 nm, Epot= -5.30170e+05 Fmax= 7.47975e+03, atom= 1744
Step=  491, Dmax= 1.0e-02 nm, Epot= -5.30191e+05 Fmax= 8.45211e+03, atom= 1744
Step=  492, Dmax= 1.2e-02 nm, Epot= -5.30200e+05 Fmax= 1.08175e+04, atom= 1744
Step=  493, Dmax= 1.5e-02 nm, Epot= -5.30214e+05 Fmax= 1.21279e+04, atom= 1744
Step=  494, Dmax= 1.8e-02 nm, Epot= -5.30199e+05 Fmax= 1.55633e+04, atom= 1744
Step=  495, Dmax= 9.0e-03 nm, Epot= -5.30303e+05 Fmax= 1.72199e+03, atom= 1744
Step=  496, Dmax= 1.1e-02 nm, Epot= -5.30330e+05 Fmax= 1.46480e+04, atom= 1744
Step=  497, Dmax= 1.3e-02 nm, Epot= -5.30442e+05 Fmax= 5.34121e+03, atom= 1744
Step=  498, Dmax= 1.6e-02 nm, Epot= -5.30347e+05 Fmax= 1.83913e+04, atom= 1744
Step=  499, Dmax= 7.8e-03 nm, Epot= -5.30466e+05 Fmax= 6.53807e+03, atom= 1744
Step=  500, Dmax= 9.3e-03 nm, Epot= -5.30486e+05 Fmax= 7.86771e+03, atom= 1744
Step=  501, Dmax= 1.1e-02 nm, Epot= -5.30504e+05 Fmax= 9.25892e+03, atom= 1744
Step=  502, Dmax= 1.3e-02 nm, Epot= -5.30512e+05 Fmax= 1.14476e+04, atom= 1744
Step=  503, Dmax= 1.6e-02 nm, Epot= -5.30518e+05 Fmax= 1.32142e+04, atom= 1744
Step=  504, Dmax= 1.9e-02 nm, Epot= -5.30500e+05 Fmax= 1.65382e+04, atom= 1744
Step=  505, Dmax= 9.7e-03 nm, Epot= -5.30621e+05 Fmax= 1.66906e+03, atom= 1744
Step=  506, Dmax= 1.2e-02 nm, Epot= -5.30640e+05 Fmax= 1.59266e+04, atom= 1744
Step=  507, Dmax= 1.4e-02 nm, Epot= -5.30769e+05 Fmax= 5.56881e+03, atom= 1744
Step=  508, Dmax= 1.7e-02 nm, Epot= -5.30646e+05 Fmax= 1.99380e+04, atom= 1744
Step=  509, Dmax= 8.3e-03 nm, Epot= -5.30789e+05 Fmax= 7.20173e+03, atom= 1744
Step=  510, Dmax= 1.0e-02 nm, Epot= -5.30810e+05 Fmax= 8.27946e+03, atom= 1744
Step=  511, Dmax= 1.2e-02 nm, Epot= -5.30822e+05 Fmax= 1.01310e+04, atom= 1744
Step=  512, Dmax= 1.4e-02 nm, Epot= -5.30830e+05 Fmax= 1.21198e+04, atom= 1744
Step=  513, Dmax= 1.7e-02 nm, Epot= -5.30828e+05 Fmax= 1.43851e+04, atom= 1744
Step=  514, Dmax= 8.7e-03 nm, Epot= -5.30917e+05 Fmax= 1.15422e+03, atom= 1744
Step=  515, Dmax= 1.0e-02 nm, Epot= -5.30987e+05 Fmax= 1.52244e+04, atom= 1744
Step=  516, Dmax= 1.2e-02 nm, Epot= -5.31110e+05 Fmax= 3.93379e+03, atom= 1744
Step=  517, Dmax= 1.5e-02 nm, Epot= -5.31009e+05 Fmax= 1.92611e+04, atom= 1744
Step=  518, Dmax= 7.5e-03 nm, Epot= -5.31127e+05 Fmax= 7.67357e+03, atom= 1744
Step=  519, Dmax= 9.0e-03 nm, Epot= -5.31161e+05 Fmax= 6.07814e+03, atom= 1744
Step=  520, Dmax= 1.1e-02 nm, Epot= -5.31160e+05 Fmax= 1.05761e+04, atom= 1744
Step=  521, Dmax= 5.4e-03 nm, Epot= -5.31195e+05 Fmax= 2.24769e+03, atom= 1744
Step=  522, Dmax= 6.5e-03 nm, Epot= -5.31226e+05 Fmax= 7.57055e+03, atom= 1744
Step=  523, Dmax= 7.8e-03 nm, Epot= -5.31266e+05 Fmax= 4.41162e+03, atom= 1744
Step=  524, Dmax= 9.3e-03 nm, Epot= -5.31269e+05 Fmax= 9.80515e+03, atom= 1744
Step=  525, Dmax= 1.1e-02 nm, Epot= -5.31313e+05 Fmax= 7.42838e+03, atom= 1744
Step=  526, Dmax= 1.3e-02 nm, Epot= -5.31290e+05 Fmax= 1.30808e+04, atom= 1744
Step=  527, Dmax= 6.7e-03 nm, Epot= -5.31354e+05 Fmax= 2.83421e+03, atom= 1744
Step=  528, Dmax= 8.0e-03 nm, Epot= -5.31368e+05 Fmax= 9.66218e+03, atom= 1744
Step=  529, Dmax= 9.6e-03 nm, Epot= -5.31421e+05 Fmax= 5.12713e+03, atom= 1744
Step=  530, Dmax= 1.2e-02 nm, Epot= -5.31397e+05 Fmax= 1.27893e+04, atom= 1744
Step=  531, Dmax= 5.8e-03 nm, Epot= -5.31449e+05 Fmax= 3.82867e+03, atom= 1744
Step=  532, Dmax= 6.9e-03 nm, Epot= -5.31469e+05 Fmax= 6.77511e+03, atom= 1744
Step=  533, Dmax= 8.3e-03 nm, Epot= -5.31498e+05 Fmax= 6.10831e+03, atom= 1744
Step=  534, Dmax= 1.0e-02 nm, Epot= -5.31506e+05 Fmax= 9.19728e+03, atom= 1744
Step=  535, Dmax= 1.2e-02 nm, Epot= -5.31530e+05 Fmax= 9.32804e+03, atom= 1744
Step=  536, Dmax= 1.4e-02 nm, Epot= -5.31522e+05 Fmax= 1.27273e+04, atom= 1744
Step=  537, Dmax= 7.2e-03 nm, Epot= -5.31588e+05 Fmax= 1.71077e+03, atom= 1744
Step=  538, Dmax= 8.6e-03 nm, Epot= -5.31618e+05 Fmax= 1.18157e+04, atom= 1744
Step=  539, Dmax= 1.0e-02 nm, Epot= -5.31696e+05 Fmax= 4.09652e+03, atom= 1744
Step=  540, Dmax= 1.2e-02 nm, Epot= -5.31648e+05 Fmax= 1.51995e+04, atom= 1744
Step=  541, Dmax= 6.2e-03 nm, Epot= -5.31719e+05 Fmax= 5.54971e+03, atom= 1744
Step=  542, Dmax= 7.5e-03 nm, Epot= -5.31743e+05 Fmax= 5.87412e+03, atom= 1744
Step=  543, Dmax= 9.0e-03 nm, Epot= -5.31758e+05 Fmax= 7.98542e+03, atom= 1744
Step=  544, Dmax= 1.1e-02 nm, Epot= -5.31779e+05 Fmax= 8.48334e+03, atom= 1744
Step=  545, Dmax= 1.3e-02 nm, Epot= -5.31779e+05 Fmax= 1.14342e+04, atom= 1744
Step=  546, Dmax= 6.5e-03 nm, Epot= -5.31829e+05 Fmax= 1.47465e+03, atom= 1744
Step=  547, Dmax= 7.7e-03 nm, Epot= -5.31878e+05 Fmax= 1.02202e+04, atom= 1744
Step=  548, Dmax= 9.3e-03 nm, Epot= -5.31940e+05 Fmax= 4.13062e+03, atom= 1744
Step=  549, Dmax= 1.1e-02 nm, Epot= -5.31915e+05 Fmax= 1.28881e+04, atom= 1744
Step=  550, Dmax= 5.6e-03 nm, Epot= -5.31964e+05 Fmax= 4.38383e+03, atom= 1744
Step=  551, Dmax= 6.7e-03 nm, Epot= -5.31985e+05 Fmax= 5.98191e+03, atom= 1744
Step=  552, Dmax= 8.0e-03 nm, Epot= -5.32008e+05 Fmax= 6.30199e+03, atom= 1744
Step=  553, Dmax= 9.6e-03 nm, Epot= -5.32020e+05 Fmax= 8.59177e+03, atom= 1744
Step=  554, Dmax= 1.2e-02 nm, Epot= -5.32040e+05 Fmax= 9.11331e+03, atom= 1744
Step=  555, Dmax= 1.4e-02 nm, Epot= -5.32036e+05 Fmax= 1.22899e+04, atom= 1744
Step=  556, Dmax= 6.9e-03 nm, Epot= -5.32096e+05 Fmax= 1.58857e+03, atom= 1744
Step=  557, Dmax= 8.3e-03 nm, Epot= -5.32135e+05 Fmax= 1.09994e+04, atom= 1744
Step=  558, Dmax= 1.0e-02 nm, Epot= -5.32203e+05 Fmax= 4.42472e+03, atom= 1744
Step=  559, Dmax= 1.2e-02 nm, Epot= -5.32166e+05 Fmax= 1.38761e+04, atom= 1744
Step=  560, Dmax= 6.0e-03 nm, Epot= -5.32226e+05 Fmax= 4.73136e+03, atom= 1744
Step=  561, Dmax= 7.2e-03 nm, Epot= -5.32246e+05 Fmax= 6.40576e+03, atom= 1744
Step=  562, Dmax= 8.6e-03 nm, Epot= -5.32268e+05 Fmax= 6.80230e+03, atom= 1744
Step=  563, Dmax= 1.0e-02 nm, Epot= -5.32278e+05 Fmax= 9.20125e+03, atom= 1744
Step=  564, Dmax= 1.2e-02 nm, Epot= -5.32296e+05 Fmax= 9.83202e+03, atom= 1744
Step=  565, Dmax= 1.5e-02 nm, Epot= -5.32286e+05 Fmax= 1.31663e+04, atom= 1744
Step=  566, Dmax= 7.5e-03 nm, Epot= -5.32357e+05 Fmax= 1.66758e+03, atom= 1744
Step=  567, Dmax= 8.9e-03 nm, Epot= -5.32387e+05 Fmax= 1.18793e+04, atom= 1744
Step=  568, Dmax= 1.1e-02 nm, Epot= -5.32463e+05 Fmax= 4.69913e+03, atom= 1744
Step=  569, Dmax= 1.3e-02 nm, Epot= -5.32412e+05 Fmax= 1.49791e+04, atom= 1744
Step=  570, Dmax= 6.4e-03 nm, Epot= -5.32486e+05 Fmax= 5.14695e+03, atom= 1744
Step=  571, Dmax= 7.7e-03 nm, Epot= -5.32504e+05 Fmax= 6.81843e+03, atom= 1744
Step=  572, Dmax= 9.3e-03 nm, Epot= -5.32525e+05 Fmax= 7.38251e+03, atom= 1744
Step=  573, Dmax= 1.1e-02 nm, Epot= -5.32532e+05 Fmax= 9.81275e+03, atom= 1744
Step=  574, Dmax= 1.3e-02 nm, Epot= -5.32547e+05 Fmax= 1.06475e+04, atom= 1744
Step=  575, Dmax= 1.6e-02 nm, Epot= -5.32533e+05 Fmax= 1.40632e+04, atom= 1744
Step=  576, Dmax= 8.0e-03 nm, Epot= -5.32617e+05 Fmax= 1.70934e+03, atom= 1744
Step=  577, Dmax= 9.6e-03 nm, Epot= -5.32638e+05 Fmax= 1.28653e+04, atom= 1744
Step=  578, Dmax= 1.2e-02 nm, Epot= -5.32725e+05 Fmax= 4.95456e+03, atom= 1744
Step=  579, Dmax= 1.4e-02 nm, Epot= -5.32655e+05 Fmax= 1.62032e+04, atom= 1744
Step=  580, Dmax= 6.9e-03 nm, Epot= -5.32746e+05 Fmax= 5.63324e+03, atom= 1744
Step=  581, Dmax= 8.3e-03 nm, Epot= -5.32763e+05 Fmax= 7.22172e+03, atom= 1744
Step=  582, Dmax= 1.0e-02 nm, Epot= -5.32780e+05 Fmax= 8.04649e+03, atom= 1744
Step=  583, Dmax= 1.2e-02 nm, Epot= -5.32786e+05 Fmax= 1.04291e+04, atom= 1744
Step=  584, Dmax= 1.4e-02 nm, Epot= -5.32797e+05 Fmax= 1.15645e+04, atom= 1744
Step=  585, Dmax= 1.7e-02 nm, Epot= -5.32779e+05 Fmax= 1.49851e+04, atom= 1744
Step=  586, Dmax= 8.6e-03 nm, Epot= -5.32876e+05 Fmax= 1.71362e+03, atom= 1744
Step=  587, Dmax= 1.0e-02 nm, Epot= -5.32888e+05 Fmax= 1.39634e+04, atom= 1744
Step=  588, Dmax= 1.2e-02 nm, Epot= -5.32988e+05 Fmax= 5.19304e+03, atom= 1744
Step=  589, Dmax= 1.5e-02 nm, Epot= -5.32897e+05 Fmax= 1.75539e+04, atom= 1744
Step=  590, Dmax= 7.4e-03 nm, Epot= -5.33007e+05 Fmax= 6.19122e+03, atom= 1744
Step=  591, Dmax= 8.9e-03 nm, Epot= -5.33024e+05 Fmax= 7.62019e+03, atom= 1744
Step=  592, Dmax= 1.1e-02 nm, Epot= -5.33038e+05 Fmax= 8.79493e+03, atom= 1744
Step=  593, Dmax= 1.3e-02 nm, Epot= -5.33042e+05 Fmax= 1.10561e+04, atom= 1744
Step=  594, Dmax= 1.5e-02 nm, Epot= -5.33048e+05 Fmax= 1.25846e+04, atom= 1744
Step=  595, Dmax= 1.9e-02 nm, Epot= -5.33026e+05 Fmax= 1.59398e+04, atom= 1744
Step=  596, Dmax= 9.3e-03 nm, Epot= -5.33139e+05 Fmax= 1.68332e+03, atom= 1744
Step=  597, Dmax= 1.1e-02 nm, Epot= -5.33141e+05 Fmax= 1.51766e+04, atom= 1744
Step=  598, Dmax= 1.3e-02 nm, Epot= -5.33257e+05 Fmax= 5.41978e+03, atom= 1744
Step=  599, Dmax= 1.6e-02 nm, Epot= -5.33141e+05 Fmax= 1.90326e+04, atom= 1744
Step=  600, Dmax= 8.0e-03 nm, Epot= -5.33274e+05 Fmax= 6.82092e+03, atom= 1744
Step=  601, Dmax= 9.6e-03 nm, Epot= -5.33290e+05 Fmax= 8.01867e+03, atom= 1744
Step=  602, Dmax= 1.2e-02 nm, Epot= -5.33300e+05 Fmax= 9.62884e+03, atom= 1744
Step=  603, Dmax= 1.4e-02 nm, Epot= -5.33303e+05 Fmax= 1.17006e+04, atom= 1744
Step=  604, Dmax= 1.7e-02 nm, Epot= -5.33301e+05 Fmax= 1.37093e+04, atom= 1744
Step=  605, Dmax= 8.3e-03 nm, Epot= -5.33383e+05 Fmax= 1.02401e+03, atom= 1744
Step=  606, Dmax= 1.0e-02 nm, Epot= -5.33445e+05 Fmax= 1.47138e+04, atom= 1744
Step=  607, Dmax= 1.2e-02 nm, Epot= -5.33559e+05 Fmax= 3.65441e+03, atom= 1744
Step=  608, Dmax= 1.4e-02 nm, Epot= -5.33461e+05 Fmax= 1.85786e+04, atom= 1744
Step=  609, Dmax= 7.2e-03 nm, Epot= -5.33572e+05 Fmax= 7.47324e+03, atom= 1744
Step=  610, Dmax= 8.6e-03 nm, Epot= -5.33603e+05 Fmax= 5.71028e+03, atom= 1744
Step=  611, Dmax= 1.0e-02 nm, Epot= -5.33597e+05 Fmax= 1.02537e+04, atom= 1744
Step=  612, Dmax= 5.2e-03 nm, Epot= -5.33632e+05 Fmax= 2.27071e+03, atom= 1744
Step=  613, Dmax= 6.2e-03 nm, Epot= -5.33655e+05 Fmax= 7.14677e+03, atom= 1744
Step=  614, Dmax= 7.4e-03 nm, Epot= -5.33690e+05 Fmax= 4.33713e+03, atom= 1744
Step=  615, Dmax= 8.9e-03 nm, Epot= -5.33690e+05 Fmax= 9.29433e+03, atom= 1744
Step=  616, Dmax= 1.1e-02 nm, Epot= -5.33727e+05 Fmax= 7.22286e+03, atom= 1744
Step=  617, Dmax= 1.3e-02 nm, Epot= -5.33705e+05 Fmax= 1.24406e+04, atom= 1744
Step=  618, Dmax= 6.4e-03 nm, Epot= -5.33764e+05 Fmax= 2.61592e+03, atom= 1744
Step=  619, Dmax= 7.7e-03 nm, Epot= -5.33774e+05 Fmax= 9.36324e+03, atom= 1744
Step=  620, Dmax= 9.2e-03 nm, Epot= -5.33823e+05 Fmax= 4.81565e+03, atom= 1744
Step=  621, Dmax= 1.1e-02 nm, Epot= -5.33797e+05 Fmax= 1.23556e+04, atom= 1744
Step=  622, Dmax= 5.5e-03 nm, Epot= -5.33847e+05 Fmax= 3.76792e+03, atom= 1744
Step=  623, Dmax= 6.7e-03 nm, Epot= -5.33863e+05 Fmax= 6.40082e+03, atom= 1744
Step=  624, Dmax= 8.0e-03 nm, Epot= -5.33887e+05 Fmax= 5.94596e+03, atom= 1744
Step=  625, Dmax= 9.6e-03 nm, Epot= -5.33893e+05 Fmax= 8.72943e+03, atom= 1744
Step=  626, Dmax= 1.2e-02 nm, Epot= -5.33913e+05 Fmax= 9.02425e+03, atom= 1744
Step=  627, Dmax= 1.4e-02 nm, Epot= -5.33905e+05 Fmax= 1.21229e+04, atom= 1744
Step=  628, Dmax= 6.9e-03 nm, Epot= -5.33965e+05 Fmax= 1.55926e+03, atom= 1744
Step=  629, Dmax= 8.3e-03 nm, Epot= -5.33991e+05 Fmax= 1.14047e+04, atom= 1744
Step=  630, Dmax= 9.9e-03 nm, Epot= -5.34062e+05 Fmax= 3.85162e+03, atom= 1744
Step=  631, Dmax= 1.2e-02 nm, Epot= -5.34014e+05 Fmax= 1.46366e+04, atom= 1744
Step=  632, Dmax= 6.0e-03 nm, Epot= -5.34081e+05 Fmax= 5.39078e+03, atom= 1744
Step=  633, Dmax= 7.2e-03 nm, Epot= -5.34102e+05 Fmax= 5.56440e+03, atom= 1744
Step=  634, Dmax= 8.6e-03 nm, Epot= -5.34113e+05 Fmax= 7.71488e+03, atom= 1744
Step=  635, Dmax= 1.0e-02 nm, Epot= -5.34132e+05 Fmax= 8.07665e+03, atom= 1744
Step=  636, Dmax= 1.2e-02 nm, Epot= -5.34130e+05 Fmax= 1.10091e+04, atom= 1744
Step=  637, Dmax= 6.2e-03 nm, Epot= -5.34176e+05 Fmax= 1.46519e+03, atom= 1744
Step=  638, Dmax= 7.4e-03 nm, Epot= -5.34213e+05 Fmax= 9.76882e+03, atom= 1744
Step=  639, Dmax= 8.9e-03 nm, Epot= -5.34268e+05 Fmax= 3.97980e+03, atom= 1744
Step=  640, Dmax= 1.1e-02 nm, Epot= -5.34243e+05 Fmax= 1.23462e+04, atom= 1744
Step=  641, Dmax= 5.3e-03 nm, Epot= -5.34289e+05 Fmax= 4.18723e+03, atom= 1744
Step=  642, Dmax= 6.4e-03 nm, Epot= -5.34307e+05 Fmax= 5.74037e+03, atom= 1744
Step=  643, Dmax= 7.7e-03 nm, Epot= -5.34327e+05 Fmax= 6.04044e+03, atom= 1744
Step=  644, Dmax= 9.2e-03 nm, Epot= -5.34337e+05 Fmax= 8.22660e+03, atom= 1744
Step=  645, Dmax= 1.1e-02 nm, Epot= -5.34353e+05 Fmax= 8.75137e+03, atom= 1744
Step=  646, Dmax= 1.3e-02 nm, Epot= -5.34348e+05 Fmax= 1.17551e+04, atom= 1744
Step=  647, Dmax= 6.6e-03 nm, Epot= -5.34403e+05 Fmax= 1.50181e+03, atom= 1744
Step=  648, Dmax= 8.0e-03 nm, Epot= -5.34435e+05 Fmax= 1.05879e+04, atom= 1744
Step=  649, Dmax= 9.6e-03 nm, Epot= -5.34497e+05 Fmax= 4.18854e+03, atom= 1744
Step=  650, Dmax= 1.1e-02 nm, Epot= -5.34460e+05 Fmax= 1.33686e+04, atom= 1744
Step=  651, Dmax= 5.7e-03 nm, Epot= -5.34517e+05 Fmax= 4.59529e+03, atom= 1744
Step=  652, Dmax= 6.9e-03 nm, Epot= -5.34534e+05 Fmax= 6.06840e+03, atom= 1744
Step=  653, Dmax= 8.3e-03 nm, Epot= -5.34553e+05 Fmax= 6.59970e+03, atom= 1744
Step=  654, Dmax= 9.9e-03 nm, Epot= -5.34561e+05 Fmax= 8.72792e+03, atom= 1744
Step=  655, Dmax= 1.2e-02 nm, Epot= -5.34575e+05 Fmax= 9.52515e+03, atom= 1744
Step=  656, Dmax= 1.4e-02 nm, Epot= -5.34567e+05 Fmax= 1.25074e+04, atom= 1744
Step=  657, Dmax= 7.1e-03 nm, Epot= -5.34632e+05 Fmax= 1.49158e+03, atom= 1744
Step=  658, Dmax= 8.6e-03 nm, Epot= -5.34659e+05 Fmax= 1.15166e+04, atom= 1744
Step=  659, Dmax= 1.0e-02 nm, Epot= -5.34730e+05 Fmax= 4.36539e+03, atom= 1744
Step=  660, Dmax= 1.2e-02 nm, Epot= -5.34679e+05 Fmax= 1.45143e+04, atom= 1744
Step=  661, Dmax= 6.2e-03 nm, Epot= -5.34749e+05 Fmax= 5.08131e+03, atom= 1744
Step=  662, Dmax= 7.4e-03 nm, Epot= -5.34765e+05 Fmax= 6.37337e+03, atom= 1744
Step=  663, Dmax= 8.9e-03 nm, Epot= -5.34781e+05 Fmax= 7.24842e+03, atom= 1744
Step=  664, Dmax= 1.1e-02 nm, Epot= -5.34789e+05 Fmax= 9.21853e+03, atom= 1744
Step=  665, Dmax= 1.3e-02 nm, Epot= -5.34798e+05 Fmax= 1.04046e+04, atom= 1744
Step=  666, Dmax= 1.5e-02 nm, Epot= -5.34789e+05 Fmax= 1.32662e+04, atom= 1744
Step=  667, Dmax= 7.7e-03 nm, Epot= -5.34864e+05 Fmax= 1.43287e+03, atom= 1744
Step=  668, Dmax= 9.2e-03 nm, Epot= -5.34888e+05 Fmax= 1.25600e+04, atom= 1744
Step=  669, Dmax= 1.1e-02 nm, Epot= -5.34971e+05 Fmax= 4.51303e+03, atom= 1744
Step=  670, Dmax= 1.3e-02 nm, Epot= -5.34901e+05 Fmax= 1.57870e+04, atom= 1744
Step=  671, Dmax= 6.6e-03 nm, Epot= -5.34987e+05 Fmax= 5.64605e+03, atom= 1744
Step=  672, Dmax= 8.0e-03 nm, Epot= -5.35004e+05 Fmax= 6.65869e+03, atom= 1744
Step=  673, Dmax= 9.6e-03 nm, Epot= -5.35016e+05 Fmax= 7.98784e+03, atom= 1744
Step=  674, Dmax= 1.1e-02 nm, Epot= -5.35024e+05 Fmax= 9.70359e+03, atom= 1744
Step=  675, Dmax= 1.4e-02 nm, Epot= -5.35028e+05 Fmax= 1.13913e+04, atom= 1744
Step=  676, Dmax= 1.7e-02 nm, Epot= -5.35017e+05 Fmax= 1.40398e+04, atom= 1744
Step=  677, Dmax= 8.3e-03 nm, Epot= -5.35103e+05 Fmax= 1.32786e+03, atom= 1744
Step=  678, Dmax= 9.9e-03 nm, Epot= -5.35125e+05 Fmax= 1.37214e+04, atom= 1744
Step=  679, Dmax= 1.2e-02 nm, Epot= -5.35223e+05 Fmax= 4.63570e+03, atom= 1744
Step=  680, Dmax= 1.4e-02 nm, Epot= -5.35132e+05 Fmax= 1.71884e+04, atom= 1744
Step=  681, Dmax= 7.1e-03 nm, Epot= -5.35237e+05 Fmax= 6.28879e+03, atom= 1744
Step=  682, Dmax= 8.6e-03 nm, Epot= -5.35254e+05 Fmax= 6.93111e+03, atom= 1744
Step=  683, Dmax= 1.0e-02 nm, Epot= -5.35262e+05 Fmax= 8.81718e+03, atom= 1744
Step=  684, Dmax= 1.2e-02 nm, Epot= -5.35270e+05 Fmax= 1.01907e+04, atom= 1744
Step=  685, Dmax= 1.5e-02 nm, Epot= -5.35265e+05 Fmax= 1.24859e+04, atom= 1744
Step=  686, Dmax= 7.4e-03 nm, Epot= -5.35332e+05 Fmax= 1.16080e+03, atom= 1744
Step=  687, Dmax= 8.9e-03 nm, Epot= -5.35369e+05 Fmax= 1.27338e+04, atom= 1744
Step=  688, Dmax= 1.1e-02 nm, Epot= -5.35455e+05 Fmax= 3.63622e+03, atom= 1744
Step=  689, Dmax= 1.3e-02 nm, Epot= -5.35385e+05 Fmax= 1.61428e+04, atom= 1744
Step=  690, Dmax= 6.4e-03 nm, Epot= -5.35469e+05 Fmax= 6.25562e+03, atom= 1744
Step=  691, Dmax= 7.7e-03 nm, Epot= -5.35492e+05 Fmax= 5.50591e+03, atom= 1744
Step=  692, Dmax= 9.2e-03 nm, Epot= -5.35494e+05 Fmax= 8.70504e+03, atom= 1744
Step=  693, Dmax= 1.1e-02 nm, Epot= -5.35517e+05 Fmax= 8.23568e+03, atom= 1744
Step=  694, Dmax= 1.3e-02 nm, Epot= -5.35501e+05 Fmax= 1.21916e+04, atom= 1744
Step=  695, Dmax= 6.6e-03 nm, Epot= -5.35561e+05 Fmax= 1.97719e+03, atom= 1744
Step=  696, Dmax= 7.9e-03 nm, Epot= -5.35572e+05 Fmax= 1.01562e+04, atom= 1744
Step=  697, Dmax= 9.5e-03 nm, Epot= -5.35627e+05 Fmax= 4.55728e+03, atom= 1744
Step=  698, Dmax= 1.1e-02 nm, Epot= -5.35590e+05 Fmax= 1.29790e+04, atom= 1744
Step=  699, Dmax= 5.7e-03 nm, Epot= -5.35647e+05 Fmax= 4.21562e+03, atom= 1744
Step=  700, Dmax= 6.9e-03 nm, Epot= -5.35660e+05 Fmax= 6.39901e+03, atom= 1744
Step=  701, Dmax= 8.2e-03 nm, Epot= -5.35679e+05 Fmax= 6.24440e+03, atom= 1744
Step=  702, Dmax= 9.9e-03 nm, Epot= -5.35682e+05 Fmax= 9.01864e+03, atom= 1744
Step=  703, Dmax= 1.2e-02 nm, Epot= -5.35700e+05 Fmax= 9.19090e+03, atom= 1744
Step=  704, Dmax= 1.4e-02 nm, Epot= -5.35684e+05 Fmax= 1.27546e+04, atom= 1744
Step=  705, Dmax= 7.1e-03 nm, Epot= -5.35752e+05 Fmax= 1.78191e+03, atom= 1744
Step=  706, Dmax= 8.5e-03 nm, Epot= -5.35760e+05 Fmax= 1.12620e+04, atom= 1744
Step=  707, Dmax= 1.0e-02 nm, Epot= -5.35827e+05 Fmax= 4.55373e+03, atom= 1744
Step=  708, Dmax= 1.2e-02 nm, Epot= -5.35774e+05 Fmax= 1.42994e+04, atom= 1744
Step=  709, Dmax= 6.2e-03 nm, Epot= -5.35845e+05 Fmax= 4.87896e+03, atom= 1744
Step=  710, Dmax= 7.4e-03 nm, Epot= -5.35858e+05 Fmax= 6.52238e+03, atom= 1744
Step=  711, Dmax= 8.9e-03 nm, Epot= -5.35874e+05 Fmax= 7.07085e+03, atom= 1744
Step=  712, Dmax= 1.1e-02 nm, Epot= -5.35877e+05 Fmax= 9.32644e+03, atom= 1744
Step=  713, Dmax= 1.3e-02 nm, Epot= -5.35888e+05 Fmax= 1.02480e+04, atom= 1744
Step=  714, Dmax= 1.5e-02 nm, Epot= -5.35873e+05 Fmax= 1.33297e+04, atom= 1744
Step=  715, Dmax= 7.7e-03 nm, Epot= -5.35950e+05 Fmax= 1.54241e+03, atom= 1744
Step=  716, Dmax= 9.2e-03 nm, Epot= -5.35960e+05 Fmax= 1.24809e+04, atom= 1744
Step=  717, Dmax= 1.1e-02 nm, Epot= -5.36040e+05 Fmax= 4.52324e+03, atom= 1744
Step=  718, Dmax= 1.3e-02 nm, Epot= -5.35968e+05 Fmax= 1.57446e+04, atom= 1744
Step=  719, Dmax= 6.6e-03 nm, Epot= -5.36055e+05 Fmax= 5.61867e+03, atom= 1744
Step=  720, Dmax= 7.9e-03 nm, Epot= -5.36070e+05 Fmax= 6.62973e+03, atom= 1744
Step=  721, Dmax= 9.5e-03 nm, Epot= -5.36080e+05 Fmax= 7.98470e+03, atom= 1744
Step=  722, Dmax= 1.1e-02 nm, Epot= -5.36086e+05 Fmax= 9.63233e+03, atom= 1744
Step=  723, Dmax= 1.4e-02 nm, Epot= -5.36087e+05 Fmax= 1.14093e+04, atom= 1744
Step=  724, Dmax= 1.6e-02 nm, Epot= -5.36076e+05 Fmax= 1.39221e+04, atom= 1744
Step=  725, Dmax= 8.2e-03 nm, Epot= -5.36162e+05 Fmax= 1.26051e+03, atom= 1744
Step=  726, Dmax= 9.9e-03 nm, Epot= -5.36179e+05 Fmax= 1.38130e+04, atom= 1744
Step=  727, Dmax= 1.2e-02 nm, Epot= -5.36277e+05 Fmax= 4.47690e+03, atom= 1744
Step=  728, Dmax= 1.4e-02 nm, Epot= -5.36180e+05 Fmax= 1.73057e+04, atom= 1744
Step=  729, Dmax= 7.1e-03 nm, Epot= -5.36288e+05 Fmax= 6.42810e+03, atom= 1744
Step=  730, Dmax= 8.5e-03 nm, Epot= -5.36305e+05 Fmax= 6.73343e+03, atom= 1744
Step=  731, Dmax= 1.0e-02 nm, Epot= -5.36308e+05 Fmax= 8.97882e+03, atom= 1744
Step=  732, Dmax= 1.2e-02 nm, Epot= -5.36318e+05 Fmax= 9.95077e+03, atom= 1744
Step=  733, Dmax= 1.5e-02 nm, Epot= -5.36308e+05 Fmax= 1.26672e+04, atom= 1744
Step=  734, Dmax= 7.4e-03 nm, Epot= -5.36377e+05 Fmax= 1.37092e+03, atom= 1744
Step=  735, Dmax= 8.8e-03 nm, Epot= -5.36392e+05 Fmax= 1.23706e+04, atom= 1744
Step=  736, Dmax= 1.1e-02 nm, Epot= -5.36472e+05 Fmax= 3.94995e+03, atom= 1744
Step=  737, Dmax= 1.3e-02 nm, Epot= -5.36402e+05 Fmax= 1.57198e+04, atom= 1744
Step=  738, Dmax= 6.4e-03 nm, Epot= -5.36485e+05 Fmax= 5.88475e+03, atom= 1744
Step=  739, Dmax= 7.6e-03 nm, Epot= -5.36503e+05 Fmax= 5.84933e+03, atom= 1744
Step=  740, Dmax= 9.2e-03 nm, Epot= -5.36508e+05 Fmax= 8.29359e+03, atom= 1744
Step=  741, Dmax= 1.1e-02 nm, Epot= -5.36523e+05 Fmax= 8.60371e+03, atom= 1744
Step=  742, Dmax= 1.3e-02 nm, Epot= -5.36513e+05 Fmax= 1.17376e+04, atom= 1744
Step=  743, Dmax= 6.6e-03 nm, Epot= -5.36570e+05 Fmax= 1.56630e+03, atom= 1744
Step=  744, Dmax= 7.9e-03 nm, Epot= -5.36585e+05 Fmax= 1.05587e+04, atom= 1744
Step=  745, Dmax= 9.5e-03 nm, Epot= -5.36645e+05 Fmax= 4.10038e+03, atom= 1744
Step=  746, Dmax= 1.1e-02 nm, Epot= -5.36601e+05 Fmax= 1.34002e+04, atom= 1744
Step=  747, Dmax= 5.7e-03 nm, Epot= -5.36661e+05 Fmax= 4.65537e+03, atom= 1744
Step=  748, Dmax= 6.8e-03 nm, Epot= -5.36675e+05 Fmax= 5.90580e+03, atom= 1744
Step=  749, Dmax= 8.2e-03 nm, Epot= -5.36689e+05 Fmax= 6.70835e+03, atom= 1744
Step=  750, Dmax= 9.9e-03 nm, Epot= -5.36695e+05 Fmax= 8.48609e+03, atom= 1744
Step=  751, Dmax= 1.2e-02 nm, Epot= -5.36703e+05 Fmax= 9.67683e+03, atom= 1744
Step=  752, Dmax= 1.4e-02 nm, Epot= -5.36696e+05 Fmax= 1.21791e+04, atom= 1744
Step=  753, Dmax= 7.1e-03 nm, Epot= -5.36759e+05 Fmax= 1.25221e+03, atom= 1744
Step=  754, Dmax= 8.5e-03 nm, Epot= -5.36784e+05 Fmax= 1.17804e+04, atom= 1744
Step=  755, Dmax= 1.0e-02 nm, Epot= -5.36857e+05 Fmax= 3.98356e+03, atom= 1744
Step=  756, Dmax= 1.2e-02 nm, Epot= -5.36795e+05 Fmax= 1.48275e+04, atom= 1744
Step=  757, Dmax= 6.1e-03 nm, Epot= -5.36870e+05 Fmax= 5.42993e+03, atom= 1744
Step=  758, Dmax= 7.4e-03 nm, Epot= -5.36886e+05 Fmax= 5.91846e+03, atom= 1744
Step=  759, Dmax= 8.8e-03 nm, Epot= -5.36894e+05 Fmax= 7.64308e+03, atom= 1744
Step=  760, Dmax= 1.1e-02 nm, Epot= -5.36904e+05 Fmax= 8.68406e+03, atom= 1744
Step=  761, Dmax= 1.3e-02 nm, Epot= -5.36902e+05 Fmax= 1.08397e+04, atom= 1744
Step=  762, Dmax= 6.4e-03 nm, Epot= -5.36951e+05 Fmax= 1.08651e+03, atom= 1744
Step=  763, Dmax= 7.6e-03 nm, Epot= -5.36988e+05 Fmax= 1.07565e+04, atom= 1744
Step=  764, Dmax= 9.2e-03 nm, Epot= -5.37052e+05 Fmax= 3.32544e+03, atom= 1744
Step=  765, Dmax= 1.1e-02 nm, Epot= -5.37008e+05 Fmax= 1.36353e+04, atom= 1744
Step=  766, Dmax= 5.5e-03 nm, Epot= -5.37066e+05 Fmax= 5.15516e+03, atom= 1744
Step=  767, Dmax= 6.6e-03 nm, Epot= -5.37083e+05 Fmax= 4.97188e+03, atom= 1744
Step=  768, Dmax= 7.9e-03 nm, Epot= -5.37091e+05 Fmax= 7.22547e+03, atom= 1744
Step=  769, Dmax= 9.5e-03 nm, Epot= -5.37107e+05 Fmax= 7.35805e+03, atom= 1744
Step=  770, Dmax= 1.1e-02 nm, Epot= -5.37103e+05 Fmax= 1.01888e+04, atom= 1744
Step=  771, Dmax= 5.7e-03 nm, Epot= -5.37144e+05 Fmax= 1.41443e+03, atom= 1744
Step=  772, Dmax= 6.8e-03 nm, Epot= -5.37167e+05 Fmax= 9.05859e+03, atom= 1744
Step=  773, Dmax= 8.2e-03 nm, Epot= -5.37214e+05 Fmax= 3.58256e+03, atom= 1744
Step=  774, Dmax= 9.8e-03 nm, Epot= -5.37190e+05 Fmax= 1.15250e+04, atom= 1744
Step=  775, Dmax= 4.9e-03 nm, Epot= -5.37230e+05 Fmax= 3.97488e+03, atom= 1744
Step=  776, Dmax= 5.9e-03 nm, Epot= -5.37244e+05 Fmax= 5.13199e+03, atom= 1744
Step=  777, Dmax= 7.1e-03 nm, Epot= -5.37259e+05 Fmax= 5.75459e+03, atom= 1744
Step=  778, Dmax= 8.5e-03 nm, Epot= -5.37268e+05 Fmax= 7.35029e+03, atom= 1744
Step=  779, Dmax= 1.0e-02 nm, Epot= -5.37278e+05 Fmax= 8.32572e+03, atom= 1744
Step=  780, Dmax= 1.2e-02 nm, Epot= -5.37277e+05 Fmax= 1.05287e+04, atom= 1744
Step=  781, Dmax= 6.1e-03 nm, Epot= -5.37322e+05 Fmax= 1.10174e+03, atom= 1744
Step=  782, Dmax= 7.3e-03 nm, Epot= -5.37358e+05 Fmax= 1.01561e+04, atom= 1744
Step=  783, Dmax= 8.8e-03 nm, Epot= -5.37415e+05 Fmax= 3.43648e+03, atom= 1744
Step=  784, Dmax= 1.1e-02 nm, Epot= -5.37378e+05 Fmax= 1.28023e+04, atom= 1744
Step=  785, Dmax= 5.3e-03 nm, Epot= -5.37429e+05 Fmax= 4.68821e+03, atom= 1744
Step=  786, Dmax= 6.3e-03 nm, Epot= -5.37445e+05 Fmax= 5.09779e+03, atom= 1744
Step=  787, Dmax= 7.6e-03 nm, Epot= -5.37456e+05 Fmax= 6.60626e+03, atom= 1744
Step=  788, Dmax= 9.1e-03 nm, Epot= -5.37467e+05 Fmax= 7.47623e+03, atom= 1744
Step=  789, Dmax= 1.1e-02 nm, Epot= -5.37470e+05 Fmax= 9.37487e+03, atom= 1744
Step=  790, Dmax= 1.3e-02 nm, Epot= -5.37472e+05 Fmax= 1.08865e+04, atom= 1744
Step=  791, Dmax= 1.6e-02 nm, Epot= -5.37461e+05 Fmax= 1.33577e+04, atom= 1744
Step=  792, Dmax= 7.9e-03 nm, Epot= -5.37540e+05 Fmax= 1.25176e+03, atom= 1744
Step=  793, Dmax= 9.5e-03 nm, Epot= -5.37549e+05 Fmax= 1.33978e+04, atom= 1744
Step=  794, Dmax= 1.1e-02 nm, Epot= -5.37640e+05 Fmax= 4.10385e+03, atom= 1744
Step=  795, Dmax= 1.4e-02 nm, Epot= -5.37548e+05 Fmax= 1.69345e+04, atom= 1744
Step=  796, Dmax= 6.8e-03 nm, Epot= -5.37650e+05 Fmax= 6.41780e+03, atom= 1744
Step=  797, Dmax= 8.2e-03 nm, Epot= -5.37667e+05 Fmax= 6.16920e+03, atom= 1744
Step=  798, Dmax= 9.8e-03 nm, Epot= -5.37666e+05 Fmax= 8.96597e+03, atom= 1744
Step=  799, Dmax= 4.9e-03 nm, Epot= -5.37695e+05 Fmax= 1.39706e+03, atom= 1744
Step=  800, Dmax= 5.9e-03 nm, Epot= -5.37720e+05 Fmax= 7.65253e+03, atom= 1744
Step=  801, Dmax= 7.1e-03 nm, Epot= -5.37756e+05 Fmax= 3.24678e+03, atom= 1744
Step=  802, Dmax= 8.5e-03 nm, Epot= -5.37746e+05 Fmax= 9.79583e+03, atom= 1744
Step=  803, Dmax= 4.2e-03 nm, Epot= -5.37772e+05 Fmax= 3.27693e+03, atom= 1744
Step=  804, Dmax= 5.1e-03 nm, Epot= -5.37787e+05 Fmax= 4.57471e+03, atom= 1744
Step=  805, Dmax= 6.1e-03 nm, Epot= -5.37802e+05 Fmax= 4.82116e+03, atom= 1744
Step=  806, Dmax= 7.3e-03 nm, Epot= -5.37812e+05 Fmax= 6.47998e+03, atom= 1744
Step=  807, Dmax= 8.8e-03 nm, Epot= -5.37825e+05 Fmax= 7.04872e+03, atom= 1744
Step=  808, Dmax= 1.1e-02 nm, Epot= -5.37826e+05 Fmax= 9.21490e+03, atom= 1744
Step=  809, Dmax= 1.3e-02 nm, Epot= -5.37833e+05 Fmax= 1.02557e+04, atom= 1744
Step=  810, Dmax= 1.5e-02 nm, Epot= -5.37818e+05 Fmax= 1.31416e+04, atom= 1744
Step=  811, Dmax= 7.6e-03 nm, Epot= -5.37895e+05 Fmax= 1.44459e+03, atom= 1744
Step=  812, Dmax= 9.1e-03 nm, Epot= -5.37895e+05 Fmax= 1.25860e+04, atom= 1744
Step=  813, Dmax= 1.1e-02 nm, Epot= -5.37976e+05 Fmax= 4.29349e+03, atom= 1744
Step=  814, Dmax= 1.3e-02 nm, Epot= -5.37896e+05 Fmax= 1.58882e+04, atom= 1744
Step=  815, Dmax= 6.6e-03 nm, Epot= -5.37987e+05 Fmax= 5.80597e+03, atom= 1744
Step=  816, Dmax= 7.9e-03 nm, Epot= -5.38001e+05 Fmax= 6.33853e+03, atom= 1744
Step=  817, Dmax= 9.5e-03 nm, Epot= -5.38006e+05 Fmax= 8.20337e+03, atom= 1744
Step=  818, Dmax= 1.1e-02 nm, Epot= -5.38013e+05 Fmax= 9.27422e+03, atom= 1744
Step=  819, Dmax= 1.4e-02 nm, Epot= -5.38006e+05 Fmax= 1.16521e+04, atom= 1744
Step=  820, Dmax= 6.8e-03 nm, Epot= -5.38065e+05 Fmax= 1.19973e+03, atom= 1744
Step=  821, Dmax= 8.2e-03 nm, Epot= -5.38084e+05 Fmax= 1.14206e+04, atom= 1744
Step=  822, Dmax= 9.8e-03 nm, Epot= -5.38153e+05 Fmax= 3.67393e+03, atom= 1744
Step=  823, Dmax= 1.2e-02 nm, Epot= -5.38094e+05 Fmax= 1.44670e+04, atom= 1744
Step=  824, Dmax= 5.9e-03 nm, Epot= -5.38165e+05 Fmax= 5.39635e+03, atom= 1744
Step=  825, Dmax= 7.1e-03 nm, Epot= -5.38181e+05 Fmax= 5.46432e+03, atom= 1744
Step=  826, Dmax= 8.5e-03 nm, Epot= -5.38186e+05 Fmax= 7.58882e+03, atom= 1744
Step=  827, Dmax= 1.0e-02 nm, Epot= -5.38198e+05 Fmax= 8.04476e+03, atom= 1744
Step=  828, Dmax= 1.2e-02 nm, Epot= -5.38192e+05 Fmax= 1.07389e+04, atom= 1744
Step=  829, Dmax= 6.1e-03 nm, Epot= -5.38239e+05 Fmax= 1.34610e+03, atom= 1744
Step=  830, Dmax= 7.3e-03 nm, Epot= -5.38257e+05 Fmax= 9.91575e+03, atom= 1744
Step=  831, Dmax= 8.8e-03 nm, Epot= -5.38311e+05 Fmax= 3.62245e+03, atom= 1744
Step=  832, Dmax= 1.1e-02 nm, Epot= -5.38273e+05 Fmax= 1.25829e+04, atom= 1744
Step=  833, Dmax= 5.3e-03 nm, Epot= -5.38324e+05 Fmax= 4.48472e+03, atom= 1744
Step=  834, Dmax= 6.3e-03 nm, Epot= -5.38338e+05 Fmax= 5.26014e+03, atom= 1744
Step=  835, Dmax= 7.6e-03 nm, Epot= -5.38349e+05 Fmax= 6.41348e+03, atom= 1744
Step=  836, Dmax= 9.1e-03 nm, Epot= -5.38358e+05 Fmax= 7.61400e+03, atom= 1744
Step=  837, Dmax= 1.1e-02 nm, Epot= -5.38361e+05 Fmax= 9.18894e+03, atom= 1744
Step=  838, Dmax= 1.3e-02 nm, Epot= -5.38360e+05 Fmax= 1.09969e+04, atom= 1744
Step=  839, Dmax= 6.6e-03 nm, Epot= -5.38412e+05 Fmax= 9.05315e+02, atom= 1744

writing lowest energy coordinates.

Steepest Descents converged to Fmax < 1000 in 840 steps
Potential Energy  = -5.3841200e+05
Maximum force     =  9.0531525e+02 on atom 1744
Norm of force     =  1.8225644e+01

GROMACS reminds you: "It all works because Avogadro's number is closer to infinity than to 10." (Ralph Baierlein)

