
--- stderr ---
                :-) GROMACS - gmx mdrun, 2024.5-conda_forge (-:

Executable:   /usr/local/Caskroom/miniforge/base/envs/gromacs_env/bin.AVX2_256/gmx
Data prefix:  /usr/local/Caskroom/miniforge/base/envs/gromacs_env
Working dir:  /Users/laetitiaguerin/Library/CloudStorage/OneDrive-Personal/Documents/BSc_Nanobiology/Year_5/BEP/Energy_minimization/tleap_runs/P00214_C21A
Command line:
  gmx mdrun -v -deffnm P00214_C21A_minim

The current CPU can measure timings more accurately than the code in
gmx mdrun was configured to use. This might affect your simulation
speed as accurate timings are needed for load-balancing.
Please consider rebuilding gmx mdrun with the GMX_USE_RDTSCP=ON CMake option.
Reading file P00214_C21A_minim.tpr, VERSION 2024.5-conda_forge (single precision)

Using 1 MPI thread
Using 8 OpenMP threads 


Steepest Descents:
   Tolerance (Fmax)   =  1.00000e+03
   Number of steps    =        50000
Step=    0, Dmax= 1.0e-02 nm, Epot= -2.13812e+05 Fmax= 2.24329e+03, atom= 1645
Step=    1, Dmax= 1.0e-02 nm, Epot= -2.20836e+05 Fmax= 6.43574e+03, atom= 1429
Step=    2, Dmax= 1.2e-02 nm, Epot= -2.22791e+05 Fmax= 9.01089e+03, atom= 884
Step=    3, Dmax= 1.4e-02 nm, Epot= -2.24254e+05 Fmax= 1.28615e+04, atom= 884
Step=    4, Dmax= 1.7e-02 nm, Epot= -2.26097e+05 Fmax= 1.32394e+04, atom= 884
Step=    5, Dmax= 2.1e-02 nm, Epot= -2.26780e+05 Fmax= 1.81626e+04, atom= 884
Step=    6, Dmax= 2.5e-02 nm, Epot= -2.27951e+05 Fmax= 1.93458e+04, atom= 884
Step=    7, Dmax= 3.0e-02 nm, Epot= -2.27899e+05 Fmax= 2.56619e+04, atom= 884
Step=    8, Dmax= 1.5e-02 nm, Epot= -2.30469e+05 Fmax= 3.22676e+03, atom= 884
Step=    9, Dmax= 1.8e-02 nm, Epot= -2.31933e+05 Fmax= 2.36720e+04, atom= 884
Step=   10, Dmax= 2.1e-02 nm, Epot= -2.34320e+05 Fmax= 8.93055e+03, atom= 884
Step=   11, Dmax= 2.6e-02 nm, Epot= -2.32346e+05 Fmax= 3.08273e+04, atom= 635
Step=   12, Dmax= 1.3e-02 nm, Epot= -2.34898e+05 Fmax= 1.10422e+04, atom= 635
Step=   13, Dmax= 1.5e-02 nm, Epot= -2.35422e+05 Fmax= 1.24921e+04, atom= 635
Step=   14, Dmax= 1.9e-02 nm, Epot= -2.35729e+05 Fmax= 1.63432e+04, atom= 635
Step=   15, Dmax= 2.2e-02 nm, Epot= -2.36152e+05 Fmax= 1.76231e+04, atom= 635
Step=   16, Dmax= 2.7e-02 nm, Epot= -2.35982e+05 Fmax= 2.36592e+04, atom= 635
Step=   17, Dmax= 1.3e-02 nm, Epot= -2.37517e+05 Fmax= 3.06732e+03, atom= 635
Step=   18, Dmax= 1.6e-02 nm, Epot= -2.38231e+05 Fmax= 2.07117e+04, atom= 635
Step=   19, Dmax= 1.9e-02 nm, Epot= -2.39576e+05 Fmax= 9.13276e+03, atom= 635
Step=   20, Dmax= 2.3e-02 nm, Epot= -2.38760e+05 Fmax= 2.59660e+04, atom= 635
Step=   21, Dmax= 1.2e-02 nm, Epot= -2.40003e+05 Fmax= 8.42571e+03, atom= 635
Step=   22, Dmax= 1.4e-02 nm, Epot= -2.40252e+05 Fmax= 1.31949e+04, atom= 635
Step=   23, Dmax= 1.7e-02 nm, Epot= -2.40681e+05 Fmax= 1.21772e+04, atom= 635
Step=   24, Dmax= 2.0e-02 nm, Epot= -2.40666e+05 Fmax= 1.87794e+04, atom= 635
Step=   25, Dmax= 1.0e-02 nm, Epot= -2.41263e+05 Fmax= 3.32082e+03, atom= 635
Step=   26, Dmax= 1.2e-02 nm, Epot= -2.41775e+05 Fmax= 1.45327e+04, atom= 635
Step=   27, Dmax= 1.4e-02 nm, Epot= -2.42377e+05 Fmax= 7.76445e+03, atom= 635
Step=   28, Dmax= 1.7e-02 nm, Epot= -2.42317e+05 Fmax= 1.84310e+04, atom= 635
Step=   29, Dmax= 8.6e-03 nm, Epot= -2.42712e+05 Fmax= 5.33437e+03, atom= 635
Step=   30, Dmax= 1.0e-02 nm, Epot= -2.42994e+05 Fmax= 1.09074e+04, atom= 635
Step=   31, Dmax= 1.2e-02 nm, Epot= -2.43359e+05 Fmax= 8.03399e+03, atom= 635
Step=   32, Dmax= 1.5e-02 nm, Epot= -2.43459e+05 Fmax= 1.51827e+04, atom= 635
Step=   33, Dmax= 1.8e-02 nm, Epot= -2.43866e+05 Fmax= 1.21401e+04, atom= 635
Step=   34, Dmax= 2.1e-02 nm, Epot= -2.43699e+05 Fmax= 2.10897e+04, atom= 635
Step=   35, Dmax= 1.1e-02 nm, Epot= -2.44295e+05 Fmax= 4.49448e+03, atom= 635
Step=   36, Dmax= 1.3e-02 nm, Epot= -2.44512e+05 Fmax= 1.49119e+04, atom= 635
Step=   37, Dmax= 1.5e-02 nm, Epot= -2.44970e+05 Fmax= 9.01788e+03, atom= 635
Step=   38, Dmax= 1.9e-02 nm, Epot= -2.44867e+05 Fmax= 1.92121e+04, atom= 635
Step=   39, Dmax= 9.3e-03 nm, Epot= -2.45255e+05 Fmax= 5.09975e+03, atom= 635
Step=   40, Dmax= 1.1e-02 nm, Epot= -2.45457e+05 Fmax= 1.23337e+04, atom= 635
Step=   41, Dmax= 1.3e-02 nm, Epot= -2.45786e+05 Fmax= 8.06194e+03, atom= 635
Step=   42, Dmax= 1.6e-02 nm, Epot= -2.45798e+05 Fmax= 1.68540e+04, atom= 635
Step=   43, Dmax= 1.9e-02 nm, Epot= -2.46184e+05 Fmax= 1.25417e+04, atom= 635
Step=   44, Dmax= 2.3e-02 nm, Epot= -2.45929e+05 Fmax= 2.31215e+04, atom= 635
Step=   45, Dmax= 1.2e-02 nm, Epot= -2.46537e+05 Fmax= 5.31211e+03, atom= 635
Step=   46, Dmax= 1.4e-02 nm, Epot= -2.46637e+05 Fmax= 1.56477e+04, atom= 635
Step=   47, Dmax= 1.7e-02 nm, Epot= -2.47021e+05 Fmax= 1.00393e+04, atom= 635
Step=   48, Dmax= 2.0e-02 nm, Epot= -2.46877e+05 Fmax= 2.03486e+04, atom= 635
Step=   49, Dmax= 1.0e-02 nm, Epot= -2.47275e+05 Fmax= 5.15936e+03, atom= 635
Step=   50, Dmax= 1.2e-02 nm, Epot= -2.47411e+05 Fmax= 1.35403e+04, atom= 635
Step=   51, Dmax= 1.4e-02 nm, Epot= -2.47717e+05 Fmax= 8.40625e+03, atom= 635
Step=   52, Dmax= 1.7e-02 nm, Epot= -2.47662e+05 Fmax= 1.83287e+04, atom= 635
Step=   53, Dmax= 8.6e-03 nm, Epot= -2.47928e+05 Fmax= 4.96908e+03, atom= 635
Step=   54, Dmax= 1.0e-02 nm, Epot= -2.48100e+05 Fmax= 1.06843e+04, atom= 635
Step=   55, Dmax= 1.2e-02 nm, Epot= -2.48317e+05 Fmax= 8.53880e+03, atom= 635
Step=   56, Dmax= 1.5e-02 nm, Epot= -2.48386e+05 Fmax= 1.41492e+04, atom= 635
Step=   57, Dmax= 1.8e-02 nm, Epot= -2.48583e+05 Fmax= 1.34493e+04, atom= 635
Step=   58, Dmax= 2.1e-02 nm, Epot= -2.48547e+05 Fmax= 1.92772e+04, atom= 635
Step=   59, Dmax= 1.1e-02 nm, Epot= -2.48897e+05 Fmax= 2.92817e+03, atom= 635
Step=   60, Dmax= 1.3e-02 nm, Epot= -2.49101e+05 Fmax= 1.73892e+04, atom= 635
Step=   61, Dmax= 1.5e-02 nm, Epot= -2.49518e+05 Fmax= 6.26713e+03, atom= 635
Step=   62, Dmax= 1.9e-02 nm, Epot= -2.49328e+05 Fmax= 2.25384e+04, atom= 635
Step=   63, Dmax= 9.3e-03 nm, Epot= -2.49664e+05 Fmax= 8.14371e+03, atom= 635
Step=   64, Dmax= 1.1e-02 nm, Epot= -2.49808e+05 Fmax= 8.80383e+03, atom= 635
Step=   65, Dmax= 1.3e-02 nm, Epot= -2.49912e+05 Fmax= 1.18697e+04, atom= 635
Step=   66, Dmax= 1.6e-02 nm, Epot= -2.50041e+05 Fmax= 1.25859e+04, atom= 635
Step=   67, Dmax= 1.9e-02 nm, Epot= -2.50066e+05 Fmax= 1.70699e+04, atom= 635
Step=   68, Dmax= 2.3e-02 nm, Epot= -2.50166e+05 Fmax= 1.81390e+04, atom= 635
Step=   69, Dmax= 2.8e-02 nm, Epot= -2.50041e+05 Fmax= 2.43634e+04, atom= 635
Step=   70, Dmax= 1.4e-02 nm, Epot= -2.50604e+05 Fmax= 3.16583e+03, atom= 635
Step=   71, Dmax= 1.7e-02 nm, Epot= -2.50647e+05 Fmax= 2.18372e+04, atom= 635
Step=   72, Dmax= 2.0e-02 nm, Epot= -2.51168e+05 Fmax= 8.91461e+03, atom= 635
Step=   73, Dmax= 2.4e-02 nm, Epot= -2.50714e+05 Fmax= 2.75232e+04, atom= 635
Step=   74, Dmax= 1.2e-02 nm, Epot= -2.51290e+05 Fmax= 9.31667e+03, atom= 635
Step=   75, Dmax= 1.4e-02 nm, Epot= -2.51360e+05 Fmax= 1.28774e+04, atom= 635
Step=   76, Dmax= 1.7e-02 nm, Epot= -2.51470e+05 Fmax= 1.34186e+04, atom= 635
Step=   77, Dmax= 2.1e-02 nm, Epot= -2.51454e+05 Fmax= 1.84215e+04, atom= 635
Step=   78, Dmax= 1.0e-02 nm, Epot= -2.51724e+05 Fmax= 2.52464e+03, atom= 635
Step=   79, Dmax= 1.2e-02 nm, Epot= -2.51921e+05 Fmax= 1.60605e+04, atom= 635
Step=   80, Dmax= 1.5e-02 nm, Epot= -2.52217e+05 Fmax= 6.91165e+03, atom= 635
Step=   81, Dmax= 1.8e-02 nm, Epot= -2.52080e+05 Fmax= 2.02752e+04, atom= 635
Step=   82, Dmax= 8.9e-03 nm, Epot= -2.52332e+05 Fmax= 6.68516e+03, atom= 635
Step=   83, Dmax= 1.1e-02 nm, Epot= -2.52420e+05 Fmax= 9.93064e+03, atom= 635
Step=   84, Dmax= 1.3e-02 nm, Epot= -2.52532e+05 Fmax= 9.69802e+03, atom= 635
Step=   85, Dmax= 1.5e-02 nm, Epot= -2.52566e+05 Fmax= 1.41394e+04, atom= 635
Step=   86, Dmax= 1.8e-02 nm, Epot= -2.52672e+05 Fmax= 1.41438e+04, atom= 635
Step=   87, Dmax= 2.2e-02 nm, Epot= -2.52608e+05 Fmax= 2.00479e+04, atom= 635
Step=   88, Dmax= 1.1e-02 nm, Epot= -2.52923e+05 Fmax= 2.97837e+03, atom= 635
Step=   89, Dmax= 1.3e-02 nm, Epot= -2.53011e+05 Fmax= 1.71068e+04, atom= 635
Step=   90, Dmax= 1.6e-02 nm, Epot= -2.53312e+05 Fmax= 7.56771e+03, atom= 635
Step=   91, Dmax= 1.9e-02 nm, Epot= -2.53114e+05 Fmax= 2.16821e+04, atom= 635
Step=   92, Dmax= 9.6e-03 nm, Epot= -2.53415e+05 Fmax= 7.06077e+03, atom= 635
Step=   93, Dmax= 1.1e-02 nm, Epot= -2.53480e+05 Fmax= 1.07785e+04, atom= 635
Step=   94, Dmax= 1.4e-02 nm, Epot= -2.53583e+05 Fmax= 1.03313e+04, atom= 635
Step=   95, Dmax= 1.7e-02 nm, Epot= -2.53587e+05 Fmax= 1.52659e+04, atom= 635
Step=   96, Dmax= 2.0e-02 nm, Epot= -2.53683e+05 Fmax= 1.51379e+04, atom= 635
Step=   97, Dmax= 2.4e-02 nm, Epot= -2.53580e+05 Fmax= 2.15751e+04, atom= 635
Step=   98, Dmax= 1.2e-02 nm, Epot= -2.53947e+05 Fmax= 3.25088e+03, atom= 635
Step=   99, Dmax= 1.4e-02 nm, Epot= -2.53959e+05 Fmax= 1.83909e+04, atom= 635
Step=  100, Dmax= 1.7e-02 nm, Epot= -2.54279e+05 Fmax= 8.11700e+03, atom= 635
Step=  101, Dmax= 2.1e-02 nm, Epot= -2.54011e+05 Fmax= 2.33399e+04, atom= 635
Step=  102, Dmax= 1.0e-02 nm, Epot= -2.54372e+05 Fmax= 7.61613e+03, atom= 635
Step=  103, Dmax= 1.2e-02 nm, Epot= -2.54417e+05 Fmax= 1.15368e+04, atom= 635
Step=  104, Dmax= 1.5e-02 nm, Epot= -2.54510e+05 Fmax= 1.11604e+04, atom= 635
Step=  105, Dmax= 1.8e-02 nm, Epot= -2.54489e+05 Fmax= 1.63264e+04, atom= 635
Step=  106, Dmax= 8.9e-03 nm, Epot= -2.54672e+05 Fmax= 2.59698e+03, atom= 635
Step=  107, Dmax= 1.1e-02 nm, Epot= -2.54785e+05 Fmax= 1.34999e+04, atom= 635
Step=  108, Dmax= 1.3e-02 nm, Epot= -2.54977e+05 Fmax= 6.31087e+03, atom= 635
Step=  109, Dmax= 1.5e-02 nm, Epot= -2.54902e+05 Fmax= 1.71532e+04, atom= 635
Step=  110, Dmax= 7.7e-03 nm, Epot= -2.55064e+05 Fmax= 5.42233e+03, atom= 635
Step=  111, Dmax= 9.2e-03 nm, Epot= -2.55128e+05 Fmax= 8.92083e+03, atom= 635
Step=  112, Dmax= 1.1e-02 nm, Epot= -2.55218e+05 Fmax= 8.01679e+03, atom= 635
Step=  113, Dmax= 1.3e-02 nm, Epot= -2.55240e+05 Fmax= 1.25592e+04, atom= 635
Step=  114, Dmax= 1.6e-02 nm, Epot= -2.55331e+05 Fmax= 1.18525e+04, atom= 635
Step=  115, Dmax= 1.9e-02 nm, Epot= -2.55277e+05 Fmax= 1.76718e+04, atom= 635
Step=  116, Dmax= 9.6e-03 nm, Epot= -2.55500e+05 Fmax= 2.92576e+03, atom= 635
Step=  117, Dmax= 1.1e-02 nm, Epot= -2.55557e+05 Fmax= 1.44337e+04, atom= 635
Step=  118, Dmax= 1.4e-02 nm, Epot= -2.55760e+05 Fmax= 6.84963e+03, atom= 635
Step=  119, Dmax= 1.7e-02 nm, Epot= -2.55639e+05 Fmax= 1.83908e+04, atom= 635
Step=  120, Dmax= 8.3e-03 nm, Epot= -2.55841e+05 Fmax= 5.77217e+03, atom= 635
Step=  121, Dmax= 9.9e-03 nm, Epot= -2.55890e+05 Fmax= 9.62905e+03, atom= 635
Step=  122, Dmax= 1.2e-02 nm, Epot= -2.55976e+05 Fmax= 8.58563e+03, atom= 635
Step=  123, Dmax= 1.4e-02 nm, Epot= -2.55976e+05 Fmax= 1.35126e+04, atom= 635
Step=  124, Dmax= 7.1e-03 nm, Epot= -2.56085e+05 Fmax= 2.47037e+03, atom= 635
Step=  125, Dmax= 8.6e-03 nm, Epot= -2.56188e+05 Fmax= 1.04527e+04, atom= 635
Step=  126, Dmax= 1.0e-02 nm, Epot= -2.56315e+05 Fmax= 5.45750e+03, atom= 635
Step=  127, Dmax= 1.2e-02 nm, Epot= -2.56306e+05 Fmax= 1.33628e+04, atom= 635
Step=  128, Dmax= 6.2e-03 nm, Epot= -2.56388e+05 Fmax= 3.95283e+03, atom= 635
Step=  129, Dmax= 7.4e-03 nm, Epot= -2.56455e+05 Fmax= 7.59183e+03, atom= 635
Step=  130, Dmax= 8.9e-03 nm, Epot= -2.56536e+05 Fmax= 5.99570e+03, atom= 635
Step=  131, Dmax= 1.1e-02 nm, Epot= -2.56566e+05 Fmax= 1.05509e+04, atom= 635
Step=  132, Dmax= 1.3e-02 nm, Epot= -2.56655e+05 Fmax= 9.04141e+03, atom= 635
Step=  133, Dmax= 1.5e-02 nm, Epot= -2.56627e+05 Fmax= 1.46978e+04, atom= 635
Step=  134, Dmax= 7.7e-03 nm, Epot= -2.56765e+05 Fmax= 2.83603e+03, atom= 635
Step=  135, Dmax= 9.2e-03 nm, Epot= -2.56832e+05 Fmax= 1.11009e+04, atom= 635
Step=  136, Dmax= 1.1e-02 nm, Epot= -2.56961e+05 Fmax= 5.99213e+03, atom= 635
Step=  137, Dmax= 1.3e-02 nm, Epot= -2.56925e+05 Fmax= 1.42565e+04, atom= 635
Step=  138, Dmax= 6.6e-03 nm, Epot= -2.57033e+05 Fmax= 4.13266e+03, atom= 635
Step=  139, Dmax= 8.0e-03 nm, Epot= -2.57087e+05 Fmax= 8.26508e+03, atom= 635
Step=  140, Dmax= 9.6e-03 nm, Epot= -2.57168e+05 Fmax= 6.34903e+03, atom= 635
Step=  141, Dmax= 1.1e-02 nm, Epot= -2.57180e+05 Fmax= 1.14230e+04, atom= 635
Step=  142, Dmax= 1.4e-02 nm, Epot= -2.57270e+05 Fmax= 9.64297e+03, atom= 635
Step=  143, Dmax= 1.7e-02 nm, Epot= -2.57215e+05 Fmax= 1.58558e+04, atom= 635
Step=  144, Dmax= 8.3e-03 nm, Epot= -2.57386e+05 Fmax= 3.11598e+03, atom= 635
Step=  145, Dmax= 9.9e-03 nm, Epot= -2.57423e+05 Fmax= 1.18928e+04, atom= 635
Step=  146, Dmax= 1.2e-02 nm, Epot= -2.57559e+05 Fmax= 6.47095e+03, atom= 635
Step=  147, Dmax= 1.4e-02 nm, Epot= -2.57492e+05 Fmax= 1.53074e+04, atom= 635
Step=  148, Dmax= 7.1e-03 nm, Epot= -2.57630e+05 Fmax= 4.41911e+03, atom= 635
Step=  149, Dmax= 8.6e-03 nm, Epot= -2.57670e+05 Fmax= 8.89256e+03, atom= 635
Step=  150, Dmax= 1.0e-02 nm, Epot= -2.57751e+05 Fmax= 6.82268e+03, atom= 635
Step=  151, Dmax= 1.2e-02 nm, Epot= -2.57744e+05 Fmax= 1.22642e+04, atom= 635
Step=  152, Dmax= 6.2e-03 nm, Epot= -2.57828e+05 Fmax= 2.72472e+03, atom= 635
Step=  153, Dmax= 7.4e-03 nm, Epot= -2.57895e+05 Fmax= 8.45875e+03, atom= 635
Step=  154, Dmax= 8.9e-03 nm, Epot= -2.57982e+05 Fmax= 5.27360e+03, atom= 635
Step=  155, Dmax= 1.1e-02 nm, Epot= -2.57990e+05 Fmax= 1.09663e+04, atom= 635
Step=  156, Dmax= 1.3e-02 nm, Epot= -2.58082e+05 Fmax= 8.77059e+03, atom= 635
Step=  157, Dmax= 1.5e-02 nm, Epot= -2.58035e+05 Fmax= 1.46777e+04, atom= 635
Step=  158, Dmax= 7.7e-03 nm, Epot= -2.58180e+05 Fmax= 2.95698e+03, atom= 635
Step=  159, Dmax= 9.2e-03 nm, Epot= -2.58210e+05 Fmax= 1.14265e+04, atom= 635
Step=  160, Dmax= 1.1e-02 nm, Epot= -2.58340e+05 Fmax= 5.49031e+03, atom= 635
Step=  161, Dmax= 1.3e-02 nm, Epot= -2.58271e+05 Fmax= 1.50580e+04, atom= 635
Step=  162, Dmax= 6.6e-03 nm, Epot= -2.58399e+05 Fmax= 4.78707e+03, atom= 635
Step=  163, Dmax= 7.9e-03 nm, Epot= -2.58442e+05 Fmax= 7.32587e+03, atom= 635
Step=  164, Dmax= 9.5e-03 nm, Epot= -2.58497e+05 Fmax= 7.44160e+03, atom= 635
Step=  165, Dmax= 1.1e-02 nm, Epot= -2.58520e+05 Fmax= 1.00570e+04, atom= 635
Step=  166, Dmax= 1.4e-02 nm, Epot= -2.58558e+05 Fmax= 1.11575e+04, atom= 635
Step=  167, Dmax= 1.6e-02 nm, Epot= -2.58551e+05 Fmax= 1.40672e+04, atom= 635
Step=  168, Dmax= 8.2e-03 nm, Epot= -2.58696e+05 Fmax= 1.46339e+03, atom= 635
Step=  169, Dmax= 9.9e-03 nm, Epot= -2.58797e+05 Fmax= 1.42482e+04, atom= 635
Step=  170, Dmax= 1.2e-02 nm, Epot= -2.58996e+05 Fmax= 3.97458e+03, atom= 635
Step=  171, Dmax= 1.4e-02 nm, Epot= -2.58858e+05 Fmax= 1.81729e+04, atom= 635
Step=  172, Dmax= 7.1e-03 nm, Epot= -2.59037e+05 Fmax= 7.10791e+03, atom= 635
Step=  173, Dmax= 8.5e-03 nm, Epot= -2.59097e+05 Fmax= 5.96037e+03, atom= 635
Step=  174, Dmax= 1.0e-02 nm, Epot= -2.59110e+05 Fmax= 9.93191e+03, atom= 635
Step=  175, Dmax= 1.2e-02 nm, Epot= -2.59174e+05 Fmax= 8.90870e+03, atom= 635
Step=  176, Dmax= 1.5e-02 nm, Epot= -2.59137e+05 Fmax= 1.39008e+04, atom= 635
Step=  177, Dmax= 7.4e-03 nm, Epot= -2.59273e+05 Fmax= 2.50324e+03, atom= 635
Step=  178, Dmax= 8.9e-03 nm, Epot= -2.59307e+05 Fmax= 1.08933e+04, atom= 635
Step=  179, Dmax= 1.1e-02 nm, Epot= -2.59425e+05 Fmax= 5.53238e+03, atom= 635
Step=  180, Dmax= 1.3e-02 nm, Epot= -2.59363e+05 Fmax= 1.39386e+04, atom= 635
Step=  181, Dmax= 6.4e-03 nm, Epot= -2.59480e+05 Fmax= 4.20334e+03, atom= 635
Step=  182, Dmax= 7.7e-03 nm, Epot= -2.59512e+05 Fmax= 7.69722e+03, atom= 635
Step=  183, Dmax= 9.2e-03 nm, Epot= -2.59573e+05 Fmax= 6.35396e+03, atom= 635
Step=  184, Dmax= 1.1e-02 nm, Epot= -2.59571e+05 Fmax= 1.07164e+04, atom= 635
Step=  185, Dmax= 5.5e-03 nm, Epot= -2.59638e+05 Fmax= 2.18452e+03, atom= 635
Step=  186, Dmax= 6.6e-03 nm, Epot= -2.59699e+05 Fmax= 7.79139e+03, atom= 635
Step=  187, Dmax= 7.9e-03 nm, Epot= -2.59774e+05 Fmax= 4.49052e+03, atom= 635
Step=  188, Dmax= 9.5e-03 nm, Epot= -2.59777e+05 Fmax= 1.00236e+04, atom= 635
Step=  189, Dmax= 1.1e-02 nm, Epot= -2.59858e+05 Fmax= 7.63104e+03, atom= 635
Step=  190, Dmax= 1.4e-02 nm, Epot= -2.59812e+05 Fmax= 1.33379e+04, atom= 635
Step=  191, Dmax= 6.9e-03 nm, Epot= -2.59936e+05 Fmax= 2.85552e+03, atom= 635
Step=  192, Dmax= 8.2e-03 nm, Epot= -2.59956e+05 Fmax= 9.99791e+03, atom= 635
Step=  193, Dmax= 9.9e-03 nm, Epot= -2.60058e+05 Fmax= 5.12765e+03, atom= 635
Step=  194, Dmax= 1.2e-02 nm, Epot= -2.60003e+05 Fmax= 1.32491e+04, atom= 635
Step=  195, Dmax= 5.9e-03 nm, Epot= -2.60108e+05 Fmax= 4.06326e+03, atom= 635
Step=  196, Dmax= 7.1e-03 nm, Epot= -2.60142e+05 Fmax= 6.76043e+03, atom= 635
Step=  197, Dmax= 8.5e-03 nm, Epot= -2.60191e+05 Fmax= 6.44752e+03, atom= 635
Step=  198, Dmax= 1.0e-02 nm, Epot= -2.60205e+05 Fmax= 9.19685e+03, atom= 635
Step=  199, Dmax= 1.2e-02 nm, Epot= -2.60242e+05 Fmax= 9.78057e+03, atom= 635
Step=  200, Dmax= 1.5e-02 nm, Epot= -2.60229e+05 Fmax= 1.27803e+04, atom= 635
Step=  201, Dmax= 7.4e-03 nm, Epot= -2.60354e+05 Fmax= 1.50524e+03, atom= 635
Step=  202, Dmax= 8.8e-03 nm, Epot= -2.60413e+05 Fmax= 1.24994e+04, atom= 635
Step=  203, Dmax= 1.1e-02 nm, Epot= -2.60572e+05 Fmax= 3.78691e+03, atom= 635
Step=  204, Dmax= 1.3e-02 nm, Epot= -2.60458e+05 Fmax= 1.60190e+04, atom= 635
Step=  205, Dmax= 6.4e-03 nm, Epot= -2.60607e+05 Fmax= 6.12104e+03, atom= 635
Step=  206, Dmax= 7.6e-03 nm, Epot= -2.60654e+05 Fmax= 5.55888e+03, atom= 635
Step=  207, Dmax= 9.2e-03 nm, Epot= -2.60668e+05 Fmax= 8.65431e+03, atom= 635
Step=  208, Dmax= 1.1e-02 nm, Epot= -2.60716e+05 Fmax= 8.19124e+03, atom= 635
Step=  209, Dmax= 1.3e-02 nm, Epot= -2.60692e+05 Fmax= 1.22131e+04, atom= 635
Step=  210, Dmax= 6.6e-03 nm, Epot= -2.60803e+05 Fmax= 2.01654e+03, atom= 635
Step=  211, Dmax= 7.9e-03 nm, Epot= -2.60840e+05 Fmax= 9.93068e+03, atom= 635
Step=  212, Dmax= 9.5e-03 nm, Epot= -2.60944e+05 Fmax= 4.76178e+03, atom= 635
Step=  213, Dmax= 1.1e-02 nm, Epot= -2.60889e+05 Fmax= 1.26423e+04, atom= 635
Step=  214, Dmax= 5.7e-03 nm, Epot= -2.60988e+05 Fmax= 3.94046e+03, atom= 635
Step=  215, Dmax= 6.8e-03 nm, Epot= -2.61017e+05 Fmax= 6.70202e+03, atom= 635
Step=  216, Dmax= 8.2e-03 nm, Epot= -2.61064e+05 Fmax= 5.86005e+03, atom= 635
Step=  217, Dmax= 9.9e-03 nm, Epot= -2.61067e+05 Fmax= 9.40872e+03, atom= 635
Step=  218, Dmax= 1.2e-02 nm, Epot= -2.61117e+05 Fmax= 8.70400e+03, atom= 635
Step=  219, Dmax= 1.4e-02 nm, Epot= -2.61074e+05 Fmax= 1.32164e+04, atom= 635
Step=  220, Dmax= 7.1e-03 nm, Epot= -2.61211e+05 Fmax= 2.26306e+03, atom= 635
Step=  221, Dmax= 8.5e-03 nm, Epot= -2.61224e+05 Fmax= 1.06099e+04, atom= 635
Step=  222, Dmax= 1.0e-02 nm, Epot= -2.61337e+05 Fmax= 5.17659e+03, atom= 635
Step=  223, Dmax= 1.2e-02 nm, Epot= -2.61257e+05 Fmax= 1.35439e+04, atom= 635
Step=  224, Dmax= 6.1e-03 nm, Epot= -2.61382e+05 Fmax= 4.18391e+03, atom= 635
Step=  225, Dmax= 7.4e-03 nm, Epot= -2.61402e+05 Fmax= 7.24644e+03, atom= 635
Step=  226, Dmax= 8.8e-03 nm, Epot= -2.61451e+05 Fmax= 6.26278e+03, atom= 635
Step=  227, Dmax= 1.1e-02 nm, Epot= -2.61441e+05 Fmax= 1.01386e+04, atom= 635
Step=  228, Dmax= 5.3e-03 nm, Epot= -2.61511e+05 Fmax= 1.94097e+03, atom= 635
Step=  229, Dmax= 6.4e-03 nm, Epot= -2.61556e+05 Fmax= 7.64268e+03, atom= 635
Step=  230, Dmax= 7.6e-03 nm, Epot= -2.61627e+05 Fmax= 4.15918e+03, atom= 635
Step=  231, Dmax= 9.2e-03 nm, Epot= -2.61614e+05 Fmax= 9.79489e+03, atom= 635
Step=  232, Dmax= 4.6e-03 nm, Epot= -2.61668e+05 Fmax= 2.81773e+03, atom= 635
Step=  233, Dmax= 5.5e-03 nm, Epot= -2.61702e+05 Fmax= 5.75411e+03, atom= 635
Step=  234, Dmax= 6.6e-03 nm, Epot= -2.61748e+05 Fmax= 4.32025e+03, atom= 635
Step=  235, Dmax= 7.9e-03 nm, Epot= -2.61759e+05 Fmax= 7.96092e+03, atom= 635
Step=  236, Dmax= 9.5e-03 nm, Epot= -2.61812e+05 Fmax= 6.56950e+03, atom= 635
Step=  237, Dmax= 1.1e-02 nm, Epot= -2.61786e+05 Fmax= 1.10521e+04, atom= 635
Step=  238, Dmax= 5.7e-03 nm, Epot= -2.61876e+05 Fmax= 2.24476e+03, atom= 635
Step=  239, Dmax= 6.8e-03 nm, Epot= -2.61904e+05 Fmax= 8.08992e+03, atom= 635
Step=  240, Dmax= 8.2e-03 nm, Epot= -2.61977e+05 Fmax= 4.59047e+03, atom= 635
Step=  241, Dmax= 9.8e-03 nm, Epot= -2.61951e+05 Fmax= 1.04237e+04, atom= 635
Step=  242, Dmax= 4.9e-03 nm, Epot= -2.62020e+05 Fmax= 2.92506e+03, atom= 1640
Step=  243, Dmax= 5.9e-03 nm, Epot= -2.62047e+05 Fmax= 6.26405e+03, atom= 635
Step=  244, Dmax= 7.1e-03 nm, Epot= -2.62097e+05 Fmax= 4.57170e+03, atom= 635
Step=  245, Dmax= 8.5e-03 nm, Epot= -2.62097e+05 Fmax= 8.62005e+03, atom= 635
Step=  246, Dmax= 1.0e-02 nm, Epot= -2.62154e+05 Fmax= 7.00458e+03, atom= 635
Step=  247, Dmax= 1.2e-02 nm, Epot= -2.62111e+05 Fmax= 1.19255e+04, atom= 635
Step=  248, Dmax= 6.1e-03 nm, Epot= -2.62222e+05 Fmax= 2.46462e+03, atom= 635
Step=  249, Dmax= 7.3e-03 nm, Epot= -2.62235e+05 Fmax= 8.67452e+03, atom= 1640
Step=  250, Dmax= 8.8e-03 nm, Epot= -2.62315e+05 Fmax= 4.94371e+03, atom= 635
Step=  251, Dmax= 1.1e-02 nm, Epot= -2.62271e+05 Fmax= 1.12370e+04, atom= 1640
Step=  252, Dmax= 5.3e-03 nm, Epot= -2.62359e+05 Fmax= 3.18950e+03, atom= 1640
Step=  253, Dmax= 6.3e-03 nm, Epot= -2.62380e+05 Fmax= 6.57350e+03, atom= 635
Step=  254, Dmax= 7.6e-03 nm, Epot= -2.62429e+05 Fmax= 5.15425e+03, atom= 1640
Step=  255, Dmax= 9.1e-03 nm, Epot= -2.62424e+05 Fmax= 8.87726e+03, atom= 635
Step=  256, Dmax= 4.6e-03 nm, Epot= -2.62476e+05 Fmax= 1.90150e+03, atom= 635
Step=  257, Dmax= 5.5e-03 nm, Epot= -2.62516e+05 Fmax= 6.47822e+03, atom= 1640
Step=  258, Dmax= 6.6e-03 nm, Epot= -2.62572e+05 Fmax= 3.64737e+03, atom= 635
Step=  259, Dmax= 7.9e-03 nm, Epot= -2.62571e+05 Fmax= 8.53127e+03, atom= 1640
Step=  260, Dmax= 3.9e-03 nm, Epot= -2.62608e+05 Fmax= 2.45675e+03, atom= 1640
Step=  261, Dmax= 4.7e-03 nm, Epot= -2.62643e+05 Fmax= 4.77143e+03, atom= 1640
Step=  262, Dmax= 5.7e-03 nm, Epot= -2.62682e+05 Fmax= 4.03185e+03, atom= 1640
Step=  263, Dmax= 6.8e-03 nm, Epot= -2.62702e+05 Fmax= 6.41547e+03, atom= 1640
Step=  264, Dmax= 8.2e-03 nm, Epot= -2.62738e+05 Fmax= 6.24186e+03, atom= 1640
Step=  265, Dmax= 9.8e-03 nm, Epot= -2.62741e+05 Fmax= 8.82907e+03, atom= 1640
Step=  266, Dmax= 1.2e-02 nm, Epot= -2.62767e+05 Fmax= 9.36838e+03, atom= 1640
Step=  267, Dmax= 1.4e-02 nm, Epot= -2.62742e+05 Fmax= 1.23457e+04, atom= 1640
Step=  268, Dmax= 7.1e-03 nm, Epot= -2.62871e+05 Fmax= 1.51105e+03, atom= 635
Step=  269, Dmax= 8.5e-03 nm, Epot= -2.62888e+05 Fmax= 1.16260e+04, atom= 1640
Step=  270, Dmax= 1.0e-02 nm, Epot= -2.63026e+05 Fmax= 4.03262e+03, atom= 1640
Step=  271, Dmax= 1.2e-02 nm, Epot= -2.62904e+05 Fmax= 1.48974e+04, atom= 1640
Step=  272, Dmax= 6.1e-03 nm, Epot= -2.63052e+05 Fmax= 5.43708e+03, atom= 1640
Step=  273, Dmax= 7.3e-03 nm, Epot= -2.63082e+05 Fmax= 5.80910e+03, atom= 1640
Step=  274, Dmax= 8.8e-03 nm, Epot= -2.63095e+05 Fmax= 7.79914e+03, atom= 1640
Step=  275, Dmax= 1.1e-02 nm, Epot= -2.63119e+05 Fmax= 8.41062e+03, atom= 1640
Step=  276, Dmax= 1.3e-02 nm, Epot= -2.63107e+05 Fmax= 1.11480e+04, atom= 1640
Step=  277, Dmax= 6.3e-03 nm, Epot= -2.63205e+05 Fmax= 1.37583e+03, atom= 1640
Step=  278, Dmax= 7.6e-03 nm, Epot= -2.63248e+05 Fmax= 1.01395e+04, atom= 1640
Step=  279, Dmax= 9.1e-03 nm, Epot= -2.63354e+05 Fmax= 3.95754e+03, atom= 1640
Step=  280, Dmax= 1.1e-02 nm, Epot= -2.63281e+05 Fmax= 1.28050e+04, atom= 1640
Step=  281, Dmax= 5.5e-03 nm, Epot= -2.63385e+05 Fmax= 4.42339e+03, atom= 1640
Step=  282, Dmax= 6.6e-03 nm, Epot= -2.63409e+05 Fmax= 5.75135e+03, atom= 1640
Step=  283, Dmax= 7.9e-03 nm, Epot= -2.63435e+05 Fmax= 6.33860e+03, atom= 1640
Step=  284, Dmax= 9.5e-03 nm, Epot= -2.63446e+05 Fmax= 8.28384e+03, atom= 1640
Step=  285, Dmax= 1.1e-02 nm, Epot= -2.63465e+05 Fmax= 9.14035e+03, atom= 1640
Step=  286, Dmax= 1.4e-02 nm, Epot= -2.63448e+05 Fmax= 1.18759e+04, atom= 1640
Step=  287, Dmax= 6.8e-03 nm, Epot= -2.63561e+05 Fmax= 1.37687e+03, atom= 1640
Step=  288, Dmax= 8.2e-03 nm, Epot= -2.63593e+05 Fmax= 1.09982e+04, atom= 1640
Step=  289, Dmax= 9.8e-03 nm, Epot= -2.63712e+05 Fmax= 4.15454e+03, atom= 1640
Step=  290, Dmax= 1.2e-02 nm, Epot= -2.63617e+05 Fmax= 1.38671e+04, atom= 1640
Step=  291, Dmax= 5.9e-03 nm, Epot= -2.63740e+05 Fmax= 4.85636e+03, atom= 1640
Step=  292, Dmax= 7.1e-03 nm, Epot= -2.63763e+05 Fmax= 6.07543e+03, atom= 1640
Step=  293, Dmax= 8.5e-03 nm, Epot= -2.63785e+05 Fmax= 6.92214e+03, atom= 1640
Step=  294, Dmax= 1.0e-02 nm, Epot= -2.63794e+05 Fmax= 8.78974e+03, atom= 1640
Step=  295, Dmax= 1.2e-02 nm, Epot= -2.63806e+05 Fmax= 9.94009e+03, atom= 1640
Step=  296, Dmax= 1.5e-02 nm, Epot= -2.63785e+05 Fmax= 1.26413e+04, atom= 1640
Step=  297, Dmax= 7.3e-03 nm, Epot= -2.63914e+05 Fmax= 1.36221e+03, atom= 1640
Step=  298, Dmax= 8.8e-03 nm, Epot= -2.63936e+05 Fmax= 1.19360e+04, atom= 1640
Step=  299, Dmax= 1.1e-02 nm, Epot= -2.64070e+05 Fmax= 4.35221e+03, atom= 1640
Step=  300, Dmax= 1.3e-02 nm, Epot= -2.63949e+05 Fmax= 1.50223e+04, atom= 1640
Step=  301, Dmax= 6.3e-03 nm, Epot= -2.64094e+05 Fmax= 5.33579e+03, atom= 1640
Step=  302, Dmax= 7.6e-03 nm, Epot= -2.64117e+05 Fmax= 6.40971e+03, atom= 1640
Step=  303, Dmax= 9.1e-03 nm, Epot= -2.64134e+05 Fmax= 7.56321e+03, atom= 1640
Step=  304, Dmax= 1.1e-02 nm, Epot= -2.64141e+05 Fmax= 9.31905e+03, atom= 1640
Step=  305, Dmax= 1.3e-02 nm, Epot= -2.64145e+05 Fmax= 1.08137e+04, atom= 1640
Step=  306, Dmax= 1.6e-02 nm, Epot= -2.64122e+05 Fmax= 1.34486e+04, atom= 1640
Step=  307, Dmax= 7.9e-03 nm, Epot= -2.64266e+05 Fmax= 1.33241e+03, atom= 1640
Step=  308, Dmax= 9.4e-03 nm, Epot= -2.64279e+05 Fmax= 1.29534e+04, atom= 1640
Step=  309, Dmax= 1.1e-02 nm, Epot= -2.64430e+05 Fmax= 4.55681e+03, atom= 1640
Step=  310, Dmax= 1.4e-02 nm, Epot= -2.64279e+05 Fmax= 1.62714e+04, atom= 1640
Step=  311, Dmax= 6.8e-03 nm, Epot= -2.64451e+05 Fmax= 5.85932e+03, atom= 1640
Step=  312, Dmax= 8.2e-03 nm, Epot= -2.64472e+05 Fmax= 6.76109e+03, atom= 1640
Step=  313, Dmax= 9.8e-03 nm, Epot= -2.64484e+05 Fmax= 8.26002e+03, atom= 1640
Step=  314, Dmax= 1.2e-02 nm, Epot= -2.64490e+05 Fmax= 9.88030e+03, atom= 1640
Step=  315, Dmax= 1.4e-02 nm, Epot= -2.64485e+05 Fmax= 1.17595e+04, atom= 1640
Step=  316, Dmax= 7.0e-03 nm, Epot= -2.64591e+05 Fmax= 9.45359e+02, atom= 1640

writing lowest energy coordinates.

Steepest Descents converged to Fmax < 1000 in 317 steps
Potential Energy  = -2.6459078e+05
Maximum force     =  9.4535907e+02 on atom 1640
Norm of force     =  3.4527284e+01

GROMACS reminds you: "Nobody ever complained a seminar was too easy to understand." (Ken Dill)

