
--- stderr ---
                :-) GROMACS - gmx mdrun, 2024.5-conda_forge (-:

Executable:   /usr/local/Caskroom/miniforge/base/envs/gromacs_env/bin.AVX2_256/gmx
Data prefix:  /usr/local/Caskroom/miniforge/base/envs/gromacs_env
Working dir:  /Users/laetitiaguerin/Library/CloudStorage/OneDrive-Personal/Documents/BSc_Nanobiology/Year_5/BEP/Energy_minimization/tleap_runs/O52681_V128W
Command line:
  gmx mdrun -v -deffnm O52681_V128W_minim

The current CPU can measure timings more accurately than the code in
gmx mdrun was configured to use. This might affect your simulation
speed as accurate timings are needed for load-balancing.
Please consider rebuilding gmx mdrun with the GMX_USE_RDTSCP=ON CMake option.
Reading file O52681_V128W_minim.tpr, VERSION 2024.5-conda_forge (single precision)

Using 1 MPI thread
Using 8 OpenMP threads 


Steepest Descents:
   Tolerance (Fmax)   =  1.00000e+03
   Number of steps    =        50000
Step=    0, Dmax= 1.0e-02 nm, Epot= -2.65166e+05 Fmax= 1.52868e+07, atom= 2117
Step=    1, Dmax= 1.0e-02 nm, Epot= -3.88278e+05 Fmax= 1.78171e+06, atom= 2117
Step=    2, Dmax= 1.2e-02 nm, Epot= -4.17128e+05 Fmax= 2.52739e+05, atom= 2015
Step=    3, Dmax= 1.4e-02 nm, Epot= -4.32905e+05 Fmax= 6.35163e+04, atom= 2016
Step=    4, Dmax= 1.7e-02 nm, Epot= -4.37264e+05 Fmax= 1.49463e+04, atom= 2016
Step=    5, Dmax= 2.1e-02 nm, Epot= -4.42817e+05 Fmax= 4.00696e+03, atom= 2009
Step=    6, Dmax= 2.5e-02 nm, Epot= -4.55763e+05 Fmax= 2.29961e+04, atom= 2006
Step=    7, Dmax= 3.0e-02 nm, Epot= -4.58849e+05 Fmax= 1.31057e+04, atom= 2010
Step=    8, Dmax= 3.6e-02 nm, Epot= -4.57904e+05 Fmax= 4.02463e+04, atom= 2010
Step=    9, Dmax= 1.8e-02 nm, Epot= -4.60935e+05 Fmax= 1.23966e+04, atom= 2010
Step=   10, Dmax= 2.1e-02 nm, Epot= -4.62599e+05 Fmax= 1.76302e+04, atom= 2010
Step=   11, Dmax= 2.6e-02 nm, Epot= -4.64166e+05 Fmax= 1.91240e+04, atom= 2010
Step=   12, Dmax= 3.1e-02 nm, Epot= -4.65035e+05 Fmax= 2.45655e+04, atom= 2010
Step=   13, Dmax= 3.7e-02 nm, Epot= -4.65736e+05 Fmax= 2.88807e+04, atom= 2010
Step=   14, Dmax= 4.5e-02 nm, Epot= -4.65582e+05 Fmax= 3.45658e+04, atom= 2010
Step=   15, Dmax= 2.2e-02 nm, Epot= -4.69330e+05 Fmax= 3.71783e+03, atom= 1334
Step=   16, Dmax= 2.7e-02 nm, Epot= -4.70694e+05 Fmax= 3.67630e+04, atom= 1334
Step=   17, Dmax= 3.2e-02 nm, Epot= -4.75588e+05 Fmax= 1.24206e+04, atom= 1334
Step=   18, Dmax= 3.9e-02 nm, Epot= -4.71710e+05 Fmax= 4.59841e+04, atom= 1334
Step=   19, Dmax= 1.9e-02 nm, Epot= -4.76227e+05 Fmax= 1.68342e+04, atom= 1334
Step=   20, Dmax= 2.3e-02 nm, Epot= -4.76948e+05 Fmax= 1.85197e+04, atom= 1334
Step=   21, Dmax= 2.8e-02 nm, Epot= -4.77268e+05 Fmax= 2.35798e+04, atom= 1334
Step=   22, Dmax= 3.3e-02 nm, Epot= -4.77632e+05 Fmax= 2.70755e+04, atom= 1334
Step=   23, Dmax= 4.0e-02 nm, Epot= -4.77441e+05 Fmax= 3.31875e+04, atom= 1334
Step=   24, Dmax= 2.0e-02 nm, Epot= -4.79959e+05 Fmax= 3.25146e+03, atom= 1334
Step=   25, Dmax= 2.4e-02 nm, Epot= -4.80976e+05 Fmax= 3.39450e+04, atom= 1334
Step=   26, Dmax= 2.9e-02 nm, Epot= -4.83855e+05 Fmax= 1.02594e+04, atom= 1334
Step=   27, Dmax= 3.5e-02 nm, Epot= -4.81415e+05 Fmax= 4.24679e+04, atom= 1334
Step=   28, Dmax= 1.7e-02 nm, Epot= -4.84217e+05 Fmax= 1.62366e+04, atom= 1334
Step=   29, Dmax= 2.1e-02 nm, Epot= -4.84799e+05 Fmax= 1.53216e+04, atom= 1334
Step=   30, Dmax= 2.5e-02 nm, Epot= -4.84831e+05 Fmax= 2.26683e+04, atom= 1334
Step=   31, Dmax= 3.0e-02 nm, Epot= -4.85326e+05 Fmax= 2.26087e+04, atom= 1334
Step=   32, Dmax= 3.6e-02 nm, Epot= -4.84803e+05 Fmax= 3.17461e+04, atom= 1334
Step=   33, Dmax= 1.8e-02 nm, Epot= -4.86708e+05 Fmax= 4.67524e+03, atom= 1334
Step=   34, Dmax= 2.1e-02 nm, Epot= -4.86702e+05 Fmax= 2.78673e+04, atom= 1334
Step=   35, Dmax= 1.1e-02 nm, Epot= -4.87294e+05 Fmax= 1.15244e+04, atom= 1334
Step=   36, Dmax= 1.3e-02 nm, Epot= -4.87830e+05 Fmax= 8.21571e+03, atom= 1334
Step=   37, Dmax= 1.5e-02 nm, Epot= -4.88104e+05 Fmax= 1.52776e+04, atom= 1334
Step=   38, Dmax= 1.9e-02 nm, Epot= -4.88641e+05 Fmax= 1.31140e+04, atom= 1334
Step=   39, Dmax= 2.2e-02 nm, Epot= -4.88622e+05 Fmax= 2.07217e+04, atom= 1334
Step=   40, Dmax= 1.1e-02 nm, Epot= -4.89248e+05 Fmax= 3.82104e+03, atom= 1334
Step=   41, Dmax= 1.3e-02 nm, Epot= -4.89771e+05 Fmax= 1.68219e+04, atom= 1334
Step=   42, Dmax= 1.6e-02 nm, Epot= -4.90525e+05 Fmax= 7.62076e+03, atom= 1334
Step=   43, Dmax= 1.9e-02 nm, Epot= -4.90378e+05 Fmax= 2.19210e+04, atom= 1334
Step=   44, Dmax= 9.6e-03 nm, Epot= -4.90907e+05 Fmax= 7.15593e+03, atom= 1334
Step=   45, Dmax= 1.2e-02 nm, Epot= -4.91244e+05 Fmax= 1.03818e+04, atom= 1334
Step=   46, Dmax= 1.4e-02 nm, Epot= -4.91595e+05 Fmax= 1.08652e+04, atom= 1334
Step=   47, Dmax= 1.7e-02 nm, Epot= -4.91819e+05 Fmax= 1.44184e+04, atom= 1334
Step=   48, Dmax= 2.0e-02 nm, Epot= -4.92084e+05 Fmax= 1.61001e+04, atom= 1334
Step=   49, Dmax= 2.4e-02 nm, Epot= -4.92150e+05 Fmax= 2.02679e+04, atom= 1334
Step=   50, Dmax= 2.9e-02 nm, Epot= -4.92219e+05 Fmax= 2.34936e+04, atom= 1334
Step=   51, Dmax= 3.4e-02 nm, Epot= -4.91998e+05 Fmax= 2.86453e+04, atom= 1334
Step=   52, Dmax= 1.7e-02 nm, Epot= -4.93506e+05 Fmax= 2.70389e+03, atom= 1334
Step=   53, Dmax= 2.1e-02 nm, Epot= -4.93591e+05 Fmax= 2.93579e+04, atom= 1334
Step=   54, Dmax= 2.5e-02 nm, Epot= -4.95359e+05 Fmax= 8.69999e+03, atom= 1334
Step=   55, Dmax= 3.0e-02 nm, Epot= -4.93567e+05 Fmax= 3.68418e+04, atom= 1334
Step=   56, Dmax= 1.5e-02 nm, Epot= -4.95483e+05 Fmax= 1.41563e+04, atom= 1334
Step=   57, Dmax= 1.8e-02 nm, Epot= -4.95800e+05 Fmax= 1.30590e+04, atom= 1334
Step=   58, Dmax= 2.1e-02 nm, Epot= -4.95715e+05 Fmax= 1.97342e+04, atom= 1334
Step=   59, Dmax= 1.1e-02 nm, Epot= -4.96280e+05 Fmax= 3.35666e+03, atom= 1334
Step=   60, Dmax= 1.3e-02 nm, Epot= -4.96570e+05 Fmax= 1.61008e+04, atom= 1334
Step=   61, Dmax= 1.5e-02 nm, Epot= -4.97145e+05 Fmax= 7.54802e+03, atom= 1334
Step=   62, Dmax= 1.9e-02 nm, Epot= -4.96908e+05 Fmax= 2.05981e+04, atom= 1334
Step=   63, Dmax= 9.3e-03 nm, Epot= -4.97403e+05 Fmax= 6.52952e+03, atom= 1334
Step=   64, Dmax= 1.1e-02 nm, Epot= -4.97594e+05 Fmax= 1.05522e+04, atom= 1334
Step=   65, Dmax= 1.3e-02 nm, Epot= -4.97853e+05 Fmax= 9.74603e+03, atom= 1334
Step=   66, Dmax= 1.6e-02 nm, Epot= -4.97920e+05 Fmax= 1.47888e+04, atom= 1334
Step=   67, Dmax= 1.9e-02 nm, Epot= -4.98165e+05 Fmax= 1.44291e+04, atom= 1334
Step=   68, Dmax= 2.3e-02 nm, Epot= -4.98026e+05 Fmax= 2.07834e+04, atom= 1334
Step=   69, Dmax= 1.2e-02 nm, Epot= -4.98677e+05 Fmax= 3.20559e+03, atom= 1334
Step=   70, Dmax= 1.4e-02 nm, Epot= -4.98851e+05 Fmax= 1.76666e+04, atom= 1334
Step=   71, Dmax= 1.7e-02 nm, Epot= -4.99477e+05 Fmax= 7.75315e+03, atom= 1334
Step=   72, Dmax= 2.0e-02 nm, Epot= -4.99064e+05 Fmax= 2.24873e+04, atom= 1334
Step=   73, Dmax= 1.0e-02 nm, Epot= -4.99693e+05 Fmax= 7.37351e+03, atom= 1334
Step=   74, Dmax= 1.2e-02 nm, Epot= -4.99834e+05 Fmax= 1.09763e+04, atom= 1334
Step=   75, Dmax= 1.4e-02 nm, Epot= -5.00041e+05 Fmax= 1.08348e+04, atom= 1334
Step=   76, Dmax= 1.7e-02 nm, Epot= -5.00064e+05 Fmax= 1.55197e+04, atom= 1334
Step=   77, Dmax= 2.1e-02 nm, Epot= -5.00241e+05 Fmax= 1.58697e+04, atom= 1334
Step=   78, Dmax= 2.5e-02 nm, Epot= -5.00053e+05 Fmax= 2.19433e+04, atom= 1334
Step=   79, Dmax= 1.2e-02 nm, Epot= -5.00807e+05 Fmax= 3.07372e+03, atom= 1334
Step=   80, Dmax= 1.5e-02 nm, Epot= -5.00849e+05 Fmax= 1.93412e+04, atom= 1334
Step=   81, Dmax= 1.8e-02 nm, Epot= -5.01553e+05 Fmax= 7.98132e+03, atom= 1334
Step=   82, Dmax= 2.1e-02 nm, Epot= -5.00940e+05 Fmax= 2.45181e+04, atom= 1334
Step=   83, Dmax= 1.1e-02 nm, Epot= -5.01731e+05 Fmax= 8.27763e+03, atom= 1334
Step=   84, Dmax= 1.3e-02 nm, Epot= -5.01835e+05 Fmax= 1.14310e+04, atom= 1334
Step=   85, Dmax= 1.5e-02 nm, Epot= -5.01991e+05 Fmax= 1.20083e+04, atom= 1334
Step=   86, Dmax= 1.8e-02 nm, Epot= -5.01980e+05 Fmax= 1.62968e+04, atom= 1334
Step=   87, Dmax= 9.2e-03 nm, Epot= -5.02353e+05 Fmax= 2.16161e+03, atom= 1334
Step=   88, Dmax= 1.1e-02 nm, Epot= -5.02659e+05 Fmax= 1.44783e+04, atom= 1334
Step=   89, Dmax= 1.3e-02 nm, Epot= -5.03097e+05 Fmax= 5.93866e+03, atom= 1334
Step=   90, Dmax= 1.6e-02 nm, Epot= -5.02889e+05 Fmax= 1.83070e+04, atom= 1334
Step=   91, Dmax= 8.0e-03 nm, Epot= -5.03259e+05 Fmax= 6.18892e+03, atom= 1334
Step=   92, Dmax= 9.6e-03 nm, Epot= -5.03393e+05 Fmax= 8.55656e+03, atom= 1334
Step=   93, Dmax= 1.1e-02 nm, Epot= -5.03544e+05 Fmax= 8.93804e+03, atom= 1334
Step=   94, Dmax= 1.4e-02 nm, Epot= -5.03609e+05 Fmax= 1.22398e+04, atom= 1334
Step=   95, Dmax= 1.7e-02 nm, Epot= -5.03734e+05 Fmax= 1.29600e+04, atom= 1334
Step=   96, Dmax= 2.0e-02 nm, Epot= -5.03672e+05 Fmax= 1.74457e+04, atom= 1334
Step=   97, Dmax= 9.9e-03 nm, Epot= -5.04123e+05 Fmax= 2.26288e+03, atom= 1334
Step=   98, Dmax= 1.2e-02 nm, Epot= -5.04304e+05 Fmax= 1.56484e+04, atom= 1334
Step=   99, Dmax= 1.4e-02 nm, Epot= -5.04783e+05 Fmax= 6.29106e+03, atom= 1334
Step=  100, Dmax= 1.7e-02 nm, Epot= -5.04446e+05 Fmax= 1.97761e+04, atom= 1334
Step=  101, Dmax= 8.6e-03 nm, Epot= -5.04924e+05 Fmax= 6.74823e+03, atom= 1334
Step=  102, Dmax= 1.0e-02 nm, Epot= -5.05028e+05 Fmax= 9.08875e+03, atom= 1334
Step=  103, Dmax= 1.2e-02 nm, Epot= -5.05153e+05 Fmax= 9.71753e+03, atom= 1334
Step=  104, Dmax= 1.5e-02 nm, Epot= -5.05184e+05 Fmax= 1.30299e+04, atom= 1334
Step=  105, Dmax= 1.8e-02 nm, Epot= -5.05274e+05 Fmax= 1.40516e+04, atom= 1334
Step=  106, Dmax= 2.1e-02 nm, Epot= -5.05164e+05 Fmax= 1.86033e+04, atom= 1334
Step=  107, Dmax= 1.1e-02 nm, Epot= -5.05710e+05 Fmax= 2.30099e+03, atom= 1334
Step=  108, Dmax= 1.3e-02 nm, Epot= -5.05769e+05 Fmax= 1.69593e+04, atom= 1334
Step=  109, Dmax= 1.5e-02 nm, Epot= -5.06314e+05 Fmax= 6.61890e+03, atom= 1334
Step=  110, Dmax= 1.8e-02 nm, Epot= -5.05820e+05 Fmax= 2.14036e+04, atom= 1334
Step=  111, Dmax= 9.2e-03 nm, Epot= -5.06432e+05 Fmax= 7.40038e+03, atom= 1334
Step=  112, Dmax= 1.1e-02 nm, Epot= -5.06513e+05 Fmax= 9.60963e+03, atom= 1334
Step=  113, Dmax= 1.3e-02 nm, Epot= -5.06608e+05 Fmax= 1.06053e+04, atom= 1334
Step=  114, Dmax= 1.6e-02 nm, Epot= -5.06610e+05 Fmax= 1.38278e+04, atom= 1334
Step=  115, Dmax= 1.9e-02 nm, Epot= -5.06657e+05 Fmax= 1.52735e+04, atom= 1334
Step=  116, Dmax= 2.3e-02 nm, Epot= -5.06500e+05 Fmax= 1.97945e+04, atom= 1334
Step=  117, Dmax= 1.1e-02 nm, Epot= -5.07162e+05 Fmax= 2.29285e+03, atom= 1334
Step=  118, Dmax= 1.4e-02 nm, Epot= -5.07086e+05 Fmax= 1.84106e+04, atom= 1334
Step=  119, Dmax= 6.9e-03 nm, Epot= -5.07332e+05 Fmax= 8.02965e+03, atom= 1334
Step=  120, Dmax= 8.3e-03 nm, Epot= -5.07511e+05 Fmax= 4.66253e+03, atom= 1334
Step=  121, Dmax= 9.9e-03 nm, Epot= -5.07539e+05 Fmax= 1.05331e+04, atom= 1744
Step=  122, Dmax= 1.2e-02 nm, Epot= -5.07741e+05 Fmax= 7.74567e+03, atom= 1744
Step=  123, Dmax= 1.4e-02 nm, Epot= -5.07649e+05 Fmax= 1.41520e+04, atom= 1744
Step=  124, Dmax= 7.1e-03 nm, Epot= -5.07918e+05 Fmax= 3.21124e+03, atom= 1744
Step=  125, Dmax= 8.6e-03 nm, Epot= -5.07997e+05 Fmax= 9.94957e+03, atom= 1744
Step=  126, Dmax= 1.0e-02 nm, Epot= -5.08207e+05 Fmax= 5.82700e+03, atom= 1744
Step=  127, Dmax= 1.2e-02 nm, Epot= -5.08150e+05 Fmax= 1.31316e+04, atom= 1744
Step=  128, Dmax= 6.2e-03 nm, Epot= -5.08338e+05 Fmax= 3.64987e+03, atom= 1744
Step=  129, Dmax= 7.4e-03 nm, Epot= -5.08435e+05 Fmax= 7.71492e+03, atom= 1744
Step=  130, Dmax= 8.9e-03 nm, Epot= -5.08577e+05 Fmax= 5.94038e+03, atom= 1744
Step=  131, Dmax= 1.1e-02 nm, Epot= -5.08608e+05 Fmax= 1.04167e+04, atom= 1744
Step=  132, Dmax= 1.3e-02 nm, Epot= -5.08753e+05 Fmax= 9.24162e+03, atom= 1744
Step=  133, Dmax= 1.5e-02 nm, Epot= -5.08698e+05 Fmax= 1.42903e+04, atom= 1744
Step=  134, Dmax= 7.7e-03 nm, Epot= -5.08954e+05 Fmax= 2.53613e+03, atom= 1744
Step=  135, Dmax= 9.2e-03 nm, Epot= -5.09052e+05 Fmax= 1.16293e+04, atom= 1744
Step=  136, Dmax= 1.1e-02 nm, Epot= -5.09301e+05 Fmax= 5.33236e+03, atom= 1744
Step=  137, Dmax= 1.3e-02 nm, Epot= -5.09196e+05 Fmax= 1.50680e+04, atom= 1744
Step=  138, Dmax= 6.6e-03 nm, Epot= -5.09410e+05 Fmax= 4.86502e+03, atom= 1744
Step=  139, Dmax= 8.0e-03 nm, Epot= -5.09496e+05 Fmax= 7.34665e+03, atom= 1744
Step=  140, Dmax= 9.6e-03 nm, Epot= -5.09602e+05 Fmax= 7.34056e+03, atom= 1744
Step=  141, Dmax= 1.1e-02 nm, Epot= -5.09650e+05 Fmax= 1.02385e+04, atom= 1744
Step=  142, Dmax= 1.4e-02 nm, Epot= -5.09738e+05 Fmax= 1.09002e+04, atom= 1744
Step=  143, Dmax= 1.7e-02 nm, Epot= -5.09728e+05 Fmax= 1.43873e+04, atom= 1744
Step=  144, Dmax= 8.3e-03 nm, Epot= -5.09967e+05 Fmax= 1.76015e+03, atom= 1744
Step=  145, Dmax= 9.9e-03 nm, Epot= -5.10153e+05 Fmax= 1.34987e+04, atom= 1744
Step=  146, Dmax= 1.2e-02 nm, Epot= -5.10441e+05 Fmax= 4.74357e+03, atom= 1744
Step=  147, Dmax= 1.4e-02 nm, Epot= -5.10297e+05 Fmax= 1.72173e+04, atom= 1744
Step=  148, Dmax= 7.1e-03 nm, Epot= -5.10532e+05 Fmax= 6.23525e+03, atom= 1744
Step=  149, Dmax= 8.6e-03 nm, Epot= -5.10623e+05 Fmax= 6.89053e+03, atom= 1744
Step=  150, Dmax= 1.0e-02 nm, Epot= -5.10692e+05 Fmax= 8.90971e+03, atom= 1744
Step=  151, Dmax= 1.2e-02 nm, Epot= -5.10768e+05 Fmax= 9.98473e+03, atom= 1744
Step=  152, Dmax= 1.5e-02 nm, Epot= -5.10796e+05 Fmax= 1.27470e+04, atom= 1744
Step=  153, Dmax= 1.8e-02 nm, Epot= -5.10839e+05 Fmax= 1.44277e+04, atom= 1744
Step=  154, Dmax= 2.1e-02 nm, Epot= -5.10790e+05 Fmax= 1.82501e+04, atom= 1744
Step=  155, Dmax= 1.1e-02 nm, Epot= -5.11154e+05 Fmax= 1.92231e+03, atom= 1744
Step=  156, Dmax= 1.3e-02 nm, Epot= -5.11254e+05 Fmax= 1.77098e+04, atom= 1744
Step=  157, Dmax= 1.5e-02 nm, Epot= -5.11648e+05 Fmax= 5.93166e+03, atom= 1744
Step=  158, Dmax= 1.8e-02 nm, Epot= -5.11333e+05 Fmax= 2.22281e+04, atom= 1744
Step=  159, Dmax= 9.2e-03 nm, Epot= -5.11718e+05 Fmax= 8.17077e+03, atom= 1744
Step=  160, Dmax= 1.1e-02 nm, Epot= -5.11800e+05 Fmax= 8.82001e+03, atom= 1744
Step=  161, Dmax= 1.3e-02 nm, Epot= -5.11841e+05 Fmax= 1.14832e+04, atom= 1744
Step=  162, Dmax= 1.6e-02 nm, Epot= -5.11896e+05 Fmax= 1.29559e+04, atom= 1744
Step=  163, Dmax= 1.9e-02 nm, Epot= -5.11889e+05 Fmax= 1.62430e+04, atom= 1744
Step=  164, Dmax= 9.5e-03 nm, Epot= -5.12127e+05 Fmax= 1.66890e+03, atom= 1744
Step=  165, Dmax= 1.1e-02 nm, Epot= -5.12315e+05 Fmax= 1.60203e+04, atom= 1744
Step=  166, Dmax= 1.4e-02 nm, Epot= -5.12612e+05 Fmax= 5.06948e+03, atom= 1744
Step=  167, Dmax= 1.6e-02 nm, Epot= -5.12423e+05 Fmax= 2.03358e+04, atom= 1744
Step=  168, Dmax= 8.2e-03 nm, Epot= -5.12683e+05 Fmax= 7.63632e+03, atom= 1744
Step=  169, Dmax= 9.9e-03 nm, Epot= -5.12768e+05 Fmax= 7.52871e+03, atom= 1744
Step=  170, Dmax= 1.2e-02 nm, Epot= -5.12809e+05 Fmax= 1.07419e+04, atom= 1744
Step=  171, Dmax= 1.4e-02 nm, Epot= -5.12885e+05 Fmax= 1.10833e+04, atom= 1744
Step=  172, Dmax= 1.7e-02 nm, Epot= -5.12877e+05 Fmax= 1.51884e+04, atom= 1744
Step=  173, Dmax= 8.5e-03 nm, Epot= -5.13052e+05 Fmax= 2.05431e+03, atom= 1744
Step=  174, Dmax= 1.0e-02 nm, Epot= -5.13188e+05 Fmax= 1.36494e+04, atom= 1744
Step=  175, Dmax= 1.2e-02 nm, Epot= -5.13394e+05 Fmax= 5.30704e+03, atom= 1744
Step=  176, Dmax= 1.5e-02 nm, Epot= -5.13311e+05 Fmax= 1.73023e+04, atom= 1744
Step=  177, Dmax= 7.4e-03 nm, Epot= -5.13471e+05 Fmax= 6.00699e+03, atom= 1744
Step=  178, Dmax= 8.9e-03 nm, Epot= -5.13540e+05 Fmax= 7.64178e+03, atom= 1744
Step=  179, Dmax= 1.1e-02 nm, Epot= -5.13608e+05 Fmax= 8.65344e+03, atom= 1744
Step=  180, Dmax= 1.3e-02 nm, Epot= -5.13656e+05 Fmax= 1.09830e+04, atom= 1744
Step=  181, Dmax= 1.5e-02 nm, Epot= -5.13707e+05 Fmax= 1.24685e+04, atom= 1744
Step=  182, Dmax= 1.8e-02 nm, Epot= -5.13713e+05 Fmax= 1.57664e+04, atom= 1744
Step=  183, Dmax= 2.2e-02 nm, Epot= -5.13729e+05 Fmax= 1.79412e+04, atom= 1744
Step=  184, Dmax= 2.6e-02 nm, Epot= -5.13649e+05 Fmax= 2.26049e+04, atom= 1744
Step=  185, Dmax= 1.3e-02 nm, Epot= -5.14053e+05 Fmax= 2.35921e+03, atom= 1744
Step=  186, Dmax= 1.6e-02 nm, Epot= -5.14034e+05 Fmax= 2.20143e+04, atom= 1744
Step=  187, Dmax= 7.9e-03 nm, Epot= -5.14170e+05 Fmax= 9.78282e+03, atom= 1744
Step=  188, Dmax= 9.5e-03 nm, Epot= -5.14288e+05 Fmax= 4.88409e+03, atom= 1744
Step=  189, Dmax= 1.1e-02 nm, Epot= -5.14308e+05 Fmax= 1.26151e+04, atom= 1744
Step=  190, Dmax= 1.4e-02 nm, Epot= -5.14442e+05 Fmax= 8.48509e+03, atom= 1744
Step=  191, Dmax= 1.6e-02 nm, Epot= -5.14381e+05 Fmax= 1.67141e+04, atom= 1744
Step=  192, Dmax= 8.2e-03 nm, Epot= -5.14542e+05 Fmax= 4.12646e+03, atom= 1744
Step=  193, Dmax= 9.9e-03 nm, Epot= -5.14590e+05 Fmax= 1.10943e+04, atom= 1744
Step=  194, Dmax= 1.2e-02 nm, Epot= -5.14709e+05 Fmax= 7.06862e+03, atom= 1744
Step=  195, Dmax= 1.4e-02 nm, Epot= -5.14685e+05 Fmax= 1.48222e+04, atom= 1744
Step=  196, Dmax= 7.1e-03 nm, Epot= -5.14792e+05 Fmax= 3.87476e+03, atom= 1744
Step=  197, Dmax= 8.5e-03 nm, Epot= -5.14859e+05 Fmax= 9.18565e+03, atom= 1744
Step=  198, Dmax= 1.0e-02 nm, Epot= -5.14952e+05 Fmax= 6.57827e+03, atom= 1744
Step=  199, Dmax= 1.2e-02 nm, Epot= -5.14971e+05 Fmax= 1.22398e+04, atom= 1744
Step=  200, Dmax= 1.5e-02 nm, Epot= -5.15069e+05 Fmax= 1.04403e+04, atom= 1744
Step=  201, Dmax= 1.8e-02 nm, Epot= -5.15029e+05 Fmax= 1.66410e+04, atom= 1744
Step=  202, Dmax= 8.8e-03 nm, Epot= -5.15190e+05 Fmax= 3.11725e+03, atom= 1744
Step=  203, Dmax= 1.1e-02 nm, Epot= -5.15247e+05 Fmax= 1.32657e+04, atom= 1744
Step=  204, Dmax= 1.3e-02 nm, Epot= -5.15401e+05 Fmax= 6.26334e+03, atom= 1744
Step=  205, Dmax= 1.5e-02 nm, Epot= -5.15336e+05 Fmax= 1.72837e+04, atom= 1744
Step=  206, Dmax= 7.6e-03 nm, Epot= -5.15472e+05 Fmax= 5.50691e+03, atom= 1744
Step=  207, Dmax= 9.2e-03 nm, Epot= -5.15527e+05 Fmax= 8.53937e+03, atom= 1744
Step=  208, Dmax= 1.1e-02 nm, Epot= -5.15597e+05 Fmax= 8.40657e+03, atom= 1744
Step=  209, Dmax= 1.3e-02 nm, Epot= -5.15627e+05 Fmax= 1.18234e+04, atom= 1744
Step=  210, Dmax= 1.6e-02 nm, Epot= -5.15685e+05 Fmax= 1.25521e+04, atom= 1744
Step=  211, Dmax= 1.9e-02 nm, Epot= -5.15677e+05 Fmax= 1.65486e+04, atom= 1744
Step=  212, Dmax= 9.5e-03 nm, Epot= -5.15835e+05 Fmax= 2.02235e+03, atom= 1744
Step=  213, Dmax= 1.1e-02 nm, Epot= -5.15953e+05 Fmax= 1.56379e+04, atom= 1744
Step=  214, Dmax= 1.4e-02 nm, Epot= -5.16149e+05 Fmax= 5.37184e+03, atom= 1744
Step=  215, Dmax= 1.6e-02 nm, Epot= -5.16044e+05 Fmax= 1.99706e+04, atom= 1744
Step=  216, Dmax= 8.2e-03 nm, Epot= -5.16209e+05 Fmax= 7.29920e+03, atom= 1744
Step=  217, Dmax= 9.9e-03 nm, Epot= -5.16271e+05 Fmax= 7.80731e+03, atom= 1744
Step=  218, Dmax= 1.2e-02 nm, Epot= -5.16314e+05 Fmax= 1.04155e+04, atom= 1744
Step=  219, Dmax= 1.4e-02 nm, Epot= -5.16366e+05 Fmax= 1.13321e+04, atom= 1744
Step=  220, Dmax= 1.7e-02 nm, Epot= -5.16378e+05 Fmax= 1.48683e+04, atom= 1744
Step=  221, Dmax= 2.0e-02 nm, Epot= -5.16411e+05 Fmax= 1.64021e+04, atom= 1744
Step=  222, Dmax= 2.5e-02 nm, Epot= -5.16360e+05 Fmax= 2.12316e+04, atom= 1744
Step=  223, Dmax= 1.2e-02 nm, Epot= -5.16629e+05 Fmax= 2.43307e+03, atom= 1744
Step=  224, Dmax= 1.5e-02 nm, Epot= -5.16654e+05 Fmax= 2.01276e+04, atom= 1744
Step=  225, Dmax= 1.8e-02 nm, Epot= -5.16934e+05 Fmax= 7.11699e+03, atom= 1744
Step=  226, Dmax= 2.1e-02 nm, Epot= -5.16684e+05 Fmax= 2.52863e+04, atom= 1744
Step=  227, Dmax= 1.1e-02 nm, Epot= -5.16983e+05 Fmax= 9.11373e+03, atom= 1744
Step=  228, Dmax= 1.3e-02 nm, Epot= -5.17032e+05 Fmax= 1.04668e+04, atom= 1744
Step=  229, Dmax= 1.5e-02 nm, Epot= -5.17063e+05 Fmax= 1.29002e+04, atom= 1744
Step=  230, Dmax= 1.8e-02 nm, Epot= -5.17087e+05 Fmax= 1.52516e+04, atom= 1744
Step=  231, Dmax= 2.2e-02 nm, Epot= -5.17086e+05 Fmax= 1.83413e+04, atom= 1744
Step=  232, Dmax= 1.1e-02 nm, Epot= -5.17270e+05 Fmax= 1.58589e+03, atom= 1744
Step=  233, Dmax= 1.3e-02 nm, Epot= -5.17432e+05 Fmax= 1.88590e+04, atom= 1744
Step=  234, Dmax= 1.6e-02 nm, Epot= -5.17676e+05 Fmax= 5.45328e+03, atom= 1744
Step=  235, Dmax= 1.9e-02 nm, Epot= -5.17495e+05 Fmax= 2.38347e+04, atom= 1744
Step=  236, Dmax= 9.5e-03 nm, Epot= -5.17721e+05 Fmax= 9.20707e+03, atom= 1744
Step=  237, Dmax= 1.1e-02 nm, Epot= -5.17786e+05 Fmax= 8.25583e+03, atom= 1744
Step=  238, Dmax= 1.4e-02 nm, Epot= -5.17802e+05 Fmax= 1.28010e+04, atom= 1744
Step=  239, Dmax= 1.6e-02 nm, Epot= -5.17865e+05 Fmax= 1.23226e+04, atom= 1744
Step=  240, Dmax= 2.0e-02 nm, Epot= -5.17832e+05 Fmax= 1.79342e+04, atom= 1744
Step=  241, Dmax= 9.8e-03 nm, Epot= -5.17992e+05 Fmax= 2.80978e+03, atom= 1744
Step=  242, Dmax= 1.2e-02 nm, Epot= -5.18039e+05 Fmax= 1.52633e+04, atom= 1744
Step=  243, Dmax= 1.4e-02 nm, Epot= -5.18197e+05 Fmax= 6.56735e+03, atom= 1744
Step=  244, Dmax= 1.7e-02 nm, Epot= -5.18105e+05 Fmax= 1.94591e+04, atom= 1744
Step=  245, Dmax= 8.5e-03 nm, Epot= -5.18254e+05 Fmax= 6.45793e+03, atom= 1744
Step=  246, Dmax= 1.0e-02 nm, Epot= -5.18297e+05 Fmax= 9.26604e+03, atom= 1744
Step=  247, Dmax= 1.2e-02 nm, Epot= -5.18351e+05 Fmax= 9.49251e+03, atom= 1744
Step=  248, Dmax= 1.5e-02 nm, Epot= -5.18369e+05 Fmax= 1.31240e+04, atom= 1744
Step=  249, Dmax= 1.8e-02 nm, Epot= -5.18414e+05 Fmax= 1.38661e+04, atom= 1744
Step=  250, Dmax= 2.1e-02 nm, Epot= -5.18387e+05 Fmax= 1.86374e+04, atom= 1744
Step=  251, Dmax= 1.1e-02 nm, Epot= -5.18560e+05 Fmax= 2.39455e+03, atom= 1744
Step=  252, Dmax= 1.3e-02 nm, Epot= -5.18618e+05 Fmax= 1.70265e+04, atom= 1744
Step=  253, Dmax= 1.5e-02 nm, Epot= -5.18803e+05 Fmax= 6.45808e+03, atom= 1744
Step=  254, Dmax= 1.8e-02 nm, Epot= -5.18673e+05 Fmax= 2.15045e+04, atom= 1744
Step=  255, Dmax= 9.1e-03 nm, Epot= -5.18854e+05 Fmax= 7.54003e+03, atom= 1744
Step=  256, Dmax= 1.1e-02 nm, Epot= -5.18897e+05 Fmax= 9.36066e+03, atom= 1744
Step=  257, Dmax= 1.3e-02 nm, Epot= -5.18939e+05 Fmax= 1.07993e+04, atom= 1744
Step=  258, Dmax= 1.6e-02 nm, Epot= -5.18962e+05 Fmax= 1.35052e+04, atom= 1744
Step=  259, Dmax= 1.9e-02 nm, Epot= -5.18986e+05 Fmax= 1.54962e+04, atom= 1744
Step=  260, Dmax= 2.3e-02 nm, Epot= -5.18967e+05 Fmax= 1.94242e+04, atom= 1744
Step=  261, Dmax= 1.1e-02 nm, Epot= -5.19155e+05 Fmax= 1.97982e+03, atom= 1744
Step=  262, Dmax= 1.4e-02 nm, Epot= -5.19235e+05 Fmax= 1.88916e+04, atom= 1744
Step=  263, Dmax= 1.6e-02 nm, Epot= -5.19453e+05 Fmax= 6.38624e+03, atom= 1744
Step=  264, Dmax= 2.0e-02 nm, Epot= -5.19280e+05 Fmax= 2.36469e+04, atom= 1744
Step=  265, Dmax= 9.8e-03 nm, Epot= -5.19496e+05 Fmax= 8.65771e+03, atom= 1744
Step=  266, Dmax= 1.2e-02 nm, Epot= -5.19542e+05 Fmax= 9.51154e+03, atom= 1744
Step=  267, Dmax= 1.4e-02 nm, Epot= -5.19569e+05 Fmax= 1.21556e+04, atom= 1744
Step=  268, Dmax= 1.7e-02 nm, Epot= -5.19599e+05 Fmax= 1.39647e+04, atom= 1744
Step=  269, Dmax= 2.0e-02 nm, Epot= -5.19599e+05 Fmax= 1.71973e+04, atom= 1744
Step=  270, Dmax= 1.0e-02 nm, Epot= -5.19737e+05 Fmax= 1.64804e+03, atom= 1744
Step=  271, Dmax= 1.2e-02 nm, Epot= -5.19867e+05 Fmax= 1.73435e+04, atom= 1744
Step=  272, Dmax= 1.5e-02 nm, Epot= -5.20052e+05 Fmax= 5.18349e+03, atom= 1744
Step=  273, Dmax= 1.8e-02 nm, Epot= -5.19930e+05 Fmax= 2.19898e+04, atom= 1744
Step=  274, Dmax= 8.8e-03 nm, Epot= -5.20094e+05 Fmax= 8.41049e+03, atom= 1744
Step=  275, Dmax= 1.1e-02 nm, Epot= -5.20148e+05 Fmax= 7.77551e+03, atom= 1744
Step=  276, Dmax= 1.3e-02 nm, Epot= -5.20169e+05 Fmax= 1.17565e+04, atom= 1744
Step=  277, Dmax= 1.5e-02 nm, Epot= -5.20221e+05 Fmax= 1.15392e+04, atom= 1744
Step=  278, Dmax= 1.8e-02 nm, Epot= -5.20205e+05 Fmax= 1.65314e+04, atom= 1744
Step=  279, Dmax= 9.1e-03 nm, Epot= -5.20323e+05 Fmax= 2.49842e+03, atom= 1744
Step=  280, Dmax= 1.1e-02 nm, Epot= -5.20383e+05 Fmax= 1.42353e+04, atom= 1744
Step=  281, Dmax= 1.3e-02 nm, Epot= -5.20511e+05 Fmax= 6.01267e+03, atom= 1744
Step=  282, Dmax= 1.6e-02 nm, Epot= -5.20449e+05 Fmax= 1.81132e+04, atom= 1744
Step=  283, Dmax= 7.9e-03 nm, Epot= -5.20560e+05 Fmax= 6.06027e+03, atom= 1744
Step=  284, Dmax= 9.5e-03 nm, Epot= -5.20600e+05 Fmax= 8.52901e+03, atom= 1744
Step=  285, Dmax= 1.1e-02 nm, Epot= -5.20647e+05 Fmax= 8.86241e+03, atom= 1744
Step=  286, Dmax= 1.4e-02 nm, Epot= -5.20668e+05 Fmax= 1.21195e+04, atom= 1744
Step=  287, Dmax= 1.6e-02 nm, Epot= -5.20708e+05 Fmax= 1.29109e+04, atom= 1744
Step=  288, Dmax= 2.0e-02 nm, Epot= -5.20694e+05 Fmax= 1.72463e+04, atom= 1744
Step=  289, Dmax= 9.8e-03 nm, Epot= -5.20825e+05 Fmax= 2.17375e+03, atom= 1744
Step=  290, Dmax= 1.2e-02 nm, Epot= -5.20894e+05 Fmax= 1.58051e+04, atom= 1744
Step=  291, Dmax= 1.4e-02 nm, Epot= -5.21044e+05 Fmax= 5.97311e+03, atom= 1744
Step=  292, Dmax= 1.7e-02 nm, Epot= -5.20952e+05 Fmax= 1.99495e+04, atom= 1744
Step=  293, Dmax= 8.5e-03 nm, Epot= -5.21090e+05 Fmax= 7.00215e+03, atom= 1744
Step=  294, Dmax= 1.0e-02 nm, Epot= -5.21129e+05 Fmax= 8.67749e+03, atom= 1744
Step=  295, Dmax= 1.2e-02 nm, Epot= -5.21167e+05 Fmax= 1.00143e+04, atom= 1744
Step=  296, Dmax= 1.5e-02 nm, Epot= -5.21191e+05 Fmax= 1.25331e+04, atom= 1744
Step=  297, Dmax= 1.8e-02 nm, Epot= -5.21215e+05 Fmax= 1.43647e+04, atom= 1744
Step=  298, Dmax= 2.1e-02 nm, Epot= -5.21205e+05 Fmax= 1.80366e+04, atom= 1744
Step=  299, Dmax= 1.1e-02 nm, Epot= -5.21351e+05 Fmax= 1.84726e+03, atom= 1744
Step=  300, Dmax= 1.3e-02 nm, Epot= -5.21439e+05 Fmax= 1.74702e+04, atom= 1744
Step=  301, Dmax= 1.5e-02 nm, Epot= -5.21615e+05 Fmax= 5.96379e+03, atom= 1744
Step=  302, Dmax= 1.8e-02 nm, Epot= -5.21487e+05 Fmax= 2.18826e+04, atom= 1744
Step=  303, Dmax= 9.1e-03 nm, Epot= -5.21654e+05 Fmax= 7.98128e+03, atom= 1744
Step=  304, Dmax= 1.1e-02 nm, Epot= -5.21696e+05 Fmax= 8.87287e+03, atom= 1744
Step=  305, Dmax= 1.3e-02 nm, Epot= -5.21723e+05 Fmax= 1.12168e+04, atom= 1744
Step=  306, Dmax= 1.6e-02 nm, Epot= -5.21750e+05 Fmax= 1.30143e+04, atom= 1744
Step=  307, Dmax= 1.9e-02 nm, Epot= -5.21756e+05 Fmax= 1.58898e+04, atom= 1744
Step=  308, Dmax= 2.3e-02 nm, Epot= -5.21751e+05 Fmax= 1.89214e+04, atom= 1744
Step=  309, Dmax= 1.1e-02 nm, Epot= -5.21916e+05 Fmax= 1.53539e+03, atom= 1744
Step=  310, Dmax= 1.4e-02 nm, Epot= -5.22035e+05 Fmax= 1.92057e+04, atom= 1744
Step=  311, Dmax= 1.6e-02 nm, Epot= -5.22240e+05 Fmax= 6.02750e+03, atom= 1744
Step=  312, Dmax= 2.0e-02 nm, Epot= -5.22070e+05 Fmax= 2.38673e+04, atom= 1744
Step=  313, Dmax= 9.8e-03 nm, Epot= -5.22273e+05 Fmax= 8.95768e+03, atom= 1744
Step=  314, Dmax= 1.2e-02 nm, Epot= -5.22316e+05 Fmax= 9.16434e+03, atom= 1744
Step=  315, Dmax= 1.4e-02 nm, Epot= -5.22332e+05 Fmax= 1.24278e+04, atom= 1744
Step=  316, Dmax= 1.7e-02 nm, Epot= -5.22363e+05 Fmax= 1.36157e+04, atom= 1744
Step=  317, Dmax= 2.0e-02 nm, Epot= -5.22350e+05 Fmax= 1.74428e+04, atom= 1744
Step=  318, Dmax= 1.0e-02 nm, Epot= -5.22484e+05 Fmax= 1.94328e+03, atom= 1744
Step=  319, Dmax= 1.2e-02 nm, Epot= -5.22551e+05 Fmax= 1.69819e+04, atom= 1744
Step=  320, Dmax= 1.5e-02 nm, Epot= -5.22714e+05 Fmax= 5.45756e+03, atom= 1744
Step=  321, Dmax= 1.8e-02 nm, Epot= -5.22594e+05 Fmax= 2.16249e+04, atom= 1744
Step=  322, Dmax= 8.8e-03 nm, Epot= -5.22750e+05 Fmax= 8.08535e+03, atom= 1744
Step=  323, Dmax= 1.1e-02 nm, Epot= -5.22793e+05 Fmax= 8.04084e+03, atom= 1744
Step=  324, Dmax= 1.3e-02 nm, Epot= -5.22813e+05 Fmax= 1.14267e+04, atom= 1744
Step=  325, Dmax= 1.5e-02 nm, Epot= -5.22852e+05 Fmax= 1.17876e+04, atom= 1744
Step=  326, Dmax= 1.8e-02 nm, Epot= -5.22840e+05 Fmax= 1.61918e+04, atom= 1744
Step=  327, Dmax= 9.1e-03 nm, Epot= -5.22948e+05 Fmax= 2.20491e+03, atom= 1744
Step=  328, Dmax= 1.1e-02 nm, Epot= -5.23007e+05 Fmax= 1.44530e+04, atom= 1744
Step=  329, Dmax= 1.3e-02 nm, Epot= -5.23129e+05 Fmax= 5.73603e+03, atom= 1744
Step=  330, Dmax= 1.6e-02 nm, Epot= -5.23062e+05 Fmax= 1.82998e+04, atom= 1744
Step=  331, Dmax= 7.9e-03 nm, Epot= -5.23170e+05 Fmax= 6.29256e+03, atom= 1744
Step=  332, Dmax= 9.4e-03 nm, Epot= -5.23206e+05 Fmax= 8.25295e+03, atom= 1744
Step=  333, Dmax= 1.1e-02 nm, Epot= -5.23243e+05 Fmax= 9.07766e+03, atom= 1744
Step=  334, Dmax= 1.4e-02 nm, Epot= -5.23262e+05 Fmax= 1.18389e+04, atom= 1744
Step=  335, Dmax= 1.6e-02 nm, Epot= -5.23290e+05 Fmax= 1.31068e+04, atom= 1744
Step=  336, Dmax= 2.0e-02 nm, Epot= -5.23279e+05 Fmax= 1.69547e+04, atom= 1744
Step=  337, Dmax= 9.8e-03 nm, Epot= -5.23402e+05 Fmax= 1.93112e+03, atom= 1744
Step=  338, Dmax= 1.2e-02 nm, Epot= -5.23470e+05 Fmax= 1.59622e+04, atom= 1744
Step=  339, Dmax= 1.4e-02 nm, Epot= -5.23613e+05 Fmax= 5.75414e+03, atom= 1744
Step=  340, Dmax= 1.7e-02 nm, Epot= -5.23516e+05 Fmax= 2.00703e+04, atom= 1744
Step=  341, Dmax= 8.4e-03 nm, Epot= -5.23650e+05 Fmax= 7.17406e+03, atom= 1744
Step=  342, Dmax= 1.0e-02 nm, Epot= -5.23686e+05 Fmax= 8.45910e+03, atom= 1744
Step=  343, Dmax= 1.2e-02 nm, Epot= -5.23715e+05 Fmax= 1.01679e+04, atom= 1744
Step=  344, Dmax= 1.5e-02 nm, Epot= -5.23737e+05 Fmax= 1.23101e+04, atom= 1744
Step=  345, Dmax= 1.8e-02 nm, Epot= -5.23750e+05 Fmax= 1.44971e+04, atom= 1744
Step=  346, Dmax= 2.1e-02 nm, Epot= -5.23742e+05 Fmax= 1.78020e+04, atom= 1744
Step=  347, Dmax= 1.1e-02 nm, Epot= -5.23881e+05 Fmax= 1.66470e+03, atom= 1744
Step=  348, Dmax= 1.3e-02 nm, Epot= -5.23964e+05 Fmax= 1.75540e+04, atom= 1744
Step=  349, Dmax= 1.5e-02 nm, Epot= -5.24132e+05 Fmax= 5.81504e+03, atom= 1744
Step=  350, Dmax= 1.8e-02 nm, Epot= -5.23999e+05 Fmax= 2.19236e+04, atom= 1744
Step=  351, Dmax= 9.1e-03 nm, Epot= -5.24165e+05 Fmax= 8.07903e+03, atom= 1744
Step=  352, Dmax= 1.1e-02 nm, Epot= -5.24201e+05 Fmax= 8.72606e+03, atom= 1744
Step=  353, Dmax= 1.3e-02 nm, Epot= -5.24221e+05 Fmax= 1.12942e+04, atom= 1744
Step=  354, Dmax= 1.6e-02 nm, Epot= -5.24246e+05 Fmax= 1.28628e+04, atom= 1744
Step=  355, Dmax= 1.9e-02 nm, Epot= -5.24244e+05 Fmax= 1.59441e+04, atom= 1744
Step=  356, Dmax= 9.4e-03 nm, Epot= -5.24351e+05 Fmax= 1.56603e+03, atom= 1744
Step=  357, Dmax= 1.1e-02 nm, Epot= -5.24445e+05 Fmax= 1.60406e+04, atom= 1744
Step=  358, Dmax= 1.4e-02 nm, Epot= -5.24589e+05 Fmax= 4.77279e+03, atom= 1744
Step=  359, Dmax= 1.6e-02 nm, Epot= -5.24493e+05 Fmax= 2.03670e+04, atom= 1744
Step=  360, Dmax= 8.1e-03 nm, Epot= -5.24622e+05 Fmax= 7.80146e+03, atom= 1744
Step=  361, Dmax= 9.8e-03 nm, Epot= -5.24665e+05 Fmax= 7.15126e+03, atom= 1744
Step=  362, Dmax= 1.2e-02 nm, Epot= -5.24680e+05 Fmax= 1.09138e+04, atom= 1744
Step=  363, Dmax= 1.4e-02 nm, Epot= -5.24721e+05 Fmax= 1.06145e+04, atom= 1744
Step=  364, Dmax= 1.7e-02 nm, Epot= -5.24707e+05 Fmax= 1.53468e+04, atom= 1744
Step=  365, Dmax= 8.4e-03 nm, Epot= -5.24800e+05 Fmax= 2.36709e+03, atom= 1744
Step=  366, Dmax= 1.0e-02 nm, Epot= -5.24845e+05 Fmax= 1.30672e+04, atom= 1744
Step=  367, Dmax= 1.2e-02 nm, Epot= -5.24944e+05 Fmax= 5.65045e+03, atom= 1744
Step=  368, Dmax= 1.5e-02 nm, Epot= -5.24895e+05 Fmax= 1.66351e+04, atom= 1744
Step=  369, Dmax= 7.3e-03 nm, Epot= -5.24983e+05 Fmax= 5.50106e+03, atom= 1744
Step=  370, Dmax= 8.7e-03 nm, Epot= -5.25013e+05 Fmax= 7.99577e+03, atom= 1744
Step=  371, Dmax= 1.0e-02 nm, Epot= -5.25051e+05 Fmax= 8.07263e+03, atom= 1744
Step=  372, Dmax= 1.3e-02 nm, Epot= -5.25065e+05 Fmax= 1.13338e+04, atom= 1744
Step=  373, Dmax= 1.5e-02 nm, Epot= -5.25099e+05 Fmax= 1.18001e+04, atom= 1744
Step=  374, Dmax= 1.8e-02 nm, Epot= -5.25084e+05 Fmax= 1.60926e+04, atom= 1744
Step=  375, Dmax= 9.1e-03 nm, Epot= -5.25190e+05 Fmax= 2.14957e+03, atom= 1744
Step=  376, Dmax= 1.1e-02 nm, Epot= -5.25235e+05 Fmax= 1.44325e+04, atom= 1744
Step=  377, Dmax= 1.3e-02 nm, Epot= -5.25352e+05 Fmax= 5.69426e+03, atom= 1744
Step=  378, Dmax= 1.6e-02 nm, Epot= -5.25278e+05 Fmax= 1.82545e+04, atom= 1744
Step=  379, Dmax= 7.8e-03 nm, Epot= -5.25388e+05 Fmax= 6.29088e+03, atom= 1744
Step=  380, Dmax= 9.4e-03 nm, Epot= -5.25417e+05 Fmax= 8.21228e+03, atom= 1744
Step=  381, Dmax= 1.1e-02 nm, Epot= -5.25450e+05 Fmax= 9.05836e+03, atom= 1744
Step=  382, Dmax= 1.4e-02 nm, Epot= -5.25464e+05 Fmax= 1.17949e+04, atom= 1744
Step=  383, Dmax= 1.6e-02 nm, Epot= -5.25487e+05 Fmax= 1.30665e+04, atom= 1744
Step=  384, Dmax= 1.9e-02 nm, Epot= -5.25472e+05 Fmax= 1.69024e+04, atom= 1744
Step=  385, Dmax= 9.7e-03 nm, Epot= -5.25594e+05 Fmax= 1.92466e+03, atom= 1744
Step=  386, Dmax= 1.2e-02 nm, Epot= -5.25642e+05 Fmax= 1.58909e+04, atom= 1744
Step=  387, Dmax= 1.4e-02 nm, Epot= -5.25778e+05 Fmax= 5.75596e+03, atom= 1744
Step=  388, Dmax= 1.7e-02 nm, Epot= -5.25674e+05 Fmax= 1.99773e+04, atom= 1744
Step=  389, Dmax= 8.4e-03 nm, Epot= -5.25810e+05 Fmax= 7.12628e+03, atom= 1744
Step=  390, Dmax= 1.0e-02 nm, Epot= -5.25840e+05 Fmax= 8.46054e+03, atom= 1744
Step=  391, Dmax= 1.2e-02 nm, Epot= -5.25865e+05 Fmax= 1.01024e+04, atom= 1744
Step=  392, Dmax= 1.5e-02 nm, Epot= -5.25881e+05 Fmax= 1.23067e+04, atom= 1744
Step=  393, Dmax= 1.7e-02 nm, Epot= -5.25891e+05 Fmax= 1.44108e+04, atom= 1744
Step=  394, Dmax= 2.1e-02 nm, Epot= -5.25878e+05 Fmax= 1.77877e+04, atom= 1744
Step=  395, Dmax= 1.0e-02 nm, Epot= -5.26017e+05 Fmax= 1.70040e+03, atom= 1744
Step=  396, Dmax= 1.3e-02 nm, Epot= -5.26071e+05 Fmax= 1.74364e+04, atom= 1744
Step=  397, Dmax= 1.5e-02 nm, Epot= -5.26232e+05 Fmax= 5.85413e+03, atom= 1744
Step=  398, Dmax= 1.8e-02 nm, Epot= -5.26093e+05 Fmax= 2.17899e+04, atom= 1744
Step=  399, Dmax= 9.0e-03 nm, Epot= -5.26259e+05 Fmax= 7.99164e+03, atom= 1744
Step=  400, Dmax= 1.1e-02 nm, Epot= -5.26290e+05 Fmax= 8.76239e+03, atom= 1744
Step=  401, Dmax= 1.3e-02 nm, Epot= -5.26306e+05 Fmax= 1.11896e+04, atom= 1744
Step=  402, Dmax= 1.6e-02 nm, Epot= -5.26324e+05 Fmax= 1.28929e+04, atom= 1744
Step=  403, Dmax= 1.9e-02 nm, Epot= -5.26320e+05 Fmax= 1.58178e+04, atom= 1744
Step=  404, Dmax= 9.4e-03 nm, Epot= -5.26427e+05 Fmax= 1.48807e+03, atom= 1744
Step=  405, Dmax= 1.1e-02 nm, Epot= -5.26505e+05 Fmax= 1.60956e+04, atom= 1744
Step=  406, Dmax= 1.4e-02 nm, Epot= -5.26646e+05 Fmax= 4.65246e+03, atom= 1744
Step=  407, Dmax= 1.6e-02 nm, Epot= -5.26541e+05 Fmax= 2.04194e+04, atom= 1744
Step=  408, Dmax= 8.1e-03 nm, Epot= -5.26673e+05 Fmax= 7.88903e+03, atom= 1744
Step=  409, Dmax= 9.7e-03 nm, Epot= -5.26712e+05 Fmax= 7.01321e+03, atom= 1744
Step=  410, Dmax= 1.2e-02 nm, Epot= -5.26721e+05 Fmax= 1.09997e+04, atom= 1744
Step=  411, Dmax= 1.4e-02 nm, Epot= -5.26760e+05 Fmax= 1.04567e+04, atom= 1744
Step=  412, Dmax= 1.7e-02 nm, Epot= -5.26738e+05 Fmax= 1.54269e+04, atom= 1744
Step=  413, Dmax= 8.4e-03 nm, Epot= -5.26834e+05 Fmax= 2.48559e+03, atom= 1744
Step=  414, Dmax= 1.0e-02 nm, Epot= -5.26861e+05 Fmax= 1.28909e+04, atom= 1744
Step=  415, Dmax= 1.2e-02 nm, Epot= -5.26953e+05 Fmax= 5.76667e+03, atom= 1744
Step=  416, Dmax= 1.5e-02 nm, Epot= -5.26899e+05 Fmax= 1.64417e+04, atom= 1744
Step=  417, Dmax= 7.3e-03 nm, Epot= -5.26989e+05 Fmax= 5.34589e+03, atom= 1744
Step=  418, Dmax= 8.7e-03 nm, Epot= -5.27013e+05 Fmax= 8.11315e+03, atom= 1744
Step=  419, Dmax= 1.0e-02 nm, Epot= -5.27048e+05 Fmax= 7.90059e+03, atom= 1744
Step=  420, Dmax= 1.3e-02 nm, Epot= -5.27056e+05 Fmax= 1.14490e+04, atom= 1744
Step=  421, Dmax= 1.5e-02 nm, Epot= -5.27088e+05 Fmax= 1.16079e+04, atom= 1744
Step=  422, Dmax= 1.8e-02 nm, Epot= -5.27064e+05 Fmax= 1.62008e+04, atom= 1744
Step=  423, Dmax= 9.0e-03 nm, Epot= -5.27174e+05 Fmax= 2.29929e+03, atom= 1744
Step=  424, Dmax= 1.1e-02 nm, Epot= -5.27197e+05 Fmax= 1.42211e+04, atom= 1744
Step=  425, Dmax= 1.3e-02 nm, Epot= -5.27306e+05 Fmax= 5.83915e+03, atom= 1744
Step=  426, Dmax= 1.6e-02 nm, Epot= -5.27227e+05 Fmax= 1.80280e+04, atom= 1744
Step=  427, Dmax= 7.8e-03 nm, Epot= -5.27339e+05 Fmax= 6.10482e+03, atom= 1744
Step=  428, Dmax= 9.4e-03 nm, Epot= -5.27362e+05 Fmax= 8.35656e+03, atom= 1744
Step=  429, Dmax= 1.1e-02 nm, Epot= -5.27392e+05 Fmax= 8.85576e+03, atom= 1744
Step=  430, Dmax= 1.3e-02 nm, Epot= -5.27399e+05 Fmax= 1.19355e+04, atom= 1744
Step=  431, Dmax= 1.6e-02 nm, Epot= -5.27422e+05 Fmax= 1.28434e+04, atom= 1744
Step=  432, Dmax= 1.9e-02 nm, Epot= -5.27398e+05 Fmax= 1.70342e+04, atom= 1744
Step=  433, Dmax= 9.7e-03 nm, Epot= -5.27523e+05 Fmax= 2.10119e+03, atom= 1744
Step=  434, Dmax= 1.2e-02 nm, Epot= -5.27542e+05 Fmax= 1.56499e+04, atom= 1744
Step=  435, Dmax= 1.4e-02 nm, Epot= -5.27671e+05 Fmax= 5.92190e+03, atom= 1744
Step=  436, Dmax= 1.7e-02 nm, Epot= -5.27563e+05 Fmax= 1.97260e+04, atom= 1744
Step=  437, Dmax= 8.4e-03 nm, Epot= -5.27700e+05 Fmax= 6.91620e+03, atom= 1744
Step=  438, Dmax= 1.0e-02 nm, Epot= -5.27724e+05 Fmax= 8.62427e+03, atom= 1744
Step=  439, Dmax= 1.2e-02 nm, Epot= -5.27747e+05 Fmax= 9.87599e+03, atom= 1744
Step=  440, Dmax= 1.4e-02 nm, Epot= -5.27755e+05 Fmax= 1.24654e+04, atom= 1744
Step=  441, Dmax= 1.7e-02 nm, Epot= -5.27766e+05 Fmax= 1.41633e+04, atom= 1744
Step=  442, Dmax= 2.1e-02 nm, Epot= -5.27742e+05 Fmax= 1.79370e+04, atom= 1744
Step=  443, Dmax= 1.0e-02 nm, Epot= -5.27884e+05 Fmax= 1.89667e+03, atom= 1744
Step=  444, Dmax= 1.3e-02 nm, Epot= -5.27902e+05 Fmax= 1.71748e+04, atom= 1744
Step=  445, Dmax= 1.5e-02 nm, Epot= -5.28054e+05 Fmax= 6.02981e+03, atom= 1744
Step=  446, Dmax= 1.8e-02 nm, Epot= -5.27911e+05 Fmax= 2.15278e+04, atom= 1744
Step=  447, Dmax= 9.0e-03 nm, Epot= -5.28078e+05 Fmax= 7.76930e+03, atom= 1744
Step=  448, Dmax= 1.1e-02 nm, Epot= -5.28103e+05 Fmax= 8.93297e+03, atom= 1744
Step=  449, Dmax= 1.3e-02 nm, Epot= -5.28118e+05 Fmax= 1.09519e+04, atom= 1744
Step=  450, Dmax= 1.6e-02 nm, Epot= -5.28128e+05 Fmax= 1.30568e+04, atom= 1744
Step=  451, Dmax= 1.9e-02 nm, Epot= -5.28126e+05 Fmax= 1.55593e+04, atom= 1744
Step=  452, Dmax= 9.4e-03 nm, Epot= -5.28230e+05 Fmax= 1.27805e+03, atom= 1744
Step=  453, Dmax= 1.1e-02 nm, Epot= -5.28312e+05 Fmax= 1.63149e+04, atom= 1744
Step=  454, Dmax= 1.3e-02 nm, Epot= -5.28455e+05 Fmax= 4.37636e+03, atom= 1744
Step=  455, Dmax= 1.6e-02 nm, Epot= -5.28339e+05 Fmax= 2.06342e+04, atom= 1744
Step=  456, Dmax= 8.1e-03 nm, Epot= -5.28476e+05 Fmax= 8.14017e+03, atom= 1744
Step=  457, Dmax= 9.7e-03 nm, Epot= -5.28514e+05 Fmax= 6.71464e+03, atom= 1744
Step=  458, Dmax= 1.2e-02 nm, Epot= -5.28515e+05 Fmax= 1.12508e+04, atom= 1744
Step=  459, Dmax= 1.4e-02 nm, Epot= -5.28556e+05 Fmax= 1.01365e+04, atom= 1744
Step=  460, Dmax= 1.7e-02 nm, Epot= -5.28524e+05 Fmax= 1.56729e+04, atom= 1744
Step=  461, Dmax= 8.4e-03 nm, Epot= -5.28624e+05 Fmax= 2.76830e+03, atom= 1744
Step=  462, Dmax= 1.0e-02 nm, Epot= -5.28634e+05 Fmax= 1.25571e+04, atom= 1744
Step=  463, Dmax= 1.2e-02 nm, Epot= -5.28718e+05 Fmax= 6.04047e+03, atom= 1744
Step=  464, Dmax= 1.4e-02 nm, Epot= -5.28662e+05 Fmax= 1.60942e+04, atom= 1744
Step=  465, Dmax= 7.2e-03 nm, Epot= -5.28752e+05 Fmax= 5.03500e+03, atom= 1744
Step=  466, Dmax= 8.7e-03 nm, Epot= -5.28770e+05 Fmax= 8.38896e+03, atom= 1744
Step=  467, Dmax= 1.0e-02 nm, Epot= -5.28805e+05 Fmax= 7.57193e+03, atom= 1744
Step=  468, Dmax= 1.3e-02 nm, Epot= -5.28804e+05 Fmax= 1.17231e+04, atom= 1744
Step=  469, Dmax= 6.3e-03 nm, Epot= -5.28852e+05 Fmax= 2.07502e+03, atom= 1744
Step=  470, Dmax= 7.5e-03 nm, Epot= -5.28895e+05 Fmax= 9.32490e+03, atom= 1744
Step=  471, Dmax= 9.0e-03 nm, Epot= -5.28951e+05 Fmax= 4.57123e+03, atom= 1744
Step=  472, Dmax= 1.1e-02 nm, Epot= -5.28944e+05 Fmax= 1.19369e+04, atom= 1744
Step=  473, Dmax= 5.4e-03 nm, Epot= -5.28982e+05 Fmax= 3.68711e+03, atom= 1744
Step=  474, Dmax= 6.5e-03 nm, Epot= -5.29009e+05 Fmax= 6.35879e+03, atom= 1744
Step=  475, Dmax= 7.8e-03 nm, Epot= -5.29042e+05 Fmax= 5.54914e+03, atom= 1744
Step=  476, Dmax= 9.3e-03 nm, Epot= -5.29057e+05 Fmax= 8.88218e+03, atom= 1744
Step=  477, Dmax= 1.1e-02 nm, Epot= -5.29091e+05 Fmax= 8.27638e+03, atom= 1744
Step=  478, Dmax= 1.3e-02 nm, Epot= -5.29085e+05 Fmax= 1.24614e+04, atom= 1744
Step=  479, Dmax= 6.7e-03 nm, Epot= -5.29142e+05 Fmax= 2.09151e+03, atom= 1744
Step=  480, Dmax= 8.1e-03 nm, Epot= -5.29181e+05 Fmax= 1.01621e+04, atom= 1744
Step=  481, Dmax= 9.7e-03 nm, Epot= -5.29243e+05 Fmax= 4.77461e+03, atom= 1744
Step=  482, Dmax= 1.2e-02 nm, Epot= -5.29225e+05 Fmax= 1.29720e+04, atom= 1744
Step=  483, Dmax= 5.8e-03 nm, Epot= -5.29274e+05 Fmax= 4.10364e+03, atom= 1744
Step=  484, Dmax= 7.0e-03 nm, Epot= -5.29298e+05 Fmax= 6.68882e+03, atom= 1744
Step=  485, Dmax= 8.4e-03 nm, Epot= -5.29330e+05 Fmax= 6.11258e+03, atom= 1744
Step=  486, Dmax= 1.0e-02 nm, Epot= -5.29342e+05 Fmax= 9.39397e+03, atom= 1744
Step=  487, Dmax= 1.2e-02 nm, Epot= -5.29374e+05 Fmax= 9.05011e+03, atom= 1744
Step=  488, Dmax= 1.4e-02 nm, Epot= -5.29364e+05 Fmax= 1.32333e+04, atom= 1744
Step=  489, Dmax= 7.2e-03 nm, Epot= -5.29431e+05 Fmax= 2.09125e+03, atom= 1744
Step=  490, Dmax= 8.7e-03 nm, Epot= -5.29465e+05 Fmax= 1.10816e+04, atom= 1744
Step=  491, Dmax= 1.0e-02 nm, Epot= -5.29536e+05 Fmax= 4.97296e+03, atom= 1744
Step=  492, Dmax= 1.2e-02 nm, Epot= -5.29503e+05 Fmax= 1.41046e+04, atom= 1744
Step=  493, Dmax= 6.2e-03 nm, Epot= -5.29565e+05 Fmax= 4.57189e+03, atom= 1744
Step=  494, Dmax= 7.5e-03 nm, Epot= -5.29588e+05 Fmax= 7.02217e+03, atom= 1744
Step=  495, Dmax= 9.0e-03 nm, Epot= -5.29618e+05 Fmax= 6.73969e+03, atom= 1744
Step=  496, Dmax= 1.1e-02 nm, Epot= -5.29627e+05 Fmax= 9.92145e+03, atom= 1744
Step=  497, Dmax= 1.3e-02 nm, Epot= -5.29656e+05 Fmax= 9.90410e+03, atom= 1744
Step=  498, Dmax= 1.6e-02 nm, Epot= -5.29641e+05 Fmax= 1.40392e+04, atom= 1744
Step=  499, Dmax= 7.8e-03 nm, Epot= -5.29720e+05 Fmax= 2.06798e+03, atom= 1744
Step=  500, Dmax= 9.3e-03 nm, Epot= -5.29748e+05 Fmax= 1.20928e+04, atom= 1744
Step=  501, Dmax= 1.1e-02 nm, Epot= -5.29829e+05 Fmax= 5.16445e+03, atom= 1744
Step=  502, Dmax= 1.3e-02 nm, Epot= -5.29780e+05 Fmax= 1.53438e+04, atom= 1744
Step=  503, Dmax= 6.7e-03 nm, Epot= -5.29858e+05 Fmax= 5.09665e+03, atom= 1744
Step=  504, Dmax= 8.1e-03 nm, Epot= -5.29878e+05 Fmax= 7.35921e+03, atom= 1744
Step=  505, Dmax= 9.7e-03 nm, Epot= -5.29906e+05 Fmax= 7.43491e+03, atom= 1744
Step=  506, Dmax= 1.2e-02 nm, Epot= -5.29913e+05 Fmax= 1.04671e+04, atom= 1744
Step=  507, Dmax= 1.4e-02 nm, Epot= -5.29938e+05 Fmax= 1.08422e+04, atom= 1744
Step=  508, Dmax= 1.7e-02 nm, Epot= -5.29919e+05 Fmax= 1.48842e+04, atom= 1744
Step=  509, Dmax= 8.3e-03 nm, Epot= -5.30012e+05 Fmax= 2.02267e+03, atom= 1744
Step=  510, Dmax= 1.0e-02 nm, Epot= -5.30033e+05 Fmax= 1.31993e+04, atom= 1744
Step=  511, Dmax= 1.2e-02 nm, Epot= -5.30126e+05 Fmax= 5.35203e+03, atom= 1744
Step=  512, Dmax= 1.4e-02 nm, Epot= -5.30058e+05 Fmax= 1.66926e+04, atom= 1744
Step=  513, Dmax= 7.2e-03 nm, Epot= -5.30154e+05 Fmax= 5.67925e+03, atom= 1744
Step=  514, Dmax= 8.7e-03 nm, Epot= -5.30172e+05 Fmax= 7.70344e+03, atom= 1744
Step=  515, Dmax= 1.0e-02 nm, Epot= -5.30197e+05 Fmax= 8.19992e+03, atom= 1744
Step=  516, Dmax= 1.2e-02 nm, Epot= -5.30203e+05 Fmax= 1.10356e+04, atom= 1744
Step=  517, Dmax= 1.5e-02 nm, Epot= -5.30221e+05 Fmax= 1.18683e+04, atom= 1744
Step=  518, Dmax= 1.8e-02 nm, Epot= -5.30200e+05 Fmax= 1.57731e+04, atom= 1744
Step=  519, Dmax= 9.0e-03 nm, Epot= -5.30307e+05 Fmax= 1.95588e+03, atom= 1744
Step=  520, Dmax= 1.1e-02 nm, Epot= -5.30321e+05 Fmax= 1.44063e+04, atom= 1744
Step=  521, Dmax= 1.3e-02 nm, Epot= -5.30429e+05 Fmax= 5.53861e+03, atom= 1744
Step=  522, Dmax= 1.6e-02 nm, Epot= -5.30337e+05 Fmax= 1.81563e+04, atom= 1744
Step=  523, Dmax= 7.8e-03 nm, Epot= -5.30454e+05 Fmax= 6.32018e+03, atom= 1744
Step=  524, Dmax= 9.3e-03 nm, Epot= -5.30473e+05 Fmax= 8.05909e+03, atom= 1744
Step=  525, Dmax= 1.1e-02 nm, Epot= -5.30493e+05 Fmax= 9.03656e+03, atom= 1744
Step=  526, Dmax= 1.3e-02 nm, Epot= -5.30497e+05 Fmax= 1.16321e+04, atom= 1744
Step=  527, Dmax= 1.6e-02 nm, Epot= -5.30509e+05 Fmax= 1.29843e+04, atom= 1744
Step=  528, Dmax= 1.9e-02 nm, Epot= -5.30485e+05 Fmax= 1.67137e+04, atom= 1744
Step=  529, Dmax= 9.6e-03 nm, Epot= -5.30608e+05 Fmax= 1.87061e+03, atom= 1744
Step=  530, Dmax= 1.2e-02 nm, Epot= -5.30614e+05 Fmax= 1.57153e+04, atom= 1744
Step=  531, Dmax= 1.4e-02 nm, Epot= -5.30740e+05 Fmax= 5.73111e+03, atom= 1744
Step=  532, Dmax= 1.7e-02 nm, Epot= -5.30620e+05 Fmax= 1.97354e+04, atom= 1744
Step=  533, Dmax= 8.3e-03 nm, Epot= -5.30762e+05 Fmax= 7.01777e+03, atom= 1744
Step=  534, Dmax= 1.0e-02 nm, Epot= -5.30780e+05 Fmax= 8.43382e+03, atom= 1744
Step=  535, Dmax= 1.2e-02 nm, Epot= -5.30796e+05 Fmax= 9.94305e+03, atom= 1744
Step=  536, Dmax= 1.4e-02 nm, Epot= -5.30800e+05 Fmax= 1.22666e+04, atom= 1744
Step=  537, Dmax= 1.7e-02 nm, Epot= -5.30802e+05 Fmax= 1.41897e+04, atom= 1744
Step=  538, Dmax= 2.1e-02 nm, Epot= -5.30776e+05 Fmax= 1.77172e+04, atom= 1744
Step=  539, Dmax= 1.0e-02 nm, Epot= -5.30918e+05 Fmax= 1.77399e+03, atom= 1744
Step=  540, Dmax= 1.2e-02 nm, Epot= -5.30915e+05 Fmax= 1.71260e+04, atom= 1744
Step=  541, Dmax= 6.2e-03 nm, Epot= -5.30961e+05 Fmax= 7.65341e+03, atom= 1744
Step=  542, Dmax= 7.5e-03 nm, Epot= -5.31003e+05 Fmax= 3.88104e+03, atom= 1744
Step=  543, Dmax= 9.0e-03 nm, Epot= -5.31009e+05 Fmax= 9.79207e+03, atom= 1744
Step=  544, Dmax= 1.1e-02 nm, Epot= -5.31057e+05 Fmax= 6.79769e+03, atom= 1744
Step=  545, Dmax= 1.3e-02 nm, Epot= -5.31034e+05 Fmax= 1.29409e+04, atom= 1744
Step=  546, Dmax= 6.5e-03 nm, Epot= -5.31094e+05 Fmax= 3.07841e+03, atom= 1744
Step=  547, Dmax= 7.7e-03 nm, Epot= -5.31110e+05 Fmax= 8.94157e+03, atom= 1744
Step=  548, Dmax= 9.3e-03 nm, Epot= -5.31157e+05 Fmax= 5.29220e+03, atom= 1744
Step=  549, Dmax= 1.1e-02 nm, Epot= -5.31142e+05 Fmax= 1.19514e+04, atom= 1744
Step=  550, Dmax= 5.6e-03 nm, Epot= -5.31187e+05 Fmax= 3.32748e+03, atom= 1744
Step=  551, Dmax= 6.7e-03 nm, Epot= -5.31208e+05 Fmax= 6.87040e+03, atom= 1744
Step=  552, Dmax= 8.0e-03 nm, Epot= -5.31240e+05 Fmax= 5.53151e+03, atom= 1744
Step=  553, Dmax= 9.6e-03 nm, Epot= -5.31248e+05 Fmax= 9.19707e+03, atom= 1744
Step=  554, Dmax= 1.2e-02 nm, Epot= -5.31279e+05 Fmax= 8.63813e+03, atom= 1744
Step=  555, Dmax= 1.4e-02 nm, Epot= -5.31268e+05 Fmax= 1.25926e+04, atom= 1744
Step=  556, Dmax= 6.9e-03 nm, Epot= -5.31330e+05 Fmax= 1.98684e+03, atom= 1744
Step=  557, Dmax= 8.3e-03 nm, Epot= -5.31356e+05 Fmax= 1.10026e+04, atom= 1744
Step=  558, Dmax= 1.0e-02 nm, Epot= -5.31424e+05 Fmax= 4.31103e+03, atom= 1744
Step=  559, Dmax= 1.2e-02 nm, Epot= -5.31387e+05 Fmax= 1.42556e+04, atom= 1744
Step=  560, Dmax= 6.0e-03 nm, Epot= -5.31449e+05 Fmax= 4.96966e+03, atom= 1744
Step=  561, Dmax= 7.2e-03 nm, Epot= -5.31471e+05 Fmax= 6.02175e+03, atom= 1744
Step=  562, Dmax= 8.6e-03 nm, Epot= -5.31491e+05 Fmax= 7.31859e+03, atom= 1744
Step=  563, Dmax= 1.0e-02 nm, Epot= -5.31509e+05 Fmax= 8.53151e+03, atom= 1744
Step=  564, Dmax= 1.2e-02 nm, Epot= -5.31518e+05 Fmax= 1.06433e+04, atom= 1744
Step=  565, Dmax= 1.5e-02 nm, Epot= -5.31527e+05 Fmax= 1.21866e+04, atom= 1744
Step=  566, Dmax= 1.8e-02 nm, Epot= -5.31513e+05 Fmax= 1.53680e+04, atom= 1744
Step=  567, Dmax= 8.9e-03 nm, Epot= -5.31615e+05 Fmax= 1.59507e+03, atom= 1744
Step=  568, Dmax= 1.1e-02 nm, Epot= -5.31640e+05 Fmax= 1.46684e+04, atom= 1744
Step=  569, Dmax= 1.3e-02 nm, Epot= -5.31752e+05 Fmax= 5.22559e+03, atom= 1744
Step=  570, Dmax= 1.5e-02 nm, Epot= -5.31653e+05 Fmax= 1.83804e+04, atom= 1744
Step=  571, Dmax= 7.7e-03 nm, Epot= -5.31772e+05 Fmax= 6.59128e+03, atom= 1744
Step=  572, Dmax= 9.3e-03 nm, Epot= -5.31792e+05 Fmax= 7.74549e+03, atom= 1744
Step=  573, Dmax= 1.1e-02 nm, Epot= -5.31806e+05 Fmax= 9.29378e+03, atom= 1744
Step=  574, Dmax= 1.3e-02 nm, Epot= -5.31814e+05 Fmax= 1.13121e+04, atom= 1744
Step=  575, Dmax= 1.6e-02 nm, Epot= -5.31816e+05 Fmax= 1.32259e+04, atom= 1744
Step=  576, Dmax= 1.9e-02 nm, Epot= -5.31798e+05 Fmax= 1.63805e+04, atom= 1744
Step=  577, Dmax= 9.6e-03 nm, Epot= -5.31917e+05 Fmax= 1.58465e+03, atom= 1744
Step=  578, Dmax= 1.2e-02 nm, Epot= -5.31932e+05 Fmax= 1.59010e+04, atom= 1744
Step=  579, Dmax= 1.4e-02 nm, Epot= -5.32061e+05 Fmax= 5.49060e+03, atom= 1744
Step=  580, Dmax= 1.7e-02 nm, Epot= -5.31934e+05 Fmax= 1.98836e+04, atom= 1744
Step=  581, Dmax= 8.3e-03 nm, Epot= -5.32078e+05 Fmax= 7.21477e+03, atom= 1744
Step=  582, Dmax= 1.0e-02 nm, Epot= -5.32098e+05 Fmax= 8.19123e+03, atom= 1744
Step=  583, Dmax= 1.2e-02 nm, Epot= -5.32107e+05 Fmax= 1.01268e+04, atom= 1744
Step=  584, Dmax= 1.4e-02 nm, Epot= -5.32114e+05 Fmax= 1.20150e+04, atom= 1744
Step=  585, Dmax= 1.7e-02 nm, Epot= -5.32109e+05 Fmax= 1.43583e+04, atom= 1744
Step=  586, Dmax= 8.6e-03 nm, Epot= -5.32199e+05 Fmax= 1.19277e+03, atom= 1744
Step=  587, Dmax= 1.0e-02 nm, Epot= -5.32251e+05 Fmax= 1.50994e+04, atom= 1744
Step=  588, Dmax= 1.2e-02 nm, Epot= -5.32372e+05 Fmax= 3.96184e+03, atom= 1744
Step=  589, Dmax= 1.5e-02 nm, Epot= -5.32267e+05 Fmax= 1.91172e+04, atom= 1744
Step=  590, Dmax= 7.4e-03 nm, Epot= -5.32386e+05 Fmax= 7.58587e+03, atom= 1744
Step=  591, Dmax= 8.9e-03 nm, Epot= -5.32418e+05 Fmax= 6.09720e+03, atom= 1744
Step=  592, Dmax= 1.1e-02 nm, Epot= -5.32415e+05 Fmax= 1.04736e+04, atom= 1744
Step=  593, Dmax= 5.4e-03 nm, Epot= -5.32450e+05 Fmax= 2.18669e+03, atom= 1744
Step=  594, Dmax= 6.4e-03 nm, Epot= -5.32479e+05 Fmax= 7.57973e+03, atom= 1744
Step=  595, Dmax= 7.7e-03 nm, Epot= -5.32518e+05 Fmax= 4.34238e+03, atom= 1744
Step=  596, Dmax= 9.3e-03 nm, Epot= -5.32518e+05 Fmax= 9.80311e+03, atom= 1744
Step=  597, Dmax= 1.1e-02 nm, Epot= -5.32561e+05 Fmax= 7.34404e+03, atom= 1744
Step=  598, Dmax= 1.3e-02 nm, Epot= -5.32535e+05 Fmax= 1.30634e+04, atom= 1744
Step=  599, Dmax= 6.7e-03 nm, Epot= -5.32600e+05 Fmax= 2.86788e+03, atom= 1744
Step=  600, Dmax= 8.0e-03 nm, Epot= -5.32611e+05 Fmax= 9.56379e+03, atom= 1744
Step=  601, Dmax= 9.6e-03 nm, Epot= -5.32661e+05 Fmax= 5.15269e+03, atom= 1744
Step=  602, Dmax= 1.2e-02 nm, Epot= -5.32636e+05 Fmax= 1.26725e+04, atom= 1744
Step=  603, Dmax= 5.8e-03 nm, Epot= -5.32688e+05 Fmax= 3.75737e+03, atom= 1744
Step=  604, Dmax= 6.9e-03 nm, Epot= -5.32706e+05 Fmax= 6.79384e+03, atom= 1744
Step=  605, Dmax= 8.3e-03 nm, Epot= -5.32733e+05 Fmax= 6.02402e+03, atom= 1744
Step=  606, Dmax= 1.0e-02 nm, Epot= -5.32739e+05 Fmax= 9.20606e+03, atom= 1744
Step=  607, Dmax= 1.2e-02 nm, Epot= -5.32763e+05 Fmax= 9.22535e+03, atom= 1744
Step=  608, Dmax= 1.4e-02 nm, Epot= -5.32752e+05 Fmax= 1.27219e+04, atom= 1744
Step=  609, Dmax= 7.2e-03 nm, Epot= -5.32818e+05 Fmax= 1.75923e+03, atom= 1744
Step=  610, Dmax= 8.6e-03 nm, Epot= -5.32841e+05 Fmax= 1.16881e+04, atom= 1744
Step=  611, Dmax= 1.0e-02 nm, Epot= -5.32916e+05 Fmax= 4.14605e+03, atom= 1744
Step=  612, Dmax= 1.2e-02 nm, Epot= -5.32866e+05 Fmax= 1.50477e+04, atom= 1744
Step=  613, Dmax= 6.2e-03 nm, Epot= -5.32937e+05 Fmax= 5.44850e+03, atom= 1744
Step=  614, Dmax= 7.4e-03 nm, Epot= -5.32958e+05 Fmax= 5.91948e+03, atom= 1744
Step=  615, Dmax= 8.9e-03 nm, Epot= -5.32973e+05 Fmax= 7.86760e+03, atom= 1744
Step=  616, Dmax= 1.1e-02 nm, Epot= -5.32991e+05 Fmax= 8.52102e+03, atom= 1744
Step=  617, Dmax= 1.3e-02 nm, Epot= -5.32991e+05 Fmax= 1.12939e+04, atom= 1744
Step=  618, Dmax= 6.4e-03 nm, Epot= -5.33040e+05 Fmax= 1.38571e+03, atom= 1744
Step=  619, Dmax= 7.7e-03 nm, Epot= -5.33088e+05 Fmax= 1.02479e+04, atom= 1744
Step=  620, Dmax= 9.2e-03 nm, Epot= -5.33149e+05 Fmax= 4.02980e+03, atom= 1744
Step=  621, Dmax= 1.1e-02 nm, Epot= -5.33121e+05 Fmax= 1.29069e+04, atom= 1744
Step=  622, Dmax= 5.5e-03 nm, Epot= -5.33171e+05 Fmax= 4.44363e+03, atom= 1744
Step=  623, Dmax= 6.7e-03 nm, Epot= -5.33190e+05 Fmax= 5.86645e+03, atom= 1744
Step=  624, Dmax= 8.0e-03 nm, Epot= -5.33211e+05 Fmax= 6.35875e+03, atom= 1744
Step=  625, Dmax= 9.6e-03 nm, Epot= -5.33222e+05 Fmax= 8.45662e+03, atom= 1744
Step=  626, Dmax= 1.2e-02 nm, Epot= -5.33240e+05 Fmax= 9.16306e+03, atom= 1744
Step=  627, Dmax= 1.4e-02 nm, Epot= -5.33235e+05 Fmax= 1.21291e+04, atom= 1744
Step=  628, Dmax= 6.9e-03 nm, Epot= -5.33294e+05 Fmax= 1.48313e+03, atom= 1744
Step=  629, Dmax= 8.3e-03 nm, Epot= -5.33332e+05 Fmax= 1.10424e+04, atom= 1744
Step=  630, Dmax= 9.9e-03 nm, Epot= -5.33400e+05 Fmax= 4.30273e+03, atom= 1744
Step=  631, Dmax= 1.2e-02 nm, Epot= -5.33359e+05 Fmax= 1.39119e+04, atom= 1744
Step=  632, Dmax= 6.0e-03 nm, Epot= -5.33421e+05 Fmax= 4.81072e+03, atom= 1744
Step=  633, Dmax= 7.2e-03 nm, Epot= -5.33439e+05 Fmax= 6.26536e+03, atom= 1744
Step=  634, Dmax= 8.6e-03 nm, Epot= -5.33458e+05 Fmax= 6.88052e+03, atom= 1744
Step=  635, Dmax= 1.0e-02 nm, Epot= -5.33467e+05 Fmax= 9.03723e+03, atom= 1744
Step=  636, Dmax= 1.2e-02 nm, Epot= -5.33482e+05 Fmax= 9.90551e+03, atom= 1744
Step=  637, Dmax= 1.5e-02 nm, Epot= -5.33473e+05 Fmax= 1.29721e+04, atom= 1744
Step=  638, Dmax= 7.4e-03 nm, Epot= -5.33543e+05 Fmax= 1.53399e+03, atom= 1744
Step=  639, Dmax= 8.9e-03 nm, Epot= -5.33572e+05 Fmax= 1.19482e+04, atom= 1744
Step=  640, Dmax= 1.1e-02 nm, Epot= -5.33649e+05 Fmax= 4.54513e+03, atom= 1744
Step=  641, Dmax= 1.3e-02 nm, Epot= -5.33593e+05 Fmax= 1.50422e+04, atom= 1744
Step=  642, Dmax= 6.4e-03 nm, Epot= -5.33669e+05 Fmax= 5.25594e+03, atom= 1744
Step=  643, Dmax= 7.7e-03 nm, Epot= -5.33686e+05 Fmax= 6.64261e+03, atom= 1744
Step=  644, Dmax= 9.2e-03 nm, Epot= -5.33703e+05 Fmax= 7.49252e+03, atom= 1744
Step=  645, Dmax= 1.1e-02 nm, Epot= -5.33710e+05 Fmax= 9.60944e+03, atom= 1744
Step=  646, Dmax= 1.3e-02 nm, Epot= -5.33721e+05 Fmax= 1.07548e+04, atom= 1744
Step=  647, Dmax= 1.6e-02 nm, Epot= -5.33709e+05 Fmax= 1.38250e+04, atom= 1744
Step=  648, Dmax= 8.0e-03 nm, Epot= -5.33790e+05 Fmax= 1.53701e+03, atom= 1744
Step=  649, Dmax= 9.6e-03 nm, Epot= -5.33812e+05 Fmax= 1.29699e+04, atom= 1744
Step=  650, Dmax= 1.1e-02 nm, Epot= -5.33900e+05 Fmax= 4.75942e+03, atom= 1744
Step=  651, Dmax= 1.4e-02 nm, Epot= -5.33825e+05 Fmax= 1.63018e+04, atom= 1744
Step=  652, Dmax= 6.9e-03 nm, Epot= -5.33918e+05 Fmax= 5.78054e+03, atom= 1744
Step=  653, Dmax= 8.3e-03 nm, Epot= -5.33934e+05 Fmax= 7.00175e+03, atom= 1744
Step=  654, Dmax= 9.9e-03 nm, Epot= -5.33948e+05 Fmax= 8.19658e+03, atom= 1744
Step=  655, Dmax= 1.2e-02 nm, Epot= -5.33954e+05 Fmax= 1.01776e+04, atom= 1744
Step=  656, Dmax= 1.4e-02 nm, Epot= -5.33960e+05 Fmax= 1.17135e+04, atom= 1744
Step=  657, Dmax= 1.7e-02 nm, Epot= -5.33945e+05 Fmax= 1.46940e+04, atom= 1744
Step=  658, Dmax= 8.6e-03 nm, Epot= -5.34040e+05 Fmax= 1.49407e+03, atom= 1744
Step=  659, Dmax= 1.0e-02 nm, Epot= -5.34054e+05 Fmax= 1.41119e+04, atom= 1744
Step=  660, Dmax= 1.2e-02 nm, Epot= -5.34156e+05 Fmax= 4.94882e+03, atom= 1744
Step=  661, Dmax= 1.5e-02 nm, Epot= -5.34059e+05 Fmax= 1.76943e+04, atom= 1744
Step=  662, Dmax= 7.4e-03 nm, Epot= -5.34172e+05 Fmax= 6.38562e+03, atom= 1744
Step=  663, Dmax= 8.9e-03 nm, Epot= -5.34188e+05 Fmax= 7.34696e+03, atom= 1744
Step=  664, Dmax= 1.1e-02 nm, Epot= -5.34198e+05 Fmax= 8.99406e+03, atom= 1744
Step=  665, Dmax= 1.3e-02 nm, Epot= -5.34204e+05 Fmax= 1.07470e+04, atom= 1744
Step=  666, Dmax= 1.5e-02 nm, Epot= -5.34201e+05 Fmax= 1.27844e+04, atom= 1744
Step=  667, Dmax= 7.7e-03 nm, Epot= -5.34272e+05 Fmax= 1.03410e+03, atom= 1744
Step=  668, Dmax= 9.2e-03 nm, Epot= -5.34326e+05 Fmax= 1.34800e+04, atom= 1744
Step=  669, Dmax= 1.1e-02 nm, Epot= -5.34422e+05 Fmax= 3.51774e+03, atom= 1744
Step=  670, Dmax= 1.3e-02 nm, Epot= -5.34343e+05 Fmax= 1.70467e+04, atom= 1744
Step=  671, Dmax= 6.6e-03 nm, Epot= -5.34436e+05 Fmax= 6.77044e+03, atom= 1744
Step=  672, Dmax= 8.0e-03 nm, Epot= -5.34462e+05 Fmax= 5.43574e+03, atom= 1744
Step=  673, Dmax= 9.6e-03 nm, Epot= -5.34462e+05 Fmax= 9.33221e+03, atom= 1744
Step=  674, Dmax= 4.8e-03 nm, Epot= -5.34489e+05 Fmax= 1.94706e+03, atom= 1744
Step=  675, Dmax= 5.7e-03 nm, Epot= -5.34514e+05 Fmax= 6.77276e+03, atom= 1744
Step=  676, Dmax= 6.9e-03 nm, Epot= -5.34546e+05 Fmax= 3.85178e+03, atom= 1744
Step=  677, Dmax= 8.3e-03 nm, Epot= -5.34548e+05 Fmax= 8.77147e+03, atom= 1744
Step=  678, Dmax= 9.9e-03 nm, Epot= -5.34584e+05 Fmax= 6.51204e+03, atom= 1744
Step=  679, Dmax= 1.2e-02 nm, Epot= -5.34564e+05 Fmax= 1.16974e+04, atom= 1744
Step=  680, Dmax= 5.9e-03 nm, Epot= -5.34615e+05 Fmax= 2.59846e+03, atom= 1744
Step=  681, Dmax= 7.1e-03 nm, Epot= -5.34626e+05 Fmax= 8.47028e+03, atom= 1744
Step=  682, Dmax= 8.6e-03 nm, Epot= -5.34667e+05 Fmax= 4.65817e+03, atom= 1744
Step=  683, Dmax= 1.0e-02 nm, Epot= -5.34649e+05 Fmax= 1.12222e+04, atom= 1744
Step=  684, Dmax= 5.1e-03 nm, Epot= -5.34689e+05 Fmax= 3.27982e+03, atom= 1744
Step=  685, Dmax= 6.2e-03 nm, Epot= -5.34704e+05 Fmax= 6.13725e+03, atom= 1744
Step=  686, Dmax= 7.4e-03 nm, Epot= -5.34728e+05 Fmax= 5.28379e+03, atom= 1744
Step=  687, Dmax= 8.9e-03 nm, Epot= -5.34734e+05 Fmax= 8.30683e+03, atom= 1744
Step=  688, Dmax= 1.1e-02 nm, Epot= -5.34755e+05 Fmax= 8.11951e+03, atom= 1744
Step=  689, Dmax= 1.3e-02 nm, Epot= -5.34746e+05 Fmax= 1.14651e+04, atom= 1744
Step=  690, Dmax= 6.4e-03 nm, Epot= -5.34799e+05 Fmax= 1.68059e+03, atom= 1744
Step=  691, Dmax= 7.7e-03 nm, Epot= -5.34818e+05 Fmax= 1.02671e+04, atom= 1744
Step=  692, Dmax= 9.2e-03 nm, Epot= -5.34876e+05 Fmax= 3.85640e+03, atom= 1744
Step=  693, Dmax= 1.1e-02 nm, Epot= -5.34841e+05 Fmax= 1.32302e+04, atom= 1744
Step=  694, Dmax= 5.5e-03 nm, Epot= -5.34895e+05 Fmax= 4.68484e+03, atom= 1744
Step=  695, Dmax= 6.6e-03 nm, Epot= -5.34913e+05 Fmax= 5.45983e+03, atom= 1744
Step=  696, Dmax= 7.9e-03 nm, Epot= -5.34926e+05 Fmax= 6.81970e+03, atom= 1744
Step=  697, Dmax= 9.5e-03 nm, Epot= -5.34940e+05 Fmax= 7.80374e+03, atom= 1744
Step=  698, Dmax= 1.1e-02 nm, Epot= -5.34944e+05 Fmax= 9.85238e+03, atom= 1744
Step=  699, Dmax= 1.4e-02 nm, Epot= -5.34951e+05 Fmax= 1.12069e+04, atom= 1744
Step=  700, Dmax= 1.6e-02 nm, Epot= -5.34936e+05 Fmax= 1.41745e+04, atom= 1744
Step=  701, Dmax= 8.2e-03 nm, Epot= -5.35024e+05 Fmax= 1.48637e+03, atom= 1744
Step=  702, Dmax= 9.9e-03 nm, Epot= -5.35033e+05 Fmax= 1.35687e+04, atom= 1744
Step=  703, Dmax= 1.2e-02 nm, Epot= -5.35128e+05 Fmax= 4.74680e+03, atom= 1744
Step=  704, Dmax= 1.4e-02 nm, Epot= -5.35037e+05 Fmax= 1.70470e+04, atom= 1744
Step=  705, Dmax= 7.1e-03 nm, Epot= -5.35142e+05 Fmax= 6.16155e+03, atom= 1744
Step=  706, Dmax= 8.5e-03 nm, Epot= -5.35158e+05 Fmax= 7.03026e+03, atom= 1744
Step=  707, Dmax= 1.0e-02 nm, Epot= -5.35165e+05 Fmax= 8.69177e+03, atom= 1744
Step=  708, Dmax= 1.2e-02 nm, Epot= -5.35172e+05 Fmax= 1.02776e+04, atom= 1744
Step=  709, Dmax= 1.5e-02 nm, Epot= -5.35169e+05 Fmax= 1.23593e+04, atom= 1744
Step=  710, Dmax= 7.4e-03 nm, Epot= -5.35235e+05 Fmax= 1.05460e+03, atom= 1744
Step=  711, Dmax= 8.9e-03 nm, Epot= -5.35278e+05 Fmax= 1.28187e+04, atom= 1744
Step=  712, Dmax= 1.1e-02 nm, Epot= -5.35366e+05 Fmax= 3.52590e+03, atom= 1744
Step=  713, Dmax= 1.3e-02 nm, Epot= -5.35294e+05 Fmax= 1.62124e+04, atom= 1744
Step=  714, Dmax= 6.4e-03 nm, Epot= -5.35378e+05 Fmax= 6.34678e+03, atom= 1744
Step=  715, Dmax= 7.7e-03 nm, Epot= -5.35401e+05 Fmax= 5.39632e+03, atom= 1744
Step=  716, Dmax= 9.2e-03 nm, Epot= -5.35402e+05 Fmax= 8.78610e+03, atom= 1744
Step=  717, Dmax= 1.1e-02 nm, Epot= -5.35426e+05 Fmax= 8.12647e+03, atom= 1744
Step=  718, Dmax= 1.3e-02 nm, Epot= -5.35408e+05 Fmax= 1.22605e+04, atom= 1744
Step=  719, Dmax= 6.6e-03 nm, Epot= -5.35469e+05 Fmax= 2.06597e+03, atom= 1744
Step=  720, Dmax= 7.9e-03 nm, Epot= -5.35476e+05 Fmax= 1.00561e+04, atom= 1744
Step=  721, Dmax= 9.5e-03 nm, Epot= -5.35530e+05 Fmax= 4.62745e+03, atom= 1744
Step=  722, Dmax= 1.1e-02 nm, Epot= -5.35493e+05 Fmax= 1.28820e+04, atom= 1744
Step=  723, Dmax= 5.7e-03 nm, Epot= -5.35550e+05 Fmax= 4.13210e+03, atom= 1744
Step=  724, Dmax= 6.9e-03 nm, Epot= -5.35562e+05 Fmax= 6.45976e+03, atom= 1744
Step=  725, Dmax= 8.2e-03 nm, Epot= -5.35582e+05 Fmax= 6.16303e+03, atom= 1744
Step=  726, Dmax= 9.9e-03 nm, Epot= -5.35583e+05 Fmax= 9.06854e+03, atom= 1744
Step=  727, Dmax= 1.2e-02 nm, Epot= -5.35601e+05 Fmax= 9.10981e+03, atom= 1744
Step=  728, Dmax= 1.4e-02 nm, Epot= -5.35584e+05 Fmax= 1.27920e+04, atom= 1744
Step=  729, Dmax= 7.1e-03 nm, Epot= -5.35652e+05 Fmax= 1.84070e+03, atom= 1744
Step=  730, Dmax= 8.5e-03 nm, Epot= -5.35658e+05 Fmax= 1.11910e+04, atom= 1744
Step=  731, Dmax= 1.0e-02 nm, Epot= -5.35723e+05 Fmax= 4.59244e+03, atom= 1744
Step=  732, Dmax= 1.2e-02 nm, Epot= -5.35670e+05 Fmax= 1.42316e+04, atom= 1744
Step=  733, Dmax= 6.1e-03 nm, Epot= -5.35741e+05 Fmax= 4.82544e+03, atom= 1744
Step=  734, Dmax= 7.4e-03 nm, Epot= -5.35753e+05 Fmax= 6.55154e+03, atom= 1744
Step=  735, Dmax= 8.8e-03 nm, Epot= -5.35768e+05 Fmax= 7.01900e+03, atom= 1744
Step=  736, Dmax= 1.1e-02 nm, Epot= -5.35771e+05 Fmax= 9.34430e+03, atom= 1744
Step=  737, Dmax= 1.3e-02 nm, Epot= -5.35782e+05 Fmax= 1.01966e+04, atom= 1744
Step=  738, Dmax= 1.5e-02 nm, Epot= -5.35766e+05 Fmax= 1.33340e+04, atom= 1744
Step=  739, Dmax= 7.6e-03 nm, Epot= -5.35844e+05 Fmax= 1.57008e+03, atom= 1744
Step=  740, Dmax= 9.2e-03 nm, Epot= -5.35850e+05 Fmax= 1.24406e+04, atom= 1744
Step=  741, Dmax= 1.1e-02 nm, Epot= -5.35930e+05 Fmax= 4.52887e+03, atom= 1744
Step=  742, Dmax= 1.3e-02 nm, Epot= -5.35857e+05 Fmax= 1.57069e+04, atom= 1744
Step=  743, Dmax= 6.6e-03 nm, Epot= -5.35944e+05 Fmax= 5.59733e+03, atom= 1744
Step=  744, Dmax= 7.9e-03 nm, Epot= -5.35958e+05 Fmax= 6.62486e+03, atom= 1744
Step=  745, Dmax= 9.5e-03 nm, Epot= -5.35968e+05 Fmax= 7.96474e+03, atom= 1744
Step=  746, Dmax= 1.1e-02 nm, Epot= -5.35974e+05 Fmax= 9.61609e+03, atom= 1744
Step=  747, Dmax= 1.4e-02 nm, Epot= -5.35975e+05 Fmax= 1.13890e+04, atom= 1744
Step=  748, Dmax= 1.6e-02 nm, Epot= -5.35963e+05 Fmax= 1.38922e+04, atom= 1744
Step=  749, Dmax= 8.2e-03 nm, Epot= -5.36049e+05 Fmax= 1.25549e+03, atom= 1744
Step=  750, Dmax= 9.9e-03 nm, Epot= -5.36064e+05 Fmax= 1.38056e+04, atom= 1744
Step=  751, Dmax= 1.2e-02 nm, Epot= -5.36162e+05 Fmax= 4.44842e+03, atom= 1744
Step=  752, Dmax= 1.4e-02 nm, Epot= -5.36065e+05 Fmax= 1.72990e+04, atom= 1744
Step=  753, Dmax= 7.1e-03 nm, Epot= -5.36173e+05 Fmax= 6.43906e+03, atom= 1744
Step=  754, Dmax= 8.5e-03 nm, Epot= -5.36189e+05 Fmax= 6.69472e+03, atom= 1744
Step=  755, Dmax= 1.0e-02 nm, Epot= -5.36192e+05 Fmax= 8.99110e+03, atom= 1744
Step=  756, Dmax= 1.2e-02 nm, Epot= -5.36202e+05 Fmax= 9.90007e+03, atom= 1744
Step=  757, Dmax= 1.5e-02 nm, Epot= -5.36190e+05 Fmax= 1.26785e+04, atom= 1744
Step=  758, Dmax= 7.4e-03 nm, Epot= -5.36260e+05 Fmax= 1.40167e+03, atom= 1744
Step=  759, Dmax= 8.8e-03 nm, Epot= -5.36273e+05 Fmax= 1.22970e+04, atom= 1744
Step=  760, Dmax= 1.1e-02 nm, Epot= -5.36352e+05 Fmax= 3.99373e+03, atom= 1744
Step=  761, Dmax= 1.3e-02 nm, Epot= -5.36281e+05 Fmax= 1.56315e+04, atom= 1744
Step=  762, Dmax= 6.4e-03 nm, Epot= -5.36364e+05 Fmax= 5.81837e+03, atom= 1744
Step=  763, Dmax= 7.6e-03 nm, Epot= -5.36382e+05 Fmax= 5.89593e+03, atom= 1744
Step=  764, Dmax= 9.2e-03 nm, Epot= -5.36386e+05 Fmax= 8.21677e+03, atom= 1744
Step=  765, Dmax= 1.1e-02 nm, Epot= -5.36401e+05 Fmax= 8.65097e+03, atom= 1744
Step=  766, Dmax= 1.3e-02 nm, Epot= -5.36391e+05 Fmax= 1.16486e+04, atom= 1744
Step=  767, Dmax= 6.6e-03 nm, Epot= -5.36448e+05 Fmax= 1.49800e+03, atom= 1744
Step=  768, Dmax= 7.9e-03 nm, Epot= -5.36464e+05 Fmax= 1.06126e+04, atom= 1744
Step=  769, Dmax= 9.5e-03 nm, Epot= -5.36524e+05 Fmax= 4.01776e+03, atom= 1744
Step=  770, Dmax= 1.1e-02 nm, Epot= -5.36480e+05 Fmax= 1.34546e+04, atom= 1744
Step=  771, Dmax= 5.7e-03 nm, Epot= -5.36540e+05 Fmax= 4.72397e+03, atom= 1744
Step=  772, Dmax= 6.8e-03 nm, Epot= -5.36554e+05 Fmax= 5.81416e+03, atom= 1744
Step=  773, Dmax= 8.2e-03 nm, Epot= -5.36567e+05 Fmax= 6.77888e+03, atom= 1744
Step=  774, Dmax= 9.8e-03 nm, Epot= -5.36574e+05 Fmax= 8.38378e+03, atom= 1744
Step=  775, Dmax= 1.2e-02 nm, Epot= -5.36580e+05 Fmax= 9.74741e+03, atom= 1744
Step=  776, Dmax= 1.4e-02 nm, Epot= -5.36575e+05 Fmax= 1.20640e+04, atom= 1744
Step=  777, Dmax= 7.1e-03 nm, Epot= -5.36637e+05 Fmax= 1.15965e+03, atom= 1744
Step=  778, Dmax= 8.5e-03 nm, Epot= -5.36665e+05 Fmax= 1.18587e+04, atom= 1744
Step=  779, Dmax= 1.0e-02 nm, Epot= -5.36740e+05 Fmax= 3.87596e+03, atom= 1744
Step=  780, Dmax= 1.2e-02 nm, Epot= -5.36677e+05 Fmax= 1.49029e+04, atom= 1744
Step=  781, Dmax= 6.1e-03 nm, Epot= -5.36753e+05 Fmax= 5.52211e+03, atom= 1744
Step=  782, Dmax= 7.3e-03 nm, Epot= -5.36769e+05 Fmax= 5.80222e+03, atom= 1744
Step=  783, Dmax= 8.8e-03 nm, Epot= -5.36776e+05 Fmax= 7.73641e+03, atom= 1744
Step=  784, Dmax= 1.1e-02 nm, Epot= -5.36787e+05 Fmax= 8.55719e+03, atom= 1744
Step=  785, Dmax= 1.3e-02 nm, Epot= -5.36783e+05 Fmax= 1.09325e+04, atom= 1744
Step=  786, Dmax= 6.3e-03 nm, Epot= -5.36833e+05 Fmax= 1.19654e+03, atom= 1744
Step=  787, Dmax= 7.6e-03 nm, Epot= -5.36862e+05 Fmax= 1.06011e+04, atom= 1744
Step=  788, Dmax= 9.1e-03 nm, Epot= -5.36922e+05 Fmax= 3.45421e+03, atom= 1744
Step=  789, Dmax= 1.1e-02 nm, Epot= -5.36880e+05 Fmax= 1.34656e+04, atom= 1744
Step=  790, Dmax= 5.5e-03 nm, Epot= -5.36937e+05 Fmax= 5.00506e+03, atom= 1744
Step=  791, Dmax= 6.6e-03 nm, Epot= -5.36954e+05 Fmax= 5.10473e+03, atom= 1744
Step=  792, Dmax= 7.9e-03 nm, Epot= -5.36962e+05 Fmax= 7.06544e+03, atom= 1744
Step=  793, Dmax= 9.5e-03 nm, Epot= -5.36976e+05 Fmax= 7.49244e+03, atom= 1744
Step=  794, Dmax= 1.1e-02 nm, Epot= -5.36974e+05 Fmax= 1.00176e+04, atom= 1744
Step=  795, Dmax= 5.7e-03 nm, Epot= -5.37014e+05 Fmax= 1.26158e+03, atom= 1744
Step=  796, Dmax= 6.8e-03 nm, Epot= -5.37042e+05 Fmax= 9.19828e+03, atom= 1744
Step=  797, Dmax= 8.2e-03 nm, Epot= -5.37090e+05 Fmax= 3.41799e+03, atom= 1744
Step=  798, Dmax= 9.8e-03 nm, Epot= -5.37065e+05 Fmax= 1.16647e+04, atom= 1744
Step=  799, Dmax= 4.9e-03 nm, Epot= -5.37106e+05 Fmax= 4.12729e+03, atom= 1744
Step=  800, Dmax= 5.9e-03 nm, Epot= -5.37120e+05 Fmax= 4.95891e+03, atom= 1744
Step=  801, Dmax= 7.1e-03 nm, Epot= -5.37134e+05 Fmax= 5.90983e+03, atom= 1744
Step=  802, Dmax= 8.5e-03 nm, Epot= -5.37145e+05 Fmax= 7.16659e+03, atom= 1744
Step=  803, Dmax= 1.0e-02 nm, Epot= -5.37152e+05 Fmax= 8.48210e+03, atom= 1744
Step=  804, Dmax= 1.2e-02 nm, Epot= -5.37154e+05 Fmax= 1.03337e+04, atom= 1744
Step=  805, Dmax= 1.5e-02 nm, Epot= -5.37151e+05 Fmax= 1.21836e+04, atom= 1744
Step=  806, Dmax= 7.3e-03 nm, Epot= -5.37216e+05 Fmax= 9.39887e+02, atom= 1744

writing lowest energy coordinates.

Steepest Descents converged to Fmax < 1000 in 807 steps
Potential Energy  = -5.3721588e+05
Maximum force     =  9.3988733e+02 on atom 1744
Norm of force     =  1.8844097e+01

GROMACS reminds you: "You are wrong!" (NOFX)

