
--- stderr ---
                :-) GROMACS - gmx mdrun, 2024.5-conda_forge (-:

Executable:   /usr/local/Caskroom/miniforge/base/envs/gromacs_env/bin.AVX2_256/gmx
Data prefix:  /usr/local/Caskroom/miniforge/base/envs/gromacs_env
Working dir:  /Users/laetitiaguerin/Library/CloudStorage/OneDrive-Personal/Documents/BSc_Nanobiology/Year_5/BEP/Energy_minimization/tleap_runs/P00208_V14G
Command line:
  gmx mdrun -v -deffnm P00208_V14G_minim

The current CPU can measure timings more accurately than the code in
gmx mdrun was configured to use. This might affect your simulation
speed as accurate timings are needed for load-balancing.
Please consider rebuilding gmx mdrun with the GMX_USE_RDTSCP=ON CMake option.
Reading file P00208_V14G_minim.tpr, VERSION 2024.5-conda_forge (single precision)

Using 1 MPI thread
Using 8 OpenMP threads 


Steepest Descents:
   Tolerance (Fmax)   =  1.00000e+03
   Number of steps    =        50000
Step=    0, Dmax= 1.0e-02 nm, Epot= -2.54379e+05 Fmax= 3.61619e+03, atom= 198
Step=    1, Dmax= 1.0e-02 nm, Epot= -2.59738e+05 Fmax= 8.23617e+03, atom= 198
Step=    2, Dmax= 1.2e-02 nm, Epot= -2.62099e+05 Fmax= 7.37448e+03, atom= 198
Step=    3, Dmax= 1.4e-02 nm, Epot= -2.64429e+05 Fmax= 1.15738e+04, atom= 198
Step=    4, Dmax= 1.7e-02 nm, Epot= -2.66073e+05 Fmax= 1.16335e+04, atom= 198
Step=    5, Dmax= 2.1e-02 nm, Epot= -2.67113e+05 Fmax= 1.83847e+04, atom= 1207
Step=    6, Dmax= 2.5e-02 nm, Epot= -2.68450e+05 Fmax= 1.95431e+04, atom= 1207
Step=    7, Dmax= 3.0e-02 nm, Epot= -2.69007e+05 Fmax= 2.60922e+04, atom= 1207
Step=    8, Dmax= 3.6e-02 nm, Epot= -2.69903e+05 Fmax= 2.82389e+04, atom= 1207
Step=    9, Dmax= 4.3e-02 nm, Epot= -2.69597e+05 Fmax= 3.68680e+04, atom= 1207
Step=   10, Dmax= 2.1e-02 nm, Epot= -2.72647e+05 Fmax= 4.54846e+03, atom= 1207
Step=   11, Dmax= 2.6e-02 nm, Epot= -2.73687e+05 Fmax= 3.43284e+04, atom= 1207
Step=   12, Dmax= 3.1e-02 nm, Epot= -2.76524e+05 Fmax= 1.31974e+04, atom= 1207
Step=   13, Dmax= 3.7e-02 nm, Epot= -2.74055e+05 Fmax= 4.30977e+04, atom= 1207
Step=   14, Dmax= 1.9e-02 nm, Epot= -2.77116e+05 Fmax= 1.50337e+04, atom= 1207
Step=   15, Dmax= 2.2e-02 nm, Epot= -2.77522e+05 Fmax= 1.91291e+04, atom= 1207
Step=   16, Dmax= 2.7e-02 nm, Epot= -2.77930e+05 Fmax= 2.15044e+04, atom= 1207
Step=   17, Dmax= 3.2e-02 nm, Epot= -2.77921e+05 Fmax= 2.74350e+04, atom= 1207
Step=   18, Dmax= 1.6e-02 nm, Epot= -2.79291e+05 Fmax= 3.05253e+03, atom= 1207
Step=   19, Dmax= 1.9e-02 nm, Epot= -2.80380e+05 Fmax= 2.57772e+04, atom= 1207
Step=   20, Dmax= 2.3e-02 nm, Epot= -2.81976e+05 Fmax= 9.73650e+03, atom= 1207
Step=   21, Dmax= 2.8e-02 nm, Epot= -2.80801e+05 Fmax= 3.23540e+04, atom= 1207
Step=   22, Dmax= 1.4e-02 nm, Epot= -2.82374e+05 Fmax= 1.13538e+04, atom= 1207
Step=   23, Dmax= 1.7e-02 nm, Epot= -2.82693e+05 Fmax= 1.42313e+04, atom= 1207
Step=   24, Dmax= 2.0e-02 nm, Epot= -2.82993e+05 Fmax= 1.61604e+04, atom= 1207
Step=   25, Dmax= 2.4e-02 nm, Epot= -2.83093e+05 Fmax= 2.05418e+04, atom= 1207
Step=   26, Dmax= 2.9e-02 nm, Epot= -2.83231e+05 Fmax= 2.31364e+04, atom= 1207
Step=   27, Dmax= 3.5e-02 nm, Epot= -2.82913e+05 Fmax= 2.93969e+04, atom= 1207
Step=   28, Dmax= 1.7e-02 nm, Epot= -2.84603e+05 Fmax= 3.23188e+03, atom= 1207
Step=   29, Dmax= 2.1e-02 nm, Epot= -2.84608e+05 Fmax= 2.78431e+04, atom= 1207
Step=   30, Dmax= 2.5e-02 nm, Epot= -2.86312e+05 Fmax= 1.03333e+04, atom= 1207
Step=   31, Dmax= 3.0e-02 nm, Epot= -2.84506e+05 Fmax= 3.49134e+04, atom= 1207
Step=   32, Dmax= 1.5e-02 nm, Epot= -2.86542e+05 Fmax= 1.23493e+04, atom= 1207
Step=   33, Dmax= 1.8e-02 nm, Epot= -2.86708e+05 Fmax= 1.51280e+04, atom= 1207
Step=   34, Dmax= 2.1e-02 nm, Epot= -2.86837e+05 Fmax= 1.75400e+04, atom= 1207
Step=   35, Dmax= 2.6e-02 nm, Epot= -2.86781e+05 Fmax= 2.18697e+04, atom= 1207
Step=   36, Dmax= 1.3e-02 nm, Epot= -2.87664e+05 Fmax= 2.20873e+03, atom= 1207
Step=   37, Dmax= 1.5e-02 nm, Epot= -2.88157e+05 Fmax= 2.08224e+04, atom= 1207
Step=   38, Dmax= 1.9e-02 nm, Epot= -2.89146e+05 Fmax= 7.69232e+03, atom= 1207
Step=   39, Dmax= 2.2e-02 nm, Epot= -2.88310e+05 Fmax= 2.61011e+04, atom= 1207
Step=   40, Dmax= 1.1e-02 nm, Epot= -2.89350e+05 Fmax= 9.23338e+03, atom= 1207
Step=   41, Dmax= 1.3e-02 nm, Epot= -2.89519e+05 Fmax= 1.13297e+04, atom= 1207
Step=   42, Dmax= 1.6e-02 nm, Epot= -2.89668e+05 Fmax= 1.30760e+04, atom= 1207
Step=   43, Dmax= 1.9e-02 nm, Epot= -2.89710e+05 Fmax= 1.64400e+04, atom= 1207
Step=   44, Dmax= 2.3e-02 nm, Epot= -2.89763e+05 Fmax= 1.86817e+04, atom= 1207
Step=   45, Dmax= 2.8e-02 nm, Epot= -2.89552e+05 Fmax= 2.36363e+04, atom= 1207
Step=   46, Dmax= 1.4e-02 nm, Epot= -2.90630e+05 Fmax= 2.52770e+03, atom= 1207
Step=   47, Dmax= 1.7e-02 nm, Epot= -2.90593e+05 Fmax= 2.23464e+04, atom= 1207
Step=   48, Dmax= 8.3e-03 nm, Epot= -2.90954e+05 Fmax= 9.85839e+03, atom= 1207
Step=   49, Dmax= 1.0e-02 nm, Epot= -2.91260e+05 Fmax= 5.48292e+03, atom= 1207
Step=   50, Dmax= 1.2e-02 nm, Epot= -2.91301e+05 Fmax= 1.26635e+04, atom= 1207
Step=   51, Dmax= 1.4e-02 nm, Epot= -2.91630e+05 Fmax= 9.39227e+03, atom= 1207
Step=   52, Dmax= 1.7e-02 nm, Epot= -2.91465e+05 Fmax= 1.68133e+04, atom= 1207
Step=   53, Dmax= 8.6e-03 nm, Epot= -2.91922e+05 Fmax= 3.72344e+03, atom= 1207
Step=   54, Dmax= 1.0e-02 nm, Epot= -2.92022e+05 Fmax= 1.23179e+04, atom= 1207
Step=   55, Dmax= 1.2e-02 nm, Epot= -2.92391e+05 Fmax= 6.60489e+03, atom= 1207
Step=   56, Dmax= 1.5e-02 nm, Epot= -2.92220e+05 Fmax= 1.63511e+04, atom= 1207
Step=   57, Dmax= 7.4e-03 nm, Epot= -2.92590e+05 Fmax= 4.87251e+03, atom= 1207
Step=   58, Dmax= 8.9e-03 nm, Epot= -2.92722e+05 Fmax= 8.66674e+03, atom= 1207
Step=   59, Dmax= 1.1e-02 nm, Epot= -2.92917e+05 Fmax= 7.83428e+03, atom= 1207
Step=   60, Dmax= 1.3e-02 nm, Epot= -2.92962e+05 Fmax= 1.17293e+04, atom= 1207
Step=   61, Dmax= 1.5e-02 nm, Epot= -2.93120e+05 Fmax= 1.19785e+04, atom= 1207
Step=   62, Dmax= 1.9e-02 nm, Epot= -2.93049e+05 Fmax= 1.62190e+04, atom= 1207
Step=   63, Dmax= 9.3e-03 nm, Epot= -2.93512e+05 Fmax= 2.14427e+03, atom= 1207
Step=   64, Dmax= 1.1e-02 nm, Epot= -2.93664e+05 Fmax= 1.52477e+04, atom= 1207
Step=   65, Dmax= 1.3e-02 nm, Epot= -2.94199e+05 Fmax= 5.13685e+03, atom= 1207
Step=   66, Dmax= 1.6e-02 nm, Epot= -2.93809e+05 Fmax= 1.95919e+04, atom= 1207
Step=   67, Dmax= 8.0e-03 nm, Epot= -2.94326e+05 Fmax= 7.22765e+03, atom= 1207
Step=   68, Dmax= 9.6e-03 nm, Epot= -2.94468e+05 Fmax= 7.38344e+03, atom= 1207
Step=   69, Dmax= 1.2e-02 nm, Epot= -2.94534e+05 Fmax= 1.03691e+04, atom= 1207
Step=   70, Dmax= 1.4e-02 nm, Epot= -2.94662e+05 Fmax= 1.06978e+04, atom= 1207
Step=   71, Dmax= 1.7e-02 nm, Epot= -2.94615e+05 Fmax= 1.47907e+04, atom= 1207
Step=   72, Dmax= 8.3e-03 nm, Epot= -2.94979e+05 Fmax= 2.05323e+03, atom= 1207
Step=   73, Dmax= 1.0e-02 nm, Epot= -2.95154e+05 Fmax= 1.28363e+04, atom= 1207
Step=   74, Dmax= 1.2e-02 nm, Epot= -2.95533e+05 Fmax= 5.52872e+03, atom= 1207
Step=   75, Dmax= 1.4e-02 nm, Epot= -2.95301e+05 Fmax= 1.62273e+04, atom= 1207
Step=   76, Dmax= 7.2e-03 nm, Epot= -2.95665e+05 Fmax= 5.35659e+03, atom= 1207
Step=   77, Dmax= 8.6e-03 nm, Epot= -2.95756e+05 Fmax= 7.93138e+03, atom= 1207
Step=   78, Dmax= 1.0e-02 nm, Epot= -2.95885e+05 Fmax= 7.78289e+03, atom= 1207
Step=   79, Dmax= 1.2e-02 nm, Epot= -2.95902e+05 Fmax= 1.12914e+04, atom= 1207
Step=   80, Dmax= 1.5e-02 nm, Epot= -2.96020e+05 Fmax= 1.13591e+04, atom= 1207
Step=   81, Dmax= 1.8e-02 nm, Epot= -2.95905e+05 Fmax= 1.60240e+04, atom= 1207
Step=   82, Dmax= 8.9e-03 nm, Epot= -2.96354e+05 Fmax= 2.34109e+03, atom= 1207
Step=   83, Dmax= 1.1e-02 nm, Epot= -2.96392e+05 Fmax= 1.37135e+04, atom= 1207
Step=   84, Dmax= 1.3e-02 nm, Epot= -2.96796e+05 Fmax= 6.01921e+03, atom= 1207
Step=   85, Dmax= 1.5e-02 nm, Epot= -2.96461e+05 Fmax= 1.73809e+04, atom= 1207
Step=   86, Dmax= 7.7e-03 nm, Epot= -2.96915e+05 Fmax= 5.68940e+03, atom= 1207
Step=   87, Dmax= 9.2e-03 nm, Epot= -2.96973e+05 Fmax= 8.58353e+03, atom= 1207
Step=   88, Dmax= 1.1e-02 nm, Epot= -2.97091e+05 Fmax= 8.31473e+03, atom= 1207
Step=   89, Dmax= 1.3e-02 nm, Epot= -2.97066e+05 Fmax= 1.21756e+04, atom= 1207
Step=   90, Dmax= 6.7e-03 nm, Epot= -2.97297e+05 Fmax= 1.93379e+03, atom= 1207
Step=   91, Dmax= 8.0e-03 nm, Epot= -2.97440e+05 Fmax= 1.00077e+04, atom= 1207
Step=   92, Dmax= 9.6e-03 nm, Epot= -2.97683e+05 Fmax= 4.74284e+03, atom= 1207
Step=   93, Dmax= 1.1e-02 nm, Epot= -2.97585e+05 Fmax= 1.27019e+04, atom= 1207
Step=   94, Dmax= 5.7e-03 nm, Epot= -2.97793e+05 Fmax= 3.99863e+03, atom= 1007
Step=   95, Dmax= 6.9e-03 nm, Epot= -2.97873e+05 Fmax= 6.67027e+03, atom= 1207
Step=   96, Dmax= 8.3e-03 nm, Epot= -2.97988e+05 Fmax= 5.96824e+03, atom= 1007
Step=   97, Dmax= 9.9e-03 nm, Epot= -2.98013e+05 Fmax= 9.34507e+03, atom= 1007
Step=   98, Dmax= 1.2e-02 nm, Epot= -2.98127e+05 Fmax= 8.87708e+03, atom= 1007
Step=   99, Dmax= 1.4e-02 nm, Epot= -2.98062e+05 Fmax= 1.31265e+04, atom= 1007
Step=  100, Dmax= 7.2e-03 nm, Epot= -2.98342e+05 Fmax= 2.12258e+03, atom= 1007
Step=  101, Dmax= 8.6e-03 nm, Epot= -2.98414e+05 Fmax= 1.08932e+04, atom= 1007
Step=  102, Dmax= 1.0e-02 nm, Epot= -2.98675e+05 Fmax= 4.95295e+03, atom= 1007
Step=  103, Dmax= 1.2e-02 nm, Epot= -2.98517e+05 Fmax= 1.38972e+04, atom= 1007
Step=  104, Dmax= 6.2e-03 nm, Epot= -2.98773e+05 Fmax= 4.47890e+03, atom= 1007
Step=  105, Dmax= 7.4e-03 nm, Epot= -2.98837e+05 Fmax= 6.96672e+03, atom= 1007
Step=  106, Dmax= 8.9e-03 nm, Epot= -2.98936e+05 Fmax= 6.63329e+03, atom= 1007
Step=  107, Dmax= 1.1e-02 nm, Epot= -2.98948e+05 Fmax= 9.81542e+03, atom= 1007
Step=  108, Dmax= 1.3e-02 nm, Epot= -2.99038e+05 Fmax= 9.77658e+03, atom= 1007
Step=  109, Dmax= 1.5e-02 nm, Epot= -2.98961e+05 Fmax= 1.38623e+04, atom= 1007
Step=  110, Dmax= 7.7e-03 nm, Epot= -2.99272e+05 Fmax= 2.04143e+03, atom= 1007
Step=  111, Dmax= 9.2e-03 nm, Epot= -2.99310e+05 Fmax= 1.19605e+04, atom= 1007
Step=  112, Dmax= 1.1e-02 nm, Epot= -2.99598e+05 Fmax= 5.07097e+03, atom= 1007
Step=  113, Dmax= 1.3e-02 nm, Epot= -2.99377e+05 Fmax= 1.52006e+04, atom= 1007
Step=  114, Dmax= 6.6e-03 nm, Epot= -2.99683e+05 Fmax= 5.07271e+03, atom= 1007
Step=  115, Dmax= 8.0e-03 nm, Epot= -2.99736e+05 Fmax= 7.21976e+03, atom= 1007
Step=  116, Dmax= 9.6e-03 nm, Epot= -2.99815e+05 Fmax= 7.40480e+03, atom= 1007
Step=  117, Dmax= 1.1e-02 nm, Epot= -2.99821e+05 Fmax= 1.02657e+04, atom= 1007
Step=  118, Dmax= 1.4e-02 nm, Epot= -2.99882e+05 Fmax= 1.07976e+04, atom= 1007
Step=  119, Dmax= 1.7e-02 nm, Epot= -2.99801e+05 Fmax= 1.45989e+04, atom= 1007
Step=  120, Dmax= 8.3e-03 nm, Epot= -3.00142e+05 Fmax= 1.90054e+03, atom= 1007
Step=  121, Dmax= 9.9e-03 nm, Epot= -3.00150e+05 Fmax= 1.31585e+04, atom= 1007
Step=  122, Dmax= 1.2e-02 nm, Epot= -3.00474e+05 Fmax= 5.15068e+03, atom= 1007
Step=  123, Dmax= 1.4e-02 nm, Epot= -3.00182e+05 Fmax= 1.66477e+04, atom= 1007
Step=  124, Dmax= 7.1e-03 nm, Epot= -3.00543e+05 Fmax= 5.75867e+03, atom= 1007
Step=  125, Dmax= 8.6e-03 nm, Epot= -3.00591e+05 Fmax= 7.44588e+03, atom= 1007
Step=  126, Dmax= 1.0e-02 nm, Epot= -3.00646e+05 Fmax= 8.27986e+03, atom= 1007
Step=  127, Dmax= 1.2e-02 nm, Epot= -3.00652e+05 Fmax= 1.07051e+04, atom= 1007
Step=  128, Dmax= 1.5e-02 nm, Epot= -3.00679e+05 Fmax= 1.19397e+04, atom= 1007
Step=  129, Dmax= 1.8e-02 nm, Epot= -3.00602e+05 Fmax= 1.53458e+04, atom= 1007
Step=  130, Dmax= 8.9e-03 nm, Epot= -3.00970e+05 Fmax= 1.70554e+03, atom= 1007
Step=  131, Dmax= 1.1e-02 nm, Epot= -3.00956e+05 Fmax= 1.44874e+04, atom= 1007
Step=  132, Dmax= 5.3e-03 nm, Epot= -3.01078e+05 Fmax= 6.37889e+03, atom= 1007
Step=  133, Dmax= 6.4e-03 nm, Epot= -3.01183e+05 Fmax= 3.47232e+03, atom= 1007
Step=  134, Dmax= 7.7e-03 nm, Epot= -3.01207e+05 Fmax= 8.23841e+03, atom= 1007
Step=  135, Dmax= 9.2e-03 nm, Epot= -3.01324e+05 Fmax= 5.93829e+03, atom= 1007
Step=  136, Dmax= 1.1e-02 nm, Epot= -3.01278e+05 Fmax= 1.09582e+04, atom= 1007
Step=  137, Dmax= 5.5e-03 nm, Epot= -3.01422e+05 Fmax= 2.51541e+03, atom= 1007
Step=  138, Dmax= 6.6e-03 nm, Epot= -3.01472e+05 Fmax= 7.75067e+03, atom= 1007
Step=  139, Dmax= 8.0e-03 nm, Epot= -3.01593e+05 Fmax= 4.43442e+03, atom= 1007
Step=  140, Dmax= 9.6e-03 nm, Epot= -3.01561e+05 Fmax= 1.02982e+04, atom= 1007
Step=  141, Dmax= 4.8e-03 nm, Epot= -3.01667e+05 Fmax= 2.92917e+03, atom= 1007
Step=  142, Dmax= 5.7e-03 nm, Epot= -3.01726e+05 Fmax= 5.80954e+03, atom= 1007
Step=  143, Dmax= 6.9e-03 nm, Epot= -3.01805e+05 Fmax= 4.78525e+03, atom= 1007
Step=  144, Dmax= 8.3e-03 nm, Epot= -3.01828e+05 Fmax= 7.82796e+03, atom= 1007
Step=  145, Dmax= 9.9e-03 nm, Epot= -3.01903e+05 Fmax= 7.41196e+03, atom= 1007
Step=  146, Dmax= 1.2e-02 nm, Epot= -3.01883e+05 Fmax= 1.07663e+04, atom= 1007
Step=  147, Dmax= 5.9e-03 nm, Epot= -3.02027e+05 Fmax= 1.68503e+03, atom= 1007
Step=  148, Dmax= 7.1e-03 nm, Epot= -3.02100e+05 Fmax= 9.38782e+03, atom= 1007
Step=  149, Dmax= 8.6e-03 nm, Epot= -3.02261e+05 Fmax= 3.72454e+03, atom= 1007
Step=  150, Dmax= 1.0e-02 nm, Epot= -3.02185e+05 Fmax= 1.21263e+04, atom= 1007
Step=  151, Dmax= 5.1e-03 nm, Epot= -3.02322e+05 Fmax= 4.19763e+03, atom= 1007
Step=  152, Dmax= 6.2e-03 nm, Epot= -3.02376e+05 Fmax= 5.21937e+03, atom= 1007
Step=  153, Dmax= 7.4e-03 nm, Epot= -3.02427e+05 Fmax= 6.17266e+03, atom= 1007
Step=  154, Dmax= 8.9e-03 nm, Epot= -3.02468e+05 Fmax= 7.40290e+03, atom= 1007
Step=  155, Dmax= 1.1e-02 nm, Epot= -3.02497e+05 Fmax= 8.97987e+03, atom= 1007
Step=  156, Dmax= 1.3e-02 nm, Epot= -3.02514e+05 Fmax= 1.05731e+04, atom= 1007
Step=  157, Dmax= 1.5e-02 nm, Epot= -3.02495e+05 Fmax= 1.29821e+04, atom= 1007
Step=  158, Dmax= 7.7e-03 nm, Epot= -3.02717e+05 Fmax= 1.20570e+03, atom= 1007
Step=  159, Dmax= 9.2e-03 nm, Epot= -3.02821e+05 Fmax= 1.27528e+04, atom= 1007
Step=  160, Dmax= 1.1e-02 nm, Epot= -3.03075e+05 Fmax= 4.24144e+03, atom= 1007
Step=  161, Dmax= 1.3e-02 nm, Epot= -3.02863e+05 Fmax= 1.59916e+04, atom= 1007
Step=  162, Dmax= 6.6e-03 nm, Epot= -3.03119e+05 Fmax= 5.88688e+03, atom= 1007
Step=  163, Dmax= 7.9e-03 nm, Epot= -3.03170e+05 Fmax= 6.35628e+03, atom= 1007
Step=  164, Dmax= 9.5e-03 nm, Epot= -3.03194e+05 Fmax= 8.24332e+03, atom= 1007
Step=  165, Dmax= 1.1e-02 nm, Epot= -3.03226e+05 Fmax= 9.36267e+03, atom= 1007
Step=  166, Dmax= 1.4e-02 nm, Epot= -3.03219e+05 Fmax= 1.16614e+04, atom= 1007
Step=  167, Dmax= 6.9e-03 nm, Epot= -3.03380e+05 Fmax= 1.16205e+03, atom= 1007
Step=  168, Dmax= 8.2e-03 nm, Epot= -3.03492e+05 Fmax= 1.16668e+04, atom= 1007
Step=  169, Dmax= 9.9e-03 nm, Epot= -3.03698e+05 Fmax= 3.51247e+03, atom= 1007
Step=  170, Dmax= 1.2e-02 nm, Epot= -3.03554e+05 Fmax= 1.47999e+04, atom= 1007
Step=  171, Dmax= 5.9e-03 nm, Epot= -3.03740e+05 Fmax= 5.64258e+03, atom= 1007
Step=  172, Dmax= 7.1e-03 nm, Epot= -3.03796e+05 Fmax= 5.26332e+03, atom= 1007
Step=  173, Dmax= 8.5e-03 nm, Epot= -3.03815e+05 Fmax= 7.89635e+03, atom= 1007
Step=  174, Dmax= 1.0e-02 nm, Epot= -3.03869e+05 Fmax= 7.81281e+03, atom= 1007
Step=  175, Dmax= 1.2e-02 nm, Epot= -3.03849e+05 Fmax= 1.11102e+04, atom= 1007
Step=  176, Dmax= 6.2e-03 nm, Epot= -3.03978e+05 Fmax= 1.64655e+03, atom= 1007
Step=  177, Dmax= 7.4e-03 nm, Epot= -3.04037e+05 Fmax= 9.61181e+03, atom= 1007
Step=  178, Dmax= 8.9e-03 nm, Epot= -3.04173e+05 Fmax= 4.01679e+03, atom= 1007
Step=  179, Dmax= 1.1e-02 nm, Epot= -3.04101e+05 Fmax= 1.22495e+04, atom= 1007
Step=  180, Dmax= 5.3e-03 nm, Epot= -3.04223e+05 Fmax= 4.12110e+03, atom= 1007
Step=  181, Dmax= 6.4e-03 nm, Epot= -3.04262e+05 Fmax= 5.70648e+03, atom= 1007
Step=  182, Dmax= 7.7e-03 nm, Epot= -3.04308e+05 Fmax= 6.02132e+03, atom= 1007
Step=  183, Dmax= 9.2e-03 nm, Epot= -3.04329e+05 Fmax= 8.11532e+03, atom= 1007
Step=  184, Dmax= 1.1e-02 nm, Epot= -3.04366e+05 Fmax= 8.77541e+03, atom= 1007
Step=  185, Dmax= 1.3e-02 nm, Epot= -3.04352e+05 Fmax= 1.15571e+04, atom= 1007
Step=  186, Dmax= 6.6e-03 nm, Epot= -3.04489e+05 Fmax= 1.38968e+03, atom= 1007
Step=  187, Dmax= 7.9e-03 nm, Epot= -3.04562e+05 Fmax= 1.07198e+04, atom= 1007
Step=  188, Dmax= 9.5e-03 nm, Epot= -3.04717e+05 Fmax= 3.93288e+03, atom= 1007
Step=  189, Dmax= 1.1e-02 nm, Epot= -3.04618e+05 Fmax= 1.35605e+04, atom= 1007
Step=  190, Dmax= 5.7e-03 nm, Epot= -3.04760e+05 Fmax= 4.82021e+03, atom= 1007
Step=  191, Dmax= 6.9e-03 nm, Epot= -3.04800e+05 Fmax= 5.73806e+03, atom= 1007
Step=  192, Dmax= 8.2e-03 nm, Epot= -3.04834e+05 Fmax= 6.87463e+03, atom= 1007
Step=  193, Dmax= 9.9e-03 nm, Epot= -3.04860e+05 Fmax= 8.31547e+03, atom= 1007
Step=  194, Dmax= 1.2e-02 nm, Epot= -3.04877e+05 Fmax= 9.84659e+03, atom= 1007
Step=  195, Dmax= 1.4e-02 nm, Epot= -3.04874e+05 Fmax= 1.20022e+04, atom= 1007
Step=  196, Dmax= 7.1e-03 nm, Epot= -3.05016e+05 Fmax= 1.07796e+03, atom= 1007
Step=  197, Dmax= 8.5e-03 nm, Epot= -3.05131e+05 Fmax= 1.19502e+04, atom= 1007
Step=  198, Dmax= 1.0e-02 nm, Epot= -3.05306e+05 Fmax= 3.81008e+03, atom= 1007
Step=  199, Dmax= 1.2e-02 nm, Epot= -3.05180e+05 Fmax= 1.50011e+04, atom= 1007
Step=  200, Dmax= 6.1e-03 nm, Epot= -3.05342e+05 Fmax= 5.60562e+03, atom= 1007
Step=  201, Dmax= 7.4e-03 nm, Epot= -3.05385e+05 Fmax= 5.74104e+03, atom= 1007
Step=  202, Dmax= 8.8e-03 nm, Epot= -3.05405e+05 Fmax= 7.82492e+03, atom= 1007
Step=  203, Dmax= 1.1e-02 nm, Epot= -3.05439e+05 Fmax= 8.49877e+03, atom= 1007
Step=  204, Dmax= 1.3e-02 nm, Epot= -3.05435e+05 Fmax= 1.10321e+04, atom= 1007
Step=  205, Dmax= 6.4e-03 nm, Epot= -3.05541e+05 Fmax= 1.27636e+03, atom= 1007
Step=  206, Dmax= 7.6e-03 nm, Epot= -3.05622e+05 Fmax= 1.05366e+04, atom= 1007
Step=  207, Dmax= 9.2e-03 nm, Epot= -3.05755e+05 Fmax= 3.55441e+03, atom= 1007
Step=  208, Dmax= 1.1e-02 nm, Epot= -3.05681e+05 Fmax= 1.33962e+04, atom= 1007
Step=  209, Dmax= 5.5e-03 nm, Epot= -3.05793e+05 Fmax= 4.91856e+03, atom= 1007
Step=  210, Dmax= 6.6e-03 nm, Epot= -3.05833e+05 Fmax= 5.21588e+03, atom= 1007
Step=  211, Dmax= 7.9e-03 nm, Epot= -3.05860e+05 Fmax= 6.97560e+03, atom= 1007
Step=  212, Dmax= 9.5e-03 nm, Epot= -3.05894e+05 Fmax= 7.61829e+03, atom= 1007
Step=  213, Dmax= 1.1e-02 nm, Epot= -3.05900e+05 Fmax= 9.92414e+03, atom= 1007
Step=  214, Dmax= 1.4e-02 nm, Epot= -3.05919e+05 Fmax= 1.10788e+04, atom= 1007
Step=  215, Dmax= 1.6e-02 nm, Epot= -3.05887e+05 Fmax= 1.41530e+04, atom= 1007
Step=  216, Dmax= 8.2e-03 nm, Epot= -3.06065e+05 Fmax= 1.53805e+03, atom= 1007
Step=  217, Dmax= 9.9e-03 nm, Epot= -3.06083e+05 Fmax= 1.36073e+04, atom= 1007
Step=  218, Dmax= 1.2e-02 nm, Epot= -3.06273e+05 Fmax= 4.59693e+03, atom= 1007
Step=  219, Dmax= 1.4e-02 nm, Epot= -3.06100e+05 Fmax= 1.71779e+04, atom= 1007
Step=  220, Dmax= 7.1e-03 nm, Epot= -3.06302e+05 Fmax= 6.30234e+03, atom= 1007
Step=  221, Dmax= 8.5e-03 nm, Epot= -3.06337e+05 Fmax= 6.79755e+03, atom= 1007
Step=  222, Dmax= 1.0e-02 nm, Epot= -3.06351e+05 Fmax= 8.89518e+03, atom= 1007
Step=  223, Dmax= 1.2e-02 nm, Epot= -3.06374e+05 Fmax= 9.95608e+03, atom= 1007
Step=  224, Dmax= 1.5e-02 nm, Epot= -3.06360e+05 Fmax= 1.26242e+04, atom= 1007
Step=  225, Dmax= 7.4e-03 nm, Epot= -3.06489e+05 Fmax= 1.34863e+03, atom= 1007
Step=  226, Dmax= 8.8e-03 nm, Epot= -3.06546e+05 Fmax= 1.22498e+04, atom= 1007
Step=  227, Dmax= 1.1e-02 nm, Epot= -3.06695e+05 Fmax= 4.05060e+03, atom= 1007
Step=  228, Dmax= 1.3e-02 nm, Epot= -3.06582e+05 Fmax= 1.55149e+04, atom= 1007
Step=  229, Dmax= 6.4e-03 nm, Epot= -3.06726e+05 Fmax= 5.73030e+03, atom= 1007
Step=  230, Dmax= 7.6e-03 nm, Epot= -3.06762e+05 Fmax= 5.99652e+03, atom= 1007
Step=  231, Dmax= 9.2e-03 nm, Epot= -3.06780e+05 Fmax= 8.08125e+03, atom= 1007
Step=  232, Dmax= 1.1e-02 nm, Epot= -3.06809e+05 Fmax= 8.79738e+03, atom= 1007
Step=  233, Dmax= 1.3e-02 nm, Epot= -3.06804e+05 Fmax= 1.14620e+04, atom= 1007
Step=  234, Dmax= 6.6e-03 nm, Epot= -3.06898e+05 Fmax= 1.33073e+03, atom= 1007
Step=  235, Dmax= 7.9e-03 nm, Epot= -3.06966e+05 Fmax= 1.08612e+04, atom= 1007
Step=  236, Dmax= 9.5e-03 nm, Epot= -3.07082e+05 Fmax= 3.74205e+03, atom= 1007
Step=  237, Dmax= 1.1e-02 nm, Epot= -3.07016e+05 Fmax= 1.37674e+04, atom= 1007
Step=  238, Dmax= 5.7e-03 nm, Epot= -3.07115e+05 Fmax= 5.01927e+03, atom= 1007
Step=  239, Dmax= 6.8e-03 nm, Epot= -3.07149e+05 Fmax= 5.48868e+03, atom= 1007
Step=  240, Dmax= 8.2e-03 nm, Epot= -3.07173e+05 Fmax= 7.12297e+03, atom= 1007
Step=  241, Dmax= 9.8e-03 nm, Epot= -3.07200e+05 Fmax= 8.00553e+03, atom= 1007
Step=  242, Dmax= 1.2e-02 nm, Epot= -3.07208e+05 Fmax= 1.01431e+04, atom= 1007
Step=  243, Dmax= 1.4e-02 nm, Epot= -3.07219e+05 Fmax= 1.16289e+04, atom= 1007
Step=  244, Dmax= 1.7e-02 nm, Epot= -3.07197e+05 Fmax= 1.44701e+04, atom= 1007
Step=  245, Dmax= 8.5e-03 nm, Epot= -3.07351e+05 Fmax= 1.44256e+03, atom= 1007
Step=  246, Dmax= 1.0e-02 nm, Epot= -3.07381e+05 Fmax= 1.42120e+04, atom= 1007
Step=  247, Dmax= 1.2e-02 nm, Epot= -3.07551e+05 Fmax= 4.64384e+03, atom= 1007
Step=  248, Dmax= 1.5e-02 nm, Epot= -3.07394e+05 Fmax= 1.79464e+04, atom= 1007
Step=  249, Dmax= 7.3e-03 nm, Epot= -3.07575e+05 Fmax= 6.65117e+03, atom= 1007
Step=  250, Dmax= 8.8e-03 nm, Epot= -3.07608e+05 Fmax= 6.91352e+03, atom= 1007
Step=  251, Dmax= 1.1e-02 nm, Epot= -3.07617e+05 Fmax= 9.34557e+03, atom= 1007
Step=  252, Dmax= 1.3e-02 nm, Epot= -3.07640e+05 Fmax= 1.01701e+04, atom= 1007
Step=  253, Dmax= 1.5e-02 nm, Epot= -3.07623e+05 Fmax= 1.32283e+04, atom= 1007
Step=  254, Dmax= 7.6e-03 nm, Epot= -3.07740e+05 Fmax= 1.52853e+03, atom= 1007
Step=  255, Dmax= 9.1e-03 nm, Epot= -3.07775e+05 Fmax= 1.26151e+04, atom= 1007
Step=  256, Dmax= 1.1e-02 nm, Epot= -3.07907e+05 Fmax= 4.26004e+03, atom= 1007
Step=  257, Dmax= 1.3e-02 nm, Epot= -3.07804e+05 Fmax= 1.59971e+04, atom= 1007
Step=  258, Dmax= 6.6e-03 nm, Epot= -3.07934e+05 Fmax= 5.87787e+03, atom= 1007
Step=  259, Dmax= 7.9e-03 nm, Epot= -3.07965e+05 Fmax= 6.25732e+03, atom= 1007
Step=  260, Dmax= 9.5e-03 nm, Epot= -3.07981e+05 Fmax= 8.32920e+03, atom= 1007
Step=  261, Dmax= 1.1e-02 nm, Epot= -3.08005e+05 Fmax= 9.14513e+03, atom= 1007
Step=  262, Dmax= 1.4e-02 nm, Epot= -3.08001e+05 Fmax= 1.18354e+04, atom= 1007
Step=  263, Dmax= 6.8e-03 nm, Epot= -3.08086e+05 Fmax= 1.35695e+03, atom= 1007
Step=  264, Dmax= 8.2e-03 nm, Epot= -3.08147e+05 Fmax= 1.11708e+04, atom= 1007
Step=  265, Dmax= 9.8e-03 nm, Epot= -3.08250e+05 Fmax= 3.96516e+03, atom= 1007
Step=  266, Dmax= 1.2e-02 nm, Epot= -3.08190e+05 Fmax= 1.41462e+04, atom= 1007
Step=  267, Dmax= 5.9e-03 nm, Epot= -3.08279e+05 Fmax= 5.08811e+03, atom= 1007
Step=  268, Dmax= 7.1e-03 nm, Epot= -3.08308e+05 Fmax= 5.81403e+03, atom= 1007
Step=  269, Dmax= 8.5e-03 nm, Epot= -3.08331e+05 Fmax= 7.22803e+03, atom= 1007
Step=  270, Dmax= 1.0e-02 nm, Epot= -3.08352e+05 Fmax= 8.45641e+03, atom= 1007
Step=  271, Dmax= 1.2e-02 nm, Epot= -3.08362e+05 Fmax= 1.03241e+04, atom= 1007
Step=  272, Dmax= 1.5e-02 nm, Epot= -3.08367e+05 Fmax= 1.22313e+04, atom= 1007
Step=  273, Dmax= 1.8e-02 nm, Epot= -3.08352e+05 Fmax= 1.47923e+04, atom= 1007
Step=  274, Dmax= 8.8e-03 nm, Epot= -3.08489e+05 Fmax= 1.28458e+03, atom= 1007
Step=  275, Dmax= 1.1e-02 nm, Epot= -3.08530e+05 Fmax= 1.51511e+04, atom= 1007
Step=  276, Dmax= 1.3e-02 nm, Epot= -3.08696e+05 Fmax= 4.37344e+03, atom= 1007
Step=  277, Dmax= 1.5e-02 nm, Epot= -3.08543e+05 Fmax= 1.90412e+04, atom= 1007
Step=  278, Dmax= 7.6e-03 nm, Epot= -3.08714e+05 Fmax= 7.35414e+03, atom= 1007
Step=  279, Dmax= 9.1e-03 nm, Epot= -3.08749e+05 Fmax= 6.67247e+03, atom= 1007
Step=  280, Dmax= 1.1e-02 nm, Epot= -3.08748e+05 Fmax= 1.01940e+04, atom= 1007
Step=  281, Dmax= 5.5e-03 nm, Epot= -3.08797e+05 Fmax= 1.76670e+03, atom= 1007
Step=  282, Dmax= 6.6e-03 nm, Epot= -3.08840e+05 Fmax= 8.28458e+03, atom= 1007
Step=  283, Dmax= 7.9e-03 nm, Epot= -3.08898e+05 Fmax= 3.86790e+03, atom= 1007
Step=  284, Dmax= 9.5e-03 nm, Epot= -3.08890e+05 Fmax= 1.06525e+04, atom= 1007
Step=  285, Dmax= 4.7e-03 nm, Epot= -3.08929e+05 Fmax= 3.38953e+03, atom= 1007
Step=  286, Dmax= 5.7e-03 nm, Epot= -3.08956e+05 Fmax= 5.37936e+03, atom= 1007
Step=  287, Dmax= 6.8e-03 nm, Epot= -3.08988e+05 Fmax= 5.08119e+03, atom= 1007
Step=  288, Dmax= 8.2e-03 nm, Epot= -3.09005e+05 Fmax= 7.52780e+03, atom= 1007
Step=  289, Dmax= 9.8e-03 nm, Epot= -3.09034e+05 Fmax= 7.54185e+03, atom= 1007
Step=  290, Dmax= 1.2e-02 nm, Epot= -3.09034e+05 Fmax= 1.05895e+04, atom= 1007
Step=  291, Dmax= 5.9e-03 nm, Epot= -3.09088e+05 Fmax= 1.53172e+03, atom= 1007
Step=  292, Dmax= 7.1e-03 nm, Epot= -3.09139e+05 Fmax= 9.24416e+03, atom= 1007
Step=  293, Dmax= 8.5e-03 nm, Epot= -3.09206e+05 Fmax= 3.82342e+03, atom= 1007
Step=  294, Dmax= 1.0e-02 nm, Epot= -3.09186e+05 Fmax= 1.17807e+04, atom= 1007
Step=  295, Dmax= 5.1e-03 nm, Epot= -3.09235e+05 Fmax= 3.97582e+03, atom= 1007
Step=  296, Dmax= 6.1e-03 nm, Epot= -3.09260e+05 Fmax= 5.45056e+03, atom= 1007
Step=  297, Dmax= 7.3e-03 nm, Epot= -3.09288e+05 Fmax= 5.79206e+03, atom= 1007
Step=  298, Dmax= 8.8e-03 nm, Epot= -3.09305e+05 Fmax= 7.76242e+03, atom= 1007
Step=  299, Dmax= 1.1e-02 nm, Epot= -3.09328e+05 Fmax= 8.43506e+03, atom= 1007
Step=  300, Dmax= 1.3e-02 nm, Epot= -3.09330e+05 Fmax= 1.10540e+04, atom= 1007
Step=  301, Dmax= 1.5e-02 nm, Epot= -3.09342e+05 Fmax= 1.22657e+04, atom= 1007
Step=  302, Dmax= 1.8e-02 nm, Epot= -3.09314e+05 Fmax= 1.57422e+04, atom= 1007
Step=  303, Dmax= 9.1e-03 nm, Epot= -3.09451e+05 Fmax= 1.76419e+03, atom= 1007
Step=  304, Dmax= 1.1e-02 nm, Epot= -3.09451e+05 Fmax= 1.49150e+04, atom= 1007
Step=  305, Dmax= 1.3e-02 nm, Epot= -3.09590e+05 Fmax= 5.31605e+03, atom= 1007
Step=  306, Dmax= 1.6e-02 nm, Epot= -3.09453e+05 Fmax= 1.88567e+04, atom= 1007
Step=  307, Dmax= 7.9e-03 nm, Epot= -3.09612e+05 Fmax= 6.76787e+03, atom= 1007
Step=  308, Dmax= 9.4e-03 nm, Epot= -3.09633e+05 Fmax= 7.80095e+03, atom= 1007
Step=  309, Dmax= 1.1e-02 nm, Epot= -3.09644e+05 Fmax= 9.60788e+03, atom= 1007
Step=  310, Dmax= 1.4e-02 nm, Epot= -3.09653e+05 Fmax= 1.13394e+04, atom= 1007
Step=  311, Dmax= 1.6e-02 nm, Epot= -3.09647e+05 Fmax= 1.37227e+04, atom= 1007
Step=  312, Dmax= 8.2e-03 nm, Epot= -3.09746e+05 Fmax= 1.19341e+03, atom= 1007
Step=  313, Dmax= 9.8e-03 nm, Epot= -3.09802e+05 Fmax= 1.41454e+04, atom= 1007
Step=  314, Dmax= 1.2e-02 nm, Epot= -3.09929e+05 Fmax= 3.95513e+03, atom= 1007
Step=  315, Dmax= 1.4e-02 nm, Epot= -3.09824e+05 Fmax= 1.78092e+04, atom= 1007
Step=  316, Dmax= 7.0e-03 nm, Epot= -3.09947e+05 Fmax= 6.94446e+03, atom= 1007
Step=  317, Dmax= 8.5e-03 nm, Epot= -3.09979e+05 Fmax= 6.05634e+03, atom= 1007
Step=  318, Dmax= 1.0e-02 nm, Epot= -3.09981e+05 Fmax= 9.61025e+03, atom= 1007
Step=  319, Dmax= 1.2e-02 nm, Epot= -3.10012e+05 Fmax= 9.11059e+03, atom= 1007
Step=  320, Dmax= 1.5e-02 nm, Epot= -3.09989e+05 Fmax= 1.34072e+04, atom= 1007
Step=  321, Dmax= 7.3e-03 nm, Epot= -3.10075e+05 Fmax= 2.16139e+03, atom= 1007
Step=  322, Dmax= 8.8e-03 nm, Epot= -3.10088e+05 Fmax= 1.12393e+04, atom= 1007
Step=  323, Dmax= 1.1e-02 nm, Epot= -3.10166e+05 Fmax= 4.99450e+03, atom= 1007
Step=  324, Dmax= 1.3e-02 nm, Epot= -3.10111e+05 Fmax= 1.43929e+04, atom= 1007
Step=  325, Dmax= 6.3e-03 nm, Epot= -3.10193e+05 Fmax= 4.69445e+03, atom= 1007
Step=  326, Dmax= 7.6e-03 nm, Epot= -3.10210e+05 Fmax= 7.01769e+03, atom= 1007
Step=  327, Dmax= 9.1e-03 nm, Epot= -3.10237e+05 Fmax= 6.94980e+03, atom= 1007
Step=  328, Dmax= 1.1e-02 nm, Epot= -3.10241e+05 Fmax= 9.88573e+03, atom= 1007
Step=  329, Dmax= 1.3e-02 nm, Epot= -3.10263e+05 Fmax= 1.02332e+04, atom= 1007
Step=  330, Dmax= 1.6e-02 nm, Epot= -3.10242e+05 Fmax= 1.39634e+04, atom= 1007
Step=  331, Dmax= 7.9e-03 nm, Epot= -3.10337e+05 Fmax= 1.88206e+03, atom= 1007
Step=  332, Dmax= 9.4e-03 nm, Epot= -3.10350e+05 Fmax= 1.24978e+04, atom= 1007
Step=  333, Dmax= 1.1e-02 nm, Epot= -3.10443e+05 Fmax= 4.95676e+03, atom= 1007
Step=  334, Dmax= 1.4e-02 nm, Epot= -3.10367e+05 Fmax= 1.58852e+04, atom= 1007
Step=  335, Dmax= 6.8e-03 nm, Epot= -3.10467e+05 Fmax= 5.45994e+03, atom= 1007
Step=  336, Dmax= 8.1e-03 nm, Epot= -3.10484e+05 Fmax= 7.12446e+03, atom= 1007
Step=  337, Dmax= 9.8e-03 nm, Epot= -3.10505e+05 Fmax= 7.89046e+03, atom= 1007
Step=  338, Dmax= 1.2e-02 nm, Epot= -3.10510e+05 Fmax= 1.02010e+04, atom= 1007
Step=  339, Dmax= 1.4e-02 nm, Epot= -3.10522e+05 Fmax= 1.14247e+04, atom= 1007
Step=  340, Dmax= 1.7e-02 nm, Epot= -3.10505e+05 Fmax= 1.45751e+04, atom= 1007
Step=  341, Dmax= 8.4e-03 nm, Epot= -3.10609e+05 Fmax= 1.59697e+03, atom= 1007
Step=  342, Dmax= 1.0e-02 nm, Epot= -3.10627e+05 Fmax= 1.38302e+04, atom= 1007
Step=  343, Dmax= 1.2e-02 nm, Epot= -3.10737e+05 Fmax= 4.94096e+03, atom= 1007
Step=  344, Dmax= 1.5e-02 nm, Epot= -3.10637e+05 Fmax= 1.74677e+04, atom= 1007
Step=  345, Dmax= 7.3e-03 nm, Epot= -3.10756e+05 Fmax= 6.26088e+03, atom= 1007
Step=  346, Dmax= 8.8e-03 nm, Epot= -3.10776e+05 Fmax= 7.26157e+03, atom= 1007
Step=  347, Dmax= 1.1e-02 nm, Epot= -3.10789e+05 Fmax= 8.88132e+03, atom= 1007
Step=  348, Dmax= 1.3e-02 nm, Epot= -3.10798e+05 Fmax= 1.05596e+04, atom= 1007
Step=  349, Dmax= 1.5e-02 nm, Epot= -3.10797e+05 Fmax= 1.26866e+04, atom= 1007
Step=  350, Dmax= 7.6e-03 nm, Epot= -3.10872e+05 Fmax= 1.06406e+03, atom= 1007
Step=  351, Dmax= 9.1e-03 nm, Epot= -3.10938e+05 Fmax= 1.32067e+04, atom= 1007
Step=  352, Dmax= 1.1e-02 nm, Epot= -3.11042e+05 Fmax= 3.57771e+03, atom= 1007
Step=  353, Dmax= 1.3e-02 nm, Epot= -3.10965e+05 Fmax= 1.66238e+04, atom= 1007
Step=  354, Dmax= 6.5e-03 nm, Epot= -3.11059e+05 Fmax= 6.53838e+03, atom= 1007
Step=  355, Dmax= 7.8e-03 nm, Epot= -3.11088e+05 Fmax= 5.51766e+03, atom= 1007
Step=  356, Dmax= 9.4e-03 nm, Epot= -3.11091e+05 Fmax= 9.01997e+03, atom= 1007
Step=  357, Dmax= 1.1e-02 nm, Epot= -3.11121e+05 Fmax= 8.34318e+03, atom= 1007
Step=  358, Dmax= 1.4e-02 nm, Epot= -3.11103e+05 Fmax= 1.25511e+04, atom= 1007
Step=  359, Dmax= 6.8e-03 nm, Epot= -3.11171e+05 Fmax= 2.11510e+03, atom= 1007
Step=  360, Dmax= 8.1e-03 nm, Epot= -3.11186e+05 Fmax= 1.03118e+04, atom= 1007
Step=  361, Dmax= 9.8e-03 nm, Epot= -3.11248e+05 Fmax= 4.74652e+03, atom= 1007
Step=  362, Dmax= 1.2e-02 nm, Epot= -3.11211e+05 Fmax= 1.32336e+04, atom= 1007
Step=  363, Dmax= 5.9e-03 nm, Epot= -3.11273e+05 Fmax= 4.23944e+03, atom= 1007
Step=  364, Dmax= 7.0e-03 nm, Epot= -3.11289e+05 Fmax= 6.62668e+03, atom= 1007
Step=  365, Dmax= 8.4e-03 nm, Epot= -3.11314e+05 Fmax= 6.32792e+03, atom= 1007
Step=  366, Dmax= 1.0e-02 nm, Epot= -3.11318e+05 Fmax= 9.29013e+03, atom= 1007
Step=  367, Dmax= 1.2e-02 nm, Epot= -3.11340e+05 Fmax= 9.37190e+03, atom= 1007
Step=  368, Dmax= 1.5e-02 nm, Epot= -3.11324e+05 Fmax= 1.30762e+04, atom= 1007
Step=  369, Dmax= 7.3e-03 nm, Epot= -3.11399e+05 Fmax= 1.86618e+03, atom= 1007
Step=  370, Dmax= 8.7e-03 nm, Epot= -3.11414e+05 Fmax= 1.14791e+04, atom= 1007
Step=  371, Dmax= 1.0e-02 nm, Epot= -3.11489e+05 Fmax= 4.70710e+03, atom= 1007
Step=  372, Dmax= 1.3e-02 nm, Epot= -3.11434e+05 Fmax= 1.46258e+04, atom= 1007
Step=  373, Dmax= 6.3e-03 nm, Epot= -3.11511e+05 Fmax= 4.95515e+03, atom= 1007
Step=  374, Dmax= 7.6e-03 nm, Epot= -3.11527e+05 Fmax= 6.71596e+03, atom= 1007
Step=  375, Dmax= 9.1e-03 nm, Epot= -3.11547e+05 Fmax= 7.21196e+03, atom= 1007
Step=  376, Dmax= 1.1e-02 nm, Epot= -3.11553e+05 Fmax= 9.56697e+03, atom= 1007
Step=  377, Dmax= 1.3e-02 nm, Epot= -3.11566e+05 Fmax= 1.04945e+04, atom= 1007
Step=  378, Dmax= 1.6e-02 nm, Epot= -3.11552e+05 Fmax= 1.36226e+04, atom= 1007
Step=  379, Dmax= 7.8e-03 nm, Epot= -3.11636e+05 Fmax= 1.58207e+03, atom= 1007
Step=  380, Dmax= 9.4e-03 nm, Epot= -3.11655e+05 Fmax= 1.27476e+04, atom= 1007
Step=  381, Dmax= 1.1e-02 nm, Epot= -3.11744e+05 Fmax= 4.65431e+03, atom= 1007
Step=  382, Dmax= 1.4e-02 nm, Epot= -3.11668e+05 Fmax= 1.61361e+04, atom= 1007
Step=  383, Dmax= 6.8e-03 nm, Epot= -3.11763e+05 Fmax= 5.73758e+03, atom= 1007
Step=  384, Dmax= 8.1e-03 nm, Epot= -3.11780e+05 Fmax= 6.79924e+03, atom= 1007
Step=  385, Dmax= 9.7e-03 nm, Epot= -3.11794e+05 Fmax= 8.17649e+03, atom= 1007
Step=  386, Dmax= 1.2e-02 nm, Epot= -3.11802e+05 Fmax= 9.85000e+03, atom= 1007
Step=  387, Dmax= 1.4e-02 nm, Epot= -3.11805e+05 Fmax= 1.17163e+04, atom= 1007
Step=  388, Dmax= 1.7e-02 nm, Epot= -3.11796e+05 Fmax= 1.41931e+04, atom= 1007
Step=  389, Dmax= 8.4e-03 nm, Epot= -3.11889e+05 Fmax= 1.26248e+03, atom= 1007
Step=  390, Dmax= 1.0e-02 nm, Epot= -3.11921e+05 Fmax= 1.41101e+04, atom= 1007
Step=  391, Dmax= 1.2e-02 nm, Epot= -3.12028e+05 Fmax= 4.60583e+03, atom= 1007
Step=  392, Dmax= 1.5e-02 nm, Epot= -3.11927e+05 Fmax= 1.77543e+04, atom= 1007
Step=  393, Dmax= 7.3e-03 nm, Epot= -3.12042e+05 Fmax= 6.57524e+03, atom= 1007
Step=  394, Dmax= 8.7e-03 nm, Epot= -3.12062e+05 Fmax= 6.89322e+03, atom= 1007
Step=  395, Dmax= 1.0e-02 nm, Epot= -3.12068e+05 Fmax= 9.21109e+03, atom= 1007
Step=  396, Dmax= 1.3e-02 nm, Epot= -3.12081e+05 Fmax= 1.01564e+04, atom= 1007
Step=  397, Dmax= 1.5e-02 nm, Epot= -3.12071e+05 Fmax= 1.30285e+04, atom= 1007
Step=  398, Dmax= 7.5e-03 nm, Epot= -3.12146e+05 Fmax= 1.43507e+03, atom= 1007
Step=  399, Dmax= 9.0e-03 nm, Epot= -3.12168e+05 Fmax= 1.26557e+04, atom= 1007
Step=  400, Dmax= 1.1e-02 nm, Epot= -3.12256e+05 Fmax= 4.06761e+03, atom= 1007
Step=  401, Dmax= 1.3e-02 nm, Epot= -3.12183e+05 Fmax= 1.60386e+04, atom= 1007
Step=  402, Dmax= 6.5e-03 nm, Epot= -3.12272e+05 Fmax= 5.99587e+03, atom= 1007
Step=  403, Dmax= 7.8e-03 nm, Epot= -3.12292e+05 Fmax= 6.02633e+03, atom= 1007
Step=  404, Dmax= 9.4e-03 nm, Epot= -3.12300e+05 Fmax= 8.44484e+03, atom= 1007
Step=  405, Dmax= 1.1e-02 nm, Epot= -3.12317e+05 Fmax= 8.87086e+03, atom= 1007
Step=  406, Dmax= 1.4e-02 nm, Epot= -3.12309e+05 Fmax= 1.19365e+04, atom= 1007
Step=  407, Dmax= 6.8e-03 nm, Epot= -3.12369e+05 Fmax= 1.54491e+03, atom= 1007
Step=  408, Dmax= 8.1e-03 nm, Epot= -3.12394e+05 Fmax= 1.08556e+04, atom= 1007
Step=  409, Dmax= 9.7e-03 nm, Epot= -3.12460e+05 Fmax= 4.14774e+03, atom= 1007
Step=  410, Dmax= 1.2e-02 nm, Epot= -3.12416e+05 Fmax= 1.37991e+04, atom= 1007
Step=  411, Dmax= 5.8e-03 nm, Epot= -3.12479e+05 Fmax= 4.82213e+03, atom= 1007
Step=  412, Dmax= 7.0e-03 nm, Epot= -3.12496e+05 Fmax= 5.98687e+03, atom= 1007
Step=  413, Dmax= 8.4e-03 nm, Epot= -3.12512e+05 Fmax= 6.93867e+03, atom= 1007
Step=  414, Dmax= 1.0e-02 nm, Epot= -3.12522e+05 Fmax= 8.60775e+03, atom= 1007
Step=  415, Dmax= 1.2e-02 nm, Epot= -3.12530e+05 Fmax= 1.00067e+04, atom= 1007
Step=  416, Dmax= 1.5e-02 nm, Epot= -3.12526e+05 Fmax= 1.23479e+04, atom= 1007
Step=  417, Dmax= 7.3e-03 nm, Epot= -3.12592e+05 Fmax= 1.18658e+03, atom= 1007
Step=  418, Dmax= 8.7e-03 nm, Epot= -3.12633e+05 Fmax= 1.21260e+04, atom= 1007
Step=  419, Dmax= 1.0e-02 nm, Epot= -3.12714e+05 Fmax= 4.00622e+03, atom= 1007
Step=  420, Dmax= 1.3e-02 nm, Epot= -3.12650e+05 Fmax= 1.52972e+04, atom= 1007
Step=  421, Dmax= 6.3e-03 nm, Epot= -3.12730e+05 Fmax= 5.64422e+03, atom= 1007
Step=  422, Dmax= 7.5e-03 nm, Epot= -3.12748e+05 Fmax= 5.96700e+03, atom= 1007
Step=  423, Dmax= 9.0e-03 nm, Epot= -3.12758e+05 Fmax= 7.93271e+03, atom= 1007
Step=  424, Dmax= 1.1e-02 nm, Epot= -3.12772e+05 Fmax= 8.77016e+03, atom= 1007
Step=  425, Dmax= 1.3e-02 nm, Epot= -3.12769e+05 Fmax= 1.12421e+04, atom= 1007
Step=  426, Dmax= 6.5e-03 nm, Epot= -3.12822e+05 Fmax= 1.23445e+03, atom= 1007
Step=  427, Dmax= 7.8e-03 nm, Epot= -3.12859e+05 Fmax= 1.08820e+04, atom= 1007
Step=  428, Dmax= 9.4e-03 nm, Epot= -3.12926e+05 Fmax= 3.54574e+03, atom= 1007
Step=  429, Dmax= 1.1e-02 nm, Epot= -3.12884e+05 Fmax= 1.37829e+04, atom= 1007
Step=  430, Dmax= 5.6e-03 nm, Epot= -3.12943e+05 Fmax= 5.12583e+03, atom= 1007
Step=  431, Dmax= 6.7e-03 nm, Epot= -3.12962e+05 Fmax= 5.25151e+03, atom= 1007
Step=  432, Dmax= 8.1e-03 nm, Epot= -3.12973e+05 Fmax= 7.22349e+03, atom= 1007
Step=  433, Dmax= 9.7e-03 nm, Epot= -3.12990e+05 Fmax= 7.72170e+03, atom= 1007
Step=  434, Dmax= 1.2e-02 nm, Epot= -3.12990e+05 Fmax= 1.02233e+04, atom= 1007
Step=  435, Dmax= 1.4e-02 nm, Epot= -3.12998e+05 Fmax= 1.12895e+04, atom= 1007
Step=  436, Dmax= 1.7e-02 nm, Epot= -3.12978e+05 Fmax= 1.45115e+04, atom= 1007
Step=  437, Dmax= 8.4e-03 nm, Epot= -3.13073e+05 Fmax= 1.63368e+03, atom= 1007
Step=  438, Dmax= 1.0e-02 nm, Epot= -3.13070e+05 Fmax= 1.38167e+04, atom= 1007
Step=  439, Dmax= 5.0e-03 nm, Epot= -3.13102e+05 Fmax= 6.07492e+03, atom= 1007
Step=  440, Dmax= 6.0e-03 nm, Epot= -3.13130e+05 Fmax= 3.23984e+03, atom= 1007
Step=  441, Dmax= 7.2e-03 nm, Epot= -3.13137e+05 Fmax= 7.91141e+03, atom= 1007
Step=  442, Dmax= 8.7e-03 nm, Epot= -3.13170e+05 Fmax= 5.49189e+03, atom= 1007
Step=  443, Dmax= 1.0e-02 nm, Epot= -3.13157e+05 Fmax= 1.05740e+04, atom= 1007
Step=  444, Dmax= 5.2e-03 nm, Epot= -3.13196e+05 Fmax= 2.53775e+03, atom= 1007
Step=  445, Dmax= 6.3e-03 nm, Epot= -3.13210e+05 Fmax= 7.12814e+03, atom= 1007
Step=  446, Dmax= 7.5e-03 nm, Epot= -3.13242e+05 Fmax= 4.44112e+03, atom= 1007
Step=  447, Dmax= 9.0e-03 nm, Epot= -3.13236e+05 Fmax= 9.45692e+03, atom= 1007
Step=  448, Dmax= 4.5e-03 nm, Epot= -3.13263e+05 Fmax= 2.51167e+03, atom= 1007
Step=  449, Dmax= 5.4e-03 nm, Epot= -3.13281e+05 Fmax= 5.80999e+03, atom= 1007
Step=  450, Dmax= 6.5e-03 nm, Epot= -3.13306e+05 Fmax= 4.19821e+03, atom= 1007
Step=  451, Dmax= 7.8e-03 nm, Epot= -3.13311e+05 Fmax= 7.79606e+03, atom= 1007
Step=  452, Dmax= 9.4e-03 nm, Epot= -3.13337e+05 Fmax= 6.60666e+03, atom= 1007
Step=  453, Dmax= 1.1e-02 nm, Epot= -3.13326e+05 Fmax= 1.06657e+04, atom= 1007
Step=  454, Dmax= 5.6e-03 nm, Epot= -3.13370e+05 Fmax= 2.02655e+03, atom= 1007
Step=  455, Dmax= 6.7e-03 nm, Epot= -3.13385e+05 Fmax= 8.36451e+03, atom= 1007
Step=  456, Dmax= 8.1e-03 nm, Epot= -3.13426e+05 Fmax= 4.07548e+03, atom= 1007
Step=  457, Dmax= 9.7e-03 nm, Epot= -3.13409e+05 Fmax= 1.08591e+04, atom= 1007
Step=  458, Dmax= 4.8e-03 nm, Epot= -3.13446e+05 Fmax= 3.39610e+03, atom= 1007
Step=  459, Dmax= 5.8e-03 nm, Epot= -3.13461e+05 Fmax= 5.55630e+03, atom= 1007
Step=  460, Dmax= 7.0e-03 nm, Epot= -3.13481e+05 Fmax= 5.19838e+03, atom= 1007
Step=  461, Dmax= 8.4e-03 nm, Epot= -3.13488e+05 Fmax= 7.69803e+03, atom= 1007
Step=  462, Dmax= 1.0e-02 nm, Epot= -3.13506e+05 Fmax= 7.77849e+03, atom= 1007
Step=  463, Dmax= 1.2e-02 nm, Epot= -3.13500e+05 Fmax= 1.07883e+04, atom= 1007
Step=  464, Dmax= 6.0e-03 nm, Epot= -3.13547e+05 Fmax= 1.50260e+03, atom= 1007
Step=  465, Dmax= 7.2e-03 nm, Epot= -3.13570e+05 Fmax= 9.67096e+03, atom= 1007
Step=  466, Dmax= 8.7e-03 nm, Epot= -3.13623e+05 Fmax= 3.70661e+03, atom= 1007
Step=  467, Dmax= 1.0e-02 nm, Epot= -3.13593e+05 Fmax= 1.23403e+04, atom= 1007
Step=  468, Dmax= 5.2e-03 nm, Epot= -3.13640e+05 Fmax= 4.32204e+03, atom= 1007
Step=  469, Dmax= 6.3e-03 nm, Epot= -3.13656e+05 Fmax= 5.30650e+03, atom= 1007
Step=  470, Dmax= 7.5e-03 nm, Epot= -3.13670e+05 Fmax= 6.25022e+03, atom= 1007
Step=  471, Dmax= 9.0e-03 nm, Epot= -3.13681e+05 Fmax= 7.61520e+03, atom= 1007
Step=  472, Dmax= 1.1e-02 nm, Epot= -3.13690e+05 Fmax= 9.01510e+03, atom= 1007
Step=  473, Dmax= 1.3e-02 nm, Epot= -3.13691e+05 Fmax= 1.09423e+04, atom= 1007
Step=  474, Dmax= 1.6e-02 nm, Epot= -3.13686e+05 Fmax= 1.29770e+04, atom= 1007
Step=  475, Dmax= 7.8e-03 nm, Epot= -3.13761e+05 Fmax= 1.03867e+03, atom= 1007
Step=  476, Dmax= 9.3e-03 nm, Epot= -3.13799e+05 Fmax= 1.33064e+04, atom= 1007
Step=  477, Dmax= 1.1e-02 nm, Epot= -3.13891e+05 Fmax= 3.97350e+03, atom= 1007
Step=  478, Dmax= 1.3e-02 nm, Epot= -3.13805e+05 Fmax= 1.67463e+04, atom= 1007
Step=  479, Dmax= 6.7e-03 nm, Epot= -3.13902e+05 Fmax= 6.38901e+03, atom= 1007
Step=  480, Dmax= 8.1e-03 nm, Epot= -3.13922e+05 Fmax= 6.03152e+03, atom= 1007
Step=  481, Dmax= 9.7e-03 nm, Epot= -3.13923e+05 Fmax= 8.87848e+03, atom= 1007
Step=  482, Dmax= 1.2e-02 nm, Epot= -3.13940e+05 Fmax= 8.99415e+03, atom= 1007
Step=  483, Dmax= 1.4e-02 nm, Epot= -3.13924e+05 Fmax= 1.24596e+04, atom= 1007
Step=  484, Dmax= 7.0e-03 nm, Epot= -3.13990e+05 Fmax= 1.73068e+03, atom= 1007
Step=  485, Dmax= 8.4e-03 nm, Epot= -3.13995e+05 Fmax= 1.11600e+04, atom= 1007
Step=  486, Dmax= 1.0e-02 nm, Epot= -3.14061e+05 Fmax= 4.29908e+03, atom= 1007
Step=  487, Dmax= 1.2e-02 nm, Epot= -3.14007e+05 Fmax= 1.42261e+04, atom= 1007
Step=  488, Dmax= 6.0e-03 nm, Epot= -3.14077e+05 Fmax= 4.97070e+03, atom= 1007
Step=  489, Dmax= 7.2e-03 nm, Epot= -3.14090e+05 Fmax= 6.15817e+03, atom= 1007
Step=  490, Dmax= 8.7e-03 nm, Epot= -3.14102e+05 Fmax= 7.18648e+03, atom= 1007
Step=  491, Dmax= 1.0e-02 nm, Epot= -3.14109e+05 Fmax= 8.83592e+03, atom= 1007
Step=  492, Dmax= 1.2e-02 nm, Epot= -3.14113e+05 Fmax= 1.03669e+04, atom= 1007
Step=  493, Dmax= 1.5e-02 nm, Epot= -3.14106e+05 Fmax= 1.26882e+04, atom= 1007
Step=  494, Dmax= 7.5e-03 nm, Epot= -3.14177e+05 Fmax= 1.16120e+03, atom= 1007
Step=  495, Dmax= 9.0e-03 nm, Epot= -3.14202e+05 Fmax= 1.26948e+04, atom= 1007
Step=  496, Dmax= 1.1e-02 nm, Epot= -3.14286e+05 Fmax= 3.93941e+03, atom= 1007
Step=  497, Dmax= 1.3e-02 nm, Epot= -3.14210e+05 Fmax= 1.59552e+04, atom= 1007
Step=  498, Dmax= 6.5e-03 nm, Epot= -3.14298e+05 Fmax= 6.02038e+03, atom= 1007
Step=  499, Dmax= 7.8e-03 nm, Epot= -3.14316e+05 Fmax= 5.94879e+03, atom= 1007
Step=  500, Dmax= 9.3e-03 nm, Epot= -3.14319e+05 Fmax= 8.39081e+03, atom= 1007
Step=  501, Dmax= 1.1e-02 nm, Epot= -3.14333e+05 Fmax= 8.83377e+03, atom= 1007
Step=  502, Dmax= 1.3e-02 nm, Epot= -3.14322e+05 Fmax= 1.18001e+04, atom= 1007
Step=  503, Dmax= 6.7e-03 nm, Epot= -3.14381e+05 Fmax= 1.49580e+03, atom= 1007
Step=  504, Dmax= 8.1e-03 nm, Epot= -3.14395e+05 Fmax= 1.09231e+04, atom= 1007
Step=  505, Dmax= 9.7e-03 nm, Epot= -3.14458e+05 Fmax= 3.96039e+03, atom= 1007
Step=  506, Dmax= 1.2e-02 nm, Epot= -3.14408e+05 Fmax= 1.39175e+04, atom= 1007
Step=  507, Dmax= 5.8e-03 nm, Epot= -3.14473e+05 Fmax= 4.97477e+03, atom= 1007
Step=  508, Dmax= 7.0e-03 nm, Epot= -3.14487e+05 Fmax= 5.73244e+03, atom= 1007
Step=  509, Dmax= 8.3e-03 nm, Epot= -3.14498e+05 Fmax= 7.13072e+03, atom= 1007
Step=  510, Dmax= 1.0e-02 nm, Epot= -3.14507e+05 Fmax= 8.28197e+03, atom= 1007
Step=  511, Dmax= 1.2e-02 nm, Epot= -3.14508e+05 Fmax= 1.02307e+04, atom= 1007
Step=  512, Dmax= 1.4e-02 nm, Epot= -3.14507e+05 Fmax= 1.19439e+04, atom= 1007
Step=  513, Dmax= 7.2e-03 nm, Epot= -3.14570e+05 Fmax= 8.74886e+02, atom= 1007

writing lowest energy coordinates.

Steepest Descents converged to Fmax < 1000 in 514 steps
Potential Energy  = -3.1456962e+05
Maximum force     =  8.7488586e+02 on atom 1007
Norm of force     =  2.4750001e+01

GROMACS reminds you: "Whatever Happened to Pong ?" (F. Black)

