
--- stderr ---
                :-) GROMACS - gmx mdrun, 2024.5-conda_forge (-:

Executable:   /usr/local/Caskroom/miniforge/base/envs/gromacs_env/bin.AVX2_256/gmx
Data prefix:  /usr/local/Caskroom/miniforge/base/envs/gromacs_env
Working dir:  /Users/laetitiaguerin/Library/CloudStorage/OneDrive-Personal/Documents/BSc_Nanobiology/Year_5/BEP/Energy_minimization/tleap_runs/O52681_V128Y
Command line:
  gmx mdrun -v -deffnm O52681_V128Y_minim

The current CPU can measure timings more accurately than the code in
gmx mdrun was configured to use. This might affect your simulation
speed as accurate timings are needed for load-balancing.
Please consider rebuilding gmx mdrun with the GMX_USE_RDTSCP=ON CMake option.
Reading file O52681_V128Y_minim.tpr, VERSION 2024.5-conda_forge (single precision)

Using 1 MPI thread
Using 8 OpenMP threads 


Steepest Descents:
   Tolerance (Fmax)   =  1.00000e+03
   Number of steps    =        50000
Step=    0, Dmax= 1.0e-02 nm, Epot=  1.92742e+08 Fmax= 6.97017e+10, atom= 2009
Step=    1, Dmax= 1.0e-02 nm, Epot=  2.51757e+05 Fmax= 1.53217e+08, atom= 2009
Step=    2, Dmax= 1.2e-02 nm, Epot= -4.22447e+05 Fmax= 1.36620e+06, atom= 2009
Step=    3, Dmax= 1.4e-02 nm, Epot= -4.34551e+05 Fmax= 1.06030e+05, atom= 1324
Step=    4, Dmax= 1.7e-02 nm, Epot= -4.37960e+05 Fmax= 2.53657e+04, atom= 1377
Step=    5, Dmax= 2.1e-02 nm, Epot= -4.41349e+05 Fmax= 5.66325e+03, atom= 2008
Step=    6, Dmax= 2.5e-02 nm, Epot= -4.52802e+05 Fmax= 9.58074e+03, atom= 2010
Step=    7, Dmax= 3.0e-02 nm, Epot= -4.57705e+05 Fmax= 2.74485e+04, atom= 2010
Step=    8, Dmax= 3.6e-02 nm, Epot= -4.60135e+05 Fmax= 1.65209e+04, atom= 2010
Step=    9, Dmax= 4.3e-02 nm, Epot= -4.61734e+05 Fmax= 3.92347e+04, atom= 2010
Step=   10, Dmax= 5.2e-02 nm, Epot= -4.63989e+05 Fmax= 2.84227e+04, atom= 2010
Step=   11, Dmax= 6.2e-02 nm, Epot= -4.61278e+05 Fmax= 5.54597e+04, atom= 2008
Step=   12, Dmax= 3.1e-02 nm, Epot= -4.66220e+05 Fmax= 1.34674e+04, atom= 2010
Step=   13, Dmax= 3.7e-02 nm, Epot= -4.65510e+05 Fmax= 3.78314e+04, atom= 2008
Step=   14, Dmax= 1.9e-02 nm, Epot= -4.67669e+05 Fmax= 1.19160e+04, atom= 2008
Step=   15, Dmax= 2.2e-02 nm, Epot= -4.68633e+05 Fmax= 1.82412e+04, atom= 2008
Step=   16, Dmax= 2.7e-02 nm, Epot= -4.69562e+05 Fmax= 1.89390e+04, atom= 1334
Step=   17, Dmax= 3.2e-02 nm, Epot= -4.68925e+05 Fmax= 3.00775e+04, atom= 1334
Step=   18, Dmax= 1.6e-02 nm, Epot= -4.71808e+05 Fmax= 5.65029e+03, atom= 1334
Step=   19, Dmax= 1.9e-02 nm, Epot= -4.72809e+05 Fmax= 2.34964e+04, atom= 1334
Step=   20, Dmax= 2.3e-02 nm, Epot= -4.74889e+05 Fmax= 1.19038e+04, atom= 1334
Step=   21, Dmax= 2.8e-02 nm, Epot= -4.74231e+05 Fmax= 3.01779e+04, atom= 1334
Step=   22, Dmax= 1.4e-02 nm, Epot= -4.75861e+05 Fmax= 9.15695e+03, atom= 1334
Step=   23, Dmax= 1.7e-02 nm, Epot= -4.76544e+05 Fmax= 1.64285e+04, atom= 1334
Step=   24, Dmax= 2.0e-02 nm, Epot= -4.77507e+05 Fmax= 1.39456e+04, atom= 1334
Step=   25, Dmax= 2.4e-02 nm, Epot= -4.77677e+05 Fmax= 2.27569e+04, atom= 1334
Step=   26, Dmax= 2.9e-02 nm, Epot= -4.78600e+05 Fmax= 2.08892e+04, atom= 1334
Step=   27, Dmax= 3.5e-02 nm, Epot= -4.78009e+05 Fmax= 3.16393e+04, atom= 1334
Step=   28, Dmax= 1.7e-02 nm, Epot= -4.80138e+05 Fmax= 5.46030e+03, atom= 1334
Step=   29, Dmax= 2.1e-02 nm, Epot= -4.80459e+05 Fmax= 2.58306e+04, atom= 1334
Step=   30, Dmax= 2.5e-02 nm, Epot= -4.82268e+05 Fmax= 1.22013e+04, atom= 1334
Step=   31, Dmax= 3.0e-02 nm, Epot= -4.80986e+05 Fmax= 3.30078e+04, atom= 1334
Step=   32, Dmax= 1.5e-02 nm, Epot= -4.82933e+05 Fmax= 1.04244e+04, atom= 1334
Step=   33, Dmax= 1.8e-02 nm, Epot= -4.83255e+05 Fmax= 1.70299e+04, atom= 1334
Step=   34, Dmax= 2.1e-02 nm, Epot= -4.83909e+05 Fmax= 1.55951e+04, atom= 1334
Step=   35, Dmax= 2.6e-02 nm, Epot= -4.83800e+05 Fmax= 2.37892e+04, atom= 1334
Step=   36, Dmax= 1.3e-02 nm, Epot= -4.84827e+05 Fmax= 4.13664e+03, atom= 1334
Step=   37, Dmax= 1.5e-02 nm, Epot= -4.85473e+05 Fmax= 1.91578e+04, atom= 1334
Step=   38, Dmax= 1.9e-02 nm, Epot= -4.86535e+05 Fmax= 9.28331e+03, atom= 1334
Step=   39, Dmax= 2.2e-02 nm, Epot= -4.86164e+05 Fmax= 2.44958e+04, atom= 1334
Step=   40, Dmax= 1.1e-02 nm, Epot= -4.87041e+05 Fmax= 7.61544e+03, atom= 1334
Step=   41, Dmax= 1.3e-02 nm, Epot= -4.87412e+05 Fmax= 1.29446e+04, atom= 1334
Step=   42, Dmax= 1.6e-02 nm, Epot= -4.87924e+05 Fmax= 1.14345e+04, atom= 1334
Step=   43, Dmax= 1.9e-02 nm, Epot= -4.88037e+05 Fmax= 1.80690e+04, atom= 1334
Step=   44, Dmax= 2.3e-02 nm, Epot= -4.88532e+05 Fmax= 1.70104e+04, atom= 1334
Step=   45, Dmax= 2.8e-02 nm, Epot= -4.88232e+05 Fmax= 2.52803e+04, atom= 1334
Step=   46, Dmax= 1.4e-02 nm, Epot= -4.89437e+05 Fmax= 4.18395e+03, atom= 1334
Step=   47, Dmax= 1.7e-02 nm, Epot= -4.89690e+05 Fmax= 2.08753e+04, atom= 1334
Step=   48, Dmax= 2.0e-02 nm, Epot= -4.90768e+05 Fmax= 9.68315e+03, atom= 1334
Step=   49, Dmax= 2.4e-02 nm, Epot= -4.90051e+05 Fmax= 2.66259e+04, atom= 1334
Step=   50, Dmax= 1.2e-02 nm, Epot= -4.91167e+05 Fmax= 8.48261e+03, atom= 1334
Step=   51, Dmax= 1.4e-02 nm, Epot= -4.91388e+05 Fmax= 1.35881e+04, atom= 1334
Step=   52, Dmax= 1.7e-02 nm, Epot= -4.91785e+05 Fmax= 1.26116e+04, atom= 1334
Step=   53, Dmax= 2.1e-02 nm, Epot= -4.91765e+05 Fmax= 1.90634e+04, atom= 1334
Step=   54, Dmax= 1.0e-02 nm, Epot= -4.92343e+05 Fmax= 3.24866e+03, atom= 1334
Step=   55, Dmax= 1.2e-02 nm, Epot= -4.92824e+05 Fmax= 1.53977e+04, atom= 1334
Step=   56, Dmax= 1.5e-02 nm, Epot= -4.93472e+05 Fmax= 7.44552e+03, atom= 1334
Step=   57, Dmax= 1.8e-02 nm, Epot= -4.93319e+05 Fmax= 1.96542e+04, atom= 1334
Step=   58, Dmax= 8.9e-03 nm, Epot= -4.93800e+05 Fmax= 6.10970e+03, atom= 1334
Step=   59, Dmax= 1.1e-02 nm, Epot= -4.94065e+05 Fmax= 1.04167e+04, atom= 1334
Step=   60, Dmax= 1.3e-02 nm, Epot= -4.94401e+05 Fmax= 9.14362e+03, atom= 1334
Step=   61, Dmax= 1.5e-02 nm, Epot= -4.94512e+05 Fmax= 1.45706e+04, atom= 1334
Step=   62, Dmax= 1.9e-02 nm, Epot= -4.94847e+05 Fmax= 1.36009e+04, atom= 1334
Step=   63, Dmax= 2.2e-02 nm, Epot= -4.94710e+05 Fmax= 2.04189e+04, atom= 1334
Step=   64, Dmax= 1.1e-02 nm, Epot= -4.95402e+05 Fmax= 3.43510e+03, atom= 1334
Step=   65, Dmax= 1.3e-02 nm, Epot= -4.95662e+05 Fmax= 1.66378e+04, atom= 1334
Step=   66, Dmax= 1.6e-02 nm, Epot= -4.96319e+05 Fmax= 7.90298e+03, atom= 1334
Step=   67, Dmax= 1.9e-02 nm, Epot= -4.95982e+05 Fmax= 2.12333e+04, atom= 1334
Step=   68, Dmax= 9.6e-03 nm, Epot= -4.96598e+05 Fmax= 6.67121e+03, atom= 1334
Step=   69, Dmax= 1.2e-02 nm, Epot= -4.96779e+05 Fmax= 1.10714e+04, atom= 1334
Step=   70, Dmax= 1.4e-02 nm, Epot= -4.97066e+05 Fmax= 9.95511e+03, atom= 1334
Step=   71, Dmax= 1.7e-02 nm, Epot= -4.97094e+05 Fmax= 1.55093e+04, atom= 1334
Step=   72, Dmax= 2.0e-02 nm, Epot= -4.97373e+05 Fmax= 1.47636e+04, atom= 1334
Step=   73, Dmax= 2.4e-02 nm, Epot= -4.97141e+05 Fmax= 2.17625e+04, atom= 1334
Step=   74, Dmax= 1.2e-02 nm, Epot= -4.97953e+05 Fmax= 3.53231e+03, atom= 1334
Step=   75, Dmax= 1.4e-02 nm, Epot= -4.98031e+05 Fmax= 1.80556e+04, atom= 1334
Step=   76, Dmax= 1.7e-02 nm, Epot= -4.98731e+05 Fmax= 8.30993e+03, atom= 1334
Step=   77, Dmax= 2.1e-02 nm, Epot= -4.98200e+05 Fmax= 2.30107e+04, atom= 1334
Step=   78, Dmax= 1.0e-02 nm, Epot= -4.98971e+05 Fmax= 7.35779e+03, atom= 1334
Step=   79, Dmax= 1.2e-02 nm, Epot= -4.99089e+05 Fmax= 1.16908e+04, atom= 1334
Step=   80, Dmax= 1.5e-02 nm, Epot= -4.99330e+05 Fmax= 1.09090e+04, atom= 1334
Step=   81, Dmax= 1.8e-02 nm, Epot= -4.99292e+05 Fmax= 1.64343e+04, atom= 1334
Step=   82, Dmax= 8.9e-03 nm, Epot= -4.99694e+05 Fmax= 2.77765e+03, atom= 1334
Step=   83, Dmax= 1.1e-02 nm, Epot= -4.99965e+05 Fmax= 1.32837e+04, atom= 1334
Step=   84, Dmax= 1.3e-02 nm, Epot= -5.00392e+05 Fmax= 6.42255e+03, atom= 1334
Step=   85, Dmax= 1.5e-02 nm, Epot= -5.00257e+05 Fmax= 1.69437e+04, atom= 1334
Step=   86, Dmax= 7.7e-03 nm, Epot= -5.00600e+05 Fmax= 5.26413e+03, atom= 1334
Step=   87, Dmax= 9.2e-03 nm, Epot= -5.00761e+05 Fmax= 8.99887e+03, atom= 1334
Step=   88, Dmax= 1.1e-02 nm, Epot= -5.00979e+05 Fmax= 7.86791e+03, atom= 1334
Step=   89, Dmax= 1.3e-02 nm, Epot= -5.01036e+05 Fmax= 1.25979e+04, atom= 1334
Step=   90, Dmax= 1.6e-02 nm, Epot= -5.01256e+05 Fmax= 1.17045e+04, atom= 1334
Step=   91, Dmax= 1.9e-02 nm, Epot= -5.01142e+05 Fmax= 1.76656e+04, atom= 1334
Step=   92, Dmax= 9.6e-03 nm, Epot= -5.01632e+05 Fmax= 2.99734e+03, atom= 1334
Step=   93, Dmax= 1.1e-02 nm, Epot= -5.01775e+05 Fmax= 1.43010e+04, atom= 1334
Step=   94, Dmax= 1.4e-02 nm, Epot= -5.02224e+05 Fmax= 6.86959e+03, atom= 1334
Step=   95, Dmax= 1.7e-02 nm, Epot= -5.01970e+05 Fmax= 1.82575e+04, atom= 1334
Step=   96, Dmax= 8.3e-03 nm, Epot= -5.02412e+05 Fmax= 5.69823e+03, atom= 1334
Step=   97, Dmax= 9.9e-03 nm, Epot= -5.02526e+05 Fmax= 9.61529e+03, atom= 1334
Step=   98, Dmax= 1.2e-02 nm, Epot= -5.02724e+05 Fmax= 8.51855e+03, atom= 1334
Step=   99, Dmax= 1.4e-02 nm, Epot= -5.02729e+05 Fmax= 1.34599e+04, atom= 1334
Step=  100, Dmax= 1.7e-02 nm, Epot= -5.02927e+05 Fmax= 1.26606e+04, atom= 1334
Step=  101, Dmax= 2.1e-02 nm, Epot= -5.02742e+05 Fmax= 1.88791e+04, atom= 1334
Step=  102, Dmax= 1.0e-02 nm, Epot= -5.03332e+05 Fmax= 3.12998e+03, atom= 1334
Step=  103, Dmax= 1.2e-02 nm, Epot= -5.03358e+05 Fmax= 1.54815e+04, atom= 1334
Step=  104, Dmax= 1.5e-02 nm, Epot= -5.03851e+05 Fmax= 7.26299e+03, atom= 1334
Step=  105, Dmax= 1.8e-02 nm, Epot= -5.03461e+05 Fmax= 1.97522e+04, atom= 1334
Step=  106, Dmax= 8.9e-03 nm, Epot= -5.04022e+05 Fmax= 6.24983e+03, atom= 1334
Step=  107, Dmax= 1.1e-02 nm, Epot= -5.04097e+05 Fmax= 1.01913e+04, atom= 1334
Step=  108, Dmax= 1.3e-02 nm, Epot= -5.04274e+05 Fmax= 9.30248e+03, atom= 1334
Step=  109, Dmax= 1.5e-02 nm, Epot= -5.04230e+05 Fmax= 1.42996e+04, atom= 1334
Step=  110, Dmax= 7.7e-03 nm, Epot= -5.04532e+05 Fmax= 2.50802e+03, atom= 1334
Step=  111, Dmax= 9.2e-03 nm, Epot= -5.04702e+05 Fmax= 1.13418e+04, atom= 1334
Step=  112, Dmax= 1.1e-02 nm, Epot= -5.05008e+05 Fmax= 5.65791e+03, atom= 1334
Step=  113, Dmax= 1.3e-02 nm, Epot= -5.04903e+05 Fmax= 1.44910e+04, atom= 1334
Step=  114, Dmax= 6.6e-03 nm, Epot= -5.05161e+05 Fmax= 4.41922e+03, atom= 1334
Step=  115, Dmax= 8.0e-03 nm, Epot= -5.05273e+05 Fmax= 7.89286e+03, atom= 1334
Step=  116, Dmax= 9.6e-03 nm, Epot= -5.05437e+05 Fmax= 6.65210e+03, atom= 1334
Step=  117, Dmax= 1.1e-02 nm, Epot= -5.05468e+05 Fmax= 1.10116e+04, atom= 1334
Step=  118, Dmax= 1.4e-02 nm, Epot= -5.05640e+05 Fmax= 9.95159e+03, atom= 1334
Step=  119, Dmax= 1.7e-02 nm, Epot= -5.05535e+05 Fmax= 1.54017e+04, atom= 1334
Step=  120, Dmax= 8.3e-03 nm, Epot= -5.05914e+05 Fmax= 2.73553e+03, atom= 1334
Step=  121, Dmax= 9.9e-03 nm, Epot= -5.05997e+05 Fmax= 1.23231e+04, atom= 1744
Step=  122, Dmax= 1.2e-02 nm, Epot= -5.06330e+05 Fmax= 5.95659e+03, atom= 1744
Step=  123, Dmax= 1.4e-02 nm, Epot= -5.06143e+05 Fmax= 1.59472e+04, atom= 1744
Step=  124, Dmax= 7.1e-03 nm, Epot= -5.06471e+05 Fmax= 5.00253e+03, atom= 1744
Step=  125, Dmax= 8.6e-03 nm, Epot= -5.06562e+05 Fmax= 8.15040e+03, atom= 1744
Step=  126, Dmax= 1.0e-02 nm, Epot= -5.06702e+05 Fmax= 7.62365e+03, atom= 1744
Step=  127, Dmax= 1.2e-02 nm, Epot= -5.06730e+05 Fmax= 1.13193e+04, atom= 1744
Step=  128, Dmax= 1.5e-02 nm, Epot= -5.06855e+05 Fmax= 1.13738e+04, atom= 1744
Step=  129, Dmax= 1.8e-02 nm, Epot= -5.06780e+05 Fmax= 1.58828e+04, atom= 1744
Step=  130, Dmax= 8.9e-03 nm, Epot= -5.07160e+05 Fmax= 2.25733e+03, atom= 1744
Step=  131, Dmax= 1.1e-02 nm, Epot= -5.07261e+05 Fmax= 1.41433e+04, atom= 1744
Step=  132, Dmax= 1.3e-02 nm, Epot= -5.07643e+05 Fmax= 5.53136e+03, atom= 1744
Step=  133, Dmax= 1.5e-02 nm, Epot= -5.07396e+05 Fmax= 1.80105e+04, atom= 1744
Step=  134, Dmax= 7.7e-03 nm, Epot= -5.07755e+05 Fmax= 6.24922e+03, atom= 1744
Step=  135, Dmax= 9.2e-03 nm, Epot= -5.07850e+05 Fmax= 7.90427e+03, atom= 1744
Step=  136, Dmax= 1.1e-02 nm, Epot= -5.07944e+05 Fmax= 9.05178e+03, atom= 1744
Step=  137, Dmax= 1.3e-02 nm, Epot= -5.08000e+05 Fmax= 1.13239e+04, atom= 1744
Step=  138, Dmax= 1.6e-02 nm, Epot= -5.08055e+05 Fmax= 1.30676e+04, atom= 1744
Step=  139, Dmax= 1.9e-02 nm, Epot= -5.08037e+05 Fmax= 1.62408e+04, atom= 1744
Step=  140, Dmax= 9.6e-03 nm, Epot= -5.08391e+05 Fmax= 1.59413e+03, atom= 1744
Step=  141, Dmax= 1.1e-02 nm, Epot= -5.08624e+05 Fmax= 1.60533e+04, atom= 1744
Step=  142, Dmax= 1.4e-02 nm, Epot= -5.09043e+05 Fmax= 5.14355e+03, atom= 1744
Step=  143, Dmax= 1.7e-02 nm, Epot= -5.08761e+05 Fmax= 2.01389e+04, atom= 1744
Step=  144, Dmax= 8.3e-03 nm, Epot= -5.09132e+05 Fmax= 7.51599e+03, atom= 1744
Step=  145, Dmax= 9.9e-03 nm, Epot= -5.09236e+05 Fmax= 7.71784e+03, atom= 1744
Step=  146, Dmax= 1.2e-02 nm, Epot= -5.09290e+05 Fmax= 1.05076e+04, atom= 1744
Step=  147, Dmax= 1.4e-02 nm, Epot= -5.09374e+05 Fmax= 1.14113e+04, atom= 1744
Step=  148, Dmax= 1.7e-02 nm, Epot= -5.09372e+05 Fmax= 1.48044e+04, atom= 1744
Step=  149, Dmax= 8.6e-03 nm, Epot= -5.09608e+05 Fmax= 1.71425e+03, atom= 1744
Step=  150, Dmax= 1.0e-02 nm, Epot= -5.09823e+05 Fmax= 1.41155e+04, atom= 1744
Step=  151, Dmax= 1.2e-02 nm, Epot= -5.10119e+05 Fmax= 4.80172e+03, atom= 1744
Step=  152, Dmax= 1.5e-02 nm, Epot= -5.09974e+05 Fmax= 1.79690e+04, atom= 1744
Step=  153, Dmax= 7.4e-03 nm, Epot= -5.10212e+05 Fmax= 6.58297e+03, atom= 1744
Step=  154, Dmax= 8.9e-03 nm, Epot= -5.10306e+05 Fmax= 7.02761e+03, atom= 1744
Step=  155, Dmax= 1.1e-02 nm, Epot= -5.10373e+05 Fmax= 9.35465e+03, atom= 1744
Step=  156, Dmax= 1.3e-02 nm, Epot= -5.10453e+05 Fmax= 1.02362e+04, atom= 1744
Step=  157, Dmax= 1.5e-02 nm, Epot= -5.10477e+05 Fmax= 1.33310e+04, atom= 1744
Step=  158, Dmax= 1.8e-02 nm, Epot= -5.10527e+05 Fmax= 1.48418e+04, atom= 1744
Step=  159, Dmax= 2.2e-02 nm, Epot= -5.10469e+05 Fmax= 1.90330e+04, atom= 1744
Step=  160, Dmax= 1.1e-02 nm, Epot= -5.10841e+05 Fmax= 2.10766e+03, atom= 1744
Step=  161, Dmax= 1.3e-02 nm, Epot= -5.10919e+05 Fmax= 1.82545e+04, atom= 1744
Step=  162, Dmax= 1.6e-02 nm, Epot= -5.11316e+05 Fmax= 6.25350e+03, atom= 1744
Step=  163, Dmax= 1.9e-02 nm, Epot= -5.10994e+05 Fmax= 2.29487e+04, atom= 1744
Step=  164, Dmax= 9.5e-03 nm, Epot= -5.11388e+05 Fmax= 8.37053e+03, atom= 1744
Step=  165, Dmax= 1.1e-02 nm, Epot= -5.11468e+05 Fmax= 9.24305e+03, atom= 1744
Step=  166, Dmax= 1.4e-02 nm, Epot= -5.11511e+05 Fmax= 1.18084e+04, atom= 1744
Step=  167, Dmax= 1.6e-02 nm, Epot= -5.11563e+05 Fmax= 1.35269e+04, atom= 1744
Step=  168, Dmax= 2.0e-02 nm, Epot= -5.11559e+05 Fmax= 1.67439e+04, atom= 1744
Step=  169, Dmax= 9.9e-03 nm, Epot= -5.11802e+05 Fmax= 1.63704e+03, atom= 1744
Step=  170, Dmax= 1.2e-02 nm, Epot= -5.12011e+05 Fmax= 1.66998e+04, atom= 1744
Step=  171, Dmax= 1.4e-02 nm, Epot= -5.12319e+05 Fmax= 5.17387e+03, atom= 1744
Step=  172, Dmax= 1.7e-02 nm, Epot= -5.12122e+05 Fmax= 2.11663e+04, atom= 1744
Step=  173, Dmax= 8.5e-03 nm, Epot= -5.12390e+05 Fmax= 8.00189e+03, atom= 1744
Step=  174, Dmax= 1.0e-02 nm, Epot= -5.12477e+05 Fmax= 7.72452e+03, atom= 1744
Step=  175, Dmax= 1.2e-02 nm, Epot= -5.12516e+05 Fmax= 1.12185e+04, atom= 1744
Step=  176, Dmax= 1.5e-02 nm, Epot= -5.12596e+05 Fmax= 1.14119e+04, atom= 1744
Step=  177, Dmax= 1.8e-02 nm, Epot= -5.12582e+05 Fmax= 1.58246e+04, atom= 1744
Step=  178, Dmax= 8.9e-03 nm, Epot= -5.12764e+05 Fmax= 2.20844e+03, atom= 1744
Step=  179, Dmax= 1.1e-02 nm, Epot= -5.12889e+05 Fmax= 1.40841e+04, atom= 1744
Step=  180, Dmax= 1.3e-02 nm, Epot= -5.13098e+05 Fmax= 5.56966e+03, atom= 1744
Step=  181, Dmax= 1.5e-02 nm, Epot= -5.13009e+05 Fmax= 1.78773e+04, atom= 1744
Step=  182, Dmax= 7.7e-03 nm, Epot= -5.13176e+05 Fmax= 6.16389e+03, atom= 1744
Step=  183, Dmax= 9.2e-03 nm, Epot= -5.13245e+05 Fmax= 7.98610e+03, atom= 1744
Step=  184, Dmax= 1.1e-02 nm, Epot= -5.13315e+05 Fmax= 8.91137e+03, atom= 1744
Step=  185, Dmax= 1.3e-02 nm, Epot= -5.13361e+05 Fmax= 1.14468e+04, atom= 1744
Step=  186, Dmax= 1.6e-02 nm, Epot= -5.13413e+05 Fmax= 1.28691e+04, atom= 1744
Step=  187, Dmax= 1.9e-02 nm, Epot= -5.13415e+05 Fmax= 1.64015e+04, atom= 1744
Step=  188, Dmax= 2.3e-02 nm, Epot= -5.13433e+05 Fmax= 1.85419e+04, atom= 1744
Step=  189, Dmax= 2.7e-02 nm, Epot= -5.13344e+05 Fmax= 2.34843e+04, atom= 1744
Step=  190, Dmax= 1.4e-02 nm, Epot= -5.13764e+05 Fmax= 2.50248e+03, atom= 1744
Step=  191, Dmax= 1.6e-02 nm, Epot= -5.13727e+05 Fmax= 2.27833e+04, atom= 1744
Step=  192, Dmax= 8.2e-03 nm, Epot= -5.13878e+05 Fmax= 1.00922e+04, atom= 1744
Step=  193, Dmax= 9.9e-03 nm, Epot= -5.13998e+05 Fmax= 5.11368e+03, atom= 1744
Step=  194, Dmax= 1.2e-02 nm, Epot= -5.14014e+05 Fmax= 1.30348e+04, atom= 1744
Step=  195, Dmax= 1.4e-02 nm, Epot= -5.14152e+05 Fmax= 8.84115e+03, atom= 1744
Step=  196, Dmax= 1.7e-02 nm, Epot= -5.14085e+05 Fmax= 1.72878e+04, atom= 1744
Step=  197, Dmax= 8.5e-03 nm, Epot= -5.14254e+05 Fmax= 4.23576e+03, atom= 1744
Step=  198, Dmax= 1.0e-02 nm, Epot= -5.14301e+05 Fmax= 1.15429e+04, atom= 1744
Step=  199, Dmax= 1.2e-02 nm, Epot= -5.14423e+05 Fmax= 7.29053e+03, atom= 1744
Step=  200, Dmax= 1.5e-02 nm, Epot= -5.14394e+05 Fmax= 1.54047e+04, atom= 1744
Step=  201, Dmax= 7.4e-03 nm, Epot= -5.14508e+05 Fmax= 4.05473e+03, atom= 1744
Step=  202, Dmax= 8.8e-03 nm, Epot= -5.14573e+05 Fmax= 9.49100e+03, atom= 1744
Step=  203, Dmax= 1.1e-02 nm, Epot= -5.14668e+05 Fmax= 6.85268e+03, atom= 1744
Step=  204, Dmax= 1.3e-02 nm, Epot= -5.14684e+05 Fmax= 1.26615e+04, atom= 1744
Step=  205, Dmax= 1.5e-02 nm, Epot= -5.14783e+05 Fmax= 1.08524e+04, atom= 1744
Step=  206, Dmax= 1.8e-02 nm, Epot= -5.14740e+05 Fmax= 1.72264e+04, atom= 1744
Step=  207, Dmax= 9.2e-03 nm, Epot= -5.14909e+05 Fmax= 3.20574e+03, atom= 1744
Step=  208, Dmax= 1.1e-02 nm, Epot= -5.14963e+05 Fmax= 1.37770e+04, atom= 1744
Step=  209, Dmax= 1.3e-02 nm, Epot= -5.15123e+05 Fmax= 6.47351e+03, atom= 1744
Step=  210, Dmax= 1.6e-02 nm, Epot= -5.15050e+05 Fmax= 1.79385e+04, atom= 1744
Step=  211, Dmax= 7.9e-03 nm, Epot= -5.15195e+05 Fmax= 5.72907e+03, atom= 1744
Step=  212, Dmax= 9.5e-03 nm, Epot= -5.15250e+05 Fmax= 8.83773e+03, atom= 1744
Step=  213, Dmax= 1.1e-02 nm, Epot= -5.15320e+05 Fmax= 8.73166e+03, atom= 1744
Step=  214, Dmax= 1.4e-02 nm, Epot= -5.15349e+05 Fmax= 1.22455e+04, atom= 1744
Step=  215, Dmax= 1.6e-02 nm, Epot= -5.15406e+05 Fmax= 1.30260e+04, atom= 1744
Step=  216, Dmax= 2.0e-02 nm, Epot= -5.15396e+05 Fmax= 1.71453e+04, atom= 1744
Step=  217, Dmax= 9.9e-03 nm, Epot= -5.15563e+05 Fmax= 2.08619e+03, atom= 1744
Step=  218, Dmax= 1.2e-02 nm, Epot= -5.15676e+05 Fmax= 1.62179e+04, atom= 1744
Step=  219, Dmax= 1.4e-02 nm, Epot= -5.15881e+05 Fmax= 5.56910e+03, atom= 1744
Step=  220, Dmax= 1.7e-02 nm, Epot= -5.15764e+05 Fmax= 2.07045e+04, atom= 1744
Step=  221, Dmax= 8.5e-03 nm, Epot= -5.15941e+05 Fmax= 7.56750e+03, atom= 1744
Step=  222, Dmax= 1.0e-02 nm, Epot= -5.16003e+05 Fmax= 8.09790e+03, atom= 1744
Step=  223, Dmax= 1.2e-02 nm, Epot= -5.16045e+05 Fmax= 1.07953e+04, atom= 1744
Step=  224, Dmax= 1.5e-02 nm, Epot= -5.16098e+05 Fmax= 1.17549e+04, atom= 1744
Step=  225, Dmax= 1.8e-02 nm, Epot= -5.16107e+05 Fmax= 1.54080e+04, atom= 1744
Step=  226, Dmax= 2.1e-02 nm, Epot= -5.16138e+05 Fmax= 1.70114e+04, atom= 1744
Step=  227, Dmax= 2.5e-02 nm, Epot= -5.16082e+05 Fmax= 2.19993e+04, atom= 1744
Step=  228, Dmax= 1.3e-02 nm, Epot= -5.16366e+05 Fmax= 2.51553e+03, atom= 1744
Step=  229, Dmax= 1.5e-02 nm, Epot= -5.16380e+05 Fmax= 2.08902e+04, atom= 1744
Step=  230, Dmax= 1.8e-02 nm, Epot= -5.16674e+05 Fmax= 7.36407e+03, atom= 1744
Step=  231, Dmax= 2.2e-02 nm, Epot= -5.16405e+05 Fmax= 2.62343e+04, atom= 1744
Step=  232, Dmax= 1.1e-02 nm, Epot= -5.16722e+05 Fmax= 9.46685e+03, atom= 1744
Step=  233, Dmax= 1.3e-02 nm, Epot= -5.16772e+05 Fmax= 1.08346e+04, atom= 1744
Step=  234, Dmax= 1.6e-02 nm, Epot= -5.16801e+05 Fmax= 1.33944e+04, atom= 1744
Step=  235, Dmax= 1.9e-02 nm, Epot= -5.16824e+05 Fmax= 1.57918e+04, atom= 1744
Step=  236, Dmax= 2.3e-02 nm, Epot= -5.16818e+05 Fmax= 1.90345e+04, atom= 1744
Step=  237, Dmax= 1.1e-02 nm, Epot= -5.17015e+05 Fmax= 1.66607e+03, atom= 1744
Step=  238, Dmax= 1.4e-02 nm, Epot= -5.17165e+05 Fmax= 1.95194e+04, atom= 1744
Step=  239, Dmax= 1.6e-02 nm, Epot= -5.17419e+05 Fmax= 5.69315e+03, atom= 1744
Step=  240, Dmax= 2.0e-02 nm, Epot= -5.17222e+05 Fmax= 2.46694e+04, atom= 1744
Step=  241, Dmax= 9.8e-03 nm, Epot= -5.17463e+05 Fmax= 9.50608e+03, atom= 1744
Step=  242, Dmax= 1.2e-02 nm, Epot= -5.17529e+05 Fmax= 8.60261e+03, atom= 1744
Step=  243, Dmax= 1.4e-02 nm, Epot= -5.17543e+05 Fmax= 1.32285e+04, atom= 1744
Step=  244, Dmax= 1.7e-02 nm, Epot= -5.17606e+05 Fmax= 1.28210e+04, atom= 1744
Step=  245, Dmax= 2.0e-02 nm, Epot= -5.17569e+05 Fmax= 1.85462e+04, atom= 1744
Step=  246, Dmax= 1.0e-02 nm, Epot= -5.17738e+05 Fmax= 2.86775e+03, atom= 1744
Step=  247, Dmax= 1.2e-02 nm, Epot= -5.17782e+05 Fmax= 1.58798e+04, atom= 1744
Step=  248, Dmax= 1.5e-02 nm, Epot= -5.17948e+05 Fmax= 6.75766e+03, atom= 1744
Step=  249, Dmax= 1.8e-02 nm, Epot= -5.17845e+05 Fmax= 2.02305e+04, atom= 1744
Step=  250, Dmax= 8.8e-03 nm, Epot= -5.18006e+05 Fmax= 6.74968e+03, atom= 1744
Step=  251, Dmax= 1.1e-02 nm, Epot= -5.18048e+05 Fmax= 9.55248e+03, atom= 1744
Step=  252, Dmax= 1.3e-02 nm, Epot= -5.18102e+05 Fmax= 9.89908e+03, atom= 1744
Step=  253, Dmax= 1.5e-02 nm, Epot= -5.18119e+05 Fmax= 1.35493e+04, atom= 1744
Step=  254, Dmax= 1.8e-02 nm, Epot= -5.18162e+05 Fmax= 1.44345e+04, atom= 1744
Step=  255, Dmax= 2.2e-02 nm, Epot= -5.18132e+05 Fmax= 1.92613e+04, atom= 1744
Step=  256, Dmax= 1.1e-02 nm, Epot= -5.18316e+05 Fmax= 2.42428e+03, atom= 1744
Step=  257, Dmax= 1.3e-02 nm, Epot= -5.18370e+05 Fmax= 1.77222e+04, atom= 1744
Step=  258, Dmax= 1.6e-02 nm, Epot= -5.18566e+05 Fmax= 6.63317e+03, atom= 1744
Step=  259, Dmax= 1.9e-02 nm, Epot= -5.18422e+05 Fmax= 2.23613e+04, atom= 1744
Step=  260, Dmax= 9.5e-03 nm, Epot= -5.18617e+05 Fmax= 7.88310e+03, atom= 1744
Step=  261, Dmax= 1.1e-02 nm, Epot= -5.18660e+05 Fmax= 9.64029e+03, atom= 1744
Step=  262, Dmax= 1.4e-02 nm, Epot= -5.18700e+05 Fmax= 1.12642e+04, atom= 1744
Step=  263, Dmax= 1.6e-02 nm, Epot= -5.18723e+05 Fmax= 1.39345e+04, atom= 1744
Step=  264, Dmax= 2.0e-02 nm, Epot= -5.18743e+05 Fmax= 1.61340e+04, atom= 1744
Step=  265, Dmax= 2.4e-02 nm, Epot= -5.18723e+05 Fmax= 2.00666e+04, atom= 1744
Step=  266, Dmax= 1.2e-02 nm, Epot= -5.18922e+05 Fmax= 1.98515e+03, atom= 1744
Step=  267, Dmax= 1.4e-02 nm, Epot= -5.19001e+05 Fmax= 1.96663e+04, atom= 1744
Step=  268, Dmax= 1.7e-02 nm, Epot= -5.19232e+05 Fmax= 6.55489e+03, atom= 1744
Step=  269, Dmax= 2.0e-02 nm, Epot= -5.19041e+05 Fmax= 2.45830e+04, atom= 1744
Step=  270, Dmax= 1.0e-02 nm, Epot= -5.19274e+05 Fmax= 9.04565e+03, atom= 1744
Step=  271, Dmax= 1.2e-02 nm, Epot= -5.19322e+05 Fmax= 9.79458e+03, atom= 1744
Step=  272, Dmax= 1.5e-02 nm, Epot= -5.19346e+05 Fmax= 1.26725e+04, atom= 1744
Step=  273, Dmax= 1.8e-02 nm, Epot= -5.19376e+05 Fmax= 1.44097e+04, atom= 1744
Step=  274, Dmax= 2.1e-02 nm, Epot= -5.19371e+05 Fmax= 1.78983e+04, atom= 1744
Step=  275, Dmax= 1.1e-02 nm, Epot= -5.19520e+05 Fmax= 1.77827e+03, atom= 1744
Step=  276, Dmax= 1.3e-02 nm, Epot= -5.19632e+05 Fmax= 1.78999e+04, atom= 1744
Step=  277, Dmax= 1.5e-02 nm, Epot= -5.19825e+05 Fmax= 5.45851e+03, atom= 1744
Step=  278, Dmax= 1.8e-02 nm, Epot= -5.19689e+05 Fmax= 2.27110e+04, atom= 1744
Step=  279, Dmax= 9.1e-03 nm, Epot= -5.19867e+05 Fmax= 8.63350e+03, atom= 1744
Step=  280, Dmax= 1.1e-02 nm, Epot= -5.19921e+05 Fmax= 8.15069e+03, atom= 1744
Step=  281, Dmax= 1.3e-02 nm, Epot= -5.19941e+05 Fmax= 1.20994e+04, atom= 1744
Step=  282, Dmax= 1.6e-02 nm, Epot= -5.19992e+05 Fmax= 1.20555e+04, atom= 1744
Step=  283, Dmax= 1.9e-02 nm, Epot= -5.19973e+05 Fmax= 1.70457e+04, atom= 1744
Step=  284, Dmax= 9.5e-03 nm, Epot= -5.20099e+05 Fmax= 2.49854e+03, atom= 1744
Step=  285, Dmax= 1.1e-02 nm, Epot= -5.20159e+05 Fmax= 1.48591e+04, atom= 1744
Step=  286, Dmax= 1.4e-02 nm, Epot= -5.20294e+05 Fmax= 6.13894e+03, atom= 1744
Step=  287, Dmax= 1.6e-02 nm, Epot= -5.20222e+05 Fmax= 1.88786e+04, atom= 1744
Step=  288, Dmax= 8.2e-03 nm, Epot= -5.20344e+05 Fmax= 6.38098e+03, atom= 1744
Step=  289, Dmax= 9.8e-03 nm, Epot= -5.20384e+05 Fmax= 8.74527e+03, atom= 1744
Step=  290, Dmax= 1.2e-02 nm, Epot= -5.20429e+05 Fmax= 9.28916e+03, atom= 1744
Step=  291, Dmax= 1.4e-02 nm, Epot= -5.20450e+05 Fmax= 1.24649e+04, atom= 1744
Step=  292, Dmax= 1.7e-02 nm, Epot= -5.20487e+05 Fmax= 1.34883e+04, atom= 1744
Step=  293, Dmax= 2.0e-02 nm, Epot= -5.20472e+05 Fmax= 1.77765e+04, atom= 1744
Step=  294, Dmax= 1.0e-02 nm, Epot= -5.20612e+05 Fmax= 2.15229e+03, atom= 1744
Step=  295, Dmax= 1.2e-02 nm, Epot= -5.20682e+05 Fmax= 1.64963e+04, atom= 1744
Step=  296, Dmax= 1.5e-02 nm, Epot= -5.20842e+05 Fmax= 6.09166e+03, atom= 1744
Step=  297, Dmax= 1.8e-02 nm, Epot= -5.20737e+05 Fmax= 2.07874e+04, atom= 1744
Step=  298, Dmax= 8.8e-03 nm, Epot= -5.20886e+05 Fmax= 7.36357e+03, atom= 1744
Step=  299, Dmax= 1.1e-02 nm, Epot= -5.20927e+05 Fmax= 8.89422e+03, atom= 1744
Step=  300, Dmax= 1.3e-02 nm, Epot= -5.20962e+05 Fmax= 1.04883e+04, atom= 1744
Step=  301, Dmax= 1.5e-02 nm, Epot= -5.20986e+05 Fmax= 1.28895e+04, atom= 1744
Step=  302, Dmax= 1.8e-02 nm, Epot= -5.21006e+05 Fmax= 1.49993e+04, atom= 1744
Step=  303, Dmax= 2.2e-02 nm, Epot= -5.20996e+05 Fmax= 1.85915e+04, atom= 1744
Step=  304, Dmax= 1.1e-02 nm, Epot= -5.21152e+05 Fmax= 1.81037e+03, atom= 1744
Step=  305, Dmax= 1.3e-02 nm, Epot= -5.21242e+05 Fmax= 1.82251e+04, atom= 1744
Step=  306, Dmax= 1.6e-02 nm, Epot= -5.21431e+05 Fmax= 6.08492e+03, atom= 1744
Step=  307, Dmax= 1.9e-02 nm, Epot= -5.21286e+05 Fmax= 2.27850e+04, atom= 1744
Step=  308, Dmax= 9.4e-03 nm, Epot= -5.21469e+05 Fmax= 8.37589e+03, atom= 1744
Step=  309, Dmax= 1.1e-02 nm, Epot= -5.21511e+05 Fmax= 9.10142e+03, atom= 1744
Step=  310, Dmax= 1.4e-02 nm, Epot= -5.21535e+05 Fmax= 1.17304e+04, atom= 1744
Step=  311, Dmax= 1.6e-02 nm, Epot= -5.21563e+05 Fmax= 1.33938e+04, atom= 1744
Step=  312, Dmax= 2.0e-02 nm, Epot= -5.21564e+05 Fmax= 1.65743e+04, atom= 1744
Step=  313, Dmax= 2.3e-02 nm, Epot= -5.21559e+05 Fmax= 1.95144e+04, atom= 1744
Step=  314, Dmax= 1.2e-02 nm, Epot= -5.21734e+05 Fmax= 1.49405e+03, atom= 1744
Step=  315, Dmax= 1.4e-02 nm, Epot= -5.21859e+05 Fmax= 2.00117e+04, atom= 1744
Step=  316, Dmax= 1.7e-02 nm, Epot= -5.22079e+05 Fmax= 6.17312e+03, atom= 1744
Step=  317, Dmax= 2.0e-02 nm, Epot= -5.21889e+05 Fmax= 2.48128e+04, atom= 1744
Step=  318, Dmax= 1.0e-02 nm, Epot= -5.22109e+05 Fmax= 9.36515e+03, atom= 1744
Step=  319, Dmax= 1.2e-02 nm, Epot= -5.22154e+05 Fmax= 9.42859e+03, atom= 1744
Step=  320, Dmax= 1.5e-02 nm, Epot= -5.22166e+05 Fmax= 1.29616e+04, atom= 1744
Step=  321, Dmax= 1.8e-02 nm, Epot= -5.22198e+05 Fmax= 1.40426e+04, atom= 1744
Step=  322, Dmax= 2.1e-02 nm, Epot= -5.22179e+05 Fmax= 1.81591e+04, atom= 1744
Step=  323, Dmax= 1.1e-02 nm, Epot= -5.22324e+05 Fmax= 2.09036e+03, atom= 1744
Step=  324, Dmax= 1.3e-02 nm, Epot= -5.22375e+05 Fmax= 1.75223e+04, atom= 1744
Step=  325, Dmax= 1.5e-02 nm, Epot= -5.22545e+05 Fmax= 5.74521e+03, atom= 1744
Step=  326, Dmax= 1.8e-02 nm, Epot= -5.22412e+05 Fmax= 2.23301e+04, atom= 1744
Step=  327, Dmax= 9.1e-03 nm, Epot= -5.22581e+05 Fmax= 8.29410e+03, atom= 1744
Step=  328, Dmax= 1.1e-02 nm, Epot= -5.22623e+05 Fmax= 8.42818e+03, atom= 1744
Step=  329, Dmax= 1.3e-02 nm, Epot= -5.22642e+05 Fmax= 1.17550e+04, atom= 1744
Step=  330, Dmax= 1.6e-02 nm, Epot= -5.22678e+05 Fmax= 1.23158e+04, atom= 1744
Step=  331, Dmax= 1.9e-02 nm, Epot= -5.22664e+05 Fmax= 1.66915e+04, atom= 1744
Step=  332, Dmax= 9.4e-03 nm, Epot= -5.22780e+05 Fmax= 2.19191e+03, atom= 1744
Step=  333, Dmax= 1.1e-02 nm, Epot= -5.22838e+05 Fmax= 1.50862e+04, atom= 1744
Step=  334, Dmax= 1.4e-02 nm, Epot= -5.22968e+05 Fmax= 5.85171e+03, atom= 1744
Step=  335, Dmax= 1.6e-02 nm, Epot= -5.22888e+05 Fmax= 1.90720e+04, atom= 1744
Step=  336, Dmax= 8.1e-03 nm, Epot= -5.23008e+05 Fmax= 6.62230e+03, atom= 1744
Step=  337, Dmax= 9.8e-03 nm, Epot= -5.23043e+05 Fmax= 8.45882e+03, atom= 1744
Step=  338, Dmax= 1.2e-02 nm, Epot= -5.23078e+05 Fmax= 9.51258e+03, atom= 1744
Step=  339, Dmax= 1.4e-02 nm, Epot= -5.23097e+05 Fmax= 1.21740e+04, atom= 1744
Step=  340, Dmax= 1.7e-02 nm, Epot= -5.23122e+05 Fmax= 1.36916e+04, atom= 1744
Step=  341, Dmax= 2.0e-02 nm, Epot= -5.23110e+05 Fmax= 1.74743e+04, atom= 1744
Step=  342, Dmax= 1.0e-02 nm, Epot= -5.23241e+05 Fmax= 1.90038e+03, atom= 1744
Step=  343, Dmax= 1.2e-02 nm, Epot= -5.23308e+05 Fmax= 1.66582e+04, atom= 1744
Step=  344, Dmax= 1.5e-02 nm, Epot= -5.23462e+05 Fmax= 5.86709e+03, atom= 1744
Step=  345, Dmax= 1.8e-02 nm, Epot= -5.23349e+05 Fmax= 2.09097e+04, atom= 1744
Step=  346, Dmax= 8.8e-03 nm, Epot= -5.23498e+05 Fmax= 7.53916e+03, atom= 1744
Step=  347, Dmax= 1.1e-02 nm, Epot= -5.23533e+05 Fmax= 8.67062e+03, atom= 1744
Step=  348, Dmax= 1.3e-02 nm, Epot= -5.23559e+05 Fmax= 1.06449e+04, atom= 1744
Step=  349, Dmax= 1.5e-02 nm, Epot= -5.23581e+05 Fmax= 1.26607e+04, atom= 1744
Step=  350, Dmax= 1.8e-02 nm, Epot= -5.23590e+05 Fmax= 1.51346e+04, atom= 1744
Step=  351, Dmax= 2.2e-02 nm, Epot= -5.23581e+05 Fmax= 1.83502e+04, atom= 1744
Step=  352, Dmax= 1.1e-02 nm, Epot= -5.23730e+05 Fmax= 1.62340e+03, atom= 1744
Step=  353, Dmax= 1.3e-02 nm, Epot= -5.23814e+05 Fmax= 1.83071e+04, atom= 1744
Step=  354, Dmax= 1.6e-02 nm, Epot= -5.23995e+05 Fmax= 5.93732e+03, atom= 1744
Step=  355, Dmax= 1.9e-02 nm, Epot= -5.23843e+05 Fmax= 2.28200e+04, atom= 1744
Step=  356, Dmax= 9.4e-03 nm, Epot= -5.24025e+05 Fmax= 8.47067e+03, atom= 1744
Step=  357, Dmax= 1.1e-02 nm, Epot= -5.24062e+05 Fmax= 8.95569e+03, atom= 1744
Step=  358, Dmax= 1.4e-02 nm, Epot= -5.24078e+05 Fmax= 1.18047e+04, atom= 1744
Step=  359, Dmax= 1.6e-02 nm, Epot= -5.24103e+05 Fmax= 1.32426e+04, atom= 1744
Step=  360, Dmax= 2.0e-02 nm, Epot= -5.24095e+05 Fmax= 1.66254e+04, atom= 1744
Step=  361, Dmax= 9.8e-03 nm, Epot= -5.24213e+05 Fmax= 1.71855e+03, atom= 1744
Step=  362, Dmax= 1.2e-02 nm, Epot= -5.24286e+05 Fmax= 1.65182e+04, atom= 1744
Step=  363, Dmax= 1.4e-02 nm, Epot= -5.24437e+05 Fmax= 5.06258e+03, atom= 1744
Step=  364, Dmax= 1.7e-02 nm, Epot= -5.24327e+05 Fmax= 2.09969e+04, atom= 1744
Step=  365, Dmax= 8.4e-03 nm, Epot= -5.24468e+05 Fmax= 7.97079e+03, atom= 1744
Step=  366, Dmax= 1.0e-02 nm, Epot= -5.24509e+05 Fmax= 7.53449e+03, atom= 1744
Step=  367, Dmax= 1.2e-02 nm, Epot= -5.24524e+05 Fmax= 1.11938e+04, atom= 1744
Step=  368, Dmax= 1.5e-02 nm, Epot= -5.24563e+05 Fmax= 1.11290e+04, atom= 1744
Step=  369, Dmax= 1.7e-02 nm, Epot= -5.24547e+05 Fmax= 1.57857e+04, atom= 1744
Step=  370, Dmax= 8.7e-03 nm, Epot= -5.24647e+05 Fmax= 2.33035e+03, atom= 1744
Step=  371, Dmax= 1.0e-02 nm, Epot= -5.24689e+05 Fmax= 1.36774e+04, atom= 1744
Step=  372, Dmax= 1.3e-02 nm, Epot= -5.24795e+05 Fmax= 5.73319e+03, atom= 1744
Step=  373, Dmax= 1.5e-02 nm, Epot= -5.24735e+05 Fmax= 1.73764e+04, atom= 1744
Step=  374, Dmax= 7.6e-03 nm, Epot= -5.24833e+05 Fmax= 5.83078e+03, atom= 1744
Step=  375, Dmax= 9.1e-03 nm, Epot= -5.24863e+05 Fmax= 8.16196e+03, atom= 1744
Step=  376, Dmax= 1.1e-02 nm, Epot= -5.24899e+05 Fmax= 8.50056e+03, atom= 1744
Step=  377, Dmax= 1.3e-02 nm, Epot= -5.24913e+05 Fmax= 1.16196e+04, atom= 1744
Step=  378, Dmax= 1.6e-02 nm, Epot= -5.24942e+05 Fmax= 1.23680e+04, atom= 1744
Step=  379, Dmax= 1.9e-02 nm, Epot= -5.24926e+05 Fmax= 1.65495e+04, atom= 1744
Step=  380, Dmax= 9.4e-03 nm, Epot= -5.25040e+05 Fmax= 2.09554e+03, atom= 1744
Step=  381, Dmax= 1.1e-02 nm, Epot= -5.25084e+05 Fmax= 1.51011e+04, atom= 1744
Step=  382, Dmax= 1.4e-02 nm, Epot= -5.25209e+05 Fmax= 5.77338e+03, atom= 1744
Step=  383, Dmax= 1.6e-02 nm, Epot= -5.25122e+05 Fmax= 1.90594e+04, atom= 1744
Step=  384, Dmax= 8.1e-03 nm, Epot= -5.25244e+05 Fmax= 6.65545e+03, atom= 1744
Step=  385, Dmax= 9.7e-03 nm, Epot= -5.25273e+05 Fmax= 8.38160e+03, atom= 1744
Step=  386, Dmax= 1.2e-02 nm, Epot= -5.25302e+05 Fmax= 9.52762e+03, atom= 1744
Step=  387, Dmax= 1.4e-02 nm, Epot= -5.25317e+05 Fmax= 1.20930e+04, atom= 1744
Step=  388, Dmax= 1.7e-02 nm, Epot= -5.25335e+05 Fmax= 1.36854e+04, atom= 1744
Step=  389, Dmax= 2.0e-02 nm, Epot= -5.25320e+05 Fmax= 1.73840e+04, atom= 1744
Step=  390, Dmax= 1.0e-02 nm, Epot= -5.25450e+05 Fmax= 1.85815e+03, atom= 1744
Step=  391, Dmax= 1.2e-02 nm, Epot= -5.25498e+05 Fmax= 1.66166e+04, atom= 1744
Step=  392, Dmax= 1.5e-02 nm, Epot= -5.25645e+05 Fmax= 5.83797e+03, atom= 1744
Step=  393, Dmax= 1.7e-02 nm, Epot= -5.25525e+05 Fmax= 2.08431e+04, atom= 1744
Step=  394, Dmax= 8.7e-03 nm, Epot= -5.25676e+05 Fmax= 7.52070e+03, atom= 1744
Step=  395, Dmax= 1.0e-02 nm, Epot= -5.25706e+05 Fmax= 8.64091e+03, atom= 1744
Step=  396, Dmax= 1.3e-02 nm, Epot= -5.25727e+05 Fmax= 1.06085e+04, atom= 1744
Step=  397, Dmax= 1.5e-02 nm, Epot= -5.25743e+05 Fmax= 1.26259e+04, atom= 1744
Step=  398, Dmax= 1.8e-02 nm, Epot= -5.25748e+05 Fmax= 1.50762e+04, atom= 1744
Step=  399, Dmax= 2.2e-02 nm, Epot= -5.25734e+05 Fmax= 1.83046e+04, atom= 1744
Step=  400, Dmax= 1.1e-02 nm, Epot= -5.25883e+05 Fmax= 1.62935e+03, atom= 1744
Step=  401, Dmax= 1.3e-02 nm, Epot= -5.25938e+05 Fmax= 1.82115e+04, atom= 1744
Step=  402, Dmax= 1.6e-02 nm, Epot= -5.26111e+05 Fmax= 5.95334e+03, atom= 1744
Step=  403, Dmax= 1.9e-02 nm, Epot= -5.25953e+05 Fmax= 2.27045e+04, atom= 1744
Step=  404, Dmax= 9.4e-03 nm, Epot= -5.26136e+05 Fmax= 8.40434e+03, atom= 1744
Step=  405, Dmax= 1.1e-02 nm, Epot= -5.26168e+05 Fmax= 8.96916e+03, atom= 1744
Step=  406, Dmax= 1.4e-02 nm, Epot= -5.26179e+05 Fmax= 1.17204e+04, atom= 1744
Step=  407, Dmax= 1.6e-02 nm, Epot= -5.26198e+05 Fmax= 1.32497e+04, atom= 1744
Step=  408, Dmax= 1.9e-02 nm, Epot= -5.26188e+05 Fmax= 1.65190e+04, atom= 1744
Step=  409, Dmax= 9.7e-03 nm, Epot= -5.26305e+05 Fmax= 1.66171e+03, atom= 1744
Step=  410, Dmax= 1.2e-02 nm, Epot= -5.26360e+05 Fmax= 1.65451e+04, atom= 1744
Step=  411, Dmax= 1.4e-02 nm, Epot= -5.26506e+05 Fmax= 4.96661e+03, atom= 1744
Step=  412, Dmax= 1.7e-02 nm, Epot= -5.26387e+05 Fmax= 2.10209e+04, atom= 1744
Step=  413, Dmax= 8.4e-03 nm, Epot= -5.26532e+05 Fmax= 8.03177e+03, atom= 1744
Step=  414, Dmax= 1.0e-02 nm, Epot= -5.26569e+05 Fmax= 7.42110e+03, atom= 1744
Step=  415, Dmax= 1.2e-02 nm, Epot= -5.26577e+05 Fmax= 1.12526e+04, atom= 1744
Step=  416, Dmax= 1.5e-02 nm, Epot= -5.26613e+05 Fmax= 1.09957e+04, atom= 1744
Step=  417, Dmax= 1.7e-02 nm, Epot= -5.26590e+05 Fmax= 1.58378e+04, atom= 1744
Step=  418, Dmax= 8.7e-03 nm, Epot= -5.26692e+05 Fmax= 2.42257e+03, atom= 1744
Step=  419, Dmax= 1.0e-02 nm, Epot= -5.26717e+05 Fmax= 1.35231e+04, atom= 1744
Step=  420, Dmax= 1.3e-02 nm, Epot= -5.26816e+05 Fmax= 5.82539e+03, atom= 1744
Step=  421, Dmax= 1.5e-02 nm, Epot= -5.26751e+05 Fmax= 1.72038e+04, atom= 1744
Step=  422, Dmax= 7.5e-03 nm, Epot= -5.26851e+05 Fmax= 5.69827e+03, atom= 1744
Step=  423, Dmax= 9.0e-03 nm, Epot= -5.26874e+05 Fmax= 8.25471e+03, atom= 1744
Step=  424, Dmax= 1.1e-02 nm, Epot= -5.26907e+05 Fmax= 8.35126e+03, atom= 1744
Step=  425, Dmax= 1.3e-02 nm, Epot= -5.26915e+05 Fmax= 1.17093e+04, atom= 1744
Step=  426, Dmax= 1.6e-02 nm, Epot= -5.26942e+05 Fmax= 1.21981e+04, atom= 1744
Step=  427, Dmax= 1.9e-02 nm, Epot= -5.26918e+05 Fmax= 1.66315e+04, atom= 1744
Step=  428, Dmax= 9.4e-03 nm, Epot= -5.27035e+05 Fmax= 2.22078e+03, atom= 1744
Step=  429, Dmax= 1.1e-02 nm, Epot= -5.27056e+05 Fmax= 1.49104e+04, atom= 1744
Step=  430, Dmax= 1.3e-02 nm, Epot= -5.27174e+05 Fmax= 5.89474e+03, atom= 1744
Step=  431, Dmax= 1.6e-02 nm, Epot= -5.27081e+05 Fmax= 1.88531e+04, atom= 1744
Step=  432, Dmax= 8.1e-03 nm, Epot= -5.27205e+05 Fmax= 6.49103e+03, atom= 1744
Step=  433, Dmax= 9.7e-03 nm, Epot= -5.27228e+05 Fmax= 8.50225e+03, atom= 1744
Step=  434, Dmax= 1.2e-02 nm, Epot= -5.27255e+05 Fmax= 9.34622e+03, atom= 1744
Step=  435, Dmax= 1.4e-02 nm, Epot= -5.27263e+05 Fmax= 1.22098e+04, atom= 1744
Step=  436, Dmax= 1.7e-02 nm, Epot= -5.27280e+05 Fmax= 1.34828e+04, atom= 1744
Step=  437, Dmax= 2.0e-02 nm, Epot= -5.27256e+05 Fmax= 1.74918e+04, atom= 1744
Step=  438, Dmax= 1.0e-02 nm, Epot= -5.27389e+05 Fmax= 2.01228e+03, atom= 1744
Step=  439, Dmax= 1.2e-02 nm, Epot= -5.27406e+05 Fmax= 1.63937e+04, atom= 1744
Step=  440, Dmax= 1.4e-02 nm, Epot= -5.27546e+05 Fmax= 5.98251e+03, atom= 1744
Step=  441, Dmax= 1.7e-02 nm, Epot= -5.27422e+05 Fmax= 2.06103e+04, atom= 1744
Step=  442, Dmax= 8.7e-03 nm, Epot= -5.27573e+05 Fmax= 7.33042e+03, atom= 1744
Step=  443, Dmax= 1.0e-02 nm, Epot= -5.27597e+05 Fmax= 8.78285e+03, atom= 1744
Step=  444, Dmax= 1.3e-02 nm, Epot= -5.27616e+05 Fmax= 1.04011e+04, atom= 1744
Step=  445, Dmax= 1.5e-02 nm, Epot= -5.27625e+05 Fmax= 1.27628e+04, atom= 1744
Step=  446, Dmax= 1.8e-02 nm, Epot= -5.27630e+05 Fmax= 1.48476e+04, atom= 1744
Step=  447, Dmax= 2.2e-02 nm, Epot= -5.27607e+05 Fmax= 1.84306e+04, atom= 1744
Step=  448, Dmax= 1.1e-02 nm, Epot= -5.27758e+05 Fmax= 1.80470e+03, atom= 1744
Step=  449, Dmax= 1.3e-02 nm, Epot= -5.27774e+05 Fmax= 1.79676e+04, atom= 1744
Step=  450, Dmax= 1.6e-02 nm, Epot= -5.27940e+05 Fmax= 6.10678e+03, atom= 1744
Step=  451, Dmax= 1.9e-02 nm, Epot= -5.27777e+05 Fmax= 2.24627e+04, atom= 1744
Step=  452, Dmax= 9.4e-03 nm, Epot= -5.27962e+05 Fmax= 8.20270e+03, atom= 1744
Step=  453, Dmax= 1.1e-02 nm, Epot= -5.27987e+05 Fmax= 9.11681e+03, atom= 1744
Step=  454, Dmax= 1.3e-02 nm, Epot= -5.27997e+05 Fmax= 1.15029e+04, atom= 1744
Step=  455, Dmax= 1.6e-02 nm, Epot= -5.28008e+05 Fmax= 1.33900e+04, atom= 1744
Step=  456, Dmax= 1.9e-02 nm, Epot= -5.27999e+05 Fmax= 1.62801e+04, atom= 1744
Step=  457, Dmax= 9.7e-03 nm, Epot= -5.28115e+05 Fmax= 1.47322e+03, atom= 1744
Step=  458, Dmax= 1.2e-02 nm, Epot= -5.28166e+05 Fmax= 1.67288e+04, atom= 1744
Step=  459, Dmax= 1.4e-02 nm, Epot= -5.28314e+05 Fmax= 4.72178e+03, atom= 1744
Step=  460, Dmax= 1.7e-02 nm, Epot= -5.28185e+05 Fmax= 2.12011e+04, atom= 1744
Step=  461, Dmax= 8.4e-03 nm, Epot= -5.28333e+05 Fmax= 8.24814e+03, atom= 1744
Step=  462, Dmax= 1.0e-02 nm, Epot= -5.28370e+05 Fmax= 7.15443e+03, atom= 1744
Step=  463, Dmax= 1.2e-02 nm, Epot= -5.28370e+05 Fmax= 1.14688e+04, atom= 1744
Step=  464, Dmax= 1.4e-02 nm, Epot= -5.28408e+05 Fmax= 1.07071e+04, atom= 1744
Step=  465, Dmax= 1.7e-02 nm, Epot= -5.28374e+05 Fmax= 1.60486e+04, atom= 1744
Step=  466, Dmax= 8.7e-03 nm, Epot= -5.28481e+05 Fmax= 2.67169e+03, atom= 1744
Step=  467, Dmax= 1.0e-02 nm, Epot= -5.28488e+05 Fmax= 1.32194e+04, atom= 1744
Step=  468, Dmax= 1.3e-02 nm, Epot= -5.28580e+05 Fmax= 6.06634e+03, atom= 1744
Step=  469, Dmax= 1.5e-02 nm, Epot= -5.28512e+05 Fmax= 1.68860e+04, atom= 1744
Step=  470, Dmax= 7.5e-03 nm, Epot= -5.28612e+05 Fmax= 5.41835e+03, atom= 1744
Step=  471, Dmax= 9.0e-03 nm, Epot= -5.28630e+05 Fmax= 8.49716e+03, atom= 1744
Step=  472, Dmax= 1.1e-02 nm, Epot= -5.28663e+05 Fmax= 8.05356e+03, atom= 1744
Step=  473, Dmax= 1.3e-02 nm, Epot= -5.28662e+05 Fmax= 1.19498e+04, atom= 1744
Step=  474, Dmax= 6.5e-03 nm, Epot= -5.28713e+05 Fmax= 1.94783e+03, atom= 1744
Step=  475, Dmax= 7.8e-03 nm, Epot= -5.28758e+05 Fmax= 9.86614e+03, atom= 1744
Step=  476, Dmax= 9.3e-03 nm, Epot= -5.28818e+05 Fmax= 4.54348e+03, atom= 1744
Step=  477, Dmax= 1.1e-02 nm, Epot= -5.28806e+05 Fmax= 1.25739e+04, atom= 1744
Step=  478, Dmax= 5.6e-03 nm, Epot= -5.28849e+05 Fmax= 4.01953e+03, atom= 1744
Step=  479, Dmax= 6.7e-03 nm, Epot= -5.28875e+05 Fmax= 6.39190e+03, atom= 1744
Step=  480, Dmax= 8.1e-03 nm, Epot= -5.28906e+05 Fmax= 5.95599e+03, atom= 1744
Step=  481, Dmax= 9.7e-03 nm, Epot= -5.28921e+05 Fmax= 9.00365e+03, atom= 1744
Step=  482, Dmax= 1.2e-02 nm, Epot= -5.28952e+05 Fmax= 8.78849e+03, atom= 1744
Step=  483, Dmax= 1.4e-02 nm, Epot= -5.28946e+05 Fmax= 1.27103e+04, atom= 1744
Step=  484, Dmax= 7.0e-03 nm, Epot= -5.29007e+05 Fmax= 1.96075e+03, atom= 1744
Step=  485, Dmax= 8.4e-03 nm, Epot= -5.29048e+05 Fmax= 1.07379e+04, atom= 1744
Step=  486, Dmax= 1.0e-02 nm, Epot= -5.29116e+05 Fmax= 4.75133e+03, atom= 1744
Step=  487, Dmax= 1.2e-02 nm, Epot= -5.29090e+05 Fmax= 1.36502e+04, atom= 1744
Step=  488, Dmax= 6.0e-03 nm, Epot= -5.29146e+05 Fmax= 4.45470e+03, atom= 1744
Step=  489, Dmax= 7.2e-03 nm, Epot= -5.29170e+05 Fmax= 6.73195e+03, atom= 1744
Step=  490, Dmax= 8.7e-03 nm, Epot= -5.29200e+05 Fmax= 6.54289e+03, atom= 1744
Step=  491, Dmax= 1.0e-02 nm, Epot= -5.29212e+05 Fmax= 9.53197e+03, atom= 1744
Step=  492, Dmax= 1.2e-02 nm, Epot= -5.29240e+05 Fmax= 9.59317e+03, atom= 1744
Step=  493, Dmax= 1.5e-02 nm, Epot= -5.29230e+05 Fmax= 1.35087e+04, atom= 1744
Step=  494, Dmax= 7.5e-03 nm, Epot= -5.29302e+05 Fmax= 1.95798e+03, atom= 1744
Step=  495, Dmax= 9.0e-03 nm, Epot= -5.29337e+05 Fmax= 1.16933e+04, atom= 1744
Step=  496, Dmax= 1.1e-02 nm, Epot= -5.29414e+05 Fmax= 4.95645e+03, atom= 1744
Step=  497, Dmax= 1.3e-02 nm, Epot= -5.29373e+05 Fmax= 1.48249e+04, atom= 1744
Step=  498, Dmax= 6.5e-03 nm, Epot= -5.29443e+05 Fmax= 4.94076e+03, atom= 1744
Step=  499, Dmax= 7.8e-03 nm, Epot= -5.29465e+05 Fmax= 7.07759e+03, atom= 1744
Step=  500, Dmax= 9.3e-03 nm, Epot= -5.29493e+05 Fmax= 7.19298e+03, atom= 1744
Step=  501, Dmax= 1.1e-02 nm, Epot= -5.29503e+05 Fmax= 1.00799e+04, atom= 1744
Step=  502, Dmax= 1.3e-02 nm, Epot= -5.29527e+05 Fmax= 1.04776e+04, atom= 1744
Step=  503, Dmax= 1.6e-02 nm, Epot= -5.29513e+05 Fmax= 1.43451e+04, atom= 1744
Step=  504, Dmax= 8.1e-03 nm, Epot= -5.29597e+05 Fmax= 1.93518e+03, atom= 1744
Step=  505, Dmax= 9.7e-03 nm, Epot= -5.29627e+05 Fmax= 1.27402e+04, atom= 1744
Step=  506, Dmax= 1.2e-02 nm, Epot= -5.29715e+05 Fmax= 5.15757e+03, atom= 1744
Step=  507, Dmax= 1.4e-02 nm, Epot= -5.29656e+05 Fmax= 1.61068e+04, atom= 1744
Step=  508, Dmax= 7.0e-03 nm, Epot= -5.29743e+05 Fmax= 5.48245e+03, atom= 1744
Step=  509, Dmax= 8.3e-03 nm, Epot= -5.29763e+05 Fmax= 7.43002e+03, atom= 1744
Step=  510, Dmax= 1.0e-02 nm, Epot= -5.29788e+05 Fmax= 7.91099e+03, atom= 1744
Step=  511, Dmax= 1.2e-02 nm, Epot= -5.29796e+05 Fmax= 1.06486e+04, atom= 1744
Step=  512, Dmax= 1.4e-02 nm, Epot= -5.29815e+05 Fmax= 1.14474e+04, atom= 1744
Step=  513, Dmax= 1.7e-02 nm, Epot= -5.29798e+05 Fmax= 1.52241e+04, atom= 1744
Step=  514, Dmax= 8.7e-03 nm, Epot= -5.29896e+05 Fmax= 1.89124e+03, atom= 1744
Step=  515, Dmax= 1.0e-02 nm, Epot= -5.29919e+05 Fmax= 1.38841e+04, atom= 1744
Step=  516, Dmax= 1.2e-02 nm, Epot= -5.30021e+05 Fmax= 5.35732e+03, atom= 1744
Step=  517, Dmax= 1.5e-02 nm, Epot= -5.29940e+05 Fmax= 1.74994e+04, atom= 1744
Step=  518, Dmax= 7.5e-03 nm, Epot= -5.30046e+05 Fmax= 6.08131e+03, atom= 1744
Step=  519, Dmax= 9.0e-03 nm, Epot= -5.30066e+05 Fmax= 7.79314e+03, atom= 1744
Step=  520, Dmax= 1.1e-02 nm, Epot= -5.30087e+05 Fmax= 8.69790e+03, atom= 1744
Step=  521, Dmax= 1.3e-02 nm, Epot= -5.30094e+05 Fmax= 1.12453e+04, atom= 1744
Step=  522, Dmax= 1.6e-02 nm, Epot= -5.30107e+05 Fmax= 1.25036e+04, atom= 1744
Step=  523, Dmax= 1.9e-02 nm, Epot= -5.30086e+05 Fmax= 1.61530e+04, atom= 1744
Step=  524, Dmax= 9.3e-03 nm, Epot= -5.30199e+05 Fmax= 1.82998e+03, atom= 1744
Step=  525, Dmax= 1.1e-02 nm, Epot= -5.30215e+05 Fmax= 1.51263e+04, atom= 1744
Step=  526, Dmax= 1.3e-02 nm, Epot= -5.30333e+05 Fmax= 5.56241e+03, atom= 1744
Step=  527, Dmax= 1.6e-02 nm, Epot= -5.30226e+05 Fmax= 1.90046e+04, atom= 1744
Step=  528, Dmax= 8.0e-03 nm, Epot= -5.30355e+05 Fmax= 6.73436e+03, atom= 1744
Step=  529, Dmax= 9.6e-03 nm, Epot= -5.30375e+05 Fmax= 8.17447e+03, atom= 1744
Step=  530, Dmax= 1.2e-02 nm, Epot= -5.30391e+05 Fmax= 9.55289e+03, atom= 1744
Step=  531, Dmax= 1.4e-02 nm, Epot= -5.30397e+05 Fmax= 1.18767e+04, atom= 1744
Step=  532, Dmax= 1.7e-02 nm, Epot= -5.30403e+05 Fmax= 1.36476e+04, atom= 1744
Step=  533, Dmax= 2.0e-02 nm, Epot= -5.30379e+05 Fmax= 1.71412e+04, atom= 1744
Step=  534, Dmax= 1.0e-02 nm, Epot= -5.30510e+05 Fmax= 1.75559e+03, atom= 1744
Step=  535, Dmax= 1.2e-02 nm, Epot= -5.30516e+05 Fmax= 1.64690e+04, atom= 1744
Step=  536, Dmax= 1.4e-02 nm, Epot= -5.30654e+05 Fmax= 5.78000e+03, atom= 1744
Step=  537, Dmax= 1.7e-02 nm, Epot= -5.30517e+05 Fmax= 2.06222e+04, atom= 1744
Step=  538, Dmax= 8.6e-03 nm, Epot= -5.30673e+05 Fmax= 7.43958e+03, atom= 1744
Step=  539, Dmax= 1.0e-02 nm, Epot= -5.30693e+05 Fmax= 8.58250e+03, atom= 1744
Step=  540, Dmax= 1.2e-02 nm, Epot= -5.30703e+05 Fmax= 1.04733e+04, atom= 1744
Step=  541, Dmax= 1.5e-02 nm, Epot= -5.30709e+05 Fmax= 1.25546e+04, atom= 1744
Step=  542, Dmax= 1.8e-02 nm, Epot= -5.30705e+05 Fmax= 1.48768e+04, atom= 1744
Step=  543, Dmax= 9.0e-03 nm, Epot= -5.30801e+05 Fmax= 1.18474e+03, atom= 1744
Step=  544, Dmax= 1.1e-02 nm, Epot= -5.30862e+05 Fmax= 1.57596e+04, atom= 1744
Step=  545, Dmax= 1.3e-02 nm, Epot= -5.30993e+05 Fmax= 4.07374e+03, atom= 1744
Step=  546, Dmax= 1.5e-02 nm, Epot= -5.30879e+05 Fmax= 1.99291e+04, atom= 1744
Step=  547, Dmax= 7.7e-03 nm, Epot= -5.31008e+05 Fmax= 7.93902e+03, atom= 1744
Step=  548, Dmax= 9.3e-03 nm, Epot= -5.31043e+05 Fmax= 6.29641e+03, atom= 1744
Step=  549, Dmax= 1.1e-02 nm, Epot= -5.31038e+05 Fmax= 1.09397e+04, atom= 1744
Step=  550, Dmax= 5.6e-03 nm, Epot= -5.31078e+05 Fmax= 2.32027e+03, atom= 1744
Step=  551, Dmax= 6.7e-03 nm, Epot= -5.31106e+05 Fmax= 7.84533e+03, atom= 1744
Step=  552, Dmax= 8.0e-03 nm, Epot= -5.31147e+05 Fmax= 4.55594e+03, atom= 1744
Step=  553, Dmax= 9.6e-03 nm, Epot= -5.31147e+05 Fmax= 1.01614e+04, atom= 1744
Step=  554, Dmax= 4.8e-03 nm, Epot= -5.31174e+05 Fmax= 2.80577e+03, atom= 1744
Step=  555, Dmax= 5.8e-03 nm, Epot= -5.31200e+05 Fmax= 6.18081e+03, atom= 1744
Step=  556, Dmax= 6.9e-03 nm, Epot= -5.31231e+05 Fmax= 4.43517e+03, atom= 1744
Step=  557, Dmax= 8.3e-03 nm, Epot= -5.31242e+05 Fmax= 8.45855e+03, atom= 1744
Step=  558, Dmax= 1.0e-02 nm, Epot= -5.31277e+05 Fmax= 6.84101e+03, atom= 1744
Step=  559, Dmax= 1.2e-02 nm, Epot= -5.31267e+05 Fmax= 1.16761e+04, atom= 1744
Step=  560, Dmax= 6.0e-03 nm, Epot= -5.31315e+05 Fmax= 2.41621e+03, atom= 1744
Step=  561, Dmax= 7.2e-03 nm, Epot= -5.31340e+05 Fmax= 8.51436e+03, atom= 1744
Step=  562, Dmax= 8.6e-03 nm, Epot= -5.31385e+05 Fmax= 4.81316e+03, atom= 1744
Step=  563, Dmax= 1.0e-02 nm, Epot= -5.31377e+05 Fmax= 1.10095e+04, atom= 1744
Step=  564, Dmax= 5.2e-03 nm, Epot= -5.31412e+05 Fmax= 3.10159e+03, atom= 1744
Step=  565, Dmax= 6.2e-03 nm, Epot= -5.31435e+05 Fmax= 6.55077e+03, atom= 1744
Step=  566, Dmax= 7.5e-03 nm, Epot= -5.31466e+05 Fmax= 4.86252e+03, atom= 1744
Step=  567, Dmax= 8.9e-03 nm, Epot= -5.31474e+05 Fmax= 8.99008e+03, atom= 1744
Step=  568, Dmax= 1.1e-02 nm, Epot= -5.31508e+05 Fmax= 7.45715e+03, atom= 1744
Step=  569, Dmax= 1.3e-02 nm, Epot= -5.31493e+05 Fmax= 1.24394e+04, atom= 1744
Step=  570, Dmax= 6.4e-03 nm, Epot= -5.31550e+05 Fmax= 2.48959e+03, atom= 1744
Step=  571, Dmax= 7.7e-03 nm, Epot= -5.31570e+05 Fmax= 9.26461e+03, atom= 1744
Step=  572, Dmax= 9.3e-03 nm, Epot= -5.31619e+05 Fmax= 5.05824e+03, atom= 1744
Step=  573, Dmax= 1.1e-02 nm, Epot= -5.31602e+05 Fmax= 1.19533e+04, atom= 1744
Step=  574, Dmax= 5.6e-03 nm, Epot= -5.31647e+05 Fmax= 3.45177e+03, atom= 1744
Step=  575, Dmax= 6.7e-03 nm, Epot= -5.31666e+05 Fmax= 6.91368e+03, atom= 1744
Step=  576, Dmax= 8.0e-03 nm, Epot= -5.31698e+05 Fmax= 5.35709e+03, atom= 1744
Step=  577, Dmax= 9.6e-03 nm, Epot= -5.31701e+05 Fmax= 9.52471e+03, atom= 1744
Step=  578, Dmax= 1.2e-02 nm, Epot= -5.31736e+05 Fmax= 8.15603e+03, atom= 1744
Step=  579, Dmax= 1.4e-02 nm, Epot= -5.31714e+05 Fmax= 1.32212e+04, atom= 1744
Step=  580, Dmax= 6.9e-03 nm, Epot= -5.31782e+05 Fmax= 2.53138e+03, atom= 1744
Step=  581, Dmax= 8.3e-03 nm, Epot= -5.31796e+05 Fmax= 1.01080e+04, atom= 1744
Step=  582, Dmax= 1.0e-02 nm, Epot= -5.31853e+05 Fmax= 5.28461e+03, atom= 1744
Step=  583, Dmax= 1.2e-02 nm, Epot= -5.31824e+05 Fmax= 1.30048e+04, atom= 1744
Step=  584, Dmax= 6.0e-03 nm, Epot= -5.31880e+05 Fmax= 3.86511e+03, atom= 1744
Step=  585, Dmax= 7.2e-03 nm, Epot= -5.31896e+05 Fmax= 7.26654e+03, atom= 1744
Step=  586, Dmax= 8.6e-03 nm, Epot= -5.31927e+05 Fmax= 5.92580e+03, atom= 1744
Step=  587, Dmax= 1.0e-02 nm, Epot= -5.31927e+05 Fmax= 1.00611e+04, atom= 1744
Step=  588, Dmax= 5.2e-03 nm, Epot= -5.31959e+05 Fmax= 2.06628e+03, atom= 1744
Step=  589, Dmax= 6.2e-03 nm, Epot= -5.31990e+05 Fmax= 7.34250e+03, atom= 1744
Step=  590, Dmax= 7.4e-03 nm, Epot= -5.32028e+05 Fmax= 4.16198e+03, atom= 1744
Step=  591, Dmax= 8.9e-03 nm, Epot= -5.32031e+05 Fmax= 9.47627e+03, atom= 1744
Step=  592, Dmax= 1.1e-02 nm, Epot= -5.32073e+05 Fmax= 7.06984e+03, atom= 1744
Step=  593, Dmax= 1.3e-02 nm, Epot= -5.32050e+05 Fmax= 1.26130e+04, atom= 1744
Step=  594, Dmax= 6.4e-03 nm, Epot= -5.32110e+05 Fmax= 2.77858e+03, atom= 1744
Step=  595, Dmax= 7.7e-03 nm, Epot= -5.32123e+05 Fmax= 9.22321e+03, atom= 1744
Step=  596, Dmax= 9.3e-03 nm, Epot= -5.32172e+05 Fmax= 4.97077e+03, atom= 1744
Step=  597, Dmax= 1.1e-02 nm, Epot= -5.32151e+05 Fmax= 1.22327e+04, atom= 1744
Step=  598, Dmax= 5.6e-03 nm, Epot= -5.32198e+05 Fmax= 3.62904e+03, atom= 1744
Step=  599, Dmax= 6.7e-03 nm, Epot= -5.32217e+05 Fmax= 6.54417e+03, atom= 1744
Step=  600, Dmax= 8.0e-03 nm, Epot= -5.32244e+05 Fmax= 5.82567e+03, atom= 1744
Step=  601, Dmax= 9.6e-03 nm, Epot= -5.32252e+05 Fmax= 8.86240e+03, atom= 1744
Step=  602, Dmax= 1.2e-02 nm, Epot= -5.32276e+05 Fmax= 8.92377e+03, atom= 1744
Step=  603, Dmax= 1.4e-02 nm, Epot= -5.32268e+05 Fmax= 1.22463e+04, atom= 1744
Step=  604, Dmax= 6.9e-03 nm, Epot= -5.32328e+05 Fmax= 1.67108e+03, atom= 1744
Step=  605, Dmax= 8.3e-03 nm, Epot= -5.32357e+05 Fmax= 1.13215e+04, atom= 1744
Step=  606, Dmax= 1.0e-02 nm, Epot= -5.32428e+05 Fmax= 3.95107e+03, atom= 1744
Step=  607, Dmax= 1.2e-02 nm, Epot= -5.32386e+05 Fmax= 1.45773e+04, atom= 1744
Step=  608, Dmax= 6.0e-03 nm, Epot= -5.32450e+05 Fmax= 5.31103e+03, atom= 1744
Step=  609, Dmax= 7.2e-03 nm, Epot= -5.32472e+05 Fmax= 5.65219e+03, atom= 1744
Step=  610, Dmax= 8.6e-03 nm, Epot= -5.32487e+05 Fmax= 7.65446e+03, atom= 1744
Step=  611, Dmax= 1.0e-02 nm, Epot= -5.32507e+05 Fmax= 8.15243e+03, atom= 1744
Step=  612, Dmax= 1.2e-02 nm, Epot= -5.32508e+05 Fmax= 1.09698e+04, atom= 1744
Step=  613, Dmax= 1.5e-02 nm, Epot= -5.32522e+05 Fmax= 1.17962e+04, atom= 1744
Step=  614, Dmax= 1.8e-02 nm, Epot= -5.32496e+05 Fmax= 1.56806e+04, atom= 1744
Step=  615, Dmax= 8.9e-03 nm, Epot= -5.32604e+05 Fmax= 1.94536e+03, atom= 1744
Step=  616, Dmax= 1.1e-02 nm, Epot= -5.32602e+05 Fmax= 1.43093e+04, atom= 1744
Step=  617, Dmax= 5.4e-03 nm, Epot= -5.32636e+05 Fmax= 6.17293e+03, atom= 1744
Step=  618, Dmax= 6.4e-03 nm, Epot= -5.32666e+05 Fmax= 3.75462e+03, atom= 1744
Step=  619, Dmax= 7.7e-03 nm, Epot= -5.32678e+05 Fmax= 8.00543e+03, atom= 1744
Step=  620, Dmax= 9.2e-03 nm, Epot= -5.32711e+05 Fmax= 6.27448e+03, atom= 1744
Step=  621, Dmax= 1.1e-02 nm, Epot= -5.32705e+05 Fmax= 1.07027e+04, atom= 1744
Step=  622, Dmax= 5.5e-03 nm, Epot= -5.32744e+05 Fmax= 2.21870e+03, atom= 1744
Step=  623, Dmax= 6.7e-03 nm, Epot= -5.32767e+05 Fmax= 8.16033e+03, atom= 1744
Step=  624, Dmax= 8.0e-03 nm, Epot= -5.32809e+05 Fmax= 4.08268e+03, atom= 1744
Step=  625, Dmax= 9.6e-03 nm, Epot= -5.32801e+05 Fmax= 1.07773e+04, atom= 1744
Step=  626, Dmax= 4.8e-03 nm, Epot= -5.32833e+05 Fmax= 3.34556e+03, atom= 1744
Step=  627, Dmax= 5.8e-03 nm, Epot= -5.32855e+05 Fmax= 5.42667e+03, atom= 1744
Step=  628, Dmax= 6.9e-03 nm, Epot= -5.32878e+05 Fmax= 5.25375e+03, atom= 1744
Step=  629, Dmax= 8.3e-03 nm, Epot= -5.32892e+05 Fmax= 7.41452e+03, atom= 1744
Step=  630, Dmax= 9.9e-03 nm, Epot= -5.32912e+05 Fmax= 7.94019e+03, atom= 1744
Step=  631, Dmax= 1.2e-02 nm, Epot= -5.32916e+05 Fmax= 1.03244e+04, atom= 1744
Step=  632, Dmax= 1.4e-02 nm, Epot= -5.32925e+05 Fmax= 1.17481e+04, atom= 1744
Step=  633, Dmax= 1.7e-02 nm, Epot= -5.32913e+05 Fmax= 1.45490e+04, atom= 1744
Step=  634, Dmax= 8.6e-03 nm, Epot= -5.33006e+05 Fmax= 1.42059e+03, atom= 1744
Step=  635, Dmax= 1.0e-02 nm, Epot= -5.33027e+05 Fmax= 1.47527e+04, atom= 1744
Step=  636, Dmax= 1.2e-02 nm, Epot= -5.33140e+05 Fmax= 4.24380e+03, atom= 1744
Step=  637, Dmax= 1.5e-02 nm, Epot= -5.33035e+05 Fmax= 1.87544e+04, atom= 1744
Step=  638, Dmax= 7.4e-03 nm, Epot= -5.33153e+05 Fmax= 7.25851e+03, atom= 1744
Step=  639, Dmax= 8.9e-03 nm, Epot= -5.33180e+05 Fmax= 6.38162e+03, atom= 1744
Step=  640, Dmax= 1.1e-02 nm, Epot= -5.33178e+05 Fmax= 1.01330e+04, atom= 1744
Step=  641, Dmax= 5.3e-03 nm, Epot= -5.33213e+05 Fmax= 1.87412e+03, atom= 1744
Step=  642, Dmax= 6.4e-03 nm, Epot= -5.33244e+05 Fmax= 7.84790e+03, atom= 1744
Step=  643, Dmax= 7.7e-03 nm, Epot= -5.33284e+05 Fmax= 4.03678e+03, atom= 1744
Step=  644, Dmax= 9.2e-03 nm, Epot= -5.33280e+05 Fmax= 1.00634e+04, atom= 1744
Step=  645, Dmax= 4.6e-03 nm, Epot= -5.33307e+05 Fmax= 3.01579e+03, atom= 1744
Step=  646, Dmax= 5.5e-03 nm, Epot= -5.33327e+05 Fmax= 5.58792e+03, atom= 1744
Step=  647, Dmax= 6.6e-03 nm, Epot= -5.33352e+05 Fmax= 4.58543e+03, atom= 1744
Step=  648, Dmax= 8.0e-03 nm, Epot= -5.33363e+05 Fmax= 7.76535e+03, atom= 1744
Step=  649, Dmax= 9.6e-03 nm, Epot= -5.33390e+05 Fmax= 6.89889e+03, atom= 1744
Step=  650, Dmax= 1.1e-02 nm, Epot= -5.33384e+05 Fmax= 1.08439e+04, atom= 1744
Step=  651, Dmax= 5.7e-03 nm, Epot= -5.33427e+05 Fmax= 1.97128e+03, atom= 1744
Step=  652, Dmax= 6.9e-03 nm, Epot= -5.33453e+05 Fmax= 8.48868e+03, atom= 1744
Step=  653, Dmax= 8.3e-03 nm, Epot= -5.33496e+05 Fmax= 4.28341e+03, atom= 1744
Step=  654, Dmax= 9.9e-03 nm, Epot= -5.33485e+05 Fmax= 1.08792e+04, atom= 1744
Step=  655, Dmax= 5.0e-03 nm, Epot= -5.33520e+05 Fmax= 3.30128e+03, atom= 1744
Step=  656, Dmax= 6.0e-03 nm, Epot= -5.33538e+05 Fmax= 5.93875e+03, atom= 1744
Step=  657, Dmax= 7.1e-03 nm, Epot= -5.33564e+05 Fmax= 5.00040e+03, atom= 1744
Step=  658, Dmax= 8.6e-03 nm, Epot= -5.33571e+05 Fmax= 8.26776e+03, atom= 1744
Step=  659, Dmax= 1.0e-02 nm, Epot= -5.33598e+05 Fmax= 7.49827e+03, atom= 1744
Step=  660, Dmax= 1.2e-02 nm, Epot= -5.33588e+05 Fmax= 1.15647e+04, atom= 1744
Step=  661, Dmax= 6.2e-03 nm, Epot= -5.33639e+05 Fmax= 2.03227e+03, atom= 1744
Step=  662, Dmax= 7.4e-03 nm, Epot= -5.33660e+05 Fmax= 9.22088e+03, atom= 1744
Step=  663, Dmax= 8.9e-03 nm, Epot= -5.33709e+05 Fmax= 4.50441e+03, atom= 1744
Step=  664, Dmax= 1.1e-02 nm, Epot= -5.33688e+05 Fmax= 1.18009e+04, atom= 1744
Step=  665, Dmax= 5.3e-03 nm, Epot= -5.33732e+05 Fmax= 3.65210e+03, atom= 1744
Step=  666, Dmax= 6.4e-03 nm, Epot= -5.33748e+05 Fmax= 6.27090e+03, atom= 1744
Step=  667, Dmax= 7.7e-03 nm, Epot= -5.33773e+05 Fmax= 5.49168e+03, atom= 1744
Step=  668, Dmax= 9.2e-03 nm, Epot= -5.33779e+05 Fmax= 8.76153e+03, atom= 1744
Step=  669, Dmax= 1.1e-02 nm, Epot= -5.33804e+05 Fmax= 8.18830e+03, atom= 1744
Step=  670, Dmax= 1.3e-02 nm, Epot= -5.33790e+05 Fmax= 1.22923e+04, atom= 1744
Step=  671, Dmax= 6.6e-03 nm, Epot= -5.33850e+05 Fmax= 2.05126e+03, atom= 1744
Step=  672, Dmax= 8.0e-03 nm, Epot= -5.33866e+05 Fmax= 1.00534e+04, atom= 1744
Step=  673, Dmax= 9.6e-03 nm, Epot= -5.33922e+05 Fmax= 4.69637e+03, atom= 1744
Step=  674, Dmax= 1.1e-02 nm, Epot= -5.33891e+05 Fmax= 1.28370e+04, atom= 1744
Step=  675, Dmax= 5.7e-03 nm, Epot= -5.33945e+05 Fmax= 4.07478e+03, atom= 1744
Step=  676, Dmax= 6.9e-03 nm, Epot= -5.33960e+05 Fmax= 6.58101e+03, atom= 1744
Step=  677, Dmax= 8.3e-03 nm, Epot= -5.33984e+05 Fmax= 6.06636e+03, atom= 1744
Step=  678, Dmax= 9.9e-03 nm, Epot= -5.33987e+05 Fmax= 9.24460e+03, atom= 1744
Step=  679, Dmax= 1.2e-02 nm, Epot= -5.34010e+05 Fmax= 8.97756e+03, atom= 1744
Step=  680, Dmax= 1.4e-02 nm, Epot= -5.33993e+05 Fmax= 1.30260e+04, atom= 1744
Step=  681, Dmax= 7.1e-03 nm, Epot= -5.34062e+05 Fmax= 2.02391e+03, atom= 1744
Step=  682, Dmax= 8.6e-03 nm, Epot= -5.34073e+05 Fmax= 1.09950e+04, atom= 1744
Step=  683, Dmax= 1.0e-02 nm, Epot= -5.34138e+05 Fmax= 4.85697e+03, atom= 1744
Step=  684, Dmax= 1.2e-02 nm, Epot= -5.34093e+05 Fmax= 1.39954e+04, atom= 1744
Step=  685, Dmax= 6.2e-03 nm, Epot= -5.34160e+05 Fmax= 4.57516e+03, atom= 1744
Step=  686, Dmax= 7.4e-03 nm, Epot= -5.34174e+05 Fmax= 6.86853e+03, atom= 1744
Step=  687, Dmax= 8.9e-03 nm, Epot= -5.34196e+05 Fmax= 6.72964e+03, atom= 1744
Step=  688, Dmax= 1.1e-02 nm, Epot= -5.34197e+05 Fmax= 9.71759e+03, atom= 1744
Step=  689, Dmax= 1.3e-02 nm, Epot= -5.34217e+05 Fmax= 9.87129e+03, atom= 1744
Step=  690, Dmax= 1.5e-02 nm, Epot= -5.34196e+05 Fmax= 1.37679e+04, atom= 1744
Step=  691, Dmax= 7.7e-03 nm, Epot= -5.34277e+05 Fmax= 1.94884e+03, atom= 1744
Step=  692, Dmax= 9.2e-03 nm, Epot= -5.34283e+05 Fmax= 1.20518e+04, atom= 1744
Step=  693, Dmax= 1.1e-02 nm, Epot= -5.34358e+05 Fmax= 4.98602e+03, atom= 1744
Step=  694, Dmax= 1.3e-02 nm, Epot= -5.34296e+05 Fmax= 1.52841e+04, atom= 1744
Step=  695, Dmax= 6.6e-03 nm, Epot= -5.34378e+05 Fmax= 5.15599e+03, atom= 1744
Step=  696, Dmax= 7.9e-03 nm, Epot= -5.34392e+05 Fmax= 7.13486e+03, atom= 1744
Step=  697, Dmax= 9.5e-03 nm, Epot= -5.34411e+05 Fmax= 7.48552e+03, atom= 1744
Step=  698, Dmax= 1.1e-02 nm, Epot= -5.34412e+05 Fmax= 1.01834e+04, atom= 1744
Step=  699, Dmax= 1.4e-02 nm, Epot= -5.34426e+05 Fmax= 1.08737e+04, atom= 1744
Step=  700, Dmax= 1.6e-02 nm, Epot= -5.34404e+05 Fmax= 1.45225e+04, atom= 1744
Step=  701, Dmax= 8.2e-03 nm, Epot= -5.34496e+05 Fmax= 1.82650e+03, atom= 1744
Step=  702, Dmax= 9.9e-03 nm, Epot= -5.34497e+05 Fmax= 1.32282e+04, atom= 1744
Step=  703, Dmax= 1.2e-02 nm, Epot= -5.34586e+05 Fmax= 5.08731e+03, atom= 1744
Step=  704, Dmax= 1.4e-02 nm, Epot= -5.34503e+05 Fmax= 1.67051e+04, atom= 1744
Step=  705, Dmax= 7.1e-03 nm, Epot= -5.34604e+05 Fmax= 5.81783e+03, atom= 1744
Step=  706, Dmax= 8.5e-03 nm, Epot= -5.34617e+05 Fmax= 7.38495e+03, atom= 1744
Step=  707, Dmax= 1.0e-02 nm, Epot= -5.34632e+05 Fmax= 8.33389e+03, atom= 1744
Step=  708, Dmax= 1.2e-02 nm, Epot= -5.34634e+05 Fmax= 1.06483e+04, atom= 1744
Step=  709, Dmax= 1.5e-02 nm, Epot= -5.34640e+05 Fmax= 1.19867e+04, atom= 1744
Step=  710, Dmax= 1.8e-02 nm, Epot= -5.34618e+05 Fmax= 1.52966e+04, atom= 1744
Step=  711, Dmax= 8.9e-03 nm, Epot= -5.34722e+05 Fmax= 1.65962e+03, atom= 1744
Step=  712, Dmax= 1.1e-02 nm, Epot= -5.34719e+05 Fmax= 1.45268e+04, atom= 1744
Step=  713, Dmax= 5.3e-03 nm, Epot= -5.34754e+05 Fmax= 6.42170e+03, atom= 1744
Step=  714, Dmax= 6.4e-03 nm, Epot= -5.34784e+05 Fmax= 3.43110e+03, atom= 1744
Step=  715, Dmax= 7.7e-03 nm, Epot= -5.34790e+05 Fmax= 8.27168e+03, atom= 1744
Step=  716, Dmax= 9.2e-03 nm, Epot= -5.34825e+05 Fmax= 5.90269e+03, atom= 1744
Step=  717, Dmax= 1.1e-02 nm, Epot= -5.34811e+05 Fmax= 1.09851e+04, atom= 1744
Step=  718, Dmax= 5.5e-03 nm, Epot= -5.34854e+05 Fmax= 2.54558e+03, atom= 1744
Step=  719, Dmax= 6.6e-03 nm, Epot= -5.34868e+05 Fmax= 7.71803e+03, atom= 1744
Step=  720, Dmax= 7.9e-03 nm, Epot= -5.34903e+05 Fmax= 4.45723e+03, atom= 1744
Step=  721, Dmax= 9.5e-03 nm, Epot= -5.34894e+05 Fmax= 1.02704e+04, atom= 1744
Step=  722, Dmax= 4.8e-03 nm, Epot= -5.34926e+05 Fmax= 2.90479e+03, atom= 1744
Step=  723, Dmax= 5.7e-03 nm, Epot= -5.34943e+05 Fmax= 5.82571e+03, atom= 1744
Step=  724, Dmax= 6.9e-03 nm, Epot= -5.34967e+05 Fmax= 4.76713e+03, atom= 1744
Step=  725, Dmax= 8.2e-03 nm, Epot= -5.34975e+05 Fmax= 7.83644e+03, atom= 1744
Step=  726, Dmax= 9.9e-03 nm, Epot= -5.34997e+05 Fmax= 7.39975e+03, atom= 1744
Step=  727, Dmax= 1.2e-02 nm, Epot= -5.34991e+05 Fmax= 1.07660e+04, atom= 1744
Step=  728, Dmax= 5.9e-03 nm, Epot= -5.35036e+05 Fmax= 1.68945e+03, atom= 1744
Step=  729, Dmax= 7.1e-03 nm, Epot= -5.35058e+05 Fmax= 9.38387e+03, atom= 1744
Step=  730, Dmax= 8.5e-03 nm, Epot= -5.35109e+05 Fmax= 3.71435e+03, atom= 1744
Step=  731, Dmax= 1.0e-02 nm, Epot= -5.35084e+05 Fmax= 1.21307e+04, atom= 1744
Step=  732, Dmax= 5.1e-03 nm, Epot= -5.35128e+05 Fmax= 4.20639e+03, atom= 1744
Step=  733, Dmax= 6.1e-03 nm, Epot= -5.35145e+05 Fmax= 5.20083e+03, atom= 1744
Step=  734, Dmax= 7.4e-03 nm, Epot= -5.35161e+05 Fmax= 6.18816e+03, atom= 1744
Step=  735, Dmax= 8.8e-03 nm, Epot= -5.35175e+05 Fmax= 7.37419e+03, atom= 1744
Step=  736, Dmax= 1.1e-02 nm, Epot= -5.35183e+05 Fmax= 9.00267e+03, atom= 1744
Step=  737, Dmax= 1.3e-02 nm, Epot= -5.35190e+05 Fmax= 1.05324e+04, atom= 1744
Step=  738, Dmax= 1.5e-02 nm, Epot= -5.35182e+05 Fmax= 1.30136e+04, atom= 1744
Step=  739, Dmax= 7.6e-03 nm, Epot= -5.35255e+05 Fmax= 1.24255e+03, atom= 1744
Step=  740, Dmax= 9.2e-03 nm, Epot= -5.35287e+05 Fmax= 1.26986e+04, atom= 1744
Step=  741, Dmax= 1.1e-02 nm, Epot= -5.35371e+05 Fmax= 4.29105e+03, atom= 1744
Step=  742, Dmax= 1.3e-02 nm, Epot= -5.35299e+05 Fmax= 1.59206e+04, atom= 1744
Step=  743, Dmax= 6.6e-03 nm, Epot= -5.35386e+05 Fmax= 5.82493e+03, atom= 1744
Step=  744, Dmax= 7.9e-03 nm, Epot= -5.35403e+05 Fmax= 6.41162e+03, atom= 1744
Step=  745, Dmax= 9.5e-03 nm, Epot= -5.35412e+05 Fmax= 8.17089e+03, atom= 1744
Step=  746, Dmax= 1.1e-02 nm, Epot= -5.35422e+05 Fmax= 9.42534e+03, atom= 1744
Step=  747, Dmax= 1.4e-02 nm, Epot= -5.35420e+05 Fmax= 1.15750e+04, atom= 1744
Step=  748, Dmax= 6.8e-03 nm, Epot= -5.35476e+05 Fmax= 1.08555e+03, atom= 1744
Step=  749, Dmax= 8.2e-03 nm, Epot= -5.35520e+05 Fmax= 1.17660e+04, atom= 1744
Step=  750, Dmax= 9.9e-03 nm, Epot= -5.35595e+05 Fmax= 3.38878e+03, atom= 1744
Step=  751, Dmax= 1.2e-02 nm, Epot= -5.35541e+05 Fmax= 1.49168e+04, atom= 1744
Step=  752, Dmax= 5.9e-03 nm, Epot= -5.35610e+05 Fmax= 5.76524e+03, atom= 1744
Step=  753, Dmax= 7.1e-03 nm, Epot= -5.35631e+05 Fmax= 5.12496e+03, atom= 1744
Step=  754, Dmax= 8.5e-03 nm, Epot= -5.35636e+05 Fmax= 8.02824e+03, atom= 1744
Step=  755, Dmax= 1.0e-02 nm, Epot= -5.35658e+05 Fmax= 7.65865e+03, atom= 1744
Step=  756, Dmax= 1.2e-02 nm, Epot= -5.35648e+05 Fmax= 1.12516e+04, atom= 1744
Step=  757, Dmax= 6.1e-03 nm, Epot= -5.35697e+05 Fmax= 1.79548e+03, atom= 1744
Step=  758, Dmax= 7.4e-03 nm, Epot= -5.35714e+05 Fmax= 9.44101e+03, atom= 1744
Step=  759, Dmax= 8.8e-03 nm, Epot= -5.35763e+05 Fmax= 4.17894e+03, atom= 1744
Step=  760, Dmax= 1.1e-02 nm, Epot= -5.35735e+05 Fmax= 1.20604e+04, atom= 1744
Step=  761, Dmax= 5.3e-03 nm, Epot= -5.35782e+05 Fmax= 3.94464e+03, atom= 1744
Step=  762, Dmax= 6.4e-03 nm, Epot= -5.35796e+05 Fmax= 5.87946e+03, atom= 1744
Step=  763, Dmax= 7.6e-03 nm, Epot= -5.35815e+05 Fmax= 5.82839e+03, atom= 1744
Step=  764, Dmax= 9.2e-03 nm, Epot= -5.35821e+05 Fmax= 8.29902e+03, atom= 1744
Step=  765, Dmax= 1.1e-02 nm, Epot= -5.35837e+05 Fmax= 8.56361e+03, atom= 1744
Step=  766, Dmax= 1.3e-02 nm, Epot= -5.35827e+05 Fmax= 1.17530e+04, atom= 1744
Step=  767, Dmax= 6.6e-03 nm, Epot= -5.35884e+05 Fmax= 1.59426e+03, atom= 1744
Step=  768, Dmax= 7.9e-03 nm, Epot= -5.35901e+05 Fmax= 1.04853e+04, atom= 1744
Step=  769, Dmax= 9.5e-03 nm, Epot= -5.35960e+05 Fmax= 4.15476e+03, atom= 1744
Step=  770, Dmax= 1.1e-02 nm, Epot= -5.35919e+05 Fmax= 1.33044e+04, atom= 1744
Step=  771, Dmax= 5.7e-03 nm, Epot= -5.35978e+05 Fmax= 4.57983e+03, atom= 1744
Step=  772, Dmax= 6.8e-03 nm, Epot= -5.35992e+05 Fmax= 5.97257e+03, atom= 1744
Step=  773, Dmax= 8.2e-03 nm, Epot= -5.36007e+05 Fmax= 6.61459e+03, atom= 1744
Step=  774, Dmax= 9.8e-03 nm, Epot= -5.36014e+05 Fmax= 8.56342e+03, atom= 1744
Step=  775, Dmax= 1.2e-02 nm, Epot= -5.36024e+05 Fmax= 9.56363e+03, atom= 1744
Step=  776, Dmax= 1.4e-02 nm, Epot= -5.36015e+05 Fmax= 1.22647e+04, atom= 1744
Step=  777, Dmax= 7.1e-03 nm, Epot= -5.36079e+05 Fmax= 1.35141e+03, atom= 1744
Step=  778, Dmax= 8.5e-03 nm, Epot= -5.36101e+05 Fmax= 1.16345e+04, atom= 1744
Step=  779, Dmax= 1.0e-02 nm, Epot= -5.36173e+05 Fmax= 4.10574e+03, atom= 1744
Step=  780, Dmax= 1.2e-02 nm, Epot= -5.36115e+05 Fmax= 1.46630e+04, atom= 1744
Step=  781, Dmax= 6.1e-03 nm, Epot= -5.36188e+05 Fmax= 5.28591e+03, atom= 1744
Step=  782, Dmax= 7.3e-03 nm, Epot= -5.36203e+05 Fmax= 6.05066e+03, atom= 1744
Step=  783, Dmax= 8.8e-03 nm, Epot= -5.36214e+05 Fmax= 7.48254e+03, atom= 1744
Step=  784, Dmax= 1.1e-02 nm, Epot= -5.36222e+05 Fmax= 8.82525e+03, atom= 1744
Step=  785, Dmax= 1.3e-02 nm, Epot= -5.36224e+05 Fmax= 1.06609e+04, atom= 1744
Step=  786, Dmax= 1.5e-02 nm, Epot= -5.36219e+05 Fmax= 1.27923e+04, atom= 1744
Step=  787, Dmax= 7.6e-03 nm, Epot= -5.36291e+05 Fmax= 1.06868e+03, atom= 1744
Step=  788, Dmax= 9.1e-03 nm, Epot= -5.36327e+05 Fmax= 1.28878e+04, atom= 1744
Step=  789, Dmax= 1.1e-02 nm, Epot= -5.36413e+05 Fmax= 4.04310e+03, atom= 1744
Step=  790, Dmax= 1.3e-02 nm, Epot= -5.36336e+05 Fmax= 1.61276e+04, atom= 1744
Step=  791, Dmax= 6.6e-03 nm, Epot= -5.36426e+05 Fmax= 6.05462e+03, atom= 1744
Step=  792, Dmax= 7.9e-03 nm, Epot= -5.36443e+05 Fmax= 6.12773e+03, atom= 1744
Step=  793, Dmax= 9.5e-03 nm, Epot= -5.36448e+05 Fmax= 8.42236e+03, atom= 1744
Step=  794, Dmax= 1.1e-02 nm, Epot= -5.36460e+05 Fmax= 9.10118e+03, atom= 1744
Step=  795, Dmax= 1.4e-02 nm, Epot= -5.36451e+05 Fmax= 1.18455e+04, atom= 1744
Step=  796, Dmax= 6.8e-03 nm, Epot= -5.36511e+05 Fmax= 1.38232e+03, atom= 1744
Step=  797, Dmax= 8.2e-03 nm, Epot= -5.36529e+05 Fmax= 1.13186e+04, atom= 1744
Step=  798, Dmax= 9.8e-03 nm, Epot= -5.36597e+05 Fmax= 3.78948e+03, atom= 1744
Step=  799, Dmax= 1.2e-02 nm, Epot= -5.36543e+05 Fmax= 1.44119e+04, atom= 1744
Step=  800, Dmax= 5.9e-03 nm, Epot= -5.36611e+05 Fmax= 5.31023e+03, atom= 1744
Step=  801, Dmax= 7.1e-03 nm, Epot= -5.36628e+05 Fmax= 5.55448e+03, atom= 1744
Step=  802, Dmax= 8.5e-03 nm, Epot= -5.36636e+05 Fmax= 7.53534e+03, atom= 1744
Step=  803, Dmax= 1.0e-02 nm, Epot= -5.36650e+05 Fmax= 8.11091e+03, atom= 1744
Step=  804, Dmax= 1.2e-02 nm, Epot= -5.36645e+05 Fmax= 1.07191e+04, atom= 1744
Step=  805, Dmax= 6.1e-03 nm, Epot= -5.36692e+05 Fmax= 1.30345e+03, atom= 1744
Step=  806, Dmax= 7.3e-03 nm, Epot= -5.36719e+05 Fmax= 9.92373e+03, atom= 1744
Step=  807, Dmax= 8.8e-03 nm, Epot= -5.36774e+05 Fmax= 3.64628e+03, atom= 1744
Step=  808, Dmax= 1.1e-02 nm, Epot= -5.36740e+05 Fmax= 1.25596e+04, atom= 1744
Step=  809, Dmax= 5.3e-03 nm, Epot= -5.36790e+05 Fmax= 4.46126e+03, atom= 1744
Step=  810, Dmax= 6.3e-03 nm, Epot= -5.36805e+05 Fmax= 5.31348e+03, atom= 1744
Step=  811, Dmax= 7.6e-03 nm, Epot= -5.36817e+05 Fmax= 6.36718e+03, atom= 1744
Step=  812, Dmax= 9.1e-03 nm, Epot= -5.36827e+05 Fmax= 7.69723e+03, atom= 1744
Step=  813, Dmax= 1.1e-02 nm, Epot= -5.36834e+05 Fmax= 9.12183e+03, atom= 1744
Step=  814, Dmax= 1.3e-02 nm, Epot= -5.36833e+05 Fmax= 1.11114e+04, atom= 1744
Step=  815, Dmax= 6.6e-03 nm, Epot= -5.36885e+05 Fmax= 9.95629e+02, atom= 1744

writing lowest energy coordinates.

Steepest Descents converged to Fmax < 1000 in 816 steps
Potential Energy  = -5.3688481e+05
Maximum force     =  9.9562872e+02 on atom 1744
Norm of force     =  1.9221702e+01

GROMACS reminds you: "Science progresses best when observations force us to alter our preconceptions." (Vera Rubin)

