
--- stderr ---
                :-) GROMACS - gmx mdrun, 2024.5-conda_forge (-:

Executable:   /usr/local/Caskroom/miniforge/base/envs/gromacs_env/bin.AVX2_256/gmx
Data prefix:  /usr/local/Caskroom/miniforge/base/envs/gromacs_env
Working dir:  /Users/laetitiaguerin/Library/CloudStorage/OneDrive-Personal/Documents/BSc_Nanobiology/Year_5/BEP/Energy_minimization/tleap_runs/O52681_T81P
Command line:
  gmx mdrun -v -deffnm O52681_T81P_minim

The current CPU can measure timings more accurately than the code in
gmx mdrun was configured to use. This might affect your simulation
speed as accurate timings are needed for load-balancing.
Please consider rebuilding gmx mdrun with the GMX_USE_RDTSCP=ON CMake option.
Reading file O52681_T81P_minim.tpr, VERSION 2024.5-conda_forge (single precision)

Using 1 MPI thread
Using 8 OpenMP threads 


Steepest Descents:
   Tolerance (Fmax)   =  1.00000e+03
   Number of steps    =        50000
Step=    0, Dmax= 1.0e-02 nm, Epot= -4.38317e+05 Fmax= 6.08652e+03, atom= 1346
Step=    1, Dmax= 1.0e-02 nm, Epot= -4.43512e+05 Fmax= 5.40835e+03, atom= 1344
Step=    2, Dmax= 1.2e-02 nm, Epot= -4.49027e+05 Fmax= 9.86376e+03, atom= 1344
Step=    3, Dmax= 1.4e-02 nm, Epot= -4.52180e+05 Fmax= 1.00387e+04, atom= 1344
Step=    4, Dmax= 1.7e-02 nm, Epot= -4.55216e+05 Fmax= 1.28936e+04, atom= 1344
Step=    5, Dmax= 2.1e-02 nm, Epot= -4.57636e+05 Fmax= 1.53678e+04, atom= 1344
Step=    6, Dmax= 2.5e-02 nm, Epot= -4.59544e+05 Fmax= 1.79787e+04, atom= 1344
Step=    7, Dmax= 3.0e-02 nm, Epot= -4.60610e+05 Fmax= 2.30068e+04, atom= 1334
Step=    8, Dmax= 3.6e-02 nm, Epot= -4.61026e+05 Fmax= 3.12398e+04, atom= 1334
Step=    9, Dmax= 4.3e-02 nm, Epot= -4.62403e+05 Fmax= 3.38973e+04, atom= 1334
Step=   10, Dmax= 5.2e-02 nm, Epot= -4.61657e+05 Fmax= 4.33073e+04, atom= 1334
Step=   11, Dmax= 2.6e-02 nm, Epot= -4.67248e+05 Fmax= 5.12067e+03, atom= 1334
Step=   12, Dmax= 3.1e-02 nm, Epot= -4.68030e+05 Fmax= 4.28602e+04, atom= 1334
Step=   13, Dmax= 3.7e-02 nm, Epot= -4.73248e+05 Fmax= 1.41185e+04, atom= 1334
Step=   14, Dmax= 4.5e-02 nm, Epot= -4.68392e+05 Fmax= 5.37686e+04, atom= 1334
Step=   15, Dmax= 2.2e-02 nm, Epot= -4.73899e+05 Fmax= 1.99794e+04, atom= 1334
Step=   16, Dmax= 2.7e-02 nm, Epot= -4.74751e+05 Fmax= 2.06655e+04, atom= 1334
Step=   17, Dmax= 3.2e-02 nm, Epot= -4.74827e+05 Fmax= 2.81915e+04, atom= 1334
Step=   18, Dmax= 3.9e-02 nm, Epot= -4.75367e+05 Fmax= 2.99922e+04, atom= 1334
Step=   19, Dmax= 4.6e-02 nm, Epot= -4.74426e+05 Fmax= 3.96639e+04, atom= 1334
Step=   20, Dmax= 2.3e-02 nm, Epot= -4.78162e+05 Fmax= 5.08873e+03, atom= 1334
Step=   21, Dmax= 2.8e-02 nm, Epot= -4.77708e+05 Fmax= 3.69577e+04, atom= 1334
Step=   22, Dmax= 1.4e-02 nm, Epot= -4.79149e+05 Fmax= 1.57097e+04, atom= 1334
Step=   23, Dmax= 1.7e-02 nm, Epot= -4.80144e+05 Fmax= 9.72841e+03, atom= 1334
Step=   24, Dmax= 2.0e-02 nm, Epot= -4.80328e+05 Fmax= 2.06061e+04, atom= 1334
Step=   25, Dmax= 2.4e-02 nm, Epot= -4.81369e+05 Fmax= 1.59787e+04, atom= 1334
Step=   26, Dmax= 2.9e-02 nm, Epot= -4.80858e+05 Fmax= 2.76434e+04, atom= 1334
Step=   27, Dmax= 1.4e-02 nm, Epot= -4.82391e+05 Fmax= 5.86162e+03, atom= 1334
Step=   28, Dmax= 1.7e-02 nm, Epot= -4.82727e+05 Fmax= 2.06762e+04, atom= 1334
Step=   29, Dmax= 2.1e-02 nm, Epot= -4.83977e+05 Fmax= 1.08588e+04, atom= 1334
Step=   30, Dmax= 2.5e-02 nm, Epot= -4.83332e+05 Fmax= 2.71683e+04, atom= 1334
Step=   31, Dmax= 1.2e-02 nm, Epot= -4.84604e+05 Fmax= 8.16759e+03, atom= 1334
Step=   32, Dmax= 1.5e-02 nm, Epot= -4.84983e+05 Fmax= 1.44795e+04, atom= 1334
Step=   33, Dmax= 1.8e-02 nm, Epot= -4.85592e+05 Fmax= 1.28986e+04, atom= 1334
Step=   34, Dmax= 2.1e-02 nm, Epot= -4.85654e+05 Fmax= 1.97345e+04, atom= 1334
Step=   35, Dmax= 2.6e-02 nm, Epot= -4.86162e+05 Fmax= 1.95687e+04, atom= 1334
Step=   36, Dmax= 3.1e-02 nm, Epot= -4.85781e+05 Fmax= 2.72896e+04, atom= 1334
Step=   37, Dmax= 1.5e-02 nm, Epot= -4.87387e+05 Fmax= 3.92706e+03, atom= 1334
Step=   38, Dmax= 1.9e-02 nm, Epot= -4.87532e+05 Fmax= 2.47232e+04, atom= 1334
Step=   39, Dmax= 2.2e-02 nm, Epot= -4.89145e+05 Fmax= 9.25822e+03, atom= 1334
Step=   40, Dmax= 2.7e-02 nm, Epot= -4.87778e+05 Fmax= 3.16495e+04, atom= 1334
Step=   41, Dmax= 1.3e-02 nm, Epot= -4.89506e+05 Fmax= 1.12144e+04, atom= 1334
Step=   42, Dmax= 1.6e-02 nm, Epot= -4.89823e+05 Fmax= 1.31697e+04, atom= 1334
Step=   43, Dmax= 1.9e-02 nm, Epot= -4.90043e+05 Fmax= 1.62530e+04, atom= 1334
Step=   44, Dmax= 2.3e-02 nm, Epot= -4.90226e+05 Fmax= 1.88299e+04, atom= 1334
Step=   45, Dmax= 2.8e-02 nm, Epot= -4.90172e+05 Fmax= 2.33754e+04, atom= 1334
Step=   46, Dmax= 1.4e-02 nm, Epot= -4.91298e+05 Fmax= 2.33689e+03, atom= 1334
Step=   47, Dmax= 1.7e-02 nm, Epot= -4.92014e+05 Fmax= 2.26508e+04, atom= 1334
Step=   48, Dmax= 2.0e-02 nm, Epot= -4.93319e+05 Fmax= 7.95945e+03, atom= 1334
Step=   49, Dmax= 2.4e-02 nm, Epot= -4.92289e+05 Fmax= 2.83932e+04, atom= 1334
Step=   50, Dmax= 1.2e-02 nm, Epot= -4.93585e+05 Fmax= 1.02478e+04, atom= 1334
Step=   51, Dmax= 1.4e-02 nm, Epot= -4.93844e+05 Fmax= 1.17763e+04, atom= 1334
Step=   52, Dmax= 1.7e-02 nm, Epot= -4.94018e+05 Fmax= 1.44450e+04, atom= 1334
Step=   53, Dmax= 2.1e-02 nm, Epot= -4.94149e+05 Fmax= 1.71753e+04, atom= 1334
Step=   54, Dmax= 2.5e-02 nm, Epot= -4.94169e+05 Fmax= 2.05185e+04, atom= 1334
Step=   55, Dmax= 3.0e-02 nm, Epot= -4.94030e+05 Fmax= 2.48042e+04, atom= 1334
Step=   56, Dmax= 1.5e-02 nm, Epot= -4.95300e+05 Fmax= 2.22928e+03, atom= 1334
Step=   57, Dmax= 1.8e-02 nm, Epot= -4.95616e+05 Fmax= 2.45694e+04, atom= 1334
Step=   58, Dmax= 2.1e-02 nm, Epot= -4.97014e+05 Fmax= 8.35507e+03, atom= 1334
Step=   59, Dmax= 2.6e-02 nm, Epot= -4.95622e+05 Fmax= 3.07007e+04, atom= 1334
Step=   60, Dmax= 1.3e-02 nm, Epot= -4.97180e+05 Fmax= 1.12214e+04, atom= 1334
Step=   61, Dmax= 1.5e-02 nm, Epot= -4.97377e+05 Fmax= 1.24416e+04, atom= 1334
Step=   62, Dmax= 1.9e-02 nm, Epot= -4.97439e+05 Fmax= 1.57368e+04, atom= 1334
Step=   63, Dmax= 2.2e-02 nm, Epot= -4.97510e+05 Fmax= 1.82237e+04, atom= 1334
Step=   64, Dmax= 2.7e-02 nm, Epot= -4.97389e+05 Fmax= 2.22606e+04, atom= 1334
Step=   65, Dmax= 1.3e-02 nm, Epot= -4.98369e+05 Fmax= 2.07597e+03, atom= 1334
Step=   66, Dmax= 1.6e-02 nm, Epot= -4.98560e+05 Fmax= 2.28363e+04, atom= 1334
Step=   67, Dmax= 1.9e-02 nm, Epot= -4.99751e+05 Fmax= 6.55487e+03, atom= 1334
Step=   68, Dmax= 2.3e-02 nm, Epot= -4.98602e+05 Fmax= 2.87690e+04, atom= 1334
Step=   69, Dmax= 1.2e-02 nm, Epot= -4.99857e+05 Fmax= 1.11453e+04, atom= 1334
Step=   70, Dmax= 1.4e-02 nm, Epot= -5.00104e+05 Fmax= 9.91450e+03, atom= 1334
Step=   71, Dmax= 1.7e-02 nm, Epot= -5.00058e+05 Fmax= 1.54976e+04, atom= 1334
Step=   72, Dmax= 8.3e-03 nm, Epot= -5.00430e+05 Fmax= 2.79989e+03, atom= 1334
Step=   73, Dmax= 1.0e-02 nm, Epot= -5.00663e+05 Fmax= 1.22406e+04, atom= 1334
Step=   74, Dmax= 1.2e-02 nm, Epot= -5.01052e+05 Fmax= 6.06516e+03, atom= 1334
Step=   75, Dmax= 1.4e-02 nm, Epot= -5.00943e+05 Fmax= 1.57146e+04, atom= 1334
Step=   76, Dmax= 7.2e-03 nm, Epot= -5.01251e+05 Fmax= 4.82734e+03, atom= 1334
Step=   77, Dmax= 8.6e-03 nm, Epot= -5.01409e+05 Fmax= 8.40540e+03, atom= 1334
Step=   78, Dmax= 1.0e-02 nm, Epot= -5.01617e+05 Fmax= 7.30279e+03, atom= 1334
Step=   79, Dmax= 1.2e-02 nm, Epot= -5.01678e+05 Fmax= 1.17022e+04, atom= 1334
Step=   80, Dmax= 1.5e-02 nm, Epot= -5.01887e+05 Fmax= 1.09231e+04, atom= 1334
Step=   81, Dmax= 1.8e-02 nm, Epot= -5.01795e+05 Fmax= 1.63699e+04, atom= 1334
Step=   82, Dmax= 8.9e-03 nm, Epot= -5.02238e+05 Fmax= 2.73596e+03, atom= 1334
Step=   83, Dmax= 1.1e-02 nm, Epot= -5.02393e+05 Fmax= 1.34186e+04, atom= 1334
Step=   84, Dmax= 1.3e-02 nm, Epot= -5.02819e+05 Fmax= 6.25329e+03, atom= 1334
Step=   85, Dmax= 1.5e-02 nm, Epot= -5.02591e+05 Fmax= 1.71547e+04, atom= 1334
Step=   86, Dmax= 7.7e-03 nm, Epot= -5.02996e+05 Fmax= 5.45405e+03, atom= 1334
Step=   87, Dmax= 9.2e-03 nm, Epot= -5.03114e+05 Fmax= 8.75741e+03, atom= 1334
Step=   88, Dmax= 1.1e-02 nm, Epot= -5.03292e+05 Fmax= 8.12548e+03, atom= 1334
Step=   89, Dmax= 1.3e-02 nm, Epot= -5.03318e+05 Fmax= 1.22882e+04, atom= 1334
Step=   90, Dmax= 1.6e-02 nm, Epot= -5.03486e+05 Fmax= 1.20254e+04, atom= 1334
Step=   91, Dmax= 1.9e-02 nm, Epot= -5.03352e+05 Fmax= 1.72892e+04, atom= 1334
Step=   92, Dmax= 9.6e-03 nm, Epot= -5.03877e+05 Fmax= 2.64788e+03, atom= 1334
Step=   93, Dmax= 1.1e-02 nm, Epot= -5.03946e+05 Fmax= 1.47091e+04, atom= 1334
Step=   94, Dmax= 1.4e-02 nm, Epot= -5.04430e+05 Fmax= 6.43081e+03, atom= 1334
Step=   95, Dmax= 1.7e-02 nm, Epot= -5.04059e+05 Fmax= 1.87299e+04, atom= 1334
Step=   96, Dmax= 8.3e-03 nm, Epot= -5.04583e+05 Fmax= 6.15365e+03, atom= 1334
Step=   97, Dmax= 9.9e-03 nm, Epot= -5.04672e+05 Fmax= 9.10850e+03, atom= 1334
Step=   98, Dmax= 1.2e-02 nm, Epot= -5.04818e+05 Fmax= 9.03743e+03, atom= 1334
Step=   99, Dmax= 1.4e-02 nm, Epot= -5.04815e+05 Fmax= 1.28886e+04, atom= 1334
Step=  100, Dmax= 7.2e-03 nm, Epot= -5.05075e+05 Fmax= 1.93332e+03, atom= 1334
Step=  101, Dmax= 8.6e-03 nm, Epot= -5.05309e+05 Fmax= 1.09640e+04, atom= 1334
Step=  102, Dmax= 1.0e-02 nm, Epot= -5.05619e+05 Fmax= 4.83211e+03, atom= 1334
Step=  103, Dmax= 1.2e-02 nm, Epot= -5.05516e+05 Fmax= 1.39316e+04, atom= 1334
Step=  104, Dmax= 6.2e-03 nm, Epot= -5.05758e+05 Fmax= 4.55184e+03, atom= 1334
Step=  105, Dmax= 7.4e-03 nm, Epot= -5.05872e+05 Fmax= 6.86553e+03, atom= 1334
Step=  106, Dmax= 8.9e-03 nm, Epot= -5.06010e+05 Fmax= 6.67294e+03, atom= 1334
Step=  107, Dmax= 1.1e-02 nm, Epot= -5.06067e+05 Fmax= 9.72562e+03, atom= 1334
Step=  108, Dmax= 1.3e-02 nm, Epot= -5.06194e+05 Fmax= 9.79231e+03, atom= 1744
Step=  109, Dmax= 1.5e-02 nm, Epot= -5.06148e+05 Fmax= 1.37950e+04, atom= 1744
Step=  110, Dmax= 7.7e-03 nm, Epot= -5.06474e+05 Fmax= 2.00292e+03, atom= 1744
Step=  111, Dmax= 9.2e-03 nm, Epot= -5.06629e+05 Fmax= 1.21972e+04, atom= 1744
Step=  112, Dmax= 1.1e-02 nm, Epot= -5.06979e+05 Fmax= 4.81901e+03, atom= 1744
Step=  113, Dmax= 1.3e-02 nm, Epot= -5.06804e+05 Fmax= 1.55650e+04, atom= 1744
Step=  114, Dmax= 6.6e-03 nm, Epot= -5.07100e+05 Fmax= 5.37961e+03, atom= 1744
Step=  115, Dmax= 8.0e-03 nm, Epot= -5.07206e+05 Fmax= 6.86234e+03, atom= 1744
Step=  116, Dmax= 9.6e-03 nm, Epot= -5.07310e+05 Fmax= 7.81626e+03, atom= 1744
Step=  117, Dmax= 1.1e-02 nm, Epot= -5.07381e+05 Fmax= 9.81239e+03, atom= 1744
Step=  118, Dmax= 1.4e-02 nm, Epot= -5.07452e+05 Fmax= 1.13066e+04, atom= 1744
Step=  119, Dmax= 1.7e-02 nm, Epot= -5.07458e+05 Fmax= 1.40611e+04, atom= 1744
Step=  120, Dmax= 2.0e-02 nm, Epot= -5.07460e+05 Fmax= 1.62965e+04, atom= 1744
Step=  121, Dmax= 2.4e-02 nm, Epot= -5.07337e+05 Fmax= 2.01644e+04, atom= 1744
Step=  122, Dmax= 1.2e-02 nm, Epot= -5.08013e+05 Fmax= 1.95461e+03, atom= 1744
Step=  123, Dmax= 1.4e-02 nm, Epot= -5.07973e+05 Fmax= 2.00748e+04, atom= 1744
Step=  124, Dmax= 7.1e-03 nm, Epot= -5.08204e+05 Fmax= 9.02218e+03, atom= 1744
Step=  125, Dmax= 8.6e-03 nm, Epot= -5.08397e+05 Fmax= 4.15411e+03, atom= 1744
Step=  126, Dmax= 1.0e-02 nm, Epot= -5.08416e+05 Fmax= 1.16231e+04, atom= 1744
Step=  127, Dmax= 1.2e-02 nm, Epot= -5.08642e+05 Fmax= 7.33939e+03, atom= 1744
Step=  128, Dmax= 1.5e-02 nm, Epot= -5.08519e+05 Fmax= 1.53648e+04, atom= 1744
Step=  129, Dmax= 7.4e-03 nm, Epot= -5.08789e+05 Fmax= 4.02141e+03, atom= 1744
Step=  130, Dmax= 8.9e-03 nm, Epot= -5.08854e+05 Fmax= 9.63338e+03, atom= 1744
Step=  131, Dmax= 1.1e-02 nm, Epot= -5.09022e+05 Fmax= 6.72292e+03, atom= 1744
Step=  132, Dmax= 1.3e-02 nm, Epot= -5.08991e+05 Fmax= 1.29398e+04, atom= 1744
Step=  133, Dmax= 6.4e-03 nm, Epot= -5.09156e+05 Fmax= 3.10677e+03, atom= 1744
Step=  134, Dmax= 7.7e-03 nm, Epot= -5.09259e+05 Fmax= 8.67490e+03, atom= 1744
Step=  135, Dmax= 9.2e-03 nm, Epot= -5.09413e+05 Fmax= 5.49064e+03, atom= 1744
Step=  136, Dmax= 1.1e-02 nm, Epot= -5.09426e+05 Fmax= 1.14672e+04, atom= 1744
Step=  137, Dmax= 1.3e-02 nm, Epot= -5.09596e+05 Fmax= 8.92320e+03, atom= 1744
Step=  138, Dmax= 1.6e-02 nm, Epot= -5.09508e+05 Fmax= 1.54746e+04, atom= 1744
Step=  139, Dmax= 8.0e-03 nm, Epot= -5.09766e+05 Fmax= 3.28775e+03, atom= 1744
Step=  140, Dmax= 9.6e-03 nm, Epot= -5.09827e+05 Fmax= 1.14046e+04, atom= 1744
Step=  141, Dmax= 1.1e-02 nm, Epot= -5.10033e+05 Fmax= 6.17870e+03, atom= 1744
Step=  142, Dmax= 1.4e-02 nm, Epot= -5.09951e+05 Fmax= 1.49737e+04, atom= 1744
Step=  143, Dmax= 6.9e-03 nm, Epot= -5.10145e+05 Fmax= 4.39467e+03, atom= 1744
Step=  144, Dmax= 8.3e-03 nm, Epot= -5.10222e+05 Fmax= 8.26471e+03, atom= 1744
Step=  145, Dmax= 9.9e-03 nm, Epot= -5.10340e+05 Fmax= 6.96734e+03, atom= 1744
Step=  146, Dmax= 1.2e-02 nm, Epot= -5.10366e+05 Fmax= 1.12576e+04, atom= 1744
Step=  147, Dmax= 1.4e-02 nm, Epot= -5.10479e+05 Fmax= 1.06643e+04, atom= 1744
Step=  148, Dmax= 1.7e-02 nm, Epot= -5.10433e+05 Fmax= 1.55520e+04, atom= 1744
Step=  149, Dmax= 8.6e-03 nm, Epot= -5.10676e+05 Fmax= 2.46054e+03, atom= 1744
Step=  150, Dmax= 1.0e-02 nm, Epot= -5.10769e+05 Fmax= 1.33556e+04, atom= 1744
Step=  151, Dmax= 1.2e-02 nm, Epot= -5.11018e+05 Fmax= 5.55105e+03, atom= 1744
Step=  152, Dmax= 1.5e-02 nm, Epot= -5.10889e+05 Fmax= 1.72095e+04, atom= 1744
Step=  153, Dmax= 7.4e-03 nm, Epot= -5.11110e+05 Fmax= 5.82590e+03, atom= 1744
Step=  154, Dmax= 8.9e-03 nm, Epot= -5.11186e+05 Fmax= 7.78089e+03, atom= 1744
Step=  155, Dmax= 1.1e-02 nm, Epot= -5.11268e+05 Fmax= 8.60002e+03, atom= 1744
Step=  156, Dmax= 1.3e-02 nm, Epot= -5.11318e+05 Fmax= 1.09875e+04, atom= 1744
Step=  157, Dmax= 1.5e-02 nm, Epot= -5.11374e+05 Fmax= 1.25809e+04, atom= 1744
Step=  158, Dmax= 1.8e-02 nm, Epot= -5.11377e+05 Fmax= 1.55900e+04, atom= 1744
Step=  159, Dmax= 2.2e-02 nm, Epot= -5.11373e+05 Fmax= 1.82875e+04, atom= 1744
Step=  160, Dmax= 1.1e-02 nm, Epot= -5.11702e+05 Fmax= 1.36731e+03, atom= 1744
Step=  161, Dmax= 1.3e-02 nm, Epot= -5.11980e+05 Fmax= 1.89845e+04, atom= 1744
Step=  162, Dmax= 1.6e-02 nm, Epot= -5.12381e+05 Fmax= 5.59499e+03, atom= 1744
Step=  163, Dmax= 1.9e-02 nm, Epot= -5.12077e+05 Fmax= 2.35416e+04, atom= 1744
Step=  164, Dmax= 9.5e-03 nm, Epot= -5.12441e+05 Fmax= 9.01534e+03, atom= 1744
Step=  165, Dmax= 1.1e-02 nm, Epot= -5.12531e+05 Fmax= 8.61889e+03, atom= 1744
Step=  166, Dmax= 1.4e-02 nm, Epot= -5.12554e+05 Fmax= 1.24302e+04, atom= 1744
Step=  167, Dmax= 1.6e-02 nm, Epot= -5.12629e+05 Fmax= 1.29197e+04, atom= 1744
Step=  168, Dmax= 2.0e-02 nm, Epot= -5.12596e+05 Fmax= 1.73515e+04, atom= 1744
Step=  169, Dmax= 9.9e-03 nm, Epot= -5.12833e+05 Fmax= 2.24223e+03, atom= 1744
Step=  170, Dmax= 1.2e-02 nm, Epot= -5.12929e+05 Fmax= 1.60904e+04, atom= 1744
Step=  171, Dmax= 1.4e-02 nm, Epot= -5.13192e+05 Fmax= 5.76251e+03, atom= 1744
Step=  172, Dmax= 1.7e-02 nm, Epot= -5.13020e+05 Fmax= 2.05672e+04, atom= 1744
Step=  173, Dmax= 8.5e-03 nm, Epot= -5.13264e+05 Fmax= 7.40056e+03, atom= 1744
Step=  174, Dmax= 1.0e-02 nm, Epot= -5.13335e+05 Fmax= 8.31825e+03, atom= 1744
Step=  175, Dmax= 1.2e-02 nm, Epot= -5.13386e+05 Fmax= 1.06215e+04, atom= 1744
Step=  176, Dmax= 1.5e-02 nm, Epot= -5.13442e+05 Fmax= 1.20027e+04, atom= 1744
Step=  177, Dmax= 1.8e-02 nm, Epot= -5.13454e+05 Fmax= 1.52331e+04, atom= 1744
Step=  178, Dmax= 2.1e-02 nm, Epot= -5.13478e+05 Fmax= 1.72900e+04, atom= 1744
Step=  179, Dmax= 2.6e-02 nm, Epot= -5.13411e+05 Fmax= 2.18293e+04, atom= 1744
Step=  180, Dmax= 1.3e-02 nm, Epot= -5.13780e+05 Fmax= 2.29303e+03, atom= 1744
Step=  181, Dmax= 1.5e-02 nm, Epot= -5.13796e+05 Fmax= 2.12210e+04, atom= 1744
Step=  182, Dmax= 1.8e-02 nm, Epot= -5.14182e+05 Fmax= 7.13440e+03, atom= 1744
Step=  183, Dmax= 2.2e-02 nm, Epot= -5.13822e+05 Fmax= 2.65699e+04, atom= 1744
Step=  184, Dmax= 1.1e-02 nm, Epot= -5.14234e+05 Fmax= 9.75476e+03, atom= 1744
Step=  185, Dmax= 1.3e-02 nm, Epot= -5.14298e+05 Fmax= 1.06058e+04, atom= 1744
Step=  186, Dmax= 1.6e-02 nm, Epot= -5.14322e+05 Fmax= 1.37044e+04, atom= 1744
Step=  187, Dmax= 1.9e-02 nm, Epot= -5.14357e+05 Fmax= 1.55666e+04, atom= 1744
Step=  188, Dmax= 2.3e-02 nm, Epot= -5.14332e+05 Fmax= 1.93722e+04, atom= 1744
Step=  189, Dmax= 1.1e-02 nm, Epot= -5.14588e+05 Fmax= 1.94568e+03, atom= 1744
Step=  190, Dmax= 1.4e-02 nm, Epot= -5.14696e+05 Fmax= 1.92550e+04, atom= 1744
Step=  191, Dmax= 1.6e-02 nm, Epot= -5.14999e+05 Fmax= 6.02082e+03, atom= 1744
Step=  192, Dmax= 2.0e-02 nm, Epot= -5.14752e+05 Fmax= 2.44144e+04, atom= 1744
Step=  193, Dmax= 9.9e-03 nm, Epot= -5.15051e+05 Fmax= 9.20599e+03, atom= 1744
Step=  194, Dmax= 1.2e-02 nm, Epot= -5.15123e+05 Fmax= 8.95953e+03, atom= 1744
Step=  195, Dmax= 1.4e-02 nm, Epot= -5.15144e+05 Fmax= 1.29270e+04, atom= 1744
Step=  196, Dmax= 1.7e-02 nm, Epot= -5.15208e+05 Fmax= 1.32052e+04, atom= 1744
Step=  197, Dmax= 2.0e-02 nm, Epot= -5.15173e+05 Fmax= 1.82492e+04, atom= 1744
Step=  198, Dmax= 1.0e-02 nm, Epot= -5.15374e+05 Fmax= 2.52789e+03, atom= 1744
Step=  199, Dmax= 1.2e-02 nm, Epot= -5.15441e+05 Fmax= 1.62967e+04, atom= 1744
Step=  200, Dmax= 1.5e-02 nm, Epot= -5.15652e+05 Fmax= 6.41734e+03, atom= 1744
Step=  201, Dmax= 1.8e-02 nm, Epot= -5.15518e+05 Fmax= 2.06604e+04, atom= 1744
Step=  202, Dmax= 8.8e-03 nm, Epot= -5.15715e+05 Fmax= 7.13591e+03, atom= 1744
Step=  203, Dmax= 1.1e-02 nm, Epot= -5.15768e+05 Fmax= 9.21210e+03, atom= 1744
Step=  204, Dmax= 1.3e-02 nm, Epot= -5.15823e+05 Fmax= 1.03040e+04, atom= 1744
Step=  205, Dmax= 1.5e-02 nm, Epot= -5.15852e+05 Fmax= 1.32119e+04, atom= 1744
Step=  206, Dmax= 1.8e-02 nm, Epot= -5.15889e+05 Fmax= 1.48628e+04, atom= 1744
Step=  207, Dmax= 2.2e-02 nm, Epot= -5.15869e+05 Fmax= 1.89325e+04, atom= 1744
Step=  208, Dmax= 1.1e-02 nm, Epot= -5.16078e+05 Fmax= 2.04761e+03, atom= 1744
Step=  209, Dmax= 1.3e-02 nm, Epot= -5.16179e+05 Fmax= 1.81780e+04, atom= 1744
Step=  210, Dmax= 1.6e-02 nm, Epot= -5.16420e+05 Fmax= 6.27192e+03, atom= 1744
Step=  211, Dmax= 1.9e-02 nm, Epot= -5.16246e+05 Fmax= 2.28101e+04, atom= 1744
Step=  212, Dmax= 9.5e-03 nm, Epot= -5.16474e+05 Fmax= 8.29239e+03, atom= 1744
Step=  213, Dmax= 1.1e-02 nm, Epot= -5.16530e+05 Fmax= 9.28551e+03, atom= 1744
Step=  214, Dmax= 1.4e-02 nm, Epot= -5.16568e+05 Fmax= 1.16886e+04, atom= 1744
Step=  215, Dmax= 1.6e-02 nm, Epot= -5.16606e+05 Fmax= 1.35871e+04, atom= 1744
Step=  216, Dmax= 2.0e-02 nm, Epot= -5.16615e+05 Fmax= 1.65792e+04, atom= 1744
Step=  217, Dmax= 2.4e-02 nm, Epot= -5.16610e+05 Fmax= 1.97320e+04, atom= 1744
Step=  218, Dmax= 1.2e-02 nm, Epot= -5.16828e+05 Fmax= 1.59960e+03, atom= 1744
Step=  219, Dmax= 1.4e-02 nm, Epot= -5.16995e+05 Fmax= 2.01199e+04, atom= 1744
Step=  220, Dmax= 1.7e-02 nm, Epot= -5.17267e+05 Fmax= 6.22346e+03, atom= 1744
Step=  221, Dmax= 2.0e-02 nm, Epot= -5.17052e+05 Fmax= 2.49852e+04, atom= 1744
Step=  222, Dmax= 1.0e-02 nm, Epot= -5.17311e+05 Fmax= 9.42459e+03, atom= 1744
Step=  223, Dmax= 1.2e-02 nm, Epot= -5.17371e+05 Fmax= 9.48104e+03, atom= 1744
Step=  224, Dmax= 1.5e-02 nm, Epot= -5.17392e+05 Fmax= 1.30602e+04, atom= 1744
Step=  225, Dmax= 1.8e-02 nm, Epot= -5.17437e+05 Fmax= 1.41097e+04, atom= 1744
Step=  226, Dmax= 2.1e-02 nm, Epot= -5.17421e+05 Fmax= 1.83038e+04, atom= 1744
Step=  227, Dmax= 1.1e-02 nm, Epot= -5.17591e+05 Fmax= 2.12993e+03, atom= 1744
Step=  228, Dmax= 1.3e-02 nm, Epot= -5.17679e+05 Fmax= 1.75704e+04, atom= 1744
Step=  229, Dmax= 1.5e-02 nm, Epot= -5.17883e+05 Fmax= 5.84861e+03, atom= 1744
Step=  230, Dmax= 1.8e-02 nm, Epot= -5.17742e+05 Fmax= 2.23913e+04, atom= 1744
Step=  231, Dmax= 9.2e-03 nm, Epot= -5.17932e+05 Fmax= 8.27283e+03, atom= 1744
Step=  232, Dmax= 1.1e-02 nm, Epot= -5.17988e+05 Fmax= 8.56295e+03, atom= 1744
Step=  233, Dmax= 1.3e-02 nm, Epot= -5.18018e+05 Fmax= 1.17426e+04, atom= 1744
Step=  234, Dmax= 1.6e-02 nm, Epot= -5.18066e+05 Fmax= 1.24884e+04, atom= 1744
Step=  235, Dmax= 1.9e-02 nm, Epot= -5.18060e+05 Fmax= 1.66983e+04, atom= 1744
Step=  236, Dmax= 9.5e-03 nm, Epot= -5.18190e+05 Fmax= 2.10941e+03, atom= 1744
Step=  237, Dmax= 1.1e-02 nm, Epot= -5.18290e+05 Fmax= 1.53061e+04, atom= 1744
Step=  238, Dmax= 1.4e-02 nm, Epot= -5.18448e+05 Fmax= 5.76787e+03, atom= 1744
Step=  239, Dmax= 1.6e-02 nm, Epot= -5.18370e+05 Fmax= 1.93269e+04, atom= 1744
Step=  240, Dmax= 8.2e-03 nm, Epot= -5.18501e+05 Fmax= 6.79244e+03, atom= 1744
Step=  241, Dmax= 9.8e-03 nm, Epot= -5.18550e+05 Fmax= 8.37953e+03, atom= 1744
Step=  242, Dmax= 1.2e-02 nm, Epot= -5.18596e+05 Fmax= 9.71364e+03, atom= 1744
Step=  243, Dmax= 1.4e-02 nm, Epot= -5.18628e+05 Fmax= 1.21060e+04, atom= 1744
Step=  244, Dmax= 1.7e-02 nm, Epot= -5.18659e+05 Fmax= 1.39311e+04, atom= 1744
Step=  245, Dmax= 2.0e-02 nm, Epot= -5.18659e+05 Fmax= 1.74293e+04, atom= 1744
Step=  246, Dmax= 1.0e-02 nm, Epot= -5.18801e+05 Fmax= 1.75910e+03, atom= 1744
Step=  247, Dmax= 1.2e-02 nm, Epot= -5.18932e+05 Fmax= 1.69457e+04, atom= 1744
Step=  248, Dmax= 1.5e-02 nm, Epot= -5.19113e+05 Fmax= 5.73263e+03, atom= 1744
Step=  249, Dmax= 1.8e-02 nm, Epot= -5.19003e+05 Fmax= 2.12222e+04, atom= 1744
Step=  250, Dmax= 8.8e-03 nm, Epot= -5.19161e+05 Fmax= 7.76519e+03, atom= 1744
Step=  251, Dmax= 1.1e-02 nm, Epot= -5.19210e+05 Fmax= 8.54488e+03, atom= 1744
Step=  252, Dmax= 1.3e-02 nm, Epot= -5.19245e+05 Fmax= 1.09007e+04, atom= 1744
Step=  253, Dmax= 1.5e-02 nm, Epot= -5.19281e+05 Fmax= 1.25502e+04, atom= 1744
Step=  254, Dmax= 1.8e-02 nm, Epot= -5.19294e+05 Fmax= 1.54291e+04, atom= 1744
Step=  255, Dmax= 2.2e-02 nm, Epot= -5.19299e+05 Fmax= 1.82664e+04, atom= 1744
Step=  256, Dmax= 2.6e-02 nm, Epot= -5.19273e+05 Fmax= 2.19161e+04, atom= 1744
Step=  257, Dmax= 1.3e-02 nm, Epot= -5.19514e+05 Fmax= 1.89550e+03, atom= 1744
Step=  258, Dmax= 1.6e-02 nm, Epot= -5.19573e+05 Fmax= 2.25320e+04, atom= 1744
Step=  259, Dmax= 1.9e-02 nm, Epot= -5.19860e+05 Fmax= 6.61449e+03, atom= 1744
Step=  260, Dmax= 2.3e-02 nm, Epot= -5.19574e+05 Fmax= 2.84383e+04, atom= 1744
Step=  261, Dmax= 1.1e-02 nm, Epot= -5.19887e+05 Fmax= 1.09429e+04, atom= 1744
Step=  262, Dmax= 1.4e-02 nm, Epot= -5.19947e+05 Fmax= 9.97679e+03, atom= 1744
Step=  263, Dmax= 1.6e-02 nm, Epot= -5.19939e+05 Fmax= 1.52308e+04, atom= 1744
Step=  264, Dmax= 8.2e-03 nm, Epot= -5.20030e+05 Fmax= 2.62672e+03, atom= 1744
Step=  265, Dmax= 9.8e-03 nm, Epot= -5.20096e+05 Fmax= 1.23963e+04, atom= 1744
Step=  266, Dmax= 1.2e-02 nm, Epot= -5.20200e+05 Fmax= 5.76654e+03, atom= 1744
Step=  267, Dmax= 1.4e-02 nm, Epot= -5.20174e+05 Fmax= 1.58924e+04, atom= 1744
Step=  268, Dmax= 7.1e-03 nm, Epot= -5.20251e+05 Fmax= 5.07011e+03, atom= 1744
Step=  269, Dmax= 8.5e-03 nm, Epot= -5.20295e+05 Fmax= 8.02477e+03, atom= 1744
Step=  270, Dmax= 1.0e-02 nm, Epot= -5.20348e+05 Fmax= 7.58471e+03, atom= 1744
Step=  271, Dmax= 1.2e-02 nm, Epot= -5.20372e+05 Fmax= 1.12501e+04, atom= 1744
Step=  272, Dmax= 1.5e-02 nm, Epot= -5.20422e+05 Fmax= 1.12197e+04, atom= 1744
Step=  273, Dmax= 1.8e-02 nm, Epot= -5.20414e+05 Fmax= 1.58577e+04, atom= 1744
Step=  274, Dmax= 8.8e-03 nm, Epot= -5.20518e+05 Fmax= 2.32140e+03, atom= 1744
Step=  275, Dmax= 1.1e-02 nm, Epot= -5.20590e+05 Fmax= 1.38123e+04, atom= 1744
Step=  276, Dmax= 1.3e-02 nm, Epot= -5.20712e+05 Fmax= 5.72070e+03, atom= 1744
Step=  277, Dmax= 1.5e-02 nm, Epot= -5.20662e+05 Fmax= 1.75489e+04, atom= 1744
Step=  278, Dmax= 7.6e-03 nm, Epot= -5.20760e+05 Fmax= 5.92364e+03, atom= 1744
Step=  279, Dmax= 9.1e-03 nm, Epot= -5.20801e+05 Fmax= 8.15108e+03, atom= 1744
Step=  280, Dmax= 1.1e-02 nm, Epot= -5.20847e+05 Fmax= 8.62418e+03, atom= 1744
Step=  281, Dmax= 1.3e-02 nm, Epot= -5.20872e+05 Fmax= 1.16176e+04, atom= 1744
Step=  282, Dmax= 1.6e-02 nm, Epot= -5.20910e+05 Fmax= 1.25290e+04, atom= 1744
Step=  283, Dmax= 1.9e-02 nm, Epot= -5.20903e+05 Fmax= 1.65665e+04, atom= 1744
Step=  284, Dmax= 9.5e-03 nm, Epot= -5.21020e+05 Fmax= 2.02427e+03, atom= 1744
Step=  285, Dmax= 1.1e-02 nm, Epot= -5.21105e+05 Fmax= 1.53082e+04, atom= 1744
Step=  286, Dmax= 1.4e-02 nm, Epot= -5.21246e+05 Fmax= 5.70085e+03, atom= 1744
Step=  287, Dmax= 1.6e-02 nm, Epot= -5.21168e+05 Fmax= 1.93021e+04, atom= 1744
Step=  288, Dmax= 8.2e-03 nm, Epot= -5.21290e+05 Fmax= 6.81374e+03, atom= 1744
Step=  289, Dmax= 9.8e-03 nm, Epot= -5.21331e+05 Fmax= 8.31284e+03, atom= 1744
Step=  290, Dmax= 1.2e-02 nm, Epot= -5.21369e+05 Fmax= 9.71689e+03, atom= 1744
Step=  291, Dmax= 1.4e-02 nm, Epot= -5.21395e+05 Fmax= 1.20355e+04, atom= 1744
Step=  292, Dmax= 1.7e-02 nm, Epot= -5.21419e+05 Fmax= 1.39131e+04, atom= 1744
Step=  293, Dmax= 2.0e-02 nm, Epot= -5.21415e+05 Fmax= 1.73484e+04, atom= 1744
Step=  294, Dmax= 1.0e-02 nm, Epot= -5.21547e+05 Fmax= 1.72761e+03, atom= 1744
Step=  295, Dmax= 1.2e-02 nm, Epot= -5.21652e+05 Fmax= 1.68926e+04, atom= 1744
Step=  296, Dmax= 1.5e-02 nm, Epot= -5.21816e+05 Fmax= 5.71314e+03, atom= 1744
Step=  297, Dmax= 1.8e-02 nm, Epot= -5.21706e+05 Fmax= 2.11453e+04, atom= 1744
Step=  298, Dmax= 8.8e-03 nm, Epot= -5.21856e+05 Fmax= 7.73658e+03, atom= 1744
Step=  299, Dmax= 1.1e-02 nm, Epot= -5.21897e+05 Fmax= 8.52340e+03, atom= 1744
Step=  300, Dmax= 1.3e-02 nm, Epot= -5.21925e+05 Fmax= 1.08552e+04, atom= 1744
Step=  301, Dmax= 1.5e-02 nm, Epot= -5.21954e+05 Fmax= 1.25220e+04, atom= 1744
Step=  302, Dmax= 1.8e-02 nm, Epot= -5.21963e+05 Fmax= 1.53626e+04, atom= 1744
Step=  303, Dmax= 2.2e-02 nm, Epot= -5.21962e+05 Fmax= 1.82253e+04, atom= 1744
Step=  304, Dmax= 1.1e-02 nm, Epot= -5.22111e+05 Fmax= 1.44856e+03, atom= 1744
Step=  305, Dmax= 1.3e-02 nm, Epot= -5.22247e+05 Fmax= 1.85416e+04, atom= 1744
Step=  306, Dmax= 1.6e-02 nm, Epot= -5.22438e+05 Fmax= 5.79662e+03, atom= 1744
Step=  307, Dmax= 1.9e-02 nm, Epot= -5.22289e+05 Fmax= 2.30391e+04, atom= 1744
Step=  308, Dmax= 9.4e-03 nm, Epot= -5.22472e+05 Fmax= 8.65626e+03, atom= 1744
Step=  309, Dmax= 1.1e-02 nm, Epot= -5.22515e+05 Fmax= 8.82619e+03, atom= 1744
Step=  310, Dmax= 1.4e-02 nm, Epot= -5.22532e+05 Fmax= 1.20020e+04, atom= 1744
Step=  311, Dmax= 1.6e-02 nm, Epot= -5.22564e+05 Fmax= 1.31236e+04, atom= 1744
Step=  312, Dmax= 2.0e-02 nm, Epot= -5.22556e+05 Fmax= 1.68409e+04, atom= 1744
Step=  313, Dmax= 9.8e-03 nm, Epot= -5.22677e+05 Fmax= 1.88516e+03, atom= 1744
Step=  314, Dmax= 1.2e-02 nm, Epot= -5.22751e+05 Fmax= 1.63778e+04, atom= 1744
Step=  315, Dmax= 1.4e-02 nm, Epot= -5.22903e+05 Fmax= 5.26557e+03, atom= 1744
Step=  316, Dmax= 1.7e-02 nm, Epot= -5.22800e+05 Fmax= 2.08627e+04, atom= 1744
Step=  317, Dmax= 8.5e-03 nm, Epot= -5.22940e+05 Fmax= 7.79992e+03, atom= 1744
Step=  318, Dmax= 1.0e-02 nm, Epot= -5.22982e+05 Fmax= 7.75474e+03, atom= 1744
Step=  319, Dmax= 1.2e-02 nm, Epot= -5.23003e+05 Fmax= 1.10260e+04, atom= 1744
Step=  320, Dmax= 1.5e-02 nm, Epot= -5.23042e+05 Fmax= 1.13678e+04, atom= 1744
Step=  321, Dmax= 1.8e-02 nm, Epot= -5.23034e+05 Fmax= 1.56262e+04, atom= 1744
Step=  322, Dmax= 8.8e-03 nm, Epot= -5.23132e+05 Fmax= 2.13153e+03, atom= 1744
Step=  323, Dmax= 1.1e-02 nm, Epot= -5.23196e+05 Fmax= 1.39294e+04, atom= 1744
Step=  324, Dmax= 1.3e-02 nm, Epot= -5.23310e+05 Fmax= 5.54514e+03, atom= 1744
Step=  325, Dmax= 1.5e-02 nm, Epot= -5.23253e+05 Fmax= 1.76388e+04, atom= 1744
Step=  326, Dmax= 7.6e-03 nm, Epot= -5.23351e+05 Fmax= 6.05673e+03, atom= 1744
Step=  327, Dmax= 9.1e-03 nm, Epot= -5.23386e+05 Fmax= 7.97605e+03, atom= 1744
Step=  328, Dmax= 1.1e-02 nm, Epot= -5.23423e+05 Fmax= 8.74086e+03, atom= 1744
Step=  329, Dmax= 1.3e-02 nm, Epot= -5.23444e+05 Fmax= 1.14382e+04, atom= 1744
Step=  330, Dmax= 1.6e-02 nm, Epot= -5.23473e+05 Fmax= 1.26264e+04, atom= 1744
Step=  331, Dmax= 1.9e-02 nm, Epot= -5.23465e+05 Fmax= 1.63773e+04, atom= 1744
Step=  332, Dmax= 9.4e-03 nm, Epot= -5.23577e+05 Fmax= 1.88134e+03, atom= 1744
Step=  333, Dmax= 1.1e-02 nm, Epot= -5.23650e+05 Fmax= 1.53710e+04, atom= 1744
Step=  334, Dmax= 1.4e-02 nm, Epot= -5.23783e+05 Fmax= 5.57471e+03, atom= 1744
Step=  335, Dmax= 1.6e-02 nm, Epot= -5.23699e+05 Fmax= 1.93357e+04, atom= 1744
Step=  336, Dmax= 8.1e-03 nm, Epot= -5.23820e+05 Fmax= 6.89459e+03, atom= 1744
Step=  337, Dmax= 9.8e-03 nm, Epot= -5.23855e+05 Fmax= 8.18695e+03, atom= 1744
Step=  338, Dmax= 1.2e-02 nm, Epot= -5.23885e+05 Fmax= 9.78027e+03, atom= 1744
Step=  339, Dmax= 1.4e-02 nm, Epot= -5.23907e+05 Fmax= 1.19048e+04, atom= 1744
Step=  340, Dmax= 1.7e-02 nm, Epot= -5.23923e+05 Fmax= 1.39563e+04, atom= 1744
Step=  341, Dmax= 2.0e-02 nm, Epot= -5.23917e+05 Fmax= 1.72062e+04, atom= 1744
Step=  342, Dmax= 1.0e-02 nm, Epot= -5.24045e+05 Fmax= 1.63543e+03, atom= 1744
Step=  343, Dmax= 1.2e-02 nm, Epot= -5.24131e+05 Fmax= 1.68955e+04, atom= 1744
Step=  344, Dmax= 1.5e-02 nm, Epot= -5.24287e+05 Fmax= 5.64141e+03, atom= 1744
Step=  345, Dmax= 1.8e-02 nm, Epot= -5.24170e+05 Fmax= 2.11179e+04, atom= 1744
Step=  346, Dmax= 8.8e-03 nm, Epot= -5.24320e+05 Fmax= 7.76002e+03, atom= 1744
Step=  347, Dmax= 1.1e-02 nm, Epot= -5.24356e+05 Fmax= 8.45123e+03, atom= 1744
Step=  348, Dmax= 1.3e-02 nm, Epot= -5.24377e+05 Fmax= 1.08603e+04, atom= 1744
Step=  349, Dmax= 1.5e-02 nm, Epot= -5.24401e+05 Fmax= 1.24445e+04, atom= 1744
Step=  350, Dmax= 1.8e-02 nm, Epot= -5.24403e+05 Fmax= 1.53465e+04, atom= 1744
Step=  351, Dmax= 2.2e-02 nm, Epot= -5.24399e+05 Fmax= 1.81354e+04, atom= 1744
Step=  352, Dmax= 1.1e-02 nm, Epot= -5.24544e+05 Fmax= 1.41177e+03, atom= 1744
Step=  353, Dmax= 1.3e-02 nm, Epot= -5.24650e+05 Fmax= 1.84799e+04, atom= 1744
Step=  354, Dmax= 1.6e-02 nm, Epot= -5.24832e+05 Fmax= 5.78133e+03, atom= 1744
Step=  355, Dmax= 1.9e-02 nm, Epot= -5.24675e+05 Fmax= 2.29506e+04, atom= 1744
Step=  356, Dmax= 9.4e-03 nm, Epot= -5.24859e+05 Fmax= 8.62022e+03, atom= 1744
Step=  357, Dmax= 1.1e-02 nm, Epot= -5.24896e+05 Fmax= 8.80940e+03, atom= 1744
Step=  358, Dmax= 1.4e-02 nm, Epot= -5.24908e+05 Fmax= 1.19471e+04, atom= 1744
Step=  359, Dmax= 1.6e-02 nm, Epot= -5.24933e+05 Fmax= 1.31002e+04, atom= 1744
Step=  360, Dmax= 2.0e-02 nm, Epot= -5.24920e+05 Fmax= 1.67637e+04, atom= 1744
Step=  361, Dmax= 9.8e-03 nm, Epot= -5.25040e+05 Fmax= 1.85850e+03, atom= 1744
Step=  362, Dmax= 1.2e-02 nm, Epot= -5.25092e+05 Fmax= 1.63661e+04, atom= 1744
Step=  363, Dmax= 1.4e-02 nm, Epot= -5.25237e+05 Fmax= 5.20620e+03, atom= 1744
Step=  364, Dmax= 1.7e-02 nm, Epot= -5.25124e+05 Fmax= 2.08465e+04, atom= 1744
Step=  365, Dmax= 8.4e-03 nm, Epot= -5.25267e+05 Fmax= 7.82170e+03, atom= 1744
Step=  366, Dmax= 1.0e-02 nm, Epot= -5.25305e+05 Fmax= 7.67907e+03, atom= 1744
Step=  367, Dmax= 1.2e-02 nm, Epot= -5.25319e+05 Fmax= 1.10455e+04, atom= 1744
Step=  368, Dmax= 1.5e-02 nm, Epot= -5.25353e+05 Fmax= 1.12728e+04, atom= 1744
Step=  369, Dmax= 1.7e-02 nm, Epot= -5.25338e+05 Fmax= 1.56378e+04, atom= 1744
Step=  370, Dmax= 8.7e-03 nm, Epot= -5.25438e+05 Fmax= 2.18455e+03, atom= 1744
Step=  371, Dmax= 1.0e-02 nm, Epot= -5.25480e+05 Fmax= 1.38123e+04, atom= 1744
Step=  372, Dmax= 1.3e-02 nm, Epot= -5.25587e+05 Fmax= 5.59903e+03, atom= 1744
Step=  373, Dmax= 1.5e-02 nm, Epot= -5.25523e+05 Fmax= 1.75035e+04, atom= 1744
Step=  374, Dmax= 7.6e-03 nm, Epot= -5.25622e+05 Fmax= 5.96159e+03, atom= 1744
Step=  375, Dmax= 9.1e-03 nm, Epot= -5.25651e+05 Fmax= 8.02968e+03, atom= 1744
Step=  376, Dmax= 1.1e-02 nm, Epot= -5.25683e+05 Fmax= 8.62951e+03, atom= 1744
Step=  377, Dmax= 1.3e-02 nm, Epot= -5.25697e+05 Fmax= 1.14885e+04, atom= 1744
Step=  378, Dmax= 1.6e-02 nm, Epot= -5.25722e+05 Fmax= 1.24949e+04, atom= 1744
Step=  379, Dmax= 1.9e-02 nm, Epot= -5.25707e+05 Fmax= 1.64191e+04, atom= 1744
Step=  380, Dmax= 9.4e-03 nm, Epot= -5.25821e+05 Fmax= 1.96733e+03, atom= 1744
Step=  381, Dmax= 1.1e-02 nm, Epot= -5.25864e+05 Fmax= 1.52163e+04, atom= 1744
Step=  382, Dmax= 1.4e-02 nm, Epot= -5.25990e+05 Fmax= 5.65957e+03, atom= 1744
Step=  383, Dmax= 1.6e-02 nm, Epot= -5.25898e+05 Fmax= 1.91651e+04, atom= 1744
Step=  384, Dmax= 8.1e-03 nm, Epot= -5.26022e+05 Fmax= 6.76593e+03, atom= 1744
Step=  385, Dmax= 9.7e-03 nm, Epot= -5.26051e+05 Fmax= 8.27049e+03, atom= 1744
Step=  386, Dmax= 1.2e-02 nm, Epot= -5.26076e+05 Fmax= 9.63515e+03, atom= 1744
Step=  387, Dmax= 1.4e-02 nm, Epot= -5.26091e+05 Fmax= 1.19838e+04, atom= 1744
Step=  388, Dmax= 1.7e-02 nm, Epot= -5.26105e+05 Fmax= 1.37904e+04, atom= 1744
Step=  389, Dmax= 2.0e-02 nm, Epot= -5.26090e+05 Fmax= 1.72758e+04, atom= 1744
Step=  390, Dmax= 1.0e-02 nm, Epot= -5.26220e+05 Fmax= 1.75186e+03, atom= 1744
Step=  391, Dmax= 1.2e-02 nm, Epot= -5.26268e+05 Fmax= 1.67074e+04, atom= 1744
Step=  392, Dmax= 1.5e-02 nm, Epot= -5.26416e+05 Fmax= 5.74950e+03, atom= 1744
Step=  393, Dmax= 1.7e-02 nm, Epot= -5.26291e+05 Fmax= 2.09215e+04, atom= 1744
Step=  394, Dmax= 8.7e-03 nm, Epot= -5.26443e+05 Fmax= 7.60565e+03, atom= 1744
Step=  395, Dmax= 1.0e-02 nm, Epot= -5.26472e+05 Fmax= 8.55587e+03, atom= 1744
Step=  396, Dmax= 1.3e-02 nm, Epot= -5.26491e+05 Fmax= 1.06898e+04, atom= 1744
Step=  397, Dmax= 1.5e-02 nm, Epot= -5.26507e+05 Fmax= 1.25431e+04, atom= 1744
Step=  398, Dmax= 1.8e-02 nm, Epot= -5.26507e+05 Fmax= 1.51546e+04, atom= 1744
Step=  399, Dmax= 2.2e-02 nm, Epot= -5.26494e+05 Fmax= 1.82229e+04, atom= 1744
Step=  400, Dmax= 1.1e-02 nm, Epot= -5.26642e+05 Fmax= 1.54989e+03, atom= 1744
Step=  401, Dmax= 1.3e-02 nm, Epot= -5.26696e+05 Fmax= 1.82715e+04, atom= 1744
Step=  402, Dmax= 1.6e-02 nm, Epot= -5.26869e+05 Fmax= 5.89688e+03, atom= 1744
Step=  403, Dmax= 1.9e-02 nm, Epot= -5.26706e+05 Fmax= 2.27487e+04, atom= 1744
Step=  404, Dmax= 9.4e-03 nm, Epot= -5.26891e+05 Fmax= 8.45667e+03, atom= 1744
Step=  405, Dmax= 1.1e-02 nm, Epot= -5.26922e+05 Fmax= 8.91722e+03, atom= 1744
Step=  406, Dmax= 1.4e-02 nm, Epot= -5.26931e+05 Fmax= 1.17686e+04, atom= 1744
Step=  407, Dmax= 1.6e-02 nm, Epot= -5.26949e+05 Fmax= 1.32002e+04, atom= 1744
Step=  408, Dmax= 1.9e-02 nm, Epot= -5.26935e+05 Fmax= 1.65636e+04, atom= 1744
Step=  409, Dmax= 9.7e-03 nm, Epot= -5.27054e+05 Fmax= 1.70933e+03, atom= 1744
Step=  410, Dmax= 1.2e-02 nm, Epot= -5.27095e+05 Fmax= 1.64943e+04, atom= 1744
Step=  411, Dmax= 1.4e-02 nm, Epot= -5.27239e+05 Fmax= 5.01267e+03, atom= 1744
Step=  412, Dmax= 1.7e-02 nm, Epot= -5.27116e+05 Fmax= 2.09728e+04, atom= 1744
Step=  413, Dmax= 8.4e-03 nm, Epot= -5.27263e+05 Fmax= 7.98324e+03, atom= 1744
Step=  414, Dmax= 1.0e-02 nm, Epot= -5.27298e+05 Fmax= 7.46619e+03, atom= 1744
Step=  415, Dmax= 1.2e-02 nm, Epot= -5.27304e+05 Fmax= 1.12053e+04, atom= 1744
Step=  416, Dmax= 1.5e-02 nm, Epot= -5.27338e+05 Fmax= 1.10391e+04, atom= 1744
Step=  417, Dmax= 1.7e-02 nm, Epot= -5.27314e+05 Fmax= 1.57919e+04, atom= 1744
Step=  418, Dmax= 8.7e-03 nm, Epot= -5.27417e+05 Fmax= 2.37768e+03, atom= 1744
Step=  419, Dmax= 1.0e-02 nm, Epot= -5.27436e+05 Fmax= 1.35613e+04, atom= 1744
Step=  420, Dmax= 1.3e-02 nm, Epot= -5.27536e+05 Fmax= 5.78585e+03, atom= 1744
Step=  421, Dmax= 1.5e-02 nm, Epot= -5.27466e+05 Fmax= 1.72379e+04, atom= 1744
Step=  422, Dmax= 7.5e-03 nm, Epot= -5.27568e+05 Fmax= 5.73502e+03, atom= 1744
Step=  423, Dmax= 9.0e-03 nm, Epot= -5.27590e+05 Fmax= 8.21720e+03, atom= 1744
Step=  424, Dmax= 1.1e-02 nm, Epot= -5.27621e+05 Fmax= 8.38566e+03, atom= 1744
Step=  425, Dmax= 1.3e-02 nm, Epot= -5.27626e+05 Fmax= 1.16731e+04, atom= 1744
Step=  426, Dmax= 1.6e-02 nm, Epot= -5.27652e+05 Fmax= 1.22306e+04, atom= 1744
Step=  427, Dmax= 1.9e-02 nm, Epot= -5.27627e+05 Fmax= 1.65961e+04, atom= 1744
Step=  428, Dmax= 9.4e-03 nm, Epot= -5.27744e+05 Fmax= 2.18697e+03, atom= 1744
Step=  429, Dmax= 1.1e-02 nm, Epot= -5.27759e+05 Fmax= 1.49365e+04, atom= 1744
Step=  430, Dmax= 1.3e-02 nm, Epot= -5.27877e+05 Fmax= 5.86720e+03, atom= 1744
Step=  431, Dmax= 1.6e-02 nm, Epot= -5.27781e+05 Fmax= 1.88750e+04, atom= 1744
Step=  432, Dmax= 8.1e-03 nm, Epot= -5.27906e+05 Fmax= 6.51587e+03, atom= 1744
Step=  433, Dmax= 9.7e-03 nm, Epot= -5.27928e+05 Fmax= 8.47650e+03, atom= 1744
Step=  434, Dmax= 1.2e-02 nm, Epot= -5.27953e+05 Fmax= 9.36885e+03, atom= 1744
Step=  435, Dmax= 1.4e-02 nm, Epot= -5.27959e+05 Fmax= 1.21856e+04, atom= 1744
Step=  436, Dmax= 1.7e-02 nm, Epot= -5.27974e+05 Fmax= 1.35031e+04, atom= 1744
Step=  437, Dmax= 2.0e-02 nm, Epot= -5.27948e+05 Fmax= 1.74687e+04, atom= 1744
Step=  438, Dmax= 1.0e-02 nm, Epot= -5.28082e+05 Fmax= 1.99057e+03, atom= 1744
Step=  439, Dmax= 1.2e-02 nm, Epot= -5.28094e+05 Fmax= 1.64072e+04, atom= 1744
Step=  440, Dmax= 1.4e-02 nm, Epot= -5.28232e+05 Fmax= 5.96732e+03, atom= 1744
Step=  441, Dmax= 1.7e-02 nm, Epot= -5.28104e+05 Fmax= 2.06196e+04, atom= 1744
Step=  442, Dmax= 8.7e-03 nm, Epot= -5.28257e+05 Fmax= 7.34290e+03, atom= 1744
Step=  443, Dmax= 1.0e-02 nm, Epot= -5.28280e+05 Fmax= 8.76965e+03, atom= 1744
Step=  444, Dmax= 1.3e-02 nm, Epot= -5.28297e+05 Fmax= 1.04112e+04, atom= 1744
Step=  445, Dmax= 1.5e-02 nm, Epot= -5.28304e+05 Fmax= 1.27512e+04, atom= 1744
Step=  446, Dmax= 1.8e-02 nm, Epot= -5.28307e+05 Fmax= 1.48549e+04, atom= 1744
Step=  447, Dmax= 2.2e-02 nm, Epot= -5.28282e+05 Fmax= 1.84205e+04, atom= 1744
Step=  448, Dmax= 1.1e-02 nm, Epot= -5.28435e+05 Fmax= 1.79588e+03, atom= 1744
Step=  449, Dmax= 1.3e-02 nm, Epot= -5.28443e+05 Fmax= 1.79677e+04, atom= 1744
Step=  450, Dmax= 1.6e-02 nm, Epot= -5.28608e+05 Fmax= 6.10427e+03, atom= 1744
Step=  451, Dmax= 1.9e-02 nm, Epot= -5.28441e+05 Fmax= 2.24592e+04, atom= 1744
Step=  452, Dmax= 9.4e-03 nm, Epot= -5.28627e+05 Fmax= 8.20252e+03, atom= 1744
Step=  453, Dmax= 1.1e-02 nm, Epot= -5.28651e+05 Fmax= 9.11581e+03, atom= 1744
Step=  454, Dmax= 1.3e-02 nm, Epot= -5.28659e+05 Fmax= 1.15006e+04, atom= 1744
Step=  455, Dmax= 1.6e-02 nm, Epot= -5.28669e+05 Fmax= 1.33905e+04, atom= 1744
Step=  456, Dmax= 1.9e-02 nm, Epot= -5.28658e+05 Fmax= 1.62751e+04, atom= 1744
Step=  457, Dmax= 9.7e-03 nm, Epot= -5.28774e+05 Fmax= 1.47077e+03, atom= 1744
Step=  458, Dmax= 1.2e-02 nm, Epot= -5.28817e+05 Fmax= 1.67352e+04, atom= 1744
Step=  459, Dmax= 1.4e-02 nm, Epot= -5.28964e+05 Fmax= 4.71299e+03, atom= 1744
Step=  460, Dmax= 1.7e-02 nm, Epot= -5.28830e+05 Fmax= 2.12100e+04, atom= 1744
Step=  461, Dmax= 8.4e-03 nm, Epot= -5.28981e+05 Fmax= 8.25649e+03, atom= 1744
Step=  462, Dmax= 1.0e-02 nm, Epot= -5.29017e+05 Fmax= 7.14385e+03, atom= 1744
Step=  463, Dmax= 1.2e-02 nm, Epot= -5.29015e+05 Fmax= 1.14784e+04, atom= 1744
Step=  464, Dmax= 6.0e-03 nm, Epot= -5.29060e+05 Fmax= 2.16545e+03, atom= 1744
Step=  465, Dmax= 7.2e-03 nm, Epot= -5.29098e+05 Fmax= 8.83636e+03, atom= 1744
Step=  466, Dmax= 8.7e-03 nm, Epot= -5.29149e+05 Fmax= 4.56853e+03, atom= 1744
Step=  467, Dmax= 1.0e-02 nm, Epot= -5.29145e+05 Fmax= 1.13570e+04, atom= 1744
Step=  468, Dmax= 5.2e-03 nm, Epot= -5.29179e+05 Fmax= 3.39809e+03, atom= 1744
Step=  469, Dmax= 6.3e-03 nm, Epot= -5.29206e+05 Fmax= 6.29707e+03, atom= 1744
Step=  470, Dmax= 7.5e-03 nm, Epot= -5.29238e+05 Fmax= 5.18948e+03, atom= 1744
Step=  471, Dmax= 9.0e-03 nm, Epot= -5.29252e+05 Fmax= 8.73541e+03, atom= 1744
Step=  472, Dmax= 1.1e-02 nm, Epot= -5.29287e+05 Fmax= 7.81596e+03, atom= 1744
Step=  473, Dmax= 1.3e-02 nm, Epot= -5.29280e+05 Fmax= 1.21925e+04, atom= 1744
Step=  474, Dmax= 6.5e-03 nm, Epot= -5.29334e+05 Fmax= 2.18721e+03, atom= 1744
Step=  475, Dmax= 7.8e-03 nm, Epot= -5.29368e+05 Fmax= 9.63663e+03, atom= 1744
Step=  476, Dmax= 9.3e-03 nm, Epot= -5.29425e+05 Fmax= 4.77184e+03, atom= 1744
Step=  477, Dmax= 1.1e-02 nm, Epot= -5.29410e+05 Fmax= 1.23469e+04, atom= 1744
Step=  478, Dmax= 5.6e-03 nm, Epot= -5.29454e+05 Fmax= 3.79181e+03, atom= 1744
Step=  479, Dmax= 6.7e-03 nm, Epot= -5.29479e+05 Fmax= 6.62423e+03, atom= 1744
Step=  480, Dmax= 8.1e-03 nm, Epot= -5.29511e+05 Fmax= 5.72371e+03, atom= 1744
Step=  481, Dmax= 9.7e-03 nm, Epot= -5.29521e+05 Fmax= 9.23918e+03, atom= 1744
Step=  482, Dmax= 1.2e-02 nm, Epot= -5.29554e+05 Fmax= 8.55212e+03, atom= 1744
Step=  483, Dmax= 1.4e-02 nm, Epot= -5.29543e+05 Fmax= 1.29481e+04, atom= 1744
Step=  484, Dmax= 7.0e-03 nm, Epot= -5.29607e+05 Fmax= 2.19736e+03, atom= 1744
Step=  485, Dmax= 8.4e-03 nm, Epot= -5.29636e+05 Fmax= 1.05131e+04, atom= 1744
Step=  486, Dmax= 1.0e-02 nm, Epot= -5.29700e+05 Fmax= 4.97359e+03, atom= 1744
Step=  487, Dmax= 1.2e-02 nm, Epot= -5.29673e+05 Fmax= 1.34291e+04, atom= 1744
Step=  488, Dmax= 6.0e-03 nm, Epot= -5.29729e+05 Fmax= 4.23292e+03, atom= 1744
Step=  489, Dmax= 7.2e-03 nm, Epot= -5.29751e+05 Fmax= 6.95624e+03, atom= 1744
Step=  490, Dmax= 8.7e-03 nm, Epot= -5.29781e+05 Fmax= 6.31803e+03, atom= 1744
Step=  491, Dmax= 1.0e-02 nm, Epot= -5.29789e+05 Fmax= 9.75867e+03, atom= 1744
Step=  492, Dmax= 1.2e-02 nm, Epot= -5.29820e+05 Fmax= 9.36535e+03, atom= 1744
Step=  493, Dmax= 1.5e-02 nm, Epot= -5.29804e+05 Fmax= 1.37366e+04, atom= 1744
Step=  494, Dmax= 7.5e-03 nm, Epot= -5.29879e+05 Fmax= 2.18535e+03, atom= 1744
Step=  495, Dmax= 9.0e-03 nm, Epot= -5.29902e+05 Fmax= 1.14786e+04, atom= 1744
Step=  496, Dmax= 1.1e-02 nm, Epot= -5.29976e+05 Fmax= 5.16739e+03, atom= 1744
Step=  497, Dmax= 1.3e-02 nm, Epot= -5.29934e+05 Fmax= 1.46155e+04, atom= 1744
Step=  498, Dmax= 6.5e-03 nm, Epot= -5.30004e+05 Fmax= 4.73017e+03, atom= 1744
Step=  499, Dmax= 7.8e-03 nm, Epot= -5.30023e+05 Fmax= 7.28968e+03, atom= 1744
Step=  500, Dmax= 9.3e-03 nm, Epot= -5.30052e+05 Fmax= 6.98062e+03, atom= 1744
Step=  501, Dmax= 1.1e-02 nm, Epot= -5.30058e+05 Fmax= 1.02927e+04, atom= 1744
Step=  502, Dmax= 1.3e-02 nm, Epot= -5.30085e+05 Fmax= 1.02634e+04, atom= 1744
Step=  503, Dmax= 1.6e-02 nm, Epot= -5.30065e+05 Fmax= 1.45588e+04, atom= 1744
Step=  504, Dmax= 8.1e-03 nm, Epot= -5.30152e+05 Fmax= 2.14845e+03, atom= 1744
Step=  505, Dmax= 9.7e-03 nm, Epot= -5.30169e+05 Fmax= 1.25399e+04, atom= 1744
Step=  506, Dmax= 1.2e-02 nm, Epot= -5.30254e+05 Fmax= 5.35304e+03, atom= 1744
Step=  507, Dmax= 1.4e-02 nm, Epot= -5.30194e+05 Fmax= 1.59126e+04, atom= 1744
Step=  508, Dmax= 7.0e-03 nm, Epot= -5.30281e+05 Fmax= 5.28758e+03, atom= 1744
Step=  509, Dmax= 8.3e-03 nm, Epot= -5.30299e+05 Fmax= 7.62578e+03, atom= 1744
Step=  510, Dmax= 1.0e-02 nm, Epot= -5.30325e+05 Fmax= 7.71456e+03, atom= 1744
Step=  511, Dmax= 1.2e-02 nm, Epot= -5.30328e+05 Fmax= 1.08451e+04, atom= 1744
Step=  512, Dmax= 1.4e-02 nm, Epot= -5.30350e+05 Fmax= 1.12491e+04, atom= 1744
Step=  513, Dmax= 1.7e-02 nm, Epot= -5.30327e+05 Fmax= 1.54210e+04, atom= 1744
Step=  514, Dmax= 8.7e-03 nm, Epot= -5.30428e+05 Fmax= 2.08810e+03, atom= 1744
Step=  515, Dmax= 1.0e-02 nm, Epot= -5.30438e+05 Fmax= 1.37007e+04, atom= 1744
Step=  516, Dmax= 1.2e-02 nm, Epot= -5.30536e+05 Fmax= 5.53442e+03, atom= 1744
Step=  517, Dmax= 1.5e-02 nm, Epot= -5.30454e+05 Fmax= 1.73244e+04, atom= 1744
Step=  518, Dmax= 7.5e-03 nm, Epot= -5.30561e+05 Fmax= 5.90463e+03, atom= 1744
Step=  519, Dmax= 9.0e-03 nm, Epot= -5.30578e+05 Fmax= 7.96928e+03, atom= 1744
Step=  520, Dmax= 1.1e-02 nm, Epot= -5.30600e+05 Fmax= 8.52107e+03, atom= 1744
Step=  521, Dmax= 1.3e-02 nm, Epot= -5.30603e+05 Fmax= 1.14205e+04, atom= 1744
Step=  522, Dmax= 1.6e-02 nm, Epot= -5.30618e+05 Fmax= 1.23263e+04, atom= 1744
Step=  523, Dmax= 1.9e-02 nm, Epot= -5.30592e+05 Fmax= 1.63283e+04, atom= 1744
Step=  524, Dmax= 9.3e-03 nm, Epot= -5.30708e+05 Fmax= 2.00549e+03, atom= 1744
Step=  525, Dmax= 1.1e-02 nm, Epot= -5.30710e+05 Fmax= 1.49651e+04, atom= 1744
Step=  526, Dmax= 1.3e-02 nm, Epot= -5.30825e+05 Fmax= 5.71585e+03, atom= 1744
Step=  527, Dmax= 1.6e-02 nm, Epot= -5.30718e+05 Fmax= 1.88533e+04, atom= 1744
Step=  528, Dmax= 8.0e-03 nm, Epot= -5.30847e+05 Fmax= 6.58131e+03, atom= 1744
Step=  529, Dmax= 9.6e-03 nm, Epot= -5.30864e+05 Fmax= 8.32580e+03, atom= 1744
Step=  530, Dmax= 1.2e-02 nm, Epot= -5.30882e+05 Fmax= 9.40056e+03, atom= 1744
Step=  531, Dmax= 1.4e-02 nm, Epot= -5.30884e+05 Fmax= 1.20270e+04, atom= 1744
Step=  532, Dmax= 1.7e-02 nm, Epot= -5.30891e+05 Fmax= 1.34951e+04, atom= 1744
Step=  533, Dmax= 2.0e-02 nm, Epot= -5.30863e+05 Fmax= 1.72909e+04, atom= 1744
Step=  534, Dmax= 1.0e-02 nm, Epot= -5.30996e+05 Fmax= 1.90548e+03, atom= 1744
Step=  535, Dmax= 1.2e-02 nm, Epot= -5.30989e+05 Fmax= 1.63342e+04, atom= 1744
Step=  536, Dmax= 6.0e-03 nm, Epot= -5.31034e+05 Fmax= 7.19767e+03, atom= 1744
Step=  537, Dmax= 7.2e-03 nm, Epot= -5.31072e+05 Fmax= 3.92909e+03, atom= 1744
Step=  538, Dmax= 8.6e-03 nm, Epot= -5.31080e+05 Fmax= 9.26172e+03, atom= 1744
Step=  539, Dmax= 1.0e-02 nm, Epot= -5.31123e+05 Fmax= 6.74335e+03, atom= 1744
Step=  540, Dmax= 1.2e-02 nm, Epot= -5.31106e+05 Fmax= 1.22964e+04, atom= 1744
Step=  541, Dmax= 6.2e-03 nm, Epot= -5.31160e+05 Fmax= 2.78240e+03, atom= 1744
Step=  542, Dmax= 7.5e-03 nm, Epot= -5.31178e+05 Fmax= 8.82435e+03, atom= 1744
Step=  543, Dmax= 9.0e-03 nm, Epot= -5.31224e+05 Fmax= 4.90584e+03, atom= 1744
Step=  544, Dmax= 1.1e-02 nm, Epot= -5.31211e+05 Fmax= 1.17361e+04, atom= 1744
Step=  545, Dmax= 5.4e-03 nm, Epot= -5.31252e+05 Fmax= 3.41285e+03, atom= 1744
Step=  546, Dmax= 6.5e-03 nm, Epot= -5.31274e+05 Fmax= 6.42507e+03, atom= 1744
Step=  547, Dmax= 7.7e-03 nm, Epot= -5.31303e+05 Fmax= 5.54183e+03, atom= 1744
Step=  548, Dmax= 9.3e-03 nm, Epot= -5.31313e+05 Fmax= 8.66560e+03, atom= 1744
Step=  549, Dmax= 1.1e-02 nm, Epot= -5.31340e+05 Fmax= 8.54207e+03, atom= 1744
Step=  550, Dmax= 1.3e-02 nm, Epot= -5.31334e+05 Fmax= 1.19377e+04, atom= 1744
Step=  551, Dmax= 6.7e-03 nm, Epot= -5.31390e+05 Fmax= 1.70676e+03, atom= 1744
Step=  552, Dmax= 8.0e-03 nm, Epot= -5.31424e+05 Fmax= 1.08550e+04, atom= 1744
Step=  553, Dmax= 9.6e-03 nm, Epot= -5.31491e+05 Fmax= 3.91744e+03, atom= 1744
Step=  554, Dmax= 1.2e-02 nm, Epot= -5.31458e+05 Fmax= 1.40070e+04, atom= 1744
Step=  555, Dmax= 5.8e-03 nm, Epot= -5.31515e+05 Fmax= 5.04271e+03, atom= 1744
Step=  556, Dmax= 6.9e-03 nm, Epot= -5.31539e+05 Fmax= 5.56040e+03, atom= 1744
Step=  557, Dmax= 8.3e-03 nm, Epot= -5.31556e+05 Fmax= 7.31384e+03, atom= 1744
Step=  558, Dmax= 1.0e-02 nm, Epot= -5.31577e+05 Fmax= 7.97588e+03, atom= 1744
Step=  559, Dmax= 1.2e-02 nm, Epot= -5.31583e+05 Fmax= 1.05263e+04, atom= 1744
Step=  560, Dmax= 1.4e-02 nm, Epot= -5.31597e+05 Fmax= 1.14971e+04, atom= 1744
Step=  561, Dmax= 1.7e-02 nm, Epot= -5.31579e+05 Fmax= 1.50901e+04, atom= 1744
Step=  562, Dmax= 8.6e-03 nm, Epot= -5.31677e+05 Fmax= 1.79922e+03, atom= 1744
Step=  563, Dmax= 1.0e-02 nm, Epot= -5.31691e+05 Fmax= 1.39080e+04, atom= 1744
Step=  564, Dmax= 1.2e-02 nm, Epot= -5.31791e+05 Fmax= 5.27409e+03, atom= 1744
Step=  565, Dmax= 1.5e-02 nm, Epot= -5.31704e+05 Fmax= 1.75030e+04, atom= 1744
Step=  566, Dmax= 7.5e-03 nm, Epot= -5.31813e+05 Fmax= 6.12526e+03, atom= 1744
Step=  567, Dmax= 8.9e-03 nm, Epot= -5.31830e+05 Fmax= 7.70642e+03, atom= 1744
Step=  568, Dmax= 1.1e-02 nm, Epot= -5.31847e+05 Fmax= 8.72985e+03, atom= 1744
Step=  569, Dmax= 1.3e-02 nm, Epot= -5.31851e+05 Fmax= 1.11507e+04, atom= 1744
Step=  570, Dmax= 1.5e-02 nm, Epot= -5.31860e+05 Fmax= 1.25207e+04, atom= 1744
Step=  571, Dmax= 1.9e-02 nm, Epot= -5.31839e+05 Fmax= 1.60451e+04, atom= 1744
Step=  572, Dmax= 9.3e-03 nm, Epot= -5.31952e+05 Fmax= 1.76740e+03, atom= 1744
Step=  573, Dmax= 1.1e-02 nm, Epot= -5.31957e+05 Fmax= 1.51191e+04, atom= 1744
Step=  574, Dmax= 1.3e-02 nm, Epot= -5.32074e+05 Fmax= 5.50436e+03, atom= 1744
Step=  575, Dmax= 1.6e-02 nm, Epot= -5.31961e+05 Fmax= 1.89798e+04, atom= 1744
Step=  576, Dmax= 8.0e-03 nm, Epot= -5.32093e+05 Fmax= 6.75178e+03, atom= 1744
Step=  577, Dmax= 9.6e-03 nm, Epot= -5.32109e+05 Fmax= 8.11015e+03, atom= 1744
Step=  578, Dmax= 1.2e-02 nm, Epot= -5.32123e+05 Fmax= 9.55929e+03, atom= 1744
Step=  579, Dmax= 1.4e-02 nm, Epot= -5.32126e+05 Fmax= 1.18019e+04, atom= 1744
Step=  580, Dmax= 1.7e-02 nm, Epot= -5.32128e+05 Fmax= 1.36401e+04, atom= 1744
Step=  581, Dmax= 2.0e-02 nm, Epot= -5.32103e+05 Fmax= 1.70502e+04, atom= 1744
Step=  582, Dmax= 1.0e-02 nm, Epot= -5.32234e+05 Fmax= 1.71370e+03, atom= 1744
Step=  583, Dmax= 1.2e-02 nm, Epot= -5.32229e+05 Fmax= 1.64414e+04, atom= 1744
Step=  584, Dmax= 6.0e-03 nm, Epot= -5.32273e+05 Fmax= 7.34419e+03, atom= 1744
Step=  585, Dmax= 7.2e-03 nm, Epot= -5.32311e+05 Fmax= 3.74892e+03, atom= 1744
Step=  586, Dmax= 8.6e-03 nm, Epot= -5.32316e+05 Fmax= 9.39513e+03, atom= 1744
Step=  587, Dmax= 1.0e-02 nm, Epot= -5.32359e+05 Fmax= 6.55991e+03, atom= 1744
Step=  588, Dmax= 1.2e-02 nm, Epot= -5.32338e+05 Fmax= 1.24191e+04, atom= 1744
Step=  589, Dmax= 6.2e-03 nm, Epot= -5.32394e+05 Fmax= 2.93561e+03, atom= 1744
Step=  590, Dmax= 7.4e-03 nm, Epot= -5.32408e+05 Fmax= 8.62908e+03, atom= 1744
Step=  591, Dmax= 8.9e-03 nm, Epot= -5.32451e+05 Fmax= 5.05744e+03, atom= 1744
Step=  592, Dmax= 1.1e-02 nm, Epot= -5.32436e+05 Fmax= 1.15284e+04, atom= 1744
Step=  593, Dmax= 5.4e-03 nm, Epot= -5.32478e+05 Fmax= 3.23357e+03, atom= 1744
Step=  594, Dmax= 6.4e-03 nm, Epot= -5.32498e+05 Fmax= 6.57028e+03, atom= 1744
Step=  595, Dmax= 7.7e-03 nm, Epot= -5.32526e+05 Fmax= 5.35742e+03, atom= 1744
Step=  596, Dmax= 9.3e-03 nm, Epot= -5.32533e+05 Fmax= 8.80407e+03, atom= 1744
Step=  597, Dmax= 1.1e-02 nm, Epot= -5.32561e+05 Fmax= 8.34835e+03, atom= 1744
Step=  598, Dmax= 1.3e-02 nm, Epot= -5.32551e+05 Fmax= 1.20675e+04, atom= 1744
Step=  599, Dmax= 6.7e-03 nm, Epot= -5.32608e+05 Fmax= 1.86798e+03, atom= 1744
Step=  600, Dmax= 8.0e-03 nm, Epot= -5.32631e+05 Fmax= 1.06336e+04, atom= 1744
Step=  601, Dmax= 9.6e-03 nm, Epot= -5.32695e+05 Fmax= 4.09224e+03, atom= 1744
Step=  602, Dmax= 1.2e-02 nm, Epot= -5.32660e+05 Fmax= 1.37665e+04, atom= 1744
Step=  603, Dmax= 5.8e-03 nm, Epot= -5.32717e+05 Fmax= 4.83470e+03, atom= 1744
Step=  604, Dmax= 6.9e-03 nm, Epot= -5.32738e+05 Fmax= 5.73426e+03, atom= 1744
Step=  605, Dmax= 8.3e-03 nm, Epot= -5.32756e+05 Fmax= 7.09553e+03, atom= 1744
Step=  606, Dmax= 1.0e-02 nm, Epot= -5.32772e+05 Fmax= 8.14626e+03, atom= 1744
Step=  607, Dmax= 1.2e-02 nm, Epot= -5.32779e+05 Fmax= 1.02944e+04, atom= 1744
Step=  608, Dmax= 1.4e-02 nm, Epot= -5.32788e+05 Fmax= 1.16610e+04, atom= 1744
Step=  609, Dmax= 1.7e-02 nm, Epot= -5.32773e+05 Fmax= 1.48399e+04, atom= 1744
Step=  610, Dmax= 8.6e-03 nm, Epot= -5.32869e+05 Fmax= 1.59274e+03, atom= 1744
Step=  611, Dmax= 1.0e-02 nm, Epot= -5.32887e+05 Fmax= 1.40472e+04, atom= 1744
Step=  612, Dmax= 1.2e-02 nm, Epot= -5.32989e+05 Fmax= 5.07834e+03, atom= 1744
Step=  613, Dmax= 1.5e-02 nm, Epot= -5.32897e+05 Fmax= 1.76257e+04, atom= 1744
Step=  614, Dmax= 7.4e-03 nm, Epot= -5.33007e+05 Fmax= 6.28539e+03, atom= 1744
Step=  615, Dmax= 8.9e-03 nm, Epot= -5.33024e+05 Fmax= 7.50039e+03, atom= 1744
Step=  616, Dmax= 1.1e-02 nm, Epot= -5.33038e+05 Fmax= 8.88573e+03, atom= 1744
Step=  617, Dmax= 1.3e-02 nm, Epot= -5.33044e+05 Fmax= 1.09291e+04, atom= 1744
Step=  618, Dmax= 1.5e-02 nm, Epot= -5.33047e+05 Fmax= 1.26706e+04, atom= 1744
Step=  619, Dmax= 1.8e-02 nm, Epot= -5.33028e+05 Fmax= 1.58022e+04, atom= 1744
Step=  620, Dmax= 9.2e-03 nm, Epot= -5.33140e+05 Fmax= 1.57183e+03, atom= 1744
Step=  621, Dmax= 1.1e-02 nm, Epot= -5.33148e+05 Fmax= 1.52474e+04, atom= 1744
Step=  622, Dmax= 1.3e-02 nm, Epot= -5.33265e+05 Fmax= 5.31588e+03, atom= 1744
Step=  623, Dmax= 1.6e-02 nm, Epot= -5.33147e+05 Fmax= 1.90915e+04, atom= 1744
Step=  624, Dmax= 8.0e-03 nm, Epot= -5.33281e+05 Fmax= 6.90336e+03, atom= 1744
Step=  625, Dmax= 9.6e-03 nm, Epot= -5.33298e+05 Fmax= 7.90906e+03, atom= 1744
Step=  626, Dmax= 1.2e-02 nm, Epot= -5.33306e+05 Fmax= 9.70778e+03, atom= 1744
Step=  627, Dmax= 1.4e-02 nm, Epot= -5.33311e+05 Fmax= 1.15824e+04, atom= 1744
Step=  628, Dmax= 1.7e-02 nm, Epot= -5.33307e+05 Fmax= 1.37839e+04, atom= 1744
Step=  629, Dmax= 8.3e-03 nm, Epot= -5.33390e+05 Fmax= 1.11993e+03, atom= 1744
Step=  630, Dmax= 9.9e-03 nm, Epot= -5.33438e+05 Fmax= 1.45476e+04, atom= 1744
Step=  631, Dmax= 1.2e-02 nm, Epot= -5.33549e+05 Fmax= 3.78346e+03, atom= 1744
Step=  632, Dmax= 1.4e-02 nm, Epot= -5.33451e+05 Fmax= 1.84028e+04, atom= 1744
Step=  633, Dmax= 7.2e-03 nm, Epot= -5.33562e+05 Fmax= 7.31756e+03, atom= 1744
Step=  634, Dmax= 8.6e-03 nm, Epot= -5.33590e+05 Fmax= 5.84236e+03, atom= 1744
Step=  635, Dmax= 1.0e-02 nm, Epot= -5.33587e+05 Fmax= 1.00888e+04, atom= 1744
Step=  636, Dmax= 5.2e-03 nm, Epot= -5.33620e+05 Fmax= 2.12171e+03, atom= 1744
Step=  637, Dmax= 6.2e-03 nm, Epot= -5.33645e+05 Fmax= 7.27563e+03, atom= 1744
Step=  638, Dmax= 7.4e-03 nm, Epot= -5.33680e+05 Fmax= 4.18592e+03, atom= 1744
Step=  639, Dmax= 8.9e-03 nm, Epot= -5.33679e+05 Fmax= 9.42106e+03, atom= 1744
Step=  640, Dmax= 4.5e-03 nm, Epot= -5.33703e+05 Fmax= 2.62012e+03, atom= 1744
Step=  641, Dmax= 5.3e-03 nm, Epot= -5.33724e+05 Fmax= 5.68337e+03, atom= 1744
Step=  642, Dmax= 6.4e-03 nm, Epot= -5.33750e+05 Fmax= 4.13155e+03, atom= 1744
Step=  643, Dmax= 7.7e-03 nm, Epot= -5.33760e+05 Fmax= 7.78323e+03, atom= 1744
Step=  644, Dmax= 9.2e-03 nm, Epot= -5.33789e+05 Fmax= 6.36290e+03, atom= 1744
Step=  645, Dmax= 1.1e-02 nm, Epot= -5.33781e+05 Fmax= 1.07506e+04, atom= 1744
Step=  646, Dmax= 5.5e-03 nm, Epot= -5.33821e+05 Fmax= 2.19216e+03, atom= 1744
Step=  647, Dmax= 6.6e-03 nm, Epot= -5.33842e+05 Fmax= 7.91543e+03, atom= 1744
Step=  648, Dmax= 8.0e-03 nm, Epot= -5.33881e+05 Fmax= 4.40078e+03, atom= 1744
Step=  649, Dmax= 9.6e-03 nm, Epot= -5.33874e+05 Fmax= 1.02308e+04, atom= 1744
Step=  650, Dmax= 4.8e-03 nm, Epot= -5.33904e+05 Fmax= 2.91809e+03, atom= 1744
Step=  651, Dmax= 5.7e-03 nm, Epot= -5.33923e+05 Fmax= 5.99718e+03, atom= 1744
Step=  652, Dmax= 6.9e-03 nm, Epot= -5.33949e+05 Fmax= 4.55655e+03, atom= 1744
Step=  653, Dmax= 8.3e-03 nm, Epot= -5.33955e+05 Fmax= 8.24149e+03, atom= 1744
Step=  654, Dmax= 9.9e-03 nm, Epot= -5.33983e+05 Fmax= 6.96752e+03, atom= 1744
Step=  655, Dmax= 1.2e-02 nm, Epot= -5.33971e+05 Fmax= 1.14184e+04, atom= 1744
Step=  656, Dmax= 6.0e-03 nm, Epot= -5.34020e+05 Fmax= 2.22398e+03, atom= 1744
Step=  657, Dmax= 7.1e-03 nm, Epot= -5.34036e+05 Fmax= 8.64777e+03, atom= 1744
Step=  658, Dmax= 8.6e-03 nm, Epot= -5.34080e+05 Fmax= 4.58710e+03, atom= 1744
Step=  659, Dmax= 1.0e-02 nm, Epot= -5.34064e+05 Fmax= 1.11465e+04, atom= 1744
Step=  660, Dmax= 5.1e-03 nm, Epot= -5.34103e+05 Fmax= 3.28325e+03, atom= 1744
Step=  661, Dmax= 6.2e-03 nm, Epot= -5.34119e+05 Fmax= 6.28808e+03, atom= 1744
Step=  662, Dmax= 7.4e-03 nm, Epot= -5.34144e+05 Fmax= 5.05995e+03, atom= 1744
Step=  663, Dmax= 8.9e-03 nm, Epot= -5.34148e+05 Fmax= 8.68609e+03, atom= 1744
Step=  664, Dmax= 1.1e-02 nm, Epot= -5.34176e+05 Fmax= 7.66483e+03, atom= 1744
Step=  665, Dmax= 1.3e-02 nm, Epot= -5.34159e+05 Fmax= 1.20874e+04, atom= 1744
Step=  666, Dmax= 6.4e-03 nm, Epot= -5.34216e+05 Fmax= 2.21024e+03, atom= 1744
Step=  667, Dmax= 7.7e-03 nm, Epot= -5.34228e+05 Fmax= 9.48225e+03, atom= 1744
Step=  668, Dmax= 9.2e-03 nm, Epot= -5.34278e+05 Fmax= 4.73997e+03, atom= 1744
Step=  669, Dmax= 1.1e-02 nm, Epot= -5.34252e+05 Fmax= 1.21776e+04, atom= 1744
Step=  670, Dmax= 5.5e-03 nm, Epot= -5.34300e+05 Fmax= 3.72322e+03, atom= 1744
Step=  671, Dmax= 6.6e-03 nm, Epot= -5.34315e+05 Fmax= 6.55319e+03, atom= 1744
Step=  672, Dmax= 8.0e-03 nm, Epot= -5.34339e+05 Fmax= 5.64807e+03, atom= 1744
Step=  673, Dmax= 9.6e-03 nm, Epot= -5.34340e+05 Fmax= 9.11693e+03, atom= 1744
Step=  674, Dmax= 1.1e-02 nm, Epot= -5.34366e+05 Fmax= 8.46095e+03, atom= 1744
Step=  675, Dmax= 1.4e-02 nm, Epot= -5.34346e+05 Fmax= 1.27589e+04, atom= 1744
Step=  676, Dmax= 6.9e-03 nm, Epot= -5.34412e+05 Fmax= 2.14833e+03, atom= 1744
Step=  677, Dmax= 8.3e-03 nm, Epot= -5.34420e+05 Fmax= 1.04260e+04, atom= 1744
Step=  678, Dmax= 9.9e-03 nm, Epot= -5.34477e+05 Fmax= 4.85805e+03, atom= 1744
Step=  679, Dmax= 1.2e-02 nm, Epot= -5.34438e+05 Fmax= 1.33322e+04, atom= 1744
Step=  680, Dmax= 5.9e-03 nm, Epot= -5.34499e+05 Fmax= 4.24206e+03, atom= 1744
Step=  681, Dmax= 7.1e-03 nm, Epot= -5.34511e+05 Fmax= 6.79264e+03, atom= 1744
Step=  682, Dmax= 8.6e-03 nm, Epot= -5.34534e+05 Fmax= 6.32568e+03, atom= 1744
Step=  683, Dmax= 1.0e-02 nm, Epot= -5.34534e+05 Fmax= 9.53444e+03, atom= 1744
Step=  684, Dmax= 1.2e-02 nm, Epot= -5.34555e+05 Fmax= 9.36188e+03, atom= 1744
Step=  685, Dmax= 1.5e-02 nm, Epot= -5.34533e+05 Fmax= 1.34348e+04, atom= 1744
Step=  686, Dmax= 7.4e-03 nm, Epot= -5.34609e+05 Fmax= 2.03624e+03, atom= 1744
Step=  687, Dmax= 8.9e-03 nm, Epot= -5.34612e+05 Fmax= 1.14843e+04, atom= 1744
Step=  688, Dmax= 1.1e-02 nm, Epot= -5.34681e+05 Fmax= 4.94241e+03, atom= 1744
Step=  689, Dmax= 1.3e-02 nm, Epot= -5.34625e+05 Fmax= 1.46150e+04, atom= 1744
Step=  690, Dmax= 6.4e-03 nm, Epot= -5.34700e+05 Fmax= 4.84282e+03, atom= 1744
Step=  691, Dmax= 7.7e-03 nm, Epot= -5.34712e+05 Fmax= 7.00797e+03, atom= 1744
Step=  692, Dmax= 9.2e-03 nm, Epot= -5.34731e+05 Fmax= 7.09623e+03, atom= 1744
Step=  693, Dmax= 1.1e-02 nm, Epot= -5.34731e+05 Fmax= 9.94117e+03, atom= 1744
Step=  694, Dmax= 5.5e-03 nm, Epot= -5.34768e+05 Fmax= 1.42180e+03, atom= 1744
Step=  695, Dmax= 6.6e-03 nm, Epot= -5.34802e+05 Fmax= 8.62975e+03, atom= 1744
Step=  696, Dmax= 7.9e-03 nm, Epot= -5.34847e+05 Fmax= 3.64047e+03, atom= 1744
Step=  697, Dmax= 9.5e-03 nm, Epot= -5.34832e+05 Fmax= 1.09471e+04, atom= 1744
Step=  698, Dmax= 4.8e-03 nm, Epot= -5.34866e+05 Fmax= 3.65655e+03, atom= 1744
Step=  699, Dmax= 5.7e-03 nm, Epot= -5.34883e+05 Fmax= 5.20289e+03, atom= 1744
Step=  700, Dmax= 6.9e-03 nm, Epot= -5.34902e+05 Fmax= 5.32081e+03, atom= 1744
Step=  701, Dmax= 8.2e-03 nm, Epot= -5.34912e+05 Fmax= 7.41294e+03, atom= 1744
Step=  702, Dmax= 9.9e-03 nm, Epot= -5.34929e+05 Fmax= 7.75265e+03, atom= 1744
Step=  703, Dmax= 1.2e-02 nm, Epot= -5.34927e+05 Fmax= 1.05541e+04, atom= 1744
Step=  704, Dmax= 5.9e-03 nm, Epot= -5.34970e+05 Fmax= 1.39977e+03, atom= 1744
Step=  705, Dmax= 7.1e-03 nm, Epot= -5.35003e+05 Fmax= 9.41468e+03, atom= 1744
Step=  706, Dmax= 8.5e-03 nm, Epot= -5.35054e+05 Fmax= 3.77223e+03, atom= 1744
Step=  707, Dmax= 1.0e-02 nm, Epot= -5.35030e+05 Fmax= 1.19155e+04, atom= 1744
Step=  708, Dmax= 5.1e-03 nm, Epot= -5.35072e+05 Fmax= 4.07566e+03, atom= 1744
Step=  709, Dmax= 6.2e-03 nm, Epot= -5.35089e+05 Fmax= 5.43939e+03, atom= 1744
Step=  710, Dmax= 7.4e-03 nm, Epot= -5.35106e+05 Fmax= 5.87685e+03, atom= 1744
Step=  711, Dmax= 8.9e-03 nm, Epot= -5.35115e+05 Fmax= 7.80239e+03, atom= 1744
Step=  712, Dmax= 1.1e-02 nm, Epot= -5.35129e+05 Fmax= 8.50260e+03, atom= 1744
Step=  713, Dmax= 1.3e-02 nm, Epot= -5.35126e+05 Fmax= 1.11659e+04, atom= 1744
Step=  714, Dmax= 6.4e-03 nm, Epot= -5.35176e+05 Fmax= 1.33123e+03, atom= 1744
Step=  715, Dmax= 7.7e-03 nm, Epot= -5.35208e+05 Fmax= 1.03021e+04, atom= 1744
Step=  716, Dmax= 9.2e-03 nm, Epot= -5.35267e+05 Fmax= 3.87147e+03, atom= 1744
Step=  717, Dmax= 1.1e-02 nm, Epot= -5.35231e+05 Fmax= 1.29983e+04, atom= 1744
Step=  718, Dmax= 5.5e-03 nm, Epot= -5.35284e+05 Fmax= 4.56851e+03, atom= 1744
Step=  719, Dmax= 6.6e-03 nm, Epot= -5.35300e+05 Fmax= 5.65150e+03, atom= 1744
Step=  720, Dmax= 7.9e-03 nm, Epot= -5.35315e+05 Fmax= 6.51698e+03, atom= 1744
Step=  721, Dmax= 9.5e-03 nm, Epot= -5.35324e+05 Fmax= 8.17891e+03, atom= 1744
Step=  722, Dmax= 1.1e-02 nm, Epot= -5.35334e+05 Fmax= 9.35072e+03, atom= 1744
Step=  723, Dmax= 1.4e-02 nm, Epot= -5.35330e+05 Fmax= 1.17808e+04, atom= 1744
Step=  724, Dmax= 6.9e-03 nm, Epot= -5.35388e+05 Fmax= 1.21570e+03, atom= 1744
Step=  725, Dmax= 8.2e-03 nm, Epot= -5.35423e+05 Fmax= 1.12951e+04, atom= 1744
Step=  726, Dmax= 9.9e-03 nm, Epot= -5.35492e+05 Fmax= 3.94171e+03, atom= 1744
Step=  727, Dmax= 1.2e-02 nm, Epot= -5.35441e+05 Fmax= 1.41969e+04, atom= 1744
Step=  728, Dmax= 5.9e-03 nm, Epot= -5.35508e+05 Fmax= 5.13449e+03, atom= 1744
Step=  729, Dmax= 7.1e-03 nm, Epot= -5.35524e+05 Fmax= 5.84394e+03, atom= 1744
Step=  730, Dmax= 8.5e-03 nm, Epot= -5.35535e+05 Fmax= 7.24041e+03, atom= 1744
Step=  731, Dmax= 1.0e-02 nm, Epot= -5.35545e+05 Fmax= 8.54824e+03, atom= 1744
Step=  732, Dmax= 1.2e-02 nm, Epot= -5.35549e+05 Fmax= 1.02973e+04, atom= 1744
Step=  733, Dmax= 1.5e-02 nm, Epot= -5.35545e+05 Fmax= 1.24065e+04, atom= 1744
Step=  734, Dmax= 7.4e-03 nm, Epot= -5.35612e+05 Fmax= 1.05665e+03, atom= 1744
Step=  735, Dmax= 8.8e-03 nm, Epot= -5.35655e+05 Fmax= 1.23945e+04, atom= 1744
Step=  736, Dmax= 1.1e-02 nm, Epot= -5.35736e+05 Fmax= 3.98988e+03, atom= 1744
Step=  737, Dmax= 1.3e-02 nm, Epot= -5.35668e+05 Fmax= 1.55090e+04, atom= 1744
Step=  738, Dmax= 6.4e-03 nm, Epot= -5.35749e+05 Fmax= 5.77050e+03, atom= 1744
Step=  739, Dmax= 7.6e-03 nm, Epot= -5.35766e+05 Fmax= 6.02503e+03, atom= 1744
Step=  740, Dmax= 9.2e-03 nm, Epot= -5.35773e+05 Fmax= 8.04417e+03, atom= 1744
Step=  741, Dmax= 1.1e-02 nm, Epot= -5.35785e+05 Fmax= 8.91989e+03, atom= 1744
Step=  742, Dmax= 1.3e-02 nm, Epot= -5.35781e+05 Fmax= 1.13396e+04, atom= 1744
Step=  743, Dmax= 6.6e-03 nm, Epot= -5.35835e+05 Fmax= 1.21926e+03, atom= 1744
Step=  744, Dmax= 7.9e-03 nm, Epot= -5.35865e+05 Fmax= 1.11191e+04, atom= 1744
Step=  745, Dmax= 9.5e-03 nm, Epot= -5.35932e+05 Fmax= 3.49499e+03, atom= 1744
Step=  746, Dmax= 1.1e-02 nm, Epot= -5.35884e+05 Fmax= 1.41385e+04, atom= 1744
Step=  747, Dmax= 5.7e-03 nm, Epot= -5.35947e+05 Fmax= 5.32127e+03, atom= 1744
Step=  748, Dmax= 6.8e-03 nm, Epot= -5.35965e+05 Fmax= 5.18418e+03, atom= 1744
Step=  749, Dmax= 8.2e-03 nm, Epot= -5.35973e+05 Fmax= 7.49155e+03, atom= 1744
Step=  750, Dmax= 9.9e-03 nm, Epot= -5.35990e+05 Fmax= 7.64075e+03, atom= 1744
Step=  751, Dmax= 1.2e-02 nm, Epot= -5.35984e+05 Fmax= 1.05886e+04, atom= 1744
Step=  752, Dmax= 5.9e-03 nm, Epot= -5.36028e+05 Fmax= 1.47322e+03, atom= 1744
Step=  753, Dmax= 7.1e-03 nm, Epot= -5.36052e+05 Fmax= 9.36880e+03, atom= 1744
Step=  754, Dmax= 8.5e-03 nm, Epot= -5.36101e+05 Fmax= 3.76324e+03, atom= 1744
Step=  755, Dmax= 1.0e-02 nm, Epot= -5.36075e+05 Fmax= 1.19049e+04, atom= 1744
Step=  756, Dmax= 5.1e-03 nm, Epot= -5.36119e+05 Fmax= 4.07477e+03, atom= 1744
Step=  757, Dmax= 6.1e-03 nm, Epot= -5.36133e+05 Fmax= 5.39142e+03, atom= 1744
Step=  758, Dmax= 7.4e-03 nm, Epot= -5.36149e+05 Fmax= 5.90334e+03, atom= 1744
Step=  759, Dmax= 8.8e-03 nm, Epot= -5.36157e+05 Fmax= 7.71357e+03, atom= 1744
Step=  760, Dmax= 1.1e-02 nm, Epot= -5.36168e+05 Fmax= 8.55359e+03, atom= 1744
Step=  761, Dmax= 1.3e-02 nm, Epot= -5.36165e+05 Fmax= 1.10326e+04, atom= 1744
Step=  762, Dmax= 6.4e-03 nm, Epot= -5.36215e+05 Fmax= 1.23978e+03, atom= 1744
Step=  763, Dmax= 7.6e-03 nm, Epot= -5.36245e+05 Fmax= 1.04145e+04, atom= 1744
Step=  764, Dmax= 9.2e-03 nm, Epot= -5.36305e+05 Fmax= 3.70345e+03, atom= 1744
Step=  765, Dmax= 1.1e-02 nm, Epot= -5.36265e+05 Fmax= 1.31403e+04, atom= 1744
Step=  766, Dmax= 5.5e-03 nm, Epot= -5.36321e+05 Fmax= 4.72404e+03, atom= 1744
Step=  767, Dmax= 6.6e-03 nm, Epot= -5.36336e+05 Fmax= 5.44560e+03, atom= 1744
Step=  768, Dmax= 7.9e-03 nm, Epot= -5.36347e+05 Fmax= 6.69821e+03, atom= 1744
Step=  769, Dmax= 9.5e-03 nm, Epot= -5.36358e+05 Fmax= 7.93223e+03, atom= 1744
Step=  770, Dmax= 1.1e-02 nm, Epot= -5.36363e+05 Fmax= 9.55484e+03, atom= 1744
Step=  771, Dmax= 1.4e-02 nm, Epot= -5.36362e+05 Fmax= 1.14902e+04, atom= 1744
Step=  772, Dmax= 6.8e-03 nm, Epot= -5.36418e+05 Fmax= 9.69226e+02, atom= 1744

writing lowest energy coordinates.

Steepest Descents converged to Fmax < 1000 in 773 steps
Potential Energy  = -5.3641781e+05
Maximum force     =  9.6922583e+02 on atom 1744
Norm of force     =  1.9269337e+01

GROMACS reminds you: "Though the path of the comet is sure, it's constitution is not" (Peter Hammill)

