
--- stderr ---
                :-) GROMACS - gmx mdrun, 2024.5-conda_forge (-:

Executable:   /usr/local/Caskroom/miniforge/base/envs/gromacs_env/bin.AVX2_256/gmx
Data prefix:  /usr/local/Caskroom/miniforge/base/envs/gromacs_env
Working dir:  /Users/laetitiaguerin/Library/CloudStorage/OneDrive-Personal/Documents/BSc_Nanobiology/Year_5/BEP/Energy_minimization/tleap_runs/P00208_C58S
Command line:
  gmx mdrun -v -deffnm P00208_C58S_minim

The current CPU can measure timings more accurately than the code in
gmx mdrun was configured to use. This might affect your simulation
speed as accurate timings are needed for load-balancing.
Please consider rebuilding gmx mdrun with the GMX_USE_RDTSCP=ON CMake option.
Reading file P00208_C58S_minim.tpr, VERSION 2024.5-conda_forge (single precision)

Using 1 MPI thread
Using 8 OpenMP threads 


Steepest Descents:
   Tolerance (Fmax)   =  1.00000e+03
   Number of steps    =        50000
Step=    0, Dmax= 1.0e-02 nm, Epot= -2.53472e+05 Fmax= 3.14761e+03, atom= 819
Step=    1, Dmax= 1.0e-02 nm, Epot= -2.59733e+05 Fmax= 7.79737e+03, atom= 819
Step=    2, Dmax= 1.2e-02 nm, Epot= -2.62218e+05 Fmax= 7.44464e+03, atom= 819
Step=    3, Dmax= 1.4e-02 nm, Epot= -2.64352e+05 Fmax= 1.09664e+04, atom= 1216
Step=    4, Dmax= 1.7e-02 nm, Epot= -2.65833e+05 Fmax= 1.53818e+04, atom= 1216
Step=    5, Dmax= 2.1e-02 nm, Epot= -2.67371e+05 Fmax= 1.64663e+04, atom= 1216
Step=    6, Dmax= 2.5e-02 nm, Epot= -2.68348e+05 Fmax= 2.13972e+04, atom= 1216
Step=    7, Dmax= 3.0e-02 nm, Epot= -2.69362e+05 Fmax= 2.42065e+04, atom= 1216
Step=    8, Dmax= 3.6e-02 nm, Epot= -2.69792e+05 Fmax= 3.00670e+04, atom= 1216
Step=    9, Dmax= 4.3e-02 nm, Epot= -2.70113e+05 Fmax= 3.50023e+04, atom= 1216
Step=   10, Dmax= 5.2e-02 nm, Epot= -2.69657e+05 Fmax= 4.22953e+04, atom= 1216
Step=   11, Dmax= 2.6e-02 nm, Epot= -2.73708e+05 Fmax= 4.09241e+03, atom= 1216
Step=   12, Dmax= 3.1e-02 nm, Epot= -2.73996e+05 Fmax= 4.35842e+04, atom= 1216
Step=   13, Dmax= 3.7e-02 nm, Epot= -2.78357e+05 Fmax= 1.37846e+04, atom= 1216
Step=   14, Dmax= 4.5e-02 nm, Epot= -2.73685e+05 Fmax= 5.40341e+04, atom= 1216
Step=   15, Dmax= 2.2e-02 nm, Epot= -2.78593e+05 Fmax= 2.04192e+04, atom= 1216
Step=   16, Dmax= 2.7e-02 nm, Epot= -2.79148e+05 Fmax= 2.03193e+04, atom= 1216
Step=   17, Dmax= 3.2e-02 nm, Epot= -2.78899e+05 Fmax= 2.86244e+04, atom= 1216
Step=   18, Dmax= 1.6e-02 nm, Epot= -2.80343e+05 Fmax= 4.20639e+03, atom= 1216
Step=   19, Dmax= 1.9e-02 nm, Epot= -2.80791e+05 Fmax= 2.49523e+04, atom= 1216
Step=   20, Dmax= 2.3e-02 nm, Epot= -2.82235e+05 Fmax= 1.04639e+04, atom= 1216
Step=   21, Dmax= 2.8e-02 nm, Epot= -2.81166e+05 Fmax= 3.16303e+04, atom= 1216
Step=   22, Dmax= 1.4e-02 nm, Epot= -2.82669e+05 Fmax= 1.06109e+04, atom= 1216
Step=   23, Dmax= 1.7e-02 nm, Epot= -2.82942e+05 Fmax= 1.49458e+04, atom= 1216
Step=   24, Dmax= 2.0e-02 nm, Epot= -2.83317e+05 Fmax= 1.54358e+04, atom= 1216
Step=   25, Dmax= 2.4e-02 nm, Epot= -2.83327e+05 Fmax= 2.12455e+04, atom= 1216
Step=   26, Dmax= 2.9e-02 nm, Epot= -2.83588e+05 Fmax= 2.24183e+04, atom= 1216
Step=   27, Dmax= 3.5e-02 nm, Epot= -2.83127e+05 Fmax= 3.00969e+04, atom= 1216
Step=   28, Dmax= 1.7e-02 nm, Epot= -2.84874e+05 Fmax= 3.92811e+03, atom= 1216
Step=   29, Dmax= 2.1e-02 nm, Epot= -2.84676e+05 Fmax= 2.72517e+04, atom= 1216
Step=   30, Dmax= 1.0e-02 nm, Epot= -2.85323e+05 Fmax= 1.15883e+04, atom= 1216
Step=   31, Dmax= 1.2e-02 nm, Epot= -2.85777e+05 Fmax= 7.49582e+03, atom= 1216
Step=   32, Dmax= 1.5e-02 nm, Epot= -2.85888e+05 Fmax= 1.51222e+04, atom= 1216
Step=   33, Dmax= 1.8e-02 nm, Epot= -2.86349e+05 Fmax= 1.23146e+04, atom= 1216
Step=   34, Dmax= 2.1e-02 nm, Epot= -2.86170e+05 Fmax= 2.03054e+04, atom= 1216
Step=   35, Dmax= 1.1e-02 nm, Epot= -2.86851e+05 Fmax= 4.01831e+03, atom= 1216
Step=   36, Dmax= 1.3e-02 nm, Epot= -2.87061e+05 Fmax= 1.59720e+04, atom= 1216
Step=   37, Dmax= 1.5e-02 nm, Epot= -2.87698e+05 Fmax= 7.60354e+03, atom= 1216
Step=   38, Dmax= 1.9e-02 nm, Epot= -2.87382e+05 Fmax= 2.09762e+04, atom= 1216
Step=   39, Dmax= 9.3e-03 nm, Epot= -2.87989e+05 Fmax= 6.68579e+03, atom= 1216
Step=   40, Dmax= 1.1e-02 nm, Epot= -2.88198e+05 Fmax= 1.01994e+04, atom= 1216
Step=   41, Dmax= 1.3e-02 nm, Epot= -2.88459e+05 Fmax= 1.03422e+04, atom= 1216
Step=   42, Dmax= 1.6e-02 nm, Epot= -2.88559e+05 Fmax= 1.40292e+04, atom= 1216
Step=   43, Dmax= 1.9e-02 nm, Epot= -2.88732e+05 Fmax= 1.54695e+04, atom= 1216
Step=   44, Dmax= 2.3e-02 nm, Epot= -2.88678e+05 Fmax= 1.96194e+04, atom= 1216
Step=   45, Dmax= 1.2e-02 nm, Epot= -2.89380e+05 Fmax= 2.12253e+03, atom= 1216
Step=   46, Dmax= 1.4e-02 nm, Epot= -2.89732e+05 Fmax= 1.96030e+04, atom= 1216
Step=   47, Dmax= 1.7e-02 nm, Epot= -2.90619e+05 Fmax= 5.82677e+03, atom= 1216
Step=   48, Dmax= 2.0e-02 nm, Epot= -2.89917e+05 Fmax= 2.49674e+04, atom= 1216
Step=   49, Dmax= 1.0e-02 nm, Epot= -2.90775e+05 Fmax= 9.58012e+03, atom= 1216
Step=   50, Dmax= 1.2e-02 nm, Epot= -2.91003e+05 Fmax= 8.63594e+03, atom= 1216
Step=   51, Dmax= 1.4e-02 nm, Epot= -2.91036e+05 Fmax= 1.34696e+04, atom= 1216
Step=   52, Dmax= 1.7e-02 nm, Epot= -2.91260e+05 Fmax= 1.27717e+04, atom= 1216
Step=   53, Dmax= 2.1e-02 nm, Epot= -2.91088e+05 Fmax= 1.89436e+04, atom= 1216
Step=   54, Dmax= 1.0e-02 nm, Epot= -2.91709e+05 Fmax= 3.09725e+03, atom= 1216
Step=   55, Dmax= 1.2e-02 nm, Epot= -2.91787e+05 Fmax= 1.55533e+04, atom= 1216
Step=   56, Dmax= 1.5e-02 nm, Epot= -2.92324e+05 Fmax= 7.30715e+03, atom= 1216
Step=   57, Dmax= 1.8e-02 nm, Epot= -2.91925e+05 Fmax= 1.98047e+04, atom= 1216
Step=   58, Dmax= 8.9e-03 nm, Epot= -2.92517e+05 Fmax= 6.26022e+03, atom= 1216
Step=   59, Dmax= 1.1e-02 nm, Epot= -2.92607e+05 Fmax= 1.02842e+04, atom= 1216
Step=   60, Dmax= 1.3e-02 nm, Epot= -2.92806e+05 Fmax= 9.29522e+03, atom= 1216
Step=   61, Dmax= 1.5e-02 nm, Epot= -2.92764e+05 Fmax= 1.44472e+04, atom= 1216
Step=   62, Dmax= 7.7e-03 nm, Epot= -2.93085e+05 Fmax= 2.58073e+03, atom= 1216
Step=   63, Dmax= 9.3e-03 nm, Epot= -2.93276e+05 Fmax= 1.12981e+04, atom= 1216
Step=   64, Dmax= 1.1e-02 nm, Epot= -2.93599e+05 Fmax= 5.79519e+03, atom= 1216
Step=   65, Dmax= 1.3e-02 nm, Epot= -2.93498e+05 Fmax= 1.44235e+04, atom= 1216
Step=   66, Dmax= 6.7e-03 nm, Epot= -2.93767e+05 Fmax= 4.32033e+03, atom= 1216
Step=   67, Dmax= 8.0e-03 nm, Epot= -2.93889e+05 Fmax= 8.08183e+03, atom= 1216
Step=   68, Dmax= 9.6e-03 nm, Epot= -2.94071e+05 Fmax= 6.52470e+03, atom= 1216
Step=   69, Dmax= 1.2e-02 nm, Epot= -2.94097e+05 Fmax= 1.12552e+04, atom= 1216
Step=   70, Dmax= 1.4e-02 nm, Epot= -2.94294e+05 Fmax= 9.80414e+03, atom= 1216
Step=   71, Dmax= 1.7e-02 nm, Epot= -2.94165e+05 Fmax= 1.57049e+04, atom= 1216
Step=   72, Dmax= 8.3e-03 nm, Epot= -2.94576e+05 Fmax= 2.95524e+03, atom= 1216
Step=   73, Dmax= 1.0e-02 nm, Epot= -2.94649e+05 Fmax= 1.20093e+04, atom= 1216
Step=   74, Dmax= 1.2e-02 nm, Epot= -2.94979e+05 Fmax= 6.35547e+03, atom= 1216
Step=   75, Dmax= 1.4e-02 nm, Epot= -2.94788e+05 Fmax= 1.53954e+04, atom= 1216
Step=   76, Dmax= 7.2e-03 nm, Epot= -2.95136e+05 Fmax= 4.52757e+03, atom= 1216
Step=   77, Dmax= 8.6e-03 nm, Epot= -2.95213e+05 Fmax= 8.79201e+03, atom= 1216
Step=   78, Dmax= 1.0e-02 nm, Epot= -2.95390e+05 Fmax= 6.91797e+03, atom= 1216
Step=   79, Dmax= 1.2e-02 nm, Epot= -2.95358e+05 Fmax= 1.21800e+04, atom= 1216
Step=   80, Dmax= 6.2e-03 nm, Epot= -2.95569e+05 Fmax= 2.63239e+03, atom= 1216
Step=   81, Dmax= 7.4e-03 nm, Epot= -2.95704e+05 Fmax= 8.52182e+03, atom= 1216
Step=   82, Dmax= 8.9e-03 nm, Epot= -2.95904e+05 Fmax= 5.21494e+03, atom= 1216
Step=   83, Dmax= 1.1e-02 nm, Epot= -2.95893e+05 Fmax= 1.10050e+04, atom= 1216
Step=   84, Dmax= 5.3e-03 nm, Epot= -2.96039e+05 Fmax= 2.90542e+03, atom= 1016
Step=   85, Dmax= 6.4e-03 nm, Epot= -2.96159e+05 Fmax= 7.08654e+03, atom= 1216
Step=   86, Dmax= 7.7e-03 nm, Epot= -2.96318e+05 Fmax= 4.64092e+03, atom= 1016
Step=   87, Dmax= 9.2e-03 nm, Epot= -2.96349e+05 Fmax= 9.65244e+03, atom= 1216
Step=   88, Dmax= 1.1e-02 nm, Epot= -2.96534e+05 Fmax= 7.26693e+03, atom= 1016
Step=   89, Dmax= 1.3e-02 nm, Epot= -2.96438e+05 Fmax= 1.32355e+04, atom= 1016
Step=   90, Dmax= 6.7e-03 nm, Epot= -2.96711e+05 Fmax= 2.98561e+03, atom= 1216
Step=   91, Dmax= 8.0e-03 nm, Epot= -2.96785e+05 Fmax= 9.08551e+03, atom= 1016
Step=   92, Dmax= 9.6e-03 nm, Epot= -2.96985e+05 Fmax= 5.66242e+03, atom= 1016
Step=   93, Dmax= 1.1e-02 nm, Epot= -2.96924e+05 Fmax= 1.18339e+04, atom= 1016
Step=   94, Dmax= 5.7e-03 nm, Epot= -2.97118e+05 Fmax= 3.09181e+03, atom= 1016
Step=   95, Dmax= 6.9e-03 nm, Epot= -2.97204e+05 Fmax= 7.61161e+03, atom= 1016
Step=   96, Dmax= 8.3e-03 nm, Epot= -2.97361e+05 Fmax= 5.01687e+03, atom= 1016
Step=   97, Dmax= 9.9e-03 nm, Epot= -2.97352e+05 Fmax= 1.03259e+04, atom= 1016
Step=   98, Dmax= 5.0e-03 nm, Epot= -2.97481e+05 Fmax= 2.65167e+03, atom= 1016
Step=   99, Dmax= 6.0e-03 nm, Epot= -2.97590e+05 Fmax= 6.36354e+03, atom= 1016
Step=  100, Dmax= 7.2e-03 nm, Epot= -2.97721e+05 Fmax= 4.66538e+03, atom= 1016
Step=  101, Dmax= 8.6e-03 nm, Epot= -2.97760e+05 Fmax= 8.38947e+03, atom= 1016
Step=  102, Dmax= 1.0e-02 nm, Epot= -2.97888e+05 Fmax= 7.46633e+03, atom= 1016
Step=  103, Dmax= 1.2e-02 nm, Epot= -2.97857e+05 Fmax= 1.13749e+04, atom= 1016
Step=  104, Dmax= 6.2e-03 nm, Epot= -2.98059e+05 Fmax= 1.96275e+03, atom= 1016
Step=  105, Dmax= 7.4e-03 nm, Epot= -2.98162e+05 Fmax= 9.61176e+03, atom= 1016
Step=  106, Dmax= 8.9e-03 nm, Epot= -2.98388e+05 Fmax= 3.98624e+03, atom= 1016
Step=  107, Dmax= 1.1e-02 nm, Epot= -2.98291e+05 Fmax= 1.25343e+04, atom= 1016
Step=  108, Dmax= 5.3e-03 nm, Epot= -2.98482e+05 Fmax= 4.27035e+03, atom= 1016
Step=  109, Dmax= 6.4e-03 nm, Epot= -2.98565e+05 Fmax= 5.47582e+03, atom= 1016
Step=  110, Dmax= 7.7e-03 nm, Epot= -2.98644e+05 Fmax= 6.38702e+03, atom= 1016
Step=  111, Dmax= 9.2e-03 nm, Epot= -2.98707e+05 Fmax= 7.68010e+03, atom= 1016
Step=  112, Dmax= 1.1e-02 nm, Epot= -2.98750e+05 Fmax= 9.36647e+03, atom= 1016
Step=  113, Dmax= 1.3e-02 nm, Epot= -2.98780e+05 Fmax= 1.09091e+04, atom= 1016
Step=  114, Dmax= 1.6e-02 nm, Epot= -2.98747e+05 Fmax= 1.35847e+04, atom= 1016
Step=  115, Dmax= 8.0e-03 nm, Epot= -2.99076e+05 Fmax= 1.33924e+03, atom= 1016
Step=  116, Dmax= 9.6e-03 nm, Epot= -2.99209e+05 Fmax= 1.30009e+04, atom= 1016
Step=  117, Dmax= 1.1e-02 nm, Epot= -2.99573e+05 Fmax= 4.66408e+03, atom= 1016
Step=  118, Dmax= 1.4e-02 nm, Epot= -2.99256e+05 Fmax= 1.62904e+04, atom= 1016
Step=  119, Dmax= 6.9e-03 nm, Epot= -2.99642e+05 Fmax= 5.82482e+03, atom= 1016
Step=  120, Dmax= 8.3e-03 nm, Epot= -2.99705e+05 Fmax= 6.92214e+03, atom= 1016
Step=  121, Dmax= 9.9e-03 nm, Epot= -2.99752e+05 Fmax= 8.21041e+03, atom= 1016
Step=  122, Dmax= 1.2e-02 nm, Epot= -2.99774e+05 Fmax= 1.01058e+04, atom= 1016
Step=  123, Dmax= 1.4e-02 nm, Epot= -2.99786e+05 Fmax= 1.16972e+04, atom= 1016
Step=  124, Dmax= 1.7e-02 nm, Epot= -2.99721e+05 Fmax= 1.46191e+04, atom= 1016
Step=  125, Dmax= 8.6e-03 nm, Epot= -3.00110e+05 Fmax= 1.48969e+03, atom= 188
Step=  126, Dmax= 1.0e-02 nm, Epot= -3.00141e+05 Fmax= 1.37389e+04, atom= 1016
Step=  127, Dmax= 1.2e-02 nm, Epot= -3.00526e+05 Fmax= 5.24568e+03, atom= 1016
Step=  128, Dmax= 1.5e-02 nm, Epot= -3.00129e+05 Fmax= 1.73050e+04, atom= 1016
Step=  129, Dmax= 7.4e-03 nm, Epot= -3.00588e+05 Fmax= 6.04270e+03, atom= 1016
Step=  130, Dmax= 8.9e-03 nm, Epot= -3.00629e+05 Fmax= 7.65260e+03, atom= 1016
Step=  131, Dmax= 1.1e-02 nm, Epot= -3.00674e+05 Fmax= 8.62522e+03, atom= 1016
Step=  132, Dmax= 1.3e-02 nm, Epot= -3.00662e+05 Fmax= 1.10549e+04, atom= 1016
Step=  133, Dmax= 6.4e-03 nm, Epot= -3.00865e+05 Fmax= 1.28531e+03, atom= 188
Step=  134, Dmax= 7.7e-03 nm, Epot= -3.01009e+05 Fmax= 9.65696e+03, atom= 1016
Step=  135, Dmax= 9.2e-03 nm, Epot= -3.01210e+05 Fmax= 4.60864e+03, atom= 188
Step=  136, Dmax= 1.1e-02 nm, Epot= -3.01086e+05 Fmax= 1.19959e+04, atom= 1016
Step=  137, Dmax= 5.5e-03 nm, Epot= -3.01286e+05 Fmax= 3.74310e+03, atom= 1016
Step=  138, Dmax= 6.6e-03 nm, Epot= -3.01324e+05 Fmax= 6.64319e+03, atom= 188
Step=  139, Dmax= 8.0e-03 nm, Epot= -3.01413e+05 Fmax= 5.39923e+03, atom= 1016
Step=  140, Dmax= 9.6e-03 nm, Epot= -3.01390e+05 Fmax= 9.54262e+03, atom= 188
Step=  141, Dmax= 4.8e-03 nm, Epot= -3.01511e+05 Fmax= 2.07540e+03, atom= 188
Step=  142, Dmax= 5.7e-03 nm, Epot= -3.01582e+05 Fmax= 6.29036e+03, atom= 188
Step=  143, Dmax= 6.9e-03 nm, Epot= -3.01681e+05 Fmax= 4.44860e+03, atom= 188
Step=  144, Dmax= 8.3e-03 nm, Epot= -3.01688e+05 Fmax= 7.93279e+03, atom= 188
Step=  145, Dmax= 9.9e-03 nm, Epot= -3.01771e+05 Fmax= 7.47549e+03, atom= 188
Step=  146, Dmax= 1.2e-02 nm, Epot= -3.01741e+05 Fmax= 1.05149e+04, atom= 188
Step=  147, Dmax= 5.9e-03 nm, Epot= -3.01908e+05 Fmax= 1.54096e+03, atom= 1016
Step=  148, Dmax= 7.1e-03 nm, Epot= -3.01960e+05 Fmax= 1.00574e+04, atom= 188
Step=  149, Dmax= 8.6e-03 nm, Epot= -3.02167e+05 Fmax= 2.95545e+03, atom= 188
Step=  150, Dmax= 1.0e-02 nm, Epot= -3.02032e+05 Fmax= 1.33767e+04, atom= 188
Step=  151, Dmax= 5.1e-03 nm, Epot= -3.02220e+05 Fmax= 5.21039e+03, atom= 188
Step=  152, Dmax= 6.2e-03 nm, Epot= -3.02292e+05 Fmax= 4.06457e+03, atom= 188
Step=  153, Dmax= 7.4e-03 nm, Epot= -3.02310e+05 Fmax= 7.58533e+03, atom= 188
Step=  154, Dmax= 8.9e-03 nm, Epot= -3.02402e+05 Fmax= 5.85327e+03, atom= 188
Step=  155, Dmax= 1.1e-02 nm, Epot= -3.02349e+05 Fmax= 1.07894e+04, atom= 188
Step=  156, Dmax= 5.3e-03 nm, Epot= -3.02497e+05 Fmax= 2.46820e+03, atom= 188
Step=  157, Dmax= 6.4e-03 nm, Epot= -3.02541e+05 Fmax= 6.92762e+03, atom= 188
Step=  158, Dmax= 7.7e-03 nm, Epot= -3.02636e+05 Fmax= 5.02582e+03, atom= 188
Step=  159, Dmax= 9.2e-03 nm, Epot= -3.02624e+05 Fmax= 8.80533e+03, atom= 188
Step=  160, Dmax= 4.6e-03 nm, Epot= -3.02712e+05 Fmax= 1.89233e+03, atom= 188
Step=  161, Dmax= 5.5e-03 nm, Epot= -3.02769e+05 Fmax= 7.05806e+03, atom= 188
Step=  162, Dmax= 6.6e-03 nm, Epot= -3.02877e+05 Fmax= 2.96551e+03, atom= 188
Step=  163, Dmax= 7.9e-03 nm, Epot= -3.02858e+05 Fmax= 9.68027e+03, atom= 188
Step=  164, Dmax= 4.0e-03 nm, Epot= -3.02935e+05 Fmax= 3.35769e+03, atom= 188
Step=  165, Dmax= 4.8e-03 nm, Epot= -3.02990e+05 Fmax= 3.73735e+03, atom= 188
Step=  166, Dmax= 5.7e-03 nm, Epot= -3.03037e+05 Fmax= 5.30361e+03, atom= 188
Step=  167, Dmax= 6.9e-03 nm, Epot= -3.03095e+05 Fmax= 5.03441e+03, atom= 188
Step=  168, Dmax= 8.2e-03 nm, Epot= -3.03110e+05 Fmax= 7.89106e+03, atom= 188
Step=  169, Dmax= 9.9e-03 nm, Epot= -3.03178e+05 Fmax= 7.08900e+03, atom= 188
Step=  170, Dmax= 1.2e-02 nm, Epot= -3.03128e+05 Fmax= 1.14050e+04, atom= 188
Step=  171, Dmax= 5.9e-03 nm, Epot= -3.03291e+05 Fmax= 2.15887e+03, atom= 188
Step=  172, Dmax= 7.1e-03 nm, Epot= -3.03326e+05 Fmax= 8.23705e+03, atom= 188
Step=  173, Dmax= 8.5e-03 nm, Epot= -3.03442e+05 Fmax= 5.05760e+03, atom= 188
Step=  174, Dmax= 1.0e-02 nm, Epot= -3.03393e+05 Fmax= 1.03519e+04, atom= 188
Step=  175, Dmax= 5.1e-03 nm, Epot= -3.03510e+05 Fmax= 2.65020e+03, atom= 188
Step=  176, Dmax= 6.2e-03 nm, Epot= -3.03540e+05 Fmax= 7.18345e+03, atom= 188
Step=  177, Dmax= 7.4e-03 nm, Epot= -3.03634e+05 Fmax= 3.98617e+03, atom= 188
Step=  178, Dmax= 8.9e-03 nm, Epot= -3.03600e+05 Fmax= 9.99047e+03, atom= 188
Step=  179, Dmax= 4.4e-03 nm, Epot= -3.03692e+05 Fmax= 3.00211e+03, atom= 188
Step=  180, Dmax= 5.3e-03 nm, Epot= -3.03739e+05 Fmax= 4.86840e+03, atom= 188
Step=  181, Dmax= 6.4e-03 nm, Epot= -3.03790e+05 Fmax= 5.14784e+03, atom= 188
Step=  182, Dmax= 7.7e-03 nm, Epot= -3.03825e+05 Fmax= 6.36044e+03, atom= 188
Step=  183, Dmax= 9.2e-03 nm, Epot= -3.03852e+05 Fmax= 7.98707e+03, atom= 188
Step=  184, Dmax= 1.1e-02 nm, Epot= -3.03884e+05 Fmax= 8.70279e+03, atom= 188
Step=  185, Dmax= 1.3e-02 nm, Epot= -3.03854e+05 Fmax= 1.18531e+04, atom= 188
Step=  186, Dmax= 6.6e-03 nm, Epot= -3.04026e+05 Fmax= 1.57770e+03, atom= 188
Step=  187, Dmax= 7.9e-03 nm, Epot= -3.04082e+05 Fmax= 9.76991e+03, atom= 188
Step=  188, Dmax= 9.5e-03 nm, Epot= -3.04226e+05 Fmax= 5.02565e+03, atom= 188
Step=  189, Dmax= 1.1e-02 nm, Epot= -3.04131e+05 Fmax= 1.21360e+04, atom= 188
Step=  190, Dmax= 5.7e-03 nm, Epot= -3.04285e+05 Fmax= 3.55865e+03, atom= 188
Step=  191, Dmax= 6.9e-03 nm, Epot= -3.04303e+05 Fmax= 7.30135e+03, atom= 188
Step=  192, Dmax= 8.2e-03 nm, Epot= -3.04380e+05 Fmax= 5.14451e+03, atom= 188
Step=  193, Dmax= 9.9e-03 nm, Epot= -3.04342e+05 Fmax= 1.03475e+04, atom= 188
Step=  194, Dmax= 4.9e-03 nm, Epot= -3.04446e+05 Fmax= 2.60181e+03, atom= 188
Step=  195, Dmax= 5.9e-03 nm, Epot= -3.04485e+05 Fmax= 6.10840e+03, atom= 188
Step=  196, Dmax= 7.1e-03 nm, Epot= -3.04548e+05 Fmax= 5.01134e+03, atom= 188
Step=  197, Dmax= 8.5e-03 nm, Epot= -3.04557e+05 Fmax= 7.79797e+03, atom= 188
Step=  198, Dmax= 1.0e-02 nm, Epot= -3.04602e+05 Fmax= 8.14791e+03, atom= 188
Step=  199, Dmax= 1.2e-02 nm, Epot= -3.04592e+05 Fmax= 1.04474e+04, atom= 188
Step=  200, Dmax= 6.1e-03 nm, Epot= -3.04716e+05 Fmax= 1.15690e+03, atom= 188
Step=  201, Dmax= 7.4e-03 nm, Epot= -3.04779e+05 Fmax= 1.12683e+04, atom= 188
Step=  202, Dmax= 8.8e-03 nm, Epot= -3.04967e+05 Fmax= 2.19282e+03, atom= 188
Step=  203, Dmax= 1.1e-02 nm, Epot= -3.04851e+05 Fmax= 1.49555e+04, atom= 188
Step=  204, Dmax= 5.3e-03 nm, Epot= -3.05006e+05 Fmax= 6.38329e+03, atom= 188
Step=  205, Dmax= 6.4e-03 nm, Epot= -3.05078e+05 Fmax= 3.22661e+03, atom= 188
Step=  206, Dmax= 7.6e-03 nm, Epot= -3.05073e+05 Fmax= 8.93001e+03, atom= 188
Step=  207, Dmax= 3.8e-03 nm, Epot= -3.05124e+05 Fmax= 2.85155e+03, atom= 188
Step=  208, Dmax= 4.6e-03 nm, Epot= -3.05167e+05 Fmax= 3.90968e+03, atom= 188
Step=  209, Dmax= 5.5e-03 nm, Epot= -3.05208e+05 Fmax= 4.79189e+03, atom= 188
Step=  210, Dmax= 6.6e-03 nm, Epot= -3.05248e+05 Fmax= 5.10793e+03, atom= 188
Step=  211, Dmax= 7.9e-03 nm, Epot= -3.05269e+05 Fmax= 7.33795e+03, atom= 188
Step=  212, Dmax= 9.5e-03 nm, Epot= -3.05313e+05 Fmax= 7.03341e+03, atom= 188
Step=  213, Dmax= 1.1e-02 nm, Epot= -3.05289e+05 Fmax= 1.07747e+04, atom= 188
Step=  214, Dmax= 5.7e-03 nm, Epot= -3.05402e+05 Fmax= 1.87198e+03, atom= 188
Step=  215, Dmax= 6.8e-03 nm, Epot= -3.05445e+05 Fmax= 7.99161e+03, atom= 188
Step=  216, Dmax= 8.2e-03 nm, Epot= -3.05533e+05 Fmax= 4.81269e+03, atom= 188
Step=  217, Dmax= 9.9e-03 nm, Epot= -3.05501e+05 Fmax= 9.95838e+03, atom= 188
Step=  218, Dmax= 4.9e-03 nm, Epot= -3.05585e+05 Fmax= 2.57580e+03, atom= 188
Step=  219, Dmax= 5.9e-03 nm, Epot= -3.05612e+05 Fmax= 6.92419e+03, atom= 188
Step=  220, Dmax= 7.1e-03 nm, Epot= -3.05683e+05 Fmax= 3.79448e+03, atom= 188
Step=  221, Dmax= 8.5e-03 nm, Epot= -3.05662e+05 Fmax= 9.69685e+03, atom= 188
Step=  222, Dmax= 4.3e-03 nm, Epot= -3.05728e+05 Fmax= 2.95136e+03, atom= 188
Step=  223, Dmax= 5.1e-03 nm, Epot= -3.05766e+05 Fmax= 4.58461e+03, atom= 188
Step=  224, Dmax= 6.1e-03 nm, Epot= -3.05806e+05 Fmax= 5.08031e+03, atom= 188
Step=  225, Dmax= 7.4e-03 nm, Epot= -3.05837e+05 Fmax= 5.95956e+03, atom= 188
Step=  226, Dmax= 8.8e-03 nm, Epot= -3.05856e+05 Fmax= 7.87535e+03, atom= 188
Step=  227, Dmax= 1.1e-02 nm, Epot= -3.05888e+05 Fmax= 8.14949e+03, atom= 188
Step=  228, Dmax= 1.3e-02 nm, Epot= -3.05860e+05 Fmax= 1.16583e+04, atom= 188
Step=  229, Dmax= 6.4e-03 nm, Epot= -3.05992e+05 Fmax= 1.75728e+03, atom= 188
Step=  230, Dmax= 7.6e-03 nm, Epot= -3.06028e+05 Fmax= 9.16455e+03, atom= 188
Step=  231, Dmax= 9.2e-03 nm, Epot= -3.06131e+05 Fmax= 5.08671e+03, atom= 188
Step=  232, Dmax= 1.1e-02 nm, Epot= -3.06071e+05 Fmax= 1.13843e+04, atom= 188
Step=  233, Dmax= 5.5e-03 nm, Epot= -3.06181e+05 Fmax= 3.15257e+03, atom= 188
Step=  234, Dmax= 6.6e-03 nm, Epot= -3.06196e+05 Fmax= 7.36322e+03, atom= 188
Step=  235, Dmax= 7.9e-03 nm, Epot= -3.06263e+05 Fmax= 4.58832e+03, atom= 188
Step=  236, Dmax= 9.5e-03 nm, Epot= -3.06230e+05 Fmax= 1.03798e+04, atom= 188
Step=  237, Dmax= 4.7e-03 nm, Epot= -3.06311e+05 Fmax= 2.89624e+03, atom= 188
Step=  238, Dmax= 5.7e-03 nm, Epot= -3.06343e+05 Fmax= 5.48429e+03, atom= 188
Step=  239, Dmax= 6.8e-03 nm, Epot= -3.06386e+05 Fmax= 5.24915e+03, atom= 188
Step=  240, Dmax= 8.2e-03 nm, Epot= -3.06404e+05 Fmax= 7.05496e+03, atom= 188
Step=  241, Dmax= 9.8e-03 nm, Epot= -3.06427e+05 Fmax= 8.32328e+03, atom= 188
Step=  242, Dmax= 1.2e-02 nm, Epot= -3.06439e+05 Fmax= 9.54054e+03, atom= 188
Step=  243, Dmax= 1.4e-02 nm, Epot= -3.06415e+05 Fmax= 1.24910e+04, atom= 188
Step=  244, Dmax= 7.1e-03 nm, Epot= -3.06565e+05 Fmax= 1.47962e+03, atom= 188
Step=  245, Dmax= 8.5e-03 nm, Epot= -3.06608e+05 Fmax= 1.04952e+04, atom= 188
Step=  246, Dmax= 1.0e-02 nm, Epot= -3.06732e+05 Fmax= 5.37059e+03, atom= 188
Step=  247, Dmax= 1.2e-02 nm, Epot= -3.06636e+05 Fmax= 1.29977e+04, atom= 188
Step=  248, Dmax= 6.1e-03 nm, Epot= -3.06778e+05 Fmax= 3.81832e+03, atom= 188
Step=  249, Dmax= 7.3e-03 nm, Epot= -3.06784e+05 Fmax= 7.83702e+03, atom= 188
Step=  250, Dmax= 8.8e-03 nm, Epot= -3.06847e+05 Fmax= 5.49011e+03, atom= 188
Step=  251, Dmax= 1.1e-02 nm, Epot= -3.06803e+05 Fmax= 1.11292e+04, atom= 188
Step=  252, Dmax= 5.3e-03 nm, Epot= -3.06901e+05 Fmax= 2.82088e+03, atom= 188
Step=  253, Dmax= 6.3e-03 nm, Epot= -3.06924e+05 Fmax= 6.49705e+03, atom= 188
Step=  254, Dmax= 7.6e-03 nm, Epot= -3.06974e+05 Fmax= 5.43038e+03, atom= 188
Step=  255, Dmax= 9.1e-03 nm, Epot= -3.06974e+05 Fmax= 8.28442e+03, atom= 188
Step=  256, Dmax= 1.1e-02 nm, Epot= -3.07006e+05 Fmax= 8.81485e+03, atom= 188
Step=  257, Dmax= 1.3e-02 nm, Epot= -3.06992e+05 Fmax= 1.11000e+04, atom= 188
Step=  258, Dmax= 6.6e-03 nm, Epot= -3.07107e+05 Fmax= 1.15221e+03, atom= 188
Step=  259, Dmax= 7.9e-03 nm, Epot= -3.07138e+05 Fmax= 1.23046e+04, atom= 188
Step=  260, Dmax= 9.5e-03 nm, Epot= -3.07312e+05 Fmax= 2.12176e+03, atom= 188
Step=  261, Dmax= 1.1e-02 nm, Epot= -3.07182e+05 Fmax= 1.63817e+04, atom= 188
Step=  262, Dmax= 5.7e-03 nm, Epot= -3.07337e+05 Fmax= 7.13381e+03, atom= 188
Step=  263, Dmax= 6.8e-03 nm, Epot= -3.07403e+05 Fmax= 3.16687e+03, atom= 188
Step=  264, Dmax= 8.2e-03 nm, Epot= -3.07383e+05 Fmax= 9.91512e+03, atom= 188
Step=  265, Dmax= 4.1e-03 nm, Epot= -3.07438e+05 Fmax= 3.37468e+03, atom= 188
Step=  266, Dmax= 4.9e-03 nm, Epot= -3.07471e+05 Fmax= 3.89215e+03, atom= 188
Step=  267, Dmax= 5.9e-03 nm, Epot= -3.07498e+05 Fmax= 5.45975e+03, atom= 188
Step=  268, Dmax= 7.1e-03 nm, Epot= -3.07533e+05 Fmax= 5.15890e+03, atom= 188
Step=  269, Dmax= 8.5e-03 nm, Epot= -3.07537e+05 Fmax= 8.20176e+03, atom= 188
Step=  270, Dmax= 1.0e-02 nm, Epot= -3.07581e+05 Fmax= 7.20416e+03, atom= 188
Step=  271, Dmax= 1.2e-02 nm, Epot= -3.07538e+05 Fmax= 1.18953e+04, atom= 188
Step=  272, Dmax= 6.1e-03 nm, Epot= -3.07654e+05 Fmax= 2.34746e+03, atom= 188
Step=  273, Dmax= 7.3e-03 nm, Epot= -3.07666e+05 Fmax= 8.31567e+03, atom= 188
Step=  274, Dmax= 8.8e-03 nm, Epot= -3.07738e+05 Fmax= 5.40982e+03, atom= 188
Step=  275, Dmax= 1.1e-02 nm, Epot= -3.07702e+05 Fmax= 1.04347e+04, atom= 188
Step=  276, Dmax= 5.3e-03 nm, Epot= -3.07785e+05 Fmax= 2.51654e+03, atom= 188
Step=  277, Dmax= 6.3e-03 nm, Epot= -3.07798e+05 Fmax= 7.70434e+03, atom= 188
Step=  278, Dmax= 7.6e-03 nm, Epot= -3.07866e+05 Fmax= 3.79108e+03, atom= 188
Step=  279, Dmax= 9.1e-03 nm, Epot= -3.07828e+05 Fmax= 1.06912e+04, atom= 188
Step=  280, Dmax= 4.6e-03 nm, Epot= -3.07900e+05 Fmax= 3.45014e+03, atom= 188
Step=  281, Dmax= 5.5e-03 nm, Epot= -3.07928e+05 Fmax= 4.65848e+03, atom= 188
Step=  282, Dmax= 6.6e-03 nm, Epot= -3.07955e+05 Fmax= 5.70588e+03, atom= 188
Step=  283, Dmax= 7.9e-03 nm, Epot= -3.07982e+05 Fmax= 6.14370e+03, atom= 188
Step=  284, Dmax= 9.5e-03 nm, Epot= -3.07986e+05 Fmax= 8.68207e+03, atom= 188
Step=  285, Dmax= 1.1e-02 nm, Epot= -3.08017e+05 Fmax= 8.50431e+03, atom= 188
Step=  286, Dmax= 1.4e-02 nm, Epot= -3.07972e+05 Fmax= 1.27126e+04, atom= 188
Step=  287, Dmax= 6.8e-03 nm, Epot= -3.08108e+05 Fmax= 2.10703e+03, atom= 188
Step=  288, Dmax= 8.2e-03 nm, Epot= -3.08110e+05 Fmax= 9.71875e+03, atom= 188
Step=  289, Dmax= 9.8e-03 nm, Epot= -3.08203e+05 Fmax= 5.53879e+03, atom= 188
Step=  290, Dmax= 1.2e-02 nm, Epot= -3.08133e+05 Fmax= 1.21415e+04, atom= 188
Step=  291, Dmax= 5.9e-03 nm, Epot= -3.08246e+05 Fmax= 3.30577e+03, atom= 188
Step=  292, Dmax= 7.1e-03 nm, Epot= -3.08249e+05 Fmax= 7.94143e+03, atom= 188
Step=  293, Dmax= 8.5e-03 nm, Epot= -3.08311e+05 Fmax= 4.88257e+03, atom= 188
Step=  294, Dmax= 1.0e-02 nm, Epot= -3.08265e+05 Fmax= 1.11228e+04, atom= 188
Step=  295, Dmax= 5.1e-03 nm, Epot= -3.08352e+05 Fmax= 3.12064e+03, atom= 188
Step=  296, Dmax= 6.1e-03 nm, Epot= -3.08372e+05 Fmax= 5.89558e+03, atom= 188
Step=  297, Dmax= 7.3e-03 nm, Epot= -3.08408e+05 Fmax= 5.57941e+03, atom= 188
Step=  298, Dmax= 8.8e-03 nm, Epot= -3.08415e+05 Fmax= 7.63341e+03, atom= 188
Step=  299, Dmax= 1.1e-02 nm, Epot= -3.08433e+05 Fmax= 8.80786e+03, atom= 188
Step=  300, Dmax= 1.3e-02 nm, Epot= -3.08432e+05 Fmax= 1.03606e+04, atom= 188
Step=  301, Dmax= 6.3e-03 nm, Epot= -3.08524e+05 Fmax= 7.85843e+02, atom= 188

writing lowest energy coordinates.

Steepest Descents converged to Fmax < 1000 in 302 steps
Potential Energy  = -3.0852369e+05
Maximum force     =  7.8584253e+02 on atom 188
Norm of force     =  3.3357884e+01

GROMACS reminds you: "Nobody ever complained a seminar was too easy to understand." (Ken Dill)

