Setting the LD random seed to 1473249089

Generated 741 of the 741 non-bonded parameter combinations

Generated 741 of the 741 1-4 parameter combinations

Excluding 3 bonded neighbours molecule type 'system1'

Excluding 3 bonded neighbours molecule type 'Na+'

Excluding 3 bonded neighbours molecule type 'WAT'

Cleaning up constraints and constant bonded interactions with virtual sites
Analysing residue names:
There are:   107    Protein residues
There are:    18      Other residues
There are:  4736      Water residues
Analysing Protein...
Analysing residues not classified as Protein/DNA/RNA/Water and splitting into groups...

The largest distance between excluded atoms is 0.419 nm between atom 5 and 13
Calculating fourier grid dimensions for X Y Z
Using a fourier grid of 52x56x48, spacing 0.112 0.112 0.118

Estimate for the relative computational load of the PME mesh part: 0.25

This run will generate roughly 2 Mb of data

--- stderr ---
                :-) GROMACS - gmx grompp, 2024.5-conda_forge (-:

Executable:   /usr/local/Caskroom/miniforge/base/envs/gromacs_env/bin.AVX2_256/gmx
Data prefix:  /usr/local/Caskroom/miniforge/base/envs/gromacs_env
Working dir:  /Users/laetitiaguerin/Library/CloudStorage/OneDrive-Personal/Documents/BSc_Nanobiology/Year_5/BEP/Energy_minimization/tleap_runs/P00214_C25A
Command line:
  gmx grompp -f minim.mdp -c P00214_C25A.gro -p P00214_C25A_gromacs.top -o P00214_C25A_minim.tpr

Ignoring obsolete mdp entry 'ns_type'

NOTE 1 [file minim.mdp]:
  With Verlet lists the optimal nstlist is >= 10, with GPUs >= 20. Note
  that with the Verlet scheme, nstlist has no effect on the accuracy of
  your simulation.

Generating 1-4 interactions: fudge = 0.5
Number of degrees of freedom in T-Coupling group rest is 33393.00
The integrator does not provide a ensemble temperature, there is no system ensemble temperature

There was 1 NOTE

GROMACS reminds you: "The most exciting phrase to hear in science, the one that heralds new discoveries, is not "Eureka" but "That's funny..."." (Isaac Asimov)

