
--- stderr ---
                :-) GROMACS - gmx mdrun, 2024.5-conda_forge (-:

Executable:   /usr/local/Caskroom/miniforge/base/envs/gromacs_env/bin.AVX2_256/gmx
Data prefix:  /usr/local/Caskroom/miniforge/base/envs/gromacs_env
Working dir:  /Users/laetitiaguerin/Library/CloudStorage/OneDrive-Personal/Documents/BSc_Nanobiology/Year_5/BEP/Energy_minimization/tleap_runs/P00214_C25A
Command line:
  gmx mdrun -v -deffnm P00214_C25A_minim

The current CPU can measure timings more accurately than the code in
gmx mdrun was configured to use. This might affect your simulation
speed as accurate timings are needed for load-balancing.
Please consider rebuilding gmx mdrun with the GMX_USE_RDTSCP=ON CMake option.
Reading file P00214_C25A_minim.tpr, VERSION 2024.5-conda_forge (single precision)

Using 1 MPI thread
Using 8 OpenMP threads 


Steepest Descents:
   Tolerance (Fmax)   =  1.00000e+03
   Number of steps    =        50000
Step=    0, Dmax= 1.0e-02 nm, Epot= -2.14182e+05 Fmax= 4.29526e+03, atom= 373
Step=    1, Dmax= 1.0e-02 nm, Epot= -2.18658e+05 Fmax= 6.97015e+03, atom= 373
Step=    2, Dmax= 1.2e-02 nm, Epot= -2.21277e+05 Fmax= 8.44692e+03, atom= 373
Step=    3, Dmax= 1.4e-02 nm, Epot= -2.23364e+05 Fmax= 9.97365e+03, atom= 373
Step=    4, Dmax= 1.7e-02 nm, Epot= -2.24943e+05 Fmax= 1.30968e+04, atom= 373
Step=    5, Dmax= 2.1e-02 nm, Epot= -2.26101e+05 Fmax= 1.62704e+04, atom= 869
Step=    6, Dmax= 2.5e-02 nm, Epot= -2.26927e+05 Fmax= 2.10340e+04, atom= 869
Step=    7, Dmax= 3.0e-02 nm, Epot= -2.27826e+05 Fmax= 2.48708e+04, atom= 869
Step=    8, Dmax= 3.6e-02 nm, Epot= -2.28362e+05 Fmax= 2.88748e+04, atom= 869
Step=    9, Dmax= 4.3e-02 nm, Epot= -2.28194e+05 Fmax= 3.64502e+04, atom= 869
Step=   10, Dmax= 2.1e-02 nm, Epot= -2.31390e+05 Fmax= 3.94097e+03, atom= 869
Step=   11, Dmax= 2.6e-02 nm, Epot= -2.32697e+05 Fmax= 3.35426e+04, atom= 869
Step=   12, Dmax= 3.1e-02 nm, Epot= -2.35391e+05 Fmax= 1.41500e+04, atom= 869
Step=   13, Dmax= 3.7e-02 nm, Epot= -2.32939e+05 Fmax= 4.15159e+04, atom= 869
Step=   14, Dmax= 1.9e-02 nm, Epot= -2.35982e+05 Fmax= 1.38159e+04, atom= 869
Step=   15, Dmax= 2.2e-02 nm, Epot= -2.36162e+05 Fmax= 2.05996e+04, atom= 869
Step=   16, Dmax= 2.7e-02 nm, Epot= -2.36732e+05 Fmax= 1.97399e+04, atom= 869
Step=   17, Dmax= 3.2e-02 nm, Epot= -2.36290e+05 Fmax= 2.94147e+04, atom= 869
Step=   18, Dmax= 1.6e-02 nm, Epot= -2.37910e+05 Fmax= 4.87895e+03, atom= 869
Step=   19, Dmax= 1.9e-02 nm, Epot= -2.38123e+05 Fmax= 2.35656e+04, atom= 869
Step=   20, Dmax= 2.3e-02 nm, Epot= -2.39421e+05 Fmax= 1.19183e+04, atom= 869
Step=   21, Dmax= 2.8e-02 nm, Epot= -2.38430e+05 Fmax= 2.97542e+04, atom= 869
Step=   22, Dmax= 1.4e-02 nm, Epot= -2.39923e+05 Fmax= 8.96256e+03, atom= 869
Step=   23, Dmax= 1.7e-02 nm, Epot= -2.40053e+05 Fmax= 1.68249e+04, atom= 869
Step=   24, Dmax= 2.0e-02 nm, Epot= -2.40622e+05 Fmax= 1.33589e+04, atom= 869
Step=   25, Dmax= 2.4e-02 nm, Epot= -2.40302e+05 Fmax= 2.35229e+04, atom= 869
Step=   26, Dmax= 1.2e-02 nm, Epot= -2.41237e+05 Fmax= 5.08595e+03, atom= 869
Step=   27, Dmax= 1.4e-02 nm, Epot= -2.41462e+05 Fmax= 1.62929e+04, atom= 869
Step=   28, Dmax= 1.7e-02 nm, Epot= -2.42117e+05 Fmax= 1.02456e+04, atom= 869
Step=   29, Dmax= 2.1e-02 nm, Epot= -2.41851e+05 Fmax= 2.09275e+04, atom= 869
Step=   30, Dmax= 1.0e-02 nm, Epot= -2.42536e+05 Fmax= 5.36589e+03, atom= 869
Step=   31, Dmax= 1.2e-02 nm, Epot= -2.42735e+05 Fmax= 1.40408e+04, atom= 869
Step=   32, Dmax= 1.5e-02 nm, Epot= -2.43252e+05 Fmax= 8.53331e+03, atom= 869
Step=   33, Dmax= 1.8e-02 nm, Epot= -2.43081e+05 Fmax= 1.91586e+04, atom= 869
Step=   34, Dmax= 8.9e-03 nm, Epot= -2.43600e+05 Fmax= 5.30790e+03, atom= 869
Step=   35, Dmax= 1.1e-02 nm, Epot= -2.43845e+05 Fmax= 1.07378e+04, atom= 869
Step=   36, Dmax= 1.3e-02 nm, Epot= -2.44182e+05 Fmax= 9.14231e+03, atom= 869
Step=   37, Dmax= 1.5e-02 nm, Epot= -2.44258e+05 Fmax= 1.41715e+04, atom= 869
Step=   38, Dmax= 1.9e-02 nm, Epot= -2.44523e+05 Fmax= 1.43496e+04, atom= 869
Step=   39, Dmax= 2.2e-02 nm, Epot= -2.44428e+05 Fmax= 1.93105e+04, atom= 869
Step=   40, Dmax= 1.1e-02 nm, Epot= -2.45117e+05 Fmax= 2.61680e+03, atom= 635
Step=   41, Dmax= 1.3e-02 nm, Epot= -2.45380e+05 Fmax= 1.79805e+04, atom= 869
Step=   42, Dmax= 1.6e-02 nm, Epot= -2.46161e+05 Fmax= 6.51065e+03, atom= 635
Step=   43, Dmax= 1.9e-02 nm, Epot= -2.45583e+05 Fmax= 2.29877e+04, atom= 869
Step=   44, Dmax= 9.6e-03 nm, Epot= -2.46360e+05 Fmax= 8.27917e+03, atom= 869
Step=   45, Dmax= 1.2e-02 nm, Epot= -2.46552e+05 Fmax= 9.40815e+03, atom= 635
Step=   46, Dmax= 1.4e-02 nm, Epot= -2.46684e+05 Fmax= 1.16644e+04, atom= 635
Step=   47, Dmax= 1.7e-02 nm, Epot= -2.46795e+05 Fmax= 1.40489e+04, atom= 635
Step=   48, Dmax= 2.0e-02 nm, Epot= -2.46863e+05 Fmax= 1.63507e+04, atom= 635
Step=   49, Dmax= 2.4e-02 nm, Epot= -2.46784e+05 Fmax= 2.05074e+04, atom= 635
Step=   50, Dmax= 1.2e-02 nm, Epot= -2.47541e+05 Fmax= 2.11921e+03, atom= 635
Step=   51, Dmax= 1.4e-02 nm, Epot= -2.47841e+05 Fmax= 1.90685e+04, atom= 635
Step=   52, Dmax= 1.7e-02 nm, Epot= -2.48569e+05 Fmax= 7.58142e+03, atom= 635
Step=   53, Dmax= 2.1e-02 nm, Epot= -2.47975e+05 Fmax= 2.38379e+04, atom= 635
Step=   54, Dmax= 1.0e-02 nm, Epot= -2.48733e+05 Fmax= 8.14052e+03, atom= 635
Step=   55, Dmax= 1.2e-02 nm, Epot= -2.48836e+05 Fmax= 1.11189e+04, atom= 635
Step=   56, Dmax= 1.5e-02 nm, Epot= -2.48986e+05 Fmax= 1.15825e+04, atom= 635
Step=   57, Dmax= 1.8e-02 nm, Epot= -2.48973e+05 Fmax= 1.60291e+04, atom= 635
Step=   58, Dmax= 8.9e-03 nm, Epot= -2.49321e+05 Fmax= 2.23909e+03, atom= 635
Step=   59, Dmax= 1.1e-02 nm, Epot= -2.49601e+05 Fmax= 1.36647e+04, atom= 635
Step=   60, Dmax= 1.3e-02 nm, Epot= -2.49971e+05 Fmax= 6.23075e+03, atom= 635
Step=   61, Dmax= 1.5e-02 nm, Epot= -2.49828e+05 Fmax= 1.72037e+04, atom= 635
Step=   62, Dmax= 7.7e-03 nm, Epot= -2.50127e+05 Fmax= 5.48798e+03, atom= 635
Step=   63, Dmax= 9.3e-03 nm, Epot= -2.50244e+05 Fmax= 8.94534e+03, atom= 635
Step=   64, Dmax= 1.1e-02 nm, Epot= -2.50407e+05 Fmax= 7.99250e+03, atom= 635
Step=   65, Dmax= 1.3e-02 nm, Epot= -2.50442e+05 Fmax= 1.26871e+04, atom= 635
Step=   66, Dmax= 1.6e-02 nm, Epot= -2.50612e+05 Fmax= 1.17438e+04, atom= 635
Step=   67, Dmax= 1.9e-02 nm, Epot= -2.50507e+05 Fmax= 1.79022e+04, atom= 635
Step=   68, Dmax= 9.6e-03 nm, Epot= -2.50907e+05 Fmax= 3.09541e+03, atom= 635
Step=   69, Dmax= 1.2e-02 nm, Epot= -2.51000e+05 Fmax= 1.42083e+04, atom= 635
Step=   70, Dmax= 1.4e-02 nm, Epot= -2.51337e+05 Fmax= 7.15293e+03, atom= 635
Step=   71, Dmax= 1.7e-02 nm, Epot= -2.51148e+05 Fmax= 1.80870e+04, atom= 635
Step=   72, Dmax= 8.3e-03 nm, Epot= -2.51484e+05 Fmax= 5.46874e+03, atom= 635
Step=   73, Dmax= 1.0e-02 nm, Epot= -2.51563e+05 Fmax= 1.00272e+04, atom= 635
Step=   74, Dmax= 1.2e-02 nm, Epot= -2.51726e+05 Fmax= 8.20146e+03, atom= 635
Step=   75, Dmax= 1.4e-02 nm, Epot= -2.51709e+05 Fmax= 1.40019e+04, atom= 635
Step=   76, Dmax= 7.2e-03 nm, Epot= -2.51900e+05 Fmax= 2.90674e+03, atom= 635
Step=   77, Dmax= 8.6e-03 nm, Epot= -2.52046e+05 Fmax= 1.00076e+04, atom= 635
Step=   78, Dmax= 1.0e-02 nm, Epot= -2.52239e+05 Fmax= 5.96747e+03, atom= 635
Step=   79, Dmax= 1.2e-02 nm, Epot= -2.52240e+05 Fmax= 1.28575e+04, atom= 635
Step=   80, Dmax= 1.5e-02 nm, Epot= -2.52440e+05 Fmax= 1.00907e+04, atom= 635
Step=   81, Dmax= 1.8e-02 nm, Epot= -2.52320e+05 Fmax= 1.71113e+04, atom= 635
Step=   82, Dmax= 8.9e-03 nm, Epot= -2.52644e+05 Fmax= 3.51614e+03, atom= 635
Step=   83, Dmax= 1.1e-02 nm, Epot= -2.52685e+05 Fmax= 1.32413e+04, atom= 635
Step=   84, Dmax= 1.3e-02 nm, Epot= -2.52954e+05 Fmax= 6.39582e+03, atom= 635
Step=   85, Dmax= 1.5e-02 nm, Epot= -2.52791e+05 Fmax= 1.75121e+04, atom= 635
Step=   86, Dmax= 7.7e-03 nm, Epot= -2.53073e+05 Fmax= 5.56262e+03, atom= 635
Step=   87, Dmax= 9.2e-03 nm, Epot= -2.53153e+05 Fmax= 8.48443e+03, atom= 635
Step=   88, Dmax= 1.1e-02 nm, Epot= -2.53260e+05 Fmax= 8.69190e+03, atom= 635
Step=   89, Dmax= 1.3e-02 nm, Epot= -2.53300e+05 Fmax= 1.16139e+04, atom= 635
Step=   90, Dmax= 1.6e-02 nm, Epot= -2.53367e+05 Fmax= 1.30467e+04, atom= 635
Step=   91, Dmax= 1.9e-02 nm, Epot= -2.53350e+05 Fmax= 1.62255e+04, atom= 635
Step=   92, Dmax= 9.6e-03 nm, Epot= -2.53654e+05 Fmax= 1.62972e+03, atom= 1640
Step=   93, Dmax= 1.1e-02 nm, Epot= -2.53843e+05 Fmax= 1.65008e+04, atom= 635
Step=   94, Dmax= 1.4e-02 nm, Epot= -2.54243e+05 Fmax= 4.67480e+03, atom= 1640
Step=   95, Dmax= 1.7e-02 nm, Epot= -2.53934e+05 Fmax= 2.10787e+04, atom= 635
Step=   96, Dmax= 8.3e-03 nm, Epot= -2.54314e+05 Fmax= 8.21744e+03, atom= 635
Step=   97, Dmax= 9.9e-03 nm, Epot= -2.54426e+05 Fmax= 6.99507e+03, atom= 1640
Step=   98, Dmax= 1.2e-02 nm, Epot= -2.54440e+05 Fmax= 1.14186e+04, atom= 635
Step=   99, Dmax= 1.4e-02 nm, Epot= -2.54554e+05 Fmax= 1.05951e+04, atom= 1640
Step=  100, Dmax= 1.7e-02 nm, Epot= -2.54486e+05 Fmax= 1.57939e+04, atom= 1640
Step=  101, Dmax= 8.6e-03 nm, Epot= -2.54752e+05 Fmax= 2.63418e+03, atom= 635
Step=  102, Dmax= 1.0e-02 nm, Epot= -2.54807e+05 Fmax= 1.32418e+04, atom= 1640
Step=  103, Dmax= 1.2e-02 nm, Epot= -2.55052e+05 Fmax= 5.78615e+03, atom= 1640
Step=  104, Dmax= 1.5e-02 nm, Epot= -2.54896e+05 Fmax= 1.71661e+04, atom= 1640
Step=  105, Dmax= 7.4e-03 nm, Epot= -2.55140e+05 Fmax= 5.69529e+03, atom= 1640
Step=  106, Dmax= 8.9e-03 nm, Epot= -2.55205e+05 Fmax= 7.97600e+03, atom= 1640
Step=  107, Dmax= 1.1e-02 nm, Epot= -2.55282e+05 Fmax= 8.53824e+03, atom= 1640
Step=  108, Dmax= 1.3e-02 nm, Epot= -2.55315e+05 Fmax= 1.11654e+04, atom= 1640
Step=  109, Dmax= 1.5e-02 nm, Epot= -2.55365e+05 Fmax= 1.25753e+04, atom= 1640
Step=  110, Dmax= 1.8e-02 nm, Epot= -2.55348e+05 Fmax= 1.57867e+04, atom= 1640
Step=  111, Dmax= 9.2e-03 nm, Epot= -2.55598e+05 Fmax= 1.61739e+03, atom= 1640
Step=  112, Dmax= 1.1e-02 nm, Epot= -2.55742e+05 Fmax= 1.56955e+04, atom= 1640
Step=  113, Dmax= 1.3e-02 nm, Epot= -2.56048e+05 Fmax= 4.78607e+03, atom= 1640
Step=  114, Dmax= 1.6e-02 nm, Epot= -2.55826e+05 Fmax= 1.99021e+04, atom= 1640
Step=  115, Dmax= 8.0e-03 nm, Epot= -2.56108e+05 Fmax= 7.57075e+03, atom= 1640
Step=  116, Dmax= 9.6e-03 nm, Epot= -2.56188e+05 Fmax= 7.14280e+03, atom= 1640
Step=  117, Dmax= 1.1e-02 nm, Epot= -2.56214e+05 Fmax= 1.06126e+04, atom= 1640
Step=  118, Dmax= 1.4e-02 nm, Epot= -2.56289e+05 Fmax= 1.05759e+04, atom= 1640
Step=  119, Dmax= 1.7e-02 nm, Epot= -2.56259e+05 Fmax= 1.49381e+04, atom= 1640
Step=  120, Dmax= 8.3e-03 nm, Epot= -2.56451e+05 Fmax= 2.19406e+03, atom= 1640
Step=  121, Dmax= 9.9e-03 nm, Epot= -2.56531e+05 Fmax= 1.29667e+04, atom= 1640
Step=  122, Dmax= 1.2e-02 nm, Epot= -2.56728e+05 Fmax= 5.43363e+03, atom= 1640
Step=  123, Dmax= 1.4e-02 nm, Epot= -2.56619e+05 Fmax= 1.65033e+04, atom= 1640
Step=  124, Dmax= 7.1e-03 nm, Epot= -2.56798e+05 Fmax= 5.53425e+03, atom= 1640
Step=  125, Dmax= 8.6e-03 nm, Epot= -2.56852e+05 Fmax= 7.73518e+03, atom= 1640
Step=  126, Dmax= 1.0e-02 nm, Epot= -2.56917e+05 Fmax= 8.07524e+03, atom= 1640
Step=  127, Dmax= 1.2e-02 nm, Epot= -2.56942e+05 Fmax= 1.09993e+04, atom= 1640
Step=  128, Dmax= 1.5e-02 nm, Epot= -2.56995e+05 Fmax= 1.17702e+04, atom= 1640
Step=  129, Dmax= 1.8e-02 nm, Epot= -2.56969e+05 Fmax= 1.56401e+04, atom= 1640
Step=  130, Dmax= 8.9e-03 nm, Epot= -2.57170e+05 Fmax= 1.95240e+03, atom= 1640
Step=  131, Dmax= 1.1e-02 nm, Epot= -2.57255e+05 Fmax= 1.43218e+04, atom= 1640
Step=  132, Dmax= 1.3e-02 nm, Epot= -2.57470e+05 Fmax= 5.46195e+03, atom= 1640
Step=  133, Dmax= 1.5e-02 nm, Epot= -2.57326e+05 Fmax= 1.81157e+04, atom= 1640
Step=  134, Dmax= 7.7e-03 nm, Epot= -2.57530e+05 Fmax= 6.32768e+03, atom= 1640
Step=  135, Dmax= 9.2e-03 nm, Epot= -2.57581e+05 Fmax= 7.92926e+03, atom= 1640
Step=  136, Dmax= 1.1e-02 nm, Epot= -2.57630e+05 Fmax= 9.06488e+03, atom= 1640
Step=  137, Dmax= 1.3e-02 nm, Epot= -2.57658e+05 Fmax= 1.14299e+04, atom= 1640
Step=  138, Dmax= 1.6e-02 nm, Epot= -2.57688e+05 Fmax= 1.30412e+04, atom= 1640
Step=  139, Dmax= 1.9e-02 nm, Epot= -2.57668e+05 Fmax= 1.64067e+04, atom= 1640
Step=  140, Dmax= 9.6e-03 nm, Epot= -2.57878e+05 Fmax= 1.70626e+03, atom= 1640
Step=  141, Dmax= 1.1e-02 nm, Epot= -2.57976e+05 Fmax= 1.57568e+04, atom= 1640
Step=  142, Dmax= 1.4e-02 nm, Epot= -2.58212e+05 Fmax= 5.51925e+03, atom= 1640
Step=  143, Dmax= 1.7e-02 nm, Epot= -2.58029e+05 Fmax= 1.98198e+04, atom= 1640
Step=  144, Dmax= 8.3e-03 nm, Epot= -2.58261e+05 Fmax= 7.15497e+03, atom= 1640
Step=  145, Dmax= 9.9e-03 nm, Epot= -2.58311e+05 Fmax= 8.16489e+03, atom= 1640
Step=  146, Dmax= 1.2e-02 nm, Epot= -2.58346e+05 Fmax= 1.01021e+04, atom= 1640
Step=  147, Dmax= 1.4e-02 nm, Epot= -2.58375e+05 Fmax= 1.19195e+04, atom= 1640
Step=  148, Dmax= 1.7e-02 nm, Epot= -2.58382e+05 Fmax= 1.43797e+04, atom= 1640
Step=  149, Dmax= 2.1e-02 nm, Epot= -2.58369e+05 Fmax= 1.72563e+04, atom= 1640
Step=  150, Dmax= 1.0e-02 nm, Epot= -2.58591e+05 Fmax= 1.47087e+03, atom= 1640
Step=  151, Dmax= 1.2e-02 nm, Epot= -2.58710e+05 Fmax= 1.72485e+04, atom= 1640
Step=  152, Dmax= 1.5e-02 nm, Epot= -2.58967e+05 Fmax= 5.64089e+03, atom= 1640
Step=  153, Dmax= 1.8e-02 nm, Epot= -2.58744e+05 Fmax= 2.15856e+04, atom= 1640
Step=  154, Dmax= 8.9e-03 nm, Epot= -2.59007e+05 Fmax= 7.98522e+03, atom= 1640
Step=  155, Dmax= 1.1e-02 nm, Epot= -2.59057e+05 Fmax= 8.47959e+03, atom= 1640
Step=  156, Dmax= 1.3e-02 nm, Epot= -2.59076e+05 Fmax= 1.11558e+04, atom= 1640
Step=  157, Dmax= 1.5e-02 nm, Epot= -2.59108e+05 Fmax= 1.25077e+04, atom= 1640
Step=  158, Dmax= 1.8e-02 nm, Epot= -2.59093e+05 Fmax= 1.57550e+04, atom= 1640
Step=  159, Dmax= 9.2e-03 nm, Epot= -2.59261e+05 Fmax= 1.63514e+03, atom= 1640
Step=  160, Dmax= 1.1e-02 nm, Epot= -2.59345e+05 Fmax= 1.56253e+04, atom= 1640
Step=  161, Dmax= 1.3e-02 nm, Epot= -2.59552e+05 Fmax= 4.78215e+03, atom= 1640
Step=  162, Dmax= 1.6e-02 nm, Epot= -2.59394e+05 Fmax= 1.98203e+04, atom= 1640
Step=  163, Dmax= 7.9e-03 nm, Epot= -2.59591e+05 Fmax= 7.53114e+03, atom= 1640
Step=  164, Dmax= 9.5e-03 nm, Epot= -2.59645e+05 Fmax= 7.12919e+03, atom= 1640
Step=  165, Dmax= 1.1e-02 nm, Epot= -2.59661e+05 Fmax= 1.05638e+04, atom= 1640
Step=  166, Dmax= 1.4e-02 nm, Epot= -2.59711e+05 Fmax= 1.05491e+04, atom= 1640
Step=  167, Dmax= 1.6e-02 nm, Epot= -2.59687e+05 Fmax= 1.48755e+04, atom= 1640
Step=  168, Dmax= 8.2e-03 nm, Epot= -2.59823e+05 Fmax= 2.17609e+03, atom= 1640
Step=  169, Dmax= 9.9e-03 nm, Epot= -2.59873e+05 Fmax= 1.29270e+04, atom= 1640
Step=  170, Dmax= 1.2e-02 nm, Epot= -2.60012e+05 Fmax= 5.40857e+03, atom= 1640
Step=  171, Dmax= 1.4e-02 nm, Epot= -2.59929e+05 Fmax= 1.64497e+04, atom= 1640
Step=  172, Dmax= 7.1e-03 nm, Epot= -2.60061e+05 Fmax= 5.52012e+03, atom= 1640
Step=  173, Dmax= 8.5e-03 nm, Epot= -2.60097e+05 Fmax= 7.70293e+03, atom= 1640
Step=  174, Dmax= 1.0e-02 nm, Epot= -2.60142e+05 Fmax= 8.05111e+03, atom= 1640
Step=  175, Dmax= 1.2e-02 nm, Epot= -2.60158e+05 Fmax= 1.09567e+04, atom= 1640
Step=  176, Dmax= 1.5e-02 nm, Epot= -2.60193e+05 Fmax= 1.17322e+04, atom= 1640
Step=  177, Dmax= 1.8e-02 nm, Epot= -2.60171e+05 Fmax= 1.55820e+04, atom= 1640
Step=  178, Dmax= 8.9e-03 nm, Epot= -2.60320e+05 Fmax= 1.94251e+03, atom= 1640
Step=  179, Dmax= 1.1e-02 nm, Epot= -2.60372e+05 Fmax= 1.42703e+04, atom= 1640
Step=  180, Dmax= 1.3e-02 nm, Epot= -2.60531e+05 Fmax= 5.44370e+03, atom= 1640
Step=  181, Dmax= 1.5e-02 nm, Epot= -2.60416e+05 Fmax= 1.80494e+04, atom= 1640
Step=  182, Dmax= 7.7e-03 nm, Epot= -2.60573e+05 Fmax= 6.30370e+03, atom= 1640
Step=  183, Dmax= 9.2e-03 nm, Epot= -2.60609e+05 Fmax= 7.90341e+03, atom= 1640
Step=  184, Dmax= 1.1e-02 nm, Epot= -2.60643e+05 Fmax= 9.03008e+03, atom= 1640
Step=  185, Dmax= 1.3e-02 nm, Epot= -2.60661e+05 Fmax= 1.13928e+04, atom= 1640
Step=  186, Dmax= 1.6e-02 nm, Epot= -2.60680e+05 Fmax= 1.29911e+04, atom= 1640
Step=  187, Dmax= 1.9e-02 nm, Epot= -2.60661e+05 Fmax= 1.63534e+04, atom= 1640
Step=  188, Dmax= 9.5e-03 nm, Epot= -2.60824e+05 Fmax= 1.70470e+03, atom= 1640
Step=  189, Dmax= 1.1e-02 nm, Epot= -2.60883e+05 Fmax= 1.56920e+04, atom= 1640
Step=  190, Dmax= 1.4e-02 nm, Epot= -2.61064e+05 Fmax= 5.50866e+03, atom= 1640
Step=  191, Dmax= 1.6e-02 nm, Epot= -2.60914e+05 Fmax= 1.97397e+04, atom= 1640
Step=  192, Dmax= 8.2e-03 nm, Epot= -2.61100e+05 Fmax= 7.11995e+03, atom= 1640
Step=  193, Dmax= 9.9e-03 nm, Epot= -2.61136e+05 Fmax= 8.14644e+03, atom= 1640
Step=  194, Dmax= 1.2e-02 nm, Epot= -2.61159e+05 Fmax= 1.00552e+04, atom= 1640
Step=  195, Dmax= 1.4e-02 nm, Epot= -2.61179e+05 Fmax= 1.18892e+04, atom= 1640
Step=  196, Dmax= 1.7e-02 nm, Epot= -2.61182e+05 Fmax= 1.43164e+04, atom= 1640
Step=  197, Dmax= 2.0e-02 nm, Epot= -2.61166e+05 Fmax= 1.72087e+04, atom= 1640
Step=  198, Dmax= 1.0e-02 nm, Epot= -2.61345e+05 Fmax= 1.47823e+03, atom= 1640
Step=  199, Dmax= 1.2e-02 nm, Epot= -2.61417e+05 Fmax= 1.71703e+04, atom= 1640
Step=  200, Dmax= 1.5e-02 nm, Epot= -2.61622e+05 Fmax= 5.63718e+03, atom= 1640
Step=  201, Dmax= 1.8e-02 nm, Epot= -2.61433e+05 Fmax= 2.14923e+04, atom= 1640
Step=  202, Dmax= 8.8e-03 nm, Epot= -2.61650e+05 Fmax= 7.93975e+03, atom= 1640
Step=  203, Dmax= 1.1e-02 nm, Epot= -2.61687e+05 Fmax= 8.46741e+03, atom= 1640
Step=  204, Dmax= 1.3e-02 nm, Epot= -2.61700e+05 Fmax= 1.10976e+04, atom= 1640
Step=  205, Dmax= 1.5e-02 nm, Epot= -2.61722e+05 Fmax= 1.24829e+04, atom= 1640
Step=  206, Dmax= 1.8e-02 nm, Epot= -2.61707e+05 Fmax= 1.56794e+04, atom= 1640
Step=  207, Dmax= 9.2e-03 nm, Epot= -2.61846e+05 Fmax= 1.60952e+03, atom= 1640
Step=  208, Dmax= 1.1e-02 nm, Epot= -2.61900e+05 Fmax= 1.55959e+04, atom= 1640
Step=  209, Dmax= 1.3e-02 nm, Epot= -2.62070e+05 Fmax= 4.73911e+03, atom= 1640
Step=  210, Dmax= 1.6e-02 nm, Epot= -2.61931e+05 Fmax= 1.97787e+04, atom= 1640
Step=  211, Dmax= 7.9e-03 nm, Epot= -2.62098e+05 Fmax= 7.53210e+03, atom= 1640
Step=  212, Dmax= 9.5e-03 nm, Epot= -2.62140e+05 Fmax= 7.07574e+03, atom= 1640
Step=  213, Dmax= 1.1e-02 nm, Epot= -2.62149e+05 Fmax= 1.05560e+04, atom= 1640
Step=  214, Dmax= 1.4e-02 nm, Epot= -2.62189e+05 Fmax= 1.04814e+04, atom= 1640
Step=  215, Dmax= 1.6e-02 nm, Epot= -2.62164e+05 Fmax= 1.48542e+04, atom= 1640
Step=  216, Dmax= 8.2e-03 nm, Epot= -2.62281e+05 Fmax= 2.19931e+03, atom= 1640
Step=  217, Dmax= 9.9e-03 nm, Epot= -2.62310e+05 Fmax= 1.28481e+04, atom= 1640
Step=  218, Dmax= 1.2e-02 nm, Epot= -2.62425e+05 Fmax= 5.42280e+03, atom= 1640
Step=  219, Dmax= 1.4e-02 nm, Epot= -2.62349e+05 Fmax= 1.63566e+04, atom= 1640
Step=  220, Dmax= 7.1e-03 nm, Epot= -2.62463e+05 Fmax= 5.46625e+03, atom= 1640
Step=  221, Dmax= 8.5e-03 nm, Epot= -2.62490e+05 Fmax= 7.71121e+03, atom= 1640
Step=  222, Dmax= 1.0e-02 nm, Epot= -2.62525e+05 Fmax= 7.98603e+03, atom= 1640
Step=  223, Dmax= 1.2e-02 nm, Epot= -2.62534e+05 Fmax= 1.09557e+04, atom= 1640
Step=  224, Dmax= 1.5e-02 nm, Epot= -2.62562e+05 Fmax= 1.16520e+04, atom= 1640
Step=  225, Dmax= 1.8e-02 nm, Epot= -2.62539e+05 Fmax= 1.55668e+04, atom= 1640
Step=  226, Dmax= 8.8e-03 nm, Epot= -2.62668e+05 Fmax= 1.97470e+03, atom= 1640
Step=  227, Dmax= 1.1e-02 nm, Epot= -2.62698e+05 Fmax= 1.41790e+04, atom= 1640
Step=  228, Dmax= 1.3e-02 nm, Epot= -2.62831e+05 Fmax= 5.46492e+03, atom= 1640
Step=  229, Dmax= 1.5e-02 nm, Epot= -2.62726e+05 Fmax= 1.79434e+04, atom= 1640
Step=  230, Dmax= 7.6e-03 nm, Epot= -2.62864e+05 Fmax= 6.23994e+03, atom= 1640
Step=  231, Dmax= 9.2e-03 nm, Epot= -2.62891e+05 Fmax= 7.91827e+03, atom= 1640
Step=  232, Dmax= 1.1e-02 nm, Epot= -2.62918e+05 Fmax= 8.95418e+03, atom= 1640
Step=  233, Dmax= 1.3e-02 nm, Epot= -2.62929e+05 Fmax= 1.13978e+04, atom= 1640
Step=  234, Dmax= 1.6e-02 nm, Epot= -2.62944e+05 Fmax= 1.28990e+04, atom= 1640
Step=  235, Dmax= 1.9e-02 nm, Epot= -2.62922e+05 Fmax= 1.63430e+04, atom= 1640
Step=  236, Dmax= 9.5e-03 nm, Epot= -2.63066e+05 Fmax= 1.74559e+03, atom= 1640
Step=  237, Dmax= 1.1e-02 nm, Epot= -2.63097e+05 Fmax= 1.55891e+04, atom= 1640
Step=  238, Dmax= 1.4e-02 nm, Epot= -2.63251e+05 Fmax= 5.53521e+03, atom= 1640
Step=  239, Dmax= 1.6e-02 nm, Epot= -2.63113e+05 Fmax= 1.96224e+04, atom= 1640
Step=  240, Dmax= 8.2e-03 nm, Epot= -2.63279e+05 Fmax= 7.04754e+03, atom= 1640
Step=  241, Dmax= 9.8e-03 nm, Epot= -2.63307e+05 Fmax= 8.16586e+03, atom= 1640
Step=  242, Dmax= 1.2e-02 nm, Epot= -2.63325e+05 Fmax= 9.97004e+03, atom= 1640
Step=  243, Dmax= 1.4e-02 nm, Epot= -2.63337e+05 Fmax= 1.18979e+04, atom= 1640
Step=  244, Dmax= 1.7e-02 nm, Epot= -2.63337e+05 Fmax= 1.42137e+04, atom= 1640
Step=  245, Dmax= 2.0e-02 nm, Epot= -2.63318e+05 Fmax= 1.72011e+04, atom= 1640
Step=  246, Dmax= 1.0e-02 nm, Epot= -2.63479e+05 Fmax= 1.52549e+03, atom= 1640
Step=  247, Dmax= 1.2e-02 nm, Epot= -2.63514e+05 Fmax= 1.70605e+04, atom= 1640
Step=  248, Dmax= 1.5e-02 nm, Epot= -2.63693e+05 Fmax= 5.66362e+03, atom= 1640
Step=  249, Dmax= 1.8e-02 nm, Epot= -2.63517e+05 Fmax= 2.13700e+04, atom= 1640
Step=  250, Dmax= 8.8e-03 nm, Epot= -2.63714e+05 Fmax= 7.86382e+03, atom= 1640
Step=  251, Dmax= 1.1e-02 nm, Epot= -2.63743e+05 Fmax= 8.48593e+03, atom= 1640
Step=  252, Dmax= 1.3e-02 nm, Epot= -2.63750e+05 Fmax= 1.10085e+04, atom= 1640
Step=  253, Dmax= 1.5e-02 nm, Epot= -2.63765e+05 Fmax= 1.24896e+04, atom= 1640
Step=  254, Dmax= 1.8e-02 nm, Epot= -2.63750e+05 Fmax= 1.55717e+04, atom= 1640
Step=  255, Dmax= 9.1e-03 nm, Epot= -2.63875e+05 Fmax= 1.55248e+03, atom= 1640
Step=  256, Dmax= 1.1e-02 nm, Epot= -2.63909e+05 Fmax= 1.56059e+04, atom= 1640
Step=  257, Dmax= 1.3e-02 nm, Epot= -2.64060e+05 Fmax= 4.65819e+03, atom= 1640
Step=  258, Dmax= 1.6e-02 nm, Epot= -2.63925e+05 Fmax= 1.97770e+04, atom= 1640
Step=  259, Dmax= 7.9e-03 nm, Epot= -2.64081e+05 Fmax= 7.57238e+03, atom= 1640
Step=  260, Dmax= 9.5e-03 nm, Epot= -2.64116e+05 Fmax= 6.98319e+03, atom= 1640
Step=  261, Dmax= 1.1e-02 nm, Epot= -2.64119e+05 Fmax= 1.05886e+04, atom= 1640
Step=  262, Dmax= 1.4e-02 nm, Epot= -2.64152e+05 Fmax= 1.03735e+04, atom= 1640
Step=  263, Dmax= 1.6e-02 nm, Epot= -2.64124e+05 Fmax= 1.48748e+04, atom= 1640
Step=  264, Dmax= 8.2e-03 nm, Epot= -2.64232e+05 Fmax= 2.26334e+03, atom= 1640
Step=  265, Dmax= 9.8e-03 nm, Epot= -2.64244e+05 Fmax= 1.27305e+04, atom= 1640
Step=  266, Dmax= 1.2e-02 nm, Epot= -2.64343e+05 Fmax= 5.47612e+03, atom= 1640
Step=  267, Dmax= 1.4e-02 nm, Epot= -2.64268e+05 Fmax= 1.62247e+04, atom= 1640
Step=  268, Dmax= 7.1e-03 nm, Epot= -2.64374e+05 Fmax= 5.37340e+03, atom= 1640
Step=  269, Dmax= 8.5e-03 nm, Epot= -2.64394e+05 Fmax= 7.76001e+03, atom= 1640
Step=  270, Dmax= 1.0e-02 nm, Epot= -2.64423e+05 Fmax= 7.88089e+03, atom= 1640
Step=  271, Dmax= 1.2e-02 nm, Epot= -2.64425e+05 Fmax= 1.09959e+04, atom= 1640
Step=  272, Dmax= 1.5e-02 nm, Epot= -2.64449e+05 Fmax= 1.15307e+04, atom= 1640
Step=  273, Dmax= 1.8e-02 nm, Epot= -2.64421e+05 Fmax= 1.55939e+04, atom= 1640
Step=  274, Dmax= 8.8e-03 nm, Epot= -2.64542e+05 Fmax= 2.04883e+03, atom= 1640
Step=  275, Dmax= 1.1e-02 nm, Epot= -2.64549e+05 Fmax= 1.40485e+04, atom= 1640
Step=  276, Dmax= 1.3e-02 nm, Epot= -2.64667e+05 Fmax= 5.52545e+03, atom= 1640
Step=  277, Dmax= 1.5e-02 nm, Epot= -2.64564e+05 Fmax= 1.77985e+04, atom= 1640
Step=  278, Dmax= 7.6e-03 nm, Epot= -2.64694e+05 Fmax= 6.13665e+03, atom= 1640
Step=  279, Dmax= 9.1e-03 nm, Epot= -2.64713e+05 Fmax= 7.97356e+03, atom= 1640
Step=  280, Dmax= 1.1e-02 nm, Epot= -2.64735e+05 Fmax= 8.83794e+03, atom= 1640
Step=  281, Dmax= 1.3e-02 nm, Epot= -2.64739e+05 Fmax= 1.14440e+04, atom= 1640
Step=  282, Dmax= 1.6e-02 nm, Epot= -2.64751e+05 Fmax= 1.27657e+04, atom= 1640
Step=  283, Dmax= 1.9e-02 nm, Epot= -2.64724e+05 Fmax= 1.63750e+04, atom= 1640
Step=  284, Dmax= 9.5e-03 nm, Epot= -2.64860e+05 Fmax= 1.82759e+03, atom= 1640
Step=  285, Dmax= 1.1e-02 nm, Epot= -2.64864e+05 Fmax= 1.54493e+04, atom= 1640
Step=  286, Dmax= 1.4e-02 nm, Epot= -2.65002e+05 Fmax= 5.59850e+03, atom= 1640
Step=  287, Dmax= 1.6e-02 nm, Epot= -2.64868e+05 Fmax= 1.94695e+04, atom= 1640
Step=  288, Dmax= 8.2e-03 nm, Epot= -2.65024e+05 Fmax= 6.93795e+03, atom= 1640
Step=  289, Dmax= 9.8e-03 nm, Epot= -2.65045e+05 Fmax= 8.22330e+03, atom= 1640
Step=  290, Dmax= 1.2e-02 nm, Epot= -2.65059e+05 Fmax= 9.84706e+03, atom= 1640
Step=  291, Dmax= 1.4e-02 nm, Epot= -2.65065e+05 Fmax= 1.19455e+04, atom= 1640
Step=  292, Dmax= 1.7e-02 nm, Epot= -2.65063e+05 Fmax= 1.40727e+04, atom= 1640
Step=  293, Dmax= 8.5e-03 nm, Epot= -2.65160e+05 Fmax= 1.07516e+03, atom= 1640
Step=  294, Dmax= 1.0e-02 nm, Epot= -2.65240e+05 Fmax= 1.49291e+04, atom= 1640
Step=  295, Dmax= 1.2e-02 nm, Epot= -2.65374e+05 Fmax= 3.87055e+03, atom= 1640
Step=  296, Dmax= 1.5e-02 nm, Epot= -2.65264e+05 Fmax= 1.88006e+04, atom= 1640
Step=  297, Dmax= 7.3e-03 nm, Epot= -2.65391e+05 Fmax= 7.48439e+03, atom= 1640
Step=  298, Dmax= 8.8e-03 nm, Epot= -2.65427e+05 Fmax= 6.01243e+03, atom= 1640
Step=  299, Dmax= 1.1e-02 nm, Epot= -2.65425e+05 Fmax= 1.02912e+04, atom= 1640
Step=  300, Dmax= 5.3e-03 nm, Epot= -2.65463e+05 Fmax= 2.14322e+03, atom= 1640
Step=  301, Dmax= 6.3e-03 nm, Epot= -2.65496e+05 Fmax= 7.50081e+03, atom= 1640
Step=  302, Dmax= 7.6e-03 nm, Epot= -2.65539e+05 Fmax= 4.23513e+03, atom= 1640
Step=  303, Dmax= 9.1e-03 nm, Epot= -2.65541e+05 Fmax= 9.72252e+03, atom= 1640
Step=  304, Dmax= 1.1e-02 nm, Epot= -2.65588e+05 Fmax= 7.15674e+03, atom= 1640
Step=  305, Dmax= 1.3e-02 nm, Epot= -2.65560e+05 Fmax= 1.29754e+04, atom= 1640
Step=  306, Dmax= 6.6e-03 nm, Epot= -2.65631e+05 Fmax= 2.90960e+03, atom= 1640
Step=  307, Dmax= 7.9e-03 nm, Epot= -2.65643e+05 Fmax= 9.31379e+03, atom= 1640
Step=  308, Dmax= 9.4e-03 nm, Epot= -2.65697e+05 Fmax= 5.19494e+03, atom= 1640
Step=  309, Dmax= 1.1e-02 nm, Epot= -2.65673e+05 Fmax= 1.23375e+04, atom= 1640
Step=  310, Dmax= 5.7e-03 nm, Epot= -2.65728e+05 Fmax= 3.57460e+03, atom= 1640
Step=  311, Dmax= 6.8e-03 nm, Epot= -2.65748e+05 Fmax= 6.83189e+03, atom= 1640
Step=  312, Dmax= 8.2e-03 nm, Epot= -2.65779e+05 Fmax= 5.78362e+03, atom= 1640
Step=  313, Dmax= 9.8e-03 nm, Epot= -2.65785e+05 Fmax= 9.23682e+03, atom= 1640
Step=  314, Dmax= 1.2e-02 nm, Epot= -2.65814e+05 Fmax= 8.90393e+03, atom= 1640
Step=  315, Dmax= 1.4e-02 nm, Epot= -2.65800e+05 Fmax= 1.27420e+04, atom= 1640
Step=  316, Dmax= 7.0e-03 nm, Epot= -2.65872e+05 Fmax= 1.92138e+03, atom= 1640
Step=  317, Dmax= 8.5e-03 nm, Epot= -2.65893e+05 Fmax= 1.12757e+04, atom= 1640
Step=  318, Dmax= 1.0e-02 nm, Epot= -2.65970e+05 Fmax= 4.32998e+03, atom= 1640
Step=  319, Dmax= 1.2e-02 nm, Epot= -2.65920e+05 Fmax= 1.45352e+04, atom= 1640
Step=  320, Dmax= 6.1e-03 nm, Epot= -2.65994e+05 Fmax= 5.10635e+03, atom= 1640
Step=  321, Dmax= 7.3e-03 nm, Epot= -2.66016e+05 Fmax= 6.10112e+03, atom= 1640
Step=  322, Dmax= 8.8e-03 nm, Epot= -2.66035e+05 Fmax= 7.46377e+03, atom= 1640
Step=  323, Dmax= 1.1e-02 nm, Epot= -2.66052e+05 Fmax= 8.69361e+03, atom= 1640
Step=  324, Dmax= 1.3e-02 nm, Epot= -2.66058e+05 Fmax= 1.08049e+04, atom= 1640
Step=  325, Dmax= 1.5e-02 nm, Epot= -2.66064e+05 Fmax= 1.24656e+04, atom= 1640
Step=  326, Dmax= 1.8e-02 nm, Epot= -2.66045e+05 Fmax= 1.55517e+04, atom= 1640
Step=  327, Dmax= 9.1e-03 nm, Epot= -2.66162e+05 Fmax= 1.56473e+03, atom= 1640
Step=  328, Dmax= 1.1e-02 nm, Epot= -2.66177e+05 Fmax= 1.49993e+04, atom= 1640
Step=  329, Dmax= 1.3e-02 nm, Epot= -2.66302e+05 Fmax= 5.23881e+03, atom= 1640
Step=  330, Dmax= 1.6e-02 nm, Epot= -2.66180e+05 Fmax= 1.88471e+04, atom= 1640
Step=  331, Dmax= 7.9e-03 nm, Epot= -2.66320e+05 Fmax= 6.80820e+03, atom= 1640
Step=  332, Dmax= 9.4e-03 nm, Epot= -2.66340e+05 Fmax= 7.76912e+03, atom= 1640
Step=  333, Dmax= 1.1e-02 nm, Epot= -2.66350e+05 Fmax= 9.59740e+03, atom= 1640
Step=  334, Dmax= 1.4e-02 nm, Epot= -2.66357e+05 Fmax= 1.13552e+04, atom= 1640
Step=  335, Dmax= 1.6e-02 nm, Epot= -2.66352e+05 Fmax= 1.36536e+04, atom= 1640
Step=  336, Dmax= 8.1e-03 nm, Epot= -2.66440e+05 Fmax= 1.15789e+03, atom= 1640
Step=  337, Dmax= 9.8e-03 nm, Epot= -2.66492e+05 Fmax= 1.42191e+04, atom= 1640
Step=  338, Dmax= 1.2e-02 nm, Epot= -2.66609e+05 Fmax= 3.83976e+03, atom= 1640
Step=  339, Dmax= 1.4e-02 nm, Epot= -2.66510e+05 Fmax= 1.79648e+04, atom= 1640
Step=  340, Dmax= 7.0e-03 nm, Epot= -2.66624e+05 Fmax= 7.07644e+03, atom= 1640
Step=  341, Dmax= 8.4e-03 nm, Epot= -2.66654e+05 Fmax= 5.89128e+03, atom= 1640
Step=  342, Dmax= 1.0e-02 nm, Epot= -2.66654e+05 Fmax= 9.78315e+03, atom= 1640
Step=  343, Dmax= 5.1e-03 nm, Epot= -2.66687e+05 Fmax= 1.94915e+03, atom= 1640
Step=  344, Dmax= 6.1e-03 nm, Epot= -2.66718e+05 Fmax= 7.30551e+03, atom= 1640
Step=  345, Dmax= 7.3e-03 nm, Epot= -2.66757e+05 Fmax= 3.97755e+03, atom= 1640
Step=  346, Dmax= 8.8e-03 nm, Epot= -2.66758e+05 Fmax= 9.43055e+03, atom= 1640
Step=  347, Dmax= 1.1e-02 nm, Epot= -2.66802e+05 Fmax= 6.79712e+03, atom= 1640
Step=  348, Dmax= 1.3e-02 nm, Epot= -2.66775e+05 Fmax= 1.25494e+04, atom= 1640
Step=  349, Dmax= 6.3e-03 nm, Epot= -2.66839e+05 Fmax= 2.87618e+03, atom= 1640
Step=  350, Dmax= 7.6e-03 nm, Epot= -2.66849e+05 Fmax= 8.87770e+03, atom= 1640
Step=  351, Dmax= 9.1e-03 nm, Epot= -2.66896e+05 Fmax= 5.06522e+03, atom= 1640
Step=  352, Dmax= 1.1e-02 nm, Epot= -2.66875e+05 Fmax= 1.17926e+04, atom= 1640
Step=  353, Dmax= 5.4e-03 nm, Epot= -2.66924e+05 Fmax= 3.36664e+03, atom= 1640
Step=  354, Dmax= 6.5e-03 nm, Epot= -2.66941e+05 Fmax= 6.62927e+03, atom= 1640
Step=  355, Dmax= 7.8e-03 nm, Epot= -2.66970e+05 Fmax= 5.50004e+03, atom= 1640
Step=  356, Dmax= 9.4e-03 nm, Epot= -2.66974e+05 Fmax= 8.93260e+03, atom= 1640
Step=  357, Dmax= 1.1e-02 nm, Epot= -2.67001e+05 Fmax= 8.50861e+03, atom= 1640
Step=  358, Dmax= 1.4e-02 nm, Epot= -2.66987e+05 Fmax= 1.22947e+04, atom= 1640
Step=  359, Dmax= 6.8e-03 nm, Epot= -2.67052e+05 Fmax= 1.89477e+03, atom= 1640
Step=  360, Dmax= 8.1e-03 nm, Epot= -2.67069e+05 Fmax= 1.07983e+04, atom= 1640
Step=  361, Dmax= 9.8e-03 nm, Epot= -2.67138e+05 Fmax= 4.19913e+03, atom= 1640
Step=  362, Dmax= 1.2e-02 nm, Epot= -2.67093e+05 Fmax= 1.39415e+04, atom= 1640
Step=  363, Dmax= 5.9e-03 nm, Epot= -2.67160e+05 Fmax= 4.87438e+03, atom= 1640
Step=  364, Dmax= 7.0e-03 nm, Epot= -2.67179e+05 Fmax= 5.89381e+03, atom= 1640
Step=  365, Dmax= 8.4e-03 nm, Epot= -2.67196e+05 Fmax= 7.14879e+03, atom= 1640
Step=  366, Dmax= 1.0e-02 nm, Epot= -2.67210e+05 Fmax= 8.37835e+03, atom= 1640
Step=  367, Dmax= 1.2e-02 nm, Epot= -2.67216e+05 Fmax= 1.03687e+04, atom= 1640
Step=  368, Dmax= 1.5e-02 nm, Epot= -2.67220e+05 Fmax= 1.19975e+04, atom= 1640
Step=  369, Dmax= 1.7e-02 nm, Epot= -2.67204e+05 Fmax= 1.49413e+04, atom= 1640
Step=  370, Dmax= 8.7e-03 nm, Epot= -2.67309e+05 Fmax= 1.49162e+03, atom= 1640
Step=  371, Dmax= 1.0e-02 nm, Epot= -2.67323e+05 Fmax= 1.44066e+04, atom= 1640
Step=  372, Dmax= 1.3e-02 nm, Epot= -2.67435e+05 Fmax= 5.04796e+03, atom= 1640
Step=  373, Dmax= 1.5e-02 nm, Epot= -2.67325e+05 Fmax= 1.80971e+04, atom= 1640
Step=  374, Dmax= 7.6e-03 nm, Epot= -2.67451e+05 Fmax= 6.52785e+03, atom= 1640
Step=  375, Dmax= 9.1e-03 nm, Epot= -2.67469e+05 Fmax= 7.48838e+03, atom= 1640
Step=  376, Dmax= 1.1e-02 nm, Epot= -2.67478e+05 Fmax= 9.20156e+03, atom= 1640
Step=  377, Dmax= 1.3e-02 nm, Epot= -2.67484e+05 Fmax= 1.09440e+04, atom= 1640
Step=  378, Dmax= 1.6e-02 nm, Epot= -2.67480e+05 Fmax= 1.30940e+04, atom= 1640
Step=  379, Dmax= 7.8e-03 nm, Epot= -2.67559e+05 Fmax= 1.08262e+03, atom= 1640
Step=  380, Dmax= 9.4e-03 nm, Epot= -2.67608e+05 Fmax= 1.37310e+04, atom= 1640
Step=  381, Dmax= 1.1e-02 nm, Epot= -2.67714e+05 Fmax= 3.62491e+03, atom= 1640
Step=  382, Dmax= 1.4e-02 nm, Epot= -2.67624e+05 Fmax= 1.73474e+04, atom= 1640
Step=  383, Dmax= 6.8e-03 nm, Epot= -2.67727e+05 Fmax= 6.87446e+03, atom= 1640
Step=  384, Dmax= 8.1e-03 nm, Epot= -2.67755e+05 Fmax= 5.58751e+03, atom= 1640
Step=  385, Dmax= 9.7e-03 nm, Epot= -2.67754e+05 Fmax= 9.48547e+03, atom= 1640
Step=  386, Dmax= 4.9e-03 nm, Epot= -2.67784e+05 Fmax= 1.95196e+03, atom= 1640
Step=  387, Dmax= 5.8e-03 nm, Epot= -2.67811e+05 Fmax= 6.93918e+03, atom= 1640
Step=  388, Dmax= 7.0e-03 nm, Epot= -2.67845e+05 Fmax= 3.90956e+03, atom= 1640
Step=  389, Dmax= 8.4e-03 nm, Epot= -2.67846e+05 Fmax= 8.97406e+03, atom= 1640
Step=  390, Dmax= 1.0e-02 nm, Epot= -2.67884e+05 Fmax= 6.62817e+03, atom= 1640
Step=  391, Dmax= 1.2e-02 nm, Epot= -2.67861e+05 Fmax= 1.19642e+04, atom= 1640
Step=  392, Dmax= 6.1e-03 nm, Epot= -2.67919e+05 Fmax= 2.66797e+03, atom= 1640
Step=  393, Dmax= 7.3e-03 nm, Epot= -2.67928e+05 Fmax= 8.64205e+03, atom= 1640
Step=  394, Dmax= 8.7e-03 nm, Epot= -2.67972e+05 Fmax= 4.75806e+03, atom= 1640
Step=  395, Dmax= 1.0e-02 nm, Epot= -2.67951e+05 Fmax= 1.14551e+04, atom= 1640
Step=  396, Dmax= 5.2e-03 nm, Epot= -2.67996e+05 Fmax= 3.35135e+03, atom= 1640
Step=  397, Dmax= 6.3e-03 nm, Epot= -2.68011e+05 Fmax= 6.25381e+03, atom= 1640
Step=  398, Dmax= 7.5e-03 nm, Epot= -2.68037e+05 Fmax= 5.40968e+03, atom= 1640
Step=  399, Dmax= 9.0e-03 nm, Epot= -2.68041e+05 Fmax= 8.45995e+03, atom= 1640
Step=  400, Dmax= 1.1e-02 nm, Epot= -2.68064e+05 Fmax= 8.31019e+03, atom= 1640
Step=  401, Dmax= 1.3e-02 nm, Epot= -2.68053e+05 Fmax= 1.16837e+04, atom= 1640
Step=  402, Dmax= 6.5e-03 nm, Epot= -2.68111e+05 Fmax= 1.68861e+03, atom= 1640
Step=  403, Dmax= 7.8e-03 nm, Epot= -2.68129e+05 Fmax= 1.05392e+04, atom= 1640
Step=  404, Dmax= 9.4e-03 nm, Epot= -2.68193e+05 Fmax= 3.87556e+03, atom= 1640
Step=  405, Dmax= 1.1e-02 nm, Epot= -2.68151e+05 Fmax= 1.35759e+04, atom= 1640
Step=  406, Dmax= 5.6e-03 nm, Epot= -2.68212e+05 Fmax= 4.85334e+03, atom= 1640
Step=  407, Dmax= 6.8e-03 nm, Epot= -2.68231e+05 Fmax= 5.49515e+03, atom= 1640
Step=  408, Dmax= 8.1e-03 nm, Epot= -2.68244e+05 Fmax= 7.04817e+03, atom= 1640
Step=  409, Dmax= 9.7e-03 nm, Epot= -2.68259e+05 Fmax= 7.87452e+03, atom= 1640
Step=  410, Dmax= 1.2e-02 nm, Epot= -2.68261e+05 Fmax= 1.01527e+04, atom= 1640
Step=  411, Dmax= 1.4e-02 nm, Epot= -2.68269e+05 Fmax= 1.13450e+04, atom= 1640
Step=  412, Dmax= 1.7e-02 nm, Epot= -2.68249e+05 Fmax= 1.45587e+04, atom= 1640
Step=  413, Dmax= 8.4e-03 nm, Epot= -2.68347e+05 Fmax= 1.62376e+03, atom= 1640
Step=  414, Dmax= 1.0e-02 nm, Epot= -2.68349e+05 Fmax= 1.36701e+04, atom= 1640
Step=  415, Dmax= 1.2e-02 nm, Epot= -2.68447e+05 Fmax= 5.02588e+03, atom= 1640
Step=  416, Dmax= 1.5e-02 nm, Epot= -2.68350e+05 Fmax= 1.72189e+04, atom= 1640
Step=  417, Dmax= 7.3e-03 nm, Epot= -2.68463e+05 Fmax= 6.09755e+03, atom= 1640
Step=  418, Dmax= 8.7e-03 nm, Epot= -2.68477e+05 Fmax= 7.37998e+03, atom= 1640
Step=  419, Dmax= 1.0e-02 nm, Epot= -2.68488e+05 Fmax= 8.66003e+03, atom= 1640
Step=  420, Dmax= 1.3e-02 nm, Epot= -2.68490e+05 Fmax= 1.07104e+04, atom= 1640
Step=  421, Dmax= 1.5e-02 nm, Epot= -2.68490e+05 Fmax= 1.23945e+04, atom= 1640
Step=  422, Dmax= 1.8e-02 nm, Epot= -2.68469e+05 Fmax= 1.54362e+04, atom= 1640
Step=  423, Dmax= 9.0e-03 nm, Epot= -2.68581e+05 Fmax= 1.54295e+03, atom= 1640
Step=  424, Dmax= 1.1e-02 nm, Epot= -2.68575e+05 Fmax= 1.48741e+04, atom= 1640
Step=  425, Dmax= 5.4e-03 nm, Epot= -2.68614e+05 Fmax= 6.64586e+03, atom= 1640
Step=  426, Dmax= 6.5e-03 nm, Epot= -2.68646e+05 Fmax= 3.41655e+03, atom= 1640
Step=  427, Dmax= 7.8e-03 nm, Epot= -2.68649e+05 Fmax= 8.51110e+03, atom= 1640
Step=  428, Dmax= 9.4e-03 nm, Epot= -2.68685e+05 Fmax= 5.95930e+03, atom= 1640
Step=  429, Dmax= 1.1e-02 nm, Epot= -2.68666e+05 Fmax= 1.12688e+04, atom= 1640
Step=  430, Dmax= 5.6e-03 nm, Epot= -2.68714e+05 Fmax= 2.65389e+03, atom= 1640
Step=  431, Dmax= 6.7e-03 nm, Epot= -2.68725e+05 Fmax= 7.83784e+03, atom= 1640
Step=  432, Dmax= 8.1e-03 nm, Epot= -2.68761e+05 Fmax= 4.58056e+03, atom= 1640
Step=  433, Dmax= 9.7e-03 nm, Epot= -2.68748e+05 Fmax= 1.04593e+04, atom= 1640
Step=  434, Dmax= 4.9e-03 nm, Epot= -2.68784e+05 Fmax= 2.94173e+03, atom= 1640
Step=  435, Dmax= 5.8e-03 nm, Epot= -2.68800e+05 Fmax= 5.95064e+03, atom= 1640
Step=  436, Dmax= 7.0e-03 nm, Epot= -2.68824e+05 Fmax= 4.86787e+03, atom= 1640
Step=  437, Dmax= 8.4e-03 nm, Epot= -2.68828e+05 Fmax= 7.98201e+03, atom= 1640
Step=  438, Dmax= 1.0e-02 nm, Epot= -2.68851e+05 Fmax= 7.57294e+03, atom= 1640
Step=  439, Dmax= 1.2e-02 nm, Epot= -2.68842e+05 Fmax= 1.09589e+04, atom= 1640
Step=  440, Dmax= 6.0e-03 nm, Epot= -2.68891e+05 Fmax= 1.69396e+03, atom= 1640
Step=  441, Dmax= 7.2e-03 nm, Epot= -2.68909e+05 Fmax= 9.64993e+03, atom= 1640
Step=  442, Dmax= 8.7e-03 nm, Epot= -2.68963e+05 Fmax= 3.70971e+03, atom= 1640
Step=  443, Dmax= 1.0e-02 nm, Epot= -2.68931e+05 Fmax= 1.24805e+04, atom= 1640
Step=  444, Dmax= 5.2e-03 nm, Epot= -2.68981e+05 Fmax= 4.38797e+03, atom= 1640
Step=  445, Dmax= 6.3e-03 nm, Epot= -2.68998e+05 Fmax= 5.19898e+03, atom= 1640
Step=  446, Dmax= 7.5e-03 nm, Epot= -2.69012e+05 Fmax= 6.43677e+03, atom= 1640
Step=  447, Dmax= 9.0e-03 nm, Epot= -2.69026e+05 Fmax= 7.39273e+03, atom= 1640
Step=  448, Dmax= 1.1e-02 nm, Epot= -2.69031e+05 Fmax= 9.32925e+03, atom= 1640
Step=  449, Dmax= 1.3e-02 nm, Epot= -2.69038e+05 Fmax= 1.05993e+04, atom= 1640
Step=  450, Dmax= 1.6e-02 nm, Epot= -2.69025e+05 Fmax= 1.34301e+04, atom= 1640
Step=  451, Dmax= 7.8e-03 nm, Epot= -2.69106e+05 Fmax= 1.42979e+03, atom= 1640
Step=  452, Dmax= 9.4e-03 nm, Epot= -2.69120e+05 Fmax= 1.27074e+04, atom= 1640
Step=  453, Dmax= 1.1e-02 nm, Epot= -2.69205e+05 Fmax= 4.63115e+03, atom= 1640
Step=  454, Dmax= 1.3e-02 nm, Epot= -2.69126e+05 Fmax= 1.59817e+04, atom= 1640
Step=  455, Dmax= 6.7e-03 nm, Epot= -2.69221e+05 Fmax= 5.67633e+03, atom= 1640
Step=  456, Dmax= 8.1e-03 nm, Epot= -2.69234e+05 Fmax= 6.82669e+03, atom= 1640
Step=  457, Dmax= 9.7e-03 nm, Epot= -2.69245e+05 Fmax= 8.04001e+03, atom= 1640
Step=  458, Dmax= 1.2e-02 nm, Epot= -2.69249e+05 Fmax= 9.92866e+03, atom= 1640
Step=  459, Dmax= 1.4e-02 nm, Epot= -2.69251e+05 Fmax= 1.14917e+04, atom= 1640
Step=  460, Dmax= 1.7e-02 nm, Epot= -2.69235e+05 Fmax= 1.43269e+04, atom= 1640
Step=  461, Dmax= 8.4e-03 nm, Epot= -2.69329e+05 Fmax= 1.43569e+03, atom= 1640
Step=  462, Dmax= 1.0e-02 nm, Epot= -2.69333e+05 Fmax= 1.37550e+04, atom= 1640
Step=  463, Dmax= 1.2e-02 nm, Epot= -2.69432e+05 Fmax= 4.88392e+03, atom= 1640
Step=  464, Dmax= 1.4e-02 nm, Epot= -2.69331e+05 Fmax= 1.72755e+04, atom= 1640
Step=  465, Dmax= 7.2e-03 nm, Epot= -2.69445e+05 Fmax= 6.19777e+03, atom= 1640
Step=  466, Dmax= 8.7e-03 nm, Epot= -2.69458e+05 Fmax= 7.23694e+03, atom= 1640
Step=  467, Dmax= 1.0e-02 nm, Epot= -2.69466e+05 Fmax= 8.74501e+03, atom= 1640
Step=  468, Dmax= 1.3e-02 nm, Epot= -2.69468e+05 Fmax= 1.05627e+04, atom= 1640
Step=  469, Dmax= 1.5e-02 nm, Epot= -2.69465e+05 Fmax= 1.24604e+04, atom= 1640
Step=  470, Dmax= 7.5e-03 nm, Epot= -2.69535e+05 Fmax= 9.56154e+02, atom= 1640

writing lowest energy coordinates.

Steepest Descents converged to Fmax < 1000 in 471 steps
Potential Energy  = -2.6953522e+05
Maximum force     =  9.5615442e+02 on atom 1640
Norm of force     =  2.7602219e+01

GROMACS reminds you: "I don't know how many of you have ever met Dijkstra, but you probably know that arrogance in computer science is measured in nano-Dijkstras." (Alan Kay)

