-I: Adding /usr/local/Caskroom/miniforge/base/envs/ambertools_env/dat/leap/prep to search path.
-I: Adding /usr/local/Caskroom/miniforge/base/envs/ambertools_env/dat/leap/lib to search path.
-I: Adding /usr/local/Caskroom/miniforge/base/envs/ambertools_env/dat/leap/parm to search path.
-I: Adding /usr/local/Caskroom/miniforge/base/envs/ambertools_env/dat/leap/cmd to search path.
-f: Source tleap.in.

Welcome to LEaP!
(no leaprc in search path)
Sourcing: ./tleap.in
----- Source: /usr/local/Caskroom/miniforge/base/envs/ambertools_env/dat/leap/cmd/leaprc.protein.ff19SB
----- Source of /usr/local/Caskroom/miniforge/base/envs/ambertools_env/dat/leap/cmd/leaprc.protein.ff19SB done
Log file: ./leap.log
Loading parameters: /usr/local/Caskroom/miniforge/base/envs/ambertools_env/dat/leap/parm/parm19.dat
Reading title:
PARM99 + frcmod.ff99SB + frcmod.parmbsc0 + OL3 for RNA + ff19SB
Loading parameters: /usr/local/Caskroom/miniforge/base/envs/ambertools_env/dat/leap/parm/frcmod.ff19SB
Reading force field modification type file (frcmod)
Reading title:
ff19SB AA-specific backbone CMAPs for protein 07/25/2019
Loading library: /usr/local/Caskroom/miniforge/base/envs/ambertools_env/dat/leap/lib/amino19.lib
Loading library: /usr/local/Caskroom/miniforge/base/envs/ambertools_env/dat/leap/lib/aminoct12.lib
Loading library: /usr/local/Caskroom/miniforge/base/envs/ambertools_env/dat/leap/lib/aminont12.lib
----- Source: /usr/local/Caskroom/miniforge/base/envs/ambertools_env/dat/leap/cmd/leaprc.water.opc
----- Source of /usr/local/Caskroom/miniforge/base/envs/ambertools_env/dat/leap/cmd/leaprc.water.opc done
Loading library: /usr/local/Caskroom/miniforge/base/envs/ambertools_env/dat/leap/lib/atomic_ions.lib
Loading library: /usr/local/Caskroom/miniforge/base/envs/ambertools_env/dat/leap/lib/solvents.lib
Loading parameters: /usr/local/Caskroom/miniforge/base/envs/ambertools_env/dat/leap/parm/frcmod.opc
Reading force field modification type file (frcmod)
Reading title:
Parameters for OPC water (JPCL, 2014, 5 (21), pp 3863-3871)
Loading parameters: /usr/local/Caskroom/miniforge/base/envs/ambertools_env/dat/leap/parm/frcmod.ionslm_126_opc
Reading force field modification type file (frcmod)
Reading title:
Li/Merz ion parameters of atomic ions for the OPC water model (12-6 set)
Loading parameters: /usr/local/Caskroom/miniforge/base/envs/ambertools_env/dat/leap/parm/frcmod.ionslm_126_opc
Reading force field modification type file (frcmod)
Reading title:
Li/Merz ion parameters of atomic ions for the OPC water model (12-6 set)
Loading PDB file: ./P00214_C25A_pqr.pdb
  total atoms in file: 848
  Leap added 794 missing atoms according to residue templates:
       794 H / lone pairs
Checking 'X'....

/usr/local/Caskroom/miniforge/base/envs/ambertools_env/bin/teLeap: Warning!
The unperturbed charge of the unit (-18.000000) is not zero.

/usr/local/Caskroom/miniforge/base/envs/ambertools_env/bin/teLeap: Warning!
Close contact of 1.176 angstroms between nonbonded atoms H and HG
-------  .R<PHE 3>.A<H 2> and .R<CYS 40>.A<HG 9>

/usr/local/Caskroom/miniforge/base/envs/ambertools_env/bin/teLeap: Warning!
Close contact of 1.193 angstroms between nonbonded atoms HG1 and H
-------  .R<THR 15>.A<HG1 12> and .R<LYS 86>.A<H 2>
Checking parameters for unit 'X'.
Checking for bond parameters.
Checking for angle parameters.
check:  Warnings: 3
Unit is OK.
  Solute vdw bounding box:              35.350 40.189 33.562
  Total bounding box for atom centers:  55.350 60.189 53.562
  Solvent unit box:                     18.865 18.478 19.006
  Total vdw box size:                   58.228 62.979 56.803 angstroms.
  Volume: 208302.901 A^3 
  Total mass 97779.676 amu,  Density 0.779 g/cc
  Added 4754 residues.
Adding 18 counter ions to "X". 4736 solvent molecules will remain.
0: Placed Na+ in X at (2.99, -17.56, 19.62).
0: Placed Na+ in X at (9.52, 15.74, -12.42).
0: Placed Na+ in X at (-3.71, -27.95, 24.54).
0: Placed Na+ in X at (26.23, -16.29, -6.35).
0: Placed Na+ in X at (4.76, 13.74, 15.53).
0: Placed Na+ in X at (-17.58, -5.98, 21.31).
0: Placed Na+ in X at (-20.63, -16.76, 14.24).
0: Placed Na+ in X at (0.88, -22.39, 23.88).
0: Placed Na+ in X at (18.36, -1.65, -2.53).
0: Placed Na+ in X at (22.00, 29.66, -21.73).
0: Placed Na+ in X at (-8.72, -11.78, 18.68).
0: Placed Na+ in X at (9.56, 22.27, -12.97).
0: Placed Na+ in X at (-4.57, 20.61, -4.05).
0: Placed Na+ in X at (25.20, -18.35, -16.17).
0: Placed Na+ in X at (6.40, -8.28, 23.86).
0: Placed Na+ in X at (14.25, -24.49, 19.99).
0: Placed Na+ in X at (-21.83, 14.25, 14.06).
0: Placed Na+ in X at (20.47, -4.39, -4.53).

/usr/local/Caskroom/miniforge/base/envs/ambertools_env/bin/teLeap: Warning!
addIonsRand: 1st Ion & target unit have charges of the same sign:
     unit charge = -1.67866e-11; ion1 charge = -1;
     can't neutralize.
Checking Unit.

/usr/local/Caskroom/miniforge/base/envs/ambertools_env/bin/teLeap: Note.
Ignoring the warnings from Unit Checking.

Building topology.
Building atom parameters.
Building bond parameters.
Building angle parameters.
Building proper torsion parameters.
Building improper torsion parameters.
 total 326 improper torsions applied
Building H-Bond parameters.
Incorporating Non-Bonded adjustments.
Not Marking per-residue atom chain types.
Marking per-residue atom chain types.
  (Residues lacking connect0/connect1 - 
   these don't have chain types marked:

	res	total affected

	CARG	1
	NMET	1
  )
 (no restraints)
Writing pdb file: P00214_C25A_tleap.pdb
   printing CRYST1 record to PDB file with box info

/usr/local/Caskroom/miniforge/base/envs/ambertools_env/bin/teLeap: Warning!
 Converting N-terminal residue name to PDB format: NMET -> MET

/usr/local/Caskroom/miniforge/base/envs/ambertools_env/bin/teLeap: Warning!
 Converting C-terminal residue name to PDB format: CARG -> ARG
	Quit

Exiting LEaP: Errors = 0; Warnings = 6; Notes = 1.

--- stderr ---
