
--- stderr ---
                :-) GROMACS - gmx mdrun, 2024.5-conda_forge (-:

Executable:   /usr/local/Caskroom/miniforge/base/envs/gromacs_env/bin.AVX2_256/gmx
Data prefix:  /usr/local/Caskroom/miniforge/base/envs/gromacs_env
Working dir:  /Users/laetitiaguerin/Library/CloudStorage/OneDrive-Personal/Documents/BSc_Nanobiology/Year_5/BEP/Energy_minimization/tleap_runs/O52681_V128N
Command line:
  gmx mdrun -v -deffnm O52681_V128N_minim

The current CPU can measure timings more accurately than the code in
gmx mdrun was configured to use. This might affect your simulation
speed as accurate timings are needed for load-balancing.
Please consider rebuilding gmx mdrun with the GMX_USE_RDTSCP=ON CMake option.
Reading file O52681_V128N_minim.tpr, VERSION 2024.5-conda_forge (single precision)

Using 1 MPI thread
Using 8 OpenMP threads 


Steepest Descents:
   Tolerance (Fmax)   =  1.00000e+03
   Number of steps    =        50000
Step=    0, Dmax= 1.0e-02 nm, Epot= -4.38937e+05 Fmax= 3.28098e+03, atom= 51
Step=    1, Dmax= 1.0e-02 nm, Epot= -4.47542e+05 Fmax= 4.04340e+03, atom= 1223
Step=    2, Dmax= 1.2e-02 nm, Epot= -4.51012e+05 Fmax= 1.25301e+04, atom= 1334
Step=    3, Dmax= 1.4e-02 nm, Epot= -4.55807e+05 Fmax= 9.16995e+03, atom= 1334
Step=    4, Dmax= 1.7e-02 nm, Epot= -4.57426e+05 Fmax= 1.69087e+04, atom= 1334
Step=    5, Dmax= 2.1e-02 nm, Epot= -4.60262e+05 Fmax= 1.48587e+04, atom= 1334
Step=    6, Dmax= 2.5e-02 nm, Epot= -4.61233e+05 Fmax= 2.29181e+04, atom= 1334
Step=    7, Dmax= 3.0e-02 nm, Epot= -4.63288e+05 Fmax= 2.26404e+04, atom= 1334
Step=    8, Dmax= 3.6e-02 nm, Epot= -4.63482e+05 Fmax= 3.15570e+04, atom= 1334
Step=    9, Dmax= 4.3e-02 nm, Epot= -4.64736e+05 Fmax= 3.34691e+04, atom= 1334
Step=   10, Dmax= 5.2e-02 nm, Epot= -4.63650e+05 Fmax= 4.36724e+04, atom= 1334
Step=   11, Dmax= 2.6e-02 nm, Epot= -4.69205e+05 Fmax= 5.49549e+03, atom= 1334
Step=   12, Dmax= 3.1e-02 nm, Epot= -4.69187e+05 Fmax= 4.23195e+04, atom= 1334
Step=   13, Dmax= 1.5e-02 nm, Epot= -4.70949e+05 Fmax= 1.80966e+04, atom= 1334
Step=   14, Dmax= 1.9e-02 nm, Epot= -4.72469e+05 Fmax= 1.01532e+04, atom= 1334
Step=   15, Dmax= 2.2e-02 nm, Epot= -4.72852e+05 Fmax= 2.39975e+04, atom= 1334
Step=   16, Dmax= 2.7e-02 nm, Epot= -4.74526e+05 Fmax= 1.66449e+04, atom= 1334
Step=   17, Dmax= 3.2e-02 nm, Epot= -4.73696e+05 Fmax= 3.22668e+04, atom= 1334
Step=   18, Dmax= 1.6e-02 nm, Epot= -4.75834e+05 Fmax= 7.84456e+03, atom= 1334
Step=   19, Dmax= 1.9e-02 nm, Epot= -4.76362e+05 Fmax= 2.13710e+04, atom= 1334
Step=   20, Dmax= 2.3e-02 nm, Epot= -4.77792e+05 Fmax= 1.39239e+04, atom= 1334
Step=   21, Dmax= 2.8e-02 nm, Epot= -4.77297e+05 Fmax= 2.81626e+04, atom= 1334
Step=   22, Dmax= 1.4e-02 nm, Epot= -4.78792e+05 Fmax= 7.14389e+03, atom= 1334
Step=   23, Dmax= 1.7e-02 nm, Epot= -4.79353e+05 Fmax= 1.84044e+04, atom= 1334
Step=   24, Dmax= 2.0e-02 nm, Epot= -4.80478e+05 Fmax= 1.19919e+04, atom= 1334
Step=   25, Dmax= 2.4e-02 nm, Epot= -4.80268e+05 Fmax= 2.46619e+04, atom= 1334
Step=   26, Dmax= 1.2e-02 nm, Epot= -4.81295e+05 Fmax= 6.35115e+03, atom= 1334
Step=   27, Dmax= 1.4e-02 nm, Epot= -4.81906e+05 Fmax= 1.54713e+04, atom= 1334
Step=   28, Dmax= 1.7e-02 nm, Epot= -4.82773e+05 Fmax= 1.09397e+04, atom= 1334
Step=   29, Dmax= 2.1e-02 nm, Epot= -4.82846e+05 Fmax= 2.05385e+04, atom= 1334
Step=   30, Dmax= 2.5e-02 nm, Epot= -4.83709e+05 Fmax= 1.73872e+04, atom= 1334
Step=   31, Dmax= 3.0e-02 nm, Epot= -4.83180e+05 Fmax= 2.78388e+04, atom= 1334
Step=   32, Dmax= 1.5e-02 nm, Epot= -4.84803e+05 Fmax= 5.27291e+03, atom= 1334
Step=   33, Dmax= 1.8e-02 nm, Epot= -4.85004e+05 Fmax= 2.22570e+04, atom= 1334
Step=   34, Dmax= 2.1e-02 nm, Epot= -4.86383e+05 Fmax= 1.04609e+04, atom= 1334
Step=   35, Dmax= 2.6e-02 nm, Epot= -4.85443e+05 Fmax= 2.89555e+04, atom= 1334
Step=   36, Dmax= 1.3e-02 nm, Epot= -4.86918e+05 Fmax= 9.26042e+03, atom= 1334
Step=   37, Dmax= 1.5e-02 nm, Epot= -4.87233e+05 Fmax= 1.42391e+04, atom= 1334
Step=   38, Dmax= 1.9e-02 nm, Epot= -4.87714e+05 Fmax= 1.41300e+04, atom= 1334
Step=   39, Dmax= 2.2e-02 nm, Epot= -4.87776e+05 Fmax= 1.97066e+04, atom= 1334
Step=   40, Dmax= 2.7e-02 nm, Epot= -4.88102e+05 Fmax= 2.10089e+04, atom= 1334
Step=   41, Dmax= 3.2e-02 nm, Epot= -4.87768e+05 Fmax= 2.75474e+04, atom= 1334
Step=   42, Dmax= 1.6e-02 nm, Epot= -4.89444e+05 Fmax= 3.35461e+03, atom= 1334
Step=   43, Dmax= 1.9e-02 nm, Epot= -4.89544e+05 Fmax= 2.63607e+04, atom= 1334
Step=   44, Dmax= 2.3e-02 nm, Epot= -4.91338e+05 Fmax= 8.92359e+03, atom= 1334
Step=   45, Dmax= 2.8e-02 nm, Epot= -4.89658e+05 Fmax= 3.34559e+04, atom= 1334
Step=   46, Dmax= 1.4e-02 nm, Epot= -4.91608e+05 Fmax= 1.22987e+04, atom= 1334
Step=   47, Dmax= 1.7e-02 nm, Epot= -4.91934e+05 Fmax= 1.30019e+04, atom= 1334
Step=   48, Dmax= 2.0e-02 nm, Epot= -4.92021e+05 Fmax= 1.74845e+04, atom= 1334
Step=   49, Dmax= 2.4e-02 nm, Epot= -4.92248e+05 Fmax= 1.88911e+04, atom= 1334
Step=   50, Dmax= 2.9e-02 nm, Epot= -4.92003e+05 Fmax= 2.48279e+04, atom= 1334
Step=   51, Dmax= 1.4e-02 nm, Epot= -4.93297e+05 Fmax= 3.03006e+03, atom= 1334
Step=   52, Dmax= 1.7e-02 nm, Epot= -4.93458e+05 Fmax= 2.30329e+04, atom= 1334
Step=   53, Dmax= 2.1e-02 nm, Epot= -4.94770e+05 Fmax= 8.64280e+03, atom= 1334
Step=   54, Dmax= 2.5e-02 nm, Epot= -4.93585e+05 Fmax= 2.90633e+04, atom= 1334
Step=   55, Dmax= 1.2e-02 nm, Epot= -4.95025e+05 Fmax= 1.02304e+04, atom= 1334
Step=   56, Dmax= 1.5e-02 nm, Epot= -4.95228e+05 Fmax= 1.25712e+04, atom= 1334
Step=   57, Dmax= 1.8e-02 nm, Epot= -4.95406e+05 Fmax= 1.46114e+04, atom= 1334
Step=   58, Dmax= 2.1e-02 nm, Epot= -4.95453e+05 Fmax= 1.81350e+04, atom= 1334
Step=   59, Dmax= 2.6e-02 nm, Epot= -4.95482e+05 Fmax= 2.09298e+04, atom= 1334
Step=   60, Dmax= 3.1e-02 nm, Epot= -4.95213e+05 Fmax= 2.60037e+04, atom= 1334
Step=   61, Dmax= 1.5e-02 nm, Epot= -4.96661e+05 Fmax= 2.62678e+03, atom= 1334
Step=   62, Dmax= 1.9e-02 nm, Epot= -4.96580e+05 Fmax= 2.52985e+04, atom= 1334
Step=   63, Dmax= 9.3e-03 nm, Epot= -4.97090e+05 Fmax= 1.12443e+04, atom= 1334
Step=   64, Dmax= 1.1e-02 nm, Epot= -4.97507e+05 Fmax= 5.77836e+03, atom= 1334
Step=   65, Dmax= 1.3e-02 nm, Epot= -4.97530e+05 Fmax= 1.44802e+04, atom= 1334
Step=   66, Dmax= 1.6e-02 nm, Epot= -4.98000e+05 Fmax= 1.00045e+04, atom= 1334
Step=   67, Dmax= 1.9e-02 nm, Epot= -4.97714e+05 Fmax= 1.91935e+04, atom= 1334
Step=   68, Dmax= 9.6e-03 nm, Epot= -4.98361e+05 Fmax= 4.60268e+03, atom= 1334
Step=   69, Dmax= 1.2e-02 nm, Epot= -4.98464e+05 Fmax= 1.31182e+04, atom= 1334
Step=   70, Dmax= 1.4e-02 nm, Epot= -4.98903e+05 Fmax= 7.94359e+03, atom= 1334
Step=   71, Dmax= 1.7e-02 nm, Epot= -4.98703e+05 Fmax= 1.74815e+04, atom= 1334
Step=   72, Dmax= 8.3e-03 nm, Epot= -4.99181e+05 Fmax= 4.77473e+03, atom= 1334
Step=   73, Dmax= 1.0e-02 nm, Epot= -4.99342e+05 Fmax= 1.03323e+04, atom= 1334
Step=   74, Dmax= 1.2e-02 nm, Epot= -4.99640e+05 Fmax= 7.96767e+03, atom= 1334
Step=   75, Dmax= 1.4e-02 nm, Epot= -4.99639e+05 Fmax= 1.38341e+04, atom= 1334
Step=   76, Dmax= 7.2e-03 nm, Epot= -4.99915e+05 Fmax= 2.93847e+03, atom= 1334
Step=   77, Dmax= 8.6e-03 nm, Epot= -5.00169e+05 Fmax= 1.03412e+04, atom= 1334
Step=   78, Dmax= 1.0e-02 nm, Epot= -5.00505e+05 Fmax= 5.38501e+03, atom= 1334
Step=   79, Dmax= 1.2e-02 nm, Epot= -5.00509e+05 Fmax= 1.36436e+04, atom= 1334
Step=   80, Dmax= 1.5e-02 nm, Epot= -5.00913e+05 Fmax= 8.99865e+03, atom= 1334
Step=   81, Dmax= 1.8e-02 nm, Epot= -5.00636e+05 Fmax= 1.83084e+04, atom= 1334
Step=   82, Dmax= 8.9e-03 nm, Epot= -5.01201e+05 Fmax= 4.66287e+03, atom= 1334
Step=   83, Dmax= 1.1e-02 nm, Epot= -5.01286e+05 Fmax= 1.15765e+04, atom= 1334
Step=   84, Dmax= 1.3e-02 nm, Epot= -5.01607e+05 Fmax= 8.08434e+03, atom= 1334
Step=   85, Dmax= 1.5e-02 nm, Epot= -5.01493e+05 Fmax= 1.53491e+04, atom= 1334
Step=   86, Dmax= 7.7e-03 nm, Epot= -5.01862e+05 Fmax= 3.63770e+03, atom= 1334
Step=   87, Dmax= 9.2e-03 nm, Epot= -5.02003e+05 Fmax= 1.06036e+04, atom= 1334
Step=   88, Dmax= 1.1e-02 nm, Epot= -5.02312e+05 Fmax= 6.29738e+03, atom= 1334
Step=   89, Dmax= 1.3e-02 nm, Epot= -5.02244e+05 Fmax= 1.41316e+04, atom= 1334
Step=   90, Dmax= 6.7e-03 nm, Epot= -5.02515e+05 Fmax= 3.92031e+03, atom= 1334
Step=   91, Dmax= 8.0e-03 nm, Epot= -5.02675e+05 Fmax= 8.19214e+03, atom= 1334
Step=   92, Dmax= 9.6e-03 nm, Epot= -5.02889e+05 Fmax= 6.50625e+03, atom= 1334
Step=   93, Dmax= 1.1e-02 nm, Epot= -5.02945e+05 Fmax= 1.09840e+04, atom= 1334
Step=   94, Dmax= 1.4e-02 nm, Epot= -5.03151e+05 Fmax= 1.01479e+04, atom= 1334
Step=   95, Dmax= 1.7e-02 nm, Epot= -5.03079e+05 Fmax= 1.50512e+04, atom= 1334
Step=   96, Dmax= 8.3e-03 nm, Epot= -5.03473e+05 Fmax= 2.46144e+03, atom= 1334
Step=   97, Dmax= 9.9e-03 nm, Epot= -5.03628e+05 Fmax= 1.29087e+04, atom= 1334
Step=   98, Dmax= 1.2e-02 nm, Epot= -5.04052e+05 Fmax= 5.27525e+03, atom= 1334
Step=   99, Dmax= 1.4e-02 nm, Epot= -5.03821e+05 Fmax= 1.67042e+04, atom= 1334
Step=  100, Dmax= 7.2e-03 nm, Epot= -5.04208e+05 Fmax= 5.71730e+03, atom= 1334
Step=  101, Dmax= 8.6e-03 nm, Epot= -5.04340e+05 Fmax= 7.33432e+03, atom= 1334
Step=  102, Dmax= 1.0e-02 nm, Epot= -5.04470e+05 Fmax= 8.46764e+03, atom= 1334
Step=  103, Dmax= 1.2e-02 nm, Epot= -5.04560e+05 Fmax= 1.03486e+04, atom= 1334
Step=  104, Dmax= 1.5e-02 nm, Epot= -5.04626e+05 Fmax= 1.23615e+04, atom= 1334
Step=  105, Dmax= 1.8e-02 nm, Epot= -5.04641e+05 Fmax= 1.47271e+04, atom= 1334
Step=  106, Dmax= 2.1e-02 nm, Epot= -5.04572e+05 Fmax= 1.78866e+04, atom= 1334
Step=  107, Dmax= 1.1e-02 nm, Epot= -5.05212e+05 Fmax= 1.61053e+03, atom= 1334
Step=  108, Dmax= 1.3e-02 nm, Epot= -5.05394e+05 Fmax= 1.76125e+04, atom= 1334
Step=  109, Dmax= 1.5e-02 nm, Epot= -5.06117e+05 Fmax= 5.97200e+03, atom= 1334
Step=  110, Dmax= 1.8e-02 nm, Epot= -5.05399e+05 Fmax= 2.20700e+04, atom= 1334
Step=  111, Dmax= 9.2e-03 nm, Epot= -5.06210e+05 Fmax= 8.06600e+03, atom= 1334
Step=  112, Dmax= 1.1e-02 nm, Epot= -5.06321e+05 Fmax= 8.91767e+03, atom= 1334
Step=  113, Dmax= 1.3e-02 nm, Epot= -5.06360e+05 Fmax= 1.14136e+04, atom= 1744
Step=  114, Dmax= 1.6e-02 nm, Epot= -5.06416e+05 Fmax= 1.30359e+04, atom= 1744
Step=  115, Dmax= 1.9e-02 nm, Epot= -5.06357e+05 Fmax= 1.62421e+04, atom= 1744
Step=  116, Dmax= 9.6e-03 nm, Epot= -5.06867e+05 Fmax= 1.62854e+03, atom= 1744
Step=  117, Dmax= 1.1e-02 nm, Epot= -5.07035e+05 Fmax= 1.59556e+04, atom= 1744
Step=  118, Dmax= 1.4e-02 nm, Epot= -5.07598e+05 Fmax= 5.19283e+03, atom= 1744
Step=  119, Dmax= 1.7e-02 nm, Epot= -5.07122e+05 Fmax= 2.01973e+04, atom= 1744
Step=  120, Dmax= 8.3e-03 nm, Epot= -5.07690e+05 Fmax= 7.50528e+03, atom= 1744
Step=  121, Dmax= 9.9e-03 nm, Epot= -5.07808e+05 Fmax= 7.71403e+03, atom= 1744
Step=  122, Dmax= 1.2e-02 nm, Epot= -5.07850e+05 Fmax= 1.05613e+04, atom= 1744
Step=  123, Dmax= 1.4e-02 nm, Epot= -5.07943e+05 Fmax= 1.13325e+04, atom= 1744
Step=  124, Dmax= 1.7e-02 nm, Epot= -5.07899e+05 Fmax= 1.49610e+04, atom= 1744
Step=  125, Dmax= 8.6e-03 nm, Epot= -5.08258e+05 Fmax= 1.81725e+03, atom= 1744
Step=  126, Dmax= 1.0e-02 nm, Epot= -5.08412e+05 Fmax= 1.40193e+04, atom= 1744
Step=  127, Dmax= 1.2e-02 nm, Epot= -5.08806e+05 Fmax= 4.96610e+03, atom= 1744
Step=  128, Dmax= 1.5e-02 nm, Epot= -5.08554e+05 Fmax= 1.77397e+04, atom= 1744
Step=  129, Dmax= 7.4e-03 nm, Epot= -5.08907e+05 Fmax= 6.39689e+03, atom= 1744
Step=  130, Dmax= 8.9e-03 nm, Epot= -5.09007e+05 Fmax= 7.25759e+03, atom= 1744
Step=  131, Dmax= 1.1e-02 nm, Epot= -5.09082e+05 Fmax= 9.09813e+03, atom= 1744
Step=  132, Dmax= 1.3e-02 nm, Epot= -5.09154e+05 Fmax= 1.05578e+04, atom= 1744
Step=  133, Dmax= 1.5e-02 nm, Epot= -5.09183e+05 Fmax= 1.29711e+04, atom= 1744
Step=  134, Dmax= 1.8e-02 nm, Epot= -5.09195e+05 Fmax= 1.53035e+04, atom= 1744
Step=  135, Dmax= 2.2e-02 nm, Epot= -5.09138e+05 Fmax= 1.85052e+04, atom= 1744
Step=  136, Dmax= 1.1e-02 nm, Epot= -5.09636e+05 Fmax= 1.64292e+03, atom= 1744
Step=  137, Dmax= 1.3e-02 nm, Epot= -5.09756e+05 Fmax= 1.87337e+04, atom= 1744
Step=  138, Dmax= 1.6e-02 nm, Epot= -5.10312e+05 Fmax= 5.72893e+03, atom= 1744
Step=  139, Dmax= 1.9e-02 nm, Epot= -5.09787e+05 Fmax= 2.36625e+04, atom= 1744
Step=  140, Dmax= 9.6e-03 nm, Epot= -5.10371e+05 Fmax= 8.98011e+03, atom= 1744
Step=  141, Dmax= 1.1e-02 nm, Epot= -5.10480e+05 Fmax= 8.60542e+03, atom= 1744
Step=  142, Dmax= 1.4e-02 nm, Epot= -5.10484e+05 Fmax= 1.25401e+04, atom= 1744
Step=  143, Dmax= 1.7e-02 nm, Epot= -5.10576e+05 Fmax= 1.27513e+04, atom= 1744
Step=  144, Dmax= 2.0e-02 nm, Epot= -5.10485e+05 Fmax= 1.76498e+04, atom= 1744
Step=  145, Dmax= 9.9e-03 nm, Epot= -5.10860e+05 Fmax= 2.45418e+03, atom= 1744
Step=  146, Dmax= 1.2e-02 nm, Epot= -5.10889e+05 Fmax= 1.58105e+04, atom= 1744
Step=  147, Dmax= 1.4e-02 nm, Epot= -5.11245e+05 Fmax= 6.14180e+03, atom= 1744
Step=  148, Dmax= 1.7e-02 nm, Epot= -5.10968e+05 Fmax= 2.00805e+04, atom= 1744
Step=  149, Dmax= 8.6e-03 nm, Epot= -5.11332e+05 Fmax= 6.98262e+03, atom= 1744
Step=  150, Dmax= 1.0e-02 nm, Epot= -5.11402e+05 Fmax= 8.80945e+03, atom= 1744
Step=  151, Dmax= 1.2e-02 nm, Epot= -5.11471e+05 Fmax= 1.00822e+04, atom= 1744
Step=  152, Dmax= 1.5e-02 nm, Epot= -5.11504e+05 Fmax= 1.26443e+04, atom= 1744
Step=  153, Dmax= 1.8e-02 nm, Epot= -5.11540e+05 Fmax= 1.45274e+04, atom= 1744
Step=  154, Dmax= 2.1e-02 nm, Epot= -5.11499e+05 Fmax= 1.81464e+04, atom= 1744
Step=  155, Dmax= 1.1e-02 nm, Epot= -5.11851e+05 Fmax= 1.82142e+03, atom= 1744
Step=  156, Dmax= 1.3e-02 nm, Epot= -5.11970e+05 Fmax= 1.78115e+04, atom= 1744
Step=  157, Dmax= 1.5e-02 nm, Epot= -5.12360e+05 Fmax= 5.83580e+03, atom= 1744
Step=  158, Dmax= 1.8e-02 nm, Epot= -5.12050e+05 Fmax= 2.23184e+04, atom= 1744
Step=  159, Dmax= 9.2e-03 nm, Epot= -5.12427e+05 Fmax= 8.26530e+03, atom= 1744
Step=  160, Dmax= 1.1e-02 nm, Epot= -5.12509e+05 Fmax= 8.72615e+03, atom= 1744
Step=  161, Dmax= 1.3e-02 nm, Epot= -5.12546e+05 Fmax= 1.15763e+04, atom= 1744
Step=  162, Dmax= 1.6e-02 nm, Epot= -5.12604e+05 Fmax= 1.28626e+04, atom= 1744
Step=  163, Dmax= 1.9e-02 nm, Epot= -5.12592e+05 Fmax= 1.63348e+04, atom= 1744
Step=  164, Dmax= 9.5e-03 nm, Epot= -5.12827e+05 Fmax= 1.76113e+03, atom= 1744
Step=  165, Dmax= 1.1e-02 nm, Epot= -5.12990e+05 Fmax= 1.59236e+04, atom= 1744
Step=  166, Dmax= 1.4e-02 nm, Epot= -5.13277e+05 Fmax= 5.16170e+03, atom= 1744
Step=  167, Dmax= 1.6e-02 nm, Epot= -5.13094e+05 Fmax= 2.02396e+04, atom= 1744
Step=  168, Dmax= 8.2e-03 nm, Epot= -5.13348e+05 Fmax= 7.54089e+03, atom= 1744
Step=  169, Dmax= 9.9e-03 nm, Epot= -5.13428e+05 Fmax= 7.62238e+03, atom= 1744
Step=  170, Dmax= 1.2e-02 nm, Epot= -5.13472e+05 Fmax= 1.06464e+04, atom= 1744
Step=  171, Dmax= 1.4e-02 nm, Epot= -5.13543e+05 Fmax= 1.11770e+04, atom= 1744
Step=  172, Dmax= 1.7e-02 nm, Epot= -5.13538e+05 Fmax= 1.50927e+04, atom= 1744
Step=  173, Dmax= 8.5e-03 nm, Epot= -5.13707e+05 Fmax= 1.95989e+03, atom= 1744
Step=  174, Dmax= 1.0e-02 nm, Epot= -5.13853e+05 Fmax= 1.37417e+04, atom= 1744
Step=  175, Dmax= 1.2e-02 nm, Epot= -5.14057e+05 Fmax= 5.21613e+03, atom= 1744
Step=  176, Dmax= 1.5e-02 nm, Epot= -5.13976e+05 Fmax= 1.73899e+04, atom= 1744
Step=  177, Dmax= 7.4e-03 nm, Epot= -5.14132e+05 Fmax= 6.09675e+03, atom= 1744
Step=  178, Dmax= 8.9e-03 nm, Epot= -5.14201e+05 Fmax= 7.55202e+03, atom= 1744
Step=  179, Dmax= 1.1e-02 nm, Epot= -5.14266e+05 Fmax= 8.74160e+03, atom= 1744
Step=  180, Dmax= 1.3e-02 nm, Epot= -5.14315e+05 Fmax= 1.08943e+04, atom= 1744
Step=  181, Dmax= 1.5e-02 nm, Epot= -5.14362e+05 Fmax= 1.25556e+04, atom= 1744
Step=  182, Dmax= 1.8e-02 nm, Epot= -5.14372e+05 Fmax= 1.56780e+04, atom= 1744
Step=  183, Dmax= 2.2e-02 nm, Epot= -5.14383e+05 Fmax= 1.80277e+04, atom= 1744
Step=  184, Dmax= 2.6e-02 nm, Epot= -5.14312e+05 Fmax= 2.25163e+04, atom= 1744
Step=  185, Dmax= 1.3e-02 nm, Epot= -5.14702e+05 Fmax= 2.27294e+03, atom= 1744
Step=  186, Dmax= 1.6e-02 nm, Epot= -5.14697e+05 Fmax= 2.20987e+04, atom= 1744
Step=  187, Dmax= 7.9e-03 nm, Epot= -5.14824e+05 Fmax= 9.86530e+03, atom= 1744
Step=  188, Dmax= 9.5e-03 nm, Epot= -5.14940e+05 Fmax= 4.80303e+03, atom= 1744
Step=  189, Dmax= 1.1e-02 nm, Epot= -5.14960e+05 Fmax= 1.26937e+04, atom= 1744
Step=  190, Dmax= 1.4e-02 nm, Epot= -5.15094e+05 Fmax= 8.40603e+03, atom= 1744
Step=  191, Dmax= 1.6e-02 nm, Epot= -5.15032e+05 Fmax= 1.67920e+04, atom= 1744
Step=  192, Dmax= 8.2e-03 nm, Epot= -5.15191e+05 Fmax= 4.20470e+03, atom= 1744
Step=  193, Dmax= 9.9e-03 nm, Epot= -5.15238e+05 Fmax= 1.10144e+04, atom= 1744
Step=  194, Dmax= 1.2e-02 nm, Epot= -5.15352e+05 Fmax= 7.14735e+03, atom= 1744
Step=  195, Dmax= 1.4e-02 nm, Epot= -5.15330e+05 Fmax= 1.47418e+04, atom= 1744
Step=  196, Dmax= 7.1e-03 nm, Epot= -5.15435e+05 Fmax= 3.79520e+03, atom= 1744
Step=  197, Dmax= 8.5e-03 nm, Epot= -5.15501e+05 Fmax= 9.26364e+03, atom= 1744
Step=  198, Dmax= 1.0e-02 nm, Epot= -5.15594e+05 Fmax= 6.49956e+03, atom= 1744
Step=  199, Dmax= 1.2e-02 nm, Epot= -5.15611e+05 Fmax= 1.23171e+04, atom= 1744
Step=  200, Dmax= 1.5e-02 nm, Epot= -5.15709e+05 Fmax= 1.03620e+04, atom= 1744
Step=  201, Dmax= 1.8e-02 nm, Epot= -5.15669e+05 Fmax= 1.67176e+04, atom= 1744
Step=  202, Dmax= 8.8e-03 nm, Epot= -5.15827e+05 Fmax= 3.19463e+03, atom= 1744
Step=  203, Dmax= 1.1e-02 nm, Epot= -5.15881e+05 Fmax= 1.31856e+04, atom= 1744
Step=  204, Dmax= 1.3e-02 nm, Epot= -5.16030e+05 Fmax= 6.34165e+03, atom= 1744
Step=  205, Dmax= 1.5e-02 nm, Epot= -5.15968e+05 Fmax= 1.72026e+04, atom= 1744
Step=  206, Dmax= 7.6e-03 nm, Epot= -5.16101e+05 Fmax= 5.42712e+03, atom= 1744
Step=  207, Dmax= 9.2e-03 nm, Epot= -5.16155e+05 Fmax= 8.61781e+03, atom= 1744
Step=  208, Dmax= 1.1e-02 nm, Epot= -5.16225e+05 Fmax= 8.32712e+03, atom= 1744
Step=  209, Dmax= 1.3e-02 nm, Epot= -5.16253e+05 Fmax= 1.19013e+04, atom= 1744
Step=  210, Dmax= 1.6e-02 nm, Epot= -5.16312e+05 Fmax= 1.24727e+04, atom= 1744
Step=  211, Dmax= 1.9e-02 nm, Epot= -5.16302e+05 Fmax= 1.66262e+04, atom= 1744
Step=  212, Dmax= 9.5e-03 nm, Epot= -5.16458e+05 Fmax= 2.10060e+03, atom= 1744
Step=  213, Dmax= 1.1e-02 nm, Epot= -5.16566e+05 Fmax= 1.55532e+04, atom= 1744
Step=  214, Dmax= 1.4e-02 nm, Epot= -5.16757e+05 Fmax= 5.45321e+03, atom= 1744
Step=  215, Dmax= 1.6e-02 nm, Epot= -5.16654e+05 Fmax= 1.98847e+04, atom= 1744
Step=  216, Dmax= 8.2e-03 nm, Epot= -5.16816e+05 Fmax= 7.21498e+03, atom= 1744
Step=  217, Dmax= 9.9e-03 nm, Epot= -5.16876e+05 Fmax= 7.88968e+03, atom= 1744
Step=  218, Dmax= 1.2e-02 nm, Epot= -5.16919e+05 Fmax= 1.03311e+04, atom= 1744
Step=  219, Dmax= 1.4e-02 nm, Epot= -5.16970e+05 Fmax= 1.14145e+04, atom= 1744
Step=  220, Dmax= 1.7e-02 nm, Epot= -5.16983e+05 Fmax= 1.47838e+04, atom= 1744
Step=  221, Dmax= 2.0e-02 nm, Epot= -5.17012e+05 Fmax= 1.64847e+04, atom= 1744
Step=  222, Dmax= 2.5e-02 nm, Epot= -5.16966e+05 Fmax= 2.11461e+04, atom= 1744
Step=  223, Dmax= 1.2e-02 nm, Epot= -5.17229e+05 Fmax= 2.34991e+03, atom= 1744
Step=  224, Dmax= 1.5e-02 nm, Epot= -5.17261e+05 Fmax= 2.02087e+04, atom= 1744
Step=  225, Dmax= 1.8e-02 nm, Epot= -5.17540e+05 Fmax= 7.04001e+03, atom= 1744
Step=  226, Dmax= 2.1e-02 nm, Epot= -5.17293e+05 Fmax= 2.53583e+04, atom= 1744
Step=  227, Dmax= 1.1e-02 nm, Epot= -5.17588e+05 Fmax= 9.18931e+03, atom= 1744
Step=  228, Dmax= 1.3e-02 nm, Epot= -5.17638e+05 Fmax= 1.03916e+04, atom= 1744
Step=  229, Dmax= 1.5e-02 nm, Epot= -5.17666e+05 Fmax= 1.29742e+04, atom= 1744
Step=  230, Dmax= 1.8e-02 nm, Epot= -5.17693e+05 Fmax= 1.51769e+04, atom= 1744
Step=  231, Dmax= 2.2e-02 nm, Epot= -5.17688e+05 Fmax= 1.84141e+04, atom= 1744
Step=  232, Dmax= 1.1e-02 nm, Epot= -5.17872e+05 Fmax= 1.65888e+03, atom= 1744
Step=  233, Dmax= 1.3e-02 nm, Epot= -5.18017e+05 Fmax= 1.87801e+04, atom= 1744
Step=  234, Dmax= 1.6e-02 nm, Epot= -5.18255e+05 Fmax= 5.52538e+03, atom= 1744
Step=  235, Dmax= 1.9e-02 nm, Epot= -5.18078e+05 Fmax= 2.37593e+04, atom= 1744
Step=  236, Dmax= 9.5e-03 nm, Epot= -5.18300e+05 Fmax= 9.13050e+03, atom= 1744
Step=  237, Dmax= 1.1e-02 nm, Epot= -5.18364e+05 Fmax= 8.33005e+03, atom= 1744
Step=  238, Dmax= 1.4e-02 nm, Epot= -5.18380e+05 Fmax= 1.27239e+04, atom= 1744
Step=  239, Dmax= 1.6e-02 nm, Epot= -5.18442e+05 Fmax= 1.23973e+04, atom= 1744
Step=  240, Dmax= 2.0e-02 nm, Epot= -5.18411e+05 Fmax= 1.78567e+04, atom= 1744
Step=  241, Dmax= 9.8e-03 nm, Epot= -5.18567e+05 Fmax= 2.73371e+03, atom= 1744
Step=  242, Dmax= 1.2e-02 nm, Epot= -5.18618e+05 Fmax= 1.53374e+04, atom= 1744
Step=  243, Dmax= 1.4e-02 nm, Epot= -5.18776e+05 Fmax= 6.49326e+03, atom= 1744
Step=  244, Dmax= 1.7e-02 nm, Epot= -5.18684e+05 Fmax= 1.95308e+04, atom= 1744
Step=  245, Dmax= 8.5e-03 nm, Epot= -5.18832e+05 Fmax= 6.53103e+03, atom= 1744
Step=  246, Dmax= 1.0e-02 nm, Epot= -5.18875e+05 Fmax= 9.19182e+03, atom= 1744
Step=  247, Dmax= 1.2e-02 nm, Epot= -5.18927e+05 Fmax= 9.56551e+03, atom= 1744
Step=  248, Dmax= 1.5e-02 nm, Epot= -5.18947e+05 Fmax= 1.30496e+04, atom= 1744
Step=  249, Dmax= 1.8e-02 nm, Epot= -5.18989e+05 Fmax= 1.39384e+04, atom= 1744
Step=  250, Dmax= 2.1e-02 nm, Epot= -5.18965e+05 Fmax= 1.85628e+04, atom= 1744
Step=  251, Dmax= 1.1e-02 nm, Epot= -5.19135e+05 Fmax= 2.32130e+03, atom= 1744
Step=  252, Dmax= 1.3e-02 nm, Epot= -5.19197e+05 Fmax= 1.70969e+04, atom= 1744
Step=  253, Dmax= 1.5e-02 nm, Epot= -5.19383e+05 Fmax= 6.38882e+03, atom= 1744
Step=  254, Dmax= 1.8e-02 nm, Epot= -5.19253e+05 Fmax= 2.15704e+04, atom= 1744
Step=  255, Dmax= 9.1e-03 nm, Epot= -5.19433e+05 Fmax= 7.60801e+03, atom= 1744
Step=  256, Dmax= 1.1e-02 nm, Epot= -5.19476e+05 Fmax= 9.29225e+03, atom= 1744
Step=  257, Dmax= 1.3e-02 nm, Epot= -5.19516e+05 Fmax= 1.08663e+04, atom= 1744
Step=  258, Dmax= 1.6e-02 nm, Epot= -5.19541e+05 Fmax= 1.34368e+04, atom= 1744
Step=  259, Dmax= 1.9e-02 nm, Epot= -5.19562e+05 Fmax= 1.55630e+04, atom= 1744
Step=  260, Dmax= 2.3e-02 nm, Epot= -5.19546e+05 Fmax= 1.93551e+04, atom= 1744
Step=  261, Dmax= 1.1e-02 nm, Epot= -5.19731e+05 Fmax= 1.91261e+03, atom= 1744
Step=  262, Dmax= 1.4e-02 nm, Epot= -5.19819e+05 Fmax= 1.89538e+04, atom= 1744
Step=  263, Dmax= 1.6e-02 nm, Epot= -5.20037e+05 Fmax= 6.32744e+03, atom= 1744
Step=  264, Dmax= 2.0e-02 nm, Epot= -5.19864e+05 Fmax= 2.37001e+04, atom= 1744
Step=  265, Dmax= 9.8e-03 nm, Epot= -5.20078e+05 Fmax= 8.71479e+03, atom= 1744
Step=  266, Dmax= 1.2e-02 nm, Epot= -5.20125e+05 Fmax= 9.45458e+03, atom= 1744
Step=  267, Dmax= 1.4e-02 nm, Epot= -5.20151e+05 Fmax= 1.22110e+04, atom= 1744
Step=  268, Dmax= 1.7e-02 nm, Epot= -5.20182e+05 Fmax= 1.39082e+04, atom= 1744
Step=  269, Dmax= 2.0e-02 nm, Epot= -5.20180e+05 Fmax= 1.72519e+04, atom= 1744
Step=  270, Dmax= 1.0e-02 nm, Epot= -5.20318e+05 Fmax= 1.70314e+03, atom= 1744
Step=  271, Dmax= 1.2e-02 nm, Epot= -5.20438e+05 Fmax= 1.72820e+04, atom= 1744
Step=  272, Dmax= 1.5e-02 nm, Epot= -5.20621e+05 Fmax= 5.24091e+03, atom= 1744
Step=  273, Dmax= 1.8e-02 nm, Epot= -5.20499e+05 Fmax= 2.19286e+04, atom= 1744
Step=  274, Dmax= 8.8e-03 nm, Epot= -5.20662e+05 Fmax= 8.35018e+03, atom= 1744
Step=  275, Dmax= 1.1e-02 nm, Epot= -5.20715e+05 Fmax= 7.83396e+03, atom= 1744
Step=  276, Dmax= 1.3e-02 nm, Epot= -5.20736e+05 Fmax= 1.16961e+04, atom= 1744
Step=  277, Dmax= 1.5e-02 nm, Epot= -5.20787e+05 Fmax= 1.15977e+04, atom= 1744
Step=  278, Dmax= 1.8e-02 nm, Epot= -5.20772e+05 Fmax= 1.64703e+04, atom= 1744
Step=  279, Dmax= 9.1e-03 nm, Epot= -5.20889e+05 Fmax= 2.43882e+03, atom= 1744
Step=  280, Dmax= 1.1e-02 nm, Epot= -5.20951e+05 Fmax= 1.42928e+04, atom= 1744
Step=  281, Dmax= 1.3e-02 nm, Epot= -5.21079e+05 Fmax= 5.95490e+03, atom= 1744
Step=  282, Dmax= 1.6e-02 nm, Epot= -5.21018e+05 Fmax= 1.81685e+04, atom= 1744
Step=  283, Dmax= 7.9e-03 nm, Epot= -5.21128e+05 Fmax= 6.11722e+03, atom= 1744
Step=  284, Dmax= 9.5e-03 nm, Epot= -5.21168e+05 Fmax= 8.47096e+03, atom= 1744
Step=  285, Dmax= 1.1e-02 nm, Epot= -5.21214e+05 Fmax= 8.91930e+03, atom= 1744
Step=  286, Dmax= 1.4e-02 nm, Epot= -5.21236e+05 Fmax= 1.20614e+04, atom= 1744
Step=  287, Dmax= 1.6e-02 nm, Epot= -5.21273e+05 Fmax= 1.29674e+04, atom= 1744
Step=  288, Dmax= 2.0e-02 nm, Epot= -5.21261e+05 Fmax= 1.71877e+04, atom= 1744
Step=  289, Dmax= 9.8e-03 nm, Epot= -5.21391e+05 Fmax= 2.11656e+03, atom= 1744
Step=  290, Dmax= 1.2e-02 nm, Epot= -5.21464e+05 Fmax= 1.58592e+04, atom= 1744
Step=  291, Dmax= 1.4e-02 nm, Epot= -5.21614e+05 Fmax= 5.91977e+03, atom= 1744
Step=  292, Dmax= 1.7e-02 nm, Epot= -5.21521e+05 Fmax= 1.99998e+04, atom= 1744
Step=  293, Dmax= 8.5e-03 nm, Epot= -5.21659e+05 Fmax= 7.05434e+03, atom= 1744
Step=  294, Dmax= 1.0e-02 nm, Epot= -5.21699e+05 Fmax= 8.62442e+03, atom= 1744
Step=  295, Dmax= 1.2e-02 nm, Epot= -5.21735e+05 Fmax= 1.00660e+04, atom= 1744
Step=  296, Dmax= 1.5e-02 nm, Epot= -5.21760e+05 Fmax= 1.24800e+04, atom= 1744
Step=  297, Dmax= 1.8e-02 nm, Epot= -5.21782e+05 Fmax= 1.44164e+04, atom= 1744
Step=  298, Dmax= 2.1e-02 nm, Epot= -5.21774e+05 Fmax= 1.79828e+04, atom= 1744
Step=  299, Dmax= 1.1e-02 nm, Epot= -5.21919e+05 Fmax= 1.79496e+03, atom= 1744
Step=  300, Dmax= 1.3e-02 nm, Epot= -5.22011e+05 Fmax= 1.75175e+04, atom= 1744
Step=  301, Dmax= 1.5e-02 nm, Epot= -5.22187e+05 Fmax= 5.91847e+03, atom= 1744
Step=  302, Dmax= 1.8e-02 nm, Epot= -5.22058e+05 Fmax= 2.19236e+04, atom= 1744
Step=  303, Dmax= 9.1e-03 nm, Epot= -5.22226e+05 Fmax= 8.02524e+03, atom= 1744
Step=  304, Dmax= 1.1e-02 nm, Epot= -5.22267e+05 Fmax= 8.82858e+03, atom= 1744
Step=  305, Dmax= 1.3e-02 nm, Epot= -5.22294e+05 Fmax= 1.12597e+04, atom= 1744
Step=  306, Dmax= 1.6e-02 nm, Epot= -5.22321e+05 Fmax= 1.29705e+04, atom= 1744
Step=  307, Dmax= 1.9e-02 nm, Epot= -5.22326e+05 Fmax= 1.59316e+04, atom= 1744
Step=  308, Dmax= 2.3e-02 nm, Epot= -5.22322e+05 Fmax= 1.88776e+04, atom= 1744
Step=  309, Dmax= 1.1e-02 nm, Epot= -5.22485e+05 Fmax= 1.49298e+03, atom= 1744
Step=  310, Dmax= 1.4e-02 nm, Epot= -5.22610e+05 Fmax= 1.92400e+04, atom= 1744
Step=  311, Dmax= 1.6e-02 nm, Epot= -5.22815e+05 Fmax= 5.99643e+03, atom= 1744
Step=  312, Dmax= 2.0e-02 nm, Epot= -5.22644e+05 Fmax= 2.38920e+04, atom= 1744
Step=  313, Dmax= 9.8e-03 nm, Epot= -5.22847e+05 Fmax= 8.98687e+03, atom= 1744
Step=  314, Dmax= 1.2e-02 nm, Epot= -5.22891e+05 Fmax= 9.13524e+03, atom= 1744
Step=  315, Dmax= 1.4e-02 nm, Epot= -5.22905e+05 Fmax= 1.24555e+04, atom= 1744
Step=  316, Dmax= 1.7e-02 nm, Epot= -5.22937e+05 Fmax= 1.35870e+04, atom= 1744
Step=  317, Dmax= 2.0e-02 nm, Epot= -5.22923e+05 Fmax= 1.74697e+04, atom= 1744
Step=  318, Dmax= 1.0e-02 nm, Epot= -5.23056e+05 Fmax= 1.97105e+03, atom= 1744
Step=  319, Dmax= 1.2e-02 nm, Epot= -5.23119e+05 Fmax= 1.69511e+04, atom= 1744
Step=  320, Dmax= 1.5e-02 nm, Epot= -5.23281e+05 Fmax= 5.48624e+03, atom= 1744
Step=  321, Dmax= 1.8e-02 nm, Epot= -5.23161e+05 Fmax= 2.15935e+04, atom= 1744
Step=  322, Dmax= 8.8e-03 nm, Epot= -5.23316e+05 Fmax= 8.05519e+03, atom= 1744
Step=  323, Dmax= 1.1e-02 nm, Epot= -5.23359e+05 Fmax= 8.06972e+03, atom= 1744
Step=  324, Dmax= 1.3e-02 nm, Epot= -5.23378e+05 Fmax= 1.13963e+04, atom= 1744
Step=  325, Dmax= 1.5e-02 nm, Epot= -5.23416e+05 Fmax= 1.18165e+04, atom= 1744
Step=  326, Dmax= 1.8e-02 nm, Epot= -5.23405e+05 Fmax= 1.61609e+04, atom= 1744
Step=  327, Dmax= 9.1e-03 nm, Epot= -5.23513e+05 Fmax= 2.17524e+03, atom= 1744
Step=  328, Dmax= 1.1e-02 nm, Epot= -5.23572e+05 Fmax= 1.44799e+04, atom= 1744
Step=  329, Dmax= 1.3e-02 nm, Epot= -5.23693e+05 Fmax= 5.70848e+03, atom= 1744
Step=  330, Dmax= 1.6e-02 nm, Epot= -5.23625e+05 Fmax= 1.83250e+04, atom= 1744
Step=  331, Dmax= 7.9e-03 nm, Epot= -5.23734e+05 Fmax= 6.31933e+03, atom= 1744
Step=  332, Dmax= 9.4e-03 nm, Epot= -5.23769e+05 Fmax= 8.22506e+03, atom= 1744
Step=  333, Dmax= 1.1e-02 nm, Epot= -5.23805e+05 Fmax= 9.10425e+03, atom= 1744
Step=  334, Dmax= 1.4e-02 nm, Epot= -5.23824e+05 Fmax= 1.18111e+04, atom= 1744
Step=  335, Dmax= 1.6e-02 nm, Epot= -5.23851e+05 Fmax= 1.31330e+04, atom= 1744
Step=  336, Dmax= 2.0e-02 nm, Epot= -5.23841e+05 Fmax= 1.69267e+04, atom= 1744
Step=  337, Dmax= 9.8e-03 nm, Epot= -5.23963e+05 Fmax= 1.90424e+03, atom= 1744
Step=  338, Dmax= 1.2e-02 nm, Epot= -5.24030e+05 Fmax= 1.59858e+04, atom= 1744
Step=  339, Dmax= 1.4e-02 nm, Epot= -5.24174e+05 Fmax= 5.73026e+03, atom= 1744
Step=  340, Dmax= 1.7e-02 nm, Epot= -5.24075e+05 Fmax= 2.00918e+04, atom= 1744
Step=  341, Dmax= 8.4e-03 nm, Epot= -5.24211e+05 Fmax= 7.19665e+03, atom= 1744
Step=  342, Dmax= 1.0e-02 nm, Epot= -5.24246e+05 Fmax= 8.43579e+03, atom= 1744
Step=  343, Dmax= 1.2e-02 nm, Epot= -5.24274e+05 Fmax= 1.01899e+04, atom= 1744
Step=  344, Dmax= 1.5e-02 nm, Epot= -5.24295e+05 Fmax= 1.22865e+04, atom= 1744
Step=  345, Dmax= 1.8e-02 nm, Epot= -5.24308e+05 Fmax= 1.45190e+04, atom= 1744
Step=  346, Dmax= 2.1e-02 nm, Epot= -5.24300e+05 Fmax= 1.77781e+04, atom= 1744
Step=  347, Dmax= 1.1e-02 nm, Epot= -5.24438e+05 Fmax= 1.64206e+03, atom= 1744
Step=  348, Dmax= 1.3e-02 nm, Epot= -5.24521e+05 Fmax= 1.75725e+04, atom= 1744
Step=  349, Dmax= 1.5e-02 nm, Epot= -5.24689e+05 Fmax= 5.79653e+03, atom= 1744
Step=  350, Dmax= 1.8e-02 nm, Epot= -5.24554e+05 Fmax= 2.19391e+04, atom= 1744
Step=  351, Dmax= 9.1e-03 nm, Epot= -5.24720e+05 Fmax= 8.09613e+03, atom= 1744
Step=  352, Dmax= 1.1e-02 nm, Epot= -5.24757e+05 Fmax= 8.70838e+03, atom= 1744
Step=  353, Dmax= 1.3e-02 nm, Epot= -5.24776e+05 Fmax= 1.13105e+04, atom= 1744
Step=  354, Dmax= 1.6e-02 nm, Epot= -5.24799e+05 Fmax= 1.28453e+04, atom= 1744
Step=  355, Dmax= 1.9e-02 nm, Epot= -5.24797e+05 Fmax= 1.59599e+04, atom= 1744
Step=  356, Dmax= 9.4e-03 nm, Epot= -5.24905e+05 Fmax= 1.58247e+03, atom= 1744
Step=  357, Dmax= 1.1e-02 nm, Epot= -5.24993e+05 Fmax= 1.60210e+04, atom= 1744
Step=  358, Dmax= 1.4e-02 nm, Epot= -5.25136e+05 Fmax= 4.79009e+03, atom= 1744
Step=  359, Dmax= 1.6e-02 nm, Epot= -5.25038e+05 Fmax= 2.03476e+04, atom= 1744
Step=  360, Dmax= 8.1e-03 nm, Epot= -5.25168e+05 Fmax= 7.78286e+03, atom= 1744
Step=  361, Dmax= 9.8e-03 nm, Epot= -5.25210e+05 Fmax= 7.16849e+03, atom= 1744
Step=  362, Dmax= 1.2e-02 nm, Epot= -5.25224e+05 Fmax= 1.08953e+04, atom= 1744
Step=  363, Dmax= 1.4e-02 nm, Epot= -5.25265e+05 Fmax= 1.06314e+04, atom= 1744
Step=  364, Dmax= 1.7e-02 nm, Epot= -5.25250e+05 Fmax= 1.53283e+04, atom= 1744
Step=  365, Dmax= 8.4e-03 nm, Epot= -5.25343e+05 Fmax= 2.34947e+03, atom= 1744
Step=  366, Dmax= 1.0e-02 nm, Epot= -5.25386e+05 Fmax= 1.30830e+04, atom= 1744
Step=  367, Dmax= 1.2e-02 nm, Epot= -5.25485e+05 Fmax= 5.63400e+03, atom= 1744
Step=  368, Dmax= 1.5e-02 nm, Epot= -5.25434e+05 Fmax= 1.66499e+04, atom= 1744
Step=  369, Dmax= 7.3e-03 nm, Epot= -5.25523e+05 Fmax= 5.51648e+03, atom= 1744
Step=  370, Dmax= 8.7e-03 nm, Epot= -5.25552e+05 Fmax= 7.97958e+03, atom= 1744
Step=  371, Dmax= 1.0e-02 nm, Epot= -5.25590e+05 Fmax= 8.08772e+03, atom= 1744
Step=  372, Dmax= 1.3e-02 nm, Epot= -5.25604e+05 Fmax= 1.13177e+04, atom= 1744
Step=  373, Dmax= 1.5e-02 nm, Epot= -5.25635e+05 Fmax= 1.18145e+04, atom= 1744
Step=  374, Dmax= 1.8e-02 nm, Epot= -5.25620e+05 Fmax= 1.60766e+04, atom= 1744
Step=  375, Dmax= 9.1e-03 nm, Epot= -5.25727e+05 Fmax= 2.13477e+03, atom= 1744
Step=  376, Dmax= 1.1e-02 nm, Epot= -5.25770e+05 Fmax= 1.44445e+04, atom= 1744
Step=  377, Dmax= 1.3e-02 nm, Epot= -5.25886e+05 Fmax= 5.68158e+03, atom= 1744
Step=  378, Dmax= 1.6e-02 nm, Epot= -5.25810e+05 Fmax= 1.82650e+04, atom= 1744
Step=  379, Dmax= 7.8e-03 nm, Epot= -5.25922e+05 Fmax= 6.30273e+03, atom= 1744
Step=  380, Dmax= 9.4e-03 nm, Epot= -5.25950e+05 Fmax= 8.19992e+03, atom= 1744
Step=  381, Dmax= 1.1e-02 nm, Epot= -5.25981e+05 Fmax= 9.06921e+03, atom= 1744
Step=  382, Dmax= 1.4e-02 nm, Epot= -5.25995e+05 Fmax= 1.17832e+04, atom= 1744
Step=  383, Dmax= 1.6e-02 nm, Epot= -5.26017e+05 Fmax= 1.30766e+04, atom= 1744
Step=  384, Dmax= 1.9e-02 nm, Epot= -5.26002e+05 Fmax= 1.68905e+04, atom= 1744
Step=  385, Dmax= 9.7e-03 nm, Epot= -5.26124e+05 Fmax= 1.91386e+03, atom= 1744
Step=  386, Dmax= 1.2e-02 nm, Epot= -5.26169e+05 Fmax= 1.58989e+04, atom= 1744
Step=  387, Dmax= 1.4e-02 nm, Epot= -5.26306e+05 Fmax= 5.74741e+03, atom= 1744
Step=  388, Dmax= 1.7e-02 nm, Epot= -5.26200e+05 Fmax= 1.99834e+04, atom= 1744
Step=  389, Dmax= 8.4e-03 nm, Epot= -5.26337e+05 Fmax= 7.13356e+03, atom= 1744
Step=  390, Dmax= 1.0e-02 nm, Epot= -5.26366e+05 Fmax= 8.45224e+03, atom= 1744
Step=  391, Dmax= 1.2e-02 nm, Epot= -5.26390e+05 Fmax= 1.01096e+04, atom= 1744
Step=  392, Dmax= 1.5e-02 nm, Epot= -5.26405e+05 Fmax= 1.22985e+04, atom= 1744
Step=  393, Dmax= 1.7e-02 nm, Epot= -5.26414e+05 Fmax= 1.44173e+04, atom= 1744
Step=  394, Dmax= 2.1e-02 nm, Epot= -5.26400e+05 Fmax= 1.77799e+04, atom= 1744
Step=  395, Dmax= 1.0e-02 nm, Epot= -5.26539e+05 Fmax= 1.69311e+03, atom= 1744
Step=  396, Dmax= 1.3e-02 nm, Epot= -5.26590e+05 Fmax= 1.74400e+04, atom= 1744
Step=  397, Dmax= 1.5e-02 nm, Epot= -5.26751e+05 Fmax= 5.84987e+03, atom= 1744
Step=  398, Dmax= 1.8e-02 nm, Epot= -5.26610e+05 Fmax= 2.17917e+04, atom= 1744
Step=  399, Dmax= 9.0e-03 nm, Epot= -5.26777e+05 Fmax= 7.99464e+03, atom= 1744
Step=  400, Dmax= 1.1e-02 nm, Epot= -5.26807e+05 Fmax= 8.75876e+03, atom= 1744
Step=  401, Dmax= 1.3e-02 nm, Epot= -5.26822e+05 Fmax= 1.11918e+04, atom= 1744
Step=  402, Dmax= 1.6e-02 nm, Epot= -5.26840e+05 Fmax= 1.28894e+04, atom= 1744
Step=  403, Dmax= 1.9e-02 nm, Epot= -5.26835e+05 Fmax= 1.58197e+04, atom= 1744
Step=  404, Dmax= 9.4e-03 nm, Epot= -5.26942e+05 Fmax= 1.49047e+03, atom= 1744
Step=  405, Dmax= 1.1e-02 nm, Epot= -5.27016e+05 Fmax= 1.60935e+04, atom= 1744
Step=  406, Dmax= 1.4e-02 nm, Epot= -5.27156e+05 Fmax= 4.65290e+03, atom= 1744
Step=  407, Dmax= 1.6e-02 nm, Epot= -5.27049e+05 Fmax= 2.04182e+04, atom= 1744
Step=  408, Dmax= 8.1e-03 nm, Epot= -5.27182e+05 Fmax= 7.88839e+03, atom= 1744
Step=  409, Dmax= 9.7e-03 nm, Epot= -5.27221e+05 Fmax= 7.01281e+03, atom= 1744
Step=  410, Dmax= 1.2e-02 nm, Epot= -5.27228e+05 Fmax= 1.09994e+04, atom= 1744
Step=  411, Dmax= 1.4e-02 nm, Epot= -5.27267e+05 Fmax= 1.04555e+04, atom= 1744
Step=  412, Dmax= 1.7e-02 nm, Epot= -5.27245e+05 Fmax= 1.54267e+04, atom= 1744
Step=  413, Dmax= 8.4e-03 nm, Epot= -5.27341e+05 Fmax= 2.48633e+03, atom= 1744
Step=  414, Dmax= 1.0e-02 nm, Epot= -5.27365e+05 Fmax= 1.28886e+04, atom= 1744
Step=  415, Dmax= 1.2e-02 nm, Epot= -5.27457e+05 Fmax= 5.76812e+03, atom= 1744
Step=  416, Dmax= 1.5e-02 nm, Epot= -5.27402e+05 Fmax= 1.64386e+04, atom= 1744
Step=  417, Dmax= 7.3e-03 nm, Epot= -5.27492e+05 Fmax= 5.34357e+03, atom= 1744
Step=  418, Dmax= 8.7e-03 nm, Epot= -5.27516e+05 Fmax= 8.11525e+03, atom= 1744
Step=  419, Dmax= 1.0e-02 nm, Epot= -5.27550e+05 Fmax= 7.89740e+03, atom= 1744
Step=  420, Dmax= 1.3e-02 nm, Epot= -5.27557e+05 Fmax= 1.14515e+04, atom= 1744
Step=  421, Dmax= 1.5e-02 nm, Epot= -5.27588e+05 Fmax= 1.16039e+04, atom= 1744
Step=  422, Dmax= 1.8e-02 nm, Epot= -5.27564e+05 Fmax= 1.62031e+04, atom= 1744
Step=  423, Dmax= 9.0e-03 nm, Epot= -5.27674e+05 Fmax= 2.30247e+03, atom= 1744
Step=  424, Dmax= 1.1e-02 nm, Epot= -5.27694e+05 Fmax= 1.42159e+04, atom= 1744
Step=  425, Dmax= 1.3e-02 nm, Epot= -5.27803e+05 Fmax= 5.84330e+03, atom= 1744
Step=  426, Dmax= 1.6e-02 nm, Epot= -5.27723e+05 Fmax= 1.80216e+04, atom= 1744
Step=  427, Dmax= 7.8e-03 nm, Epot= -5.27835e+05 Fmax= 6.09973e+03, atom= 1744
Step=  428, Dmax= 9.4e-03 nm, Epot= -5.27858e+05 Fmax= 8.36144e+03, atom= 1744
Step=  429, Dmax= 1.1e-02 nm, Epot= -5.27887e+05 Fmax= 8.84932e+03, atom= 1744
Step=  430, Dmax= 1.3e-02 nm, Epot= -5.27894e+05 Fmax= 1.19413e+04, atom= 1744
Step=  431, Dmax= 1.6e-02 nm, Epot= -5.27916e+05 Fmax= 1.28358e+04, atom= 1744
Step=  432, Dmax= 1.9e-02 nm, Epot= -5.27891e+05 Fmax= 1.70406e+04, atom= 1744
Step=  433, Dmax= 9.7e-03 nm, Epot= -5.28016e+05 Fmax= 2.10818e+03, atom= 1744
Step=  434, Dmax= 1.2e-02 nm, Epot= -5.28033e+05 Fmax= 1.56410e+04, atom= 1744
Step=  435, Dmax= 1.4e-02 nm, Epot= -5.28162e+05 Fmax= 5.92973e+03, atom= 1744
Step=  436, Dmax= 1.7e-02 nm, Epot= -5.28052e+05 Fmax= 1.97166e+04, atom= 1744
Step=  437, Dmax= 8.4e-03 nm, Epot= -5.28190e+05 Fmax= 6.90728e+03, atom= 1744
Step=  438, Dmax= 1.0e-02 nm, Epot= -5.28213e+05 Fmax= 8.63245e+03, atom= 1744
Step=  439, Dmax= 1.2e-02 nm, Epot= -5.28235e+05 Fmax= 9.86671e+03, atom= 1744
Step=  440, Dmax= 1.4e-02 nm, Epot= -5.28243e+05 Fmax= 1.24742e+04, atom= 1744
Step=  441, Dmax= 1.7e-02 nm, Epot= -5.28254e+05 Fmax= 1.41528e+04, atom= 1744
Step=  442, Dmax= 2.1e-02 nm, Epot= -5.28229e+05 Fmax= 1.79457e+04, atom= 1744
Step=  443, Dmax= 1.0e-02 nm, Epot= -5.28372e+05 Fmax= 1.90656e+03, atom= 1744
Step=  444, Dmax= 1.3e-02 nm, Epot= -5.28386e+05 Fmax= 1.71629e+04, atom= 1744
Step=  445, Dmax= 1.5e-02 nm, Epot= -5.28538e+05 Fmax= 6.04022e+03, atom= 1744
Step=  446, Dmax= 1.8e-02 nm, Epot= -5.28394e+05 Fmax= 2.15155e+04, atom= 1744
Step=  447, Dmax= 9.0e-03 nm, Epot= -5.28561e+05 Fmax= 7.75796e+03, atom= 1744
Step=  448, Dmax= 1.1e-02 nm, Epot= -5.28586e+05 Fmax= 8.94365e+03, atom= 1744
Step=  449, Dmax= 1.3e-02 nm, Epot= -5.28600e+05 Fmax= 1.09396e+04, atom= 1744
Step=  450, Dmax= 1.6e-02 nm, Epot= -5.28609e+05 Fmax= 1.30682e+04, atom= 1744
Step=  451, Dmax= 1.9e-02 nm, Epot= -5.28607e+05 Fmax= 1.55459e+04, atom= 1744
Step=  452, Dmax= 9.4e-03 nm, Epot= -5.28711e+05 Fmax= 1.26565e+03, atom= 1744
Step=  453, Dmax= 1.1e-02 nm, Epot= -5.28792e+05 Fmax= 1.63315e+04, atom= 1744
Step=  454, Dmax= 1.3e-02 nm, Epot= -5.28934e+05 Fmax= 4.35944e+03, atom= 1744
Step=  455, Dmax= 1.6e-02 nm, Epot= -5.28818e+05 Fmax= 2.06512e+04, atom= 1744
Step=  456, Dmax= 8.1e-03 nm, Epot= -5.28955e+05 Fmax= 8.15746e+03, atom= 1744
Step=  457, Dmax= 9.7e-03 nm, Epot= -5.28993e+05 Fmax= 6.69638e+03, atom= 1744
Step=  458, Dmax= 1.2e-02 nm, Epot= -5.28993e+05 Fmax= 1.12691e+04, atom= 1744
Step=  459, Dmax= 1.4e-02 nm, Epot= -5.29034e+05 Fmax= 1.01168e+04, atom= 1744
Step=  460, Dmax= 1.7e-02 nm, Epot= -5.29001e+05 Fmax= 1.56919e+04, atom= 1744
Step=  461, Dmax= 8.4e-03 nm, Epot= -5.29102e+05 Fmax= 2.78752e+03, atom= 1744
Step=  462, Dmax= 1.0e-02 nm, Epot= -5.29110e+05 Fmax= 1.25367e+04, atom= 1744
Step=  463, Dmax= 1.2e-02 nm, Epot= -5.29194e+05 Fmax= 6.06012e+03, atom= 1744
Step=  464, Dmax= 1.4e-02 nm, Epot= -5.29137e+05 Fmax= 1.60727e+04, atom= 1744
Step=  465, Dmax= 7.2e-03 nm, Epot= -5.29227e+05 Fmax= 5.01463e+03, atom= 1744
Step=  466, Dmax= 8.7e-03 nm, Epot= -5.29245e+05 Fmax= 8.40946e+03, atom= 1744
Step=  467, Dmax= 1.0e-02 nm, Epot= -5.29280e+05 Fmax= 7.55039e+03, atom= 1744
Step=  468, Dmax= 1.3e-02 nm, Epot= -5.29278e+05 Fmax= 1.17447e+04, atom= 1744
Step=  469, Dmax= 6.3e-03 nm, Epot= -5.29326e+05 Fmax= 2.09611e+03, atom= 1744
Step=  470, Dmax= 7.5e-03 nm, Epot= -5.29367e+05 Fmax= 9.30328e+03, atom= 1744
Step=  471, Dmax= 9.0e-03 nm, Epot= -5.29423e+05 Fmax= 4.59274e+03, atom= 1744
Step=  472, Dmax= 1.1e-02 nm, Epot= -5.29415e+05 Fmax= 1.19141e+04, atom= 1744
Step=  473, Dmax= 5.4e-03 nm, Epot= -5.29453e+05 Fmax= 3.66479e+03, atom= 1744
Step=  474, Dmax= 6.5e-03 nm, Epot= -5.29480e+05 Fmax= 6.38149e+03, atom= 1744
Step=  475, Dmax= 7.8e-03 nm, Epot= -5.29513e+05 Fmax= 5.52565e+03, atom= 1744
Step=  476, Dmax= 9.3e-03 nm, Epot= -5.29528e+05 Fmax= 8.90568e+03, atom= 1744
Step=  477, Dmax= 1.1e-02 nm, Epot= -5.29561e+05 Fmax= 8.25164e+03, atom= 1744
Step=  478, Dmax= 1.3e-02 nm, Epot= -5.29555e+05 Fmax= 1.24856e+04, atom= 1744
Step=  479, Dmax= 6.7e-03 nm, Epot= -5.29612e+05 Fmax= 2.11623e+03, atom= 1744
Step=  480, Dmax= 8.1e-03 nm, Epot= -5.29649e+05 Fmax= 1.01371e+04, atom= 1744
Step=  481, Dmax= 9.7e-03 nm, Epot= -5.29711e+05 Fmax= 4.79906e+03, atom= 1744
Step=  482, Dmax= 1.2e-02 nm, Epot= -5.29692e+05 Fmax= 1.29463e+04, atom= 1744
Step=  483, Dmax= 5.8e-03 nm, Epot= -5.29741e+05 Fmax= 4.07861e+03, atom= 1744
Step=  484, Dmax= 7.0e-03 nm, Epot= -5.29766e+05 Fmax= 6.71412e+03, atom= 1744
Step=  485, Dmax= 8.4e-03 nm, Epot= -5.29798e+05 Fmax= 6.08635e+03, atom= 1744
Step=  486, Dmax= 1.0e-02 nm, Epot= -5.29809e+05 Fmax= 9.42019e+03, atom= 1744
Step=  487, Dmax= 1.2e-02 nm, Epot= -5.29841e+05 Fmax= 9.02258e+03, atom= 1744
Step=  488, Dmax= 1.4e-02 nm, Epot= -5.29830e+05 Fmax= 1.32604e+04, atom= 1744
Step=  489, Dmax= 7.2e-03 nm, Epot= -5.29898e+05 Fmax= 2.11850e+03, atom= 1744
Step=  490, Dmax= 8.7e-03 nm, Epot= -5.29930e+05 Fmax= 1.10538e+04, atom= 1744
Step=  491, Dmax= 1.0e-02 nm, Epot= -5.30000e+05 Fmax= 5.00022e+03, atom= 1744
Step=  492, Dmax= 1.2e-02 nm, Epot= -5.29967e+05 Fmax= 1.40764e+04, atom= 1744
Step=  493, Dmax= 6.2e-03 nm, Epot= -5.30030e+05 Fmax= 4.54384e+03, atom= 1744
Step=  494, Dmax= 7.5e-03 nm, Epot= -5.30052e+05 Fmax= 7.05070e+03, atom= 1744
Step=  495, Dmax= 9.0e-03 nm, Epot= -5.30082e+05 Fmax= 6.71044e+03, atom= 1744
Step=  496, Dmax= 1.1e-02 nm, Epot= -5.30090e+05 Fmax= 9.95055e+03, atom= 1744
Step=  497, Dmax= 1.3e-02 nm, Epot= -5.30119e+05 Fmax= 9.87338e+03, atom= 1744
Step=  498, Dmax= 1.6e-02 nm, Epot= -5.30104e+05 Fmax= 1.40698e+04, atom= 1744
Step=  499, Dmax= 7.8e-03 nm, Epot= -5.30184e+05 Fmax= 2.09833e+03, atom= 1744
Step=  500, Dmax= 9.3e-03 nm, Epot= -5.30210e+05 Fmax= 1.20619e+04, atom= 1744
Step=  501, Dmax= 1.1e-02 nm, Epot= -5.30290e+05 Fmax= 5.19466e+03, atom= 1744
Step=  502, Dmax= 1.3e-02 nm, Epot= -5.30241e+05 Fmax= 1.53122e+04, atom= 1744
Step=  503, Dmax= 6.7e-03 nm, Epot= -5.30318e+05 Fmax= 5.06575e+03, atom= 1744
Step=  504, Dmax= 8.1e-03 nm, Epot= -5.30339e+05 Fmax= 7.39027e+03, atom= 1744
Step=  505, Dmax= 9.7e-03 nm, Epot= -5.30366e+05 Fmax= 7.40283e+03, atom= 1744
Step=  506, Dmax= 1.2e-02 nm, Epot= -5.30373e+05 Fmax= 1.04991e+04, atom= 1744
Step=  507, Dmax= 1.4e-02 nm, Epot= -5.30398e+05 Fmax= 1.08090e+04, atom= 1744
Step=  508, Dmax= 1.7e-02 nm, Epot= -5.30378e+05 Fmax= 1.49169e+04, atom= 1744
Step=  509, Dmax= 8.3e-03 nm, Epot= -5.30471e+05 Fmax= 2.05548e+03, atom= 1744
Step=  510, Dmax= 1.0e-02 nm, Epot= -5.30491e+05 Fmax= 1.31666e+04, atom= 1744
Step=  511, Dmax= 1.2e-02 nm, Epot= -5.30583e+05 Fmax= 5.38363e+03, atom= 1744
Step=  512, Dmax= 1.4e-02 nm, Epot= -5.30515e+05 Fmax= 1.66599e+04, atom= 1744
Step=  513, Dmax= 7.2e-03 nm, Epot= -5.30610e+05 Fmax= 5.64660e+03, atom= 1744
Step=  514, Dmax= 8.7e-03 nm, Epot= -5.30629e+05 Fmax= 7.73593e+03, atom= 1744
Step=  515, Dmax= 1.0e-02 nm, Epot= -5.30654e+05 Fmax= 8.16658e+03, atom= 1744
Step=  516, Dmax= 1.2e-02 nm, Epot= -5.30659e+05 Fmax= 1.10688e+04, atom= 1744
Step=  517, Dmax= 1.5e-02 nm, Epot= -5.30678e+05 Fmax= 1.18334e+04, atom= 1744
Step=  518, Dmax= 1.8e-02 nm, Epot= -5.30656e+05 Fmax= 1.58074e+04, atom= 1744
Step=  519, Dmax= 9.0e-03 nm, Epot= -5.30763e+05 Fmax= 1.99026e+03, atom= 1744
Step=  520, Dmax= 1.1e-02 nm, Epot= -5.30775e+05 Fmax= 1.43717e+04, atom= 1744
Step=  521, Dmax= 1.3e-02 nm, Epot= -5.30883e+05 Fmax= 5.57186e+03, atom= 1744
Step=  522, Dmax= 1.6e-02 nm, Epot= -5.30790e+05 Fmax= 1.81220e+04, atom= 1744
Step=  523, Dmax= 7.8e-03 nm, Epot= -5.30907e+05 Fmax= 6.28620e+03, atom= 1744
Step=  524, Dmax= 9.3e-03 nm, Epot= -5.30925e+05 Fmax= 8.09297e+03, atom= 1744
Step=  525, Dmax= 1.1e-02 nm, Epot= -5.30946e+05 Fmax= 9.00153e+03, atom= 1744
Step=  526, Dmax= 1.3e-02 nm, Epot= -5.30950e+05 Fmax= 1.16673e+04, atom= 1744
Step=  527, Dmax= 1.6e-02 nm, Epot= -5.30961e+05 Fmax= 1.29477e+04, atom= 1744
Step=  528, Dmax= 1.9e-02 nm, Epot= -5.30936e+05 Fmax= 1.67496e+04, atom= 1744
Step=  529, Dmax= 9.6e-03 nm, Epot= -5.31060e+05 Fmax= 1.90690e+03, atom= 1744
Step=  530, Dmax= 1.2e-02 nm, Epot= -5.31063e+05 Fmax= 1.56796e+04, atom= 1744
Step=  531, Dmax= 1.4e-02 nm, Epot= -5.31189e+05 Fmax= 5.76490e+03, atom= 1744
Step=  532, Dmax= 1.7e-02 nm, Epot= -5.31069e+05 Fmax= 1.97006e+04, atom= 1744
Step=  533, Dmax= 8.3e-03 nm, Epot= -5.31211e+05 Fmax= 6.98271e+03, atom= 1744
Step=  534, Dmax= 1.0e-02 nm, Epot= -5.31229e+05 Fmax= 8.46883e+03, atom= 1744
Step=  535, Dmax= 1.2e-02 nm, Epot= -5.31244e+05 Fmax= 9.90662e+03, atom= 1744
Step=  536, Dmax= 1.4e-02 nm, Epot= -5.31247e+05 Fmax= 1.23026e+04, atom= 1744
Step=  537, Dmax= 1.7e-02 nm, Epot= -5.31251e+05 Fmax= 1.41519e+04, atom= 1744
Step=  538, Dmax= 2.1e-02 nm, Epot= -5.31223e+05 Fmax= 1.77543e+04, atom= 1744
Step=  539, Dmax= 1.0e-02 nm, Epot= -5.31365e+05 Fmax= 1.81084e+03, atom= 1744
Step=  540, Dmax= 1.2e-02 nm, Epot= -5.31359e+05 Fmax= 1.70896e+04, atom= 1744
Step=  541, Dmax= 6.2e-03 nm, Epot= -5.31407e+05 Fmax= 7.61787e+03, atom= 1744
Step=  542, Dmax= 7.5e-03 nm, Epot= -5.31449e+05 Fmax= 3.91643e+03, atom= 1744
Step=  543, Dmax= 9.0e-03 nm, Epot= -5.31454e+05 Fmax= 9.75618e+03, atom= 1744
Step=  544, Dmax= 1.1e-02 nm, Epot= -5.31501e+05 Fmax= 6.83352e+03, atom= 1744
Step=  545, Dmax= 1.3e-02 nm, Epot= -5.31478e+05 Fmax= 1.29035e+04, atom= 1744
Step=  546, Dmax= 6.5e-03 nm, Epot= -5.31539e+05 Fmax= 3.04155e+03, atom= 1744
Step=  547, Dmax= 7.7e-03 nm, Epot= -5.31554e+05 Fmax= 8.98053e+03, atom= 1744
Step=  548, Dmax= 9.3e-03 nm, Epot= -5.31601e+05 Fmax= 5.25266e+03, atom= 1744
Step=  549, Dmax= 1.1e-02 nm, Epot= -5.31586e+05 Fmax= 1.19921e+04, atom= 1744
Step=  550, Dmax= 5.6e-03 nm, Epot= -5.31631e+05 Fmax= 3.36734e+03, atom= 1744
Step=  551, Dmax= 6.7e-03 nm, Epot= -5.31653e+05 Fmax= 6.82996e+03, atom= 1744
Step=  552, Dmax= 8.0e-03 nm, Epot= -5.31684e+05 Fmax= 5.57220e+03, atom= 1744
Step=  553, Dmax= 9.6e-03 nm, Epot= -5.31691e+05 Fmax= 9.15515e+03, atom= 1744
Step=  554, Dmax= 1.2e-02 nm, Epot= -5.31722e+05 Fmax= 8.68005e+03, atom= 1744
Step=  555, Dmax= 1.4e-02 nm, Epot= -5.31711e+05 Fmax= 1.25491e+04, atom= 1744
Step=  556, Dmax= 6.9e-03 nm, Epot= -5.31773e+05 Fmax= 1.94443e+03, atom= 1744
Step=  557, Dmax= 8.3e-03 nm, Epot= -5.31799e+05 Fmax= 1.10506e+04, atom= 1744
Step=  558, Dmax= 1.0e-02 nm, Epot= -5.31868e+05 Fmax= 4.26249e+03, atom= 1744
Step=  559, Dmax= 1.2e-02 nm, Epot= -5.31830e+05 Fmax= 1.43064e+04, atom= 1744
Step=  560, Dmax= 6.0e-03 nm, Epot= -5.31892e+05 Fmax= 5.01939e+03, atom= 1744
Step=  561, Dmax= 7.2e-03 nm, Epot= -5.31914e+05 Fmax= 5.97135e+03, atom= 1744
Step=  562, Dmax= 8.6e-03 nm, Epot= -5.31934e+05 Fmax= 7.36969e+03, atom= 1744
Step=  563, Dmax= 1.0e-02 nm, Epot= -5.31952e+05 Fmax= 8.47953e+03, atom= 1744
Step=  564, Dmax= 1.2e-02 nm, Epot= -5.31960e+05 Fmax= 1.06955e+04, atom= 1744
Step=  565, Dmax= 1.5e-02 nm, Epot= -5.31970e+05 Fmax= 1.21331e+04, atom= 1744
Step=  566, Dmax= 1.8e-02 nm, Epot= -5.31953e+05 Fmax= 1.54215e+04, atom= 1744
Step=  567, Dmax= 8.9e-03 nm, Epot= -5.32057e+05 Fmax= 1.64818e+03, atom= 1744
Step=  568, Dmax= 1.1e-02 nm, Epot= -5.32077e+05 Fmax= 1.46182e+04, atom= 1744
Step=  569, Dmax= 1.3e-02 nm, Epot= -5.32188e+05 Fmax= 5.27365e+03, atom= 1744
Step=  570, Dmax= 1.5e-02 nm, Epot= -5.32089e+05 Fmax= 1.83321e+04, atom= 1744
Step=  571, Dmax= 7.7e-03 nm, Epot= -5.32208e+05 Fmax= 6.54244e+03, atom= 1744
Step=  572, Dmax= 9.3e-03 nm, Epot= -5.32227e+05 Fmax= 7.79416e+03, atom= 1744
Step=  573, Dmax= 1.1e-02 nm, Epot= -5.32241e+05 Fmax= 9.24395e+03, atom= 1744
Step=  574, Dmax= 1.3e-02 nm, Epot= -5.32248e+05 Fmax= 1.13616e+04, atom= 1744
Step=  575, Dmax= 1.6e-02 nm, Epot= -5.32251e+05 Fmax= 1.31749e+04, atom= 1744
Step=  576, Dmax= 1.9e-02 nm, Epot= -5.32231e+05 Fmax= 1.64312e+04, atom= 1744
Step=  577, Dmax= 9.6e-03 nm, Epot= -5.32352e+05 Fmax= 1.63506e+03, atom= 1744
Step=  578, Dmax= 1.2e-02 nm, Epot= -5.32361e+05 Fmax= 1.58538e+04, atom= 1744
Step=  579, Dmax= 1.4e-02 nm, Epot= -5.32488e+05 Fmax= 5.53459e+03, atom= 1744
Step=  580, Dmax= 1.7e-02 nm, Epot= -5.32362e+05 Fmax= 1.98393e+04, atom= 1744
Step=  581, Dmax= 8.3e-03 nm, Epot= -5.32506e+05 Fmax= 7.16979e+03, atom= 1744
Step=  582, Dmax= 1.0e-02 nm, Epot= -5.32524e+05 Fmax= 8.23620e+03, atom= 1744
Step=  583, Dmax= 1.2e-02 nm, Epot= -5.32534e+05 Fmax= 1.00802e+04, atom= 1744
Step=  584, Dmax= 1.4e-02 nm, Epot= -5.32539e+05 Fmax= 1.20614e+04, atom= 1744
Step=  585, Dmax= 1.7e-02 nm, Epot= -5.32535e+05 Fmax= 1.43098e+04, atom= 1744
Step=  586, Dmax= 8.6e-03 nm, Epot= -5.32625e+05 Fmax= 1.14591e+03, atom= 1744
Step=  587, Dmax= 1.0e-02 nm, Epot= -5.32680e+05 Fmax= 1.51647e+04, atom= 1744
Step=  588, Dmax= 1.2e-02 nm, Epot= -5.32802e+05 Fmax= 3.89842e+03, atom= 1744
Step=  589, Dmax= 1.5e-02 nm, Epot= -5.32696e+05 Fmax= 1.91843e+04, atom= 1744
Step=  590, Dmax= 7.4e-03 nm, Epot= -5.32815e+05 Fmax= 7.65227e+03, atom= 1744
Step=  591, Dmax= 8.9e-03 nm, Epot= -5.32848e+05 Fmax= 6.03006e+03, atom= 1744
Step=  592, Dmax= 1.1e-02 nm, Epot= -5.32843e+05 Fmax= 1.05423e+04, atom= 1744
Step=  593, Dmax= 5.4e-03 nm, Epot= -5.32880e+05 Fmax= 2.25478e+03, atom= 1744
Step=  594, Dmax= 6.4e-03 nm, Epot= -5.32906e+05 Fmax= 7.51274e+03, atom= 1744
Step=  595, Dmax= 7.7e-03 nm, Epot= -5.32944e+05 Fmax= 4.41005e+03, atom= 1744
Step=  596, Dmax= 9.3e-03 nm, Epot= -5.32945e+05 Fmax= 9.73481e+03, atom= 1744
Step=  597, Dmax= 1.1e-02 nm, Epot= -5.32986e+05 Fmax= 7.41261e+03, atom= 1744
Step=  598, Dmax= 1.3e-02 nm, Epot= -5.32961e+05 Fmax= 1.29937e+04, atom= 1744
Step=  599, Dmax= 6.7e-03 nm, Epot= -5.33026e+05 Fmax= 2.79833e+03, atom= 1744
Step=  600, Dmax= 8.0e-03 nm, Epot= -5.33036e+05 Fmax= 9.63791e+03, atom= 1744
Step=  601, Dmax= 9.6e-03 nm, Epot= -5.33087e+05 Fmax= 5.07758e+03, atom= 1744
Step=  602, Dmax= 1.2e-02 nm, Epot= -5.33060e+05 Fmax= 1.27504e+04, atom= 1744
Step=  603, Dmax= 5.8e-03 nm, Epot= -5.33114e+05 Fmax= 3.83390e+03, atom= 1744
Step=  604, Dmax= 6.9e-03 nm, Epot= -5.33131e+05 Fmax= 6.71689e+03, atom= 1744
Step=  605, Dmax= 8.3e-03 nm, Epot= -5.33157e+05 Fmax= 6.10228e+03, atom= 1744
Step=  606, Dmax= 1.0e-02 nm, Epot= -5.33163e+05 Fmax= 9.12697e+03, atom= 1744
Step=  607, Dmax= 1.2e-02 nm, Epot= -5.33186e+05 Fmax= 9.30542e+03, atom= 1744
Step=  608, Dmax= 1.4e-02 nm, Epot= -5.33177e+05 Fmax= 1.26404e+04, atom= 1744
Step=  609, Dmax= 7.2e-03 nm, Epot= -5.33241e+05 Fmax= 1.67877e+03, atom= 1744
Step=  610, Dmax= 8.6e-03 nm, Epot= -5.33267e+05 Fmax= 1.17825e+04, atom= 1744
Step=  611, Dmax= 1.0e-02 nm, Epot= -5.33343e+05 Fmax= 4.05143e+03, atom= 1744
Step=  612, Dmax= 1.2e-02 nm, Epot= -5.33292e+05 Fmax= 1.51479e+04, atom= 1744
Step=  613, Dmax= 6.2e-03 nm, Epot= -5.33363e+05 Fmax= 5.54606e+03, atom= 1744
Step=  614, Dmax= 7.4e-03 nm, Epot= -5.33386e+05 Fmax= 5.82174e+03, atom= 1744
Step=  615, Dmax= 8.9e-03 nm, Epot= -5.33399e+05 Fmax= 7.96741e+03, atom= 1744
Step=  616, Dmax= 1.1e-02 nm, Epot= -5.33418e+05 Fmax= 8.42036e+03, atom= 1744
Step=  617, Dmax= 1.3e-02 nm, Epot= -5.33417e+05 Fmax= 1.13963e+04, atom= 1744
Step=  618, Dmax= 6.4e-03 nm, Epot= -5.33467e+05 Fmax= 1.48698e+03, atom= 1744
Step=  619, Dmax= 7.7e-03 nm, Epot= -5.33509e+05 Fmax= 1.01558e+04, atom= 1744
Step=  620, Dmax= 9.2e-03 nm, Epot= -5.33568e+05 Fmax= 4.12134e+03, atom= 1744
Step=  621, Dmax= 1.1e-02 nm, Epot= -5.33542e+05 Fmax= 1.28158e+04, atom= 1744
Step=  622, Dmax= 5.5e-03 nm, Epot= -5.33591e+05 Fmax= 4.35201e+03, atom= 1744
Step=  623, Dmax= 6.7e-03 nm, Epot= -5.33610e+05 Fmax= 5.95984e+03, atom= 1744
Step=  624, Dmax= 8.0e-03 nm, Epot= -5.33631e+05 Fmax= 6.26458e+03, atom= 1744
Step=  625, Dmax= 9.6e-03 nm, Epot= -5.33642e+05 Fmax= 8.55201e+03, atom= 1744
Step=  626, Dmax= 1.2e-02 nm, Epot= -5.33660e+05 Fmax= 9.06679e+03, atom= 1744
Step=  627, Dmax= 1.4e-02 nm, Epot= -5.33654e+05 Fmax= 1.22269e+04, atom= 1744
Step=  628, Dmax= 6.9e-03 nm, Epot= -5.33714e+05 Fmax= 1.57991e+03, atom= 1744
Step=  629, Dmax= 8.3e-03 nm, Epot= -5.33747e+05 Fmax= 1.09527e+04, atom= 1744
Step=  630, Dmax= 9.9e-03 nm, Epot= -5.33814e+05 Fmax= 4.39162e+03, atom= 1744
Step=  631, Dmax= 1.2e-02 nm, Epot= -5.33774e+05 Fmax= 1.38230e+04, atom= 1744
Step=  632, Dmax= 6.0e-03 nm, Epot= -5.33836e+05 Fmax= 4.72132e+03, atom= 1744
Step=  633, Dmax= 7.2e-03 nm, Epot= -5.33853e+05 Fmax= 6.35627e+03, atom= 1744
Step=  634, Dmax= 8.6e-03 nm, Epot= -5.33874e+05 Fmax= 6.78859e+03, atom= 1744
Step=  635, Dmax= 1.0e-02 nm, Epot= -5.33882e+05 Fmax= 9.13087e+03, atom= 1744
Step=  636, Dmax= 1.2e-02 nm, Epot= -5.33898e+05 Fmax= 9.81029e+03, atom= 1744
Step=  637, Dmax= 1.5e-02 nm, Epot= -5.33888e+05 Fmax= 1.30684e+04, atom= 1744
Step=  638, Dmax= 7.4e-03 nm, Epot= -5.33959e+05 Fmax= 1.62961e+03, atom= 1744
Step=  639, Dmax= 8.9e-03 nm, Epot= -5.33984e+05 Fmax= 1.18583e+04, atom= 1744
Step=  640, Dmax= 1.1e-02 nm, Epot= -5.34060e+05 Fmax= 4.63378e+03, atom= 1744
Step=  641, Dmax= 1.3e-02 nm, Epot= -5.34005e+05 Fmax= 1.49530e+04, atom= 1744
Step=  642, Dmax= 6.4e-03 nm, Epot= -5.34080e+05 Fmax= 5.16640e+03, atom= 1744
Step=  643, Dmax= 7.7e-03 nm, Epot= -5.34097e+05 Fmax= 6.73358e+03, atom= 1744
Step=  644, Dmax= 9.2e-03 nm, Epot= -5.34115e+05 Fmax= 7.40035e+03, atom= 1744
Step=  645, Dmax= 1.1e-02 nm, Epot= -5.34122e+05 Fmax= 9.70317e+03, atom= 1744
Step=  646, Dmax= 1.3e-02 nm, Epot= -5.34135e+05 Fmax= 1.06592e+04, atom= 1744
Step=  647, Dmax= 1.6e-02 nm, Epot= -5.34121e+05 Fmax= 1.39218e+04, atom= 1744
Step=  648, Dmax= 8.0e-03 nm, Epot= -5.34203e+05 Fmax= 1.63289e+03, atom= 1744
Step=  649, Dmax= 9.6e-03 nm, Epot= -5.34221e+05 Fmax= 1.28791e+04, atom= 1744
Step=  650, Dmax= 1.1e-02 nm, Epot= -5.34308e+05 Fmax= 4.84859e+03, atom= 1744
Step=  651, Dmax= 1.4e-02 nm, Epot= -5.34235e+05 Fmax= 1.62118e+04, atom= 1744
Step=  652, Dmax= 6.9e-03 nm, Epot= -5.34327e+05 Fmax= 5.69051e+03, atom= 1744
Step=  653, Dmax= 8.3e-03 nm, Epot= -5.34343e+05 Fmax= 7.09305e+03, atom= 1744
Step=  654, Dmax= 9.9e-03 nm, Epot= -5.34358e+05 Fmax= 8.10390e+03, atom= 1744
Step=  655, Dmax= 1.2e-02 nm, Epot= -5.34363e+05 Fmax= 1.02717e+04, atom= 1744
Step=  656, Dmax= 1.4e-02 nm, Epot= -5.34371e+05 Fmax= 1.16171e+04, atom= 1744
Step=  657, Dmax= 1.7e-02 nm, Epot= -5.34354e+05 Fmax= 1.47918e+04, atom= 1744
Step=  658, Dmax= 8.6e-03 nm, Epot= -5.34450e+05 Fmax= 1.59074e+03, atom= 1744
Step=  659, Dmax= 1.0e-02 nm, Epot= -5.34460e+05 Fmax= 1.40190e+04, atom= 1744
Step=  660, Dmax= 1.2e-02 nm, Epot= -5.34561e+05 Fmax= 5.03896e+03, atom= 1744
Step=  661, Dmax= 1.5e-02 nm, Epot= -5.34466e+05 Fmax= 1.76035e+04, atom= 1744
Step=  662, Dmax= 7.4e-03 nm, Epot= -5.34578e+05 Fmax= 6.29405e+03, atom= 1744
Step=  663, Dmax= 8.9e-03 nm, Epot= -5.34594e+05 Fmax= 7.43991e+03, atom= 1744
Step=  664, Dmax= 1.1e-02 nm, Epot= -5.34605e+05 Fmax= 8.89901e+03, atom= 1744
Step=  665, Dmax= 1.3e-02 nm, Epot= -5.34610e+05 Fmax= 1.08437e+04, atom= 1744
Step=  666, Dmax= 1.5e-02 nm, Epot= -5.34610e+05 Fmax= 1.26854e+04, atom= 1744
Step=  667, Dmax= 1.8e-02 nm, Epot= -5.34592e+05 Fmax= 1.56867e+04, atom= 1744
Step=  668, Dmax= 9.2e-03 nm, Epot= -5.34702e+05 Fmax= 1.50693e+03, atom= 1744
Step=  669, Dmax= 1.1e-02 nm, Epot= -5.34706e+05 Fmax= 1.52803e+04, atom= 1744
Step=  670, Dmax= 1.3e-02 nm, Epot= -5.34823e+05 Fmax= 5.21270e+03, atom= 1744
Step=  671, Dmax= 1.6e-02 nm, Epot= -5.34702e+05 Fmax= 1.91275e+04, atom= 1744
Step=  672, Dmax= 8.0e-03 nm, Epot= -5.34837e+05 Fmax= 6.97385e+03, atom= 1744
Step=  673, Dmax= 9.6e-03 nm, Epot= -5.34853e+05 Fmax= 7.78240e+03, atom= 1744
Step=  674, Dmax= 1.1e-02 nm, Epot= -5.34859e+05 Fmax= 9.78461e+03, atom= 1744
Step=  675, Dmax= 1.4e-02 nm, Epot= -5.34864e+05 Fmax= 1.14276e+04, atom= 1744
Step=  676, Dmax= 1.7e-02 nm, Epot= -5.34856e+05 Fmax= 1.38634e+04, atom= 1744
Step=  677, Dmax= 8.3e-03 nm, Epot= -5.34940e+05 Fmax= 1.23631e+03, atom= 1744
Step=  678, Dmax= 9.9e-03 nm, Epot= -5.34967e+05 Fmax= 1.43002e+04, atom= 1744
Step=  679, Dmax= 1.2e-02 nm, Epot= -5.35074e+05 Fmax= 3.97040e+03, atom= 1744
Step=  680, Dmax= 1.4e-02 nm, Epot= -5.34974e+05 Fmax= 1.81144e+04, atom= 1744
Step=  681, Dmax= 7.1e-03 nm, Epot= -5.35085e+05 Fmax= 7.07647e+03, atom= 1744
Step=  682, Dmax= 8.6e-03 nm, Epot= -5.35111e+05 Fmax= 6.04513e+03, atom= 1744
Step=  683, Dmax= 1.0e-02 nm, Epot= -5.35107e+05 Fmax= 9.81884e+03, atom= 1744
Step=  684, Dmax= 5.1e-03 nm, Epot= -5.35140e+05 Fmax= 1.88540e+03, atom= 1744
Step=  685, Dmax= 6.2e-03 nm, Epot= -5.35165e+05 Fmax= 7.48819e+03, atom= 1744
Step=  686, Dmax= 7.4e-03 nm, Epot= -5.35201e+05 Fmax= 3.92813e+03, atom= 1744
Step=  687, Dmax= 8.9e-03 nm, Epot= -5.35197e+05 Fmax= 9.64357e+03, atom= 1744
Step=  688, Dmax= 4.4e-03 nm, Epot= -5.35222e+05 Fmax= 2.86028e+03, atom= 1744
Step=  689, Dmax= 5.3e-03 nm, Epot= -5.35241e+05 Fmax= 5.39666e+03, atom= 1744
Step=  690, Dmax= 6.4e-03 nm, Epot= -5.35264e+05 Fmax= 4.39178e+03, atom= 1744
Step=  691, Dmax= 7.7e-03 nm, Epot= -5.35273e+05 Fmax= 7.46697e+03, atom= 1744
Step=  692, Dmax= 9.2e-03 nm, Epot= -5.35298e+05 Fmax= 6.63893e+03, atom= 1744
Step=  693, Dmax= 1.1e-02 nm, Epot= -5.35291e+05 Fmax= 1.04034e+04, atom= 1744
Step=  694, Dmax= 5.5e-03 nm, Epot= -5.35331e+05 Fmax= 1.88049e+03, atom= 1744
Step=  695, Dmax= 6.6e-03 nm, Epot= -5.35353e+05 Fmax= 8.20071e+03, atom= 1744
Step=  696, Dmax= 7.9e-03 nm, Epot= -5.35394e+05 Fmax= 4.06736e+03, atom= 1744
Step=  697, Dmax= 9.5e-03 nm, Epot= -5.35382e+05 Fmax= 1.05262e+04, atom= 1744
Step=  698, Dmax= 4.8e-03 nm, Epot= -5.35414e+05 Fmax= 3.23235e+03, atom= 1744
Step=  699, Dmax= 5.7e-03 nm, Epot= -5.35431e+05 Fmax= 5.63332e+03, atom= 1744
Step=  700, Dmax= 6.9e-03 nm, Epot= -5.35453e+05 Fmax= 4.89188e+03, atom= 1744
Step=  701, Dmax= 8.2e-03 nm, Epot= -5.35460e+05 Fmax= 7.84620e+03, atom= 1744
Step=  702, Dmax= 9.9e-03 nm, Epot= -5.35483e+05 Fmax= 7.31914e+03, atom= 1744
Step=  703, Dmax= 1.2e-02 nm, Epot= -5.35474e+05 Fmax= 1.09900e+04, atom= 1744
Step=  704, Dmax= 5.9e-03 nm, Epot= -5.35521e+05 Fmax= 1.83432e+03, atom= 1744
Step=  705, Dmax= 7.1e-03 nm, Epot= -5.35540e+05 Fmax= 9.00742e+03, atom= 1744
Step=  706, Dmax= 8.5e-03 nm, Epot= -5.35587e+05 Fmax= 4.17655e+03, atom= 1744
Step=  707, Dmax= 1.0e-02 nm, Epot= -5.35565e+05 Fmax= 1.15158e+04, atom= 1744
Step=  708, Dmax= 5.1e-03 nm, Epot= -5.35607e+05 Fmax= 3.67360e+03, atom= 1744
Step=  709, Dmax= 6.2e-03 nm, Epot= -5.35622e+05 Fmax= 5.84564e+03, atom= 1744
Step=  710, Dmax= 7.4e-03 nm, Epot= -5.35642e+05 Fmax= 5.47152e+03, atom= 1744
Step=  711, Dmax= 8.9e-03 nm, Epot= -5.35648e+05 Fmax= 8.21097e+03, atom= 1744
Step=  712, Dmax= 1.1e-02 nm, Epot= -5.35668e+05 Fmax= 8.09337e+03, atom= 1744
Step=  713, Dmax= 1.3e-02 nm, Epot= -5.35658e+05 Fmax= 1.15767e+04, atom= 1744
Step=  714, Dmax= 6.4e-03 nm, Epot= -5.35711e+05 Fmax= 1.74113e+03, atom= 1744
Step=  715, Dmax= 7.7e-03 nm, Epot= -5.35729e+05 Fmax= 9.91834e+03, atom= 1744
Step=  716, Dmax= 9.2e-03 nm, Epot= -5.35783e+05 Fmax= 4.25062e+03, atom= 1744
Step=  717, Dmax= 1.1e-02 nm, Epot= -5.35750e+05 Fmax= 1.26230e+04, atom= 1744
Step=  718, Dmax= 5.5e-03 nm, Epot= -5.35802e+05 Fmax= 4.19086e+03, atom= 1744
Step=  719, Dmax= 6.6e-03 nm, Epot= -5.35816e+05 Fmax= 6.03193e+03, atom= 1744
Step=  720, Dmax= 7.9e-03 nm, Epot= -5.35835e+05 Fmax= 6.13623e+03, atom= 1744
Step=  721, Dmax= 9.5e-03 nm, Epot= -5.35840e+05 Fmax= 8.56170e+03, atom= 1744
Step=  722, Dmax= 1.1e-02 nm, Epot= -5.35856e+05 Fmax= 8.96645e+03, atom= 1744
Step=  723, Dmax= 1.4e-02 nm, Epot= -5.35845e+05 Fmax= 1.21662e+04, atom= 1744
Step=  724, Dmax= 6.9e-03 nm, Epot= -5.35906e+05 Fmax= 1.59981e+03, atom= 1744
Step=  725, Dmax= 8.2e-03 nm, Epot= -5.35923e+05 Fmax= 1.09375e+04, atom= 1744
Step=  726, Dmax= 9.9e-03 nm, Epot= -5.35987e+05 Fmax= 4.29210e+03, atom= 1744
Step=  727, Dmax= 1.2e-02 nm, Epot= -5.35940e+05 Fmax= 1.38505e+04, atom= 1744
Step=  728, Dmax= 5.9e-03 nm, Epot= -5.36005e+05 Fmax= 4.78486e+03, atom= 1744
Step=  729, Dmax= 7.1e-03 nm, Epot= -5.36018e+05 Fmax= 6.19501e+03, atom= 1744
Step=  730, Dmax= 8.5e-03 nm, Epot= -5.36034e+05 Fmax= 6.88800e+03, atom= 1744
Step=  731, Dmax= 1.0e-02 nm, Epot= -5.36040e+05 Fmax= 8.90189e+03, atom= 1744
Step=  732, Dmax= 1.2e-02 nm, Epot= -5.36049e+05 Fmax= 9.94117e+03, atom= 1744
Step=  733, Dmax= 1.5e-02 nm, Epot= -5.36039e+05 Fmax= 1.27631e+04, atom= 1744
Step=  734, Dmax= 7.4e-03 nm, Epot= -5.36109e+05 Fmax= 1.41200e+03, atom= 1744
Step=  735, Dmax= 8.8e-03 nm, Epot= -5.36127e+05 Fmax= 1.20683e+04, atom= 1744
Step=  736, Dmax= 1.1e-02 nm, Epot= -5.36203e+05 Fmax= 4.30498e+03, atom= 1744
Step=  737, Dmax= 1.3e-02 nm, Epot= -5.36138e+05 Fmax= 1.51998e+04, atom= 1744
Step=  738, Dmax= 6.4e-03 nm, Epot= -5.36218e+05 Fmax= 5.45561e+03, atom= 1744
Step=  739, Dmax= 7.6e-03 nm, Epot= -5.36233e+05 Fmax= 6.33983e+03, atom= 1744
Step=  740, Dmax= 9.2e-03 nm, Epot= -5.36244e+05 Fmax= 7.72697e+03, atom= 1744
Step=  741, Dmax= 1.1e-02 nm, Epot= -5.36251e+05 Fmax= 9.23741e+03, atom= 1744
Step=  742, Dmax= 1.3e-02 nm, Epot= -5.36253e+05 Fmax= 1.10186e+04, atom= 1744
Step=  743, Dmax= 1.6e-02 nm, Epot= -5.36245e+05 Fmax= 1.33747e+04, atom= 1744
Step=  744, Dmax= 7.9e-03 nm, Epot= -5.36323e+05 Fmax= 1.18123e+03, atom= 1744
Step=  745, Dmax= 9.5e-03 nm, Epot= -5.36350e+05 Fmax= 1.33083e+04, atom= 1744
Step=  746, Dmax= 1.1e-02 nm, Epot= -5.36441e+05 Fmax= 4.30092e+03, atom= 1744
Step=  747, Dmax= 1.4e-02 nm, Epot= -5.36355e+05 Fmax= 1.66637e+04, atom= 1744
Step=  748, Dmax= 6.8e-03 nm, Epot= -5.36453e+05 Fmax= 6.19429e+03, atom= 1744
Step=  749, Dmax= 8.2e-03 nm, Epot= -5.36470e+05 Fmax= 6.47958e+03, atom= 1744
Step=  750, Dmax= 9.9e-03 nm, Epot= -5.36475e+05 Fmax= 8.64485e+03, atom= 1744
Step=  751, Dmax= 1.2e-02 nm, Epot= -5.36486e+05 Fmax= 9.58271e+03, atom= 1744
Step=  752, Dmax= 1.4e-02 nm, Epot= -5.36477e+05 Fmax= 1.21919e+04, atom= 1744
Step=  753, Dmax= 7.1e-03 nm, Epot= -5.36541e+05 Fmax= 1.31597e+03, atom= 1744
Step=  754, Dmax= 8.5e-03 nm, Epot= -5.36561e+05 Fmax= 1.19261e+04, atom= 1744
Step=  755, Dmax= 1.0e-02 nm, Epot= -5.36636e+05 Fmax= 3.78408e+03, atom= 1744
Step=  756, Dmax= 1.2e-02 nm, Epot= -5.36573e+05 Fmax= 1.51594e+04, atom= 1744
Step=  757, Dmax= 6.1e-03 nm, Epot= -5.36649e+05 Fmax= 5.68711e+03, atom= 1744
Step=  758, Dmax= 7.4e-03 nm, Epot= -5.36668e+05 Fmax= 5.60725e+03, atom= 1744
Step=  759, Dmax= 8.8e-03 nm, Epot= -5.36673e+05 Fmax= 8.01186e+03, atom= 1744
Step=  760, Dmax= 1.1e-02 nm, Epot= -5.36689e+05 Fmax= 8.25418e+03, atom= 1744
Step=  761, Dmax= 1.3e-02 nm, Epot= -5.36680e+05 Fmax= 1.13328e+04, atom= 1744
Step=  762, Dmax= 6.4e-03 nm, Epot= -5.36733e+05 Fmax= 1.53830e+03, atom= 1744
Step=  763, Dmax= 7.6e-03 nm, Epot= -5.36750e+05 Fmax= 1.01265e+04, atom= 1744
Step=  764, Dmax= 9.2e-03 nm, Epot= -5.36806e+05 Fmax= 3.98679e+03, atom= 1744
Step=  765, Dmax= 1.1e-02 nm, Epot= -5.36769e+05 Fmax= 1.28577e+04, atom= 1744
Step=  766, Dmax= 5.5e-03 nm, Epot= -5.36823e+05 Fmax= 4.44038e+03, atom= 1744
Step=  767, Dmax= 6.6e-03 nm, Epot= -5.36837e+05 Fmax= 5.72988e+03, atom= 1744
Step=  768, Dmax= 7.9e-03 nm, Epot= -5.36851e+05 Fmax= 6.41232e+03, atom= 1744
Step=  769, Dmax= 9.5e-03 nm, Epot= -5.36858e+05 Fmax= 8.21851e+03, atom= 1744
Step=  770, Dmax= 1.1e-02 nm, Epot= -5.36867e+05 Fmax= 9.26632e+03, atom= 1744
Step=  771, Dmax= 1.4e-02 nm, Epot= -5.36861e+05 Fmax= 1.17787e+04, atom= 1744
Step=  772, Dmax= 6.8e-03 nm, Epot= -5.36920e+05 Fmax= 1.25659e+03, atom= 1744
Step=  773, Dmax= 8.2e-03 nm, Epot= -5.36945e+05 Fmax= 1.12814e+04, atom= 1744
Step=  774, Dmax= 9.8e-03 nm, Epot= -5.37013e+05 Fmax= 3.89372e+03, atom= 1744
Step=  775, Dmax= 1.2e-02 nm, Epot= -5.36960e+05 Fmax= 1.42133e+04, atom= 1744
Step=  776, Dmax= 5.9e-03 nm, Epot= -5.37027e+05 Fmax= 5.16685e+03, atom= 1744
Step=  777, Dmax= 7.1e-03 nm, Epot= -5.37042e+05 Fmax= 5.76051e+03, atom= 1744
Step=  778, Dmax= 8.5e-03 nm, Epot= -5.37052e+05 Fmax= 7.29375e+03, atom= 1744
Step=  779, Dmax= 1.0e-02 nm, Epot= -5.37062e+05 Fmax= 8.42712e+03, atom= 1744
Step=  780, Dmax= 1.2e-02 nm, Epot= -5.37062e+05 Fmax= 1.03685e+04, atom= 1744
Step=  781, Dmax= 1.5e-02 nm, Epot= -5.37060e+05 Fmax= 1.22445e+04, atom= 1744
Step=  782, Dmax= 7.3e-03 nm, Epot= -5.37125e+05 Fmax= 9.40563e+02, atom= 1744

writing lowest energy coordinates.

Steepest Descents converged to Fmax < 1000 in 783 steps
Potential Energy  = -5.3712525e+05
Maximum force     =  9.4056311e+02 on atom 1744
Norm of force     =  1.9124448e+01

GROMACS reminds you: "Scientists do not join hands every Sunday and sing "Yes gravity is real! I know gravity is real! I will have faith! I believe in my heart that what goes up, up, up must come down, down, down. Amen!" If they did, we would think they were pretty insecure about the concept." (Dan Barker)

