
--- stderr ---
                :-) GROMACS - gmx mdrun, 2024.5-conda_forge (-:

Executable:   /usr/local/Caskroom/miniforge/base/envs/gromacs_env/bin.AVX2_256/gmx
Data prefix:  /usr/local/Caskroom/miniforge/base/envs/gromacs_env
Working dir:  /Users/laetitiaguerin/Library/CloudStorage/OneDrive-Personal/Documents/BSc_Nanobiology/Year_5/BEP/Energy_minimization/tleap_runs/O52681_A122P
Command line:
  gmx mdrun -v -deffnm O52681_A122P_minim

The current CPU can measure timings more accurately than the code in
gmx mdrun was configured to use. This might affect your simulation
speed as accurate timings are needed for load-balancing.
Please consider rebuilding gmx mdrun with the GMX_USE_RDTSCP=ON CMake option.
Reading file O52681_A122P_minim.tpr, VERSION 2024.5-conda_forge (single precision)

Using 1 MPI thread
Using 8 OpenMP threads 


Steepest Descents:
   Tolerance (Fmax)   =  1.00000e+03
   Number of steps    =        50000
Step=    0, Dmax= 1.0e-02 nm, Epot= -4.21628e+05 Fmax= 1.60385e+06, atom= 1927
Step=    1, Dmax= 1.0e-02 nm, Epot= -4.35209e+05 Fmax= 2.38771e+05, atom= 1927
Step=    2, Dmax= 1.2e-02 nm, Epot= -4.37778e+05 Fmax= 3.69887e+04, atom= 1927
Step=    3, Dmax= 1.4e-02 nm, Epot= -4.39663e+05 Fmax= 1.00649e+04, atom= 1925
Step=    4, Dmax= 1.7e-02 nm, Epot= -4.44942e+05 Fmax= 4.04034e+03, atom= 1915
Step=    5, Dmax= 2.1e-02 nm, Epot= -4.55735e+05 Fmax= 2.30310e+04, atom= 1915
Step=    6, Dmax= 2.5e-02 nm, Epot= -4.58304e+05 Fmax= 1.08604e+04, atom= 1915
Step=    7, Dmax= 3.0e-02 nm, Epot= -4.61211e+05 Fmax= 2.94358e+04, atom= 1915
Step=    8, Dmax= 3.6e-02 nm, Epot= -4.63387e+05 Fmax= 1.93255e+04, atom= 1915
Step=    9, Dmax= 4.3e-02 nm, Epot= -4.63988e+05 Fmax= 3.88348e+04, atom= 1915
Step=   10, Dmax= 5.2e-02 nm, Epot= -4.65944e+05 Fmax= 3.12323e+04, atom= 1915
Step=   11, Dmax= 6.2e-02 nm, Epot= -4.63217e+05 Fmax= 5.30193e+04, atom= 1915
Step=   12, Dmax= 3.1e-02 nm, Epot= -4.68523e+05 Fmax= 1.06758e+04, atom= 1915
Step=   13, Dmax= 3.7e-02 nm, Epot= -4.66156e+05 Fmax= 4.04255e+04, atom= 1334
Step=   14, Dmax= 1.9e-02 nm, Epot= -4.69650e+05 Fmax= 1.56241e+04, atom= 1334
Step=   15, Dmax= 2.2e-02 nm, Epot= -4.70685e+05 Fmax= 1.82748e+04, atom= 1334
Step=   16, Dmax= 2.7e-02 nm, Epot= -4.71463e+05 Fmax= 2.26369e+04, atom= 1334
Step=   17, Dmax= 3.2e-02 nm, Epot= -4.72161e+05 Fmax= 2.60329e+04, atom= 1334
Step=   18, Dmax= 3.9e-02 nm, Epot= -4.72311e+05 Fmax= 3.24526e+04, atom= 1334
Step=   19, Dmax= 4.6e-02 nm, Epot= -4.72431e+05 Fmax= 3.70098e+04, atom= 1334
Step=   20, Dmax= 5.5e-02 nm, Epot= -4.71324e+05 Fmax= 4.59802e+04, atom= 1334
Step=   21, Dmax= 2.8e-02 nm, Epot= -4.76492e+05 Fmax= 4.99366e+03, atom= 1334
Step=   22, Dmax= 3.3e-02 nm, Epot= -4.75361e+05 Fmax= 4.51364e+04, atom= 1334
Step=   23, Dmax= 1.7e-02 nm, Epot= -4.77624e+05 Fmax= 1.95702e+04, atom= 1334
Step=   24, Dmax= 2.0e-02 nm, Epot= -4.78927e+05 Fmax= 1.09504e+04, atom= 1334
Step=   25, Dmax= 2.4e-02 nm, Epot= -4.78728e+05 Fmax= 2.54235e+04, atom= 1334
Step=   26, Dmax= 1.2e-02 nm, Epot= -4.79714e+05 Fmax= 7.22499e+03, atom= 1334
Step=   27, Dmax= 1.4e-02 nm, Epot= -4.80340e+05 Fmax= 1.48999e+04, atom= 1334
Step=   28, Dmax= 1.7e-02 nm, Epot= -4.81171e+05 Fmax= 1.13506e+04, atom= 1334
Step=   29, Dmax= 2.1e-02 nm, Epot= -4.81333e+05 Fmax= 2.03955e+04, atom= 1334
Step=   30, Dmax= 2.5e-02 nm, Epot= -4.82192e+05 Fmax= 1.73728e+04, atom= 1334
Step=   31, Dmax= 3.0e-02 nm, Epot= -4.81720e+05 Fmax= 2.81174e+04, atom= 1334
Step=   32, Dmax= 1.5e-02 nm, Epot= -4.83293e+05 Fmax= 5.41905e+03, atom= 1334
Step=   33, Dmax= 1.8e-02 nm, Epot= -4.83624e+05 Fmax= 2.16741e+04, atom= 1334
Step=   34, Dmax= 2.1e-02 nm, Epot= -4.84912e+05 Fmax= 1.11853e+04, atom= 1334
Step=   35, Dmax= 2.6e-02 nm, Epot= -4.84186e+05 Fmax= 2.79398e+04, atom= 1334
Step=   36, Dmax= 1.3e-02 nm, Epot= -4.85507e+05 Fmax= 8.39051e+03, atom= 1334
Step=   37, Dmax= 1.5e-02 nm, Epot= -4.85822e+05 Fmax= 1.53498e+04, atom= 1334
Step=   38, Dmax= 1.9e-02 nm, Epot= -4.86443e+05 Fmax= 1.28800e+04, atom= 1334
Step=   39, Dmax= 2.2e-02 nm, Epot= -4.86390e+05 Fmax= 2.11943e+04, atom= 1334
Step=   40, Dmax= 1.1e-02 nm, Epot= -4.87126e+05 Fmax= 4.17748e+03, atom= 1334
Step=   41, Dmax= 1.3e-02 nm, Epot= -4.87683e+05 Fmax= 1.60231e+04, atom= 1334
Step=   42, Dmax= 1.6e-02 nm, Epot= -4.88464e+05 Fmax= 8.54727e+03, atom= 1334
Step=   43, Dmax= 1.9e-02 nm, Epot= -4.88362e+05 Fmax= 2.06833e+04, atom= 1334
Step=   44, Dmax= 9.6e-03 nm, Epot= -4.88917e+05 Fmax= 6.07370e+03, atom= 1334
Step=   45, Dmax= 1.2e-02 nm, Epot= -4.89297e+05 Fmax= 1.16972e+04, atom= 1334
Step=   46, Dmax= 1.4e-02 nm, Epot= -4.89775e+05 Fmax= 9.39177e+03, atom= 1334
Step=   47, Dmax= 1.7e-02 nm, Epot= -4.89924e+05 Fmax= 1.61156e+04, atom= 1334
Step=   48, Dmax= 2.0e-02 nm, Epot= -4.90412e+05 Fmax= 1.42403e+04, atom= 1334
Step=   49, Dmax= 2.4e-02 nm, Epot= -4.90228e+05 Fmax= 2.23523e+04, atom= 1334
Step=   50, Dmax= 1.2e-02 nm, Epot= -4.91080e+05 Fmax= 4.08209e+03, atom= 1334
Step=   51, Dmax= 1.4e-02 nm, Epot= -4.91405e+05 Fmax= 1.76454e+04, atom= 1334
Step=   52, Dmax= 1.7e-02 nm, Epot= -4.92194e+05 Fmax= 8.75410e+03, atom= 1334
Step=   53, Dmax= 2.1e-02 nm, Epot= -4.91844e+05 Fmax= 2.26686e+04, atom= 1334
Step=   54, Dmax= 1.0e-02 nm, Epot= -4.92562e+05 Fmax= 6.96425e+03, atom= 1334
Step=   55, Dmax= 1.2e-02 nm, Epot= -4.92809e+05 Fmax= 1.21092e+04, atom= 1334
Step=   56, Dmax= 1.5e-02 nm, Epot= -4.93190e+05 Fmax= 1.05565e+04, atom= 1334
Step=   57, Dmax= 1.8e-02 nm, Epot= -4.93239e+05 Fmax= 1.68293e+04, atom= 1334
Step=   58, Dmax= 2.1e-02 nm, Epot= -4.93611e+05 Fmax= 1.57847e+04, atom= 1334
Step=   59, Dmax= 2.6e-02 nm, Epot= -4.93345e+05 Fmax= 2.34976e+04, atom= 1334
Step=   60, Dmax= 1.3e-02 nm, Epot= -4.94308e+05 Fmax= 3.89227e+03, atom= 1334
Step=   61, Dmax= 1.5e-02 nm, Epot= -4.94442e+05 Fmax= 1.94570e+04, atom= 1334
Step=   62, Dmax= 1.9e-02 nm, Epot= -4.95289e+05 Fmax= 8.91092e+03, atom= 1334
Step=   63, Dmax= 2.2e-02 nm, Epot= -4.94689e+05 Fmax= 2.48607e+04, atom= 1334
Step=   64, Dmax= 1.1e-02 nm, Epot= -4.95588e+05 Fmax= 7.98330e+03, atom= 1334
Step=   65, Dmax= 1.3e-02 nm, Epot= -4.95753e+05 Fmax= 1.24928e+04, atom= 1334
Step=   66, Dmax= 1.6e-02 nm, Epot= -4.96046e+05 Fmax= 1.18634e+04, atom= 1334
Step=   67, Dmax= 1.9e-02 nm, Epot= -4.96034e+05 Fmax= 1.75413e+04, atom= 1334
Step=   68, Dmax= 9.6e-03 nm, Epot= -4.96487e+05 Fmax= 2.85518e+03, atom= 1334
Step=   69, Dmax= 1.2e-02 nm, Epot= -4.96876e+05 Fmax= 1.45153e+04, atom= 1334
Step=   70, Dmax= 1.4e-02 nm, Epot= -4.97400e+05 Fmax= 6.68719e+03, atom= 1334
Step=   71, Dmax= 1.7e-02 nm, Epot= -4.97262e+05 Fmax= 1.85182e+04, atom= 1334
Step=   72, Dmax= 8.3e-03 nm, Epot= -4.97651e+05 Fmax= 5.91932e+03, atom= 1334
Step=   73, Dmax= 1.0e-02 nm, Epot= -4.97859e+05 Fmax= 9.40236e+03, atom= 1334
Step=   74, Dmax= 1.2e-02 nm, Epot= -4.98110e+05 Fmax= 8.78071e+03, atom= 1334
Step=   75, Dmax= 1.4e-02 nm, Epot= -4.98212e+05 Fmax= 1.32217e+04, atom= 1334
Step=   76, Dmax= 1.7e-02 nm, Epot= -4.98450e+05 Fmax= 1.29645e+04, atom= 1334
Step=   77, Dmax= 2.1e-02 nm, Epot= -4.98377e+05 Fmax= 1.86205e+04, atom= 1334
Step=   78, Dmax= 1.0e-02 nm, Epot= -4.98907e+05 Fmax= 2.84743e+03, atom= 1334
Step=   79, Dmax= 1.2e-02 nm, Epot= -4.99169e+05 Fmax= 1.58348e+04, atom= 1334
Step=   80, Dmax= 1.5e-02 nm, Epot= -4.99721e+05 Fmax= 6.94887e+03, atom= 1334
Step=   81, Dmax= 1.8e-02 nm, Epot= -4.99438e+05 Fmax= 2.01472e+04, atom= 1334
Step=   82, Dmax= 8.9e-03 nm, Epot= -4.99935e+05 Fmax= 6.60410e+03, atom= 1334
Step=   83, Dmax= 1.1e-02 nm, Epot= -5.00092e+05 Fmax= 9.84842e+03, atom= 1334
Step=   84, Dmax= 1.3e-02 nm, Epot= -5.00299e+05 Fmax= 9.69617e+03, atom= 1334
Step=   85, Dmax= 1.5e-02 nm, Epot= -5.00356e+05 Fmax= 1.39343e+04, atom= 1334
Step=   86, Dmax= 1.8e-02 nm, Epot= -5.00538e+05 Fmax= 1.42048e+04, atom= 1334
Step=   87, Dmax= 2.2e-02 nm, Epot= -5.00417e+05 Fmax= 1.97138e+04, atom= 1334
Step=   88, Dmax= 1.1e-02 nm, Epot= -5.01029e+05 Fmax= 2.77981e+03, atom= 1334
Step=   89, Dmax= 1.3e-02 nm, Epot= -5.01176e+05 Fmax= 1.72981e+04, atom= 1334
Step=   90, Dmax= 1.6e-02 nm, Epot= -5.01781e+05 Fmax= 7.18690e+03, atom= 1334
Step=   91, Dmax= 1.9e-02 nm, Epot= -5.01337e+05 Fmax= 2.19380e+04, atom= 1334
Step=   92, Dmax= 9.6e-03 nm, Epot= -5.01960e+05 Fmax= 7.38249e+03, atom= 1334
Step=   93, Dmax= 1.1e-02 nm, Epot= -5.02081e+05 Fmax= 1.02865e+04, atom= 1334
Step=   94, Dmax= 1.4e-02 nm, Epot= -5.02244e+05 Fmax= 1.07199e+04, atom= 1334
Step=   95, Dmax= 1.7e-02 nm, Epot= -5.02267e+05 Fmax= 1.46598e+04, atom= 1334
Step=   96, Dmax= 2.0e-02 nm, Epot= -5.02388e+05 Fmax= 1.55751e+04, atom= 1334
Step=   97, Dmax= 2.4e-02 nm, Epot= -5.02227e+05 Fmax= 2.08472e+04, atom= 1334
Step=   98, Dmax= 1.2e-02 nm, Epot= -5.02935e+05 Fmax= 2.66912e+03, atom= 1334
Step=   99, Dmax= 1.4e-02 nm, Epot= -5.02963e+05 Fmax= 1.89026e+04, atom= 1334
Step=  100, Dmax= 1.7e-02 nm, Epot= -5.03648e+05 Fmax= 7.41605e+03, atom= 1334
Step=  101, Dmax= 2.1e-02 nm, Epot= -5.03013e+05 Fmax= 2.38882e+04, atom= 1334
Step=  102, Dmax= 1.0e-02 nm, Epot= -5.03792e+05 Fmax= 8.24642e+03, atom= 1334
Step=  103, Dmax= 1.2e-02 nm, Epot= -5.03887e+05 Fmax= 1.07315e+04, atom= 1334
Step=  104, Dmax= 1.5e-02 nm, Epot= -5.04002e+05 Fmax= 1.18454e+04, atom= 1334
Step=  105, Dmax= 1.8e-02 nm, Epot= -5.04000e+05 Fmax= 1.54138e+04, atom= 1334
Step=  106, Dmax= 8.9e-03 nm, Epot= -5.04351e+05 Fmax= 1.79959e+03, atom= 1334
Step=  107, Dmax= 1.1e-02 nm, Epot= -5.04668e+05 Fmax= 1.41937e+04, atom= 1334
Step=  108, Dmax= 1.3e-02 nm, Epot= -5.05093e+05 Fmax= 5.47008e+03, atom= 1334
Step=  109, Dmax= 1.5e-02 nm, Epot= -5.04859e+05 Fmax= 1.78808e+04, atom= 1334
Step=  110, Dmax= 7.7e-03 nm, Epot= -5.05231e+05 Fmax= 6.21073e+03, atom= 1334
Step=  111, Dmax= 9.2e-03 nm, Epot= -5.05349e+05 Fmax= 7.98445e+03, atom= 1334
Step=  112, Dmax= 1.1e-02 nm, Epot= -5.05470e+05 Fmax= 8.86484e+03, atom= 1334
Step=  113, Dmax= 1.3e-02 nm, Epot= -5.05532e+05 Fmax= 1.15265e+04, atom= 1334
Step=  114, Dmax= 1.6e-02 nm, Epot= -5.05619e+05 Fmax= 1.27454e+04, atom= 1334
Step=  115, Dmax= 1.9e-02 nm, Epot= -5.05570e+05 Fmax= 1.65368e+04, atom= 1334
Step=  116, Dmax= 9.6e-03 nm, Epot= -5.05997e+05 Fmax= 1.91352e+03, atom= 1334
Step=  117, Dmax= 1.1e-02 nm, Epot= -5.06182e+05 Fmax= 1.53109e+04, atom= 1334
Step=  118, Dmax= 1.4e-02 nm, Epot= -5.06652e+05 Fmax= 5.82027e+03, atom= 1334
Step=  119, Dmax= 1.7e-02 nm, Epot= -5.06290e+05 Fmax= 1.92855e+04, atom= 1334
Step=  120, Dmax= 8.3e-03 nm, Epot= -5.06769e+05 Fmax= 6.73942e+03, atom= 1334
Step=  121, Dmax= 9.9e-03 nm, Epot= -5.06864e+05 Fmax= 8.50824e+03, atom= 1334
Step=  122, Dmax= 1.2e-02 nm, Epot= -5.06960e+05 Fmax= 9.60503e+03, atom= 1334
Step=  123, Dmax= 1.4e-02 nm, Epot= -5.06993e+05 Fmax= 1.22992e+04, atom= 1334
Step=  124, Dmax= 1.7e-02 nm, Epot= -5.07046e+05 Fmax= 1.37860e+04, atom= 1334
Step=  125, Dmax= 2.1e-02 nm, Epot= -5.06955e+05 Fmax= 1.76646e+04, atom= 1334
Step=  126, Dmax= 1.0e-02 nm, Epot= -5.07474e+05 Fmax= 1.96199e+03, atom= 1334
Step=  127, Dmax= 1.2e-02 nm, Epot= -5.07534e+05 Fmax= 1.65637e+04, atom= 1334
Step=  128, Dmax= 1.5e-02 nm, Epot= -5.08075e+05 Fmax= 6.17770e+03, atom= 1744
Step=  129, Dmax= 1.8e-02 nm, Epot= -5.07563e+05 Fmax= 2.10554e+04, atom= 1744
Step=  130, Dmax= 8.9e-03 nm, Epot= -5.08171e+05 Fmax= 7.45606e+03, atom= 1744
Step=  131, Dmax= 1.1e-02 nm, Epot= -5.08254e+05 Fmax= 8.92272e+03, atom= 1744
Step=  132, Dmax= 1.3e-02 nm, Epot= -5.08317e+05 Fmax= 1.06969e+04, atom= 1744
Step=  133, Dmax= 1.5e-02 nm, Epot= -5.08352e+05 Fmax= 1.28746e+04, atom= 1744
Step=  134, Dmax= 1.8e-02 nm, Epot= -5.08352e+05 Fmax= 1.53353e+04, atom= 1744
Step=  135, Dmax= 2.2e-02 nm, Epot= -5.08285e+05 Fmax= 1.85532e+04, atom= 1744
Step=  136, Dmax= 1.1e-02 nm, Epot= -5.08833e+05 Fmax= 1.62556e+03, atom= 1744
Step=  137, Dmax= 1.3e-02 nm, Epot= -5.08941e+05 Fmax= 1.88332e+04, atom= 1744
Step=  138, Dmax= 1.6e-02 nm, Epot= -5.09541e+05 Fmax= 5.72701e+03, atom= 1744
Step=  139, Dmax= 1.9e-02 nm, Epot= -5.08995e+05 Fmax= 2.35054e+04, atom= 1744
Step=  140, Dmax= 9.6e-03 nm, Epot= -5.09603e+05 Fmax= 8.92196e+03, atom= 1744
Step=  141, Dmax= 1.1e-02 nm, Epot= -5.09713e+05 Fmax= 8.70669e+03, atom= 1744
Step=  142, Dmax= 1.4e-02 nm, Epot= -5.09721e+05 Fmax= 1.23803e+04, atom= 1744
Step=  143, Dmax= 1.7e-02 nm, Epot= -5.09806e+05 Fmax= 1.29747e+04, atom= 1744
Step=  144, Dmax= 2.0e-02 nm, Epot= -5.09729e+05 Fmax= 1.73414e+04, atom= 1744
Step=  145, Dmax= 9.9e-03 nm, Epot= -5.10110e+05 Fmax= 2.20976e+03, atom= 1744
Step=  146, Dmax= 1.2e-02 nm, Epot= -5.10164e+05 Fmax= 1.60816e+04, atom= 1744
Step=  147, Dmax= 1.4e-02 nm, Epot= -5.10551e+05 Fmax= 5.80474e+03, atom= 1744
Step=  148, Dmax= 1.7e-02 nm, Epot= -5.10235e+05 Fmax= 2.05238e+04, atom= 1744
Step=  149, Dmax= 8.6e-03 nm, Epot= -5.10634e+05 Fmax= 7.35794e+03, atom= 1744
Step=  150, Dmax= 1.0e-02 nm, Epot= -5.10716e+05 Fmax= 8.39176e+03, atom= 1744
Step=  151, Dmax= 1.2e-02 nm, Epot= -5.10771e+05 Fmax= 1.05541e+04, atom= 1744
Step=  152, Dmax= 1.5e-02 nm, Epot= -5.10827e+05 Fmax= 1.21086e+04, atom= 1744
Step=  153, Dmax= 1.8e-02 nm, Epot= -5.10826e+05 Fmax= 1.51432e+04, atom= 1744
Step=  154, Dmax= 8.9e-03 nm, Epot= -5.11074e+05 Fmax= 1.52158e+03, atom= 1744
Step=  155, Dmax= 1.1e-02 nm, Epot= -5.11305e+05 Fmax= 1.48327e+04, atom= 1744
Step=  156, Dmax= 1.3e-02 nm, Epot= -5.11611e+05 Fmax= 4.86212e+03, atom= 1744
Step=  157, Dmax= 1.5e-02 nm, Epot= -5.11443e+05 Fmax= 1.86133e+04, atom= 1744
Step=  158, Dmax= 7.7e-03 nm, Epot= -5.11693e+05 Fmax= 6.89025e+03, atom= 1744
Step=  159, Dmax= 9.2e-03 nm, Epot= -5.11779e+05 Fmax= 7.27251e+03, atom= 1744
Step=  160, Dmax= 1.1e-02 nm, Epot= -5.11836e+05 Fmax= 9.65279e+03, atom= 1744
Step=  161, Dmax= 1.3e-02 nm, Epot= -5.11907e+05 Fmax= 1.07237e+04, atom= 1744
Step=  162, Dmax= 1.6e-02 nm, Epot= -5.11926e+05 Fmax= 1.36300e+04, atom= 1744
Step=  163, Dmax= 1.9e-02 nm, Epot= -5.11955e+05 Fmax= 1.56692e+04, atom= 1744
Step=  164, Dmax= 2.3e-02 nm, Epot= -5.11908e+05 Fmax= 1.93252e+04, atom= 1744
Step=  165, Dmax= 1.1e-02 nm, Epot= -5.12277e+05 Fmax= 1.87259e+03, atom= 1744
Step=  166, Dmax= 1.4e-02 nm, Epot= -5.12366e+05 Fmax= 1.93027e+04, atom= 1744
Step=  167, Dmax= 1.6e-02 nm, Epot= -5.12782e+05 Fmax= 6.01533e+03, atom= 1744
Step=  168, Dmax= 2.0e-02 nm, Epot= -5.12405e+05 Fmax= 2.44459e+04, atom= 1744
Step=  169, Dmax= 9.9e-03 nm, Epot= -5.12837e+05 Fmax= 9.22586e+03, atom= 1744
Step=  170, Dmax= 1.2e-02 nm, Epot= -5.12924e+05 Fmax= 8.97214e+03, atom= 1744
Step=  171, Dmax= 1.4e-02 nm, Epot= -5.12936e+05 Fmax= 1.29361e+04, atom= 1744
Step=  172, Dmax= 1.7e-02 nm, Epot= -5.13011e+05 Fmax= 1.32392e+04, atom= 1744
Step=  173, Dmax= 2.1e-02 nm, Epot= -5.12950e+05 Fmax= 1.82498e+04, atom= 1744
Step=  174, Dmax= 1.0e-02 nm, Epot= -5.13232e+05 Fmax= 2.51116e+03, atom= 1744
Step=  175, Dmax= 1.2e-02 nm, Epot= -5.13280e+05 Fmax= 1.63664e+04, atom= 1744
Step=  176, Dmax= 1.5e-02 nm, Epot= -5.13558e+05 Fmax= 6.37486e+03, atom= 1744
Step=  177, Dmax= 1.8e-02 nm, Epot= -5.13355e+05 Fmax= 2.07540e+04, atom= 1744
Step=  178, Dmax= 8.9e-03 nm, Epot= -5.13632e+05 Fmax= 7.20444e+03, atom= 1744
Step=  179, Dmax= 1.1e-02 nm, Epot= -5.13692e+05 Fmax= 9.15861e+03, atom= 1744
Step=  180, Dmax= 1.3e-02 nm, Epot= -5.13753e+05 Fmax= 1.03916e+04, atom= 1744
Step=  181, Dmax= 1.5e-02 nm, Epot= -5.13782e+05 Fmax= 1.31496e+04, atom= 1744
Step=  182, Dmax= 1.8e-02 nm, Epot= -5.13817e+05 Fmax= 1.49706e+04, atom= 1744
Step=  183, Dmax= 2.2e-02 nm, Epot= -5.13786e+05 Fmax= 1.88645e+04, atom= 1744
Step=  184, Dmax= 1.1e-02 nm, Epot= -5.14064e+05 Fmax= 1.96049e+03, atom= 1744
Step=  185, Dmax= 1.3e-02 nm, Epot= -5.14168e+05 Fmax= 1.83252e+04, atom= 1744
Step=  186, Dmax= 1.6e-02 nm, Epot= -5.14479e+05 Fmax= 6.16211e+03, atom= 1744
Step=  187, Dmax= 1.9e-02 nm, Epot= -5.14238e+05 Fmax= 2.29699e+04, atom= 1744
Step=  188, Dmax= 9.5e-03 nm, Epot= -5.14539e+05 Fmax= 8.42861e+03, atom= 1744
Step=  189, Dmax= 1.1e-02 nm, Epot= -5.14606e+05 Fmax= 9.16984e+03, atom= 1744
Step=  190, Dmax= 1.4e-02 nm, Epot= -5.14643e+05 Fmax= 1.18399e+04, atom= 1744
Step=  191, Dmax= 1.6e-02 nm, Epot= -5.14688e+05 Fmax= 1.34672e+04, atom= 1744
Step=  192, Dmax= 2.0e-02 nm, Epot= -5.14688e+05 Fmax= 1.67480e+04, atom= 1744
Step=  193, Dmax= 9.9e-03 nm, Epot= -5.14877e+05 Fmax= 1.66869e+03, atom= 1744
Step=  194, Dmax= 1.2e-02 nm, Epot= -5.15051e+05 Fmax= 1.66817e+04, atom= 1744
Step=  195, Dmax= 1.4e-02 nm, Epot= -5.15297e+05 Fmax= 5.15031e+03, atom= 1744
Step=  196, Dmax= 1.7e-02 nm, Epot= -5.15146e+05 Fmax= 2.11653e+04, atom= 1744
Step=  197, Dmax= 8.5e-03 nm, Epot= -5.15357e+05 Fmax= 8.01260e+03, atom= 1744
Step=  198, Dmax= 1.0e-02 nm, Epot= -5.15430e+05 Fmax= 7.68066e+03, atom= 1744
Step=  199, Dmax= 1.2e-02 nm, Epot= -5.15464e+05 Fmax= 1.12402e+04, atom= 1744
Step=  200, Dmax= 1.5e-02 nm, Epot= -5.15531e+05 Fmax= 1.13458e+04, atom= 1744
Step=  201, Dmax= 1.8e-02 nm, Epot= -5.15521e+05 Fmax= 1.58539e+04, atom= 1744
Step=  202, Dmax= 8.8e-03 nm, Epot= -5.15668e+05 Fmax= 2.25635e+03, atom= 1744
Step=  203, Dmax= 1.1e-02 nm, Epot= -5.15772e+05 Fmax= 1.39837e+04, atom= 1744
Step=  204, Dmax= 1.3e-02 nm, Epot= -5.15942e+05 Fmax= 5.64029e+03, atom= 1744
Step=  205, Dmax= 1.5e-02 nm, Epot= -5.15874e+05 Fmax= 1.77548e+04, atom= 1744
Step=  206, Dmax= 7.6e-03 nm, Epot= -5.16009e+05 Fmax= 6.06701e+03, atom= 1744
Step=  207, Dmax= 9.2e-03 nm, Epot= -5.16066e+05 Fmax= 8.06598e+03, atom= 1744
Step=  208, Dmax= 1.1e-02 nm, Epot= -5.16127e+05 Fmax= 8.79676e+03, atom= 1744
Step=  209, Dmax= 1.3e-02 nm, Epot= -5.16164e+05 Fmax= 1.15334e+04, atom= 1744
Step=  210, Dmax= 1.6e-02 nm, Epot= -5.16213e+05 Fmax= 1.27350e+04, atom= 1744
Step=  211, Dmax= 1.9e-02 nm, Epot= -5.16211e+05 Fmax= 1.64918e+04, atom= 1744
Step=  212, Dmax= 9.5e-03 nm, Epot= -5.16364e+05 Fmax= 1.88461e+03, atom= 1744
Step=  213, Dmax= 1.1e-02 nm, Epot= -5.16501e+05 Fmax= 1.55595e+04, atom= 1744
Step=  214, Dmax= 1.4e-02 nm, Epot= -5.16692e+05 Fmax= 5.55369e+03, atom= 1744
Step=  215, Dmax= 1.6e-02 nm, Epot= -5.16596e+05 Fmax= 1.95785e+04, atom= 1744
Step=  216, Dmax= 8.2e-03 nm, Epot= -5.16752e+05 Fmax= 7.02734e+03, atom= 1744
Step=  217, Dmax= 9.9e-03 nm, Epot= -5.16809e+05 Fmax= 8.16607e+03, atom= 1744
Step=  218, Dmax= 1.2e-02 nm, Epot= -5.16857e+05 Fmax= 9.95678e+03, atom= 1744
Step=  219, Dmax= 1.4e-02 nm, Epot= -5.16899e+05 Fmax= 1.18938e+04, atom= 1744
Step=  220, Dmax= 1.7e-02 nm, Epot= -5.16927e+05 Fmax= 1.41850e+04, atom= 1744
Step=  221, Dmax= 2.0e-02 nm, Epot= -5.16934e+05 Fmax= 1.72206e+04, atom= 1744
Step=  222, Dmax= 2.5e-02 nm, Epot= -5.16924e+05 Fmax= 2.02468e+04, atom= 1744
Step=  223, Dmax= 1.2e-02 nm, Epot= -5.17164e+05 Fmax= 1.57331e+03, atom= 1744
Step=  224, Dmax= 1.5e-02 nm, Epot= -5.17320e+05 Fmax= 2.11935e+04, atom= 1744
Step=  225, Dmax= 1.8e-02 nm, Epot= -5.17624e+05 Fmax= 5.97351e+03, atom= 1744
Step=  226, Dmax= 2.1e-02 nm, Epot= -5.17353e+05 Fmax= 2.66958e+04, atom= 1744
Step=  227, Dmax= 1.1e-02 nm, Epot= -5.17660e+05 Fmax= 1.03950e+04, atom= 1744
Step=  228, Dmax= 1.3e-02 nm, Epot= -5.17732e+05 Fmax= 9.10307e+03, atom= 1744
Step=  229, Dmax= 1.5e-02 nm, Epot= -5.17730e+05 Fmax= 1.43923e+04, atom= 1744
Step=  230, Dmax= 7.6e-03 nm, Epot= -5.17819e+05 Fmax= 2.64460e+03, atom= 1744
Step=  231, Dmax= 9.2e-03 nm, Epot= -5.17900e+05 Fmax= 1.13546e+04, atom= 1744
Step=  232, Dmax= 1.1e-02 nm, Epot= -5.18006e+05 Fmax= 5.56817e+03, atom= 1744
Step=  233, Dmax= 1.3e-02 nm, Epot= -5.17998e+05 Fmax= 1.46171e+04, atom= 1744
Step=  234, Dmax= 6.6e-03 nm, Epot= -5.18065e+05 Fmax= 4.53092e+03, atom= 1744
Step=  235, Dmax= 7.9e-03 nm, Epot= -5.18120e+05 Fmax= 7.67239e+03, atom= 1744
Step=  236, Dmax= 9.5e-03 nm, Epot= -5.18183e+05 Fmax= 6.87406e+03, atom= 1744
Step=  237, Dmax= 1.1e-02 nm, Epot= -5.18216e+05 Fmax= 1.06783e+04, atom= 1744
Step=  238, Dmax= 1.4e-02 nm, Epot= -5.18277e+05 Fmax= 1.02630e+04, atom= 1744
Step=  239, Dmax= 1.6e-02 nm, Epot= -5.18276e+05 Fmax= 1.49737e+04, atom= 1744
Step=  240, Dmax= 8.2e-03 nm, Epot= -5.18374e+05 Fmax= 2.35640e+03, atom= 1744
Step=  241, Dmax= 9.8e-03 nm, Epot= -5.18464e+05 Fmax= 1.26799e+04, atom= 1744
Step=  242, Dmax= 1.2e-02 nm, Epot= -5.18583e+05 Fmax= 5.51697e+03, atom= 1744
Step=  243, Dmax= 1.4e-02 nm, Epot= -5.18555e+05 Fmax= 1.61703e+04, atom= 1744
Step=  244, Dmax= 7.1e-03 nm, Epot= -5.18640e+05 Fmax= 5.33432e+03, atom= 1744
Step=  245, Dmax= 8.5e-03 nm, Epot= -5.18690e+05 Fmax= 7.78121e+03, atom= 1744
Step=  246, Dmax= 1.0e-02 nm, Epot= -5.18746e+05 Fmax= 7.85146e+03, atom= 1744
Step=  247, Dmax= 1.2e-02 nm, Epot= -5.18777e+05 Fmax= 1.10119e+04, atom= 1744
Step=  248, Dmax= 1.5e-02 nm, Epot= -5.18828e+05 Fmax= 1.14922e+04, atom= 1744
Step=  249, Dmax= 1.8e-02 nm, Epot= -5.18828e+05 Fmax= 1.56259e+04, atom= 1744
Step=  250, Dmax= 8.8e-03 nm, Epot= -5.18937e+05 Fmax= 2.07003e+03, atom= 1744
Step=  251, Dmax= 1.1e-02 nm, Epot= -5.19040e+05 Fmax= 1.40842e+04, atom= 1744
Step=  252, Dmax= 1.3e-02 nm, Epot= -5.19177e+05 Fmax= 5.48431e+03, atom= 1744
Step=  253, Dmax= 1.5e-02 nm, Epot= -5.19124e+05 Fmax= 1.78199e+04, atom= 1744
Step=  254, Dmax= 7.6e-03 nm, Epot= -5.19230e+05 Fmax= 6.17802e+03, atom= 1744
Step=  255, Dmax= 9.1e-03 nm, Epot= -5.19277e+05 Fmax= 7.91674e+03, atom= 1744
Step=  256, Dmax= 1.1e-02 nm, Epot= -5.19325e+05 Fmax= 8.88532e+03, atom= 1744
Step=  257, Dmax= 1.3e-02 nm, Epot= -5.19358e+05 Fmax= 1.13856e+04, atom= 1744
Step=  258, Dmax= 1.6e-02 nm, Epot= -5.19395e+05 Fmax= 1.27990e+04, atom= 1744
Step=  259, Dmax= 1.9e-02 nm, Epot= -5.19397e+05 Fmax= 1.63390e+04, atom= 1744
Step=  260, Dmax= 2.3e-02 nm, Epot= -5.19411e+05 Fmax= 1.84227e+04, atom= 1744
Step=  261, Dmax= 2.7e-02 nm, Epot= -5.19351e+05 Fmax= 2.34067e+04, atom= 1744
Step=  262, Dmax= 1.4e-02 nm, Epot= -5.19634e+05 Fmax= 2.52263e+03, atom= 1744
Step=  263, Dmax= 1.6e-02 nm, Epot= -5.19611e+05 Fmax= 2.25799e+04, atom= 1744
Step=  264, Dmax= 8.2e-03 nm, Epot= -5.19713e+05 Fmax= 9.98247e+03, atom= 1744
Step=  265, Dmax= 9.8e-03 nm, Epot= -5.19795e+05 Fmax= 5.15330e+03, atom= 1744
Step=  266, Dmax= 1.2e-02 nm, Epot= -5.19807e+05 Fmax= 1.28883e+04, atom= 1744
Step=  267, Dmax= 1.4e-02 nm, Epot= -5.19901e+05 Fmax= 8.88462e+03, atom= 1744
Step=  268, Dmax= 1.7e-02 nm, Epot= -5.19856e+05 Fmax= 1.71002e+04, atom= 1744
Step=  269, Dmax= 8.5e-03 nm, Epot= -5.19974e+05 Fmax= 4.12039e+03, atom= 1744
Step=  270, Dmax= 1.0e-02 nm, Epot= -5.20008e+05 Fmax= 1.15968e+04, atom= 1744
Step=  271, Dmax= 1.2e-02 nm, Epot= -5.20096e+05 Fmax= 7.13563e+03, atom= 1744
Step=  272, Dmax= 1.5e-02 nm, Epot= -5.20072e+05 Fmax= 1.54589e+04, atom= 1744
Step=  273, Dmax= 7.3e-03 nm, Epot= -5.20156e+05 Fmax= 4.15929e+03, atom= 1744
Step=  274, Dmax= 8.8e-03 nm, Epot= -5.20200e+05 Fmax= 9.30490e+03, atom= 1744
Step=  275, Dmax= 1.1e-02 nm, Epot= -5.20266e+05 Fmax= 6.96256e+03, atom= 1744
Step=  276, Dmax= 1.3e-02 nm, Epot= -5.20278e+05 Fmax= 1.24422e+04, atom= 1744
Step=  277, Dmax= 1.5e-02 nm, Epot= -5.20346e+05 Fmax= 1.09592e+04, atom= 1744
Step=  278, Dmax= 1.8e-02 nm, Epot= -5.20316e+05 Fmax= 1.69682e+04, atom= 1744
Step=  279, Dmax= 9.1e-03 nm, Epot= -5.20440e+05 Fmax= 3.02335e+03, atom= 1744
Step=  280, Dmax= 1.1e-02 nm, Epot= -5.20479e+05 Fmax= 1.38986e+04, atom= 1744
Step=  281, Dmax= 1.3e-02 nm, Epot= -5.20600e+05 Fmax= 6.24605e+03, atom= 1744
Step=  282, Dmax= 1.6e-02 nm, Epot= -5.20540e+05 Fmax= 1.80585e+04, atom= 1744
Step=  283, Dmax= 7.9e-03 nm, Epot= -5.20651e+05 Fmax= 5.90276e+03, atom= 1744
Step=  284, Dmax= 9.5e-03 nm, Epot= -5.20691e+05 Fmax= 8.58215e+03, atom= 1744
Step=  285, Dmax= 1.1e-02 nm, Epot= -5.20739e+05 Fmax= 8.90483e+03, atom= 1744
Step=  286, Dmax= 1.4e-02 nm, Epot= -5.20762e+05 Fmax= 1.19585e+04, atom= 1744
Step=  287, Dmax= 1.6e-02 nm, Epot= -5.20798e+05 Fmax= 1.31903e+04, atom= 1744
Step=  288, Dmax= 2.0e-02 nm, Epot= -5.20793e+05 Fmax= 1.68208e+04, atom= 1744
Step=  289, Dmax= 9.8e-03 nm, Epot= -5.20919e+05 Fmax= 1.84281e+03, atom= 1744
Step=  290, Dmax= 1.2e-02 nm, Epot= -5.21017e+05 Fmax= 1.64143e+04, atom= 1744
Step=  291, Dmax= 1.4e-02 nm, Epot= -5.21179e+05 Fmax= 5.26498e+03, atom= 1744
Step=  292, Dmax= 1.7e-02 nm, Epot= -5.21077e+05 Fmax= 2.08962e+04, atom= 1744
Step=  293, Dmax= 8.5e-03 nm, Epot= -5.21221e+05 Fmax= 7.81793e+03, atom= 1744
Step=  294, Dmax= 1.0e-02 nm, Epot= -5.21269e+05 Fmax= 7.76345e+03, atom= 1744
Step=  295, Dmax= 1.2e-02 nm, Epot= -5.21294e+05 Fmax= 1.10424e+04, atom= 1744
Step=  296, Dmax= 1.5e-02 nm, Epot= -5.21339e+05 Fmax= 1.13882e+04, atom= 1744
Step=  297, Dmax= 1.8e-02 nm, Epot= -5.21334e+05 Fmax= 1.56428e+04, atom= 1744
Step=  298, Dmax= 8.8e-03 nm, Epot= -5.21435e+05 Fmax= 2.12965e+03, atom= 1744
Step=  299, Dmax= 1.1e-02 nm, Epot= -5.21515e+05 Fmax= 1.39687e+04, atom= 1744
Step=  300, Dmax= 1.3e-02 nm, Epot= -5.21636e+05 Fmax= 5.53341e+03, atom= 1744
Step=  301, Dmax= 1.5e-02 nm, Epot= -5.21583e+05 Fmax= 1.76911e+04, atom= 1744
Step=  302, Dmax= 7.6e-03 nm, Epot= -5.21682e+05 Fmax= 6.08896e+03, atom= 1744
Step=  303, Dmax= 9.1e-03 nm, Epot= -5.21722e+05 Fmax= 7.96117e+03, atom= 1744
Step=  304, Dmax= 1.1e-02 nm, Epot= -5.21764e+05 Fmax= 8.78339e+03, atom= 1744
Step=  305, Dmax= 1.3e-02 nm, Epot= -5.21790e+05 Fmax= 1.14225e+04, atom= 1744
Step=  306, Dmax= 1.6e-02 nm, Epot= -5.21823e+05 Fmax= 1.26806e+04, atom= 1744
Step=  307, Dmax= 1.9e-02 nm, Epot= -5.21819e+05 Fmax= 1.63635e+04, atom= 1744
Step=  308, Dmax= 9.4e-03 nm, Epot= -5.21934e+05 Fmax= 1.84763e+03, atom= 1744
Step=  309, Dmax= 1.1e-02 nm, Epot= -5.22027e+05 Fmax= 1.54431e+04, atom= 1744
Step=  310, Dmax= 1.4e-02 nm, Epot= -5.22169e+05 Fmax= 5.53502e+03, atom= 1744
Step=  311, Dmax= 1.6e-02 nm, Epot= -5.22088e+05 Fmax= 1.94173e+04, atom= 1744
Step=  312, Dmax= 8.2e-03 nm, Epot= -5.22212e+05 Fmax= 6.95553e+03, atom= 1744
Step=  313, Dmax= 9.8e-03 nm, Epot= -5.22252e+05 Fmax= 8.14596e+03, atom= 1744
Step=  314, Dmax= 1.2e-02 nm, Epot= -5.22286e+05 Fmax= 9.85118e+03, atom= 1744
Step=  315, Dmax= 1.4e-02 nm, Epot= -5.22313e+05 Fmax= 1.18638e+04, atom= 1744
Step=  316, Dmax= 1.7e-02 nm, Epot= -5.22332e+05 Fmax= 1.40383e+04, atom= 1744
Step=  317, Dmax= 2.0e-02 nm, Epot= -5.22332e+05 Fmax= 1.71687e+04, atom= 1744
Step=  318, Dmax= 1.0e-02 nm, Epot= -5.22461e+05 Fmax= 1.57612e+03, atom= 1744
Step=  319, Dmax= 1.2e-02 nm, Epot= -5.22578e+05 Fmax= 1.69941e+04, atom= 1744
Step=  320, Dmax= 1.5e-02 nm, Epot= -5.22743e+05 Fmax= 5.58066e+03, atom= 1744
Step=  321, Dmax= 1.8e-02 nm, Epot= -5.22629e+05 Fmax= 2.12203e+04, atom= 1744
Step=  322, Dmax= 8.8e-03 nm, Epot= -5.22780e+05 Fmax= 7.84270e+03, atom= 1744
Step=  323, Dmax= 1.1e-02 nm, Epot= -5.22822e+05 Fmax= 8.39092e+03, atom= 1744
Step=  324, Dmax= 1.3e-02 nm, Epot= -5.22846e+05 Fmax= 1.09525e+04, atom= 1744
Step=  325, Dmax= 1.5e-02 nm, Epot= -5.22876e+05 Fmax= 1.23850e+04, atom= 1744
Step=  326, Dmax= 1.8e-02 nm, Epot= -5.22880e+05 Fmax= 1.54501e+04, atom= 1744
Step=  327, Dmax= 2.2e-02 nm, Epot= -5.22882e+05 Fmax= 1.80800e+04, atom= 1744
Step=  328, Dmax= 2.6e-02 nm, Epot= -5.22848e+05 Fmax= 2.18989e+04, atom= 1744
Step=  329, Dmax= 1.3e-02 nm, Epot= -5.23076e+05 Fmax= 1.97836e+03, atom= 1744
Step=  330, Dmax= 1.6e-02 nm, Epot= -5.23087e+05 Fmax= 2.23508e+04, atom= 1744
Step=  331, Dmax= 1.9e-02 nm, Epot= -5.23348e+05 Fmax= 6.63977e+03, atom= 1744
Step=  332, Dmax= 2.3e-02 nm, Epot= -5.23069e+05 Fmax= 2.82441e+04, atom= 1744
Step=  333, Dmax= 1.1e-02 nm, Epot= -5.23367e+05 Fmax= 1.08280e+04, atom= 1744
Step=  334, Dmax= 1.4e-02 nm, Epot= -5.23417e+05 Fmax= 9.98119e+03, atom= 1744
Step=  335, Dmax= 1.6e-02 nm, Epot= -5.23404e+05 Fmax= 1.51012e+04, atom= 1744
Step=  336, Dmax= 8.1e-03 nm, Epot= -5.23492e+05 Fmax= 2.55948e+03, atom= 1744
Step=  337, Dmax= 9.8e-03 nm, Epot= -5.23540e+05 Fmax= 1.23752e+04, atom= 1744
Step=  338, Dmax= 1.2e-02 nm, Epot= -5.23634e+05 Fmax= 5.69813e+03, atom= 1744
Step=  339, Dmax= 1.4e-02 nm, Epot= -5.23601e+05 Fmax= 1.58438e+04, atom= 1744
Step=  340, Dmax= 7.0e-03 nm, Epot= -5.23678e+05 Fmax= 5.08017e+03, atom= 1744
Step=  341, Dmax= 8.4e-03 nm, Epot= -5.23713e+05 Fmax= 7.95296e+03, atom= 1744
Step=  342, Dmax= 1.0e-02 nm, Epot= -5.23756e+05 Fmax= 7.57448e+03, atom= 1744
Step=  343, Dmax= 1.2e-02 nm, Epot= -5.23773e+05 Fmax= 1.11692e+04, atom= 1744
Step=  344, Dmax= 1.5e-02 nm, Epot= -5.23815e+05 Fmax= 1.11840e+04, atom= 1744
Step=  345, Dmax= 1.8e-02 nm, Epot= -5.23801e+05 Fmax= 1.57606e+04, atom= 1744
Step=  346, Dmax= 8.8e-03 nm, Epot= -5.23902e+05 Fmax= 2.29045e+03, atom= 1744
Step=  347, Dmax= 1.1e-02 nm, Epot= -5.23954e+05 Fmax= 1.37475e+04, atom= 1744
Step=  348, Dmax= 1.3e-02 nm, Epot= -5.24064e+05 Fmax= 5.68853e+03, atom= 1744
Step=  349, Dmax= 1.5e-02 nm, Epot= -5.24007e+05 Fmax= 1.74563e+04, atom= 1744
Step=  350, Dmax= 7.6e-03 nm, Epot= -5.24104e+05 Fmax= 5.89320e+03, atom= 1744
Step=  351, Dmax= 9.1e-03 nm, Epot= -5.24138e+05 Fmax= 8.11472e+03, atom= 1744
Step=  352, Dmax= 1.1e-02 nm, Epot= -5.24176e+05 Fmax= 8.57250e+03, atom= 1744
Step=  353, Dmax= 1.3e-02 nm, Epot= -5.24193e+05 Fmax= 1.15711e+04, atom= 1744
Step=  354, Dmax= 1.6e-02 nm, Epot= -5.24224e+05 Fmax= 1.24507e+04, atom= 1744
Step=  355, Dmax= 1.9e-02 nm, Epot= -5.24211e+05 Fmax= 1.65017e+04, atom= 1744
Step=  356, Dmax= 9.4e-03 nm, Epot= -5.24325e+05 Fmax= 2.03075e+03, atom= 1744
Step=  357, Dmax= 1.1e-02 nm, Epot= -5.24382e+05 Fmax= 1.51977e+04, atom= 1744
Step=  358, Dmax= 1.4e-02 nm, Epot= -5.24512e+05 Fmax= 5.70540e+03, atom= 1744
Step=  359, Dmax= 1.6e-02 nm, Epot= -5.24427e+05 Fmax= 1.91641e+04, atom= 1744
Step=  360, Dmax= 8.1e-03 nm, Epot= -5.24549e+05 Fmax= 6.74246e+03, atom= 1744
Step=  361, Dmax= 9.8e-03 nm, Epot= -5.24581e+05 Fmax= 8.31210e+03, atom= 1744
Step=  362, Dmax= 1.2e-02 nm, Epot= -5.24612e+05 Fmax= 9.62316e+03, atom= 1744
Step=  363, Dmax= 1.4e-02 nm, Epot= -5.24631e+05 Fmax= 1.20235e+04, atom= 1744
Step=  364, Dmax= 1.7e-02 nm, Epot= -5.24649e+05 Fmax= 1.37913e+04, atom= 1744
Step=  365, Dmax= 2.0e-02 nm, Epot= -5.24638e+05 Fmax= 1.73167e+04, atom= 1744
Step=  366, Dmax= 1.0e-02 nm, Epot= -5.24768e+05 Fmax= 1.77206e+03, atom= 1744
Step=  367, Dmax= 1.2e-02 nm, Epot= -5.24834e+05 Fmax= 1.67355e+04, atom= 1744
Step=  368, Dmax= 1.5e-02 nm, Epot= -5.24987e+05 Fmax= 5.75277e+03, atom= 1744
Step=  369, Dmax= 1.7e-02 nm, Epot= -5.24869e+05 Fmax= 2.09650e+04, atom= 1744
Step=  370, Dmax= 8.7e-03 nm, Epot= -5.25019e+05 Fmax= 7.62569e+03, atom= 1744
Step=  371, Dmax= 1.0e-02 nm, Epot= -5.25053e+05 Fmax= 8.55551e+03, atom= 1744
Step=  372, Dmax= 1.3e-02 nm, Epot= -5.25075e+05 Fmax= 1.07217e+04, atom= 1744
Step=  373, Dmax= 1.5e-02 nm, Epot= -5.25096e+05 Fmax= 1.25413e+04, atom= 1744
Step=  374, Dmax= 1.8e-02 nm, Epot= -5.25100e+05 Fmax= 1.52001e+04, atom= 1744
Step=  375, Dmax= 2.2e-02 nm, Epot= -5.25091e+05 Fmax= 1.82225e+04, atom= 1744
Step=  376, Dmax= 1.1e-02 nm, Epot= -5.25239e+05 Fmax= 1.52712e+03, atom= 1744
Step=  377, Dmax= 1.3e-02 nm, Epot= -5.25321e+05 Fmax= 1.83447e+04, atom= 1744
Step=  378, Dmax= 1.6e-02 nm, Epot= -5.25499e+05 Fmax= 5.86103e+03, atom= 1744
Step=  379, Dmax= 1.9e-02 nm, Epot= -5.25343e+05 Fmax= 2.28309e+04, atom= 1744
Step=  380, Dmax= 9.4e-03 nm, Epot= -5.25526e+05 Fmax= 8.51658e+03, atom= 1744
Step=  381, Dmax= 1.1e-02 nm, Epot= -5.25562e+05 Fmax= 8.87950e+03, atom= 1744
Step=  382, Dmax= 1.4e-02 nm, Epot= -5.25574e+05 Fmax= 1.18401e+04, atom= 1744
Step=  383, Dmax= 1.6e-02 nm, Epot= -5.25597e+05 Fmax= 1.31619e+04, atom= 1744
Step=  384, Dmax= 1.9e-02 nm, Epot= -5.25585e+05 Fmax= 1.66485e+04, atom= 1744
Step=  385, Dmax= 9.7e-03 nm, Epot= -5.25704e+05 Fmax= 1.77050e+03, atom= 1744
Step=  386, Dmax= 1.2e-02 nm, Epot= -5.25759e+05 Fmax= 1.64320e+04, atom= 1744
Step=  387, Dmax= 1.4e-02 nm, Epot= -5.25906e+05 Fmax= 5.10544e+03, atom= 1744
Step=  388, Dmax= 1.7e-02 nm, Epot= -5.25791e+05 Fmax= 2.09062e+04, atom= 1744
Step=  389, Dmax= 8.4e-03 nm, Epot= -5.25935e+05 Fmax= 7.90261e+03, atom= 1744
Step=  390, Dmax= 1.0e-02 nm, Epot= -5.25972e+05 Fmax= 7.57167e+03, atom= 1744
Step=  391, Dmax= 1.2e-02 nm, Epot= -5.25984e+05 Fmax= 1.11214e+04, atom= 1744
Step=  392, Dmax= 1.5e-02 nm, Epot= -5.26020e+05 Fmax= 1.11577e+04, atom= 1744
Step=  393, Dmax= 1.7e-02 nm, Epot= -5.26002e+05 Fmax= 1.57073e+04, atom= 1744
Step=  394, Dmax= 8.7e-03 nm, Epot= -5.26103e+05 Fmax= 2.27628e+03, atom= 1744
Step=  395, Dmax= 1.0e-02 nm, Epot= -5.26139e+05 Fmax= 1.36945e+04, atom= 1744
Step=  396, Dmax= 1.3e-02 nm, Epot= -5.26243e+05 Fmax= 5.68077e+03, atom= 1744
Step=  397, Dmax= 1.5e-02 nm, Epot= -5.26179e+05 Fmax= 1.73817e+04, atom= 1744
Step=  398, Dmax= 7.5e-03 nm, Epot= -5.26279e+05 Fmax= 5.85977e+03, atom= 1744
Step=  399, Dmax= 9.0e-03 nm, Epot= -5.26306e+05 Fmax= 8.10767e+03, atom= 1744
Step=  400, Dmax= 1.1e-02 nm, Epot= -5.26339e+05 Fmax= 8.52231e+03, atom= 1744
Step=  401, Dmax= 1.3e-02 nm, Epot= -5.26350e+05 Fmax= 1.15611e+04, atom= 1744
Step=  402, Dmax= 1.6e-02 nm, Epot= -5.26377e+05 Fmax= 1.23799e+04, atom= 1744
Step=  403, Dmax= 1.9e-02 nm, Epot= -5.26359e+05 Fmax= 1.64840e+04, atom= 1744
Step=  404, Dmax= 9.4e-03 nm, Epot= -5.26474e+05 Fmax= 2.05676e+03, atom= 1744
Step=  405, Dmax= 1.1e-02 nm, Epot= -5.26509e+05 Fmax= 1.50996e+04, atom= 1744
Step=  406, Dmax= 1.4e-02 nm, Epot= -5.26632e+05 Fmax= 5.73661e+03, atom= 1744
Step=  407, Dmax= 1.6e-02 nm, Epot= -5.26541e+05 Fmax= 1.90455e+04, atom= 1744
Step=  408, Dmax= 8.1e-03 nm, Epot= -5.26665e+05 Fmax= 6.66716e+03, atom= 1744
Step=  409, Dmax= 9.7e-03 nm, Epot= -5.26692e+05 Fmax= 8.34325e+03, atom= 1744
Step=  410, Dmax= 1.2e-02 nm, Epot= -5.26718e+05 Fmax= 9.53068e+03, atom= 1744
Step=  411, Dmax= 1.4e-02 nm, Epot= -5.26730e+05 Fmax= 1.20507e+04, atom= 1744
Step=  412, Dmax= 1.7e-02 nm, Epot= -5.26746e+05 Fmax= 1.36779e+04, atom= 1744
Step=  413, Dmax= 2.0e-02 nm, Epot= -5.26728e+05 Fmax= 1.73343e+04, atom= 1744
Step=  414, Dmax= 1.0e-02 nm, Epot= -5.26859e+05 Fmax= 1.83690e+03, atom= 1744
Step=  415, Dmax= 1.2e-02 nm, Epot= -5.26896e+05 Fmax= 1.65940e+04, atom= 1744
Step=  416, Dmax= 1.5e-02 nm, Epot= -5.27041e+05 Fmax= 5.81885e+03, atom= 1744
Step=  417, Dmax= 1.7e-02 nm, Epot= -5.26917e+05 Fmax= 2.08078e+04, atom= 1744
Step=  418, Dmax= 8.7e-03 nm, Epot= -5.27069e+05 Fmax= 7.51318e+03, atom= 1744
Step=  419, Dmax= 1.0e-02 nm, Epot= -5.27097e+05 Fmax= 8.61949e+03, atom= 1744
Step=  420, Dmax= 1.3e-02 nm, Epot= -5.27115e+05 Fmax= 1.05920e+04, atom= 1744
Step=  421, Dmax= 1.5e-02 nm, Epot= -5.27129e+05 Fmax= 1.26001e+04, atom= 1744
Step=  422, Dmax= 1.8e-02 nm, Epot= -5.27131e+05 Fmax= 1.50484e+04, atom= 1744
Step=  423, Dmax= 2.2e-02 nm, Epot= -5.27115e+05 Fmax= 1.82710e+04, atom= 1744
Step=  424, Dmax= 1.1e-02 nm, Epot= -5.27264e+05 Fmax= 1.62571e+03, atom= 1744
Step=  425, Dmax= 1.3e-02 nm, Epot= -5.27306e+05 Fmax= 1.81681e+04, atom= 1744
Step=  426, Dmax= 1.6e-02 nm, Epot= -5.27477e+05 Fmax= 5.95058e+03, atom= 1744
Step=  427, Dmax= 1.9e-02 nm, Epot= -5.27314e+05 Fmax= 2.26497e+04, atom= 1744
Step=  428, Dmax= 9.4e-03 nm, Epot= -5.27499e+05 Fmax= 8.37838e+03, atom= 1744
Step=  429, Dmax= 1.1e-02 nm, Epot= -5.27528e+05 Fmax= 8.96391e+03, atom= 1744
Step=  430, Dmax= 1.3e-02 nm, Epot= -5.27537e+05 Fmax= 1.16854e+04, atom= 1744
Step=  431, Dmax= 1.6e-02 nm, Epot= -5.27553e+05 Fmax= 1.32391e+04, atom= 1744
Step=  432, Dmax= 1.9e-02 nm, Epot= -5.27540e+05 Fmax= 1.64721e+04, atom= 1744
Step=  433, Dmax= 9.7e-03 nm, Epot= -5.27659e+05 Fmax= 1.64435e+03, atom= 1744
Step=  434, Dmax= 1.2e-02 nm, Epot= -5.27702e+05 Fmax= 1.65379e+04, atom= 1744
Step=  435, Dmax= 1.4e-02 nm, Epot= -5.27847e+05 Fmax= 4.93414e+03, atom= 1744
Step=  436, Dmax= 1.7e-02 nm, Epot= -5.27722e+05 Fmax= 2.10098e+04, atom= 1744
Step=  437, Dmax= 8.4e-03 nm, Epot= -5.27869e+05 Fmax= 8.04191e+03, atom= 1744
Step=  438, Dmax= 1.0e-02 nm, Epot= -5.27905e+05 Fmax= 7.38088e+03, atom= 1744
Step=  439, Dmax= 1.2e-02 nm, Epot= -5.27910e+05 Fmax= 1.12599e+04, atom= 1744
Step=  440, Dmax= 1.4e-02 nm, Epot= -5.27944e+05 Fmax= 1.09457e+04, atom= 1744
Step=  441, Dmax= 1.7e-02 nm, Epot= -5.27918e+05 Fmax= 1.58398e+04, atom= 1744
Step=  442, Dmax= 8.7e-03 nm, Epot= -5.28022e+05 Fmax= 2.44814e+03, atom= 1744
Step=  443, Dmax= 1.0e-02 nm, Epot= -5.28038e+05 Fmax= 1.34643e+04, atom= 1744
Step=  444, Dmax= 1.3e-02 nm, Epot= -5.28136e+05 Fmax= 5.84804e+03, atom= 1744
Step=  445, Dmax= 1.5e-02 nm, Epot= -5.28066e+05 Fmax= 1.71354e+04, atom= 1744
Step=  446, Dmax= 7.5e-03 nm, Epot= -5.28168e+05 Fmax= 5.65312e+03, atom= 1744
Step=  447, Dmax= 9.0e-03 nm, Epot= -5.28188e+05 Fmax= 8.27562e+03, atom= 1744
Step=  448, Dmax= 1.1e-02 nm, Epot= -5.28219e+05 Fmax= 8.29804e+03, atom= 1744
Step=  449, Dmax= 1.3e-02 nm, Epot= -5.28223e+05 Fmax= 1.17270e+04, atom= 1744
Step=  450, Dmax= 1.6e-02 nm, Epot= -5.28250e+05 Fmax= 1.21348e+04, atom= 1744
Step=  451, Dmax= 1.9e-02 nm, Epot= -5.28222e+05 Fmax= 1.66427e+04, atom= 1744
Step=  452, Dmax= 9.4e-03 nm, Epot= -5.28341e+05 Fmax= 2.25792e+03, atom= 1744
Step=  453, Dmax= 1.1e-02 nm, Epot= -5.28352e+05 Fmax= 1.48375e+04, atom= 1744
Step=  454, Dmax= 1.3e-02 nm, Epot= -5.28467e+05 Fmax= 5.92799e+03, atom= 1744
Step=  455, Dmax= 1.6e-02 nm, Epot= -5.28371e+05 Fmax= 1.87715e+04, atom= 1744
Step=  456, Dmax= 8.1e-03 nm, Epot= -5.28496e+05 Fmax= 6.43367e+03, atom= 1744
Step=  457, Dmax= 9.7e-03 nm, Epot= -5.28517e+05 Fmax= 8.53316e+03, atom= 1744
Step=  458, Dmax= 1.2e-02 nm, Epot= -5.28542e+05 Fmax= 9.28087e+03, atom= 1744
Step=  459, Dmax= 1.4e-02 nm, Epot= -5.28546e+05 Fmax= 1.22367e+04, atom= 1744
Step=  460, Dmax= 1.7e-02 nm, Epot= -5.28562e+05 Fmax= 1.34070e+04, atom= 1744
Step=  461, Dmax= 2.0e-02 nm, Epot= -5.28534e+05 Fmax= 1.75117e+04, atom= 1744
Step=  462, Dmax= 1.0e-02 nm, Epot= -5.28669e+05 Fmax= 2.05917e+03, atom= 1744
Step=  463, Dmax= 1.2e-02 nm, Epot= -5.28675e+05 Fmax= 1.63092e+04, atom= 1744
Step=  464, Dmax= 1.4e-02 nm, Epot= -5.28811e+05 Fmax= 6.02309e+03, atom= 1744
Step=  465, Dmax= 1.7e-02 nm, Epot= -5.28684e+05 Fmax= 2.05184e+04, atom= 1744
Step=  466, Dmax= 8.7e-03 nm, Epot= -5.28837e+05 Fmax= 7.26381e+03, atom= 1744
Step=  467, Dmax= 1.0e-02 nm, Epot= -5.28858e+05 Fmax= 8.82046e+03, atom= 1744
Step=  468, Dmax= 1.3e-02 nm, Epot= -5.28876e+05 Fmax= 1.03269e+04, atom= 1744
Step=  469, Dmax= 1.5e-02 nm, Epot= -5.28881e+05 Fmax= 1.27954e+04, atom= 1744
Step=  470, Dmax= 1.8e-02 nm, Epot= -5.28885e+05 Fmax= 1.47625e+04, atom= 1744
Step=  471, Dmax= 2.2e-02 nm, Epot= -5.28858e+05 Fmax= 1.84554e+04, atom= 1744
Step=  472, Dmax= 1.1e-02 nm, Epot= -5.29011e+05 Fmax= 1.85883e+03, atom= 1744
Step=  473, Dmax= 1.3e-02 nm, Epot= -5.29012e+05 Fmax= 1.78747e+04, atom= 1744
Step=  474, Dmax= 1.6e-02 nm, Epot= -5.29174e+05 Fmax= 6.15085e+03, atom= 1744
Step=  475, Dmax= 1.9e-02 nm, Epot= -5.29009e+05 Fmax= 2.23650e+04, atom= 1744
Step=  476, Dmax= 9.3e-03 nm, Epot= -5.29194e+05 Fmax= 8.13114e+03, atom= 1744
Step=  477, Dmax= 1.1e-02 nm, Epot= -5.29217e+05 Fmax= 9.15671e+03, atom= 1744
Step=  478, Dmax= 1.3e-02 nm, Epot= -5.29226e+05 Fmax= 1.14234e+04, atom= 1744
Step=  479, Dmax= 1.6e-02 nm, Epot= -5.29234e+05 Fmax= 1.34243e+04, atom= 1744
Step=  480, Dmax= 1.9e-02 nm, Epot= -5.29223e+05 Fmax= 1.61893e+04, atom= 1744
Step=  481, Dmax= 9.7e-03 nm, Epot= -5.29339e+05 Fmax= 1.41175e+03, atom= 1744
Step=  482, Dmax= 1.2e-02 nm, Epot= -5.29386e+05 Fmax= 1.67751e+04, atom= 1744
Step=  483, Dmax= 1.4e-02 nm, Epot= -5.29533e+05 Fmax= 4.63916e+03, atom= 1744
Step=  484, Dmax= 1.7e-02 nm, Epot= -5.29398e+05 Fmax= 2.12416e+04, atom= 1744
Step=  485, Dmax= 8.4e-03 nm, Epot= -5.29549e+05 Fmax= 8.31088e+03, atom= 1744
Step=  486, Dmax= 1.0e-02 nm, Epot= -5.29585e+05 Fmax= 7.06339e+03, atom= 1744
Step=  487, Dmax= 1.2e-02 nm, Epot= -5.29582e+05 Fmax= 1.15282e+04, atom= 1744
Step=  488, Dmax= 6.0e-03 nm, Epot= -5.29627e+05 Fmax= 2.23051e+03, atom= 1744
Step=  489, Dmax= 7.2e-03 nm, Epot= -5.29662e+05 Fmax= 8.75479e+03, atom= 1744
Step=  490, Dmax= 8.7e-03 nm, Epot= -5.29712e+05 Fmax= 4.62678e+03, atom= 1744
Step=  491, Dmax= 1.0e-02 nm, Epot= -5.29708e+05 Fmax= 1.12720e+04, atom= 1744
Step=  492, Dmax= 5.2e-03 nm, Epot= -5.29741e+05 Fmax= 3.32623e+03, atom= 1744
Step=  493, Dmax= 6.2e-03 nm, Epot= -5.29768e+05 Fmax= 6.35430e+03, atom= 1744
Step=  494, Dmax= 7.5e-03 nm, Epot= -5.29801e+05 Fmax= 5.11229e+03, atom= 1744
Step=  495, Dmax= 9.0e-03 nm, Epot= -5.29814e+05 Fmax= 8.79002e+03, atom= 1744
Step=  496, Dmax= 1.1e-02 nm, Epot= -5.29849e+05 Fmax= 7.73292e+03, atom= 1744
Step=  497, Dmax= 1.3e-02 nm, Epot= -5.29841e+05 Fmax= 1.22421e+04, atom= 1744
Step=  498, Dmax= 6.5e-03 nm, Epot= -5.29895e+05 Fmax= 2.25316e+03, atom= 1744
Step=  499, Dmax= 7.8e-03 nm, Epot= -5.29927e+05 Fmax= 9.55321e+03, atom= 1744
Step=  500, Dmax= 9.3e-03 nm, Epot= -5.29982e+05 Fmax= 4.82994e+03, atom= 1744
Step=  501, Dmax= 1.1e-02 nm, Epot= -5.29967e+05 Fmax= 1.22595e+04, atom= 1744
Step=  502, Dmax= 5.6e-03 nm, Epot= -5.30012e+05 Fmax= 3.71930e+03, atom= 1744
Step=  503, Dmax= 6.7e-03 nm, Epot= -5.30035e+05 Fmax= 6.68023e+03, atom= 1744
Step=  504, Dmax= 8.1e-03 nm, Epot= -5.30067e+05 Fmax= 5.64642e+03, atom= 1744
Step=  505, Dmax= 9.7e-03 nm, Epot= -5.30077e+05 Fmax= 9.29149e+03, atom= 1744
Step=  506, Dmax= 1.2e-02 nm, Epot= -5.30111e+05 Fmax= 8.46897e+03, atom= 1744
Step=  507, Dmax= 1.4e-02 nm, Epot= -5.30098e+05 Fmax= 1.29951e+04, atom= 1744
Step=  508, Dmax= 7.0e-03 nm, Epot= -5.30162e+05 Fmax= 2.26207e+03, atom= 1744
Step=  509, Dmax= 8.3e-03 nm, Epot= -5.30189e+05 Fmax= 1.04296e+04, atom= 1744
Step=  510, Dmax= 1.0e-02 nm, Epot= -5.30251e+05 Fmax= 5.02973e+03, atom= 1744
Step=  511, Dmax= 1.2e-02 nm, Epot= -5.30225e+05 Fmax= 1.33418e+04, atom= 1744
Step=  512, Dmax= 6.0e-03 nm, Epot= -5.30280e+05 Fmax= 4.16154e+03, atom= 1744
Step=  513, Dmax= 7.2e-03 nm, Epot= -5.30302e+05 Fmax= 7.00936e+03, atom= 1744
Step=  514, Dmax= 8.7e-03 nm, Epot= -5.30333e+05 Fmax= 6.24232e+03, atom= 1744
Step=  515, Dmax= 1.0e-02 nm, Epot= -5.30340e+05 Fmax= 9.80750e+03, atom= 1744
Step=  516, Dmax= 1.2e-02 nm, Epot= -5.30371e+05 Fmax= 9.28364e+03, atom= 1744
Step=  517, Dmax= 1.5e-02 nm, Epot= -5.30353e+05 Fmax= 1.37790e+04, atom= 1744
Step=  518, Dmax= 7.5e-03 nm, Epot= -5.30429e+05 Fmax= 2.24732e+03, atom= 1744
Step=  519, Dmax= 9.0e-03 nm, Epot= -5.30450e+05 Fmax= 1.13966e+04, atom= 1744
Step=  520, Dmax= 1.1e-02 nm, Epot= -5.30521e+05 Fmax= 5.21954e+03, atom= 1744
Step=  521, Dmax= 1.3e-02 nm, Epot= -5.30480e+05 Fmax= 1.45298e+04, atom= 1744
Step=  522, Dmax= 6.5e-03 nm, Epot= -5.30550e+05 Fmax= 4.66166e+03, atom= 1744
Step=  523, Dmax= 7.8e-03 nm, Epot= -5.30569e+05 Fmax= 7.33809e+03, atom= 1744
Step=  524, Dmax= 9.3e-03 nm, Epot= -5.30598e+05 Fmax= 6.90742e+03, atom= 1744
Step=  525, Dmax= 1.1e-02 nm, Epot= -5.30602e+05 Fmax= 1.03365e+04, atom= 1744
Step=  526, Dmax= 1.3e-02 nm, Epot= -5.30630e+05 Fmax= 1.01840e+04, atom= 1744
Step=  527, Dmax= 1.6e-02 nm, Epot= -5.30608e+05 Fmax= 1.45956e+04, atom= 1744
Step=  528, Dmax= 8.0e-03 nm, Epot= -5.30696e+05 Fmax= 2.20611e+03, atom= 1744
Step=  529, Dmax= 9.6e-03 nm, Epot= -5.30711e+05 Fmax= 1.24606e+04, atom= 1744
Step=  530, Dmax= 1.2e-02 nm, Epot= -5.30794e+05 Fmax= 5.39992e+03, atom= 1744
Step=  531, Dmax= 1.4e-02 nm, Epot= -5.30734e+05 Fmax= 1.58299e+04, atom= 1744
Step=  532, Dmax= 6.9e-03 nm, Epot= -5.30820e+05 Fmax= 5.22279e+03, atom= 1744
Step=  533, Dmax= 8.3e-03 nm, Epot= -5.30838e+05 Fmax= 7.66807e+03, atom= 1744
Step=  534, Dmax= 1.0e-02 nm, Epot= -5.30864e+05 Fmax= 7.64618e+03, atom= 1744
Step=  535, Dmax= 1.2e-02 nm, Epot= -5.30867e+05 Fmax= 1.08816e+04, atom= 1744
Step=  536, Dmax= 1.4e-02 nm, Epot= -5.30890e+05 Fmax= 1.11747e+04, atom= 1744
Step=  537, Dmax= 1.7e-02 nm, Epot= -5.30865e+05 Fmax= 1.54491e+04, atom= 1744
Step=  538, Dmax= 8.6e-03 nm, Epot= -5.30967e+05 Fmax= 2.13924e+03, atom= 1744
Step=  539, Dmax= 1.0e-02 nm, Epot= -5.30974e+05 Fmax= 1.36262e+04, atom= 1744
Step=  540, Dmax= 1.2e-02 nm, Epot= -5.31071e+05 Fmax= 5.57410e+03, atom= 1744
Step=  541, Dmax= 1.5e-02 nm, Epot= -5.30990e+05 Fmax= 1.72462e+04, atom= 1744
Step=  542, Dmax= 7.5e-03 nm, Epot= -5.31096e+05 Fmax= 5.84549e+03, atom= 1744
Step=  543, Dmax= 9.0e-03 nm, Epot= -5.31112e+05 Fmax= 8.00421e+03, atom= 1744
Step=  544, Dmax= 1.1e-02 nm, Epot= -5.31135e+05 Fmax= 8.45782e+03, atom= 1744
Step=  545, Dmax= 1.3e-02 nm, Epot= -5.31136e+05 Fmax= 1.14492e+04, atom= 1744
Step=  546, Dmax= 1.5e-02 nm, Epot= -5.31153e+05 Fmax= 1.22569e+04, atom= 1744
Step=  547, Dmax= 1.9e-02 nm, Epot= -5.31126e+05 Fmax= 1.63480e+04, atom= 1744
Step=  548, Dmax= 9.3e-03 nm, Epot= -5.31242e+05 Fmax= 2.04950e+03, atom= 1744
Step=  549, Dmax= 1.1e-02 nm, Epot= -5.31241e+05 Fmax= 1.48965e+04, atom= 1744
Step=  550, Dmax= 5.6e-03 nm, Epot= -5.31278e+05 Fmax= 6.41356e+03, atom= 1744
Step=  551, Dmax= 6.7e-03 nm, Epot= -5.31312e+05 Fmax= 3.92174e+03, atom= 1744
Step=  552, Dmax= 8.0e-03 nm, Epot= -5.31326e+05 Fmax= 8.32957e+03, atom= 1744
Step=  553, Dmax= 9.6e-03 nm, Epot= -5.31362e+05 Fmax= 6.53796e+03, atom= 1744
Step=  554, Dmax= 1.2e-02 nm, Epot= -5.31356e+05 Fmax= 1.11437e+04, atom= 1744
Step=  555, Dmax= 5.8e-03 nm, Epot= -5.31398e+05 Fmax= 2.30817e+03, atom= 1744
Step=  556, Dmax= 6.9e-03 nm, Epot= -5.31425e+05 Fmax= 8.49258e+03, atom= 1744
Step=  557, Dmax= 8.3e-03 nm, Epot= -5.31471e+05 Fmax= 4.25821e+03, atom= 1744
Step=  558, Dmax= 1.0e-02 nm, Epot= -5.31464e+05 Fmax= 1.12112e+04, atom= 1744
Step=  559, Dmax= 5.0e-03 nm, Epot= -5.31497e+05 Fmax= 3.47447e+03, atom= 1744
Step=  560, Dmax= 6.0e-03 nm, Epot= -5.31521e+05 Fmax= 5.66385e+03, atom= 1744
Step=  561, Dmax= 7.2e-03 nm, Epot= -5.31548e+05 Fmax= 5.45594e+03, atom= 1744
Step=  562, Dmax= 8.6e-03 nm, Epot= -5.31563e+05 Fmax= 7.73828e+03, atom= 1744
Step=  563, Dmax= 1.0e-02 nm, Epot= -5.31586e+05 Fmax= 8.24921e+03, atom= 1744
Step=  564, Dmax= 1.2e-02 nm, Epot= -5.31591e+05 Fmax= 1.07715e+04, atom= 1744
Step=  565, Dmax= 1.5e-02 nm, Epot= -5.31602e+05 Fmax= 1.22105e+04, atom= 1744
Step=  566, Dmax= 1.8e-02 nm, Epot= -5.31589e+05 Fmax= 1.51705e+04, atom= 1744
Step=  567, Dmax= 8.9e-03 nm, Epot= -5.31690e+05 Fmax= 1.50252e+03, atom= 1744
Step=  568, Dmax= 1.1e-02 nm, Epot= -5.31715e+05 Fmax= 1.53210e+04, atom= 1744
Step=  569, Dmax= 1.3e-02 nm, Epot= -5.31837e+05 Fmax= 4.46124e+03, atom= 1744
Step=  570, Dmax= 1.5e-02 nm, Epot= -5.31725e+05 Fmax= 1.94847e+04, atom= 1744
Step=  571, Dmax= 7.7e-03 nm, Epot= -5.31853e+05 Fmax= 7.51501e+03, atom= 1744
Step=  572, Dmax= 9.3e-03 nm, Epot= -5.31882e+05 Fmax= 6.68934e+03, atom= 1744
Step=  573, Dmax= 1.1e-02 nm, Epot= -5.31881e+05 Fmax= 1.05070e+04, atom= 1744
Step=  574, Dmax= 5.6e-03 nm, Epot= -5.31919e+05 Fmax= 1.90695e+03, atom= 1744
Step=  575, Dmax= 6.7e-03 nm, Epot= -5.31954e+05 Fmax= 8.21730e+03, atom= 1744
Step=  576, Dmax= 8.0e-03 nm, Epot= -5.31998e+05 Fmax= 4.15947e+03, atom= 1744
Step=  577, Dmax= 9.6e-03 nm, Epot= -5.31995e+05 Fmax= 1.05233e+04, atom= 1744
Step=  578, Dmax= 4.8e-03 nm, Epot= -5.32024e+05 Fmax= 3.18494e+03, atom= 1744
Step=  579, Dmax= 5.8e-03 nm, Epot= -5.32047e+05 Fmax= 5.77328e+03, atom= 1744
Step=  580, Dmax= 6.9e-03 nm, Epot= -5.32074e+05 Fmax= 4.82028e+03, atom= 1744
Step=  581, Dmax= 8.3e-03 nm, Epot= -5.32087e+05 Fmax= 8.04125e+03, atom= 1744
Step=  582, Dmax= 1.0e-02 nm, Epot= -5.32117e+05 Fmax= 7.22824e+03, atom= 1744
Step=  583, Dmax= 1.2e-02 nm, Epot= -5.32111e+05 Fmax= 1.12488e+04, atom= 1744
Step=  584, Dmax= 6.0e-03 nm, Epot= -5.32157e+05 Fmax= 2.00889e+03, atom= 1744
Step=  585, Dmax= 7.2e-03 nm, Epot= -5.32186e+05 Fmax= 8.88079e+03, atom= 1744
Step=  586, Dmax= 8.6e-03 nm, Epot= -5.32235e+05 Fmax= 4.42137e+03, atom= 1744
Step=  587, Dmax= 1.0e-02 nm, Epot= -5.32223e+05 Fmax= 1.13655e+04, atom= 1744
Step=  588, Dmax= 5.2e-03 nm, Epot= -5.32261e+05 Fmax= 3.47619e+03, atom= 1744
Step=  589, Dmax= 6.2e-03 nm, Epot= -5.32282e+05 Fmax= 6.14725e+03, atom= 1744
Step=  590, Dmax= 7.4e-03 nm, Epot= -5.32309e+05 Fmax= 5.24294e+03, atom= 1744
Step=  591, Dmax= 8.9e-03 nm, Epot= -5.32318e+05 Fmax= 8.57625e+03, atom= 1744
Step=  592, Dmax= 1.1e-02 nm, Epot= -5.32347e+05 Fmax= 7.83948e+03, atom= 1744
Step=  593, Dmax= 1.3e-02 nm, Epot= -5.32337e+05 Fmax= 1.20140e+04, atom= 1744
Step=  594, Dmax= 6.4e-03 nm, Epot= -5.32391e+05 Fmax= 2.08638e+03, atom= 1744
Step=  595, Dmax= 7.7e-03 nm, Epot= -5.32416e+05 Fmax= 9.62633e+03, atom= 1744
Step=  596, Dmax= 9.3e-03 nm, Epot= -5.32470e+05 Fmax= 4.66972e+03, atom= 1744
Step=  597, Dmax= 1.1e-02 nm, Epot= -5.32448e+05 Fmax= 1.23052e+04, atom= 1744
Step=  598, Dmax= 5.6e-03 nm, Epot= -5.32495e+05 Fmax= 3.82203e+03, atom= 1744
Step=  599, Dmax= 6.7e-03 nm, Epot= -5.32513e+05 Fmax= 6.51443e+03, atom= 1744
Step=  600, Dmax= 8.0e-03 nm, Epot= -5.32540e+05 Fmax= 5.73205e+03, atom= 1744
Step=  601, Dmax= 9.6e-03 nm, Epot= -5.32546e+05 Fmax= 9.11446e+03, atom= 1744
Step=  602, Dmax= 1.2e-02 nm, Epot= -5.32574e+05 Fmax= 8.53293e+03, atom= 1744
Step=  603, Dmax= 1.4e-02 nm, Epot= -5.32559e+05 Fmax= 1.27987e+04, atom= 1744
Step=  604, Dmax= 6.9e-03 nm, Epot= -5.32624e+05 Fmax= 2.13204e+03, atom= 1744
Step=  605, Dmax= 8.3e-03 nm, Epot= -5.32642e+05 Fmax= 1.04657e+04, atom= 1744
Step=  606, Dmax= 1.0e-02 nm, Epot= -5.32702e+05 Fmax= 4.89838e+03, atom= 1744
Step=  607, Dmax= 1.2e-02 nm, Epot= -5.32669e+05 Fmax= 1.33531e+04, atom= 1744
Step=  608, Dmax= 6.0e-03 nm, Epot= -5.32727e+05 Fmax= 4.23275e+03, atom= 1744
Step=  609, Dmax= 7.2e-03 nm, Epot= -5.32743e+05 Fmax= 6.86932e+03, atom= 1744
Step=  610, Dmax= 8.6e-03 nm, Epot= -5.32769e+05 Fmax= 6.29781e+03, atom= 1744
Step=  611, Dmax= 1.0e-02 nm, Epot= -5.32773e+05 Fmax= 9.65245e+03, atom= 1744
Step=  612, Dmax= 1.2e-02 nm, Epot= -5.32798e+05 Fmax= 9.31845e+03, atom= 1744
Step=  613, Dmax= 1.5e-02 nm, Epot= -5.32778e+05 Fmax= 1.36010e+04, atom= 1744
Step=  614, Dmax= 7.4e-03 nm, Epot= -5.32854e+05 Fmax= 2.14094e+03, atom= 1744
Step=  615, Dmax= 8.9e-03 nm, Epot= -5.32865e+05 Fmax= 1.14069e+04, atom= 1744
Step=  616, Dmax= 1.1e-02 nm, Epot= -5.32935e+05 Fmax= 5.10558e+03, atom= 1744
Step=  617, Dmax= 1.3e-02 nm, Epot= -5.32886e+05 Fmax= 1.45178e+04, atom= 1744
Step=  618, Dmax= 6.4e-03 nm, Epot= -5.32959e+05 Fmax= 4.71238e+03, atom= 1744
Step=  619, Dmax= 7.7e-03 nm, Epot= -5.32973e+05 Fmax= 7.21218e+03, atom= 1744
Step=  620, Dmax= 9.2e-03 nm, Epot= -5.32998e+05 Fmax= 6.94387e+03, atom= 1744
Step=  621, Dmax= 1.1e-02 nm, Epot= -5.32998e+05 Fmax= 1.01918e+04, atom= 1744
Step=  622, Dmax= 1.3e-02 nm, Epot= -5.33020e+05 Fmax= 1.02010e+04, atom= 1744
Step=  623, Dmax= 1.6e-02 nm, Epot= -5.32996e+05 Fmax= 1.44232e+04, atom= 1744
Step=  624, Dmax= 8.0e-03 nm, Epot= -5.33085e+05 Fmax= 2.11160e+03, atom= 1744
Step=  625, Dmax= 9.6e-03 nm, Epot= -5.33088e+05 Fmax= 1.24568e+04, atom= 1744
Step=  626, Dmax= 1.2e-02 nm, Epot= -5.33168e+05 Fmax= 5.29180e+03, atom= 1744
Step=  627, Dmax= 1.4e-02 nm, Epot= -5.33102e+05 Fmax= 1.58052e+04, atom= 1744
Step=  628, Dmax= 6.9e-03 nm, Epot= -5.33191e+05 Fmax= 5.26450e+03, atom= 1744
Step=  629, Dmax= 8.3e-03 nm, Epot= -5.33204e+05 Fmax= 7.54456e+03, atom= 1744
Step=  630, Dmax= 9.9e-03 nm, Epot= -5.33226e+05 Fmax= 7.67452e+03, atom= 1744
Step=  631, Dmax= 1.2e-02 nm, Epot= -5.33225e+05 Fmax= 1.07354e+04, atom= 1744
Step=  632, Dmax= 6.0e-03 nm, Epot= -5.33268e+05 Fmax= 1.52969e+03, atom= 1744
Step=  633, Dmax= 7.2e-03 nm, Epot= -5.33306e+05 Fmax= 9.28936e+03, atom= 1744
Step=  634, Dmax= 8.6e-03 nm, Epot= -5.33357e+05 Fmax= 3.97030e+03, atom= 1744
Step=  635, Dmax= 1.0e-02 nm, Epot= -5.33340e+05 Fmax= 1.17605e+04, atom= 1744
Step=  636, Dmax= 5.2e-03 nm, Epot= -5.33380e+05 Fmax= 3.89894e+03, atom= 1744
Step=  637, Dmax= 6.2e-03 nm, Epot= -5.33398e+05 Fmax= 5.68301e+03, atom= 1744
Step=  638, Dmax= 7.4e-03 nm, Epot= -5.33420e+05 Fmax= 5.66986e+03, atom= 1744
Step=  639, Dmax= 8.9e-03 nm, Epot= -5.33431e+05 Fmax= 8.09644e+03, atom= 1744
Step=  640, Dmax= 1.1e-02 nm, Epot= -5.33452e+05 Fmax= 8.26757e+03, atom= 1744
Step=  641, Dmax= 1.3e-02 nm, Epot= -5.33446e+05 Fmax= 1.15157e+04, atom= 1744
Step=  642, Dmax= 6.4e-03 nm, Epot= -5.33498e+05 Fmax= 1.62317e+03, atom= 1744
Step=  643, Dmax= 7.7e-03 nm, Epot= -5.33529e+05 Fmax= 1.00239e+04, atom= 1744
Step=  644, Dmax= 9.2e-03 nm, Epot= -5.33586e+05 Fmax= 4.22646e+03, atom= 1744
Step=  645, Dmax= 1.1e-02 nm, Epot= -5.33558e+05 Fmax= 1.26913e+04, atom= 1744
Step=  646, Dmax= 5.5e-03 nm, Epot= -5.33608e+05 Fmax= 4.23705e+03, atom= 1744
Step=  647, Dmax= 6.6e-03 nm, Epot= -5.33625e+05 Fmax= 6.05590e+03, atom= 1744
Step=  648, Dmax= 8.0e-03 nm, Epot= -5.33646e+05 Fmax= 6.15211e+03, atom= 1744
Step=  649, Dmax= 9.6e-03 nm, Epot= -5.33654e+05 Fmax= 8.63806e+03, atom= 1744
Step=  650, Dmax= 1.1e-02 nm, Epot= -5.33672e+05 Fmax= 8.95527e+03, atom= 1744
Step=  651, Dmax= 1.4e-02 nm, Epot= -5.33663e+05 Fmax= 1.23007e+04, atom= 1744
Step=  652, Dmax= 6.9e-03 nm, Epot= -5.33725e+05 Fmax= 1.67241e+03, atom= 1744
Step=  653, Dmax= 8.3e-03 nm, Epot= -5.33748e+05 Fmax= 1.08615e+04, atom= 1744
Step=  654, Dmax= 9.9e-03 nm, Epot= -5.33813e+05 Fmax= 4.45408e+03, atom= 1744
Step=  655, Dmax= 1.2e-02 nm, Epot= -5.33772e+05 Fmax= 1.37386e+04, atom= 1744
Step=  656, Dmax= 6.0e-03 nm, Epot= -5.33834e+05 Fmax= 4.64794e+03, atom= 1744
Step=  657, Dmax= 7.1e-03 nm, Epot= -5.33850e+05 Fmax= 6.40832e+03, atom= 1744
Step=  658, Dmax= 8.6e-03 nm, Epot= -5.33869e+05 Fmax= 6.71859e+03, atom= 1744
Step=  659, Dmax= 1.0e-02 nm, Epot= -5.33875e+05 Fmax= 9.17130e+03, atom= 1744
Step=  660, Dmax= 1.2e-02 nm, Epot= -5.33891e+05 Fmax= 9.74262e+03, atom= 1744
Step=  661, Dmax= 1.5e-02 nm, Epot= -5.33878e+05 Fmax= 1.30949e+04, atom= 1744
Step=  662, Dmax= 7.4e-03 nm, Epot= -5.33950e+05 Fmax= 1.67659e+03, atom= 1744
Step=  663, Dmax= 8.9e-03 nm, Epot= -5.33968e+05 Fmax= 1.18077e+04, atom= 1744
Step=  664, Dmax= 1.1e-02 nm, Epot= -5.34041e+05 Fmax= 4.65391e+03, atom= 1744
Step=  665, Dmax= 1.3e-02 nm, Epot= -5.33984e+05 Fmax= 1.49084e+04, atom= 1744
Step=  666, Dmax= 6.4e-03 nm, Epot= -5.34061e+05 Fmax= 5.13412e+03, atom= 1744
Step=  667, Dmax= 7.7e-03 nm, Epot= -5.34076e+05 Fmax= 6.74238e+03, atom= 1744
Step=  668, Dmax= 9.2e-03 nm, Epot= -5.34093e+05 Fmax= 7.37187e+03, atom= 1744
Step=  669, Dmax= 1.1e-02 nm, Epot= -5.34098e+05 Fmax= 9.69927e+03, atom= 1744
Step=  670, Dmax= 1.3e-02 nm, Epot= -5.34109e+05 Fmax= 1.06331e+04, atom= 1744
Step=  671, Dmax= 1.6e-02 nm, Epot= -5.34093e+05 Fmax= 1.39034e+04, atom= 1744
Step=  672, Dmax= 8.0e-03 nm, Epot= -5.34176e+05 Fmax= 1.63680e+03, atom= 1744
Step=  673, Dmax= 9.6e-03 nm, Epot= -5.34188e+05 Fmax= 1.28672e+04, atom= 1744
Step=  674, Dmax= 1.1e-02 nm, Epot= -5.34273e+05 Fmax= 4.82782e+03, atom= 1744
Step=  675, Dmax= 1.4e-02 nm, Epot= -5.34198e+05 Fmax= 1.62051e+04, atom= 1744
Step=  676, Dmax= 6.9e-03 nm, Epot= -5.34291e+05 Fmax= 5.69773e+03, atom= 1744
Step=  677, Dmax= 8.3e-03 nm, Epot= -5.34305e+05 Fmax= 7.06032e+03, atom= 1744
Step=  678, Dmax= 9.9e-03 nm, Epot= -5.34319e+05 Fmax= 8.11483e+03, atom= 1744
Step=  679, Dmax= 1.2e-02 nm, Epot= -5.34324e+05 Fmax= 1.02262e+04, atom= 1744
Step=  680, Dmax= 1.4e-02 nm, Epot= -5.34329e+05 Fmax= 1.16304e+04, atom= 1744
Step=  681, Dmax= 1.7e-02 nm, Epot= -5.34312e+05 Fmax= 1.47302e+04, atom= 1744
Step=  682, Dmax= 8.6e-03 nm, Epot= -5.34408e+05 Fmax= 1.55352e+03, atom= 1744
Step=  683, Dmax= 1.0e-02 nm, Epot= -5.34413e+05 Fmax= 1.40448e+04, atom= 1744
Step=  684, Dmax= 1.2e-02 nm, Epot= -5.34514e+05 Fmax= 4.97990e+03, atom= 1744
Step=  685, Dmax= 1.5e-02 nm, Epot= -5.34416e+05 Fmax= 1.76318e+04, atom= 1744
Step=  686, Dmax= 7.4e-03 nm, Epot= -5.34529e+05 Fmax= 6.33820e+03, atom= 1744
Step=  687, Dmax= 8.9e-03 nm, Epot= -5.34544e+05 Fmax= 7.36853e+03, atom= 1744
Step=  688, Dmax= 1.1e-02 nm, Epot= -5.34553e+05 Fmax= 8.94713e+03, atom= 1744
Step=  689, Dmax= 1.3e-02 nm, Epot= -5.34557e+05 Fmax= 1.07582e+04, atom= 1744
Step=  690, Dmax= 1.5e-02 nm, Epot= -5.34555e+05 Fmax= 1.27359e+04, atom= 1744
Step=  691, Dmax= 7.7e-03 nm, Epot= -5.34625e+05 Fmax= 1.00446e+03, atom= 1744
Step=  692, Dmax= 9.2e-03 nm, Epot= -5.34676e+05 Fmax= 1.34768e+04, atom= 1744
Step=  693, Dmax= 1.1e-02 nm, Epot= -5.34773e+05 Fmax= 3.49489e+03, atom= 1744
Step=  694, Dmax= 1.3e-02 nm, Epot= -5.34691e+05 Fmax= 1.70282e+04, atom= 1744
Step=  695, Dmax= 6.6e-03 nm, Epot= -5.34784e+05 Fmax= 6.77313e+03, atom= 1744
Step=  696, Dmax= 7.9e-03 nm, Epot= -5.34810e+05 Fmax= 5.41475e+03, atom= 1744
Step=  697, Dmax= 9.5e-03 nm, Epot= -5.34809e+05 Fmax= 9.32529e+03, atom= 1744
Step=  698, Dmax= 4.8e-03 nm, Epot= -5.34836e+05 Fmax= 1.95394e+03, atom= 1744
Step=  699, Dmax= 5.7e-03 nm, Epot= -5.34860e+05 Fmax= 6.75685e+03, atom= 1744
Step=  700, Dmax= 6.9e-03 nm, Epot= -5.34891e+05 Fmax= 3.84803e+03, atom= 1744
Step=  701, Dmax= 8.2e-03 nm, Epot= -5.34891e+05 Fmax= 8.75789e+03, atom= 1744
Step=  702, Dmax= 9.9e-03 nm, Epot= -5.34926e+05 Fmax= 6.49750e+03, atom= 1744
Step=  703, Dmax= 1.2e-02 nm, Epot= -5.34905e+05 Fmax= 1.16846e+04, atom= 1744
Step=  704, Dmax= 5.9e-03 nm, Epot= -5.34957e+05 Fmax= 2.59939e+03, atom= 1744
Step=  705, Dmax= 7.1e-03 nm, Epot= -5.34966e+05 Fmax= 8.44534e+03, atom= 1744
Step=  706, Dmax= 8.5e-03 nm, Epot= -5.35006e+05 Fmax= 4.66281e+03, atom= 1744
Step=  707, Dmax= 1.0e-02 nm, Epot= -5.34987e+05 Fmax= 1.11861e+04, atom= 1744
Step=  708, Dmax= 5.1e-03 nm, Epot= -5.35028e+05 Fmax= 3.25947e+03, atom= 1744
Step=  709, Dmax= 6.2e-03 nm, Epot= -5.35042e+05 Fmax= 6.14535e+03, atom= 1744
Step=  710, Dmax= 7.4e-03 nm, Epot= -5.35065e+05 Fmax= 5.25391e+03, atom= 1744
Step=  711, Dmax= 8.9e-03 nm, Epot= -5.35069e+05 Fmax= 8.31676e+03, atom= 1744
Step=  712, Dmax= 1.1e-02 nm, Epot= -5.35090e+05 Fmax= 8.07928e+03, atom= 1744
Step=  713, Dmax= 1.3e-02 nm, Epot= -5.35080e+05 Fmax= 1.14746e+04, atom= 1744
Step=  714, Dmax= 6.4e-03 nm, Epot= -5.35133e+05 Fmax= 1.70573e+03, atom= 1744
Step=  715, Dmax= 7.7e-03 nm, Epot= -5.35149e+05 Fmax= 1.02102e+04, atom= 1744
Step=  716, Dmax= 9.2e-03 nm, Epot= -5.35206e+05 Fmax= 3.89109e+03, atom= 1744
Step=  717, Dmax= 1.1e-02 nm, Epot= -5.35169e+05 Fmax= 1.31600e+04, atom= 1744
Step=  718, Dmax= 5.5e-03 nm, Epot= -5.35224e+05 Fmax= 4.63197e+03, atom= 1744
Step=  719, Dmax= 6.6e-03 nm, Epot= -5.35240e+05 Fmax= 5.49779e+03, atom= 1744
Step=  720, Dmax= 7.9e-03 nm, Epot= -5.35254e+05 Fmax= 6.75753e+03, atom= 1744
Step=  721, Dmax= 9.5e-03 nm, Epot= -5.35267e+05 Fmax= 7.84341e+03, atom= 1744
Step=  722, Dmax= 1.1e-02 nm, Epot= -5.35271e+05 Fmax= 9.77940e+03, atom= 1744
Step=  723, Dmax= 1.4e-02 nm, Epot= -5.35275e+05 Fmax= 1.12467e+04, atom= 1744
Step=  724, Dmax= 1.6e-02 nm, Epot= -5.35261e+05 Fmax= 1.40884e+04, atom= 1744
Step=  725, Dmax= 8.2e-03 nm, Epot= -5.35349e+05 Fmax= 1.42392e+03, atom= 1744
Step=  726, Dmax= 9.9e-03 nm, Epot= -5.35358e+05 Fmax= 1.36121e+04, atom= 1744
Step=  727, Dmax= 1.2e-02 nm, Epot= -5.35452e+05 Fmax= 4.67224e+03, atom= 1744
Step=  728, Dmax= 1.4e-02 nm, Epot= -5.35360e+05 Fmax= 1.70880e+04, atom= 1744
Step=  729, Dmax= 7.1e-03 nm, Epot= -5.35465e+05 Fmax= 6.21961e+03, atom= 1744
Step=  730, Dmax= 8.5e-03 nm, Epot= -5.35480e+05 Fmax= 6.94755e+03, atom= 1744
Step=  731, Dmax= 1.0e-02 nm, Epot= -5.35487e+05 Fmax= 8.75011e+03, atom= 1744
Step=  732, Dmax= 1.2e-02 nm, Epot= -5.35494e+05 Fmax= 1.01845e+04, atom= 1744
Step=  733, Dmax= 1.5e-02 nm, Epot= -5.35489e+05 Fmax= 1.24166e+04, atom= 1744
Step=  734, Dmax= 7.4e-03 nm, Epot= -5.35555e+05 Fmax= 1.12951e+03, atom= 1744
Step=  735, Dmax= 8.8e-03 nm, Epot= -5.35588e+05 Fmax= 1.26890e+04, atom= 1744
Step=  736, Dmax= 1.1e-02 nm, Epot= -5.35673e+05 Fmax= 3.62683e+03, atom= 1744
Step=  737, Dmax= 1.3e-02 nm, Epot= -5.35601e+05 Fmax= 1.60688e+04, atom= 1744
Step=  738, Dmax= 6.4e-03 nm, Epot= -5.35686e+05 Fmax= 6.22308e+03, atom= 1744
Step=  739, Dmax= 7.6e-03 nm, Epot= -5.35707e+05 Fmax= 5.50132e+03, atom= 1744
Step=  740, Dmax= 9.2e-03 nm, Epot= -5.35709e+05 Fmax= 8.65219e+03, atom= 1744
Step=  741, Dmax= 1.1e-02 nm, Epot= -5.35730e+05 Fmax= 8.23296e+03, atom= 1744
Step=  742, Dmax= 1.3e-02 nm, Epot= -5.35713e+05 Fmax= 1.21157e+04, atom= 1744
Step=  743, Dmax= 6.6e-03 nm, Epot= -5.35773e+05 Fmax= 1.94021e+03, atom= 1744
Step=  744, Dmax= 7.9e-03 nm, Epot= -5.35781e+05 Fmax= 1.01645e+04, atom= 1744
Step=  745, Dmax= 9.5e-03 nm, Epot= -5.35836e+05 Fmax= 4.49319e+03, atom= 1744
Step=  746, Dmax= 1.1e-02 nm, Epot= -5.35797e+05 Fmax= 1.29896e+04, atom= 1744
Step=  747, Dmax= 5.7e-03 nm, Epot= -5.35855e+05 Fmax= 4.25297e+03, atom= 1744
Step=  748, Dmax= 6.8e-03 nm, Epot= -5.35866e+05 Fmax= 6.31722e+03, atom= 1744
Step=  749, Dmax= 8.2e-03 nm, Epot= -5.35884e+05 Fmax= 6.28586e+03, atom= 1744
Step=  750, Dmax= 9.9e-03 nm, Epot= -5.35886e+05 Fmax= 8.91590e+03, atom= 1744
Step=  751, Dmax= 1.2e-02 nm, Epot= -5.35902e+05 Fmax= 9.23380e+03, atom= 1744
Step=  752, Dmax= 1.4e-02 nm, Epot= -5.35886e+05 Fmax= 1.26270e+04, atom= 1744
Step=  753, Dmax= 7.1e-03 nm, Epot= -5.35954e+05 Fmax= 1.69674e+03, atom= 1744
Step=  754, Dmax= 8.5e-03 nm, Epot= -5.35961e+05 Fmax= 1.13157e+04, atom= 1744
Step=  755, Dmax= 1.0e-02 nm, Epot= -5.36028e+05 Fmax= 4.44077e+03, atom= 1744
Step=  756, Dmax= 1.2e-02 nm, Epot= -5.35972e+05 Fmax= 1.43541e+04, atom= 1744
Step=  757, Dmax= 6.1e-03 nm, Epot= -5.36044e+05 Fmax= 4.96303e+03, atom= 1744
Step=  758, Dmax= 7.4e-03 nm, Epot= -5.36057e+05 Fmax= 6.39117e+03, atom= 1744
Step=  759, Dmax= 8.8e-03 nm, Epot= -5.36070e+05 Fmax= 7.15850e+03, atom= 1744
Step=  760, Dmax= 1.1e-02 nm, Epot= -5.36075e+05 Fmax= 9.17394e+03, atom= 1744
Step=  761, Dmax= 1.3e-02 nm, Epot= -5.36082e+05 Fmax= 1.03358e+04, atom= 1744
Step=  762, Dmax= 1.5e-02 nm, Epot= -5.36069e+05 Fmax= 1.31515e+04, atom= 1744
Step=  763, Dmax= 7.6e-03 nm, Epot= -5.36145e+05 Fmax= 1.40960e+03, atom= 1744
Step=  764, Dmax= 9.2e-03 nm, Epot= -5.36156e+05 Fmax= 1.25798e+04, atom= 1744
Step=  765, Dmax= 1.1e-02 nm, Epot= -5.36238e+05 Fmax= 4.36299e+03, atom= 1744
Step=  766, Dmax= 1.3e-02 nm, Epot= -5.36163e+05 Fmax= 1.58399e+04, atom= 1744
Step=  767, Dmax= 6.6e-03 nm, Epot= -5.36252e+05 Fmax= 5.74790e+03, atom= 1744
Step=  768, Dmax= 7.9e-03 nm, Epot= -5.36266e+05 Fmax= 6.45112e+03, atom= 1744
Step=  769, Dmax= 9.5e-03 nm, Epot= -5.36274e+05 Fmax= 8.11608e+03, atom= 1744
Step=  770, Dmax= 1.1e-02 nm, Epot= -5.36281e+05 Fmax= 9.43212e+03, atom= 1744
Step=  771, Dmax= 1.4e-02 nm, Epot= -5.36279e+05 Fmax= 1.15393e+04, atom= 1744
Step=  772, Dmax= 6.8e-03 nm, Epot= -5.36335e+05 Fmax= 1.06478e+03, atom= 1744
Step=  773, Dmax= 8.2e-03 nm, Epot= -5.36372e+05 Fmax= 1.16932e+04, atom= 1744
Step=  774, Dmax= 9.8e-03 nm, Epot= -5.36445e+05 Fmax= 3.44000e+03, atom= 1744
Step=  775, Dmax= 1.2e-02 nm, Epot= -5.36388e+05 Fmax= 1.47978e+04, atom= 1744
Step=  776, Dmax= 5.9e-03 nm, Epot= -5.36458e+05 Fmax= 5.68030e+03, atom= 1744
Step=  777, Dmax= 7.1e-03 nm, Epot= -5.36478e+05 Fmax= 5.19946e+03, atom= 1744
Step=  778, Dmax= 8.5e-03 nm, Epot= -5.36483e+05 Fmax= 7.91300e+03, atom= 1744
Step=  779, Dmax= 1.0e-02 nm, Epot= -5.36501e+05 Fmax= 7.75393e+03, atom= 1744
Step=  780, Dmax= 1.2e-02 nm, Epot= -5.36491e+05 Fmax= 1.11051e+04, atom= 1744
Step=  781, Dmax= 6.1e-03 nm, Epot= -5.36540e+05 Fmax= 1.67450e+03, atom= 1744
Step=  782, Dmax= 7.3e-03 nm, Epot= -5.36554e+05 Fmax= 9.57239e+03, atom= 1744
Step=  783, Dmax= 8.8e-03 nm, Epot= -5.36605e+05 Fmax= 4.01311e+03, atom= 1744
Step=  784, Dmax= 1.1e-02 nm, Epot= -5.36573e+05 Fmax= 1.22147e+04, atom= 1744
Step=  785, Dmax= 5.3e-03 nm, Epot= -5.36622e+05 Fmax= 4.10505e+03, atom= 1744
Step=  786, Dmax= 6.3e-03 nm, Epot= -5.36635e+05 Fmax= 5.68501e+03, atom= 1744
Step=  787, Dmax= 7.6e-03 nm, Epot= -5.36651e+05 Fmax= 6.00987e+03, atom= 1744
Step=  788, Dmax= 9.1e-03 nm, Epot= -5.36657e+05 Fmax= 8.07575e+03, atom= 1744
Step=  789, Dmax= 1.1e-02 nm, Epot= -5.36668e+05 Fmax= 8.76411e+03, atom= 1744
Step=  790, Dmax= 1.3e-02 nm, Epot= -5.36661e+05 Fmax= 1.14988e+04, atom= 1744
Step=  791, Dmax= 6.6e-03 nm, Epot= -5.36716e+05 Fmax= 1.36697e+03, atom= 1744
Step=  792, Dmax= 7.9e-03 nm, Epot= -5.36736e+05 Fmax= 1.07241e+04, atom= 1744
Step=  793, Dmax= 9.5e-03 nm, Epot= -5.36798e+05 Fmax= 3.88240e+03, atom= 1744
Step=  794, Dmax= 1.1e-02 nm, Epot= -5.36752e+05 Fmax= 1.35616e+04, atom= 1744
Step=  795, Dmax= 5.7e-03 nm, Epot= -5.36813e+05 Fmax= 4.84556e+03, atom= 1744
Step=  796, Dmax= 6.8e-03 nm, Epot= -5.36827e+05 Fmax= 5.67307e+03, atom= 1744
Step=  797, Dmax= 8.2e-03 nm, Epot= -5.36838e+05 Fmax= 6.90012e+03, atom= 1744
Step=  798, Dmax= 9.8e-03 nm, Epot= -5.36847e+05 Fmax= 8.23472e+03, atom= 1744
Step=  799, Dmax= 1.2e-02 nm, Epot= -5.36851e+05 Fmax= 9.86708e+03, atom= 1744
Step=  800, Dmax= 1.4e-02 nm, Epot= -5.36847e+05 Fmax= 1.19054e+04, atom= 1744
Step=  801, Dmax= 7.1e-03 nm, Epot= -5.36908e+05 Fmax= 1.02074e+03, atom= 1744
Step=  802, Dmax= 8.5e-03 nm, Epot= -5.36946e+05 Fmax= 1.19774e+04, atom= 1744
Step=  803, Dmax= 1.0e-02 nm, Epot= -5.37022e+05 Fmax= 3.73399e+03, atom= 1744
Step=  804, Dmax= 1.2e-02 nm, Epot= -5.36958e+05 Fmax= 1.50121e+04, atom= 1744
Step=  805, Dmax= 6.1e-03 nm, Epot= -5.37035e+05 Fmax= 5.64945e+03, atom= 1744
Step=  806, Dmax= 7.3e-03 nm, Epot= -5.37051e+05 Fmax= 5.65472e+03, atom= 1744
Step=  807, Dmax= 8.8e-03 nm, Epot= -5.37057e+05 Fmax= 7.86274e+03, atom= 1744
Step=  808, Dmax= 1.1e-02 nm, Epot= -5.37069e+05 Fmax= 8.40142e+03, atom= 1744
Step=  809, Dmax= 1.3e-02 nm, Epot= -5.37063e+05 Fmax= 1.10572e+04, atom= 1744
Step=  810, Dmax= 6.3e-03 nm, Epot= -5.37114e+05 Fmax= 1.33644e+03, atom= 1744
Step=  811, Dmax= 7.6e-03 nm, Epot= -5.37134e+05 Fmax= 1.04251e+04, atom= 1744
Step=  812, Dmax= 9.1e-03 nm, Epot= -5.37193e+05 Fmax= 3.60554e+03, atom= 1744
Step=  813, Dmax= 1.1e-02 nm, Epot= -5.37151e+05 Fmax= 1.32789e+04, atom= 1744
Step=  814, Dmax= 5.5e-03 nm, Epot= -5.37208e+05 Fmax= 4.83535e+03, atom= 1744
Step=  815, Dmax= 6.6e-03 nm, Epot= -5.37223e+05 Fmax= 5.25834e+03, atom= 1744
Step=  816, Dmax= 7.9e-03 nm, Epot= -5.37232e+05 Fmax= 6.88827e+03, atom= 1744
Step=  817, Dmax= 9.5e-03 nm, Epot= -5.37244e+05 Fmax= 7.64591e+03, atom= 1744
Step=  818, Dmax= 1.1e-02 nm, Epot= -5.37244e+05 Fmax= 9.83161e+03, atom= 1744
Step=  819, Dmax= 5.7e-03 nm, Epot= -5.37283e+05 Fmax= 1.09222e+03, atom= 1744
Step=  820, Dmax= 6.8e-03 nm, Epot= -5.37319e+05 Fmax= 9.35310e+03, atom= 1744
Step=  821, Dmax= 8.2e-03 nm, Epot= -5.37369e+05 Fmax= 3.24297e+03, atom= 1744
Step=  822, Dmax= 9.8e-03 nm, Epot= -5.37343e+05 Fmax= 1.18153e+04, atom= 1744
Step=  823, Dmax= 4.9e-03 nm, Epot= -5.37384e+05 Fmax= 4.29058e+03, atom= 1744
Step=  824, Dmax= 5.9e-03 nm, Epot= -5.37400e+05 Fmax= 4.77847e+03, atom= 1744
Step=  825, Dmax= 7.1e-03 nm, Epot= -5.37411e+05 Fmax= 6.07288e+03, atom= 1744
Step=  826, Dmax= 8.5e-03 nm, Epot= -5.37423e+05 Fmax= 6.97932e+03, atom= 1744
Step=  827, Dmax= 1.0e-02 nm, Epot= -5.37429e+05 Fmax= 8.64408e+03, atom= 1744
Step=  828, Dmax= 1.2e-02 nm, Epot= -5.37432e+05 Fmax= 1.01377e+04, atom= 1744
Step=  829, Dmax= 1.5e-02 nm, Epot= -5.37426e+05 Fmax= 1.23430e+04, atom= 1744
Step=  830, Dmax= 7.3e-03 nm, Epot= -5.37492e+05 Fmax= 1.11639e+03, atom= 1744
Step=  831, Dmax= 8.8e-03 nm, Epot= -5.37515e+05 Fmax= 1.24562e+04, atom= 1744
Step=  832, Dmax= 1.1e-02 nm, Epot= -5.37596e+05 Fmax= 3.76794e+03, atom= 1744
Step=  833, Dmax= 1.3e-02 nm, Epot= -5.37521e+05 Fmax= 1.57314e+04, atom= 1744
Step=  834, Dmax= 6.3e-03 nm, Epot= -5.37606e+05 Fmax= 5.98367e+03, atom= 1744
Step=  835, Dmax= 7.6e-03 nm, Epot= -5.37624e+05 Fmax= 5.68624e+03, atom= 1744
Step=  836, Dmax= 9.1e-03 nm, Epot= -5.37625e+05 Fmax= 8.34240e+03, atom= 1744
Step=  837, Dmax= 1.1e-02 nm, Epot= -5.37641e+05 Fmax= 8.45472e+03, atom= 1744
Step=  838, Dmax= 1.3e-02 nm, Epot= -5.37627e+05 Fmax= 1.17291e+04, atom= 1744
Step=  839, Dmax= 6.6e-03 nm, Epot= -5.37685e+05 Fmax= 1.63664e+03, atom= 1744
Step=  840, Dmax= 7.9e-03 nm, Epot= -5.37691e+05 Fmax= 1.04621e+04, atom= 1744
Step=  841, Dmax= 9.4e-03 nm, Epot= -5.37749e+05 Fmax= 4.08413e+03, atom= 1744
Step=  842, Dmax= 1.1e-02 nm, Epot= -5.37703e+05 Fmax= 1.33272e+04, atom= 1744
Step=  843, Dmax= 5.7e-03 nm, Epot= -5.37764e+05 Fmax= 4.62696e+03, atom= 1744
Step=  844, Dmax= 6.8e-03 nm, Epot= -5.37776e+05 Fmax= 5.84473e+03, atom= 1744
Step=  845, Dmax= 8.2e-03 nm, Epot= -5.37788e+05 Fmax= 6.69781e+03, atom= 1744
Step=  846, Dmax= 9.8e-03 nm, Epot= -5.37793e+05 Fmax= 8.37537e+03, atom= 1744
Step=  847, Dmax= 1.2e-02 nm, Epot= -5.37798e+05 Fmax= 9.67736e+03, atom= 1744
Step=  848, Dmax= 1.4e-02 nm, Epot= -5.37791e+05 Fmax= 1.20115e+04, atom= 1744
Step=  849, Dmax= 7.1e-03 nm, Epot= -5.37854e+05 Fmax= 1.16831e+03, atom= 1744
Step=  850, Dmax= 8.5e-03 nm, Epot= -5.37874e+05 Fmax= 1.18468e+04, atom= 1744
Step=  851, Dmax= 1.0e-02 nm, Epot= -5.37947e+05 Fmax= 3.80070e+03, atom= 1744
Step=  852, Dmax= 1.2e-02 nm, Epot= -5.37882e+05 Fmax= 1.49099e+04, atom= 1744
Step=  853, Dmax= 6.1e-03 nm, Epot= -5.37958e+05 Fmax= 5.56357e+03, atom= 1744
Step=  854, Dmax= 7.3e-03 nm, Epot= -5.37974e+05 Fmax= 5.69241e+03, atom= 1744
Step=  855, Dmax= 8.8e-03 nm, Epot= -5.37978e+05 Fmax= 7.79076e+03, atom= 1744
Step=  856, Dmax= 1.1e-02 nm, Epot= -5.37990e+05 Fmax= 8.40953e+03, atom= 1744
Step=  857, Dmax= 1.3e-02 nm, Epot= -5.37983e+05 Fmax= 1.09941e+04, atom= 1744
Step=  858, Dmax= 6.3e-03 nm, Epot= -5.38034e+05 Fmax= 1.30080e+03, atom= 1744
Step=  859, Dmax= 7.6e-03 nm, Epot= -5.38052e+05 Fmax= 1.03829e+04, atom= 1744
Step=  860, Dmax= 9.1e-03 nm, Epot= -5.38110e+05 Fmax= 3.60710e+03, atom= 1744
Step=  861, Dmax= 1.1e-02 nm, Epot= -5.38065e+05 Fmax= 1.32020e+04, atom= 1744
Step=  862, Dmax= 5.5e-03 nm, Epot= -5.38123e+05 Fmax= 4.79590e+03, atom= 1744
Step=  863, Dmax= 6.5e-03 nm, Epot= -5.38137e+05 Fmax= 5.27288e+03, atom= 1744
Step=  864, Dmax= 7.9e-03 nm, Epot= -5.38146e+05 Fmax= 6.82387e+03, atom= 1744
Step=  865, Dmax= 9.4e-03 nm, Epot= -5.38156e+05 Fmax= 7.67064e+03, atom= 1744
Step=  866, Dmax= 1.1e-02 nm, Epot= -5.38156e+05 Fmax= 9.73956e+03, atom= 1744
Step=  867, Dmax= 5.7e-03 nm, Epot= -5.38194e+05 Fmax= 1.03382e+03, atom= 1744
Step=  868, Dmax= 6.8e-03 nm, Epot= -5.38230e+05 Fmax= 9.41436e+03, atom= 1744
Step=  869, Dmax= 8.1e-03 nm, Epot= -5.38280e+05 Fmax= 3.13531e+03, atom= 1744
Step=  870, Dmax= 9.8e-03 nm, Epot= -5.38251e+05 Fmax= 1.18896e+04, atom= 1744
Step=  871, Dmax= 4.9e-03 nm, Epot= -5.38294e+05 Fmax= 4.38156e+03, atom= 1744
Step=  872, Dmax= 5.9e-03 nm, Epot= -5.38308e+05 Fmax= 4.64975e+03, atom= 1744
Step=  873, Dmax= 7.0e-03 nm, Epot= -5.38318e+05 Fmax= 6.17356e+03, atom= 1744
Step=  874, Dmax= 8.4e-03 nm, Epot= -5.38330e+05 Fmax= 6.82770e+03, atom= 1744
Step=  875, Dmax= 1.0e-02 nm, Epot= -5.38333e+05 Fmax= 8.75189e+03, atom= 1744
Step=  876, Dmax= 1.2e-02 nm, Epot= -5.38338e+05 Fmax= 9.95943e+03, atom= 1744
Step=  877, Dmax= 1.5e-02 nm, Epot= -5.38327e+05 Fmax= 1.24540e+04, atom= 1744
Step=  878, Dmax= 7.3e-03 nm, Epot= -5.38396e+05 Fmax= 1.26087e+03, atom= 1744
Step=  879, Dmax= 8.8e-03 nm, Epot= -5.38405e+05 Fmax= 1.22232e+04, atom= 1744
Step=  880, Dmax= 1.1e-02 nm, Epot= -5.38482e+05 Fmax= 3.94777e+03, atom= 1744
Step=  881, Dmax= 1.3e-02 nm, Epot= -5.38408e+05 Fmax= 1.54690e+04, atom= 1744
Step=  882, Dmax= 6.3e-03 nm, Epot= -5.38492e+05 Fmax= 5.76042e+03, atom= 1744
Step=  883, Dmax= 7.6e-03 nm, Epot= -5.38507e+05 Fmax= 5.87596e+03, atom= 1744
Step=  884, Dmax= 9.1e-03 nm, Epot= -5.38509e+05 Fmax= 8.09755e+03, atom= 1744
Step=  885, Dmax= 1.1e-02 nm, Epot= -5.38520e+05 Fmax= 8.64951e+03, atom= 1744
Step=  886, Dmax= 1.3e-02 nm, Epot= -5.38510e+05 Fmax= 1.14593e+04, atom= 1744
Step=  887, Dmax= 6.5e-03 nm, Epot= -5.38566e+05 Fmax= 1.40456e+03, atom= 1744
Step=  888, Dmax= 7.8e-03 nm, Epot= -5.38576e+05 Fmax= 1.06797e+04, atom= 1744
Step=  889, Dmax= 9.4e-03 nm, Epot= -5.38636e+05 Fmax= 3.81703e+03, atom= 1744
Step=  890, Dmax= 1.1e-02 nm, Epot= -5.38586e+05 Fmax= 1.35476e+04, atom= 1744
Step=  891, Dmax= 5.6e-03 nm, Epot= -5.38649e+05 Fmax= 4.87107e+03, atom= 1744
Step=  892, Dmax= 6.8e-03 nm, Epot= -5.38661e+05 Fmax= 5.55994e+03, atom= 1744
Step=  893, Dmax= 8.1e-03 nm, Epot= -5.38670e+05 Fmax= 6.94720e+03, atom= 1744
Step=  894, Dmax= 9.8e-03 nm, Epot= -5.38678e+05 Fmax= 8.07004e+03, atom= 1744
Step=  895, Dmax= 1.2e-02 nm, Epot= -5.38678e+05 Fmax= 9.92847e+03, atom= 1744
Step=  896, Dmax= 5.9e-03 nm, Epot= -5.38718e+05 Fmax= 9.36858e+02, atom= 1744

writing lowest energy coordinates.

Steepest Descents converged to Fmax < 1000 in 897 steps
Potential Energy  = -5.3871831e+05
Maximum force     =  9.3685760e+02 on atom 1744
Norm of force     =  1.8032126e+01

GROMACS reminds you: "All I Ever Wanted Was Your Life" (Red Hot Chili Peppers)

