
--- stderr ---
                :-) GROMACS - gmx mdrun, 2024.5-conda_forge (-:

Executable:   /usr/local/Caskroom/miniforge/base/envs/gromacs_env/bin.AVX2_256/gmx
Data prefix:  /usr/local/Caskroom/miniforge/base/envs/gromacs_env
Working dir:  /Users/laetitiaguerin/Library/CloudStorage/OneDrive-Personal/Documents/BSc_Nanobiology/Year_5/BEP/Energy_minimization/tleap_runs/O52681_G121P
Command line:
  gmx mdrun -v -deffnm O52681_G121P_minim

The current CPU can measure timings more accurately than the code in
gmx mdrun was configured to use. This might affect your simulation
speed as accurate timings are needed for load-balancing.
Please consider rebuilding gmx mdrun with the GMX_USE_RDTSCP=ON CMake option.
Reading file O52681_G121P_minim.tpr, VERSION 2024.5-conda_forge (single precision)

Using 1 MPI thread
Using 8 OpenMP threads 


Steepest Descents:
   Tolerance (Fmax)   =  1.00000e+03
   Number of steps    =        50000
Step=    0, Dmax= 1.0e-02 nm, Epot=  5.85201e+06 Fmax= 1.02360e+09, atom= 1915
Step=    1, Dmax= 1.0e-02 nm, Epot=  3.51889e+04 Fmax= 4.28655e+07, atom= 1915
Step=    2, Dmax= 1.2e-02 nm, Epot= -2.97738e+05 Fmax= 6.74504e+06, atom= 1900
Step=    3, Dmax= 1.4e-02 nm, Epot= -3.82302e+05 Fmax= 1.81774e+06, atom= 1916
Step=    4, Dmax= 1.7e-02 nm, Epot= -4.17940e+05 Fmax= 5.65635e+05, atom= 1900
Step=    5, Dmax= 2.1e-02 nm, Epot= -4.29394e+05 Fmax= 3.21821e+05, atom= 1916
Step=    6, Dmax= 2.5e-02 nm, Epot= -4.32991e+05 Fmax= 9.65094e+04, atom= 1919
Step=    7, Dmax= 3.0e-02 nm, Epot= -4.36025e+05 Fmax= 3.55003e+04, atom= 1919
Step=    8, Dmax= 3.6e-02 nm, Epot= -4.40500e+05 Fmax= 3.01778e+04, atom= 1919
Step=    9, Dmax= 4.3e-02 nm, Epot= -4.44860e+05 Fmax= 2.83281e+04, atom= 1900
Step=   10, Dmax= 5.2e-02 nm, Epot= -4.49281e+05 Fmax= 4.04164e+04, atom= 1900
Step=   11, Dmax= 6.2e-02 nm, Epot= -4.51956e+05 Fmax= 3.26095e+04, atom= 1900
Step=   12, Dmax= 7.4e-02 nm, Epot= -4.54112e+05 Fmax= 8.97363e+04, atom= 1900
Step=   13, Dmax= 8.9e-02 nm, Epot= -4.57355e+05 Fmax= 3.41644e+04, atom= 1900
Step=   14, Dmax= 1.1e-01 nm, Epot= -4.50762e+05 Fmax= 6.87522e+05, atom= 1900
Step=   15, Dmax= 5.3e-02 nm, Epot= -4.60991e+05 Fmax= 1.51440e+04, atom= 1915
Step=   16, Dmax= 6.4e-02 nm, Epot= -4.62285e+05 Fmax= 3.36833e+04, atom= 1900
Step=   17, Dmax= 7.7e-02 nm, Epot= -4.59797e+05 Fmax= 1.78525e+05, atom= 1900
Step=   18, Dmax= 3.9e-02 nm, Epot= -4.67254e+05 Fmax= 1.89478e+04, atom= 1915
Step=   19, Dmax= 4.6e-02 nm, Epot= -4.68149e+05 Fmax= 3.36742e+04, atom= 1896
Step=   20, Dmax= 5.5e-02 nm, Epot= -4.68429e+05 Fmax= 4.21806e+04, atom= 1896
Step=   21, Dmax= 6.7e-02 nm, Epot= -4.68054e+05 Fmax= 4.75351e+04, atom= 1896
Step=   22, Dmax= 3.3e-02 nm, Epot= -4.72377e+05 Fmax= 4.03544e+03, atom= 1334
Step=   23, Dmax= 4.0e-02 nm, Epot= -4.69323e+05 Fmax= 5.79889e+04, atom= 1334
Step=   24, Dmax= 2.0e-02 nm, Epot= -4.73999e+05 Fmax= 2.69988e+04, atom= 1334
Step=   25, Dmax= 2.4e-02 nm, Epot= -4.76533e+05 Fmax= 9.58924e+03, atom= 1334
Step=   26, Dmax= 2.9e-02 nm, Epot= -4.75691e+05 Fmax= 3.45408e+04, atom= 1334
Step=   27, Dmax= 1.4e-02 nm, Epot= -4.77336e+05 Fmax= 1.24914e+04, atom= 1334
Step=   28, Dmax= 1.7e-02 nm, Epot= -4.78090e+05 Fmax= 1.37518e+04, atom= 1334
Step=   29, Dmax= 2.1e-02 nm, Epot= -4.78660e+05 Fmax= 1.79603e+04, atom= 1334
Step=   30, Dmax= 2.5e-02 nm, Epot= -4.79260e+05 Fmax= 1.97942e+04, atom= 1334
Step=   31, Dmax= 3.0e-02 nm, Epot= -4.79458e+05 Fmax= 2.56586e+04, atom= 1334
Step=   32, Dmax= 3.6e-02 nm, Epot= -4.79790e+05 Fmax= 2.84520e+04, atom= 1334
Step=   33, Dmax= 4.3e-02 nm, Epot= -4.79293e+05 Fmax= 3.64263e+04, atom= 1334
Step=   34, Dmax= 2.1e-02 nm, Epot= -4.81987e+05 Fmax= 4.20798e+03, atom= 1334
Step=   35, Dmax= 2.6e-02 nm, Epot= -4.82103e+05 Fmax= 3.46909e+04, atom= 1334
Step=   36, Dmax= 3.1e-02 nm, Epot= -4.84852e+05 Fmax= 1.27598e+04, atom= 1334
Step=   37, Dmax= 3.7e-02 nm, Epot= -4.82114e+05 Fmax= 4.34321e+04, atom= 1334
Step=   38, Dmax= 1.9e-02 nm, Epot= -4.85258e+05 Fmax= 1.54305e+04, atom= 1334
Step=   39, Dmax= 2.2e-02 nm, Epot= -4.85578e+05 Fmax= 1.86154e+04, atom= 1334
Step=   40, Dmax= 2.7e-02 nm, Epot= -4.85804e+05 Fmax= 2.19201e+04, atom= 1334
Step=   41, Dmax= 3.2e-02 nm, Epot= -4.85793e+05 Fmax= 2.68487e+04, atom= 1334
Step=   42, Dmax= 1.6e-02 nm, Epot= -4.87126e+05 Fmax= 2.56996e+03, atom= 1334
Step=   43, Dmax= 1.9e-02 nm, Epot= -4.88213e+05 Fmax= 2.62471e+04, atom= 1334
Step=   44, Dmax= 2.3e-02 nm, Epot= -4.89799e+05 Fmax= 9.20420e+03, atom= 1334
Step=   45, Dmax= 2.8e-02 nm, Epot= -4.88576e+05 Fmax= 3.28369e+04, atom= 1334
Step=   46, Dmax= 1.4e-02 nm, Epot= -4.90127e+05 Fmax= 1.18676e+04, atom= 1334
Step=   47, Dmax= 1.7e-02 nm, Epot= -4.90447e+05 Fmax= 1.36127e+04, atom= 1334
Step=   48, Dmax= 2.0e-02 nm, Epot= -4.90660e+05 Fmax= 1.67166e+04, atom= 1334
Step=   49, Dmax= 2.4e-02 nm, Epot= -4.90822e+05 Fmax= 1.98401e+04, atom= 1334
Step=   50, Dmax= 2.9e-02 nm, Epot= -4.90844e+05 Fmax= 2.37166e+04, atom= 1334
Step=   51, Dmax= 3.4e-02 nm, Epot= -4.90674e+05 Fmax= 2.86089e+04, atom= 1334
Step=   52, Dmax= 1.7e-02 nm, Epot= -4.92208e+05 Fmax= 2.58006e+03, atom= 1334
Step=   53, Dmax= 2.1e-02 nm, Epot= -4.92559e+05 Fmax= 2.84305e+04, atom= 1334
Step=   54, Dmax= 2.5e-02 nm, Epot= -4.94256e+05 Fmax= 9.70535e+03, atom= 1334
Step=   55, Dmax= 3.0e-02 nm, Epot= -4.92552e+05 Fmax= 3.54517e+04, atom= 1334
Step=   56, Dmax= 1.5e-02 nm, Epot= -4.94449e+05 Fmax= 1.29527e+04, atom= 1334
Step=   57, Dmax= 1.8e-02 nm, Epot= -4.94676e+05 Fmax= 1.44182e+04, atom= 1334
Step=   58, Dmax= 2.1e-02 nm, Epot= -4.94744e+05 Fmax= 1.81716e+04, atom= 1334
Step=   59, Dmax= 2.6e-02 nm, Epot= -4.94814e+05 Fmax= 2.10784e+04, atom= 1334
Step=   60, Dmax= 3.1e-02 nm, Epot= -4.94657e+05 Fmax= 2.56887e+04, atom= 1334
Step=   61, Dmax= 1.5e-02 nm, Epot= -4.95853e+05 Fmax= 2.39506e+03, atom= 1334
Step=   62, Dmax= 1.9e-02 nm, Epot= -4.96016e+05 Fmax= 2.64047e+04, atom= 1334
Step=   63, Dmax= 2.2e-02 nm, Epot= -4.97457e+05 Fmax= 7.64168e+03, atom= 1334
Step=   64, Dmax= 2.7e-02 nm, Epot= -4.96034e+05 Fmax= 3.31738e+04, atom= 1334
Step=   65, Dmax= 1.3e-02 nm, Epot= -4.97570e+05 Fmax= 1.28266e+04, atom= 1334
Step=   66, Dmax= 1.6e-02 nm, Epot= -4.97852e+05 Fmax= 1.15450e+04, atom= 1334
Step=   67, Dmax= 1.9e-02 nm, Epot= -4.97786e+05 Fmax= 1.78333e+04, atom= 1334
Step=   68, Dmax= 9.6e-03 nm, Epot= -4.98243e+05 Fmax= 3.15689e+03, atom= 1334
Step=   69, Dmax= 1.2e-02 nm, Epot= -4.98497e+05 Fmax= 1.42702e+04, atom= 1334
Step=   70, Dmax= 1.4e-02 nm, Epot= -4.98965e+05 Fmax= 6.90406e+03, atom= 1334
Step=   71, Dmax= 1.7e-02 nm, Epot= -4.98802e+05 Fmax= 1.83059e+04, atom= 1334
Step=   72, Dmax= 8.3e-03 nm, Epot= -4.99192e+05 Fmax= 5.70459e+03, atom= 1334
Step=   73, Dmax= 1.0e-02 nm, Epot= -4.99364e+05 Fmax= 9.59262e+03, atom= 1334
Step=   74, Dmax= 1.2e-02 nm, Epot= -4.99597e+05 Fmax= 8.58719e+03, atom= 1334
Step=   75, Dmax= 1.4e-02 nm, Epot= -4.99660e+05 Fmax= 1.33863e+04, atom= 1334
Step=   76, Dmax= 1.7e-02 nm, Epot= -4.99885e+05 Fmax= 1.27889e+04, atom= 1334
Step=   77, Dmax= 2.1e-02 nm, Epot= -4.99770e+05 Fmax= 1.87598e+04, atom= 1334
Step=   78, Dmax= 1.0e-02 nm, Epot= -5.00309e+05 Fmax= 3.00439e+03, atom= 1334
Step=   79, Dmax= 1.2e-02 nm, Epot= -5.00470e+05 Fmax= 1.57032e+04, atom= 1334
Step=   80, Dmax= 1.5e-02 nm, Epot= -5.00990e+05 Fmax= 7.05364e+03, atom= 1334
Step=   81, Dmax= 1.8e-02 nm, Epot= -5.00672e+05 Fmax= 2.00375e+04, atom= 1334
Step=   82, Dmax= 8.9e-03 nm, Epot= -5.01184e+05 Fmax= 6.49645e+03, atom= 1334
Step=   83, Dmax= 1.1e-02 nm, Epot= -5.01312e+05 Fmax= 9.93338e+03, atom= 1334
Step=   84, Dmax= 1.3e-02 nm, Epot= -5.01502e+05 Fmax= 9.60364e+03, atom= 1334
Step=   85, Dmax= 1.5e-02 nm, Epot= -5.01527e+05 Fmax= 1.39984e+04, atom= 1334
Step=   86, Dmax= 1.8e-02 nm, Epot= -5.01694e+05 Fmax= 1.41259e+04, atom= 1334
Step=   87, Dmax= 2.2e-02 nm, Epot= -5.01537e+05 Fmax= 1.97555e+04, atom= 1334
Step=   88, Dmax= 1.1e-02 nm, Epot= -5.02172e+05 Fmax= 2.84004e+03, atom= 1334
Step=   89, Dmax= 1.3e-02 nm, Epot= -5.02227e+05 Fmax= 1.72536e+04, atom= 1334
Step=   90, Dmax= 1.6e-02 nm, Epot= -5.02825e+05 Fmax= 7.20533e+03, atom= 1334
Step=   91, Dmax= 1.9e-02 nm, Epot= -5.02323e+05 Fmax= 2.19115e+04, atom= 1334
Step=   92, Dmax= 9.6e-03 nm, Epot= -5.02987e+05 Fmax= 7.35960e+03, atom= 1334
Step=   93, Dmax= 1.1e-02 nm, Epot= -5.03084e+05 Fmax= 1.02861e+04, atom= 1334
Step=   94, Dmax= 1.4e-02 nm, Epot= -5.03228e+05 Fmax= 1.07109e+04, atom= 1334
Step=   95, Dmax= 1.7e-02 nm, Epot= -5.03224e+05 Fmax= 1.46392e+04, atom= 1334
Step=   96, Dmax= 8.3e-03 nm, Epot= -5.03540e+05 Fmax= 1.97608e+03, atom= 1334
Step=   97, Dmax= 9.9e-03 nm, Epot= -5.03822e+05 Fmax= 1.29445e+04, atom= 1334
Step=   98, Dmax= 1.2e-02 nm, Epot= -5.04203e+05 Fmax= 5.33155e+03, atom= 1334
Step=   99, Dmax= 1.4e-02 nm, Epot= -5.04037e+05 Fmax= 1.63878e+04, atom= 1334
Step=  100, Dmax= 7.2e-03 nm, Epot= -5.04352e+05 Fmax= 5.53172e+03, atom= 1334
Step=  101, Dmax= 8.6e-03 nm, Epot= -5.04474e+05 Fmax= 7.66705e+03, atom= 1334
Step=  102, Dmax= 1.0e-02 nm, Epot= -5.04612e+05 Fmax= 8.00258e+03, atom= 1334
Step=  103, Dmax= 1.2e-02 nm, Epot= -5.04676e+05 Fmax= 1.09584e+04, atom= 1334
Step=  104, Dmax= 1.5e-02 nm, Epot= -5.04791e+05 Fmax= 1.16154e+04, atom= 1334
Step=  105, Dmax= 1.8e-02 nm, Epot= -5.04743e+05 Fmax= 1.56177e+04, atom= 1334
Step=  106, Dmax= 8.9e-03 nm, Epot= -5.05135e+05 Fmax= 2.01508e+03, atom= 1334
Step=  107, Dmax= 1.1e-02 nm, Epot= -5.05314e+05 Fmax= 1.40376e+04, atom= 1334
Step=  108, Dmax= 1.3e-02 nm, Epot= -5.05743e+05 Fmax= 5.60238e+03, atom= 1334
Step=  109, Dmax= 1.5e-02 nm, Epot= -5.05449e+05 Fmax= 1.77484e+04, atom= 1334
Step=  110, Dmax= 7.7e-03 nm, Epot= -5.05871e+05 Fmax= 6.07758e+03, atom= 1334
Step=  111, Dmax= 9.2e-03 nm, Epot= -5.05969e+05 Fmax= 8.09892e+03, atom= 1334
Step=  112, Dmax= 1.1e-02 nm, Epot= -5.06082e+05 Fmax= 8.74575e+03, atom= 1334
Step=  113, Dmax= 1.3e-02 nm, Epot= -5.06116e+05 Fmax= 1.16244e+04, atom= 1744
Step=  114, Dmax= 1.6e-02 nm, Epot= -5.06196e+05 Fmax= 1.28020e+04, atom= 1744
Step=  115, Dmax= 1.9e-02 nm, Epot= -5.06129e+05 Fmax= 1.65223e+04, atom= 1744
Step=  116, Dmax= 9.6e-03 nm, Epot= -5.06591e+05 Fmax= 1.86729e+03, atom= 1744
Step=  117, Dmax= 1.1e-02 nm, Epot= -5.06721e+05 Fmax= 1.58333e+04, atom= 1744
Step=  118, Dmax= 1.4e-02 nm, Epot= -5.07218e+05 Fmax= 5.36196e+03, atom= 1744
Step=  119, Dmax= 1.7e-02 nm, Epot= -5.06839e+05 Fmax= 1.99804e+04, atom= 1744
Step=  120, Dmax= 8.3e-03 nm, Epot= -5.07318e+05 Fmax= 7.32392e+03, atom= 1744
Step=  121, Dmax= 9.9e-03 nm, Epot= -5.07427e+05 Fmax= 7.91033e+03, atom= 1744
Step=  122, Dmax= 1.2e-02 nm, Epot= -5.07487e+05 Fmax= 1.03458e+04, atom= 1744
Step=  123, Dmax= 1.4e-02 nm, Epot= -5.07567e+05 Fmax= 1.15819e+04, atom= 1744
Step=  124, Dmax= 1.7e-02 nm, Epot= -5.07562e+05 Fmax= 1.46721e+04, atom= 1744
Step=  125, Dmax= 8.6e-03 nm, Epot= -5.07859e+05 Fmax= 1.56347e+03, atom= 1744
Step=  126, Dmax= 1.0e-02 nm, Epot= -5.08115e+05 Fmax= 1.42327e+04, atom= 1744
Step=  127, Dmax= 1.2e-02 nm, Epot= -5.08479e+05 Fmax= 4.71612e+03, atom= 1744
Step=  128, Dmax= 1.5e-02 nm, Epot= -5.08271e+05 Fmax= 1.80592e+04, atom= 1744
Step=  129, Dmax= 7.4e-03 nm, Epot= -5.08578e+05 Fmax= 6.67224e+03, atom= 1744
Step=  130, Dmax= 8.9e-03 nm, Epot= -5.08684e+05 Fmax= 6.96451e+03, atom= 1744
Step=  131, Dmax= 1.1e-02 nm, Epot= -5.08751e+05 Fmax= 9.42595e+03, atom= 1744
Step=  132, Dmax= 1.3e-02 nm, Epot= -5.08841e+05 Fmax= 1.01975e+04, atom= 1744
Step=  133, Dmax= 1.5e-02 nm, Epot= -5.08855e+05 Fmax= 1.33861e+04, atom= 1744
Step=  134, Dmax= 1.8e-02 nm, Epot= -5.08907e+05 Fmax= 1.48292e+04, atom= 1744
Step=  135, Dmax= 2.2e-02 nm, Epot= -5.08821e+05 Fmax= 1.90740e+04, atom= 1744
Step=  136, Dmax= 1.1e-02 nm, Epot= -5.09284e+05 Fmax= 2.13462e+03, atom= 1744
Step=  137, Dmax= 1.3e-02 nm, Epot= -5.09323e+05 Fmax= 1.82936e+04, atom= 1744
Step=  138, Dmax= 1.6e-02 nm, Epot= -5.09799e+05 Fmax= 6.23641e+03, atom= 1744
Step=  139, Dmax= 1.9e-02 nm, Epot= -5.09385e+05 Fmax= 2.30217e+04, atom= 1744
Step=  140, Dmax= 9.6e-03 nm, Epot= -5.09875e+05 Fmax= 8.41536e+03, atom= 1744
Step=  141, Dmax= 1.1e-02 nm, Epot= -5.09962e+05 Fmax= 9.21011e+03, atom= 1744
Step=  142, Dmax= 1.4e-02 nm, Epot= -5.10003e+05 Fmax= 1.18767e+04, atom= 1744
Step=  143, Dmax= 1.7e-02 nm, Epot= -5.10058e+05 Fmax= 1.34804e+04, atom= 1744
Step=  144, Dmax= 2.0e-02 nm, Epot= -5.10039e+05 Fmax= 1.68368e+04, atom= 1744
Step=  145, Dmax= 9.9e-03 nm, Epot= -5.10339e+05 Fmax= 1.70650e+03, atom= 1744
Step=  146, Dmax= 1.2e-02 nm, Epot= -5.10524e+05 Fmax= 1.66053e+04, atom= 1744
Step=  147, Dmax= 1.4e-02 nm, Epot= -5.10882e+05 Fmax= 5.29876e+03, atom= 1744
Step=  148, Dmax= 1.7e-02 nm, Epot= -5.10629e+05 Fmax= 2.10543e+04, atom= 1744
Step=  149, Dmax= 8.6e-03 nm, Epot= -5.10958e+05 Fmax= 7.88165e+03, atom= 1744
Step=  150, Dmax= 1.0e-02 nm, Epot= -5.11050e+05 Fmax= 7.87208e+03, atom= 1744
Step=  151, Dmax= 1.2e-02 nm, Epot= -5.11092e+05 Fmax= 1.10855e+04, atom= 1744
Step=  152, Dmax= 1.5e-02 nm, Epot= -5.11173e+05 Fmax= 1.15812e+04, atom= 1744
Step=  153, Dmax= 1.8e-02 nm, Epot= -5.11156e+05 Fmax= 1.56813e+04, atom= 1744
Step=  154, Dmax= 8.9e-03 nm, Epot= -5.11372e+05 Fmax= 2.05272e+03, atom= 1744
Step=  155, Dmax= 1.1e-02 nm, Epot= -5.11513e+05 Fmax= 1.42890e+04, atom= 1744
Step=  156, Dmax= 1.3e-02 nm, Epot= -5.11761e+05 Fmax= 5.39010e+03, atom= 1744
Step=  157, Dmax= 1.5e-02 nm, Epot= -5.11641e+05 Fmax= 1.81000e+04, atom= 1744
Step=  158, Dmax= 7.7e-03 nm, Epot= -5.11844e+05 Fmax= 6.36565e+03, atom= 1744
Step=  159, Dmax= 9.2e-03 nm, Epot= -5.11919e+05 Fmax= 7.79648e+03, atom= 1744
Step=  160, Dmax= 1.1e-02 nm, Epot= -5.11990e+05 Fmax= 9.13038e+03, atom= 1744
Step=  161, Dmax= 1.3e-02 nm, Epot= -5.12043e+05 Fmax= 1.12482e+04, atom= 1744
Step=  162, Dmax= 1.6e-02 nm, Epot= -5.12090e+05 Fmax= 1.31070e+04, atom= 1744
Step=  163, Dmax= 1.9e-02 nm, Epot= -5.12097e+05 Fmax= 1.61964e+04, atom= 1744
Step=  164, Dmax= 2.3e-02 nm, Epot= -5.12097e+05 Fmax= 1.88007e+04, atom= 1744
Step=  165, Dmax= 2.7e-02 nm, Epot= -5.12008e+05 Fmax= 2.32753e+04, atom= 1744
Step=  166, Dmax= 1.4e-02 nm, Epot= -5.12486e+05 Fmax= 2.27167e+03, atom= 1744
Step=  167, Dmax= 1.6e-02 nm, Epot= -5.12453e+05 Fmax= 2.30838e+04, atom= 1744
Step=  168, Dmax= 8.2e-03 nm, Epot= -5.12621e+05 Fmax= 1.03489e+04, atom= 1744
Step=  169, Dmax= 9.9e-03 nm, Epot= -5.12759e+05 Fmax= 4.87923e+03, atom= 1744
Step=  170, Dmax= 1.2e-02 nm, Epot= -5.12771e+05 Fmax= 1.33010e+04, atom= 1744
Step=  171, Dmax= 1.4e-02 nm, Epot= -5.12932e+05 Fmax= 8.60280e+03, atom= 1744
Step=  172, Dmax= 1.7e-02 nm, Epot= -5.12843e+05 Fmax= 1.75707e+04, atom= 1744
Step=  173, Dmax= 8.5e-03 nm, Epot= -5.13041e+05 Fmax= 4.49654e+03, atom= 1744
Step=  174, Dmax= 1.0e-02 nm, Epot= -5.13086e+05 Fmax= 1.12926e+04, atom= 1744
Step=  175, Dmax= 1.2e-02 nm, Epot= -5.13214e+05 Fmax= 7.57057e+03, atom= 1744
Step=  176, Dmax= 1.5e-02 nm, Epot= -5.13182e+05 Fmax= 1.51463e+04, atom= 1744
Step=  177, Dmax= 7.4e-03 nm, Epot= -5.13310e+05 Fmax= 3.78608e+03, atom= 1744
Step=  178, Dmax= 8.9e-03 nm, Epot= -5.13380e+05 Fmax= 9.78612e+03, atom= 1744
Step=  179, Dmax= 1.1e-02 nm, Epot= -5.13490e+05 Fmax= 6.57707e+03, atom= 1744
Step=  180, Dmax= 1.3e-02 nm, Epot= -5.13499e+05 Fmax= 1.29712e+04, atom= 1744
Step=  181, Dmax= 1.5e-02 nm, Epot= -5.13618e+05 Fmax= 1.05726e+04, atom= 1744
Step=  182, Dmax= 1.8e-02 nm, Epot= -5.13555e+05 Fmax= 1.75523e+04, atom= 1744
Step=  183, Dmax= 9.2e-03 nm, Epot= -5.13751e+05 Fmax= 3.50795e+03, atom= 1744
Step=  184, Dmax= 1.1e-02 nm, Epot= -5.13796e+05 Fmax= 1.34804e+04, atom= 1744
Step=  185, Dmax= 1.3e-02 nm, Epot= -5.13962e+05 Fmax= 6.79972e+03, atom= 1744
Step=  186, Dmax= 1.6e-02 nm, Epot= -5.13884e+05 Fmax= 1.76336e+04, atom= 1744
Step=  187, Dmax= 7.9e-03 nm, Epot= -5.14043e+05 Fmax= 5.41358e+03, atom= 1744
Step=  188, Dmax= 9.5e-03 nm, Epot= -5.14099e+05 Fmax= 9.17889e+03, atom= 1744
Step=  189, Dmax= 1.1e-02 nm, Epot= -5.14181e+05 Fmax= 8.41049e+03, atom= 1744
Step=  190, Dmax= 1.4e-02 nm, Epot= -5.14204e+05 Fmax= 1.26012e+04, atom= 1744
Step=  191, Dmax= 1.6e-02 nm, Epot= -5.14276e+05 Fmax= 1.27018e+04, atom= 1744
Step=  192, Dmax= 2.0e-02 nm, Epot= -5.14249e+05 Fmax= 1.75171e+04, atom= 1744
Step=  193, Dmax= 9.9e-03 nm, Epot= -5.14440e+05 Fmax= 2.43346e+03, atom= 1744
Step=  194, Dmax= 1.2e-02 nm, Epot= -5.14524e+05 Fmax= 1.58617e+04, atom= 1744
Step=  195, Dmax= 1.4e-02 nm, Epot= -5.14737e+05 Fmax= 5.95170e+03, atom= 1744
Step=  196, Dmax= 1.7e-02 nm, Epot= -5.14609e+05 Fmax= 2.03391e+04, atom= 1744
Step=  197, Dmax= 8.5e-03 nm, Epot= -5.14803e+05 Fmax= 7.19137e+03, atom= 1744
Step=  198, Dmax= 1.0e-02 nm, Epot= -5.14864e+05 Fmax= 8.49835e+03, atom= 1744
Step=  199, Dmax= 1.2e-02 nm, Epot= -5.14916e+05 Fmax= 1.04139e+04, atom= 1744
Step=  200, Dmax= 1.5e-02 nm, Epot= -5.14962e+05 Fmax= 1.21713e+04, atom= 1744
Step=  201, Dmax= 1.8e-02 nm, Epot= -5.14984e+05 Fmax= 1.50245e+04, atom= 1744
Step=  202, Dmax= 2.1e-02 nm, Epot= -5.15000e+05 Fmax= 1.74443e+04, atom= 1744
Step=  203, Dmax= 2.5e-02 nm, Epot= -5.14959e+05 Fmax= 2.16169e+04, atom= 1744
Step=  204, Dmax= 1.3e-02 nm, Epot= -5.15258e+05 Fmax= 2.11162e+03, atom= 1744
Step=  205, Dmax= 1.5e-02 nm, Epot= -5.15318e+05 Fmax= 2.13473e+04, atom= 1744
Step=  206, Dmax= 1.8e-02 nm, Epot= -5.15651e+05 Fmax= 6.98185e+03, atom= 1744
Step=  207, Dmax= 2.2e-02 nm, Epot= -5.15352e+05 Fmax= 2.66512e+04, atom= 1744
Step=  208, Dmax= 1.1e-02 nm, Epot= -5.15697e+05 Fmax= 9.87539e+03, atom= 1744
Step=  209, Dmax= 1.3e-02 nm, Epot= -5.15758e+05 Fmax= 1.04610e+04, atom= 1744
Step=  210, Dmax= 1.6e-02 nm, Epot= -5.15779e+05 Fmax= 1.38075e+04, atom= 1744
Step=  211, Dmax= 1.9e-02 nm, Epot= -5.15817e+05 Fmax= 1.54232e+04, atom= 1744
Step=  212, Dmax= 2.3e-02 nm, Epot= -5.15794e+05 Fmax= 1.94579e+04, atom= 1744
Step=  213, Dmax= 1.1e-02 nm, Epot= -5.16013e+05 Fmax= 2.05913e+03, atom= 1744
Step=  214, Dmax= 1.4e-02 nm, Epot= -5.16105e+05 Fmax= 1.91219e+04, atom= 1744
Step=  215, Dmax= 1.6e-02 nm, Epot= -5.16363e+05 Fmax= 6.10544e+03, atom= 1744
Step=  216, Dmax= 2.0e-02 nm, Epot= -5.16159e+05 Fmax= 2.42845e+04, atom= 1744
Step=  217, Dmax= 9.9e-03 nm, Epot= -5.16413e+05 Fmax= 9.09590e+03, atom= 1744
Step=  218, Dmax= 1.2e-02 nm, Epot= -5.16477e+05 Fmax= 9.03632e+03, atom= 1744
Step=  219, Dmax= 1.4e-02 nm, Epot= -5.16500e+05 Fmax= 1.28165e+04, atom= 1744
Step=  220, Dmax= 1.7e-02 nm, Epot= -5.16555e+05 Fmax= 1.32702e+04, atom= 1744
Step=  221, Dmax= 2.0e-02 nm, Epot= -5.16531e+05 Fmax= 1.81357e+04, atom= 1744
Step=  222, Dmax= 1.0e-02 nm, Epot= -5.16703e+05 Fmax= 2.43871e+03, atom= 1744
Step=  223, Dmax= 1.2e-02 nm, Epot= -5.16776e+05 Fmax= 1.63442e+04, atom= 1744
Step=  224, Dmax= 1.5e-02 nm, Epot= -5.16964e+05 Fmax= 6.33726e+03, atom= 1744
Step=  225, Dmax= 1.8e-02 nm, Epot= -5.16850e+05 Fmax= 2.06906e+04, atom= 1744
Step=  226, Dmax= 8.8e-03 nm, Epot= -5.17022e+05 Fmax= 7.19142e+03, atom= 1744
Step=  227, Dmax= 1.1e-02 nm, Epot= -5.17072e+05 Fmax= 9.13307e+03, atom= 1744
Step=  228, Dmax= 1.3e-02 nm, Epot= -5.17121e+05 Fmax= 1.03491e+04, atom= 1744
Step=  229, Dmax= 1.5e-02 nm, Epot= -5.17150e+05 Fmax= 1.31310e+04, atom= 1744
Step=  230, Dmax= 1.8e-02 nm, Epot= -5.17183e+05 Fmax= 1.48961e+04, atom= 1744
Step=  231, Dmax= 2.2e-02 nm, Epot= -5.17169e+05 Fmax= 1.88465e+04, atom= 1744
Step=  232, Dmax= 1.1e-02 nm, Epot= -5.17353e+05 Fmax= 1.98834e+03, atom= 1744
Step=  233, Dmax= 1.3e-02 nm, Epot= -5.17457e+05 Fmax= 1.81912e+04, atom= 1744
Step=  234, Dmax= 1.6e-02 nm, Epot= -5.17675e+05 Fmax= 6.22231e+03, atom= 1744
Step=  235, Dmax= 1.9e-02 nm, Epot= -5.17521e+05 Fmax= 2.28062e+04, atom= 1744
Step=  236, Dmax= 9.5e-03 nm, Epot= -5.17725e+05 Fmax= 8.31578e+03, atom= 1744
Step=  237, Dmax= 1.1e-02 nm, Epot= -5.17777e+05 Fmax= 9.23578e+03, atom= 1744
Step=  238, Dmax= 1.4e-02 nm, Epot= -5.17811e+05 Fmax= 1.17021e+04, atom= 1744
Step=  239, Dmax= 1.6e-02 nm, Epot= -5.17847e+05 Fmax= 1.35342e+04, atom= 1744
Step=  240, Dmax= 2.0e-02 nm, Epot= -5.17856e+05 Fmax= 1.65815e+04, atom= 1744
Step=  241, Dmax= 2.4e-02 nm, Epot= -5.17853e+05 Fmax= 1.96720e+04, atom= 1744
Step=  242, Dmax= 1.2e-02 nm, Epot= -5.18050e+05 Fmax= 1.56882e+03, atom= 1744
Step=  243, Dmax= 1.4e-02 nm, Epot= -5.18212e+05 Fmax= 2.00996e+04, atom= 1744
Step=  244, Dmax= 1.7e-02 nm, Epot= -5.18462e+05 Fmax= 6.20310e+03, atom= 1744
Step=  245, Dmax= 2.0e-02 nm, Epot= -5.18265e+05 Fmax= 2.49484e+04, atom= 1744
Step=  246, Dmax= 1.0e-02 nm, Epot= -5.18503e+05 Fmax= 9.41696e+03, atom= 1744
Step=  247, Dmax= 1.2e-02 nm, Epot= -5.18559e+05 Fmax= 9.45925e+03, atom= 1744
Step=  248, Dmax= 1.5e-02 nm, Epot= -5.18578e+05 Fmax= 1.30434e+04, atom= 1744
Step=  249, Dmax= 1.8e-02 nm, Epot= -5.18620e+05 Fmax= 1.40832e+04, atom= 1744
Step=  250, Dmax= 2.1e-02 nm, Epot= -5.18605e+05 Fmax= 1.82761e+04, atom= 1744
Step=  251, Dmax= 1.1e-02 nm, Epot= -5.18762e+05 Fmax= 2.12899e+03, atom= 1744
Step=  252, Dmax= 1.3e-02 nm, Epot= -5.18843e+05 Fmax= 1.75447e+04, atom= 1744
Step=  253, Dmax= 1.5e-02 nm, Epot= -5.19033e+05 Fmax= 5.83511e+03, atom= 1744
Step=  254, Dmax= 1.8e-02 nm, Epot= -5.18901e+05 Fmax= 2.23600e+04, atom= 1744
Step=  255, Dmax= 9.1e-03 nm, Epot= -5.19079e+05 Fmax= 8.26369e+03, atom= 1744
Step=  256, Dmax= 1.1e-02 nm, Epot= -5.19131e+05 Fmax= 8.54308e+03, atom= 1744
Step=  257, Dmax= 1.3e-02 nm, Epot= -5.19159e+05 Fmax= 1.17297e+04, atom= 1744
Step=  258, Dmax= 1.6e-02 nm, Epot= -5.19204e+05 Fmax= 1.24602e+04, atom= 1744
Step=  259, Dmax= 1.9e-02 nm, Epot= -5.19198e+05 Fmax= 1.66791e+04, atom= 1744
Step=  260, Dmax= 9.5e-03 nm, Epot= -5.19320e+05 Fmax= 2.11385e+03, atom= 1744
Step=  261, Dmax= 1.1e-02 nm, Epot= -5.19412e+05 Fmax= 1.52681e+04, atom= 1744
Step=  262, Dmax= 1.4e-02 nm, Epot= -5.19559e+05 Fmax= 5.77081e+03, atom= 1744
Step=  263, Dmax= 1.6e-02 nm, Epot= -5.19486e+05 Fmax= 1.92807e+04, atom= 1744
Step=  264, Dmax= 8.2e-03 nm, Epot= -5.19610e+05 Fmax= 6.76784e+03, atom= 1744
Step=  265, Dmax= 9.8e-03 nm, Epot= -5.19655e+05 Fmax= 8.37947e+03, atom= 1744
Step=  266, Dmax= 1.2e-02 nm, Epot= -5.19698e+05 Fmax= 9.68248e+03, atom= 1744
Step=  267, Dmax= 1.4e-02 nm, Epot= -5.19728e+05 Fmax= 1.21020e+04, atom= 1744
Step=  268, Dmax= 1.7e-02 nm, Epot= -5.19758e+05 Fmax= 1.38911e+04, atom= 1744
Step=  269, Dmax= 2.0e-02 nm, Epot= -5.19756e+05 Fmax= 1.74178e+04, atom= 1744
Step=  270, Dmax= 1.0e-02 nm, Epot= -5.19892e+05 Fmax= 1.77321e+03, atom= 1744
Step=  271, Dmax= 1.2e-02 nm, Epot= -5.20010e+05 Fmax= 1.68963e+04, atom= 1744
Step=  272, Dmax= 1.5e-02 nm, Epot= -5.20182e+05 Fmax= 5.74280e+03, atom= 1744
Step=  273, Dmax= 1.8e-02 nm, Epot= -5.20075e+05 Fmax= 2.11665e+04, atom= 1744
Step=  274, Dmax= 8.8e-03 nm, Epot= -5.20227e+05 Fmax= 7.73204e+03, atom= 1744
Step=  275, Dmax= 1.1e-02 nm, Epot= -5.20273e+05 Fmax= 8.55110e+03, atom= 1744
Step=  276, Dmax= 1.3e-02 nm, Epot= -5.20305e+05 Fmax= 1.08616e+04, atom= 1744
Step=  277, Dmax= 1.5e-02 nm, Epot= -5.20339e+05 Fmax= 1.25504e+04, atom= 1744
Step=  278, Dmax= 1.8e-02 nm, Epot= -5.20351e+05 Fmax= 1.53818e+04, atom= 1744
Step=  279, Dmax= 2.2e-02 nm, Epot= -5.20354e+05 Fmax= 1.82579e+04, atom= 1744
Step=  280, Dmax= 2.6e-02 nm, Epot= -5.20329e+05 Fmax= 2.18580e+04, atom= 1744
Step=  281, Dmax= 1.3e-02 nm, Epot= -5.20560e+05 Fmax= 1.87026e+03, atom= 1744
Step=  282, Dmax= 1.6e-02 nm, Epot= -5.20615e+05 Fmax= 2.25218e+04, atom= 1744
Step=  283, Dmax= 1.9e-02 nm, Epot= -5.20891e+05 Fmax= 6.57851e+03, atom= 1744
Step=  284, Dmax= 2.3e-02 nm, Epot= -5.20612e+05 Fmax= 2.84168e+04, atom= 1744
Step=  285, Dmax= 1.1e-02 nm, Epot= -5.20915e+05 Fmax= 1.09513e+04, atom= 1744
Step=  286, Dmax= 1.4e-02 nm, Epot= -5.20973e+05 Fmax= 9.93365e+03, atom= 1744
Step=  287, Dmax= 1.6e-02 nm, Epot= -5.20963e+05 Fmax= 1.52329e+04, atom= 1744
Step=  288, Dmax= 8.2e-03 nm, Epot= -5.21052e+05 Fmax= 2.64957e+03, atom= 1744
Step=  289, Dmax= 9.8e-03 nm, Epot= -5.21112e+05 Fmax= 1.23468e+04, atom= 1744
Step=  290, Dmax= 1.2e-02 nm, Epot= -5.21211e+05 Fmax= 5.78566e+03, atom= 1744
Step=  291, Dmax= 1.4e-02 nm, Epot= -5.21185e+05 Fmax= 1.58364e+04, atom= 1744
Step=  292, Dmax= 7.1e-03 nm, Epot= -5.21260e+05 Fmax= 5.03247e+03, atom= 1744
Step=  293, Dmax= 8.5e-03 nm, Epot= -5.21301e+05 Fmax= 8.04100e+03, atom= 1744
Step=  294, Dmax= 1.0e-02 nm, Epot= -5.21352e+05 Fmax= 7.54224e+03, atom= 1744
Step=  295, Dmax= 1.2e-02 nm, Epot= -5.21374e+05 Fmax= 1.12618e+04, atom= 1744
Step=  296, Dmax= 1.5e-02 nm, Epot= -5.21422e+05 Fmax= 1.11703e+04, atom= 1744
Step=  297, Dmax= 1.8e-02 nm, Epot= -5.21413e+05 Fmax= 1.58624e+04, atom= 1744
Step=  298, Dmax= 8.8e-03 nm, Epot= -5.21514e+05 Fmax= 2.34862e+03, atom= 1744
Step=  299, Dmax= 1.1e-02 nm, Epot= -5.21580e+05 Fmax= 1.37569e+04, atom= 1744
Step=  300, Dmax= 1.3e-02 nm, Epot= -5.21695e+05 Fmax= 5.74317e+03, atom= 1744
Step=  301, Dmax= 1.5e-02 nm, Epot= -5.21646e+05 Fmax= 1.74870e+04, atom= 1744
Step=  302, Dmax= 7.6e-03 nm, Epot= -5.21742e+05 Fmax= 5.88109e+03, atom= 1744
Step=  303, Dmax= 9.1e-03 nm, Epot= -5.21781e+05 Fmax= 8.17091e+03, atom= 1744
Step=  304, Dmax= 1.1e-02 nm, Epot= -5.21824e+05 Fmax= 8.57608e+03, atom= 1744
Step=  305, Dmax= 1.3e-02 nm, Epot= -5.21847e+05 Fmax= 1.16323e+04, atom= 1744
Step=  306, Dmax= 1.6e-02 nm, Epot= -5.21884e+05 Fmax= 1.24733e+04, atom= 1744
Step=  307, Dmax= 1.9e-02 nm, Epot= -5.21875e+05 Fmax= 1.65743e+04, atom= 1744
Step=  308, Dmax= 9.4e-03 nm, Epot= -5.21990e+05 Fmax= 2.05561e+03, atom= 1744
Step=  309, Dmax= 1.1e-02 nm, Epot= -5.22066e+05 Fmax= 1.52467e+04, atom= 1744
Step=  310, Dmax= 1.4e-02 nm, Epot= -5.22202e+05 Fmax= 5.72608e+03, atom= 1744
Step=  311, Dmax= 1.6e-02 nm, Epot= -5.22124e+05 Fmax= 1.92348e+04, atom= 1744
Step=  312, Dmax= 8.2e-03 nm, Epot= -5.22244e+05 Fmax= 6.76721e+03, atom= 1744
Step=  313, Dmax= 9.8e-03 nm, Epot= -5.22282e+05 Fmax= 8.33472e+03, atom= 1744
Step=  314, Dmax= 1.2e-02 nm, Epot= -5.22318e+05 Fmax= 9.66474e+03, atom= 1744
Step=  315, Dmax= 1.4e-02 nm, Epot= -5.22343e+05 Fmax= 1.20520e+04, atom= 1744
Step=  316, Dmax= 1.7e-02 nm, Epot= -5.22366e+05 Fmax= 1.38530e+04, atom= 1744
Step=  317, Dmax= 2.0e-02 nm, Epot= -5.22360e+05 Fmax= 1.73567e+04, atom= 1744
Step=  318, Dmax= 1.0e-02 nm, Epot= -5.22490e+05 Fmax= 1.76158e+03, atom= 1744
Step=  319, Dmax= 1.2e-02 nm, Epot= -5.22582e+05 Fmax= 1.68266e+04, atom= 1744
Step=  320, Dmax= 1.5e-02 nm, Epot= -5.22742e+05 Fmax= 5.73870e+03, atom= 1744
Step=  321, Dmax= 1.8e-02 nm, Epot= -5.22631e+05 Fmax= 2.10755e+04, atom= 1744
Step=  322, Dmax= 8.8e-03 nm, Epot= -5.22780e+05 Fmax= 7.68846e+03, atom= 1744
Step=  323, Dmax= 1.1e-02 nm, Epot= -5.22819e+05 Fmax= 8.54445e+03, atom= 1744
Step=  324, Dmax= 1.3e-02 nm, Epot= -5.22846e+05 Fmax= 1.08013e+04, atom= 1744
Step=  325, Dmax= 1.5e-02 nm, Epot= -5.22873e+05 Fmax= 1.25371e+04, atom= 1744
Step=  326, Dmax= 1.8e-02 nm, Epot= -5.22881e+05 Fmax= 1.53008e+04, atom= 1744
Step=  327, Dmax= 2.2e-02 nm, Epot= -5.22878e+05 Fmax= 1.82312e+04, atom= 1744
Step=  328, Dmax= 1.1e-02 nm, Epot= -5.23025e+05 Fmax= 1.48231e+03, atom= 1744
Step=  329, Dmax= 1.3e-02 nm, Epot= -5.23144e+05 Fmax= 1.84750e+04, atom= 1744
Step=  330, Dmax= 1.6e-02 nm, Epot= -5.23331e+05 Fmax= 5.81828e+03, atom= 1744
Step=  331, Dmax= 1.9e-02 nm, Epot= -5.23182e+05 Fmax= 2.29726e+04, atom= 1744
Step=  332, Dmax= 9.4e-03 nm, Epot= -5.23363e+05 Fmax= 8.61068e+03, atom= 1744
Step=  333, Dmax= 1.1e-02 nm, Epot= -5.23404e+05 Fmax= 8.84230e+03, atom= 1744
Step=  334, Dmax= 1.4e-02 nm, Epot= -5.23420e+05 Fmax= 1.19506e+04, atom= 1744
Step=  335, Dmax= 1.6e-02 nm, Epot= -5.23450e+05 Fmax= 1.31331e+04, atom= 1744
Step=  336, Dmax= 2.0e-02 nm, Epot= -5.23441e+05 Fmax= 1.67809e+04, atom= 1744
Step=  337, Dmax= 9.8e-03 nm, Epot= -5.23560e+05 Fmax= 1.85083e+03, atom= 1744
Step=  338, Dmax= 1.2e-02 nm, Epot= -5.23631e+05 Fmax= 1.63878e+04, atom= 1744
Step=  339, Dmax= 1.4e-02 nm, Epot= -5.23780e+05 Fmax= 5.22076e+03, atom= 1744
Step=  340, Dmax= 1.7e-02 nm, Epot= -5.23676e+05 Fmax= 2.08665e+04, atom= 1744
Step=  341, Dmax= 8.4e-03 nm, Epot= -5.23815e+05 Fmax= 7.82455e+03, atom= 1744
Step=  342, Dmax= 1.0e-02 nm, Epot= -5.23857e+05 Fmax= 7.70412e+03, atom= 1744
Step=  343, Dmax= 1.2e-02 nm, Epot= -5.23875e+05 Fmax= 1.10468e+04, atom= 1744
Step=  344, Dmax= 1.5e-02 nm, Epot= -5.23913e+05 Fmax= 1.13094e+04, atom= 1744
Step=  345, Dmax= 1.8e-02 nm, Epot= -5.23903e+05 Fmax= 1.56411e+04, atom= 1744
Step=  346, Dmax= 8.8e-03 nm, Epot= -5.24001e+05 Fmax= 2.16780e+03, atom= 1744
Step=  347, Dmax= 1.1e-02 nm, Epot= -5.24058e+05 Fmax= 1.38658e+04, atom= 1744
Step=  348, Dmax= 1.3e-02 nm, Epot= -5.24169e+05 Fmax= 5.57551e+03, atom= 1744
Step=  349, Dmax= 1.5e-02 nm, Epot= -5.24111e+05 Fmax= 1.75696e+04, atom= 1744
Step=  350, Dmax= 7.6e-03 nm, Epot= -5.24208e+05 Fmax= 6.00664e+03, atom= 1744
Step=  351, Dmax= 9.1e-03 nm, Epot= -5.24241e+05 Fmax= 8.00356e+03, atom= 1744
Step=  352, Dmax= 1.1e-02 nm, Epot= -5.24277e+05 Fmax= 8.68514e+03, atom= 1744
Step=  353, Dmax= 1.3e-02 nm, Epot= -5.24296e+05 Fmax= 1.14612e+04, atom= 1744
Step=  354, Dmax= 1.6e-02 nm, Epot= -5.24324e+05 Fmax= 1.25630e+04, atom= 1744
Step=  355, Dmax= 1.9e-02 nm, Epot= -5.24314e+05 Fmax= 1.63934e+04, atom= 1744
Step=  356, Dmax= 9.4e-03 nm, Epot= -5.24426e+05 Fmax= 1.92085e+03, atom= 1744
Step=  357, Dmax= 1.1e-02 nm, Epot= -5.24489e+05 Fmax= 1.53019e+04, atom= 1744
Step=  358, Dmax= 1.4e-02 nm, Epot= -5.24620e+05 Fmax= 5.60791e+03, atom= 1744
Step=  359, Dmax= 1.6e-02 nm, Epot= -5.24534e+05 Fmax= 1.92614e+04, atom= 1744
Step=  360, Dmax= 8.1e-03 nm, Epot= -5.24655e+05 Fmax= 6.84027e+03, atom= 1744
Step=  361, Dmax= 9.8e-03 nm, Epot= -5.24688e+05 Fmax= 8.21664e+03, atom= 1744
Step=  362, Dmax= 1.2e-02 nm, Epot= -5.24717e+05 Fmax= 9.72042e+03, atom= 1744
Step=  363, Dmax= 1.4e-02 nm, Epot= -5.24737e+05 Fmax= 1.19295e+04, atom= 1744
Step=  364, Dmax= 1.7e-02 nm, Epot= -5.24753e+05 Fmax= 1.38883e+04, atom= 1744
Step=  365, Dmax= 2.0e-02 nm, Epot= -5.24744e+05 Fmax= 1.72237e+04, atom= 1744
Step=  366, Dmax= 1.0e-02 nm, Epot= -5.24872e+05 Fmax= 1.67781e+03, atom= 1744
Step=  367, Dmax= 1.2e-02 nm, Epot= -5.24946e+05 Fmax= 1.68217e+04, atom= 1744
Step=  368, Dmax= 1.5e-02 nm, Epot= -5.25099e+05 Fmax= 5.67487e+03, atom= 1744
Step=  369, Dmax= 1.7e-02 nm, Epot= -5.24980e+05 Fmax= 2.10414e+04, atom= 1744
Step=  370, Dmax= 8.7e-03 nm, Epot= -5.25130e+05 Fmax= 7.70385e+03, atom= 1744
Step=  371, Dmax= 1.0e-02 nm, Epot= -5.25164e+05 Fmax= 8.48097e+03, atom= 1744
Step=  372, Dmax= 1.3e-02 nm, Epot= -5.25184e+05 Fmax= 1.07984e+04, atom= 1744
Step=  373, Dmax= 1.5e-02 nm, Epot= -5.25206e+05 Fmax= 1.24683e+04, atom= 1744
Step=  374, Dmax= 1.8e-02 nm, Epot= -5.25208e+05 Fmax= 1.52763e+04, atom= 1744
Step=  375, Dmax= 2.2e-02 nm, Epot= -5.25201e+05 Fmax= 1.81511e+04, atom= 1744
Step=  376, Dmax= 1.1e-02 nm, Epot= -5.25347e+05 Fmax= 1.45418e+03, atom= 1744
Step=  377, Dmax= 1.3e-02 nm, Epot= -5.25436e+05 Fmax= 1.84061e+04, atom= 1744
Step=  378, Dmax= 1.6e-02 nm, Epot= -5.25615e+05 Fmax= 5.80955e+03, atom= 1744
Step=  379, Dmax= 1.9e-02 nm, Epot= -5.25457e+05 Fmax= 2.28789e+04, atom= 1744
Step=  380, Dmax= 9.4e-03 nm, Epot= -5.25640e+05 Fmax= 8.56843e+03, atom= 1744
Step=  381, Dmax= 1.1e-02 nm, Epot= -5.25676e+05 Fmax= 8.83211e+03, atom= 1744
Step=  382, Dmax= 1.4e-02 nm, Epot= -5.25687e+05 Fmax= 1.18896e+04, atom= 1744
Step=  383, Dmax= 1.6e-02 nm, Epot= -5.25710e+05 Fmax= 1.31165e+04, atom= 1744
Step=  384, Dmax= 1.9e-02 nm, Epot= -5.25697e+05 Fmax= 1.66975e+04, atom= 1744
Step=  385, Dmax= 9.7e-03 nm, Epot= -5.25816e+05 Fmax= 1.81727e+03, atom= 1744
Step=  386, Dmax= 1.2e-02 nm, Epot= -5.25864e+05 Fmax= 1.63852e+04, atom= 1744
Step=  387, Dmax= 1.4e-02 nm, Epot= -5.26009e+05 Fmax= 5.15294e+03, atom= 1744
Step=  388, Dmax= 1.7e-02 nm, Epot= -5.25894e+05 Fmax= 2.08604e+04, atom= 1744
Step=  389, Dmax= 8.4e-03 nm, Epot= -5.26037e+05 Fmax= 7.85580e+03, atom= 1744
Step=  390, Dmax= 1.0e-02 nm, Epot= -5.26075e+05 Fmax= 7.61943e+03, atom= 1744
Step=  391, Dmax= 1.2e-02 nm, Epot= -5.26086e+05 Fmax= 1.10755e+04, atom= 1744
Step=  392, Dmax= 1.5e-02 nm, Epot= -5.26120e+05 Fmax= 1.12057e+04, atom= 1744
Step=  393, Dmax= 1.7e-02 nm, Epot= -5.26102e+05 Fmax= 1.56622e+04, atom= 1744
Step=  394, Dmax= 8.7e-03 nm, Epot= -5.26203e+05 Fmax= 2.23013e+03, atom= 1744
Step=  395, Dmax= 1.0e-02 nm, Epot= -5.26238e+05 Fmax= 1.37394e+04, atom= 1744
Step=  396, Dmax= 1.3e-02 nm, Epot= -5.26343e+05 Fmax= 5.63913e+03, atom= 1744
Step=  397, Dmax= 1.5e-02 nm, Epot= -5.26278e+05 Fmax= 1.74245e+04, atom= 1744
Step=  398, Dmax= 7.5e-03 nm, Epot= -5.26378e+05 Fmax= 5.90232e+03, atom= 1744
Step=  399, Dmax= 9.0e-03 nm, Epot= -5.26404e+05 Fmax= 8.06711e+03, atom= 1744
Step=  400, Dmax= 1.1e-02 nm, Epot= -5.26436e+05 Fmax= 8.56406e+03, atom= 1744
Step=  401, Dmax= 1.3e-02 nm, Epot= -5.26448e+05 Fmax= 1.15219e+04, atom= 1744
Step=  402, Dmax= 1.6e-02 nm, Epot= -5.26472e+05 Fmax= 1.24217e+04, atom= 1744
Step=  403, Dmax= 1.9e-02 nm, Epot= -5.26455e+05 Fmax= 1.64459e+04, atom= 1744
Step=  404, Dmax= 9.4e-03 nm, Epot= -5.26569e+05 Fmax= 2.01715e+03, atom= 1744
Step=  405, Dmax= 1.1e-02 nm, Epot= -5.26605e+05 Fmax= 1.51375e+04, atom= 1744
Step=  406, Dmax= 1.4e-02 nm, Epot= -5.26728e+05 Fmax= 5.70251e+03, atom= 1744
Step=  407, Dmax= 1.6e-02 nm, Epot= -5.26635e+05 Fmax= 1.90812e+04, atom= 1744
Step=  408, Dmax= 8.1e-03 nm, Epot= -5.26760e+05 Fmax= 6.70221e+03, atom= 1744
Step=  409, Dmax= 9.7e-03 nm, Epot= -5.26786e+05 Fmax= 8.31042e+03, atom= 1744
Step=  410, Dmax= 1.2e-02 nm, Epot= -5.26811e+05 Fmax= 9.56555e+03, atom= 1744
Step=  411, Dmax= 1.4e-02 nm, Epot= -5.26823e+05 Fmax= 1.20188e+04, atom= 1744
Step=  412, Dmax= 1.7e-02 nm, Epot= -5.26837e+05 Fmax= 1.37127e+04, atom= 1744
Step=  413, Dmax= 2.0e-02 nm, Epot= -5.26820e+05 Fmax= 1.73035e+04, atom= 1744
Step=  414, Dmax= 1.0e-02 nm, Epot= -5.26950e+05 Fmax= 1.80424e+03, atom= 1744
Step=  415, Dmax= 1.2e-02 nm, Epot= -5.26987e+05 Fmax= 1.66244e+04, atom= 1744
Step=  416, Dmax= 1.5e-02 nm, Epot= -5.27133e+05 Fmax= 5.79321e+03, atom= 1744
Step=  417, Dmax= 1.7e-02 nm, Epot= -5.27007e+05 Fmax= 2.08349e+04, atom= 1744
Step=  418, Dmax= 8.7e-03 nm, Epot= -5.27160e+05 Fmax= 7.53982e+03, atom= 1744
Step=  419, Dmax= 1.0e-02 nm, Epot= -5.27187e+05 Fmax= 8.59554e+03, atom= 1744
Step=  420, Dmax= 1.3e-02 nm, Epot= -5.27204e+05 Fmax= 1.06182e+04, atom= 1744
Step=  421, Dmax= 1.5e-02 nm, Epot= -5.27218e+05 Fmax= 1.25773e+04, atom= 1744
Step=  422, Dmax= 1.8e-02 nm, Epot= -5.27219e+05 Fmax= 1.50748e+04, atom= 1744
Step=  423, Dmax= 2.2e-02 nm, Epot= -5.27203e+05 Fmax= 1.82491e+04, atom= 1744
Step=  424, Dmax= 1.1e-02 nm, Epot= -5.27351e+05 Fmax= 1.60192e+03, atom= 1744
Step=  425, Dmax= 1.3e-02 nm, Epot= -5.27393e+05 Fmax= 1.81885e+04, atom= 1744
Step=  426, Dmax= 1.6e-02 nm, Epot= -5.27563e+05 Fmax= 5.93532e+03, atom= 1744
Step=  427, Dmax= 1.9e-02 nm, Epot= -5.27399e+05 Fmax= 2.26665e+04, atom= 1744
Step=  428, Dmax= 9.4e-03 nm, Epot= -5.27584e+05 Fmax= 8.39487e+03, atom= 1744
Step=  429, Dmax= 1.1e-02 nm, Epot= -5.27613e+05 Fmax= 8.95047e+03, atom= 1744
Step=  430, Dmax= 1.3e-02 nm, Epot= -5.27622e+05 Fmax= 1.17011e+04, atom= 1744
Step=  431, Dmax= 1.6e-02 nm, Epot= -5.27637e+05 Fmax= 1.32271e+04, atom= 1744
Step=  432, Dmax= 1.9e-02 nm, Epot= -5.27624e+05 Fmax= 1.64879e+04, atom= 1744
Step=  433, Dmax= 9.7e-03 nm, Epot= -5.27742e+05 Fmax= 1.65777e+03, atom= 1744
Step=  434, Dmax= 1.2e-02 nm, Epot= -5.27782e+05 Fmax= 1.65276e+04, atom= 1744
Step=  435, Dmax= 1.4e-02 nm, Epot= -5.27926e+05 Fmax= 4.94626e+03, atom= 1744
Step=  436, Dmax= 1.7e-02 nm, Epot= -5.27800e+05 Fmax= 2.10009e+04, atom= 1744
Step=  437, Dmax= 8.4e-03 nm, Epot= -5.27948e+05 Fmax= 8.03148e+03, atom= 1744
Step=  438, Dmax= 1.0e-02 nm, Epot= -5.27983e+05 Fmax= 7.39258e+03, atom= 1744
Step=  439, Dmax= 1.2e-02 nm, Epot= -5.27987e+05 Fmax= 1.12506e+04, atom= 1744
Step=  440, Dmax= 1.4e-02 nm, Epot= -5.28021e+05 Fmax= 1.09573e+04, atom= 1744
Step=  441, Dmax= 1.7e-02 nm, Epot= -5.27994e+05 Fmax= 1.58313e+04, atom= 1744
Step=  442, Dmax= 8.7e-03 nm, Epot= -5.28098e+05 Fmax= 2.43831e+03, atom= 1744
Step=  443, Dmax= 1.0e-02 nm, Epot= -5.28112e+05 Fmax= 1.34742e+04, atom= 1744
Step=  444, Dmax= 1.3e-02 nm, Epot= -5.28209e+05 Fmax= 5.84092e+03, atom= 1744
Step=  445, Dmax= 1.5e-02 nm, Epot= -5.28140e+05 Fmax= 1.71451e+04, atom= 1744
Step=  446, Dmax= 7.5e-03 nm, Epot= -5.28241e+05 Fmax= 5.66107e+03, atom= 1744
Step=  447, Dmax= 9.0e-03 nm, Epot= -5.28261e+05 Fmax= 8.26984e+03, atom= 1744
Step=  448, Dmax= 1.1e-02 nm, Epot= -5.28292e+05 Fmax= 8.30564e+03, atom= 1744
Step=  449, Dmax= 1.3e-02 nm, Epot= -5.28295e+05 Fmax= 1.17220e+04, atom= 1744
Step=  450, Dmax= 1.6e-02 nm, Epot= -5.28321e+05 Fmax= 1.21425e+04, atom= 1744
Step=  451, Dmax= 1.9e-02 nm, Epot= -5.28293e+05 Fmax= 1.66387e+04, atom= 1744
Step=  452, Dmax= 9.4e-03 nm, Epot= -5.28411e+05 Fmax= 2.25195e+03, atom= 1744
Step=  453, Dmax= 1.1e-02 nm, Epot= -5.28420e+05 Fmax= 1.48440e+04, atom= 1744
Step=  454, Dmax= 1.3e-02 nm, Epot= -5.28535e+05 Fmax= 5.92424e+03, atom= 1744
Step=  455, Dmax= 1.6e-02 nm, Epot= -5.28438e+05 Fmax= 1.87778e+04, atom= 1744
Step=  456, Dmax= 8.1e-03 nm, Epot= -5.28564e+05 Fmax= 6.43850e+03, atom= 1744
Step=  457, Dmax= 9.7e-03 nm, Epot= -5.28584e+05 Fmax= 8.53072e+03, atom= 1744
Step=  458, Dmax= 1.2e-02 nm, Epot= -5.28608e+05 Fmax= 9.28497e+03, atom= 1744
Step=  459, Dmax= 1.4e-02 nm, Epot= -5.28612e+05 Fmax= 1.22357e+04, atom= 1744
Step=  460, Dmax= 1.7e-02 nm, Epot= -5.28628e+05 Fmax= 1.34108e+04, atom= 1744
Step=  461, Dmax= 2.0e-02 nm, Epot= -5.28599e+05 Fmax= 1.75120e+04, atom= 1744
Step=  462, Dmax= 1.0e-02 nm, Epot= -5.28734e+05 Fmax= 2.05796e+03, atom= 1744
Step=  463, Dmax= 1.2e-02 nm, Epot= -5.28738e+05 Fmax= 1.63109e+04, atom= 1744
Step=  464, Dmax= 1.4e-02 nm, Epot= -5.28874e+05 Fmax= 6.02481e+03, atom= 1744
Step=  465, Dmax= 1.7e-02 nm, Epot= -5.28745e+05 Fmax= 2.05195e+04, atom= 1744
Step=  466, Dmax= 8.7e-03 nm, Epot= -5.28898e+05 Fmax= 7.26362e+03, atom= 1744
Step=  467, Dmax= 1.0e-02 nm, Epot= -5.28919e+05 Fmax= 8.82304e+03, atom= 1744
Step=  468, Dmax= 1.3e-02 nm, Epot= -5.28936e+05 Fmax= 1.03261e+04, atom= 1744
Step=  469, Dmax= 1.5e-02 nm, Epot= -5.28941e+05 Fmax= 1.27994e+04, atom= 1744
Step=  470, Dmax= 1.8e-02 nm, Epot= -5.28945e+05 Fmax= 1.47615e+04, atom= 1744
Step=  471, Dmax= 2.2e-02 nm, Epot= -5.28917e+05 Fmax= 1.84608e+04, atom= 1744
Step=  472, Dmax= 1.1e-02 nm, Epot= -5.29070e+05 Fmax= 1.86202e+03, atom= 1744
Step=  473, Dmax= 1.3e-02 nm, Epot= -5.29068e+05 Fmax= 1.78722e+04, atom= 1744
Step=  474, Dmax= 6.5e-03 nm, Epot= -5.29118e+05 Fmax= 7.97985e+03, atom= 1744
Step=  475, Dmax= 7.8e-03 nm, Epot= -5.29164e+05 Fmax= 4.03073e+03, atom= 1744
Step=  476, Dmax= 9.3e-03 nm, Epot= -5.29172e+05 Fmax= 1.02246e+04, atom= 1744
Step=  477, Dmax= 1.1e-02 nm, Epot= -5.29224e+05 Fmax= 7.05084e+03, atom= 1744
Step=  478, Dmax= 1.3e-02 nm, Epot= -5.29199e+05 Fmax= 1.35186e+04, atom= 1744
Step=  479, Dmax= 6.7e-03 nm, Epot= -5.29265e+05 Fmax= 3.24136e+03, atom= 1744
Step=  480, Dmax= 8.1e-03 nm, Epot= -5.29283e+05 Fmax= 9.26478e+03, atom= 1744
Step=  481, Dmax= 9.7e-03 nm, Epot= -5.29333e+05 Fmax= 5.56684e+03, atom= 1744
Step=  482, Dmax= 1.2e-02 nm, Epot= -5.29319e+05 Fmax= 1.23830e+04, atom= 1744
Step=  483, Dmax= 5.8e-03 nm, Epot= -5.29366e+05 Fmax= 3.40585e+03, atom= 1744
Step=  484, Dmax= 7.0e-03 nm, Epot= -5.29391e+05 Fmax= 7.22637e+03, atom= 1744
Step=  485, Dmax= 8.4e-03 nm, Epot= -5.29427e+05 Fmax= 5.68668e+03, atom= 1744
Step=  486, Dmax= 1.0e-02 nm, Epot= -5.29435e+05 Fmax= 9.66332e+03, atom= 1744
Step=  487, Dmax= 1.2e-02 nm, Epot= -5.29470e+05 Fmax= 8.90830e+03, atom= 1744
Step=  488, Dmax= 1.4e-02 nm, Epot= -5.29457e+05 Fmax= 1.32124e+04, atom= 1744
Step=  489, Dmax= 7.2e-03 nm, Epot= -5.29525e+05 Fmax= 2.16274e+03, atom= 1744
Step=  490, Dmax= 8.7e-03 nm, Epot= -5.29551e+05 Fmax= 1.13384e+04, atom= 1744
Step=  491, Dmax= 1.0e-02 nm, Epot= -5.29624e+05 Fmax= 4.61613e+03, atom= 1744
Step=  492, Dmax= 1.2e-02 nm, Epot= -5.29586e+05 Fmax= 1.47068e+04, atom= 1744
Step=  493, Dmax= 6.2e-03 nm, Epot= -5.29652e+05 Fmax= 5.04233e+03, atom= 1744
Step=  494, Dmax= 7.5e-03 nm, Epot= -5.29676e+05 Fmax= 6.41257e+03, atom= 1744
Step=  495, Dmax= 9.0e-03 nm, Epot= -5.29699e+05 Fmax= 7.47534e+03, atom= 1744
Step=  496, Dmax= 1.1e-02 nm, Epot= -5.29717e+05 Fmax= 9.04002e+03, atom= 1744
Step=  497, Dmax= 1.3e-02 nm, Epot= -5.29729e+05 Fmax= 1.09255e+04, atom= 1744
Step=  498, Dmax= 1.6e-02 nm, Epot= -5.29736e+05 Fmax= 1.28582e+04, atom= 1744
Step=  499, Dmax= 1.9e-02 nm, Epot= -5.29725e+05 Fmax= 1.58340e+04, atom= 1744
Step=  500, Dmax= 9.3e-03 nm, Epot= -5.29834e+05 Fmax= 1.49408e+03, atom= 1744
Step=  501, Dmax= 1.1e-02 nm, Epot= -5.29876e+05 Fmax= 1.54587e+04, atom= 1744
Step=  502, Dmax= 1.3e-02 nm, Epot= -5.30000e+05 Fmax= 5.27374e+03, atom= 1744
Step=  503, Dmax= 1.6e-02 nm, Epot= -5.29890e+05 Fmax= 1.93172e+04, atom= 1744
Step=  504, Dmax= 8.1e-03 nm, Epot= -5.30021e+05 Fmax= 7.03890e+03, atom= 1744
Step=  505, Dmax= 9.7e-03 nm, Epot= -5.30044e+05 Fmax= 7.89092e+03, atom= 1744
Step=  506, Dmax= 1.2e-02 nm, Epot= -5.30057e+05 Fmax= 9.86217e+03, atom= 1744
Step=  507, Dmax= 1.4e-02 nm, Epot= -5.30069e+05 Fmax= 1.15963e+04, atom= 1744
Step=  508, Dmax= 1.7e-02 nm, Epot= -5.30067e+05 Fmax= 1.39652e+04, atom= 1744
Step=  509, Dmax= 8.3e-03 nm, Epot= -5.30150e+05 Fmax= 1.20360e+03, atom= 1744
Step=  510, Dmax= 1.0e-02 nm, Epot= -5.30220e+05 Fmax= 1.45671e+04, atom= 1744
Step=  511, Dmax= 1.2e-02 nm, Epot= -5.30335e+05 Fmax= 3.89981e+03, atom= 1744
Step=  512, Dmax= 1.4e-02 nm, Epot= -5.30248e+05 Fmax= 1.84666e+04, atom= 1744
Step=  513, Dmax= 7.2e-03 nm, Epot= -5.30354e+05 Fmax= 7.28935e+03, atom= 1744
Step=  514, Dmax= 8.7e-03 nm, Epot= -5.30387e+05 Fmax= 5.96944e+03, atom= 1744
Step=  515, Dmax= 1.0e-02 nm, Epot= -5.30390e+05 Fmax= 1.00891e+04, atom= 1744
Step=  516, Dmax= 1.2e-02 nm, Epot= -5.30425e+05 Fmax= 9.00822e+03, atom= 1744
Step=  517, Dmax= 1.5e-02 nm, Epot= -5.30401e+05 Fmax= 1.40609e+04, atom= 1744
Step=  518, Dmax= 7.5e-03 nm, Epot= -5.30480e+05 Fmax= 2.52550e+03, atom= 1744
Step=  519, Dmax= 9.0e-03 nm, Epot= -5.30494e+05 Fmax= 1.11361e+04, atom= 1744
Step=  520, Dmax= 1.1e-02 nm, Epot= -5.30561e+05 Fmax= 5.48007e+03, atom= 1744
Step=  521, Dmax= 1.3e-02 nm, Epot= -5.30521e+05 Fmax= 1.42775e+04, atom= 1744
Step=  522, Dmax= 6.5e-03 nm, Epot= -5.30590e+05 Fmax= 4.40467e+03, atom= 1744
Step=  523, Dmax= 7.8e-03 nm, Epot= -5.30607e+05 Fmax= 7.59968e+03, atom= 1744
Step=  524, Dmax= 9.3e-03 nm, Epot= -5.30638e+05 Fmax= 6.64976e+03, atom= 1744
Step=  525, Dmax= 1.1e-02 nm, Epot= -5.30638e+05 Fmax= 1.05989e+04, atom= 1744
Step=  526, Dmax= 1.3e-02 nm, Epot= -5.30670e+05 Fmax= 9.92553e+03, atom= 1744
Step=  527, Dmax= 1.6e-02 nm, Epot= -5.30642e+05 Fmax= 1.48590e+04, atom= 1744
Step=  528, Dmax= 8.0e-03 nm, Epot= -5.30733e+05 Fmax= 2.46691e+03, atom= 1744
Step=  529, Dmax= 9.6e-03 nm, Epot= -5.30740e+05 Fmax= 1.22164e+04, atom= 1744
Step=  530, Dmax= 1.2e-02 nm, Epot= -5.30818e+05 Fmax= 5.64370e+03, atom= 1744
Step=  531, Dmax= 1.4e-02 nm, Epot= -5.30760e+05 Fmax= 1.55934e+04, atom= 1744
Step=  532, Dmax= 6.9e-03 nm, Epot= -5.30846e+05 Fmax= 4.98224e+03, atom= 1744
Step=  533, Dmax= 8.3e-03 nm, Epot= -5.30860e+05 Fmax= 7.91284e+03, atom= 1744
Step=  534, Dmax= 1.0e-02 nm, Epot= -5.30889e+05 Fmax= 7.40448e+03, atom= 1744
Step=  535, Dmax= 1.2e-02 nm, Epot= -5.30887e+05 Fmax= 1.11270e+04, atom= 1744
Step=  536, Dmax= 6.0e-03 nm, Epot= -5.30931e+05 Fmax= 1.86046e+03, atom= 1744
Step=  537, Dmax= 7.2e-03 nm, Epot= -5.30968e+05 Fmax= 9.05627e+03, atom= 1744
Step=  538, Dmax= 8.6e-03 nm, Epot= -5.31020e+05 Fmax= 4.28890e+03, atom= 1744
Step=  539, Dmax= 1.0e-02 nm, Epot= -5.31009e+05 Fmax= 1.15474e+04, atom= 1744
Step=  540, Dmax= 5.2e-03 nm, Epot= -5.31046e+05 Fmax= 3.63295e+03, atom= 1744
Step=  541, Dmax= 6.2e-03 nm, Epot= -5.31068e+05 Fmax= 6.01769e+03, atom= 1744
Step=  542, Dmax= 7.5e-03 nm, Epot= -5.31096e+05 Fmax= 5.40886e+03, atom= 1744
Step=  543, Dmax= 9.0e-03 nm, Epot= -5.31108e+05 Fmax= 8.45223e+03, atom= 1744
Step=  544, Dmax= 1.1e-02 nm, Epot= -5.31136e+05 Fmax= 8.01597e+03, atom= 1744
Step=  545, Dmax= 1.3e-02 nm, Epot= -5.31129e+05 Fmax= 1.19000e+04, atom= 1744
Step=  546, Dmax= 6.5e-03 nm, Epot= -5.31182e+05 Fmax= 1.94121e+03, atom= 1744
Step=  547, Dmax= 7.7e-03 nm, Epot= -5.31213e+05 Fmax= 9.80073e+03, atom= 1744
Step=  548, Dmax= 9.3e-03 nm, Epot= -5.31270e+05 Fmax= 4.54225e+03, atom= 1744
Step=  549, Dmax= 1.1e-02 nm, Epot= -5.31249e+05 Fmax= 1.24851e+04, atom= 1744
Step=  550, Dmax= 5.6e-03 nm, Epot= -5.31296e+05 Fmax= 3.97619e+03, atom= 1744
Step=  551, Dmax= 6.7e-03 nm, Epot= -5.31316e+05 Fmax= 6.39140e+03, atom= 1744
Step=  552, Dmax= 8.0e-03 nm, Epot= -5.31343e+05 Fmax= 5.89391e+03, atom= 1744
Step=  553, Dmax= 9.6e-03 nm, Epot= -5.31352e+05 Fmax= 8.99935e+03, atom= 1744
Step=  554, Dmax= 1.2e-02 nm, Epot= -5.31378e+05 Fmax= 8.70420e+03, atom= 1744
Step=  555, Dmax= 1.4e-02 nm, Epot= -5.31367e+05 Fmax= 1.26964e+04, atom= 1744
Step=  556, Dmax= 6.9e-03 nm, Epot= -5.31430e+05 Fmax= 1.99525e+03, atom= 1744
Step=  557, Dmax= 8.3e-03 nm, Epot= -5.31455e+05 Fmax= 1.06331e+04, atom= 1744
Step=  558, Dmax= 1.0e-02 nm, Epot= -5.31519e+05 Fmax= 4.78274e+03, atom= 1744
Step=  559, Dmax= 1.2e-02 nm, Epot= -5.31485e+05 Fmax= 1.35250e+04, atom= 1744
Step=  560, Dmax= 6.0e-03 nm, Epot= -5.31544e+05 Fmax= 4.37641e+03, atom= 1744
Step=  561, Dmax= 7.2e-03 nm, Epot= -5.31562e+05 Fmax= 6.76048e+03, atom= 1744
Step=  562, Dmax= 8.6e-03 nm, Epot= -5.31588e+05 Fmax= 6.44799e+03, atom= 1744
Step=  563, Dmax= 1.0e-02 nm, Epot= -5.31594e+05 Fmax= 9.55385e+03, atom= 1744
Step=  564, Dmax= 1.2e-02 nm, Epot= -5.31619e+05 Fmax= 9.47723e+03, atom= 1744
Step=  565, Dmax= 1.5e-02 nm, Epot= -5.31603e+05 Fmax= 1.35171e+04, atom= 1744
Step=  566, Dmax= 7.5e-03 nm, Epot= -5.31677e+05 Fmax= 2.01965e+03, atom= 1744
Step=  567, Dmax= 8.9e-03 nm, Epot= -5.31695e+05 Fmax= 1.15609e+04, atom= 1744
Step=  568, Dmax= 1.1e-02 nm, Epot= -5.31767e+05 Fmax= 5.00839e+03, atom= 1744
Step=  569, Dmax= 1.3e-02 nm, Epot= -5.31720e+05 Fmax= 1.46743e+04, atom= 1744
Step=  570, Dmax= 6.4e-03 nm, Epot= -5.31792e+05 Fmax= 4.83939e+03, atom= 1744
Step=  571, Dmax= 7.7e-03 nm, Epot= -5.31809e+05 Fmax= 7.12457e+03, atom= 1744
Step=  572, Dmax= 9.3e-03 nm, Epot= -5.31833e+05 Fmax= 7.07566e+03, atom= 1744
Step=  573, Dmax= 1.1e-02 nm, Epot= -5.31836e+05 Fmax= 1.01170e+04, atom= 1744
Step=  574, Dmax= 1.3e-02 nm, Epot= -5.31858e+05 Fmax= 1.03402e+04, atom= 1744
Step=  575, Dmax= 1.6e-02 nm, Epot= -5.31838e+05 Fmax= 1.43659e+04, atom= 1744
Step=  576, Dmax= 8.0e-03 nm, Epot= -5.31925e+05 Fmax= 2.01346e+03, atom= 1744
Step=  577, Dmax= 9.6e-03 nm, Epot= -5.31935e+05 Fmax= 1.25894e+04, atom= 1744
Step=  578, Dmax= 1.2e-02 nm, Epot= -5.32018e+05 Fmax= 5.22076e+03, atom= 1744
Step=  579, Dmax= 1.4e-02 nm, Epot= -5.31952e+05 Fmax= 1.59395e+04, atom= 1744
Step=  580, Dmax= 6.9e-03 nm, Epot= -5.32042e+05 Fmax= 5.36728e+03, atom= 1744
Step=  581, Dmax= 8.3e-03 nm, Epot= -5.32056e+05 Fmax= 7.48558e+03, atom= 1744
Step=  582, Dmax= 1.0e-02 nm, Epot= -5.32078e+05 Fmax= 7.78082e+03, atom= 1744
Step=  583, Dmax= 1.2e-02 nm, Epot= -5.32080e+05 Fmax= 1.06912e+04, atom= 1744
Step=  584, Dmax= 1.4e-02 nm, Epot= -5.32097e+05 Fmax= 1.12978e+04, atom= 1744
Step=  585, Dmax= 1.7e-02 nm, Epot= -5.32073e+05 Fmax= 1.52464e+04, atom= 1744
Step=  586, Dmax= 8.6e-03 nm, Epot= -5.32174e+05 Fmax= 1.97673e+03, atom= 1744
Step=  587, Dmax= 1.0e-02 nm, Epot= -5.32176e+05 Fmax= 1.37245e+04, atom= 1744
Step=  588, Dmax= 1.2e-02 nm, Epot= -5.32273e+05 Fmax= 5.42100e+03, atom= 1744
Step=  589, Dmax= 1.5e-02 nm, Epot= -5.32186e+05 Fmax= 1.73266e+04, atom= 1744
Step=  590, Dmax= 7.4e-03 nm, Epot= -5.32294e+05 Fmax= 5.96251e+03, atom= 1744
Step=  591, Dmax= 8.9e-03 nm, Epot= -5.32309e+05 Fmax= 7.84561e+03, atom= 1744
Step=  592, Dmax= 1.1e-02 nm, Epot= -5.32327e+05 Fmax= 8.56615e+03, atom= 1744
Step=  593, Dmax= 1.3e-02 nm, Epot= -5.32327e+05 Fmax= 1.12810e+04, atom= 1744
Step=  594, Dmax= 1.5e-02 nm, Epot= -5.32338e+05 Fmax= 1.23539e+04, atom= 1744
Step=  595, Dmax= 1.9e-02 nm, Epot= -5.32311e+05 Fmax= 1.61647e+04, atom= 1744
Step=  596, Dmax= 9.3e-03 nm, Epot= -5.32427e+05 Fmax= 1.91001e+03, atom= 1744
Step=  597, Dmax= 1.1e-02 nm, Epot= -5.32420e+05 Fmax= 1.49703e+04, atom= 1744
Step=  598, Dmax= 5.6e-03 nm, Epot= -5.32460e+05 Fmax= 6.51881e+03, atom= 1744
Step=  599, Dmax= 6.7e-03 nm, Epot= -5.32492e+05 Fmax= 3.78584e+03, atom= 1744
Step=  600, Dmax= 8.0e-03 nm, Epot= -5.32501e+05 Fmax= 8.42582e+03, atom= 1744
Step=  601, Dmax= 9.6e-03 nm, Epot= -5.32537e+05 Fmax= 6.39667e+03, atom= 1744
Step=  602, Dmax= 1.2e-02 nm, Epot= -5.32526e+05 Fmax= 1.12316e+04, atom= 1744
Step=  603, Dmax= 5.8e-03 nm, Epot= -5.32570e+05 Fmax= 2.42219e+03, atom= 1744
Step=  604, Dmax= 6.9e-03 nm, Epot= -5.32590e+05 Fmax= 8.33953e+03, atom= 1744
Step=  605, Dmax= 8.3e-03 nm, Epot= -5.32632e+05 Fmax= 4.37272e+03, atom= 1744
Step=  606, Dmax= 1.0e-02 nm, Epot= -5.32621e+05 Fmax= 1.10460e+04, atom= 1744
Step=  607, Dmax= 5.0e-03 nm, Epot= -5.32656e+05 Fmax= 3.33453e+03, atom= 1744
Step=  608, Dmax= 6.0e-03 nm, Epot= -5.32676e+05 Fmax= 5.77399e+03, atom= 1744
Step=  609, Dmax= 7.2e-03 nm, Epot= -5.32701e+05 Fmax= 5.31026e+03, atom= 1744
Step=  610, Dmax= 8.6e-03 nm, Epot= -5.32712e+05 Fmax= 7.84377e+03, atom= 1744
Step=  611, Dmax= 1.0e-02 nm, Epot= -5.32734e+05 Fmax= 8.09338e+03, atom= 1744
Step=  612, Dmax= 1.2e-02 nm, Epot= -5.32734e+05 Fmax= 1.08705e+04, atom= 1744
Step=  613, Dmax= 1.5e-02 nm, Epot= -5.32745e+05 Fmax= 1.20403e+04, atom= 1744
Step=  614, Dmax= 1.8e-02 nm, Epot= -5.32726e+05 Fmax= 1.52600e+04, atom= 1744
Step=  615, Dmax= 8.9e-03 nm, Epot= -5.32829e+05 Fmax= 1.63138e+03, atom= 1744
Step=  616, Dmax= 1.1e-02 nm, Epot= -5.32832e+05 Fmax= 1.51122e+04, atom= 1744
Step=  617, Dmax= 1.3e-02 nm, Epot= -5.32949e+05 Fmax= 4.60794e+03, atom= 1744
Step=  618, Dmax= 1.5e-02 nm, Epot= -5.32833e+05 Fmax= 1.92541e+04, atom= 1744
Step=  619, Dmax= 7.7e-03 nm, Epot= -5.32962e+05 Fmax= 7.32435e+03, atom= 1744
Step=  620, Dmax= 9.2e-03 nm, Epot= -5.32987e+05 Fmax= 6.83733e+03, atom= 1744
Step=  621, Dmax= 1.1e-02 nm, Epot= -5.32986e+05 Fmax= 1.03016e+04, atom= 1744
Step=  622, Dmax= 5.5e-03 nm, Epot= -5.33023e+05 Fmax= 1.73026e+03, atom= 1744
Step=  623, Dmax= 6.7e-03 nm, Epot= -5.33056e+05 Fmax= 8.35581e+03, atom= 1744
Step=  624, Dmax= 8.0e-03 nm, Epot= -5.33099e+05 Fmax= 3.98171e+03, atom= 1744
Step=  625, Dmax= 9.6e-03 nm, Epot= -5.33091e+05 Fmax= 1.06568e+04, atom= 1744
Step=  626, Dmax= 4.8e-03 nm, Epot= -5.33122e+05 Fmax= 3.34060e+03, atom= 1744
Step=  627, Dmax= 5.8e-03 nm, Epot= -5.33142e+05 Fmax= 5.58380e+03, atom= 1744
Step=  628, Dmax= 6.9e-03 nm, Epot= -5.33166e+05 Fmax= 4.97907e+03, atom= 1744
Step=  629, Dmax= 8.3e-03 nm, Epot= -5.33176e+05 Fmax= 7.83729e+03, atom= 1744
Step=  630, Dmax= 9.9e-03 nm, Epot= -5.33201e+05 Fmax= 7.38775e+03, atom= 1744
Step=  631, Dmax= 1.2e-02 nm, Epot= -5.33195e+05 Fmax= 1.10276e+04, atom= 1744
Step=  632, Dmax= 6.0e-03 nm, Epot= -5.33241e+05 Fmax= 1.81895e+03, atom= 1744
Step=  633, Dmax= 7.2e-03 nm, Epot= -5.33268e+05 Fmax= 9.03223e+03, atom= 1744
Step=  634, Dmax= 8.6e-03 nm, Epot= -5.33316e+05 Fmax= 4.22739e+03, atom= 1744
Step=  635, Dmax= 1.0e-02 nm, Epot= -5.33300e+05 Fmax= 1.15140e+04, atom= 1744
Step=  636, Dmax= 5.2e-03 nm, Epot= -5.33339e+05 Fmax= 3.64684e+03, atom= 1744
Step=  637, Dmax= 6.2e-03 nm, Epot= -5.33357e+05 Fmax= 5.93936e+03, atom= 1744
Step=  638, Dmax= 7.4e-03 nm, Epot= -5.33381e+05 Fmax= 5.41815e+03, atom= 1744
Step=  639, Dmax= 8.9e-03 nm, Epot= -5.33389e+05 Fmax= 8.35152e+03, atom= 1744
Step=  640, Dmax= 1.1e-02 nm, Epot= -5.33412e+05 Fmax= 8.01688e+03, atom= 1744
Step=  641, Dmax= 1.3e-02 nm, Epot= -5.33403e+05 Fmax= 1.17697e+04, atom= 1744
Step=  642, Dmax= 6.4e-03 nm, Epot= -5.33457e+05 Fmax= 1.87552e+03, atom= 1744
Step=  643, Dmax= 7.7e-03 nm, Epot= -5.33479e+05 Fmax= 9.79875e+03, atom= 1744
Step=  644, Dmax= 9.2e-03 nm, Epot= -5.33533e+05 Fmax= 4.45122e+03, atom= 1744
Step=  645, Dmax= 1.1e-02 nm, Epot= -5.33506e+05 Fmax= 1.24763e+04, atom= 1744
Step=  646, Dmax= 5.5e-03 nm, Epot= -5.33555e+05 Fmax= 4.01682e+03, atom= 1744
Step=  647, Dmax= 6.6e-03 nm, Epot= -5.33572e+05 Fmax= 6.27888e+03, atom= 1744
Step=  648, Dmax= 8.0e-03 nm, Epot= -5.33595e+05 Fmax= 5.93332e+03, atom= 1744
Step=  649, Dmax= 9.6e-03 nm, Epot= -5.33601e+05 Fmax= 8.85947e+03, atom= 1744
Step=  650, Dmax= 1.1e-02 nm, Epot= -5.33623e+05 Fmax= 8.73814e+03, atom= 1744
Step=  651, Dmax= 1.4e-02 nm, Epot= -5.33609e+05 Fmax= 1.25203e+04, atom= 1744
Step=  652, Dmax= 6.9e-03 nm, Epot= -5.33673e+05 Fmax= 1.89070e+03, atom= 1744
Step=  653, Dmax= 8.3e-03 nm, Epot= -5.33690e+05 Fmax= 1.06670e+04, atom= 1744
Step=  654, Dmax= 9.9e-03 nm, Epot= -5.33752e+05 Fmax= 4.64759e+03, atom= 1744
Step=  655, Dmax= 1.2e-02 nm, Epot= -5.33712e+05 Fmax= 1.35544e+04, atom= 1744
Step=  656, Dmax= 6.0e-03 nm, Epot= -5.33774e+05 Fmax= 4.45885e+03, atom= 1744
Step=  657, Dmax= 7.1e-03 nm, Epot= -5.33788e+05 Fmax= 6.59933e+03, atom= 1744
Step=  658, Dmax= 8.6e-03 nm, Epot= -5.33810e+05 Fmax= 6.53157e+03, atom= 1744
Step=  659, Dmax= 1.0e-02 nm, Epot= -5.33814e+05 Fmax= 9.36021e+03, atom= 1744
Step=  660, Dmax= 1.2e-02 nm, Epot= -5.33833e+05 Fmax= 9.55766e+03, atom= 1744
Step=  661, Dmax= 1.5e-02 nm, Epot= -5.33816e+05 Fmax= 1.32821e+04, atom= 1744
Step=  662, Dmax= 7.4e-03 nm, Epot= -5.33890e+05 Fmax= 1.86240e+03, atom= 1744
Step=  663, Dmax= 8.9e-03 nm, Epot= -5.33902e+05 Fmax= 1.16443e+04, atom= 1744
Step=  664, Dmax= 1.1e-02 nm, Epot= -5.33973e+05 Fmax= 4.81581e+03, atom= 1744
Step=  665, Dmax= 1.3e-02 nm, Epot= -5.33919e+05 Fmax= 1.47555e+04, atom= 1744
Step=  666, Dmax= 6.4e-03 nm, Epot= -5.33994e+05 Fmax= 4.97626e+03, atom= 1744
Step=  667, Dmax= 7.7e-03 nm, Epot= -5.34008e+05 Fmax= 6.90108e+03, atom= 1744
Step=  668, Dmax= 9.2e-03 nm, Epot= -5.34027e+05 Fmax= 7.21711e+03, atom= 1744
Step=  669, Dmax= 1.1e-02 nm, Epot= -5.34030e+05 Fmax= 9.85511e+03, atom= 1744
Step=  670, Dmax= 1.3e-02 nm, Epot= -5.34045e+05 Fmax= 1.04818e+04, atom= 1744
Step=  671, Dmax= 1.6e-02 nm, Epot= -5.34026e+05 Fmax= 1.40562e+04, atom= 1744
Step=  672, Dmax= 8.0e-03 nm, Epot= -5.34110e+05 Fmax= 1.78858e+03, atom= 1744
Step=  673, Dmax= 9.6e-03 nm, Epot= -5.34117e+05 Fmax= 1.27369e+04, atom= 1744
Step=  674, Dmax= 1.1e-02 nm, Epot= -5.34201e+05 Fmax= 4.95605e+03, atom= 1744
Step=  675, Dmax= 1.4e-02 nm, Epot= -5.34127e+05 Fmax= 1.60862e+04, atom= 1744
Step=  676, Dmax= 6.9e-03 nm, Epot= -5.34220e+05 Fmax= 5.57331e+03, atom= 1744
Step=  677, Dmax= 8.3e-03 nm, Epot= -5.34233e+05 Fmax= 7.18505e+03, atom= 1744
Step=  678, Dmax= 9.9e-03 nm, Epot= -5.34249e+05 Fmax= 7.99423e+03, atom= 1744
Step=  679, Dmax= 1.2e-02 nm, Epot= -5.34252e+05 Fmax= 1.03472e+04, atom= 1744
Step=  680, Dmax= 1.4e-02 nm, Epot= -5.34260e+05 Fmax= 1.15139e+04, atom= 1744
Step=  681, Dmax= 1.7e-02 nm, Epot= -5.34240e+05 Fmax= 1.48481e+04, atom= 1744
Step=  682, Dmax= 8.6e-03 nm, Epot= -5.34338e+05 Fmax= 1.67034e+03, atom= 1744
Step=  683, Dmax= 1.0e-02 nm, Epot= -5.34339e+05 Fmax= 1.39490e+04, atom= 1744
Step=  684, Dmax= 1.2e-02 nm, Epot= -5.34438e+05 Fmax= 5.07310e+03, atom= 1744
Step=  685, Dmax= 1.5e-02 nm, Epot= -5.34342e+05 Fmax= 1.75482e+04, atom= 1744
Step=  686, Dmax= 7.4e-03 nm, Epot= -5.34454e+05 Fmax= 6.24864e+03, atom= 1744
Step=  687, Dmax= 8.9e-03 nm, Epot= -5.34468e+05 Fmax= 7.45747e+03, atom= 1744
Step=  688, Dmax= 1.1e-02 nm, Epot= -5.34479e+05 Fmax= 8.86205e+03, atom= 1744
Step=  689, Dmax= 1.3e-02 nm, Epot= -5.34483e+05 Fmax= 1.08435e+04, atom= 1744
Step=  690, Dmax= 1.5e-02 nm, Epot= -5.34483e+05 Fmax= 1.26551e+04, atom= 1744
Step=  691, Dmax= 7.7e-03 nm, Epot= -5.34552e+05 Fmax= 9.21720e+02, atom= 1744

writing lowest energy coordinates.

Steepest Descents converged to Fmax < 1000 in 692 steps
Potential Energy  = -5.3455162e+05
Maximum force     =  9.2172003e+02 on atom 1744
Norm of force     =  2.0629940e+01

GROMACS reminds you: "These are Ideas, They are Not Lies" (Magnapop)

