Setting the LD random seed to -1117785284

Generated 741 of the 741 non-bonded parameter combinations

Generated 741 of the 741 1-4 parameter combinations

Excluding 3 bonded neighbours molecule type 'system1'

Excluding 3 bonded neighbours molecule type 'Na+'

Excluding 3 bonded neighbours molecule type 'WAT'

Cleaning up constraints and constant bonded interactions with virtual sites
Analysing residue names:
There are:   147    Protein residues
There are:     8      Other residues
There are: 19215      Water residues
Analysing Protein...
Analysing residues not classified as Protein/DNA/RNA/Water and splitting into groups...

The largest distance between excluded atoms is 0.424 nm between atom 686 and 693
Calculating fourier grid dimensions for X Y Z
Using a fourier grid of 104x56x80, spacing 0.116 0.112 0.119

Estimate for the relative computational load of the PME mesh part: 0.23

This run will generate roughly 6 Mb of data

--- stderr ---
                :-) GROMACS - gmx grompp, 2024.5-conda_forge (-:

Executable:   /usr/local/Caskroom/miniforge/base/envs/gromacs_env/bin.AVX2_256/gmx
Data prefix:  /usr/local/Caskroom/miniforge/base/envs/gromacs_env
Working dir:  /Users/laetitiaguerin/Library/CloudStorage/OneDrive-Personal/Documents/BSc_Nanobiology/Year_5/BEP/Energy_minimization/tleap_runs/P00221_E142K
Command line:
  gmx grompp -f minim.mdp -c P00221_E142K.gro -p P00221_E142K_gromacs.top -o P00221_E142K_minim.tpr

Ignoring obsolete mdp entry 'ns_type'

NOTE 1 [file minim.mdp]:
  With Verlet lists the optimal nstlist is >= 10, with GPUs >= 20. Note
  that with the Verlet scheme, nstlist has no effect on the accuracy of
  your simulation.

Generating 1-4 interactions: fudge = 0.5
Number of degrees of freedom in T-Coupling group rest is 121758.00
The integrator does not provide a ensemble temperature, there is no system ensemble temperature

There was 1 NOTE

GROMACS reminds you: "Schrödinger's backup: The condition of any backup is unknown until a restore is attempted." (Anonymous)

