-I: Adding /usr/local/Caskroom/miniforge/base/envs/ambertools_env/dat/leap/prep to search path.
-I: Adding /usr/local/Caskroom/miniforge/base/envs/ambertools_env/dat/leap/lib to search path.
-I: Adding /usr/local/Caskroom/miniforge/base/envs/ambertools_env/dat/leap/parm to search path.
-I: Adding /usr/local/Caskroom/miniforge/base/envs/ambertools_env/dat/leap/cmd to search path.
-f: Source tleap.in.

Welcome to LEaP!
(no leaprc in search path)
Sourcing: ./tleap.in
----- Source: /usr/local/Caskroom/miniforge/base/envs/ambertools_env/dat/leap/cmd/leaprc.protein.ff19SB
----- Source of /usr/local/Caskroom/miniforge/base/envs/ambertools_env/dat/leap/cmd/leaprc.protein.ff19SB done
Log file: ./leap.log
Loading parameters: /usr/local/Caskroom/miniforge/base/envs/ambertools_env/dat/leap/parm/parm19.dat
Reading title:
PARM99 + frcmod.ff99SB + frcmod.parmbsc0 + OL3 for RNA + ff19SB
Loading parameters: /usr/local/Caskroom/miniforge/base/envs/ambertools_env/dat/leap/parm/frcmod.ff19SB
Reading force field modification type file (frcmod)
Reading title:
ff19SB AA-specific backbone CMAPs for protein 07/25/2019
Loading library: /usr/local/Caskroom/miniforge/base/envs/ambertools_env/dat/leap/lib/amino19.lib
Loading library: /usr/local/Caskroom/miniforge/base/envs/ambertools_env/dat/leap/lib/aminoct12.lib
Loading library: /usr/local/Caskroom/miniforge/base/envs/ambertools_env/dat/leap/lib/aminont12.lib
----- Source: /usr/local/Caskroom/miniforge/base/envs/ambertools_env/dat/leap/cmd/leaprc.water.opc
----- Source of /usr/local/Caskroom/miniforge/base/envs/ambertools_env/dat/leap/cmd/leaprc.water.opc done
Loading library: /usr/local/Caskroom/miniforge/base/envs/ambertools_env/dat/leap/lib/atomic_ions.lib
Loading library: /usr/local/Caskroom/miniforge/base/envs/ambertools_env/dat/leap/lib/solvents.lib
Loading parameters: /usr/local/Caskroom/miniforge/base/envs/ambertools_env/dat/leap/parm/frcmod.opc
Reading force field modification type file (frcmod)
Reading title:
Parameters for OPC water (JPCL, 2014, 5 (21), pp 3863-3871)
Loading parameters: /usr/local/Caskroom/miniforge/base/envs/ambertools_env/dat/leap/parm/frcmod.ionslm_126_opc
Reading force field modification type file (frcmod)
Reading title:
Li/Merz ion parameters of atomic ions for the OPC water model (12-6 set)
Loading parameters: /usr/local/Caskroom/miniforge/base/envs/ambertools_env/dat/leap/parm/frcmod.ionslm_126_opc
Reading force field modification type file (frcmod)
Reading title:
Li/Merz ion parameters of atomic ions for the OPC water model (12-6 set)
Loading PDB file: ./P00221_E142K_pqr.pdb
  total atoms in file: 1088
  Leap added 1061 missing atoms according to residue templates:
       1061 H / lone pairs
Checking 'X'....

/usr/local/Caskroom/miniforge/base/envs/ambertools_env/bin/teLeap: Warning!
The unperturbed charge of the unit (-8.000000) is not zero.

/usr/local/Caskroom/miniforge/base/envs/ambertools_env/bin/teLeap: Warning!
Close contact of 1.361 angstroms between nonbonded atoms HA and HD3
-------  .R<SER 96>.A<HA 4> and .R<LYS 142>.A<HD3 13>

/usr/local/Caskroom/miniforge/base/envs/ambertools_env/bin/teLeap: Warning!
Close contact of 1.088 angstroms between nonbonded atoms HG and SG
-------  .R<CYS 97>.A<HG 9> and .R<CYS 127>.A<SG 8>
Checking parameters for unit 'X'.
Checking for bond parameters.
Checking for angle parameters.
check:  Warnings: 3
Unit is OK.
  Solute vdw bounding box:              97.551 39.765 72.016
  Total bounding box for atom centers:  117.551 59.765 92.016
  Solvent unit box:                     18.865 18.478 19.006
  Total vdw box size:                   120.470 62.979 95.383 angstroms.
  Volume: 723679.199 A^3 
  Total mass 361970.336 amu,  Density 0.831 g/cc
  Added 19223 residues.
Adding 8 counter ions to "X". 19215 solvent molecules will remain.
0: Placed Na+ in X at (-18.28, 11.92, 5.81).
0: Placed Na+ in X at (29.88, 28.61, -19.43).
0: Placed Na+ in X at (53.49, 19.24, -45.52).
0: Placed Na+ in X at (32.61, 20.37, 44.40).
0: Placed Na+ in X at (7.59, -0.97, 29.15).
0: Placed Na+ in X at (31.11, -19.27, -1.05).
0: Placed Na+ in X at (47.80, -6.57, -8.43).
0: Placed Na+ in X at (-38.21, -1.95, -45.10).

/usr/local/Caskroom/miniforge/base/envs/ambertools_env/bin/teLeap: Warning!
addIonsRand: 1st Ion & target unit have charges of the same sign:
     unit charge = -5.32907e-14; ion1 charge = -1;
     can't neutralize.
Checking Unit.

/usr/local/Caskroom/miniforge/base/envs/ambertools_env/bin/teLeap: Note.
Ignoring the warnings from Unit Checking.

Building topology.
Building atom parameters.
Building bond parameters.
Building angle parameters.
Building proper torsion parameters.
Building improper torsion parameters.
 total 405 improper torsions applied
Building H-Bond parameters.
Incorporating Non-Bonded adjustments.
Not Marking per-residue atom chain types.
Marking per-residue atom chain types.
  (Residues lacking connect0/connect1 - 
   these don't have chain types marked:

	res	total affected

	CALA	1
	NMET	1
  )
 (no restraints)
Writing pdb file: P00221_E142K_tleap.pdb
   printing CRYST1 record to PDB file with box info

/usr/local/Caskroom/miniforge/base/envs/ambertools_env/bin/teLeap: Warning!
 Converting N-terminal residue name to PDB format: NMET -> MET

/usr/local/Caskroom/miniforge/base/envs/ambertools_env/bin/teLeap: Warning!
 Converting C-terminal residue name to PDB format: CALA -> ALA
	Quit

Exiting LEaP: Errors = 0; Warnings = 6; Notes = 1.

--- stderr ---
