
--- stderr ---
                :-) GROMACS - gmx mdrun, 2024.5-conda_forge (-:

Executable:   /usr/local/Caskroom/miniforge/base/envs/gromacs_env/bin.AVX2_256/gmx
Data prefix:  /usr/local/Caskroom/miniforge/base/envs/gromacs_env
Working dir:  /Users/laetitiaguerin/Library/CloudStorage/OneDrive-Personal/Documents/BSc_Nanobiology/Year_5/BEP/Energy_minimization/tleap_runs/O52681_L120P
Command line:
  gmx mdrun -v -deffnm O52681_L120P_minim

The current CPU can measure timings more accurately than the code in
gmx mdrun was configured to use. This might affect your simulation
speed as accurate timings are needed for load-balancing.
Please consider rebuilding gmx mdrun with the GMX_USE_RDTSCP=ON CMake option.
Reading file O52681_L120P_minim.tpr, VERSION 2024.5-conda_forge (single precision)

Using 1 MPI thread
Using 8 OpenMP threads 


Steepest Descents:
   Tolerance (Fmax)   =  1.00000e+03
   Number of steps    =        50000
Step=    0, Dmax= 1.0e-02 nm, Epot= -4.37361e+05 Fmax= 4.24538e+04, atom= 1323
Step=    1, Dmax= 1.0e-02 nm, Epot= -4.38708e+05 Fmax= 1.82645e+04, atom= 1323
Step=    2, Dmax= 1.2e-02 nm, Epot= -4.41069e+05 Fmax= 6.68412e+03, atom= 1323
Step=    3, Dmax= 1.4e-02 nm, Epot= -4.47201e+05 Fmax= 2.01270e+03, atom= 1323
Step=    4, Dmax= 1.7e-02 nm, Epot= -4.63353e+05 Fmax= 9.20816e+03, atom= 1898
Step=    5, Dmax= 2.1e-02 nm, Epot= -4.65384e+05 Fmax= 1.79221e+04, atom= 1896
Step=    6, Dmax= 2.5e-02 nm, Epot= -4.67398e+05 Fmax= 1.54711e+04, atom= 1896
Step=    7, Dmax= 3.0e-02 nm, Epot= -4.68681e+05 Fmax= 2.46316e+04, atom= 1896
Step=    8, Dmax= 3.6e-02 nm, Epot= -4.70110e+05 Fmax= 2.31745e+04, atom= 1896
Step=    9, Dmax= 4.3e-02 nm, Epot= -4.70681e+05 Fmax= 3.43789e+04, atom= 1896
Step=   10, Dmax= 5.2e-02 nm, Epot= -4.71799e+05 Fmax= 3.44609e+04, atom= 1896
Step=   11, Dmax= 6.2e-02 nm, Epot= -4.71306e+05 Fmax= 4.84330e+04, atom= 1896
Step=   12, Dmax= 3.1e-02 nm, Epot= -4.74169e+05 Fmax= 7.04473e+03, atom= 1896
Step=   13, Dmax= 3.7e-02 nm, Epot= -4.74859e+05 Fmax= 4.28592e+04, atom= 1896
Step=   14, Dmax= 4.5e-02 nm, Epot= -4.77932e+05 Fmax= 1.74351e+04, atom= 1896
Step=   15, Dmax= 5.3e-02 nm, Epot= -4.74966e+05 Fmax= 5.44771e+04, atom= 1896
Step=   16, Dmax= 2.7e-02 nm, Epot= -4.78713e+05 Fmax= 1.81267e+04, atom= 1896
Step=   17, Dmax= 3.2e-02 nm, Epot= -4.79052e+05 Fmax= 2.49340e+04, atom= 1896
Step=   18, Dmax= 3.9e-02 nm, Epot= -4.79538e+05 Fmax= 2.64856e+04, atom= 1896
Step=   19, Dmax= 4.6e-02 nm, Epot= -4.78858e+05 Fmax= 3.53984e+04, atom= 1896
Step=   20, Dmax= 2.3e-02 nm, Epot= -4.81449e+05 Fmax= 5.85038e+03, atom= 1744
Step=   21, Dmax= 2.8e-02 nm, Epot= -4.81466e+05 Fmax= 3.64534e+04, atom= 1744
Step=   22, Dmax= 3.3e-02 nm, Epot= -4.83937e+05 Fmax= 1.40727e+04, atom= 1744
Step=   23, Dmax= 4.0e-02 nm, Epot= -4.83068e+05 Fmax= 4.65766e+04, atom= 1744
Step=   24, Dmax= 2.0e-02 nm, Epot= -4.84494e+05 Fmax= 1.62662e+04, atom= 1744
Step=   25, Dmax= 2.4e-02 nm, Epot= -4.84983e+05 Fmax= 2.01094e+04, atom= 1744
Step=   26, Dmax= 2.9e-02 nm, Epot= -4.85436e+05 Fmax= 2.35491e+04, atom= 1744
Step=   27, Dmax= 3.5e-02 nm, Epot= -4.85782e+05 Fmax= 2.86118e+04, atom= 1744
Step=   28, Dmax= 4.1e-02 nm, Epot= -4.86050e+05 Fmax= 3.38420e+04, atom= 1744
Step=   29, Dmax= 5.0e-02 nm, Epot= -4.86143e+05 Fmax= 4.04355e+04, atom= 1744
Step=   30, Dmax= 6.0e-02 nm, Epot= -4.86012e+05 Fmax= 4.80977e+04, atom= 1744
Step=   31, Dmax= 3.0e-02 nm, Epot= -4.87775e+05 Fmax= 4.49326e+03, atom= 1744
Step=   32, Dmax= 3.6e-02 nm, Epot= -4.88318e+05 Fmax= 4.98670e+04, atom= 1744
Step=   33, Dmax= 4.3e-02 nm, Epot= -4.90448e+05 Fmax= 1.67964e+04, atom= 1744
Step=   34, Dmax= 5.2e-02 nm, Epot= -4.88462e+05 Fmax= 6.03880e+04, atom= 1744
Step=   35, Dmax= 2.6e-02 nm, Epot= -4.90706e+05 Fmax= 2.24141e+04, atom= 1744
Step=   36, Dmax= 3.1e-02 nm, Epot= -4.91000e+05 Fmax= 2.47425e+04, atom= 1744
Step=   37, Dmax= 3.7e-02 nm, Epot= -4.91089e+05 Fmax= 3.13253e+04, atom= 1744
Step=   38, Dmax= 4.5e-02 nm, Epot= -4.91190e+05 Fmax= 3.58396e+04, atom= 1744
Step=   39, Dmax= 5.3e-02 nm, Epot= -4.90964e+05 Fmax= 4.37838e+04, atom= 1744
Step=   40, Dmax= 2.7e-02 nm, Epot= -4.92462e+05 Fmax= 4.49641e+03, atom= 1744
Step=   41, Dmax= 3.2e-02 nm, Epot= -4.92539e+05 Fmax= 4.41487e+04, atom= 1744
Step=   42, Dmax= 3.8e-02 nm, Epot= -4.94270e+05 Fmax= 1.49587e+04, atom= 1744
Step=   43, Dmax= 4.6e-02 nm, Epot= -4.92454e+05 Fmax= 5.48980e+04, atom= 1744
Step=   44, Dmax= 2.3e-02 nm, Epot= -4.94455e+05 Fmax= 2.02154e+04, atom= 1744
Step=   45, Dmax= 2.8e-02 nm, Epot= -4.94690e+05 Fmax= 2.19381e+04, atom= 1744
Step=   46, Dmax= 3.3e-02 nm, Epot= -4.94717e+05 Fmax= 2.84454e+04, atom= 1744
Step=   47, Dmax= 4.0e-02 nm, Epot= -4.94813e+05 Fmax= 3.17603e+04, atom= 1744
Step=   48, Dmax= 4.8e-02 nm, Epot= -4.94529e+05 Fmax= 4.01088e+04, atom= 1744
Step=   49, Dmax= 2.4e-02 nm, Epot= -4.95881e+05 Fmax= 4.43553e+03, atom= 1744
Step=   50, Dmax= 2.9e-02 nm, Epot= -4.95709e+05 Fmax= 3.98863e+04, atom= 1744
Step=   51, Dmax= 1.4e-02 nm, Epot= -4.96272e+05 Fmax= 1.74389e+04, atom= 1744
Step=   52, Dmax= 1.7e-02 nm, Epot= -4.96684e+05 Fmax= 8.80850e+03, atom= 1744
Step=   53, Dmax= 2.1e-02 nm, Epot= -4.96713e+05 Fmax= 2.27829e+04, atom= 1744
Step=   54, Dmax= 2.5e-02 nm, Epot= -4.97201e+05 Fmax= 1.49835e+04, atom= 1744
Step=   55, Dmax= 3.0e-02 nm, Epot= -4.96888e+05 Fmax= 3.02909e+04, atom= 1744
Step=   56, Dmax= 1.5e-02 nm, Epot= -4.97549e+05 Fmax= 7.69358e+03, atom= 1744
Step=   57, Dmax= 1.8e-02 nm, Epot= -4.97660e+05 Fmax= 1.94580e+04, atom= 1744
Step=   58, Dmax= 2.1e-02 nm, Epot= -4.98058e+05 Fmax= 1.32076e+04, atom= 1744
Step=   59, Dmax= 2.6e-02 nm, Epot= -4.97905e+05 Fmax= 2.59126e+04, atom= 1744
Step=   60, Dmax= 1.3e-02 nm, Epot= -4.98362e+05 Fmax= 6.36231e+03, atom= 1744
Step=   61, Dmax= 1.5e-02 nm, Epot= -4.98529e+05 Fmax= 1.72705e+04, atom= 1744
Step=   62, Dmax= 1.9e-02 nm, Epot= -4.98887e+05 Fmax= 1.09751e+04, atom= 1744
Step=   63, Dmax= 2.2e-02 nm, Epot= -4.98822e+05 Fmax= 2.29472e+04, atom= 1744
Step=   64, Dmax= 1.1e-02 nm, Epot= -4.99141e+05 Fmax= 6.00559e+03, atom= 1744
Step=   65, Dmax= 1.3e-02 nm, Epot= -4.99341e+05 Fmax= 1.42960e+04, atom= 1744
Step=   66, Dmax= 1.6e-02 nm, Epot= -4.99623e+05 Fmax= 1.01531e+04, atom= 1744
Step=   67, Dmax= 1.9e-02 nm, Epot= -4.99663e+05 Fmax= 1.91215e+04, atom= 1744
Step=   68, Dmax= 2.3e-02 nm, Epot= -4.99959e+05 Fmax= 1.60063e+04, atom= 1744
Step=   69, Dmax= 2.8e-02 nm, Epot= -4.99798e+05 Fmax= 2.60772e+04, atom= 1744
Step=   70, Dmax= 1.4e-02 nm, Epot= -5.00323e+05 Fmax= 5.05603e+03, atom= 1744
Step=   71, Dmax= 1.7e-02 nm, Epot= -5.00433e+05 Fmax= 2.04039e+04, atom= 1744
Step=   72, Dmax= 2.0e-02 nm, Epot= -5.00893e+05 Fmax= 1.00183e+04, atom= 1744
Step=   73, Dmax= 2.4e-02 nm, Epot= -5.00642e+05 Fmax= 2.64712e+04, atom= 1744
Step=   74, Dmax= 1.2e-02 nm, Epot= -5.01101e+05 Fmax= 8.24827e+03, atom= 1744
Step=   75, Dmax= 1.4e-02 nm, Epot= -5.01234e+05 Fmax= 1.36164e+04, atom= 1744
Step=   76, Dmax= 1.7e-02 nm, Epot= -5.01440e+05 Fmax= 1.26681e+04, atom= 1744
Step=   77, Dmax= 2.1e-02 nm, Epot= -5.01474e+05 Fmax= 1.88253e+04, atom= 1744
Step=   78, Dmax= 2.5e-02 nm, Epot= -5.01651e+05 Fmax= 1.89231e+04, atom= 1744
Step=   79, Dmax= 3.0e-02 nm, Epot= -5.01526e+05 Fmax= 2.63159e+04, atom= 1744
Step=   80, Dmax= 1.5e-02 nm, Epot= -5.02103e+05 Fmax= 3.73491e+03, atom= 1744
Step=   81, Dmax= 1.8e-02 nm, Epot= -5.02199e+05 Fmax= 2.37231e+04, atom= 1744
Step=   82, Dmax= 2.1e-02 nm, Epot= -5.02794e+05 Fmax= 9.07490e+03, atom= 1744
Step=   83, Dmax= 2.6e-02 nm, Epot= -5.02342e+05 Fmax= 3.01666e+04, atom= 1744
Step=   84, Dmax= 1.3e-02 nm, Epot= -5.02948e+05 Fmax= 1.05778e+04, atom= 1744
Step=   85, Dmax= 1.5e-02 nm, Epot= -5.03077e+05 Fmax= 1.29702e+04, atom= 1744
Step=   86, Dmax= 1.8e-02 nm, Epot= -5.03192e+05 Fmax= 1.52915e+04, atom= 1744
Step=   87, Dmax= 2.2e-02 nm, Epot= -5.03261e+05 Fmax= 1.85923e+04, atom= 1744
Step=   88, Dmax= 2.7e-02 nm, Epot= -5.03299e+05 Fmax= 2.19742e+04, atom= 1744
Step=   89, Dmax= 3.2e-02 nm, Epot= -5.03246e+05 Fmax= 2.66570e+04, atom= 1744
Step=   90, Dmax= 1.6e-02 nm, Epot= -5.03856e+05 Fmax= 2.41392e+03, atom= 1744
Step=   91, Dmax= 1.9e-02 nm, Epot= -5.04088e+05 Fmax= 2.72235e+04, atom= 1744
Step=   92, Dmax= 2.3e-02 nm, Epot= -5.04831e+05 Fmax= 8.25261e+03, atom= 1744
Step=   93, Dmax= 2.8e-02 nm, Epot= -5.04191e+05 Fmax= 3.38590e+04, atom= 1744
Step=   94, Dmax= 1.4e-02 nm, Epot= -5.04926e+05 Fmax= 1.28922e+04, atom= 1744
Step=   95, Dmax= 1.7e-02 nm, Epot= -5.05077e+05 Fmax= 1.24949e+04, atom= 1744
Step=   96, Dmax= 2.0e-02 nm, Epot= -5.05099e+05 Fmax= 1.78992e+04, atom= 1744
Step=   97, Dmax= 2.4e-02 nm, Epot= -5.05219e+05 Fmax= 1.85758e+04, atom= 1744
Step=   98, Dmax= 2.9e-02 nm, Epot= -5.05120e+05 Fmax= 2.50247e+04, atom= 1744
Step=   99, Dmax= 1.4e-02 nm, Epot= -5.05610e+05 Fmax= 3.29633e+03, atom= 1744
Step=  100, Dmax= 1.7e-02 nm, Epot= -5.05687e+05 Fmax= 2.29647e+04, atom= 1744
Step=  101, Dmax= 2.1e-02 nm, Epot= -5.06190e+05 Fmax= 8.61088e+03, atom= 1744
Step=  102, Dmax= 2.5e-02 nm, Epot= -5.05773e+05 Fmax= 2.92633e+04, atom= 1744
Step=  103, Dmax= 1.2e-02 nm, Epot= -5.06305e+05 Fmax= 1.03278e+04, atom= 1744
Step=  104, Dmax= 1.5e-02 nm, Epot= -5.06407e+05 Fmax= 1.23974e+04, atom= 1744
Step=  105, Dmax= 1.8e-02 nm, Epot= -5.06489e+05 Fmax= 1.48703e+04, atom= 1744
Step=  106, Dmax= 2.1e-02 nm, Epot= -5.06544e+05 Fmax= 1.77876e+04, atom= 1744
Step=  107, Dmax= 2.6e-02 nm, Epot= -5.06557e+05 Fmax= 2.14015e+04, atom= 1744
Step=  108, Dmax= 3.1e-02 nm, Epot= -5.06522e+05 Fmax= 2.54228e+04, atom= 1744
Step=  109, Dmax= 1.5e-02 nm, Epot= -5.07032e+05 Fmax= 2.12425e+03, atom= 1744
Step=  110, Dmax= 1.8e-02 nm, Epot= -5.07267e+05 Fmax= 2.59774e+04, atom= 1744
Step=  111, Dmax= 2.2e-02 nm, Epot= -5.07874e+05 Fmax= 8.10137e+03, atom= 1744
Step=  112, Dmax= 2.7e-02 nm, Epot= -5.07306e+05 Fmax= 3.26653e+04, atom= 1744
Step=  113, Dmax= 1.3e-02 nm, Epot= -5.07948e+05 Fmax= 1.23365e+04, atom= 1744
Step=  114, Dmax= 1.6e-02 nm, Epot= -5.08067e+05 Fmax= 1.21160e+04, atom= 1744
Step=  115, Dmax= 1.9e-02 nm, Epot= -5.08079e+05 Fmax= 1.72334e+04, atom= 1744
Step=  116, Dmax= 2.3e-02 nm, Epot= -5.08175e+05 Fmax= 1.78772e+04, atom= 1744
Step=  117, Dmax= 2.8e-02 nm, Epot= -5.08080e+05 Fmax= 2.42629e+04, atom= 1744
Step=  118, Dmax= 1.4e-02 nm, Epot= -5.08504e+05 Fmax= 3.21851e+03, atom= 1744
Step=  119, Dmax= 1.7e-02 nm, Epot= -5.08540e+05 Fmax= 2.22708e+04, atom= 1744
Step=  120, Dmax= 2.0e-02 nm, Epot= -5.08969e+05 Fmax= 8.25066e+03, atom= 1744
Step=  121, Dmax= 2.4e-02 nm, Epot= -5.08615e+05 Fmax= 2.81863e+04, atom= 1744
Step=  122, Dmax= 1.2e-02 nm, Epot= -5.09063e+05 Fmax= 9.99949e+03, atom= 1744
Step=  123, Dmax= 1.4e-02 nm, Epot= -5.09146e+05 Fmax= 1.19214e+04, atom= 1744
Step=  124, Dmax= 1.7e-02 nm, Epot= -5.09213e+05 Fmax= 1.43289e+04, atom= 1744
Step=  125, Dmax= 2.1e-02 nm, Epot= -5.09256e+05 Fmax= 1.72072e+04, atom= 1744
Step=  126, Dmax= 2.5e-02 nm, Epot= -5.09271e+05 Fmax= 2.04934e+04, atom= 1744
Step=  127, Dmax= 3.0e-02 nm, Epot= -5.09229e+05 Fmax= 2.47829e+04, atom= 1744
Step=  128, Dmax= 1.5e-02 nm, Epot= -5.09661e+05 Fmax= 2.19591e+03, atom= 1744
Step=  129, Dmax= 1.8e-02 nm, Epot= -5.09806e+05 Fmax= 2.52337e+04, atom= 1744
Step=  130, Dmax= 2.1e-02 nm, Epot= -5.10317e+05 Fmax= 7.73945e+03, atom= 1744
Step=  131, Dmax= 2.6e-02 nm, Epot= -5.09868e+05 Fmax= 3.13354e+04, atom= 1744
Step=  132, Dmax= 1.3e-02 nm, Epot= -5.10380e+05 Fmax= 1.18739e+04, atom= 1744
Step=  133, Dmax= 1.5e-02 nm, Epot= -5.10480e+05 Fmax= 1.17392e+04, atom= 1744
Step=  134, Dmax= 1.8e-02 nm, Epot= -5.10496e+05 Fmax= 1.64750e+04, atom= 1744
Step=  135, Dmax= 2.2e-02 nm, Epot= -5.10571e+05 Fmax= 1.74521e+04, atom= 1744
Step=  136, Dmax= 2.7e-02 nm, Epot= -5.10512e+05 Fmax= 2.30536e+04, atom= 1744
Step=  137, Dmax= 1.3e-02 nm, Epot= -5.10845e+05 Fmax= 2.86135e+03, atom= 1744
Step=  138, Dmax= 1.6e-02 nm, Epot= -5.10915e+05 Fmax= 2.16274e+04, atom= 1744
Step=  139, Dmax= 1.9e-02 nm, Epot= -5.11272e+05 Fmax= 7.68762e+03, atom= 1744
Step=  140, Dmax= 2.3e-02 nm, Epot= -5.10979e+05 Fmax= 2.75549e+04, atom= 1744
Step=  141, Dmax= 1.1e-02 nm, Epot= -5.11348e+05 Fmax= 9.93627e+03, atom= 1744
Step=  142, Dmax= 1.4e-02 nm, Epot= -5.11427e+05 Fmax= 1.11486e+04, atom= 1744
Step=  143, Dmax= 1.7e-02 nm, Epot= -5.11474e+05 Fmax= 1.42106e+04, atom= 1744
Step=  144, Dmax= 2.0e-02 nm, Epot= -5.11529e+05 Fmax= 1.61057e+04, atom= 1744
Step=  145, Dmax= 2.4e-02 nm, Epot= -5.11520e+05 Fmax= 2.03378e+04, atom= 1744
Step=  146, Dmax= 1.2e-02 nm, Epot= -5.11760e+05 Fmax= 2.13295e+03, atom= 1744
Step=  147, Dmax= 1.4e-02 nm, Epot= -5.11944e+05 Fmax= 1.98130e+04, atom= 1744
Step=  148, Dmax= 1.7e-02 nm, Epot= -5.12243e+05 Fmax= 6.58769e+03, atom= 1744
Step=  149, Dmax= 2.1e-02 nm, Epot= -5.12056e+05 Fmax= 2.48349e+04, atom= 1744
Step=  150, Dmax= 1.0e-02 nm, Epot= -5.12318e+05 Fmax= 9.15423e+03, atom= 1744
Step=  151, Dmax= 1.2e-02 nm, Epot= -5.12397e+05 Fmax= 9.80809e+03, atom= 1744
Step=  152, Dmax= 1.5e-02 nm, Epot= -5.12448e+05 Fmax= 1.28502e+04, atom= 1744
Step=  153, Dmax= 1.8e-02 nm, Epot= -5.12509e+05 Fmax= 1.44194e+04, atom= 1744
Step=  154, Dmax= 2.1e-02 nm, Epot= -5.12521e+05 Fmax= 1.81531e+04, atom= 1744
Step=  155, Dmax= 2.6e-02 nm, Epot= -5.12536e+05 Fmax= 2.10168e+04, atom= 1744
Step=  156, Dmax= 3.1e-02 nm, Epot= -5.12478e+05 Fmax= 2.56979e+04, atom= 1744
Step=  157, Dmax= 1.5e-02 nm, Epot= -5.12873e+05 Fmax= 2.44592e+03, atom= 1744
Step=  158, Dmax= 1.8e-02 nm, Epot= -5.12914e+05 Fmax= 2.58316e+04, atom= 1744
Step=  159, Dmax= 2.2e-02 nm, Epot= -5.13356e+05 Fmax= 8.11704e+03, atom= 1744
Step=  160, Dmax= 2.6e-02 nm, Epot= -5.12905e+05 Fmax= 3.26254e+04, atom= 1744
Step=  161, Dmax= 1.3e-02 nm, Epot= -5.13400e+05 Fmax= 1.22910e+04, atom= 1744
Step=  162, Dmax= 1.6e-02 nm, Epot= -5.13481e+05 Fmax= 1.20765e+04, atom= 1744
Step=  163, Dmax= 1.9e-02 nm, Epot= -5.13478e+05 Fmax= 1.72347e+04, atom= 1744
Step=  164, Dmax= 9.5e-03 nm, Epot= -5.13618e+05 Fmax= 2.58054e+03, atom= 1744
Step=  165, Dmax= 1.1e-02 nm, Epot= -5.13743e+05 Fmax= 1.49858e+04, atom= 1744
Step=  166, Dmax= 1.4e-02 nm, Epot= -5.13916e+05 Fmax= 6.16096e+03, atom= 1744
Step=  167, Dmax= 1.6e-02 nm, Epot= -5.13866e+05 Fmax= 1.90874e+04, atom= 1744
Step=  168, Dmax= 8.2e-03 nm, Epot= -5.13992e+05 Fmax= 6.47422e+03, atom= 1744
Step=  169, Dmax= 9.9e-03 nm, Epot= -5.14059e+05 Fmax= 8.74883e+03, atom= 1744
Step=  170, Dmax= 1.2e-02 nm, Epot= -5.14129e+05 Fmax= 9.44204e+03, atom= 1744
Step=  171, Dmax= 1.4e-02 nm, Epot= -5.14175e+05 Fmax= 1.24641e+04, atom= 1744
Step=  172, Dmax= 1.7e-02 nm, Epot= -5.14233e+05 Fmax= 1.37058e+04, atom= 1744
Step=  173, Dmax= 2.1e-02 nm, Epot= -5.14238e+05 Fmax= 1.77880e+04, atom= 1744
Step=  174, Dmax= 2.5e-02 nm, Epot= -5.14268e+05 Fmax= 1.98045e+04, atom= 1744
Step=  175, Dmax= 3.0e-02 nm, Epot= -5.14195e+05 Fmax= 2.53952e+04, atom= 1744
Step=  176, Dmax= 1.5e-02 nm, Epot= -5.14549e+05 Fmax= 2.83520e+03, atom= 1744
Step=  177, Dmax= 1.8e-02 nm, Epot= -5.14539e+05 Fmax= 2.44010e+04, atom= 1744
Step=  178, Dmax= 8.9e-03 nm, Epot= -5.14658e+05 Fmax= 1.07268e+04, atom= 1744
Step=  179, Dmax= 1.1e-02 nm, Epot= -5.14764e+05 Fmax= 5.63619e+03, atom= 1744
Step=  180, Dmax= 1.3e-02 nm, Epot= -5.14791e+05 Fmax= 1.39026e+04, atom= 1744
Step=  181, Dmax= 1.5e-02 nm, Epot= -5.14913e+05 Fmax= 9.63970e+03, atom= 1744
Step=  182, Dmax= 1.8e-02 nm, Epot= -5.14865e+05 Fmax= 1.84804e+04, atom= 1744
Step=  183, Dmax= 9.2e-03 nm, Epot= -5.15008e+05 Fmax= 4.43560e+03, atom= 1744
Step=  184, Dmax= 1.1e-02 nm, Epot= -5.15061e+05 Fmax= 1.25438e+04, atom= 1744
Step=  185, Dmax= 1.3e-02 nm, Epot= -5.15176e+05 Fmax= 7.72763e+03, atom= 1744
Step=  186, Dmax= 1.6e-02 nm, Epot= -5.15155e+05 Fmax= 1.66962e+04, atom= 1744
Step=  187, Dmax= 7.9e-03 nm, Epot= -5.15255e+05 Fmax= 4.48184e+03, atom= 1744
Step=  188, Dmax= 9.5e-03 nm, Epot= -5.15319e+05 Fmax= 1.01023e+04, atom= 1744
Step=  189, Dmax= 1.1e-02 nm, Epot= -5.15407e+05 Fmax= 7.48785e+03, atom= 1744
Step=  190, Dmax= 1.4e-02 nm, Epot= -5.15428e+05 Fmax= 1.35178e+04, atom= 1744
Step=  191, Dmax= 1.6e-02 nm, Epot= -5.15518e+05 Fmax= 1.17876e+04, atom= 1744
Step=  192, Dmax= 2.0e-02 nm, Epot= -5.15486e+05 Fmax= 1.84285e+04, atom= 1744
Step=  193, Dmax= 9.9e-03 nm, Epot= -5.15637e+05 Fmax= 3.34333e+03, atom= 1744
Step=  194, Dmax= 1.2e-02 nm, Epot= -5.15698e+05 Fmax= 1.49323e+04, atom= 1744
Step=  195, Dmax= 1.4e-02 nm, Epot= -5.15849e+05 Fmax= 6.86583e+03, atom= 1744
Step=  196, Dmax= 1.7e-02 nm, Epot= -5.15785e+05 Fmax= 1.94071e+04, atom= 1744
Step=  197, Dmax= 8.5e-03 nm, Epot= -5.15917e+05 Fmax= 6.26683e+03, atom= 1744
Step=  198, Dmax= 1.0e-02 nm, Epot= -5.15972e+05 Fmax= 9.41537e+03, atom= 1744
Step=  199, Dmax= 1.2e-02 nm, Epot= -5.16038e+05 Fmax= 9.49372e+03, atom= 1744
Step=  200, Dmax= 1.5e-02 nm, Epot= -5.16069e+05 Fmax= 1.30852e+04, atom= 1744
Step=  201, Dmax= 1.8e-02 nm, Epot= -5.16122e+05 Fmax= 1.41102e+04, atom= 1744
Step=  202, Dmax= 2.1e-02 nm, Epot= -5.16116e+05 Fmax= 1.83545e+04, atom= 1744
Step=  203, Dmax= 1.1e-02 nm, Epot= -5.16271e+05 Fmax= 2.15532e+03, atom= 1744
Step=  204, Dmax= 1.3e-02 nm, Epot= -5.16394e+05 Fmax= 1.75394e+04, atom= 1744
Step=  205, Dmax= 1.5e-02 nm, Epot= -5.16591e+05 Fmax= 5.91782e+03, atom= 1744
Step=  206, Dmax= 1.8e-02 nm, Epot= -5.16479e+05 Fmax= 2.23595e+04, atom= 1744
Step=  207, Dmax= 9.2e-03 nm, Epot= -5.16648e+05 Fmax= 8.22253e+03, atom= 1744
Step=  208, Dmax= 1.1e-02 nm, Epot= -5.16709e+05 Fmax= 8.64222e+03, atom= 1744
Step=  209, Dmax= 1.3e-02 nm, Epot= -5.16749e+05 Fmax= 1.16917e+04, atom= 1744
Step=  210, Dmax= 1.6e-02 nm, Epot= -5.16801e+05 Fmax= 1.25797e+04, atom= 1744
Step=  211, Dmax= 1.9e-02 nm, Epot= -5.16807e+05 Fmax= 1.66497e+04, atom= 1744
Step=  212, Dmax= 2.3e-02 nm, Epot= -5.16840e+05 Fmax= 1.82316e+04, atom= 1744
Step=  213, Dmax= 2.7e-02 nm, Epot= -5.16781e+05 Fmax= 2.37311e+04, atom= 1744
Step=  214, Dmax= 1.4e-02 nm, Epot= -5.17060e+05 Fmax= 2.77824e+03, atom= 1744
Step=  215, Dmax= 1.6e-02 nm, Epot= -5.17063e+05 Fmax= 2.24342e+04, atom= 1744
Step=  216, Dmax= 2.0e-02 nm, Epot= -5.17351e+05 Fmax= 7.98067e+03, atom= 1744
Step=  217, Dmax= 2.4e-02 nm, Epot= -5.17079e+05 Fmax= 2.81791e+04, atom= 1744
Step=  218, Dmax= 1.2e-02 nm, Epot= -5.17397e+05 Fmax= 1.01372e+04, atom= 1744
Step=  219, Dmax= 1.4e-02 nm, Epot= -5.17443e+05 Fmax= 1.17093e+04, atom= 1744
Step=  220, Dmax= 1.7e-02 nm, Epot= -5.17472e+05 Fmax= 1.43666e+04, atom= 1744
Step=  221, Dmax= 2.0e-02 nm, Epot= -5.17491e+05 Fmax= 1.70367e+04, atom= 1744
Step=  222, Dmax= 2.5e-02 nm, Epot= -5.17485e+05 Fmax= 2.04289e+04, atom= 1744
Step=  223, Dmax= 1.2e-02 nm, Epot= -5.17683e+05 Fmax= 1.75255e+03, atom= 1744
Step=  224, Dmax= 1.5e-02 nm, Epot= -5.17828e+05 Fmax= 2.10233e+04, atom= 1744
Step=  225, Dmax= 1.8e-02 nm, Epot= -5.18084e+05 Fmax= 6.12979e+03, atom= 1744
Step=  226, Dmax= 2.1e-02 nm, Epot= -5.17874e+05 Fmax= 2.65394e+04, atom= 1744
Step=  227, Dmax= 1.1e-02 nm, Epot= -5.18125e+05 Fmax= 1.02301e+04, atom= 1744
Step=  228, Dmax= 1.3e-02 nm, Epot= -5.18190e+05 Fmax= 9.26516e+03, atom= 1744
Step=  229, Dmax= 1.5e-02 nm, Epot= -5.18199e+05 Fmax= 1.42283e+04, atom= 1744
Step=  230, Dmax= 1.8e-02 nm, Epot= -5.18262e+05 Fmax= 1.38072e+04, atom= 1744
Step=  231, Dmax= 2.2e-02 nm, Epot= -5.18220e+05 Fmax= 1.99414e+04, atom= 1744
Step=  232, Dmax= 1.1e-02 nm, Epot= -5.18396e+05 Fmax= 3.07464e+03, atom= 1744
Step=  233, Dmax= 1.3e-02 nm, Epot= -5.18429e+05 Fmax= 1.71195e+04, atom= 1744
Step=  234, Dmax= 1.6e-02 nm, Epot= -5.18600e+05 Fmax= 7.24668e+03, atom= 1744
Step=  235, Dmax= 1.9e-02 nm, Epot= -5.18484e+05 Fmax= 2.18037e+04, atom= 1744
Step=  236, Dmax= 9.5e-03 nm, Epot= -5.18656e+05 Fmax= 7.29442e+03, atom= 1744
Step=  237, Dmax= 1.1e-02 nm, Epot= -5.18695e+05 Fmax= 1.02475e+04, atom= 1744
Step=  238, Dmax= 1.4e-02 nm, Epot= -5.18748e+05 Fmax= 1.06900e+04, atom= 1744
Step=  239, Dmax= 1.6e-02 nm, Epot= -5.18761e+05 Fmax= 1.45415e+04, atom= 1744
Step=  240, Dmax= 2.0e-02 nm, Epot= -5.18801e+05 Fmax= 1.55720e+04, atom= 1744
Step=  241, Dmax= 2.4e-02 nm, Epot= -5.18766e+05 Fmax= 2.06780e+04, atom= 1744
Step=  242, Dmax= 1.2e-02 nm, Epot= -5.18961e+05 Fmax= 2.56802e+03, atom= 1744
Step=  243, Dmax= 1.4e-02 nm, Epot= -5.19002e+05 Fmax= 1.91363e+04, atom= 1744
Step=  244, Dmax= 1.7e-02 nm, Epot= -5.19208e+05 Fmax= 7.08466e+03, atom= 1744
Step=  245, Dmax= 2.0e-02 nm, Epot= -5.19044e+05 Fmax= 2.41230e+04, atom= 1744
Step=  246, Dmax= 1.0e-02 nm, Epot= -5.19256e+05 Fmax= 8.54240e+03, atom= 1744
Step=  247, Dmax= 1.2e-02 nm, Epot= -5.19298e+05 Fmax= 1.03154e+04, atom= 1744
Step=  248, Dmax= 1.5e-02 nm, Epot= -5.19334e+05 Fmax= 1.21853e+04, atom= 1744
Step=  249, Dmax= 1.8e-02 nm, Epot= -5.19355e+05 Fmax= 1.49297e+04, atom= 1744
Step=  250, Dmax= 2.1e-02 nm, Epot= -5.19369e+05 Fmax= 1.74245e+04, atom= 1744
Step=  251, Dmax= 2.5e-02 nm, Epot= -5.19344e+05 Fmax= 2.15175e+04, atom= 1744
Step=  252, Dmax= 1.3e-02 nm, Epot= -5.19559e+05 Fmax= 2.07249e+03, atom= 1744
Step=  253, Dmax= 1.5e-02 nm, Epot= -5.19623e+05 Fmax= 2.12554e+04, atom= 1744
Step=  254, Dmax= 1.8e-02 nm, Epot= -5.19871e+05 Fmax= 6.98448e+03, atom= 1744
Step=  255, Dmax= 2.2e-02 nm, Epot= -5.19650e+05 Fmax= 2.65236e+04, atom= 1744
Step=  256, Dmax= 1.1e-02 nm, Epot= -5.19908e+05 Fmax= 9.81018e+03, atom= 1744
Step=  257, Dmax= 1.3e-02 nm, Epot= -5.19955e+05 Fmax= 1.04670e+04, atom= 1744
Step=  258, Dmax= 1.6e-02 nm, Epot= -5.19973e+05 Fmax= 1.37152e+04, atom= 1744
Step=  259, Dmax= 1.9e-02 nm, Epot= -5.20003e+05 Fmax= 1.54267e+04, atom= 1744
Step=  260, Dmax= 2.3e-02 nm, Epot= -5.19988e+05 Fmax= 1.93350e+04, atom= 1744
Step=  261, Dmax= 1.1e-02 nm, Epot= -5.20155e+05 Fmax= 1.99606e+03, atom= 1744
Step=  262, Dmax= 1.4e-02 nm, Epot= -5.20237e+05 Fmax= 1.91565e+04, atom= 1744
Step=  263, Dmax= 1.6e-02 nm, Epot= -5.20441e+05 Fmax= 5.98863e+03, atom= 1744
Step=  264, Dmax= 2.0e-02 nm, Epot= -5.20279e+05 Fmax= 2.43183e+04, atom= 1744
Step=  265, Dmax= 9.8e-03 nm, Epot= -5.20480e+05 Fmax= 9.17263e+03, atom= 1744
Step=  266, Dmax= 1.2e-02 nm, Epot= -5.20532e+05 Fmax= 8.89503e+03, atom= 1744
Step=  267, Dmax= 1.4e-02 nm, Epot= -5.20549e+05 Fmax= 1.28942e+04, atom= 1744
Step=  268, Dmax= 1.7e-02 nm, Epot= -5.20596e+05 Fmax= 1.31027e+04, atom= 1744
Step=  269, Dmax= 2.0e-02 nm, Epot= -5.20573e+05 Fmax= 1.82074e+04, atom= 1744
Step=  270, Dmax= 1.0e-02 nm, Epot= -5.20713e+05 Fmax= 2.55787e+03, atom= 1744
Step=  271, Dmax= 1.2e-02 nm, Epot= -5.20763e+05 Fmax= 1.61402e+04, atom= 1744
Step=  272, Dmax= 1.5e-02 nm, Epot= -5.20912e+05 Fmax= 6.46462e+03, atom= 1744
Step=  273, Dmax= 1.8e-02 nm, Epot= -5.20818e+05 Fmax= 2.04647e+04, atom= 1744
Step=  274, Dmax= 8.8e-03 nm, Epot= -5.20959e+05 Fmax= 7.01409e+03, atom= 1744
Step=  275, Dmax= 1.1e-02 nm, Epot= -5.20998e+05 Fmax= 9.26261e+03, atom= 1744
Step=  276, Dmax= 1.3e-02 nm, Epot= -5.21040e+05 Fmax= 1.01505e+04, atom= 1744
Step=  277, Dmax= 1.5e-02 nm, Epot= -5.21059e+05 Fmax= 1.32581e+04, atom= 1744
Step=  278, Dmax= 1.8e-02 nm, Epot= -5.21089e+05 Fmax= 1.46725e+04, atom= 1744
Step=  279, Dmax= 2.2e-02 nm, Epot= -5.21070e+05 Fmax= 1.89644e+04, atom= 1744
Step=  280, Dmax= 1.1e-02 nm, Epot= -5.21227e+05 Fmax= 2.15788e+03, atom= 1744
Step=  281, Dmax= 1.3e-02 nm, Epot= -5.21289e+05 Fmax= 1.79311e+04, atom= 1744
Step=  282, Dmax= 1.6e-02 nm, Epot= -5.21467e+05 Fmax= 6.39250e+03, atom= 1744
Step=  283, Dmax= 1.9e-02 nm, Epot= -5.21333e+05 Fmax= 2.25368e+04, atom= 1744
Step=  284, Dmax= 9.5e-03 nm, Epot= -5.21509e+05 Fmax= 8.09321e+03, atom= 1744
Step=  285, Dmax= 1.1e-02 nm, Epot= -5.21549e+05 Fmax= 9.40356e+03, atom= 1744
Step=  286, Dmax= 1.4e-02 nm, Epot= -5.21579e+05 Fmax= 1.14601e+04, atom= 1744
Step=  287, Dmax= 1.6e-02 nm, Epot= -5.21602e+05 Fmax= 1.36966e+04, atom= 1744
Step=  288, Dmax= 2.0e-02 nm, Epot= -5.21612e+05 Fmax= 1.63154e+04, atom= 1744
Step=  289, Dmax= 2.4e-02 nm, Epot= -5.21600e+05 Fmax= 1.98222e+04, atom= 1744
Step=  290, Dmax= 1.2e-02 nm, Epot= -5.21775e+05 Fmax= 1.77430e+03, atom= 1744
Step=  291, Dmax= 1.4e-02 nm, Epot= -5.21863e+05 Fmax= 1.98050e+04, atom= 1744
Step=  292, Dmax= 1.7e-02 nm, Epot= -5.22074e+05 Fmax= 6.38578e+03, atom= 1744
Step=  293, Dmax= 2.0e-02 nm, Epot= -5.21893e+05 Fmax= 2.46757e+04, atom= 1744
Step=  294, Dmax= 1.0e-02 nm, Epot= -5.22107e+05 Fmax= 9.18122e+03, atom= 1744
Step=  295, Dmax= 1.2e-02 nm, Epot= -5.22151e+05 Fmax= 9.63143e+03, atom= 1744
Step=  296, Dmax= 1.5e-02 nm, Epot= -5.22167e+05 Fmax= 1.27921e+04, atom= 1744
Step=  297, Dmax= 1.8e-02 nm, Epot= -5.22196e+05 Fmax= 1.42457e+04, atom= 1744
Step=  298, Dmax= 2.1e-02 nm, Epot= -5.22184e+05 Fmax= 1.80021e+04, atom= 1744
Step=  299, Dmax= 1.1e-02 nm, Epot= -5.22324e+05 Fmax= 1.91176e+03, atom= 1744
Step=  300, Dmax= 1.3e-02 nm, Epot= -5.22398e+05 Fmax= 1.77353e+04, atom= 1744
Step=  301, Dmax= 1.5e-02 nm, Epot= -5.22571e+05 Fmax= 5.57412e+03, atom= 1744
Step=  302, Dmax= 1.8e-02 nm, Epot= -5.22440e+05 Fmax= 2.25460e+04, atom= 1744
Step=  303, Dmax= 9.1e-03 nm, Epot= -5.22606e+05 Fmax= 8.49012e+03, atom= 1744
Step=  304, Dmax= 1.1e-02 nm, Epot= -5.22652e+05 Fmax= 8.25964e+03, atom= 1744
Step=  305, Dmax= 1.3e-02 nm, Epot= -5.22669e+05 Fmax= 1.19541e+04, atom= 1744
Step=  306, Dmax= 1.6e-02 nm, Epot= -5.22711e+05 Fmax= 1.21537e+04, atom= 1744
Step=  307, Dmax= 1.9e-02 nm, Epot= -5.22694e+05 Fmax= 1.68959e+04, atom= 1744
Step=  308, Dmax= 9.4e-03 nm, Epot= -5.22811e+05 Fmax= 2.37459e+03, atom= 1744
Step=  309, Dmax= 1.1e-02 nm, Epot= -5.22862e+05 Fmax= 1.49385e+04, atom= 1744
Step=  310, Dmax= 1.4e-02 nm, Epot= -5.22988e+05 Fmax= 6.02461e+03, atom= 1744
Step=  311, Dmax= 1.6e-02 nm, Epot= -5.22914e+05 Fmax= 1.89405e+04, atom= 1744
Step=  312, Dmax= 8.2e-03 nm, Epot= -5.23031e+05 Fmax= 6.46949e+03, atom= 1744
Step=  313, Dmax= 9.8e-03 nm, Epot= -5.23066e+05 Fmax= 8.63214e+03, atom= 1744
Step=  314, Dmax= 1.2e-02 nm, Epot= -5.23103e+05 Fmax= 9.36679e+03, atom= 1744
Step=  315, Dmax= 1.4e-02 nm, Epot= -5.23122e+05 Fmax= 1.23504e+04, atom= 1744
Step=  316, Dmax= 1.7e-02 nm, Epot= -5.23150e+05 Fmax= 1.35537e+04, atom= 1744
Step=  317, Dmax= 2.0e-02 nm, Epot= -5.23135e+05 Fmax= 1.76567e+04, atom= 1744
Step=  318, Dmax= 1.0e-02 nm, Epot= -5.23268e+05 Fmax= 2.05985e+03, atom= 1744
Step=  319, Dmax= 1.2e-02 nm, Epot= -5.23326e+05 Fmax= 1.65386e+04, atom= 1744
Step=  320, Dmax= 1.5e-02 nm, Epot= -5.23476e+05 Fmax= 6.01186e+03, atom= 1744
Step=  321, Dmax= 1.8e-02 nm, Epot= -5.23369e+05 Fmax= 2.08106e+04, atom= 1744
Step=  322, Dmax= 8.8e-03 nm, Epot= -5.23514e+05 Fmax= 7.41632e+03, atom= 1744
Step=  323, Dmax= 1.1e-02 nm, Epot= -5.23550e+05 Fmax= 8.81525e+03, atom= 1744
Step=  324, Dmax= 1.3e-02 nm, Epot= -5.23579e+05 Fmax= 1.05298e+04, atom= 1744
Step=  325, Dmax= 1.5e-02 nm, Epot= -5.23599e+05 Fmax= 1.28085e+04, atom= 1744
Step=  326, Dmax= 1.8e-02 nm, Epot= -5.23612e+05 Fmax= 1.50277e+04, atom= 1744
Step=  327, Dmax= 2.2e-02 nm, Epot= -5.23601e+05 Fmax= 1.85047e+04, atom= 1744
Step=  328, Dmax= 1.1e-02 nm, Epot= -5.23750e+05 Fmax= 1.75272e+03, atom= 1744
Step=  329, Dmax= 1.3e-02 nm, Epot= -5.23823e+05 Fmax= 1.82251e+04, atom= 1744
Step=  330, Dmax= 1.6e-02 nm, Epot= -5.24001e+05 Fmax= 6.04430e+03, atom= 1744
Step=  331, Dmax= 1.9e-02 nm, Epot= -5.23854e+05 Fmax= 2.27649e+04, atom= 1744
Step=  332, Dmax= 9.4e-03 nm, Epot= -5.24033e+05 Fmax= 8.38702e+03, atom= 1744
Step=  333, Dmax= 1.1e-02 nm, Epot= -5.24070e+05 Fmax= 9.06190e+03, atom= 1744
Step=  334, Dmax= 1.4e-02 nm, Epot= -5.24088e+05 Fmax= 1.17296e+04, atom= 1744
Step=  335, Dmax= 1.6e-02 nm, Epot= -5.24112e+05 Fmax= 1.33523e+04, atom= 1744
Step=  336, Dmax= 2.0e-02 nm, Epot= -5.24108e+05 Fmax= 1.65596e+04, atom= 1744
Step=  337, Dmax= 9.8e-03 nm, Epot= -5.24224e+05 Fmax= 1.63148e+03, atom= 1744
Step=  338, Dmax= 1.2e-02 nm, Epot= -5.24311e+05 Fmax= 1.66368e+04, atom= 1744
Step=  339, Dmax= 1.4e-02 nm, Epot= -5.24463e+05 Fmax= 4.97978e+03, atom= 1744
Step=  340, Dmax= 1.7e-02 nm, Epot= -5.24355e+05 Fmax= 2.11194e+04, atom= 1744
Step=  341, Dmax= 8.4e-03 nm, Epot= -5.24495e+05 Fmax= 8.07488e+03, atom= 1744
Step=  342, Dmax= 1.0e-02 nm, Epot= -5.24538e+05 Fmax= 7.45501e+03, atom= 1744
Step=  343, Dmax= 1.2e-02 nm, Epot= -5.24552e+05 Fmax= 1.13010e+04, atom= 1744
Step=  344, Dmax= 1.5e-02 nm, Epot= -5.24594e+05 Fmax= 1.10557e+04, atom= 1744
Step=  345, Dmax= 1.8e-02 nm, Epot= -5.24577e+05 Fmax= 1.58985e+04, atom= 1744
Step=  346, Dmax= 8.8e-03 nm, Epot= -5.24678e+05 Fmax= 2.42298e+03, atom= 1744
Step=  347, Dmax= 1.1e-02 nm, Epot= -5.24718e+05 Fmax= 1.36140e+04, atom= 1744
Step=  348, Dmax= 1.3e-02 nm, Epot= -5.24823e+05 Fmax= 5.82341e+03, atom= 1744
Step=  349, Dmax= 1.5e-02 nm, Epot= -5.24766e+05 Fmax= 1.73227e+04, atom= 1744
Step=  350, Dmax= 7.6e-03 nm, Epot= -5.24863e+05 Fmax= 5.75874e+03, atom= 1744
Step=  351, Dmax= 9.1e-03 nm, Epot= -5.24892e+05 Fmax= 8.25398e+03, atom= 1744
Step=  352, Dmax= 1.1e-02 nm, Epot= -5.24930e+05 Fmax= 8.43396e+03, atom= 1744
Step=  353, Dmax= 1.3e-02 nm, Epot= -5.24944e+05 Fmax= 1.17151e+04, atom= 1744
Step=  354, Dmax= 1.6e-02 nm, Epot= -5.24976e+05 Fmax= 1.23083e+04, atom= 1744
Step=  355, Dmax= 1.9e-02 nm, Epot= -5.24958e+05 Fmax= 1.66509e+04, atom= 1744
Step=  356, Dmax= 9.4e-03 nm, Epot= -5.25073e+05 Fmax= 2.17584e+03, atom= 1744
Step=  357, Dmax= 1.1e-02 nm, Epot= -5.25115e+05 Fmax= 1.50527e+04, atom= 1744
Step=  358, Dmax= 1.4e-02 nm, Epot= -5.25239e+05 Fmax= 5.84938e+03, atom= 1744
Step=  359, Dmax= 1.6e-02 nm, Epot= -5.25154e+05 Fmax= 1.90226e+04, atom= 1744
Step=  360, Dmax= 8.1e-03 nm, Epot= -5.25274e+05 Fmax= 6.59896e+03, atom= 1744
Step=  361, Dmax= 9.8e-03 nm, Epot= -5.25304e+05 Fmax= 8.45924e+03, atom= 1744
Step=  362, Dmax= 1.2e-02 nm, Epot= -5.25335e+05 Fmax= 9.47717e+03, atom= 1744
Step=  363, Dmax= 1.4e-02 nm, Epot= -5.25349e+05 Fmax= 1.21745e+04, atom= 1744
Step=  364, Dmax= 1.7e-02 nm, Epot= -5.25369e+05 Fmax= 1.36422e+04, atom= 1744
Step=  365, Dmax= 2.0e-02 nm, Epot= -5.25352e+05 Fmax= 1.74718e+04, atom= 1744
Step=  366, Dmax= 1.0e-02 nm, Epot= -5.25484e+05 Fmax= 1.92336e+03, atom= 1744
Step=  367, Dmax= 1.2e-02 nm, Epot= -5.25529e+05 Fmax= 1.65869e+04, atom= 1744
Step=  368, Dmax= 1.5e-02 nm, Epot= -5.25675e+05 Fmax= 5.89723e+03, atom= 1744
Step=  369, Dmax= 1.7e-02 nm, Epot= -5.25557e+05 Fmax= 2.08259e+04, atom= 1744
Step=  370, Dmax= 8.7e-03 nm, Epot= -5.25707e+05 Fmax= 7.48225e+03, atom= 1744
Step=  371, Dmax= 1.0e-02 nm, Epot= -5.25737e+05 Fmax= 8.70190e+03, atom= 1744
Step=  372, Dmax= 1.3e-02 nm, Epot= -5.25759e+05 Fmax= 1.05764e+04, atom= 1744
Step=  373, Dmax= 1.5e-02 nm, Epot= -5.25775e+05 Fmax= 1.26912e+04, atom= 1744
Step=  374, Dmax= 1.8e-02 nm, Epot= -5.25781e+05 Fmax= 1.50520e+04, atom= 1744
Step=  375, Dmax= 2.2e-02 nm, Epot= -5.25767e+05 Fmax= 1.83765e+04, atom= 1744
Step=  376, Dmax= 1.1e-02 nm, Epot= -5.25916e+05 Fmax= 1.67671e+03, atom= 1744
Step=  377, Dmax= 1.3e-02 nm, Epot= -5.25969e+05 Fmax= 1.82034e+04, atom= 1744
Step=  378, Dmax= 1.6e-02 nm, Epot= -5.26142e+05 Fmax= 5.99315e+03, atom= 1744
Step=  379, Dmax= 1.9e-02 nm, Epot= -5.25985e+05 Fmax= 2.27102e+04, atom= 1744
Step=  380, Dmax= 9.4e-03 nm, Epot= -5.26167e+05 Fmax= 8.38656e+03, atom= 1744
Step=  381, Dmax= 1.1e-02 nm, Epot= -5.26199e+05 Fmax= 9.01124e+03, atom= 1744
Step=  382, Dmax= 1.4e-02 nm, Epot= -5.26212e+05 Fmax= 1.17094e+04, atom= 1744
Step=  383, Dmax= 1.6e-02 nm, Epot= -5.26230e+05 Fmax= 1.32963e+04, atom= 1744
Step=  384, Dmax= 1.9e-02 nm, Epot= -5.26221e+05 Fmax= 1.65160e+04, atom= 1744
Step=  385, Dmax= 9.7e-03 nm, Epot= -5.26338e+05 Fmax= 1.63769e+03, atom= 1744
Step=  386, Dmax= 1.2e-02 nm, Epot= -5.26397e+05 Fmax= 1.65948e+04, atom= 1744
Step=  387, Dmax= 1.4e-02 nm, Epot= -5.26544e+05 Fmax= 4.95027e+03, atom= 1744
Step=  388, Dmax= 1.7e-02 nm, Epot= -5.26426e+05 Fmax= 2.10749e+04, atom= 1744
Step=  389, Dmax= 8.4e-03 nm, Epot= -5.26570e+05 Fmax= 8.06708e+03, atom= 1744
Step=  390, Dmax= 1.0e-02 nm, Epot= -5.26608e+05 Fmax= 7.40914e+03, atom= 1744
Step=  391, Dmax= 1.2e-02 nm, Epot= -5.26616e+05 Fmax= 1.12915e+04, atom= 1744
Step=  392, Dmax= 1.5e-02 nm, Epot= -5.26654e+05 Fmax= 1.09898e+04, atom= 1744
Step=  393, Dmax= 1.7e-02 nm, Epot= -5.26630e+05 Fmax= 1.58825e+04, atom= 1744
Step=  394, Dmax= 8.7e-03 nm, Epot= -5.26733e+05 Fmax= 2.44788e+03, atom= 1744
Step=  395, Dmax= 1.0e-02 nm, Epot= -5.26757e+05 Fmax= 1.35243e+04, atom= 1744
Step=  396, Dmax= 1.3e-02 nm, Epot= -5.26857e+05 Fmax= 5.85186e+03, atom= 1744
Step=  397, Dmax= 1.5e-02 nm, Epot= -5.26792e+05 Fmax= 1.72124e+04, atom= 1744
Step=  398, Dmax= 7.5e-03 nm, Epot= -5.26892e+05 Fmax= 5.68935e+03, atom= 1744
Step=  399, Dmax= 9.0e-03 nm, Epot= -5.26916e+05 Fmax= 8.28323e+03, atom= 1744
Step=  400, Dmax= 1.1e-02 nm, Epot= -5.26949e+05 Fmax= 8.34765e+03, atom= 1744
Step=  401, Dmax= 1.3e-02 nm, Epot= -5.26956e+05 Fmax= 1.17417e+04, atom= 1744
Step=  402, Dmax= 1.6e-02 nm, Epot= -5.26985e+05 Fmax= 1.22011e+04, atom= 1744
Step=  403, Dmax= 1.9e-02 nm, Epot= -5.26961e+05 Fmax= 1.66697e+04, atom= 1744
Step=  404, Dmax= 9.4e-03 nm, Epot= -5.27078e+05 Fmax= 2.23841e+03, atom= 1744
Step=  405, Dmax= 1.1e-02 nm, Epot= -5.27098e+05 Fmax= 1.49212e+04, atom= 1744
Step=  406, Dmax= 1.4e-02 nm, Epot= -5.27217e+05 Fmax= 5.91366e+03, atom= 1744
Step=  407, Dmax= 1.6e-02 nm, Epot= -5.27125e+05 Fmax= 1.88718e+04, atom= 1744
Step=  408, Dmax= 8.1e-03 nm, Epot= -5.27248e+05 Fmax= 6.49083e+03, atom= 1744
Step=  409, Dmax= 9.7e-03 nm, Epot= -5.27272e+05 Fmax= 8.52384e+03, atom= 1744
Step=  410, Dmax= 1.2e-02 nm, Epot= -5.27299e+05 Fmax= 9.35139e+03, atom= 1744
Step=  411, Dmax= 1.4e-02 nm, Epot= -5.27306e+05 Fmax= 1.22355e+04, atom= 1744
Step=  412, Dmax= 1.7e-02 nm, Epot= -5.27324e+05 Fmax= 1.34951e+04, atom= 1744
Step=  413, Dmax= 2.0e-02 nm, Epot= -5.27300e+05 Fmax= 1.75240e+04, atom= 1744
Step=  414, Dmax= 1.0e-02 nm, Epot= -5.27433e+05 Fmax= 2.02214e+03, atom= 1744
Step=  415, Dmax= 1.2e-02 nm, Epot= -5.27451e+05 Fmax= 1.64146e+04, atom= 1744
Step=  416, Dmax= 1.5e-02 nm, Epot= -5.27592e+05 Fmax= 5.99394e+03, atom= 1744
Step=  417, Dmax= 1.7e-02 nm, Epot= -5.27467e+05 Fmax= 2.06389e+04, atom= 1744
Step=  418, Dmax= 8.7e-03 nm, Epot= -5.27618e+05 Fmax= 7.33914e+03, atom= 1744
Step=  419, Dmax= 1.0e-02 nm, Epot= -5.27643e+05 Fmax= 8.79671e+03, atom= 1744
Step=  420, Dmax= 1.3e-02 nm, Epot= -5.27662e+05 Fmax= 1.04161e+04, atom= 1744
Step=  421, Dmax= 1.5e-02 nm, Epot= -5.27671e+05 Fmax= 1.27810e+04, atom= 1744
Step=  422, Dmax= 1.8e-02 nm, Epot= -5.27676e+05 Fmax= 1.48697e+04, atom= 1744
Step=  423, Dmax= 2.2e-02 nm, Epot= -5.27653e+05 Fmax= 1.84564e+04, atom= 1744
Step=  424, Dmax= 1.1e-02 nm, Epot= -5.27805e+05 Fmax= 1.80657e+03, atom= 1744
Step=  425, Dmax= 1.3e-02 nm, Epot= -5.27821e+05 Fmax= 1.79985e+04, atom= 1744
Step=  426, Dmax= 1.6e-02 nm, Epot= -5.27987e+05 Fmax= 6.11094e+03, atom= 1744
Step=  427, Dmax= 1.9e-02 nm, Epot= -5.27824e+05 Fmax= 2.25005e+04, atom= 1744
Step=  428, Dmax= 9.4e-03 nm, Epot= -5.28009e+05 Fmax= 8.21974e+03, atom= 1744
Step=  429, Dmax= 1.1e-02 nm, Epot= -5.28035e+05 Fmax= 9.12436e+03, atom= 1744
Step=  430, Dmax= 1.3e-02 nm, Epot= -5.28045e+05 Fmax= 1.15260e+04, atom= 1744
Step=  431, Dmax= 1.6e-02 nm, Epot= -5.28056e+05 Fmax= 1.34027e+04, atom= 1744
Step=  432, Dmax= 1.9e-02 nm, Epot= -5.28046e+05 Fmax= 1.63105e+04, atom= 1744
Step=  433, Dmax= 9.7e-03 nm, Epot= -5.28162e+05 Fmax= 1.48275e+03, atom= 1744
Step=  434, Dmax= 1.2e-02 nm, Epot= -5.28214e+05 Fmax= 1.67403e+04, atom= 1744
Step=  435, Dmax= 1.4e-02 nm, Epot= -5.28362e+05 Fmax= 4.74165e+03, atom= 1744
Step=  436, Dmax= 1.7e-02 nm, Epot= -5.28232e+05 Fmax= 2.12177e+04, atom= 1744
Step=  437, Dmax= 8.4e-03 nm, Epot= -5.28381e+05 Fmax= 8.24600e+03, atom= 1744
Step=  438, Dmax= 1.0e-02 nm, Epot= -5.28418e+05 Fmax= 7.17959e+03, atom= 1744
Step=  439, Dmax= 1.2e-02 nm, Epot= -5.28418e+05 Fmax= 1.14699e+04, atom= 1744
Step=  440, Dmax= 1.4e-02 nm, Epot= -5.28455e+05 Fmax= 1.07386e+04, atom= 1744
Step=  441, Dmax= 1.7e-02 nm, Epot= -5.28422e+05 Fmax= 1.60555e+04, atom= 1744
Step=  442, Dmax= 8.7e-03 nm, Epot= -5.28530e+05 Fmax= 2.65910e+03, atom= 1744
Step=  443, Dmax= 1.0e-02 nm, Epot= -5.28536e+05 Fmax= 1.32565e+04, atom= 1744
Step=  444, Dmax= 1.3e-02 nm, Epot= -5.28629e+05 Fmax= 6.05716e+03, atom= 1744
Step=  445, Dmax= 1.5e-02 nm, Epot= -5.28560e+05 Fmax= 1.69292e+04, atom= 1744
Step=  446, Dmax= 7.5e-03 nm, Epot= -5.28661e+05 Fmax= 5.44500e+03, atom= 1744
Step=  447, Dmax= 9.0e-03 nm, Epot= -5.28679e+05 Fmax= 8.48992e+03, atom= 1744
Step=  448, Dmax= 1.1e-02 nm, Epot= -5.28712e+05 Fmax= 8.08556e+03, atom= 1744
Step=  449, Dmax= 1.3e-02 nm, Epot= -5.28711e+05 Fmax= 1.19464e+04, atom= 1744
Step=  450, Dmax= 6.5e-03 nm, Epot= -5.28761e+05 Fmax= 1.92978e+03, atom= 1744
Step=  451, Dmax= 7.8e-03 nm, Epot= -5.28807e+05 Fmax= 9.90196e+03, atom= 1744
Step=  452, Dmax= 9.4e-03 nm, Epot= -5.28869e+05 Fmax= 4.52879e+03, atom= 1744
Step=  453, Dmax= 1.1e-02 nm, Epot= -5.28855e+05 Fmax= 1.26140e+04, atom= 1744
Step=  454, Dmax= 5.6e-03 nm, Epot= -5.28899e+05 Fmax= 4.04727e+03, atom= 1744
Step=  455, Dmax= 6.7e-03 nm, Epot= -5.28925e+05 Fmax= 6.37863e+03, atom= 1744
Step=  456, Dmax= 8.1e-03 nm, Epot= -5.28956e+05 Fmax= 5.98794e+03, atom= 1744
Step=  457, Dmax= 9.7e-03 nm, Epot= -5.28971e+05 Fmax= 8.99287e+03, atom= 1744
Step=  458, Dmax= 1.2e-02 nm, Epot= -5.29001e+05 Fmax= 8.82597e+03, atom= 1744
Step=  459, Dmax= 1.4e-02 nm, Epot= -5.28996e+05 Fmax= 1.27038e+04, atom= 1744
Step=  460, Dmax= 7.0e-03 nm, Epot= -5.29057e+05 Fmax= 1.93820e+03, atom= 1744
Step=  461, Dmax= 8.4e-03 nm, Epot= -5.29098e+05 Fmax= 1.07794e+04, atom= 1744
Step=  462, Dmax= 1.0e-02 nm, Epot= -5.29167e+05 Fmax= 4.73214e+03, atom= 1744
Step=  463, Dmax= 1.2e-02 nm, Epot= -5.29141e+05 Fmax= 1.36965e+04, atom= 1744
Step=  464, Dmax= 6.0e-03 nm, Epot= -5.29196e+05 Fmax= 4.48764e+03, atom= 1744
Step=  465, Dmax= 7.2e-03 nm, Epot= -5.29221e+05 Fmax= 6.71411e+03, atom= 1744
Step=  466, Dmax= 8.7e-03 nm, Epot= -5.29250e+05 Fmax= 6.58044e+03, atom= 1744
Step=  467, Dmax= 1.0e-02 nm, Epot= -5.29262e+05 Fmax= 9.51756e+03, atom= 1744
Step=  468, Dmax= 1.3e-02 nm, Epot= -5.29290e+05 Fmax= 9.63571e+03, atom= 1744
Step=  469, Dmax= 1.5e-02 nm, Epot= -5.29280e+05 Fmax= 1.34991e+04, atom= 1744
Step=  470, Dmax= 7.5e-03 nm, Epot= -5.29352e+05 Fmax= 1.93188e+03, atom= 1744
Step=  471, Dmax= 9.0e-03 nm, Epot= -5.29388e+05 Fmax= 1.17393e+04, atom= 1744
Step=  472, Dmax= 1.1e-02 nm, Epot= -5.29466e+05 Fmax= 4.93481e+03, atom= 1744
Step=  473, Dmax= 1.3e-02 nm, Epot= -5.29424e+05 Fmax= 1.48756e+04, atom= 1744
Step=  474, Dmax= 6.5e-03 nm, Epot= -5.29494e+05 Fmax= 4.97684e+03, atom= 1744
Step=  475, Dmax= 7.8e-03 nm, Epot= -5.29517e+05 Fmax= 7.05816e+03, atom= 1744
Step=  476, Dmax= 9.3e-03 nm, Epot= -5.29544e+05 Fmax= 7.23368e+03, atom= 1744
Step=  477, Dmax= 1.1e-02 nm, Epot= -5.29554e+05 Fmax= 1.00636e+04, atom= 1744
Step=  478, Dmax= 1.3e-02 nm, Epot= -5.29578e+05 Fmax= 1.05240e+04, atom= 1744
Step=  479, Dmax= 1.6e-02 nm, Epot= -5.29564e+05 Fmax= 1.43347e+04, atom= 1744
Step=  480, Dmax= 8.1e-03 nm, Epot= -5.29649e+05 Fmax= 1.90632e+03, atom= 1744
Step=  481, Dmax= 9.7e-03 nm, Epot= -5.29679e+05 Fmax= 1.27901e+04, atom= 1744
Step=  482, Dmax= 1.2e-02 nm, Epot= -5.29768e+05 Fmax= 5.13400e+03, atom= 1744
Step=  483, Dmax= 1.4e-02 nm, Epot= -5.29708e+05 Fmax= 1.61612e+04, atom= 1744
Step=  484, Dmax= 7.0e-03 nm, Epot= -5.29795e+05 Fmax= 5.52191e+03, atom= 1744
Step=  485, Dmax= 8.4e-03 nm, Epot= -5.29816e+05 Fmax= 7.40900e+03, atom= 1744
Step=  486, Dmax= 1.0e-02 nm, Epot= -5.29840e+05 Fmax= 7.95439e+03, atom= 1744
Step=  487, Dmax= 1.2e-02 nm, Epot= -5.29848e+05 Fmax= 1.06318e+04, atom= 1744
Step=  488, Dmax= 1.4e-02 nm, Epot= -5.29867e+05 Fmax= 1.14967e+04, atom= 1744
Step=  489, Dmax= 1.7e-02 nm, Epot= -5.29850e+05 Fmax= 1.52130e+04, atom= 1744
Step=  490, Dmax= 8.7e-03 nm, Epot= -5.29948e+05 Fmax= 1.86093e+03, atom= 1744
Step=  491, Dmax= 1.0e-02 nm, Epot= -5.29972e+05 Fmax= 1.39369e+04, atom= 1744
Step=  492, Dmax= 1.2e-02 nm, Epot= -5.30074e+05 Fmax= 5.33342e+03, atom= 1744
Step=  493, Dmax= 1.5e-02 nm, Epot= -5.29992e+05 Fmax= 1.75565e+04, atom= 1744
Step=  494, Dmax= 7.5e-03 nm, Epot= -5.30099e+05 Fmax= 6.12231e+03, atom= 1744
Step=  495, Dmax= 9.0e-03 nm, Epot= -5.30119e+05 Fmax= 7.77183e+03, atom= 1744
Step=  496, Dmax= 1.1e-02 nm, Epot= -5.30140e+05 Fmax= 8.74355e+03, atom= 1744
Step=  497, Dmax= 1.3e-02 nm, Epot= -5.30147e+05 Fmax= 1.12278e+04, atom= 1744
Step=  498, Dmax= 1.6e-02 nm, Epot= -5.30159e+05 Fmax= 1.25558e+04, atom= 1744
Step=  499, Dmax= 1.9e-02 nm, Epot= -5.30139e+05 Fmax= 1.61422e+04, atom= 1744
Step=  500, Dmax= 9.3e-03 nm, Epot= -5.30253e+05 Fmax= 1.79825e+03, atom= 1744
Step=  501, Dmax= 1.1e-02 nm, Epot= -5.30269e+05 Fmax= 1.51822e+04, atom= 1744
Step=  502, Dmax= 1.3e-02 nm, Epot= -5.30388e+05 Fmax= 5.53790e+03, atom= 1744
Step=  503, Dmax= 1.6e-02 nm, Epot= -5.30280e+05 Fmax= 1.90643e+04, atom= 1744
Step=  504, Dmax= 8.1e-03 nm, Epot= -5.30410e+05 Fmax= 6.77741e+03, atom= 1744
Step=  505, Dmax= 9.7e-03 nm, Epot= -5.30429e+05 Fmax= 8.15268e+03, atom= 1744
Step=  506, Dmax= 1.2e-02 nm, Epot= -5.30445e+05 Fmax= 9.60093e+03, atom= 1744
Step=  507, Dmax= 1.4e-02 nm, Epot= -5.30452e+05 Fmax= 1.18594e+04, atom= 1744
Step=  508, Dmax= 1.7e-02 nm, Epot= -5.30456e+05 Fmax= 1.37024e+04, atom= 1744
Step=  509, Dmax= 2.0e-02 nm, Epot= -5.30433e+05 Fmax= 1.71309e+04, atom= 1744
Step=  510, Dmax= 1.0e-02 nm, Epot= -5.30564e+05 Fmax= 1.72302e+03, atom= 1744
Step=  511, Dmax= 1.2e-02 nm, Epot= -5.30572e+05 Fmax= 1.65270e+04, atom= 1744
Step=  512, Dmax= 1.4e-02 nm, Epot= -5.30710e+05 Fmax= 5.75576e+03, atom= 1744
Step=  513, Dmax= 1.7e-02 nm, Epot= -5.30572e+05 Fmax= 2.06839e+04, atom= 1744
Step=  514, Dmax= 8.7e-03 nm, Epot= -5.30728e+05 Fmax= 7.48342e+03, atom= 1744
Step=  515, Dmax= 1.0e-02 nm, Epot= -5.30749e+05 Fmax= 8.56178e+03, atom= 1744
Step=  516, Dmax= 1.2e-02 nm, Epot= -5.30759e+05 Fmax= 1.05222e+04, atom= 1744
Step=  517, Dmax= 1.5e-02 nm, Epot= -5.30764e+05 Fmax= 1.25388e+04, atom= 1744
Step=  518, Dmax= 1.8e-02 nm, Epot= -5.30759e+05 Fmax= 1.49326e+04, atom= 1744
Step=  519, Dmax= 9.0e-03 nm, Epot= -5.30857e+05 Fmax= 1.22096e+03, atom= 1744
Step=  520, Dmax= 1.1e-02 nm, Epot= -5.30913e+05 Fmax= 1.57335e+04, atom= 1744
Step=  521, Dmax= 1.3e-02 nm, Epot= -5.31043e+05 Fmax= 4.12744e+03, atom= 1744
Step=  522, Dmax= 1.6e-02 nm, Epot= -5.30928e+05 Fmax= 1.99084e+04, atom= 1744
Step=  523, Dmax= 7.8e-03 nm, Epot= -5.31058e+05 Fmax= 7.90033e+03, atom= 1744
Step=  524, Dmax= 9.3e-03 nm, Epot= -5.31092e+05 Fmax= 6.35552e+03, atom= 1744
Step=  525, Dmax= 1.1e-02 nm, Epot= -5.31088e+05 Fmax= 1.09042e+04, atom= 1744
Step=  526, Dmax= 5.6e-03 nm, Epot= -5.31127e+05 Fmax= 2.27278e+03, atom= 1744
Step=  527, Dmax= 6.7e-03 nm, Epot= -5.31156e+05 Fmax= 7.90631e+03, atom= 1744
Step=  528, Dmax= 8.0e-03 nm, Epot= -5.31198e+05 Fmax= 4.51223e+03, atom= 1744
Step=  529, Dmax= 9.6e-03 nm, Epot= -5.31197e+05 Fmax= 1.02264e+04, atom= 1744
Step=  530, Dmax= 4.8e-03 nm, Epot= -5.31225e+05 Fmax= 2.86027e+03, atom= 1744
Step=  531, Dmax= 5.8e-03 nm, Epot= -5.31250e+05 Fmax= 6.13728e+03, atom= 1744
Step=  532, Dmax= 6.9e-03 nm, Epot= -5.31281e+05 Fmax= 4.49443e+03, atom= 1744
Step=  533, Dmax= 8.3e-03 nm, Epot= -5.31292e+05 Fmax= 8.41633e+03, atom= 1744
Step=  534, Dmax= 1.0e-02 nm, Epot= -5.31326e+05 Fmax= 6.90601e+03, atom= 1744
Step=  535, Dmax= 1.2e-02 nm, Epot= -5.31317e+05 Fmax= 1.16368e+04, atom= 1744
Step=  536, Dmax= 6.0e-03 nm, Epot= -5.31365e+05 Fmax= 2.36389e+03, atom= 1744
Step=  537, Dmax= 7.2e-03 nm, Epot= -5.31390e+05 Fmax= 8.58119e+03, atom= 1744
Step=  538, Dmax= 8.6e-03 nm, Epot= -5.31435e+05 Fmax= 4.76529e+03, atom= 1744
Step=  539, Dmax= 1.0e-02 nm, Epot= -5.31427e+05 Fmax= 1.10799e+04, atom= 1744
Step=  540, Dmax= 5.2e-03 nm, Epot= -5.31462e+05 Fmax= 3.16114e+03, atom= 1744
Step=  541, Dmax= 6.2e-03 nm, Epot= -5.31485e+05 Fmax= 6.50278e+03, atom= 1744
Step=  542, Dmax= 7.5e-03 nm, Epot= -5.31515e+05 Fmax= 4.92759e+03, atom= 1744
Step=  543, Dmax= 9.0e-03 nm, Epot= -5.31523e+05 Fmax= 8.94346e+03, atom= 1744
Step=  544, Dmax= 1.1e-02 nm, Epot= -5.31557e+05 Fmax= 7.52813e+03, atom= 1744
Step=  545, Dmax= 1.3e-02 nm, Epot= -5.31542e+05 Fmax= 1.23961e+04, atom= 1744
Step=  546, Dmax= 6.5e-03 nm, Epot= -5.31600e+05 Fmax= 2.43245e+03, atom= 1744
Step=  547, Dmax= 7.7e-03 nm, Epot= -5.31620e+05 Fmax= 9.33737e+03, atom= 1744
Step=  548, Dmax= 9.3e-03 nm, Epot= -5.31670e+05 Fmax= 5.00615e+03, atom= 1744
Step=  549, Dmax= 1.1e-02 nm, Epot= -5.31652e+05 Fmax= 1.20302e+04, atom= 1744
Step=  550, Dmax= 5.6e-03 nm, Epot= -5.31698e+05 Fmax= 3.51640e+03, atom= 1744
Step=  551, Dmax= 6.7e-03 nm, Epot= -5.31717e+05 Fmax= 6.86206e+03, atom= 1744
Step=  552, Dmax= 8.0e-03 nm, Epot= -5.31748e+05 Fmax= 5.42667e+03, atom= 1744
Step=  553, Dmax= 9.6e-03 nm, Epot= -5.31752e+05 Fmax= 9.47472e+03, atom= 1744
Step=  554, Dmax= 1.2e-02 nm, Epot= -5.31785e+05 Fmax= 8.23212e+03, atom= 1744
Step=  555, Dmax= 1.4e-02 nm, Epot= -5.31765e+05 Fmax= 1.31749e+04, atom= 1744
Step=  556, Dmax= 6.9e-03 nm, Epot= -5.31833e+05 Fmax= 2.47048e+03, atom= 1744
Step=  557, Dmax= 8.3e-03 nm, Epot= -5.31847e+05 Fmax= 1.01855e+04, atom= 1744
Step=  558, Dmax= 1.0e-02 nm, Epot= -5.31904e+05 Fmax= 5.22914e+03, atom= 1744
Step=  559, Dmax= 1.2e-02 nm, Epot= -5.31875e+05 Fmax= 1.30872e+04, atom= 1744
Step=  560, Dmax= 6.0e-03 nm, Epot= -5.31932e+05 Fmax= 3.93402e+03, atom= 1744
Step=  561, Dmax= 7.2e-03 nm, Epot= -5.31948e+05 Fmax= 7.21160e+03, atom= 1744
Step=  562, Dmax= 8.6e-03 nm, Epot= -5.31978e+05 Fmax= 6.00022e+03, atom= 1744
Step=  563, Dmax= 1.0e-02 nm, Epot= -5.31979e+05 Fmax= 1.00081e+04, atom= 1744
Step=  564, Dmax= 1.2e-02 nm, Epot= -5.32011e+05 Fmax= 9.02586e+03, atom= 1744
Step=  565, Dmax= 1.5e-02 nm, Epot= -5.31986e+05 Fmax= 1.39739e+04, atom= 1744
Step=  566, Dmax= 7.5e-03 nm, Epot= -5.32065e+05 Fmax= 2.47318e+03, atom= 1744
Step=  567, Dmax= 8.9e-03 nm, Epot= -5.32073e+05 Fmax= 1.11352e+04, atom= 1744
Step=  568, Dmax= 1.1e-02 nm, Epot= -5.32139e+05 Fmax= 5.43130e+03, atom= 1744
Step=  569, Dmax= 1.3e-02 nm, Epot= -5.32095e+05 Fmax= 1.42601e+04, atom= 1744
Step=  570, Dmax= 6.4e-03 nm, Epot= -5.32166e+05 Fmax= 4.42045e+03, atom= 1744
Step=  571, Dmax= 7.7e-03 nm, Epot= -5.32180e+05 Fmax= 7.54980e+03, atom= 1744
Step=  572, Dmax= 9.3e-03 nm, Epot= -5.32208e+05 Fmax= 6.65375e+03, atom= 1744
Step=  573, Dmax= 1.1e-02 nm, Epot= -5.32206e+05 Fmax= 1.05442e+04, atom= 1744
Step=  574, Dmax= 5.6e-03 nm, Epot= -5.32244e+05 Fmax= 1.94361e+03, atom= 1744
Step=  575, Dmax= 6.7e-03 nm, Epot= -5.32277e+05 Fmax= 8.18086e+03, atom= 1744
Step=  576, Dmax= 8.0e-03 nm, Epot= -5.32320e+05 Fmax= 4.19898e+03, atom= 1744
Step=  577, Dmax= 9.6e-03 nm, Epot= -5.32315e+05 Fmax= 1.04849e+04, atom= 1744
Step=  578, Dmax= 4.8e-03 nm, Epot= -5.32345e+05 Fmax= 3.14588e+03, atom= 1744
Step=  579, Dmax= 5.8e-03 nm, Epot= -5.32367e+05 Fmax= 5.81640e+03, atom= 1744
Step=  580, Dmax= 6.9e-03 nm, Epot= -5.32394e+05 Fmax= 4.77880e+03, atom= 1744
Step=  581, Dmax= 8.3e-03 nm, Epot= -5.32405e+05 Fmax= 8.08672e+03, atom= 1744
Step=  582, Dmax= 1.0e-02 nm, Epot= -5.32434e+05 Fmax= 7.18545e+03, atom= 1744
Step=  583, Dmax= 1.2e-02 nm, Epot= -5.32427e+05 Fmax= 1.12955e+04, atom= 1744
Step=  584, Dmax= 6.0e-03 nm, Epot= -5.32473e+05 Fmax= 2.05373e+03, atom= 1744
Step=  585, Dmax= 7.2e-03 nm, Epot= -5.32500e+05 Fmax= 8.83946e+03, atom= 1744
Step=  586, Dmax= 8.6e-03 nm, Epot= -5.32547e+05 Fmax= 4.46491e+03, atom= 1744
Step=  587, Dmax= 1.0e-02 nm, Epot= -5.32535e+05 Fmax= 1.13257e+04, atom= 1744
Step=  588, Dmax= 5.2e-03 nm, Epot= -5.32572e+05 Fmax= 3.43422e+03, atom= 1744
Step=  589, Dmax= 6.2e-03 nm, Epot= -5.32592e+05 Fmax= 6.19195e+03, atom= 1744
Step=  590, Dmax= 7.4e-03 nm, Epot= -5.32619e+05 Fmax= 5.20058e+03, atom= 1744
Step=  591, Dmax= 8.9e-03 nm, Epot= -5.32627e+05 Fmax= 8.62144e+03, atom= 1744
Step=  592, Dmax= 1.1e-02 nm, Epot= -5.32655e+05 Fmax= 7.79742e+03, atom= 1744
Step=  593, Dmax= 1.3e-02 nm, Epot= -5.32643e+05 Fmax= 1.20595e+04, atom= 1744
Step=  594, Dmax= 6.4e-03 nm, Epot= -5.32699e+05 Fmax= 2.13015e+03, atom= 1744
Step=  595, Dmax= 7.7e-03 nm, Epot= -5.32720e+05 Fmax= 9.58812e+03, atom= 1744
Step=  596, Dmax= 9.3e-03 nm, Epot= -5.32773e+05 Fmax= 4.70963e+03, atom= 1744
Step=  597, Dmax= 1.1e-02 nm, Epot= -5.32750e+05 Fmax= 1.22700e+04, atom= 1744
Step=  598, Dmax= 5.6e-03 nm, Epot= -5.32798e+05 Fmax= 3.78451e+03, atom= 1744
Step=  599, Dmax= 6.7e-03 nm, Epot= -5.32815e+05 Fmax= 6.55371e+03, atom= 1744
Step=  600, Dmax= 8.0e-03 nm, Epot= -5.32842e+05 Fmax= 5.69605e+03, atom= 1744
Step=  601, Dmax= 9.6e-03 nm, Epot= -5.32847e+05 Fmax= 9.15252e+03, atom= 1744
Step=  602, Dmax= 1.2e-02 nm, Epot= -5.32874e+05 Fmax= 8.49876e+03, atom= 1744
Step=  603, Dmax= 1.4e-02 nm, Epot= -5.32858e+05 Fmax= 1.28358e+04, atom= 1744
Step=  604, Dmax= 6.9e-03 nm, Epot= -5.32923e+05 Fmax= 2.16761e+03, atom= 1744
Step=  605, Dmax= 8.3e-03 nm, Epot= -5.32939e+05 Fmax= 1.04365e+04, atom= 1744
Step=  606, Dmax= 1.0e-02 nm, Epot= -5.32998e+05 Fmax= 4.92925e+03, atom= 1744
Step=  607, Dmax= 1.2e-02 nm, Epot= -5.32963e+05 Fmax= 1.33279e+04, atom= 1744
Step=  608, Dmax= 6.0e-03 nm, Epot= -5.33023e+05 Fmax= 4.20437e+03, atom= 1744
Step=  609, Dmax= 7.2e-03 nm, Epot= -5.33038e+05 Fmax= 6.89861e+03, atom= 1744
Step=  610, Dmax= 8.6e-03 nm, Epot= -5.33064e+05 Fmax= 6.27187e+03, atom= 1744
Step=  611, Dmax= 1.0e-02 nm, Epot= -5.33066e+05 Fmax= 9.67963e+03, atom= 1744
Step=  612, Dmax= 1.2e-02 nm, Epot= -5.33091e+05 Fmax= 9.29551e+03, atom= 1744
Step=  613, Dmax= 1.5e-02 nm, Epot= -5.33070e+05 Fmax= 1.36257e+04, atom= 1744
Step=  614, Dmax= 7.4e-03 nm, Epot= -5.33146e+05 Fmax= 2.16501e+03, atom= 1744
Step=  615, Dmax= 8.9e-03 nm, Epot= -5.33156e+05 Fmax= 1.13901e+04, atom= 1744
Step=  616, Dmax= 1.1e-02 nm, Epot= -5.33224e+05 Fmax= 5.12381e+03, atom= 1744
Step=  617, Dmax= 1.3e-02 nm, Epot= -5.33175e+05 Fmax= 1.45057e+04, atom= 1744
Step=  618, Dmax= 6.4e-03 nm, Epot= -5.33248e+05 Fmax= 4.69727e+03, atom= 1744
Step=  619, Dmax= 7.7e-03 nm, Epot= -5.33262e+05 Fmax= 7.22747e+03, atom= 1744
Step=  620, Dmax= 9.2e-03 nm, Epot= -5.33285e+05 Fmax= 6.93251e+03, atom= 1744
Step=  621, Dmax= 1.1e-02 nm, Epot= -5.33285e+05 Fmax= 1.02041e+04, atom= 1744
Step=  622, Dmax= 5.5e-03 nm, Epot= -5.33322e+05 Fmax= 1.63479e+03, atom= 1744
Step=  623, Dmax= 6.7e-03 nm, Epot= -5.33358e+05 Fmax= 8.44176e+03, atom= 1744
Step=  624, Dmax= 8.0e-03 nm, Epot= -5.33402e+05 Fmax= 3.89655e+03, atom= 1744
Step=  625, Dmax= 9.6e-03 nm, Epot= -5.33394e+05 Fmax= 1.07404e+04, atom= 1744
Step=  626, Dmax= 4.8e-03 nm, Epot= -5.33425e+05 Fmax= 3.42505e+03, atom= 1744
Step=  627, Dmax= 5.8e-03 nm, Epot= -5.33444e+05 Fmax= 5.49782e+03, atom= 1744
Step=  628, Dmax= 6.9e-03 nm, Epot= -5.33468e+05 Fmax= 5.06484e+03, atom= 1744
Step=  629, Dmax= 8.3e-03 nm, Epot= -5.33479e+05 Fmax= 7.75029e+03, atom= 1744
Step=  630, Dmax= 9.9e-03 nm, Epot= -5.33502e+05 Fmax= 7.47584e+03, atom= 1744
Step=  631, Dmax= 1.2e-02 nm, Epot= -5.33498e+05 Fmax= 1.09386e+04, atom= 1744
Step=  632, Dmax= 6.0e-03 nm, Epot= -5.33543e+05 Fmax= 1.73024e+03, atom= 1744
Step=  633, Dmax= 7.2e-03 nm, Epot= -5.33571e+05 Fmax= 9.11648e+03, atom= 1744
Step=  634, Dmax= 8.6e-03 nm, Epot= -5.33621e+05 Fmax= 4.14285e+03, atom= 1744
Step=  635, Dmax= 1.0e-02 nm, Epot= -5.33603e+05 Fmax= 1.15991e+04, atom= 1744
Step=  636, Dmax= 5.2e-03 nm, Epot= -5.33643e+05 Fmax= 3.73192e+03, atom= 1744
Step=  637, Dmax= 6.2e-03 nm, Epot= -5.33661e+05 Fmax= 5.85158e+03, atom= 1744
Step=  638, Dmax= 7.4e-03 nm, Epot= -5.33684e+05 Fmax= 5.50715e+03, atom= 1744
Step=  639, Dmax= 8.9e-03 nm, Epot= -5.33692e+05 Fmax= 8.26026e+03, atom= 1744
Step=  640, Dmax= 1.1e-02 nm, Epot= -5.33714e+05 Fmax= 8.11001e+03, atom= 1744
Step=  641, Dmax= 1.3e-02 nm, Epot= -5.33706e+05 Fmax= 1.16744e+04, atom= 1744
Step=  642, Dmax= 6.4e-03 nm, Epot= -5.33759e+05 Fmax= 1.78138e+03, atom= 1744
Step=  643, Dmax= 7.7e-03 nm, Epot= -5.33783e+05 Fmax= 9.89041e+03, atom= 1744
Step=  644, Dmax= 9.2e-03 nm, Epot= -5.33838e+05 Fmax= 4.35914e+03, atom= 1744
Step=  645, Dmax= 1.1e-02 nm, Epot= -5.33810e+05 Fmax= 1.25701e+04, atom= 1744
Step=  646, Dmax= 5.5e-03 nm, Epot= -5.33860e+05 Fmax= 4.10997e+03, atom= 1744
Step=  647, Dmax= 6.6e-03 nm, Epot= -5.33876e+05 Fmax= 6.18274e+03, atom= 1744
Step=  648, Dmax= 8.0e-03 nm, Epot= -5.33898e+05 Fmax= 6.03092e+03, atom= 1744
Step=  649, Dmax= 9.6e-03 nm, Epot= -5.33904e+05 Fmax= 8.75880e+03, atom= 1744
Step=  650, Dmax= 1.1e-02 nm, Epot= -5.33923e+05 Fmax= 8.84067e+03, atom= 1744
Step=  651, Dmax= 1.4e-02 nm, Epot= -5.33911e+05 Fmax= 1.24156e+04, atom= 1744
Step=  652, Dmax= 6.9e-03 nm, Epot= -5.33974e+05 Fmax= 1.78703e+03, atom= 1744
Step=  653, Dmax= 8.3e-03 nm, Epot= -5.33992e+05 Fmax= 1.07700e+04, atom= 1744
Step=  654, Dmax= 9.9e-03 nm, Epot= -5.34055e+05 Fmax= 4.54437e+03, atom= 1744
Step=  655, Dmax= 1.2e-02 nm, Epot= -5.34014e+05 Fmax= 1.36596e+04, atom= 1744
Step=  656, Dmax= 6.0e-03 nm, Epot= -5.34076e+05 Fmax= 4.56350e+03, atom= 1744
Step=  657, Dmax= 7.1e-03 nm, Epot= -5.34091e+05 Fmax= 6.49116e+03, atom= 1744
Step=  658, Dmax= 8.6e-03 nm, Epot= -5.34110e+05 Fmax= 6.64175e+03, atom= 1744
Step=  659, Dmax= 1.0e-02 nm, Epot= -5.34115e+05 Fmax= 9.24676e+03, atom= 1744
Step=  660, Dmax= 1.2e-02 nm, Epot= -5.34132e+05 Fmax= 9.67350e+03, atom= 1744
Step=  661, Dmax= 1.5e-02 nm, Epot= -5.34117e+05 Fmax= 1.31632e+04, atom= 1744
Step=  662, Dmax= 7.4e-03 nm, Epot= -5.34190e+05 Fmax= 1.74534e+03, atom= 1744
Step=  663, Dmax= 8.9e-03 nm, Epot= -5.34203e+05 Fmax= 1.17608e+04, atom= 1744
Step=  664, Dmax= 1.1e-02 nm, Epot= -5.34276e+05 Fmax= 4.69912e+03, atom= 1744
Step=  665, Dmax= 1.3e-02 nm, Epot= -5.34219e+05 Fmax= 1.48751e+04, atom= 1744
Step=  666, Dmax= 6.4e-03 nm, Epot= -5.34296e+05 Fmax= 5.09468e+03, atom= 1744
Step=  667, Dmax= 7.7e-03 nm, Epot= -5.34309e+05 Fmax= 6.77893e+03, atom= 1744
Step=  668, Dmax= 9.2e-03 nm, Epot= -5.34326e+05 Fmax= 7.34159e+03, atom= 1744
Step=  669, Dmax= 1.1e-02 nm, Epot= -5.34330e+05 Fmax= 9.72754e+03, atom= 1744
Step=  670, Dmax= 1.3e-02 nm, Epot= -5.34342e+05 Fmax= 1.06120e+04, atom= 1744
Step=  671, Dmax= 1.6e-02 nm, Epot= -5.34325e+05 Fmax= 1.39227e+04, atom= 1744
Step=  672, Dmax= 8.0e-03 nm, Epot= -5.34409e+05 Fmax= 1.65709e+03, atom= 1744
Step=  673, Dmax= 9.6e-03 nm, Epot= -5.34417e+05 Fmax= 1.28683e+04, atom= 1744
Step=  674, Dmax= 1.1e-02 nm, Epot= -5.34503e+05 Fmax= 4.82568e+03, atom= 1744
Step=  675, Dmax= 1.4e-02 nm, Epot= -5.34426e+05 Fmax= 1.62194e+04, atom= 1744
Step=  676, Dmax= 6.9e-03 nm, Epot= -5.34520e+05 Fmax= 5.70609e+03, atom= 1744
Step=  677, Dmax= 8.3e-03 nm, Epot= -5.34534e+05 Fmax= 7.04885e+03, atom= 1744
Step=  678, Dmax= 9.9e-03 nm, Epot= -5.34547e+05 Fmax= 8.13311e+03, atom= 1744
Step=  679, Dmax= 1.2e-02 nm, Epot= -5.34551e+05 Fmax= 1.02048e+04, atom= 1744
Step=  680, Dmax= 1.4e-02 nm, Epot= -5.34556e+05 Fmax= 1.16591e+04, atom= 1744
Step=  681, Dmax= 1.7e-02 nm, Epot= -5.34538e+05 Fmax= 1.46994e+04, atom= 1744
Step=  682, Dmax= 8.6e-03 nm, Epot= -5.34634e+05 Fmax= 1.52390e+03, atom= 1744
Step=  683, Dmax= 1.0e-02 nm, Epot= -5.34639e+05 Fmax= 1.40951e+04, atom= 1744
Step=  684, Dmax= 1.2e-02 nm, Epot= -5.34740e+05 Fmax= 4.92960e+03, atom= 1744
Step=  685, Dmax= 1.5e-02 nm, Epot= -5.34640e+05 Fmax= 1.76946e+04, atom= 1744
Step=  686, Dmax= 7.4e-03 nm, Epot= -5.34754e+05 Fmax= 6.39475e+03, atom= 1744
Step=  687, Dmax= 8.9e-03 nm, Epot= -5.34769e+05 Fmax= 7.30818e+03, atom= 1744
Step=  688, Dmax= 1.1e-02 nm, Epot= -5.34777e+05 Fmax= 9.01482e+03, atom= 1744
Step=  689, Dmax= 1.3e-02 nm, Epot= -5.34782e+05 Fmax= 1.06872e+04, atom= 1744
Step=  690, Dmax= 1.5e-02 nm, Epot= -5.34778e+05 Fmax= 1.28149e+04, atom= 1744
Step=  691, Dmax= 7.7e-03 nm, Epot= -5.34849e+05 Fmax= 1.07886e+03, atom= 1744
Step=  692, Dmax= 9.2e-03 nm, Epot= -5.34890e+05 Fmax= 1.33512e+04, atom= 1744
Step=  693, Dmax= 1.1e-02 nm, Epot= -5.34984e+05 Fmax= 3.62247e+03, atom= 1744
Step=  694, Dmax= 1.3e-02 nm, Epot= -5.34902e+05 Fmax= 1.68849e+04, atom= 1744
Step=  695, Dmax= 6.6e-03 nm, Epot= -5.34996e+05 Fmax= 6.63576e+03, atom= 1744
Step=  696, Dmax= 7.9e-03 nm, Epot= -5.35020e+05 Fmax= 5.55690e+03, atom= 1744
Step=  697, Dmax= 9.5e-03 nm, Epot= -5.35018e+05 Fmax= 9.17590e+03, atom= 1744
Step=  698, Dmax= 4.8e-03 nm, Epot= -5.35046e+05 Fmax= 1.80809e+03, atom= 1744
Step=  699, Dmax= 5.7e-03 nm, Epot= -5.35070e+05 Fmax= 6.90887e+03, atom= 1744
Step=  700, Dmax= 6.9e-03 nm, Epot= -5.35103e+05 Fmax= 3.69247e+03, atom= 1744
Step=  701, Dmax= 8.2e-03 nm, Epot= -5.35102e+05 Fmax= 8.92111e+03, atom= 1744
Step=  702, Dmax= 4.1e-03 nm, Epot= -5.35122e+05 Fmax= 2.61638e+03, atom= 1744
Step=  703, Dmax= 4.9e-03 nm, Epot= -5.35141e+05 Fmax= 5.04868e+03, atom= 1744
Step=  704, Dmax= 5.9e-03 nm, Epot= -5.35163e+05 Fmax= 4.04724e+03, atom= 1744
Step=  705, Dmax= 7.1e-03 nm, Epot= -5.35173e+05 Fmax= 6.96310e+03, atom= 1744
Step=  706, Dmax= 8.5e-03 nm, Epot= -5.35196e+05 Fmax= 6.14403e+03, atom= 1744
Step=  707, Dmax= 1.0e-02 nm, Epot= -5.35192e+05 Fmax= 9.68168e+03, atom= 1744
Step=  708, Dmax= 5.1e-03 nm, Epot= -5.35225e+05 Fmax= 1.76742e+03, atom= 1744
Step=  709, Dmax= 6.2e-03 nm, Epot= -5.35249e+05 Fmax= 7.60707e+03, atom= 1744
Step=  710, Dmax= 7.4e-03 nm, Epot= -5.35285e+05 Fmax= 3.78520e+03, atom= 1744
Step=  711, Dmax= 8.9e-03 nm, Epot= -5.35278e+05 Fmax= 9.77798e+03, atom= 1744
Step=  712, Dmax= 4.4e-03 nm, Epot= -5.35304e+05 Fmax= 2.99886e+03, atom= 1744
Step=  713, Dmax= 5.3e-03 nm, Epot= -5.35321e+05 Fmax= 5.23066e+03, atom= 1744
Step=  714, Dmax= 6.4e-03 nm, Epot= -5.35342e+05 Fmax= 4.54965e+03, atom= 1744
Step=  715, Dmax= 7.7e-03 nm, Epot= -5.35350e+05 Fmax= 7.27675e+03, atom= 1744
Step=  716, Dmax= 9.2e-03 nm, Epot= -5.35371e+05 Fmax= 6.81501e+03, atom= 1744
Step=  717, Dmax= 1.1e-02 nm, Epot= -5.35366e+05 Fmax= 1.01874e+04, atom= 1744
Step=  718, Dmax= 5.5e-03 nm, Epot= -5.35405e+05 Fmax= 1.68503e+03, atom= 1744
Step=  719, Dmax= 6.6e-03 nm, Epot= -5.35427e+05 Fmax= 8.39592e+03, atom= 1744
Step=  720, Dmax= 7.9e-03 nm, Epot= -5.35469e+05 Fmax= 3.84650e+03, atom= 1744
Step=  721, Dmax= 9.5e-03 nm, Epot= -5.35454e+05 Fmax= 1.07377e+04, atom= 1744
Step=  722, Dmax= 4.8e-03 nm, Epot= -5.35488e+05 Fmax= 3.44896e+03, atom= 1744
Step=  723, Dmax= 5.7e-03 nm, Epot= -5.35503e+05 Fmax= 5.38752e+03, atom= 1744
Step=  724, Dmax= 6.9e-03 nm, Epot= -5.35523e+05 Fmax= 5.12843e+03, atom= 1744
Step=  725, Dmax= 8.2e-03 nm, Epot= -5.35530e+05 Fmax= 7.57507e+03, atom= 1744
Step=  726, Dmax= 9.9e-03 nm, Epot= -5.35549e+05 Fmax= 7.57492e+03, atom= 1744
Step=  727, Dmax= 1.2e-02 nm, Epot= -5.35543e+05 Fmax= 1.06917e+04, atom= 1744
Step=  728, Dmax= 5.9e-03 nm, Epot= -5.35588e+05 Fmax= 1.55734e+03, atom= 1744
Step=  729, Dmax= 7.1e-03 nm, Epot= -5.35610e+05 Fmax= 9.28306e+03, atom= 1744
Step=  730, Dmax= 8.5e-03 nm, Epot= -5.35659e+05 Fmax= 3.87446e+03, atom= 1744
Step=  731, Dmax= 1.0e-02 nm, Epot= -5.35634e+05 Fmax= 1.18075e+04, atom= 1744
Step=  732, Dmax= 5.1e-03 nm, Epot= -5.35677e+05 Fmax= 3.97037e+03, atom= 1744
Step=  733, Dmax= 6.1e-03 nm, Epot= -5.35691e+05 Fmax= 5.51888e+03, atom= 1744
Step=  734, Dmax= 7.4e-03 nm, Epot= -5.35709e+05 Fmax= 5.78835e+03, atom= 1744
Step=  735, Dmax= 8.8e-03 nm, Epot= -5.35716e+05 Fmax= 7.85823e+03, atom= 1744
Step=  736, Dmax= 1.1e-02 nm, Epot= -5.35730e+05 Fmax= 8.42892e+03, atom= 1744
Step=  737, Dmax= 1.3e-02 nm, Epot= -5.35724e+05 Fmax= 1.11963e+04, atom= 1744
Step=  738, Dmax= 6.4e-03 nm, Epot= -5.35776e+05 Fmax= 1.38338e+03, atom= 1744
Step=  739, Dmax= 7.6e-03 nm, Epot= -5.35801e+05 Fmax= 1.02724e+04, atom= 1744
Step=  740, Dmax= 9.2e-03 nm, Epot= -5.35859e+05 Fmax= 3.87023e+03, atom= 1744
Step=  741, Dmax= 1.1e-02 nm, Epot= -5.35821e+05 Fmax= 1.29905e+04, atom= 1744
Step=  742, Dmax= 5.5e-03 nm, Epot= -5.35875e+05 Fmax= 4.56549e+03, atom= 1744
Step=  743, Dmax= 6.6e-03 nm, Epot= -5.35890e+05 Fmax= 5.62713e+03, atom= 1744
Step=  744, Dmax= 7.9e-03 nm, Epot= -5.35904e+05 Fmax= 6.53024e+03, atom= 1744
Step=  745, Dmax= 9.5e-03 nm, Epot= -5.35913e+05 Fmax= 8.13049e+03, atom= 1744
Step=  746, Dmax= 1.1e-02 nm, Epot= -5.35921e+05 Fmax= 9.37908e+03, atom= 1744
Step=  747, Dmax= 1.4e-02 nm, Epot= -5.35917e+05 Fmax= 1.17067e+04, atom= 1744
Step=  748, Dmax= 6.8e-03 nm, Epot= -5.35975e+05 Fmax= 1.16466e+03, atom= 1744
Step=  749, Dmax= 8.2e-03 nm, Epot= -5.36008e+05 Fmax= 1.13661e+04, atom= 1744
Step=  750, Dmax= 9.9e-03 nm, Epot= -5.36077e+05 Fmax= 3.83999e+03, atom= 1744
Step=  751, Dmax= 1.2e-02 nm, Epot= -5.36025e+05 Fmax= 1.42857e+04, atom= 1744
Step=  752, Dmax= 5.9e-03 nm, Epot= -5.36092e+05 Fmax= 5.23048e+03, atom= 1744
Step=  753, Dmax= 7.1e-03 nm, Epot= -5.36108e+05 Fmax= 5.72004e+03, atom= 1744
Step=  754, Dmax= 8.5e-03 nm, Epot= -5.36118e+05 Fmax= 7.35150e+03, atom= 1744
Step=  755, Dmax= 1.0e-02 nm, Epot= -5.36128e+05 Fmax= 8.40088e+03, atom= 1744
Step=  756, Dmax= 1.2e-02 nm, Epot= -5.36129e+05 Fmax= 1.04222e+04, atom= 1744
Step=  757, Dmax= 1.5e-02 nm, Epot= -5.36128e+05 Fmax= 1.22333e+04, atom= 1744
Step=  758, Dmax= 7.4e-03 nm, Epot= -5.36193e+05 Fmax= 9.08226e+02, atom= 1744

writing lowest energy coordinates.

Steepest Descents converged to Fmax < 1000 in 759 steps
Potential Energy  = -5.3619269e+05
Maximum force     =  9.0822601e+02 on atom 1744
Norm of force     =  1.9270650e+01

GROMACS reminds you: "Garbage Collecting..." (GNU Emacs)

